Galois Benchmark Suite v2.2.1 (r0)
Copyright (C) 2014 The University of Texas at Austin
http://iss.ices.utexas.edu/galois/

application: Unordered Agglomerative Clustering
Clusters data points using the well-known data-mining algorithm
http://iss.ices.utexas.edu/?p=projects/galois/benchmarks/agglomerative_clustering

INFO: CommandLine ./clustering -t 1 -numPoints 50000
INFO: Hostname haci3
Starting Clustering app...[50000]
	Conflict aborts: 3570
	Capacity aborts: 3562533
	Retry aborts: 0
	Explicit aborts: 0
	Debug aborts: 0
	Nested aborts: 0
	Total aborts: 3811775
Ending Clustering app...[50000]
STATTYPE,LOOP,CATEGORY,n,sum,T0
STAT,(NULL),Conflicts,1,0,0
STAT,(NULL),Iterations,1,460536670,460536670
STAT,(NULL),LoopTime,1,564262,564262
STAT,(NULL),Threads,1,1,1
STAT,(NULL),Time,1,894140,894140
Galois Benchmark Suite v2.2.1 (r0)
Copyright (C) 2014 The University of Texas at Austin
http://iss.ices.utexas.edu/galois/

application: Unordered Agglomerative Clustering
Clusters data points using the well-known data-mining algorithm
http://iss.ices.utexas.edu/?p=projects/galois/benchmarks/agglomerative_clustering

INFO: CommandLine ./clustering -t 2 -numPoints 50000
INFO: Hostname haci3
Starting Clustering app...[50000]
	Conflict aborts: 92825
	Capacity aborts: 2534372
	Retry aborts: 0
	Explicit aborts: 0
	Debug aborts: 0
	Nested aborts: 0
	Total aborts: 2849437
Ending Clustering app...[50000]
STATTYPE,LOOP,CATEGORY,n,sum,T0,T1
STAT,(NULL),Conflicts,2,0,0,0
STAT,(NULL),Iterations,2,459970023,233776220,226193803
STAT,(NULL),LoopTime,2,281956,281956,0
STAT,(NULL),Threads,2,2,2,0
STAT,(NULL),Time,2,612766,612766,0
Galois Benchmark Suite v2.2.1 (r0)
Copyright (C) 2014 The University of Texas at Austin
http://iss.ices.utexas.edu/galois/

application: Unordered Agglomerative Clustering
Clusters data points using the well-known data-mining algorithm
http://iss.ices.utexas.edu/?p=projects/galois/benchmarks/agglomerative_clustering

INFO: CommandLine ./clustering -t 4 -numPoints 50000
INFO: Hostname haci3
Starting Clustering app...[50000]
	Conflict aborts: 304897
	Capacity aborts: 3539747
	Retry aborts: 0
	Explicit aborts: 10
	Debug aborts: 0
	Nested aborts: 0
	Total aborts: 4085128
Ending Clustering app...[50000]
STATTYPE,LOOP,CATEGORY,n,sum,T0,T1,T2,T3
STAT,(NULL),Conflicts,4,0,0,0,0,0
STAT,(NULL),Iterations,4,459959197,118031373,113874669,113928843,114124312
STAT,(NULL),LoopTime,4,141272,141272,0,0,0
STAT,(NULL),Threads,4,4,4,0,0,0
STAT,(NULL),Time,4,477895,477895,0,0,0
Galois Benchmark Suite v2.2.1 (r0)
Copyright (C) 2014 The University of Texas at Austin
http://iss.ices.utexas.edu/galois/

application: Unordered Agglomerative Clustering
Clusters data points using the well-known data-mining algorithm
http://iss.ices.utexas.edu/?p=projects/galois/benchmarks/agglomerative_clustering

INFO: CommandLine ./clustering -t 8 -numPoints 50000
INFO: Hostname haci3
Starting Clustering app...[50000]
	Conflict aborts: 721490
	Capacity aborts: 3832295
	Retry aborts: 0
	Explicit aborts: 40
	Debug aborts: 0
	Nested aborts: 0
	Total aborts: 4801470
Ending Clustering app...[50000]
STATTYPE,LOOP,CATEGORY,n,sum,T0,T1,T2,T3,T4,T5,T6,T7
STAT,(NULL),Conflicts,8,0,0,0,0,0,0,0,0,0
STAT,(NULL),Iterations,8,460263419,59257571,56948899,56973250,57098721,57446080,57369374,57528308,57641216
STAT,(NULL),LoopTime,8,70769,70769,0,0,0,0,0,0,0
STAT,(NULL),Threads,8,8,8,0,0,0,0,0,0,0
STAT,(NULL),Time,8,409713,409713,0,0,0,0,0,0,0
Galois Benchmark Suite v2.2.1 (r0)
Copyright (C) 2014 The University of Texas at Austin
http://iss.ices.utexas.edu/galois/

application: Unordered Agglomerative Clustering
Clusters data points using the well-known data-mining algorithm
http://iss.ices.utexas.edu/?p=projects/galois/benchmarks/agglomerative_clustering

INFO: CommandLine ./clustering -t 16 -numPoints 50000
INFO: Hostname haci3
Starting Clustering app...[50000]
	Conflict aborts: 3368862
	Capacity aborts: 5265360
	Retry aborts: 0
	Explicit aborts: 146
	Debug aborts: 0
	Nested aborts: 0
	Total aborts: 8892063
Ending Clustering app...[50000]
STATTYPE,LOOP,CATEGORY,n,sum,T0,T1,T2,T3,T4,T5,T6,T7,T8,T9,T10,T11,T12,T13,T14,T15
STAT,(NULL),Conflicts,16,0,0,0,0,0,0,0,0,0,0,0,0,0,0,0,0,0
STAT,(NULL),Iterations,16,459048384,28681256,28762152,28783047,28932934,29013125,28953220,29097891,29138979,29104929,29058367,28736510,28757049,28750128,28756365,27282827,27239605
STAT,(NULL),LoopTime,16,37066,37066,0,0,0,0,0,0,0,0,0,0,0,0,0,0,0
STAT,(NULL),Threads,16,16,16,0,0,0,0,0,0,0,0,0,0,0,0,0,0,0
STAT,(NULL),Time,16,373534,373534,0,0,0,0,0,0,0,0,0,0,0,0,0,0,0
Galois Benchmark Suite v2.2.1 (r0)
Copyright (C) 2014 The University of Texas at Austin
http://iss.ices.utexas.edu/galois/

application: Unordered Agglomerative Clustering
Clusters data points using the well-known data-mining algorithm
http://iss.ices.utexas.edu/?p=projects/galois/benchmarks/agglomerative_clustering

INFO: CommandLine ./clustering -t 24 -numPoints 50000
INFO: Hostname haci3
Starting Clustering app...[50000]
	Conflict aborts: 3571627
	Capacity aborts: 4572836
	Retry aborts: 0
	Explicit aborts: 67
	Debug aborts: 0
	Nested aborts: 0
	Total aborts: 8383697
Ending Clustering app...[50000]
STATTYPE,LOOP,CATEGORY,n,sum,T0,T1,T2,T3,T4,T5,T6,T7,T8,T9,T10,T11,T12,T13,T14,T15,T16,T17,T18,T19,T20,T21,T22,T23
STAT,(NULL),Conflicts,24,0,0,0,0,0,0,0,0,0,0,0,0,0,0,0,0,0,0,0,0,0,0,0,0,0
STAT,(NULL),Iterations,24,461612976,18857316,19702404,19711427,19788194,19859233,19819712,19877855,19907422,19907998,19894109,19650493,19655132,19637787,19631542,18476851,18440593,18434667,18682787,18628087,18594753,18623324,18574212,18612718,18644360
STAT,(NULL),LoopTime,24,24743,24743,0,0,0,0,0,0,0,0,0,0,0,0,0,0,0,0,0,0,0,0,0,0,0
STAT,(NULL),Threads,24,24,24,0,0,0,0,0,0,0,0,0,0,0,0,0,0,0,0,0,0,0,0,0,0,0
STAT,(NULL),Time,24,367584,367584,0,0,0,0,0,0,0,0,0,0,0,0,0,0,0,0,0,0,0,0,0,0,0
Galois Benchmark Suite v2.2.1 (r0)
Copyright (C) 2014 The University of Texas at Austin
http://iss.ices.utexas.edu/galois/

application: Unordered Agglomerative Clustering
Clusters data points using the well-known data-mining algorithm
http://iss.ices.utexas.edu/?p=projects/galois/benchmarks/agglomerative_clustering

INFO: CommandLine ./clustering -t 32 -numPoints 50000
INFO: Hostname haci3
Starting Clustering app...[50000]
	Conflict aborts: 12155733
	Capacity aborts: 58715822
	Retry aborts: 0
	Explicit aborts: 2225
	Debug aborts: 0
	Nested aborts: 0
	Total aborts: 71665727
Ending Clustering app...[50000]
STATTYPE,LOOP,CATEGORY,n,sum,T0,T1,T2,T3,T4,T5,T6,T7,T8,T9,T10,T11,T12,T13,T14,T15,T16,T17,T18,T19,T20,T21,T22,T23,T24,T25,T26,T27,T28,T29,T30,T31
STAT,(NULL),Conflicts,32,0,0,0,0,0,0,0,0,0,0,0,0,0,0,0,0,0,0,0,0,0,0,0,0,0,0,0,0,0,0,0,0,0
STAT,(NULL),Iterations,32,461756458,5923363,5734435,5744386,5732097,17933472,17957151,18016094,18035101,17992285,17964636,17822780,17870300,17937660,17939323,16845851,16777530,16801818,16975096,16914871,16890836,16927441,17199853,17138151,17065089,16975797,16659296,16647641,16633159,5669282,5665802,5685968,5679894
STAT,(NULL),LoopTime,32,34542,34542,0,0,0,0,0,0,0,0,0,0,0,0,0,0,0,0,0,0,0,0,0,0,0,0,0,0,0,0,0,0,0
STAT,(NULL),Threads,32,32,32,0,0,0,0,0,0,0,0,0,0,0,0,0,0,0,0,0,0,0,0,0,0,0,0,0,0,0,0,0,0,0
STAT,(NULL),Time,32,376973,376973,0,0,0,0,0,0,0,0,0,0,0,0,0,0,0,0,0,0,0,0,0,0,0,0,0,0,0,0,0,0,0
Galois Benchmark Suite v2.2.1 (r0)
Copyright (C) 2014 The University of Texas at Austin
http://iss.ices.utexas.edu/galois/

application: Unordered Agglomerative Clustering
Clusters data points using the well-known data-mining algorithm
http://iss.ices.utexas.edu/?p=projects/galois/benchmarks/agglomerative_clustering

INFO: CommandLine ./clustering -t 40 -numPoints 50000
INFO: Hostname haci3
Starting Clustering app...[50000]
	Conflict aborts: 7419967
	Capacity aborts: 87105806
	Retry aborts: 0
	Explicit aborts: 965
	Debug aborts: 0
	Nested aborts: 0
	Total aborts: 95536564
Ending Clustering app...[50000]
STATTYPE,LOOP,CATEGORY,n,sum,T0,T1,T2,T3,T4,T5,T6,T7,T8,T9,T10,T11,T12,T13,T14,T15,T16,T17,T18,T19,T20,T21,T22,T23,T24,T25,T26,T27,T28,T29,T30,T31,T32,T33,T34,T35,T36,T37,T38,T39
STAT,(NULL),Conflicts,40,0,0,0,0,0,0,0,0,0,0,0,0,0,0,0,0,0,0,0,0,0,0,0,0,0,0,0,0,0,0,0,0,0,0,0,0,0,0,0,0,0
STAT,(NULL),Iterations,40,458438297,5780478,5637438,5690525,5714556,5838427,5725626,5611449,5665464,5706488,5674967,5533175,5675767,20715766,20817270,19991509,19929204,20017748,20173236,20103251,20073075,20137138,20085553,20113164,20088169,20092902,19801123,19807136,19805753,6060013,5645955,5618324,5669795,5789072,5594067,5697516,5733365,5679431,5629984,5592371,5722047
STAT,(NULL),LoopTime,40,35800,35800,0,0,0,0,0,0,0,0,0,0,0,0,0,0,0,0,0,0,0,0,0,0,0,0,0,0,0,0,0,0,0,0,0,0,0,0,0,0,0
STAT,(NULL),Threads,40,40,40,0,0,0,0,0,0,0,0,0,0,0,0,0,0,0,0,0,0,0,0,0,0,0,0,0,0,0,0,0,0,0,0,0,0,0,0,0,0,0
STAT,(NULL),Time,40,377182,377182,0,0,0,0,0,0,0,0,0,0,0,0,0,0,0,0,0,0,0,0,0,0,0,0,0,0,0,0,0,0,0,0,0,0,0,0,0,0,0
Galois Benchmark Suite v2.2.1 (r0)
Copyright (C) 2014 The University of Texas at Austin
http://iss.ices.utexas.edu/galois/

application: Unordered Agglomerative Clustering
Clusters data points using the well-known data-mining algorithm
http://iss.ices.utexas.edu/?p=projects/galois/benchmarks/agglomerative_clustering

INFO: CommandLine ./clustering -t 48 -numPoints 50000
INFO: Hostname haci3
Starting Clustering app...[50000]
	Conflict aborts: 6566000
	Capacity aborts: 85840372
	Retry aborts: 0
	Explicit aborts: 1226
	Debug aborts: 0
	Nested aborts: 0
	Total aborts: 93103560
Ending Clustering app...[50000]
STATTYPE,LOOP,CATEGORY,n,sum,T0,T1,T2,T3,T4,T5,T6,T7,T8,T9,T10,T11,T12,T13,T14,T15,T16,T17,T18,T19,T20,T21,T22,T23,T24,T25,T26,T27,T28,T29,T30,T31,T32,T33,T34,T35,T36,T37,T38,T39,T40,T41,T42,T43,T44,T45,T46,T47
STAT,(NULL),Conflicts,48,0,0,0,0,0,0,0,0,0,0,0,0,0,0,0,0,0,0,0,0,0,0,0,0,0,0,0,0,0,0,0,0,0,0,0,0,0,0,0,0,0,0,0,0,0,0,0,0,0
STAT,(NULL),Iterations,48,459423334,7687143,7030855,7071174,7071845,7115332,7089219,7035138,7215329,7078624,6916640,6997215,6964127,7055230,7011997,6601309,6677532,6780220,6677340,6737691,6790906,22207610,22996857,22880761,22871992,22883991,22556147,22663440,22768395,6640714,7014664,7041573,7032610,7091007,6975096,7045586,7072716,7018658,6975661,6898394,6964857,6989717,6968931,6696131,6605906,6814801,6654917,6695236,6792100
STAT,(NULL),LoopTime,48,44233,44233,0,0,0,0,0,0,0,0,0,0,0,0,0,0,0,0,0,0,0,0,0,0,0,0,0,0,0,0,0,0,0,0,0,0,0,0,0,0,0,0,0,0,0,0,0,0,0
STAT,(NULL),Threads,48,48,48,0,0,0,0,0,0,0,0,0,0,0,0,0,0,0,0,0,0,0,0,0,0,0,0,0,0,0,0,0,0,0,0,0,0,0,0,0,0,0,0,0,0,0,0,0,0,0
STAT,(NULL),Time,48,385169,385169,0,0,0,0,0,0,0,0,0,0,0,0,0,0,0,0,0,0,0,0,0,0,0,0,0,0,0,0,0,0,0,0,0,0,0,0,0,0,0,0,0,0,0,0,0,0,0
Galois Benchmark Suite v2.2.1 (r0)
Copyright (C) 2014 The University of Texas at Austin
http://iss.ices.utexas.edu/galois/

application: Unordered Agglomerative Clustering
Clusters data points using the well-known data-mining algorithm
http://iss.ices.utexas.edu/?p=projects/galois/benchmarks/agglomerative_clustering

INFO: CommandLine ./clustering -t 56 -numPoints 50000
INFO: Hostname haci3
Starting Clustering app...[50000]
	Conflict aborts: 6638027
	Capacity aborts: 115261398
	Retry aborts: 0
	Explicit aborts: 1789
	Debug aborts: 0
	Nested aborts: 0
	Total aborts: 122754473
Ending Clustering app...[50000]
STATTYPE,LOOP,CATEGORY,n,sum,T0,T1,T2,T3,T4,T5,T6,T7,T8,T9,T10,T11,T12,T13,T14,T15,T16,T17,T18,T19,T20,T21,T22,T23,T24,T25,T26,T27,T28,T29,T30,T31,T32,T33,T34,T35,T36,T37,T38,T39,T40,T41,T42,T43,T44,T45,T46,T47,T48,T49,T50,T51,T52,T53,T54,T55
STAT,(NULL),Conflicts,56,0,0,0,0,0,0,0,0,0,0,0,0,0,0,0,0,0,0,0,0,0,0,0,0,0,0,0,0,0,0,0,0,0,0,0,0,0,0,0,0,0,0,0,0,0,0,0,0,0,0,0,0,0,0,0,0,0
STAT,(NULL),Iterations,56,458797804,8142616,8166904,8161591,8348822,8347925,8364148,8315379,8511666,8500562,8338001,8406449,8362737,8467536,8413808,7945039,8054318,8121294,8053806,8076333,8070893,7974956,8158092,8061803,8170347,8177227,7921450,7991049,8121673,8170920,8281700,8245217,8123743,8428764,8315161,8336278,8349461,8370546,8474093,8291209,8343453,8454161,8396581,8012062,7947178,8027451,7981868,8031411,7913963,8023220,8095680,8058266,8150174,8139061,7959602,8023589,8106568
STAT,(NULL),LoopTime,56,59113,59113,0,0,0,0,0,0,0,0,0,0,0,0,0,0,0,0,0,0,0,0,0,0,0,0,0,0,0,0,0,0,0,0,0,0,0,0,0,0,0,0,0,0,0,0,0,0,0,0,0,0,0,0,0,0,0
STAT,(NULL),Threads,56,56,56,0,0,0,0,0,0,0,0,0,0,0,0,0,0,0,0,0,0,0,0,0,0,0,0,0,0,0,0,0,0,0,0,0,0,0,0,0,0,0,0,0,0,0,0,0,0,0,0,0,0,0,0,0,0,0
STAT,(NULL),Time,56,401741,401741,0,0,0,0,0,0,0,0,0,0,0,0,0,0,0,0,0,0,0,0,0,0,0,0,0,0,0,0,0,0,0,0,0,0,0,0,0,0,0,0,0,0,0,0,0,0,0,0,0,0,0,0,0,0,0

