Galois Benchmark Suite v2.2.1 (r0)
Copyright (C) 2014 The University of Texas at Austin
http://iss.ices.utexas.edu/galois/

application: Unordered Agglomerative Clustering
Clusters data points using the well-known data-mining algorithm
http://iss.ices.utexas.edu/?p=projects/galois/benchmarks/agglomerative_clustering

INFO: CommandLine ./clustering -t 1 -numPoints 50000
INFO: Hostname broady
Starting Clustering app...[50000]
	Conflict aborts: 6446
	Capacity aborts: 8750621
	Retry aborts: 0
	Explicit aborts: 0
	Debug aborts: 0
	Nested aborts: 0
	Total aborts: 9386166
Ending Clustering app...[50000]
STATTYPE,LOOP,CATEGORY,n,sum,T0
STAT,(NULL),Conflicts,1,0,0
STAT,(NULL),Iterations,1,460829177,460829177
STAT,(NULL),LoopTime,1,1083894,1083894
STAT,(NULL),Threads,1,1,1
STAT,(NULL),Time,1,1693477,1693477
Galois Benchmark Suite v2.2.1 (r0)
Copyright (C) 2014 The University of Texas at Austin
http://iss.ices.utexas.edu/galois/

application: Unordered Agglomerative Clustering
Clusters data points using the well-known data-mining algorithm
http://iss.ices.utexas.edu/?p=projects/galois/benchmarks/agglomerative_clustering

INFO: CommandLine ./clustering -t 2 -numPoints 50000
INFO: Hostname broady
Starting Clustering app...[50000]
	Conflict aborts: 102891
	Capacity aborts: 1966895
	Retry aborts: 0
	Explicit aborts: 0
	Debug aborts: 0
	Nested aborts: 0
	Total aborts: 2391022
Ending Clustering app...[50000]
STATTYPE,LOOP,CATEGORY,n,sum,T0,T1
STAT,(NULL),Conflicts,2,0,0,0
STAT,(NULL),Iterations,2,458825264,234288577,224536687
STAT,(NULL),LoopTime,2,531437,531437,0
STAT,(NULL),Threads,2,2,2,0
STAT,(NULL),Time,2,1137527,1137527,0
Galois Benchmark Suite v2.2.1 (r0)
Copyright (C) 2014 The University of Texas at Austin
http://iss.ices.utexas.edu/galois/

application: Unordered Agglomerative Clustering
Clusters data points using the well-known data-mining algorithm
http://iss.ices.utexas.edu/?p=projects/galois/benchmarks/agglomerative_clustering

INFO: CommandLine ./clustering -t 4 -numPoints 50000
INFO: Hostname broady
Starting Clustering app...[50000]
	Conflict aborts: 330159
	Capacity aborts: 2702400
	Retry aborts: 0
	Explicit aborts: 3
	Debug aborts: 0
	Nested aborts: 0
	Total aborts: 3374327
Ending Clustering app...[50000]
STATTYPE,LOOP,CATEGORY,n,sum,T0,T1,T2,T3
STAT,(NULL),Conflicts,4,0,0,0,0,0
STAT,(NULL),Iterations,4,460943925,119047480,113678456,113774230,114443759
STAT,(NULL),LoopTime,4,273236,273236,0,0,0
STAT,(NULL),Threads,4,4,4,0,0,0
STAT,(NULL),Time,4,899832,899832,0,0,0
Galois Benchmark Suite v2.2.1 (r0)
Copyright (C) 2014 The University of Texas at Austin
http://iss.ices.utexas.edu/galois/

application: Unordered Agglomerative Clustering
Clusters data points using the well-known data-mining algorithm
http://iss.ices.utexas.edu/?p=projects/galois/benchmarks/agglomerative_clustering

INFO: CommandLine ./clustering -t 8 -numPoints 50000
INFO: Hostname broady
Starting Clustering app...[50000]
	Conflict aborts: 600378
	Capacity aborts: 2329588
	Retry aborts: 0
	Explicit aborts: 22
	Debug aborts: 0
	Nested aborts: 0
	Total aborts: 3260508
Ending Clustering app...[50000]
STATTYPE,LOOP,CATEGORY,n,sum,T0,T1,T2,T3,T4,T5,T6,T7
STAT,(NULL),Conflicts,8,0,0,0,0,0,0,0,0,0
STAT,(NULL),Iterations,8,460883082,60208837,57067013,57143844,57520003,57350242,57448767,57057999,57086377
STAT,(NULL),LoopTime,8,139236,139236,0,0,0,0,0,0,0
STAT,(NULL),Threads,8,8,8,0,0,0,0,0,0,0
STAT,(NULL),Time,8,770849,770849,0,0,0,0,0,0,0
Galois Benchmark Suite v2.2.1 (r0)
Copyright (C) 2014 The University of Texas at Austin
http://iss.ices.utexas.edu/galois/

application: Unordered Agglomerative Clustering
Clusters data points using the well-known data-mining algorithm
http://iss.ices.utexas.edu/?p=projects/galois/benchmarks/agglomerative_clustering

INFO: CommandLine ./clustering -t 16 -numPoints 50000
INFO: Hostname broady
Starting Clustering app...[50000]
	Conflict aborts: 1112440
	Capacity aborts: 2698990
	Retry aborts: 0
	Explicit aborts: 87
	Debug aborts: 0
	Nested aborts: 0
	Total aborts: 4149484
Ending Clustering app...[50000]
STATTYPE,LOOP,CATEGORY,n,sum,T0,T1,T2,T3,T4,T5,T6,T7,T8,T9,T10,T11,T12,T13,T14,T15
STAT,(NULL),Conflicts,16,0,0,0,0,0,0,0,0,0,0,0,0,0,0,0,0,0
STAT,(NULL),Iterations,16,458986136,30081055,28500735,28552350,28688253,28646972,28681403,28505018,28500505,28675097,28662519,28654646,28690992,28655269,28665664,28449546,28376112
STAT,(NULL),LoopTime,16,75417,75417,0,0,0,0,0,0,0,0,0,0,0,0,0,0,0
STAT,(NULL),Threads,16,16,16,0,0,0,0,0,0,0,0,0,0,0,0,0,0,0
STAT,(NULL),Time,16,707443,707443,0,0,0,0,0,0,0,0,0,0,0,0,0,0,0
Galois Benchmark Suite v2.2.1 (r0)
Copyright (C) 2014 The University of Texas at Austin
http://iss.ices.utexas.edu/galois/

application: Unordered Agglomerative Clustering
Clusters data points using the well-known data-mining algorithm
http://iss.ices.utexas.edu/?p=projects/galois/benchmarks/agglomerative_clustering

INFO: CommandLine ./clustering -t 24 -numPoints 50000
INFO: Hostname broady
Starting Clustering app...[50000]
	Conflict aborts: 3684494
	Capacity aborts: 2641099
	Retry aborts: 0
	Explicit aborts: 195
	Debug aborts: 0
	Nested aborts: 0
	Total aborts: 6648044
Ending Clustering app...[50000]
STATTYPE,LOOP,CATEGORY,n,sum,T0,T1,T2,T3,T4,T5,T6,T7,T8,T9,T10,T11,T12,T13,T14,T15,T16,T17,T18,T19,T20,T21,T22,T23
STAT,(NULL),Conflicts,24,0,0,0,0,0,0,0,0,0,0,0,0,0,0,0,0,0,0,0,0,0,0,0,0,0
STAT,(NULL),Iterations,24,459970308,19479135,19171775,19170398,19257021,19221116,19275227,19166778,19157977,19245721,19217336,19225848,19257336,19238998,19253906,19115760,19087534,19130089,19247651,19242997,19269148,19134292,19134921,18632182,18637162
STAT,(NULL),LoopTime,24,55051,55051,0,0,0,0,0,0,0,0,0,0,0,0,0,0,0,0,0,0,0,0,0,0,0
STAT,(NULL),Threads,24,24,24,0,0,0,0,0,0,0,0,0,0,0,0,0,0,0,0,0,0,0,0,0,0,0
STAT,(NULL),Time,24,688721,688721,0,0,0,0,0,0,0,0,0,0,0,0,0,0,0,0,0,0,0,0,0,0,0
Galois Benchmark Suite v2.2.1 (r0)
Copyright (C) 2014 The University of Texas at Austin
http://iss.ices.utexas.edu/galois/

application: Unordered Agglomerative Clustering
Clusters data points using the well-known data-mining algorithm
http://iss.ices.utexas.edu/?p=projects/galois/benchmarks/agglomerative_clustering

INFO: CommandLine ./clustering -t 32 -numPoints 50000
INFO: Hostname broady
Starting Clustering app...[50000]
	Conflict aborts: 4044800
	Capacity aborts: 2254337
	Retry aborts: 0
	Explicit aborts: 111
	Debug aborts: 0
	Nested aborts: 0
	Total aborts: 6629042
Ending Clustering app...[50000]
STATTYPE,LOOP,CATEGORY,n,sum,T0,T1,T2,T3,T4,T5,T6,T7,T8,T9,T10,T11,T12,T13,T14,T15,T16,T17,T18,T19,T20,T21,T22,T23,T24,T25,T26,T27,T28,T29,T30,T31
STAT,(NULL),Conflicts,32,0,0,0,0,0,0,0,0,0,0,0,0,0,0,0,0,0,0,0,0,0,0,0,0,0,0,0,0,0,0,0,0,0
STAT,(NULL),Iterations,32,461632608,14565035,14535403,14546378,14623753,14602568,14628999,14527942,14529509,14613252,14600388,14613411,14620195,14584354,14584481,14497025,14480384,14463039,14600926,14596667,14623417,14482742,14474802,14067467,14070148,14102906,14173580,14172752,14192860,14078048,14062762,14165283,14152132
STAT,(NULL),LoopTime,32,40827,40827,0,0,0,0,0,0,0,0,0,0,0,0,0,0,0,0,0,0,0,0,0,0,0,0,0,0,0,0,0,0,0
STAT,(NULL),Threads,32,32,32,0,0,0,0,0,0,0,0,0,0,0,0,0,0,0,0,0,0,0,0,0,0,0,0,0,0,0,0,0,0,0
STAT,(NULL),Time,32,682840,682840,0,0,0,0,0,0,0,0,0,0,0,0,0,0,0,0,0,0,0,0,0,0,0,0,0,0,0,0,0,0,0
Galois Benchmark Suite v2.2.1 (r0)
Copyright (C) 2014 The University of Texas at Austin
http://iss.ices.utexas.edu/galois/

application: Unordered Agglomerative Clustering
Clusters data points using the well-known data-mining algorithm
http://iss.ices.utexas.edu/?p=projects/galois/benchmarks/agglomerative_clustering

INFO: CommandLine ./clustering -t 40 -numPoints 50000
INFO: Hostname broady
Starting Clustering app...[50000]
	Conflict aborts: 5175924
	Capacity aborts: 3267616
	Retry aborts: 0
	Explicit aborts: 132
	Debug aborts: 0
	Nested aborts: 0
	Total aborts: 8784288
Ending Clustering app...[50000]
STATTYPE,LOOP,CATEGORY,n,sum,T0,T1,T2,T3,T4,T5,T6,T7,T8,T9,T10,T11,T12,T13,T14,T15,T16,T17,T18,T19,T20,T21,T22,T23,T24,T25,T26,T27,T28,T29,T30,T31,T32,T33,T34,T35,T36,T37,T38,T39
STAT,(NULL),Conflicts,40,0,0,0,0,0,0,0,0,0,0,0,0,0,0,0,0,0,0,0,0,0,0,0,0,0,0,0,0,0,0,0,0,0,0,0,0,0,0,0,0,0
STAT,(NULL),Iterations,40,459799299,11482247,11657479,11647814,11703781,11692644,11717059,11647842,11667329,11712001,11694400,11693536,11714720,11698399,11705023,11598462,11580413,11598013,11700989,11700924,11714011,11575418,11581688,11262134,11289140,11288242,11332942,11313131,11335201,11266039,11292719,11346437,11307834,11317568,11331516,11319664,11356696,11218150,11198964,11220589,11318141
STAT,(NULL),LoopTime,40,37074,37074,0,0,0,0,0,0,0,0,0,0,0,0,0,0,0,0,0,0,0,0,0,0,0,0,0,0,0,0,0,0,0,0,0,0,0,0,0,0,0
STAT,(NULL),Threads,40,40,40,0,0,0,0,0,0,0,0,0,0,0,0,0,0,0,0,0,0,0,0,0,0,0,0,0,0,0,0,0,0,0,0,0,0,0,0,0,0,0
STAT,(NULL),Time,40,675758,675758,0,0,0,0,0,0,0,0,0,0,0,0,0,0,0,0,0,0,0,0,0,0,0,0,0,0,0,0,0,0,0,0,0,0,0,0,0,0,0
Galois Benchmark Suite v2.2.1 (r0)
Copyright (C) 2014 The University of Texas at Austin
http://iss.ices.utexas.edu/galois/

application: Unordered Agglomerative Clustering
Clusters data points using the well-known data-mining algorithm
http://iss.ices.utexas.edu/?p=projects/galois/benchmarks/agglomerative_clustering

INFO: CommandLine ./clustering -t 44 -numPoints 50000
INFO: Hostname broady
Starting Clustering app...[50000]
