Galois Benchmark Suite v2.2.1 (r0)
Copyright (C) 2014 The University of Texas at Austin
http://iss.ices.utexas.edu/galois/

application: Unordered Agglomerative Clustering
Clusters data points using the well-known data-mining algorithm
http://iss.ices.utexas.edu/?p=projects/galois/benchmarks/agglomerative_clustering

INFO: CommandLine ./clustering -t 1 -numPoints 3000
INFO: Hostname haci3
Starting Clustering app...[3000]
	Conflict aborts: 746
	Capacity aborts: 1339
	Retry aborts: 0
	Explicit aborts: 0
	Debug aborts: 0
	Nested aborts: 0
	Total aborts: 2706
Ending Clustering app...[3000]
STATTYPE,LOOP,CATEGORY,n,sum,T0
STAT,(NULL),Conflicts,1,0,0
STAT,(NULL),Iterations,1,1575399,1575399
STAT,(NULL),LoopTime,1,990,990
STAT,(NULL),Threads,1,1,1
STAT,(NULL),Time,1,2170,2170
Galois Benchmark Suite v2.2.1 (r0)
Copyright (C) 2014 The University of Texas at Austin
http://iss.ices.utexas.edu/galois/

application: Unordered Agglomerative Clustering
Clusters data points using the well-known data-mining algorithm
http://iss.ices.utexas.edu/?p=projects/galois/benchmarks/agglomerative_clustering

INFO: CommandLine ./clustering -t 2 -numPoints 3000
INFO: Hostname haci3
Starting Clustering app...[3000]
	Conflict aborts: 594
	Capacity aborts: 798
	Retry aborts: 0
	Explicit aborts: 0
	Debug aborts: 0
	Nested aborts: 0
	Total aborts: 2884
Ending Clustering app...[3000]
STATTYPE,LOOP,CATEGORY,n,sum,T0,T1
STAT,(NULL),Conflicts,2,0,0,0
STAT,(NULL),Iterations,2,1550897,777121,773776
STAT,(NULL),LoopTime,2,350,350,0
STAT,(NULL),Threads,2,2,2,0
STAT,(NULL),Time,2,1503,1503,0
Galois Benchmark Suite v2.2.1 (r0)
Copyright (C) 2014 The University of Texas at Austin
http://iss.ices.utexas.edu/galois/

application: Unordered Agglomerative Clustering
Clusters data points using the well-known data-mining algorithm
http://iss.ices.utexas.edu/?p=projects/galois/benchmarks/agglomerative_clustering

INFO: CommandLine ./clustering -t 4 -numPoints 3000
INFO: Hostname haci3
Starting Clustering app...[3000]
	Conflict aborts: 1158
	Capacity aborts: 5506
	Retry aborts: 0
	Explicit aborts: 0
	Debug aborts: 0
	Nested aborts: 0
	Total aborts: 8103
Ending Clustering app...[3000]
STATTYPE,LOOP,CATEGORY,n,sum,T0,T1,T2,T3
STAT,(NULL),Conflicts,4,0,0,0,0,0
STAT,(NULL),Iterations,4,1573577,394416,393200,393070,392891
STAT,(NULL),LoopTime,4,8,8,0,0,0
STAT,(NULL),Threads,4,4,4,0,0,0
STAT,(NULL),Time,4,1180,1180,0,0,0
Galois Benchmark Suite v2.2.1 (r0)
Copyright (C) 2014 The University of Texas at Austin
http://iss.ices.utexas.edu/galois/

application: Unordered Agglomerative Clustering
Clusters data points using the well-known data-mining algorithm
http://iss.ices.utexas.edu/?p=projects/galois/benchmarks/agglomerative_clustering

INFO: CommandLine ./clustering -t 8 -numPoints 3000
INFO: Hostname haci3
Starting Clustering app...[3000]
	Conflict aborts: 2394
	Capacity aborts: 3419
	Retry aborts: 0
	Explicit aborts: 0
	Debug aborts: 0
	Nested aborts: 0
	Total aborts: 7263
Ending Clustering app...[3000]
STATTYPE,LOOP,CATEGORY,n,sum,T0,T1,T2,T3,T4,T5,T6,T7
STAT,(NULL),Conflicts,8,0,0,0,0,0,0,0,0,0
STAT,(NULL),Iterations,8,1580772,197255,197383,197606,197445,197988,197600,197942,197553
STAT,(NULL),LoopTime,8,13,13,0,0,0,0,0,0,0
STAT,(NULL),Threads,8,8,8,0,0,0,0,0,0,0
STAT,(NULL),Time,8,1039,1039,0,0,0,0,0,0,0
Galois Benchmark Suite v2.2.1 (r0)
Copyright (C) 2014 The University of Texas at Austin
http://iss.ices.utexas.edu/galois/

application: Unordered Agglomerative Clustering
Clusters data points using the well-known data-mining algorithm
http://iss.ices.utexas.edu/?p=projects/galois/benchmarks/agglomerative_clustering

INFO: CommandLine ./clustering -t 16 -numPoints 3000
INFO: Hostname haci3
Starting Clustering app...[3000]
	Conflict aborts: 69105
	Capacity aborts: 5468
	Retry aborts: 0
	Explicit aborts: 0
	Debug aborts: 0
	Nested aborts: 0
	Total aborts: 77012
Ending Clustering app...[3000]
STATTYPE,LOOP,CATEGORY,n,sum,T0,T1,T2,T3,T4,T5,T6,T7,T8,T9,T10,T11,T12,T13,T14,T15
STAT,(NULL),Conflicts,16,0,0,0,0,0,0,0,0,0,0,0,0,0,0,0,0,0
STAT,(NULL),Iterations,16,1572993,101770,100842,101129,101128,101895,101446,102022,101606,101029,101315,100418,100572,100629,100348,78601,78243
STAT,(NULL),LoopTime,16,28,28,0,0,0,0,0,0,0,0,0,0,0,0,0,0,0
STAT,(NULL),Threads,16,16,16,0,0,0,0,0,0,0,0,0,0,0,0,0,0,0
STAT,(NULL),Time,16,1086,1086,0,0,0,0,0,0,0,0,0,0,0,0,0,0,0
Galois Benchmark Suite v2.2.1 (r0)
Copyright (C) 2014 The University of Texas at Austin
http://iss.ices.utexas.edu/galois/

application: Unordered Agglomerative Clustering
Clusters data points using the well-known data-mining algorithm
http://iss.ices.utexas.edu/?p=projects/galois/benchmarks/agglomerative_clustering

INFO: CommandLine ./clustering -t 24 -numPoints 3000
INFO: Hostname haci3
Starting Clustering app...[3000]
	Conflict aborts: 54393
	Capacity aborts: 3254
	Retry aborts: 0
	Explicit aborts: 0
	Debug aborts: 0
	Nested aborts: 0
	Total aborts: 61204
Ending Clustering app...[3000]
STATTYPE,LOOP,CATEGORY,n,sum,T0,T1,T2,T3,T4,T5,T6,T7,T8,T9,T10,T11,T12,T13,T14,T15,T16,T17,T18,T19,T20,T21,T22,T23
STAT,(NULL),Conflicts,24,0,0,0,0,0,0,0,0,0,0,0,0,0,0,0,0,0,0,0,0,0,0,0,0,0
STAT,(NULL),Iterations,24,1551509,68238,69294,68813,69772,69771,70250,69865,69640,69576,69511,68583,69095,68582,68996,58754,58338,58174,58585,58770,58110,58655,58242,57921,55974
STAT,(NULL),LoopTime,24,39,39,0,0,0,0,0,0,0,0,0,0,0,0,0,0,0,0,0,0,0,0,0,0,0
STAT,(NULL),Threads,24,24,24,0,0,0,0,0,0,0,0,0,0,0,0,0,0,0,0,0,0,0,0,0,0,0
STAT,(NULL),Time,24,1110,1110,0,0,0,0,0,0,0,0,0,0,0,0,0,0,0,0,0,0,0,0,0,0,0
Galois Benchmark Suite v2.2.1 (r0)
Copyright (C) 2014 The University of Texas at Austin
http://iss.ices.utexas.edu/galois/

application: Unordered Agglomerative Clustering
Clusters data points using the well-known data-mining algorithm
http://iss.ices.utexas.edu/?p=projects/galois/benchmarks/agglomerative_clustering

INFO: CommandLine ./clustering -t 32 -numPoints 3000
INFO: Hostname haci3
Starting Clustering app...[3000]
	Conflict aborts: 75603
	Capacity aborts: 125029
	Retry aborts: 0
	Explicit aborts: 4
	Debug aborts: 0
	Nested aborts: 0
	Total aborts: 210087
Ending Clustering app...[3000]
STATTYPE,LOOP,CATEGORY,n,sum,T0,T1,T2,T3,T4,T5,T6,T7,T8,T9,T10,T11,T12,T13,T14,T15,T16,T17,T18,T19,T20,T21,T22,T23,T24,T25,T26,T27,T28,T29,T30,T31
STAT,(NULL),Conflicts,32,0,0,0,0,0,0,0,0,0,0,0,0,0,0,0,0,0,0,0,0,0,0,0,0,0,0,0,0,0,0,0,0,0
STAT,(NULL),Iterations,32,1567014,44700,42908,43387,43482,55065,55320,55351,55574,55542,55957,55189,55221,54900,54804,48147,47635,47954,48175,47885,48074,48553,48103,47775,48632,47888,48196,47506,47693,43267,42446,41560,40125
STAT,(NULL),LoopTime,32,64,64,0,0,0,0,0,0,0,0,0,0,0,0,0,0,0,0,0,0,0,0,0,0,0,0,0,0,0,0,0,0,0
STAT,(NULL),Threads,32,32,32,0,0,0,0,0,0,0,0,0,0,0,0,0,0,0,0,0,0,0,0,0,0,0,0,0,0,0,0,0,0,0
STAT,(NULL),Time,32,1202,1202,0,0,0,0,0,0,0,0,0,0,0,0,0,0,0,0,0,0,0,0,0,0,0,0,0,0,0,0,0,0,0
Galois Benchmark Suite v2.2.1 (r0)
Copyright (C) 2014 The University of Texas at Austin
http://iss.ices.utexas.edu/galois/

application: Unordered Agglomerative Clustering
Clusters data points using the well-known data-mining algorithm
http://iss.ices.utexas.edu/?p=projects/galois/benchmarks/agglomerative_clustering

INFO: CommandLine ./clustering -t 40 -numPoints 3000
INFO: Hostname haci3
Starting Clustering app...[3000]
	Conflict aborts: 65541
	Capacity aborts: 274849
	Retry aborts: 0
	Explicit aborts: 8
	Debug aborts: 0
	Nested aborts: 0
	Total aborts: 348470
Ending Clustering app...[3000]
STATTYPE,LOOP,CATEGORY,n,sum,T0,T1,T2,T3,T4,T5,T6,T7,T8,T9,T10,T11,T12,T13,T14,T15,T16,T17,T18,T19,T20,T21,T22,T23,T24,T25,T26,T27,T28,T29,T30,T31,T32,T33,T34,T35,T36,T37,T38,T39
STAT,(NULL),Conflicts,40,0,0,0,0,0,0,0,0,0,0,0,0,0,0,0,0,0,0,0,0,0,0,0,0,0,0,0,0,0,0,0,0,0,0,0,0,0,0,0,0,0
STAT,(NULL),Iterations,40,1570348,38079,37343,37374,37533,37564,37563,37658,37754,37561,37465,37848,37880,45432,45623,42263,41750,41846,42262,42038,41941,42260,41586,41777,41744,41837,41994,41862,41889,37436,36982,37292,37178,37417,37295,37605,37693,37001,36708,35429,32586
STAT,(NULL),LoopTime,40,89,89,0,0,0,0,0,0,0,0,0,0,0,0,0,0,0,0,0,0,0,0,0,0,0,0,0,0,0,0,0,0,0,0,0,0,0,0,0,0,0
STAT,(NULL),Threads,40,40,40,0,0,0,0,0,0,0,0,0,0,0,0,0,0,0,0,0,0,0,0,0,0,0,0,0,0,0,0,0,0,0,0,0,0,0,0,0,0,0
STAT,(NULL),Time,40,1299,1299,0,0,0,0,0,0,0,0,0,0,0,0,0,0,0,0,0,0,0,0,0,0,0,0,0,0,0,0,0,0,0,0,0,0,0,0,0,0,0
Galois Benchmark Suite v2.2.1 (r0)
Copyright (C) 2014 The University of Texas at Austin
http://iss.ices.utexas.edu/galois/

application: Unordered Agglomerative Clustering
Clusters data points using the well-known data-mining algorithm
http://iss.ices.utexas.edu/?p=projects/galois/benchmarks/agglomerative_clustering

INFO: CommandLine ./clustering -t 48 -numPoints 3000
INFO: Hostname haci3
Starting Clustering app...[3000]
	Conflict aborts: 75262
	Capacity aborts: 290490
	Retry aborts: 0
	Explicit aborts: 11
	Debug aborts: 0
	Nested aborts: 0
	Total aborts: 375284
Ending Clustering app...[3000]
STATTYPE,LOOP,CATEGORY,n,sum,T0,T1,T2,T3,T4,T5,T6,T7,T8,T9,T10,T11,T12,T13,T14,T15,T16,T17,T18,T19,T20,T21,T22,T23,T24,T25,T26,T27,T28,T29,T30,T31,T32,T33,T34,T35,T36,T37,T38,T39,T40,T41,T42,T43,T44,T45,T46,T47
STAT,(NULL),Conflicts,48,0,0,0,0,0,0,0,0,0,0,0,0,0,0,0,0,0,0,0,0,0,0,0,0,0,0,0,0,0,0,0,0,0,0,0,0,0,0,0,0,0,0,0,0,0,0,0,0,0
STAT,(NULL),Iterations,48,1562392,33091,32931,32994,32929,33024,33055,33022,32893,32893,32925,32988,32892,33019,33051,32666,32666,32473,32632,31576,32503,32919,33015,33014,32917,32852,32947,33009,32976,33038,32909,32875,33033,33032,33024,32952,32815,32965,32889,32905,32881,32814,32805,32224,32332,32005,31597,28902,24523
STAT,(NULL),LoopTime,48,130,130,0,0,0,0,0,0,0,0,0,0,0,0,0,0,0,0,0,0,0,0,0,0,0,0,0,0,0,0,0,0,0,0,0,0,0,0,0,0,0,0,0,0,0,0,0,0,0
STAT,(NULL),Threads,48,48,48,0,0,0,0,0,0,0,0,0,0,0,0,0,0,0,0,0,0,0,0,0,0,0,0,0,0,0,0,0,0,0,0,0,0,0,0,0,0,0,0,0,0,0,0,0,0,0
STAT,(NULL),Time,48,1376,1376,0,0,0,0,0,0,0,0,0,0,0,0,0,0,0,0,0,0,0,0,0,0,0,0,0,0,0,0,0,0,0,0,0,0,0,0,0,0,0,0,0,0,0,0,0,0,0
Galois Benchmark Suite v2.2.1 (r0)
Copyright (C) 2014 The University of Texas at Austin
http://iss.ices.utexas.edu/galois/

application: Unordered Agglomerative Clustering
Clusters data points using the well-known data-mining algorithm
http://iss.ices.utexas.edu/?p=projects/galois/benchmarks/agglomerative_clustering

INFO: CommandLine ./clustering -t 56 -numPoints 3000
INFO: Hostname haci3
Starting Clustering app...[3000]
	Conflict aborts: 90427
	Capacity aborts: 359053
	Retry aborts: 0
	Explicit aborts: 18
	Debug aborts: 0
	Nested aborts: 0
	Total aborts: 460590
Ending Clustering app...[3000]
STATTYPE,LOOP,CATEGORY,n,sum,T0,T1,T2,T3,T4,T5,T6,T7,T8,T9,T10,T11,T12,T13,T14,T15,T16,T17,T18,T19,T20,T21,T22,T23,T24,T25,T26,T27,T28,T29,T30,T31,T32,T33,T34,T35,T36,T37,T38,T39,T40,T41,T42,T43,T44,T45,T46,T47,T48,T49,T50,T51,T52,T53,T54,T55
STAT,(NULL),Conflicts,56,0,0,0,0,0,0,0,0,0,0,0,0,0,0,0,0,0,0,0,0,0,0,0,0,0,0,0,0,0,0,0,0,0,0,0,0,0,0,0,0,0,0,0,0,0,0,0,0,0,0,0,0,0,0,0,0,0
STAT,(NULL),Iterations,56,1593608,29007,29007,28974,28909,28940,28875,28939,28810,28970,28970,28905,29001,28937,28937,28840,28616,28551,28743,28615,28582,28710,28581,28805,27972,28772,28643,28611,28578,28961,28926,28859,28857,28887,28790,28915,28978,28944,28943,28808,28963,28861,28849,28355,28468,28615,28632,28419,28549,28533,28455,28357,27297,27801,26929,24940,19917
STAT,(NULL),LoopTime,56,181,181,0,0,0,0,0,0,0,0,0,0,0,0,0,0,0,0,0,0,0,0,0,0,0,0,0,0,0,0,0,0,0,0,0,0,0,0,0,0,0,0,0,0,0,0,0,0,0,0,0,0,0,0,0,0,0
STAT,(NULL),Threads,56,56,56,0,0,0,0,0,0,0,0,0,0,0,0,0,0,0,0,0,0,0,0,0,0,0,0,0,0,0,0,0,0,0,0,0,0,0,0,0,0,0,0,0,0,0,0,0,0,0,0,0,0,0,0,0,0,0
STAT,(NULL),Time,56,1495,1495,0,0,0,0,0,0,0,0,0,0,0,0,0,0,0,0,0,0,0,0,0,0,0,0,0,0,0,0,0,0,0,0,0,0,0,0,0,0,0,0,0,0,0,0,0,0,0,0,0,0,0,0,0,0,0

