Galois Benchmark Suite v2.2.1 (r0)
Copyright (C) 2014 The University of Texas at Austin
http://iss.ices.utexas.edu/galois/

application: Delaunay Triangulation
Produces a Delaunay triangulation for a set of points
http://iss.ices.utexas.edu/?p=projects/galois/benchmarks/delaunay_triangulation

INFO: CommandLine ./delaunaytriangulation_big_gs -t 1 /home/users/kkazatzis/Galois-2.2.1/inputs/meshes/r50k.node
INFO: Hostname haci3
configuration: 50003 points
mesh size: 100004
	Total transactions completed: 48669
	Conflict aborts: 9
	Capacity aborts: 46503
	Retry aborts: 0
	Explicit aborts: 0
	Debug aborts: 0
	Nested aborts: 3
	Total aborts: 46590

Triangulation OK
STATTYPE,LOOP,CATEGORY,n,sum,T0
STAT,(NULL),Conflicts,1,0,0
STAT,(NULL),Iterations,1,50000,50000
STAT,(NULL),LoopTime,1,268,268
STAT,(NULL),MeminfoPost,1,38,38
STAT,(NULL),MeminfoPre,1,38,38
STAT,(NULL),Threads,1,1,1
STAT,(NULL),Time,1,268,268
Galois Benchmark Suite v2.2.1 (r0)
Copyright (C) 2014 The University of Texas at Austin
http://iss.ices.utexas.edu/galois/

application: Delaunay Triangulation
Produces a Delaunay triangulation for a set of points
http://iss.ices.utexas.edu/?p=projects/galois/benchmarks/delaunay_triangulation

INFO: CommandLine ./delaunaytriangulation_big_gs -t 2 /home/users/kkazatzis/Galois-2.2.1/inputs/meshes/r50k.node
INFO: Hostname haci3
configuration: 50003 points
mesh size: 100004
	Total transactions completed: 48550
	Conflict aborts: 1198
	Capacity aborts: 48642
	Retry aborts: 0
	Explicit aborts: 0
	Debug aborts: 0
	Nested aborts: 1
	Total aborts: 49911

Triangulation OK
STATTYPE,LOOP,CATEGORY,n,sum,T0,T1
STAT,(NULL),Conflicts,2,0,0,0
STAT,(NULL),Iterations,2,50000,26056,23944
STAT,(NULL),LoopTime,2,200,200,0
STAT,(NULL),MeminfoPost,2,40,20,20
STAT,(NULL),MeminfoPre,2,40,20,20
STAT,(NULL),Threads,2,2,2,0
STAT,(NULL),Time,2,200,200,0
Galois Benchmark Suite v2.2.1 (r0)
Copyright (C) 2014 The University of Texas at Austin
http://iss.ices.utexas.edu/galois/

application: Delaunay Triangulation
Produces a Delaunay triangulation for a set of points
http://iss.ices.utexas.edu/?p=projects/galois/benchmarks/delaunay_triangulation

INFO: CommandLine ./delaunaytriangulation_big_gs -t 4 /home/users/kkazatzis/Galois-2.2.1/inputs/meshes/r50k.node
INFO: Hostname haci3
configuration: 50003 points
mesh size: 100004
	Total transactions completed: 48910
	Conflict aborts: 2611
	Capacity aborts: 37800
	Retry aborts: 0
	Explicit aborts: 1
	Debug aborts: 0
	Nested aborts: 0
	Total aborts: 40498

Triangulation OK
STATTYPE,LOOP,CATEGORY,n,sum,T0,T1,T2,T3
STAT,(NULL),Conflicts,4,0,0,0,0,0
STAT,(NULL),Iterations,4,50000,12372,12404,12916,12308
STAT,(NULL),LoopTime,4,132,132,0,0,0
STAT,(NULL),MeminfoPost,4,44,11,11,11,11
STAT,(NULL),MeminfoPre,4,44,11,11,11,11
STAT,(NULL),Threads,4,4,4,0,0,0
STAT,(NULL),Time,4,132,132,0,0,0
Galois Benchmark Suite v2.2.1 (r0)
Copyright (C) 2014 The University of Texas at Austin
http://iss.ices.utexas.edu/galois/

application: Delaunay Triangulation
Produces a Delaunay triangulation for a set of points
http://iss.ices.utexas.edu/?p=projects/galois/benchmarks/delaunay_triangulation

INFO: CommandLine ./delaunaytriangulation_big_gs -t 8 /home/users/kkazatzis/Galois-2.2.1/inputs/meshes/r50k.node
INFO: Hostname haci3
configuration: 50003 points
mesh size: 100004
	Total transactions completed: 48898
	Conflict aborts: 5019
	Capacity aborts: 38229
	Retry aborts: 0
	Explicit aborts: 1
	Debug aborts: 0
	Nested aborts: 4
	Total aborts: 43558

Triangulation OK
STATTYPE,LOOP,CATEGORY,n,sum,T0,T1,T2,T3,T4,T5,T6,T7
STAT,(NULL),Conflicts,8,0,0,0,0,0,0,0,0,0
STAT,(NULL),Iterations,8,50000,6186,5930,6538,5770,6186,6858,6250,6282
STAT,(NULL),LoopTime,8,105,105,0,0,0,0,0,0,0
STAT,(NULL),MeminfoPost,8,65,8,8,8,8,8,9,8,8
STAT,(NULL),MeminfoPre,8,56,7,7,7,7,7,7,7,7
STAT,(NULL),Threads,8,8,8,0,0,0,0,0,0,0
STAT,(NULL),Time,8,105,105,0,0,0,0,0,0,0
Galois Benchmark Suite v2.2.1 (r0)
Copyright (C) 2014 The University of Texas at Austin
http://iss.ices.utexas.edu/galois/

application: Delaunay Triangulation
Produces a Delaunay triangulation for a set of points
http://iss.ices.utexas.edu/?p=projects/galois/benchmarks/delaunay_triangulation

INFO: CommandLine ./delaunaytriangulation_big_gs -t 16 /home/users/kkazatzis/Galois-2.2.1/inputs/meshes/r50k.node
INFO: Hostname haci3
configuration: 50003 points
mesh size: 100004
	Total transactions completed: 48752
	Conflict aborts: 19226
	Capacity aborts: 35238
	Retry aborts: 0
	Explicit aborts: 0
	Debug aborts: 0
	Nested aborts: 4
	Total aborts: 55079

Triangulation OK
STATTYPE,LOOP,CATEGORY,n,sum,T0,T1,T2,T3,T4,T5,T6,T7,T8,T9,T10,T11,T12,T13,T14,T15
STAT,(NULL),Conflicts,16,0,0,0,0,0,0,0,0,0,0,0,0,0,0,0,0,0
STAT,(NULL),Iterations,16,50000,3541,3925,4213,3925,3509,3733,4085,4085,3829,3797,3765,2837,789,1557,1045,1365
STAT,(NULL),LoopTime,16,241,241,0,0,0,0,0,0,0,0,0,0,0,0,0,0,0
STAT,(NULL),MeminfoPost,16,108,7,7,7,7,7,7,7,7,7,7,7,7,6,6,6,6
STAT,(NULL),MeminfoPre,16,80,5,5,5,5,5,5,5,5,5,5,5,5,5,5,5,5
STAT,(NULL),Threads,16,16,16,0,0,0,0,0,0,0,0,0,0,0,0,0,0,0
STAT,(NULL),Time,16,241,241,0,0,0,0,0,0,0,0,0,0,0,0,0,0,0
Galois Benchmark Suite v2.2.1 (r0)
Copyright (C) 2014 The University of Texas at Austin
http://iss.ices.utexas.edu/galois/

application: Delaunay Triangulation
Produces a Delaunay triangulation for a set of points
http://iss.ices.utexas.edu/?p=projects/galois/benchmarks/delaunay_triangulation

INFO: CommandLine ./delaunaytriangulation_big_gs -t 24 /home/users/kkazatzis/Galois-2.2.1/inputs/meshes/r50k.node
INFO: Hostname haci3
configuration: 50003 points
mesh size: 100004
	Total transactions completed: 48048
	Conflict aborts: 34261
	Capacity aborts: 39633
	Retry aborts: 0
	Explicit aborts: 0
	Debug aborts: 0
	Nested aborts: 2
	Total aborts: 74475

Triangulation OK
STATTYPE,LOOP,CATEGORY,n,sum,T0,T1,T2,T3,T4,T5,T6,T7,T8,T9,T10,T11,T12,T13,T14,T15,T16,T17,T18,T19,T20,T21,T22,T23
STAT,(NULL),Conflicts,24,0,0,0,0,0,0,0,0,0,0,0,0,0,0,0,0,0,0,0,0,0,0,0,0,0
STAT,(NULL),Iterations,24,50000,2756,3972,2756,1028,1156,932,3460,3652,4100,2404,2020,1252,484,196,292,3396,2500,2884,1188,740,1444,2404,2404,2580
STAT,(NULL),LoopTime,24,235,235,0,0,0,0,0,0,0,0,0,0,0,0,0,0,0,0,0,0,0,0,0,0,0
STAT,(NULL),MeminfoPost,24,157,7,7,7,6,6,6,7,7,7,7,6,6,6,6,6,7,7,7,6,6,6,7,7,7
STAT,(NULL),MeminfoPre,24,96,4,4,4,4,4,4,4,4,4,4,4,4,4,4,4,4,4,4,4,4,4,4,4,4
STAT,(NULL),Threads,24,24,24,0,0,0,0,0,0,0,0,0,0,0,0,0,0,0,0,0,0,0,0,0,0,0
STAT,(NULL),Time,24,235,235,0,0,0,0,0,0,0,0,0,0,0,0,0,0,0,0,0,0,0,0,0,0,0
Galois Benchmark Suite v2.2.1 (r0)
Copyright (C) 2014 The University of Texas at Austin
http://iss.ices.utexas.edu/galois/

application: Delaunay Triangulation
Produces a Delaunay triangulation for a set of points
http://iss.ices.utexas.edu/?p=projects/galois/benchmarks/delaunay_triangulation

INFO: CommandLine ./delaunaytriangulation_big_gs -t 32 /home/users/kkazatzis/Galois-2.2.1/inputs/meshes/r50k.node
INFO: Hostname haci3
configuration: 50003 points
mesh size: 100004
	Total transactions completed: 46661
	Conflict aborts: 43851
	Capacity aborts: 80016
	Retry aborts: 0
	Explicit aborts: 3
	Debug aborts: 0
	Nested aborts: 1
	Total aborts: 126057

Triangulation OK
STATTYPE,LOOP,CATEGORY,n,sum,T0,T1,T2,T3,T4,T5,T6,T7,T8,T9,T10,T11,T12,T13,T14,T15,T16,T17,T18,T19,T20,T21,T22,T23,T24,T25,T26,T27,T28,T29,T30,T31
STAT,(NULL),Conflicts,32,0,0,0,0,0,0,0,0,0,0,0,0,0,0,0,0,0,0,0,0,0,0,0,0,0,0,0,0,0,0,0,0,0
STAT,(NULL),Iterations,32,50000,2075,2427,2427,2427,891,539,2747,891,2395,1275,1307,2075,667,411,1659,1147,1851,2171,379,1563,1787,2107,3227,1467,1147,1179,1179,987,667,1819,1179,1931
STAT,(NULL),LoopTime,32,215,215,0,0,0,0,0,0,0,0,0,0,0,0,0,0,0,0,0,0,0,0,0,0,0,0,0,0,0,0,0,0,0
STAT,(NULL),MeminfoPost,32,198,6,7,7,7,6,6,7,6,7,6,6,6,6,6,6,6,6,6,6,6,6,6,7,6,6,6,6,6,6,6,6,6
STAT,(NULL),MeminfoPre,32,128,4,4,4,4,4,4,4,4,4,4,4,4,4,4,4,4,4,4,4,4,4,4,4,4,4,4,4,4,4,4,4,4
STAT,(NULL),Threads,32,32,32,0,0,0,0,0,0,0,0,0,0,0,0,0,0,0,0,0,0,0,0,0,0,0,0,0,0,0,0,0,0,0
STAT,(NULL),Time,32,215,215,0,0,0,0,0,0,0,0,0,0,0,0,0,0,0,0,0,0,0,0,0,0,0,0,0,0,0,0,0,0,0
Galois Benchmark Suite v2.2.1 (r0)
Copyright (C) 2014 The University of Texas at Austin
http://iss.ices.utexas.edu/galois/

application: Delaunay Triangulation
Produces a Delaunay triangulation for a set of points
http://iss.ices.utexas.edu/?p=projects/galois/benchmarks/delaunay_triangulation

INFO: CommandLine ./delaunaytriangulation_big_gs -t 40 /home/users/kkazatzis/Galois-2.2.1/inputs/meshes/r50k.node
INFO: Hostname haci3
configuration: 50003 points
mesh size: 100004
	Total transactions completed: 45419
	Conflict aborts: 52875
	Capacity aborts: 119827
	Retry aborts: 0
	Explicit aborts: 10
	Debug aborts: 0
	Nested aborts: 10
	Total aborts: 177771

Triangulation OK
STATTYPE,LOOP,CATEGORY,n,sum,T0,T1,T2,T3,T4,T5,T6,T7,T8,T9,T10,T11,T12,T13,T14,T15,T16,T17,T18,T19,T20,T21,T22,T23,T24,T25,T26,T27,T28,T29,T30,T31,T32,T33,T34,T35,T36,T37,T38,T39
STAT,(NULL),Conflicts,40,0,0,0,0,0,0,0,0,0,0,0,0,0,0,0,0,0,0,0,0,0,0,0,0,0,0,0,0,0,0,0,0,0,0,0,0,0,0,0,0,0
STAT,(NULL),Iterations,40,50000,1282,1922,1474,1506,1410,1090,610,1634,1698,2050,1346,450,802,258,418,1090,2178,418,834,770,1538,1410,1634,2018,1506,1826,994,450,354,610,1762,1602,1442,770,1570,1090,1474,1666,1506,1538
STAT,(NULL),LoopTime,40,266,266,0,0,0,0,0,0,0,0,0,0,0,0,0,0,0,0,0,0,0,0,0,0,0,0,0,0,0,0,0,0,0,0,0,0,0,0,0,0,0
STAT,(NULL),MeminfoPost,40,240,6,6,6,6,6,6,6,6,6,6,6,6,6,6,6,6,6,6,6,6,6,6,6,6,6,6,6,6,6,6,6,6,6,6,6,6,6,6,6,6
STAT,(NULL),MeminfoPre,40,120,3,3,3,3,3,3,3,3,3,3,3,3,3,3,3,3,3,3,3,3,3,3,3,3,3,3,3,3,3,3,3,3,3,3,3,3,3,3,3,3
STAT,(NULL),Threads,40,40,40,0,0,0,0,0,0,0,0,0,0,0,0,0,0,0,0,0,0,0,0,0,0,0,0,0,0,0,0,0,0,0,0,0,0,0,0,0,0,0
STAT,(NULL),Time,40,266,266,0,0,0,0,0,0,0,0,0,0,0,0,0,0,0,0,0,0,0,0,0,0,0,0,0,0,0,0,0,0,0,0,0,0,0,0,0,0,0
Galois Benchmark Suite v2.2.1 (r0)
Copyright (C) 2014 The University of Texas at Austin
http://iss.ices.utexas.edu/galois/

application: Delaunay Triangulation
Produces a Delaunay triangulation for a set of points
http://iss.ices.utexas.edu/?p=projects/galois/benchmarks/delaunay_triangulation

INFO: CommandLine ./delaunaytriangulation_big_gs -t 48 /home/users/kkazatzis/Galois-2.2.1/inputs/meshes/r50k.node
INFO: Hostname haci3
configuration: 50003 points
mesh size: 100004
	Total transactions completed: 43601
	Conflict aborts: 63691
	Capacity aborts: 163520
	Retry aborts: 0
	Explicit aborts: 15
	Debug aborts: 0
	Nested aborts: 4
	Total aborts: 234244

Triangulation OK
STATTYPE,LOOP,CATEGORY,n,sum,T0,T1,T2,T3,T4,T5,T6,T7,T8,T9,T10,T11,T12,T13,T14,T15,T16,T17,T18,T19,T20,T21,T22,T23,T24,T25,T26,T27,T28,T29,T30,T31,T32,T33,T34,T35,T36,T37,T38,T39,T40,T41,T42,T43,T44,T45,T46,T47
STAT,(NULL),Conflicts,48,0,0,0,0,0,0,0,0,0,0,0,0,0,0,0,0,0,0,0,0,0,0,0,0,0,0,0,0,0,0,0,0,0,0,0,0,0,0,0,0,0,0,0,0,0,0,0,0,0
STAT,(NULL),Iterations,48,50000,1298,1490,1682,1138,818,1170,1234,562,1330,1586,1330,1266,562,210,466,1042,1586,850,1490,1490,1458,562,1202,1074,1394,786,818,434,658,658,1458,1394,1426,466,1170,658,1682,818,722,1010,530,882,690,594,1490,914,1170,1282
STAT,(NULL),LoopTime,48,274,274,0,0,0,0,0,0,0,0,0,0,0,0,0,0,0,0,0,0,0,0,0,0,0,0,0,0,0,0,0,0,0,0,0,0,0,0,0,0,0,0,0,0,0,0,0,0,0
STAT,(NULL),MeminfoPost,48,288,6,6,6,6,6,6,6,6,6,6,6,6,6,6,6,6,6,6,6,6,6,6,6,6,6,6,6,6,6,6,6,6,6,6,6,6,6,6,6,6,6,6,6,6,6,6,6,6
STAT,(NULL),MeminfoPre,48,144,3,3,3,3,3,3,3,3,3,3,3,3,3,3,3,3,3,3,3,3,3,3,3,3,3,3,3,3,3,3,3,3,3,3,3,3,3,3,3,3,3,3,3,3,3,3,3,3
STAT,(NULL),Threads,48,48,48,0,0,0,0,0,0,0,0,0,0,0,0,0,0,0,0,0,0,0,0,0,0,0,0,0,0,0,0,0,0,0,0,0,0,0,0,0,0,0,0,0,0,0,0,0,0,0
STAT,(NULL),Time,48,274,274,0,0,0,0,0,0,0,0,0,0,0,0,0,0,0,0,0,0,0,0,0,0,0,0,0,0,0,0,0,0,0,0,0,0,0,0,0,0,0,0,0,0,0,0,0,0,0
Galois Benchmark Suite v2.2.1 (r0)
Copyright (C) 2014 The University of Texas at Austin
http://iss.ices.utexas.edu/galois/

application: Delaunay Triangulation
Produces a Delaunay triangulation for a set of points
http://iss.ices.utexas.edu/?p=projects/galois/benchmarks/delaunay_triangulation

INFO: CommandLine ./delaunaytriangulation_big_gs -t 56 /home/users/kkazatzis/Galois-2.2.1/inputs/meshes/r50k.node
INFO: Hostname haci3
configuration: 50003 points
mesh size: 100004
	Total transactions completed: 42765
	Conflict aborts: 70044
	Capacity aborts: 186498
	Retry aborts: 0
	Explicit aborts: 34
	Debug aborts: 0
	Nested aborts: 0
	Total aborts: 264583

Triangulation OK
STATTYPE,LOOP,CATEGORY,n,sum,T0,T1,T2,T3,T4,T5,T6,T7,T8,T9,T10,T11,T12,T13,T14,T15,T16,T17,T18,T19,T20,T21,T22,T23,T24,T25,T26,T27,T28,T29,T30,T31,T32,T33,T34,T35,T36,T37,T38,T39,T40,T41,T42,T43,T44,T45,T46,T47,T48,T49,T50,T51,T52,T53,T54,T55
STAT,(NULL),Conflicts,56,0,0,0,0,0,0,0,0,0,0,0,0,0,0,0,0,0,0,0,0,0,0,0,0,0,0,0,0,0,0,0,0,0,0,0,0,0,0,0,0,0,0,0,0,0,0,0,0,0,0,0,0,0,0,0,0,0
STAT,(NULL),Iterations,56,50000,797,1309,1021,1373,349,381,1341,1021,925,637,605,1021,605,893,509,1373,829,701,1085,989,1405,1117,605,637,573,1341,733,637,445,829,669,445,381,1277,1309,1341,1309,1149,573,989,1085,925,509,797,1245,413,669,637,1181,1053,669,1085,1053,1277,829,1045
STAT,(NULL),LoopTime,56,287,287,0,0,0,0,0,0,0,0,0,0,0,0,0,0,0,0,0,0,0,0,0,0,0,0,0,0,0,0,0,0,0,0,0,0,0,0,0,0,0,0,0,0,0,0,0,0,0,0,0,0,0,0,0,0,0
STAT,(NULL),MeminfoPost,56,336,6,6,6,6,6,6,6,6,6,6,6,6,6,6,6,6,6,6,6,6,6,6,6,6,6,6,6,6,6,6,6,6,6,6,6,6,6,6,6,6,6,6,6,6,6,6,6,6,6,6,6,6,6,6,6,6
STAT,(NULL),MeminfoPre,56,168,3,3,3,3,3,3,3,3,3,3,3,3,3,3,3,3,3,3,3,3,3,3,3,3,3,3,3,3,3,3,3,3,3,3,3,3,3,3,3,3,3,3,3,3,3,3,3,3,3,3,3,3,3,3,3,3
STAT,(NULL),Threads,56,56,56,0,0,0,0,0,0,0,0,0,0,0,0,0,0,0,0,0,0,0,0,0,0,0,0,0,0,0,0,0,0,0,0,0,0,0,0,0,0,0,0,0,0,0,0,0,0,0,0,0,0,0,0,0,0,0
STAT,(NULL),Time,56,287,287,0,0,0,0,0,0,0,0,0,0,0,0,0,0,0,0,0,0,0,0,0,0,0,0,0,0,0,0,0,0,0,0,0,0,0,0,0,0,0,0,0,0,0,0,0,0,0,0,0,0,0,0,0,0,0
