Galois Benchmark Suite v2.2.1 (r0)
Copyright (C) 2014 The University of Texas at Austin
http://iss.ices.utexas.edu/galois/

application: Delaunay Mesh Refinement
Refines a Delaunay triangulation mesh such that no angle in the mesh is less than 30 degrees
http://iss.ices.utexas.edu/?p=projects/galois/benchmarks/delaunay_mesh_refinement

INFO: CommandLine ./delaunayrefinement -t 1 /home/users/kkazatzis/Galois-2.2.1/inputs/meshes/r10k.1
INFO: Hostname broady
Using bin for node
Using bin for ele
Using bin for poly
configuration: 20004 total triangles, 9775 bad triangles
Total Time: 1.81 s
	Conflict aborts: 0
	Capacity aborts: 3918
	Retry aborts: 0
	Explicit aborts: 0
	Debug aborts: 0
	Nested aborts: 26451
	Total aborts: 786422
80498 total triangles
Refinement OK
STATTYPE,LOOP,CATEGORY,n,sum,T0
STAT,(NULL),Conflicts,1,0,0
STAT,(NULL),Iterations,1,9775,9775
STAT,(NULL),MeminfoMid,1,33,33
STAT,(NULL),MeminfoPost,1,33,33
STAT,(NULL),MeminfoPre1,1,3,3
STAT,(NULL),MeminfoPre2,1,33,33
STAT,(NULL),OuterRoundsExecuted,1,4,4
STAT,(NULL),RoundsExecuted,1,4,4
STAT,(NULL),Threads,1,1,1
STAT,(NULL),Time,1,1814,1814
STAT,(NULL),refine,1,1812,1812
STAT,allocate,LoopTime,1,2,2
STAT,count_if,LoopTime,1,14,14
STAT,findbad,LoopTime,1,2,2
STAT,refine,Conflicts,1,0,0
STAT,refine,Iterations,1,52447,52447
STAT,refine,LoopTime,1,1808,1808
Galois Benchmark Suite v2.2.1 (r0)
Copyright (C) 2014 The University of Texas at Austin
http://iss.ices.utexas.edu/galois/

application: Delaunay Mesh Refinement
Refines a Delaunay triangulation mesh such that no angle in the mesh is less than 30 degrees
http://iss.ices.utexas.edu/?p=projects/galois/benchmarks/delaunay_mesh_refinement

INFO: CommandLine ./delaunayrefinement -t 1 /home/users/kkazatzis/Galois-2.2.1/inputs/meshes/r10k.1
INFO: Hostname broady
Using bin for node
Using bin for ele
Using bin for poly
configuration: 20004 total triangles, 9775 bad triangles
Total Time: 1.82 s
	Conflict aborts: 1
	Capacity aborts: 3400
	Retry aborts: 0
	Explicit aborts: 0
	Debug aborts: 0
	Nested aborts: 27003
	Total aborts: 786422
80498 total triangles
Refinement OK
STATTYPE,LOOP,CATEGORY,n,sum,T0
STAT,(NULL),Conflicts,1,0,0
STAT,(NULL),Iterations,1,9775,9775
STAT,(NULL),MeminfoMid,1,33,33
STAT,(NULL),MeminfoPost,1,33,33
STAT,(NULL),MeminfoPre1,1,3,3
STAT,(NULL),MeminfoPre2,1,33,33
STAT,(NULL),OuterRoundsExecuted,1,4,4
STAT,(NULL),RoundsExecuted,1,4,4
STAT,(NULL),Threads,1,1,1
STAT,(NULL),Time,1,1816,1816
STAT,(NULL),refine,1,1813,1813
STAT,allocate,LoopTime,1,2,2
STAT,count_if,LoopTime,1,14,14
STAT,findbad,LoopTime,1,2,2
STAT,refine,Conflicts,1,0,0
STAT,refine,Iterations,1,52447,52447
STAT,refine,LoopTime,1,1809,1809
Galois Benchmark Suite v2.2.1 (r0)
Copyright (C) 2014 The University of Texas at Austin
http://iss.ices.utexas.edu/galois/

application: Delaunay Mesh Refinement
Refines a Delaunay triangulation mesh such that no angle in the mesh is less than 30 degrees
http://iss.ices.utexas.edu/?p=projects/galois/benchmarks/delaunay_mesh_refinement

INFO: CommandLine ./delaunayrefinement -t 1 /home/users/kkazatzis/Galois-2.2.1/inputs/meshes/r10k.1
INFO: Hostname broady
Using bin for node
Using bin for ele
Using bin for poly
configuration: 20004 total triangles, 9775 bad triangles
Total Time: 1.81 s
	Conflict aborts: 0
	Capacity aborts: 3405
	Retry aborts: 0
	Explicit aborts: 0
	Debug aborts: 0
	Nested aborts: 26958
	Total aborts: 786422
80498 total triangles
Refinement OK
STATTYPE,LOOP,CATEGORY,n,sum,T0
STAT,(NULL),Conflicts,1,0,0
STAT,(NULL),Iterations,1,9775,9775
STAT,(NULL),MeminfoMid,1,33,33
STAT,(NULL),MeminfoPost,1,33,33
STAT,(NULL),MeminfoPre1,1,3,3
STAT,(NULL),MeminfoPre2,1,33,33
STAT,(NULL),OuterRoundsExecuted,1,4,4
STAT,(NULL),RoundsExecuted,1,4,4
STAT,(NULL),Threads,1,1,1
STAT,(NULL),Time,1,1815,1815
STAT,(NULL),refine,1,1812,1812
STAT,allocate,LoopTime,1,2,2
STAT,count_if,LoopTime,1,14,14
STAT,findbad,LoopTime,1,2,2
STAT,refine,Conflicts,1,0,0
STAT,refine,Iterations,1,52447,52447
STAT,refine,LoopTime,1,1808,1808
Galois Benchmark Suite v2.2.1 (r0)
Copyright (C) 2014 The University of Texas at Austin
http://iss.ices.utexas.edu/galois/

application: Delaunay Mesh Refinement
Refines a Delaunay triangulation mesh such that no angle in the mesh is less than 30 degrees
http://iss.ices.utexas.edu/?p=projects/galois/benchmarks/delaunay_mesh_refinement

INFO: CommandLine ./delaunayrefinement -t 1 /home/users/kkazatzis/Galois-2.2.1/inputs/meshes/r10k.1
INFO: Hostname broady
Using bin for node
Using bin for ele
Using bin for poly
configuration: 20004 total triangles, 9775 bad triangles
Total Time: 1.82 s
	Conflict aborts: 1
	Capacity aborts: 3446
	Retry aborts: 0
	Explicit aborts: 0
	Debug aborts: 0
	Nested aborts: 27153
	Total aborts: 786422
80498 total triangles
Refinement OK
STATTYPE,LOOP,CATEGORY,n,sum,T0
STAT,(NULL),Conflicts,1,0,0
STAT,(NULL),Iterations,1,9775,9775
STAT,(NULL),MeminfoMid,1,33,33
STAT,(NULL),MeminfoPost,1,33,33
STAT,(NULL),MeminfoPre1,1,3,3
STAT,(NULL),MeminfoPre2,1,33,33
STAT,(NULL),OuterRoundsExecuted,1,4,4
STAT,(NULL),RoundsExecuted,1,4,4
STAT,(NULL),Threads,1,1,1
STAT,(NULL),Time,1,1818,1818
STAT,(NULL),refine,1,1816,1816
STAT,allocate,LoopTime,1,2,2
STAT,count_if,LoopTime,1,14,14
STAT,findbad,LoopTime,1,2,2
STAT,refine,Conflicts,1,0,0
STAT,refine,Iterations,1,52447,52447
STAT,refine,LoopTime,1,1811,1811
Galois Benchmark Suite v2.2.1 (r0)
Copyright (C) 2014 The University of Texas at Austin
http://iss.ices.utexas.edu/galois/

application: Delaunay Mesh Refinement
Refines a Delaunay triangulation mesh such that no angle in the mesh is less than 30 degrees
http://iss.ices.utexas.edu/?p=projects/galois/benchmarks/delaunay_mesh_refinement

INFO: CommandLine ./delaunayrefinement -t 1 /home/users/kkazatzis/Galois-2.2.1/inputs/meshes/r10k.1
INFO: Hostname broady
Using bin for node
Using bin for ele
Using bin for poly
configuration: 20004 total triangles, 9775 bad triangles
Total Time: 1.81 s
	Conflict aborts: 1
	Capacity aborts: 6701
	Retry aborts: 0
	Explicit aborts: 0
	Debug aborts: 0
	Nested aborts: 23889
	Total aborts: 786422
80498 total triangles
Refinement OK
STATTYPE,LOOP,CATEGORY,n,sum,T0
STAT,(NULL),Conflicts,1,0,0
STAT,(NULL),Iterations,1,9775,9775
STAT,(NULL),MeminfoMid,1,33,33
STAT,(NULL),MeminfoPost,1,33,33
STAT,(NULL),MeminfoPre1,1,3,3
STAT,(NULL),MeminfoPre2,1,33,33
STAT,(NULL),OuterRoundsExecuted,1,4,4
STAT,(NULL),RoundsExecuted,1,4,4
STAT,(NULL),Threads,1,1,1
STAT,(NULL),Time,1,1811,1811
STAT,(NULL),refine,1,1808,1808
STAT,allocate,LoopTime,1,2,2
STAT,count_if,LoopTime,1,14,14
STAT,findbad,LoopTime,1,2,2
STAT,refine,Conflicts,1,0,0
STAT,refine,Iterations,1,52447,52447
STAT,refine,LoopTime,1,1804,1804
Galois Benchmark Suite v2.2.1 (r0)
Copyright (C) 2014 The University of Texas at Austin
http://iss.ices.utexas.edu/galois/

application: Delaunay Mesh Refinement
Refines a Delaunay triangulation mesh such that no angle in the mesh is less than 30 degrees
http://iss.ices.utexas.edu/?p=projects/galois/benchmarks/delaunay_mesh_refinement

INFO: CommandLine ./delaunayrefinement -t 2 /home/users/kkazatzis/Galois-2.2.1/inputs/meshes/r10k.1
INFO: Hostname broady
Using bin for node
Using bin for ele
Using bin for poly
configuration: 20004 total triangles, 9775 bad triangles
Total Time: 2.05 s
	Conflict aborts: 33460
	Capacity aborts: 1654
	Retry aborts: 0
	Explicit aborts: 4
	Debug aborts: 0
	Nested aborts: 18654
	Total aborts: 788015
80620 total triangles
Refinement OK
STATTYPE,LOOP,CATEGORY,n,sum,T0,T1
STAT,(NULL),Conflicts,2,0,0,0
STAT,(NULL),Iterations,2,9775,4984,4791
STAT,(NULL),MeminfoMid,2,44,22,22
STAT,(NULL),MeminfoPost,2,44,22,22
STAT,(NULL),MeminfoPre1,2,4,2,2
STAT,(NULL),MeminfoPre2,2,44,22,22
STAT,(NULL),OuterRoundsExecuted,2,4,4,0
STAT,(NULL),RoundsExecuted,2,4,4,0
STAT,(NULL),Threads,2,2,2,0
STAT,(NULL),Time,2,1022,1022,0
STAT,(NULL),refine,2,1021,1021,0
STAT,allocate,LoopTime,2,2,2,0
STAT,count_if,LoopTime,2,13,13,0
STAT,findbad,LoopTime,2,1,1,0
STAT,refine,Conflicts,2,0,0,0
STAT,refine,Iterations,2,52518,25993,26525
STAT,refine,LoopTime,2,1018,1018,0
Galois Benchmark Suite v2.2.1 (r0)
Copyright (C) 2014 The University of Texas at Austin
http://iss.ices.utexas.edu/galois/

application: Delaunay Mesh Refinement
Refines a Delaunay triangulation mesh such that no angle in the mesh is less than 30 degrees
http://iss.ices.utexas.edu/?p=projects/galois/benchmarks/delaunay_mesh_refinement

INFO: CommandLine ./delaunayrefinement -t 2 /home/users/kkazatzis/Galois-2.2.1/inputs/meshes/r10k.1
INFO: Hostname broady
Using bin for node
Using bin for ele
Using bin for poly
configuration: 20004 total triangles, 9775 bad triangles
Total Time: 2.08 s
	Conflict aborts: 34670
	Capacity aborts: 2733
	Retry aborts: 0
	Explicit aborts: 3
	Debug aborts: 0
	Nested aborts: 17376
	Total aborts: 787982
80618 total triangles
Refinement OK
STATTYPE,LOOP,CATEGORY,n,sum,T0,T1
STAT,(NULL),Conflicts,2,0,0,0
STAT,(NULL),Iterations,2,9775,5048,4727
STAT,(NULL),MeminfoMid,2,44,22,22
STAT,(NULL),MeminfoPost,2,44,22,22
STAT,(NULL),MeminfoPre1,2,4,2,2
STAT,(NULL),MeminfoPre2,2,44,22,22
STAT,(NULL),OuterRoundsExecuted,2,4,4,0
STAT,(NULL),RoundsExecuted,2,4,4,0
STAT,(NULL),Threads,2,2,2,0
STAT,(NULL),Time,2,1041,1041,0
STAT,(NULL),refine,2,1040,1040,0
STAT,allocate,LoopTime,2,2,2,0
STAT,count_if,LoopTime,2,13,13,0
STAT,findbad,LoopTime,2,1,1,0
STAT,refine,Conflicts,2,0,0,0
STAT,refine,Iterations,2,52522,25976,26546
STAT,refine,LoopTime,2,1037,1037,0
Galois Benchmark Suite v2.2.1 (r0)
Copyright (C) 2014 The University of Texas at Austin
http://iss.ices.utexas.edu/galois/

application: Delaunay Mesh Refinement
Refines a Delaunay triangulation mesh such that no angle in the mesh is less than 30 degrees
http://iss.ices.utexas.edu/?p=projects/galois/benchmarks/delaunay_mesh_refinement

INFO: CommandLine ./delaunayrefinement -t 2 /home/users/kkazatzis/Galois-2.2.1/inputs/meshes/r10k.1
INFO: Hostname broady
Using bin for node
Using bin for ele
Using bin for poly
configuration: 20004 total triangles, 9775 bad triangles
Total Time: 2.01 s
	Conflict aborts: 34210
	Capacity aborts: 3091
	Retry aborts: 0
	Explicit aborts: 0
	Debug aborts: 0
	Nested aborts: 17176
	Total aborts: 788034
80622 total triangles
Refinement OK
STATTYPE,LOOP,CATEGORY,n,sum,T0,T1
STAT,(NULL),Conflicts,2,0,0,0
STAT,(NULL),Iterations,2,9775,4984,4791
STAT,(NULL),MeminfoMid,2,44,22,22
STAT,(NULL),MeminfoPost,2,44,22,22
STAT,(NULL),MeminfoPre1,2,4,2,2
STAT,(NULL),MeminfoPre2,2,44,22,22
STAT,(NULL),OuterRoundsExecuted,2,4,4,0
STAT,(NULL),RoundsExecuted,2,4,4,0
STAT,(NULL),Threads,2,2,2,0
STAT,(NULL),Time,2,1005,1005,0
STAT,(NULL),refine,2,1004,1004,0
STAT,allocate,LoopTime,2,2,2,0
STAT,count_if,LoopTime,2,13,13,0
STAT,findbad,LoopTime,2,1,1,0
STAT,refine,Conflicts,2,0,0,0
STAT,refine,Iterations,2,52514,25989,26525
STAT,refine,LoopTime,2,1001,1001,0
Galois Benchmark Suite v2.2.1 (r0)
Copyright (C) 2014 The University of Texas at Austin
http://iss.ices.utexas.edu/galois/

application: Delaunay Mesh Refinement
Refines a Delaunay triangulation mesh such that no angle in the mesh is less than 30 degrees
http://iss.ices.utexas.edu/?p=projects/galois/benchmarks/delaunay_mesh_refinement

INFO: CommandLine ./delaunayrefinement -t 2 /home/users/kkazatzis/Galois-2.2.1/inputs/meshes/r10k.1
INFO: Hostname broady
Using bin for node
Using bin for ele
Using bin for poly
configuration: 20004 total triangles, 9775 bad triangles
Total Time: 2.04 s
	Conflict aborts: 35375
	Capacity aborts: 2149
	Retry aborts: 0
	Explicit aborts: 0
	Debug aborts: 0
	Nested aborts: 17892
	Total aborts: 788019
80620 total triangles
Refinement OK
STATTYPE,LOOP,CATEGORY,n,sum,T0,T1
STAT,(NULL),Conflicts,2,0,0,0
STAT,(NULL),Iterations,2,9775,4952,4823
STAT,(NULL),MeminfoMid,2,44,22,22
STAT,(NULL),MeminfoPost,2,44,22,22
STAT,(NULL),MeminfoPre1,2,4,2,2
STAT,(NULL),MeminfoPre2,2,44,22,22
STAT,(NULL),OuterRoundsExecuted,2,4,4,0
STAT,(NULL),RoundsExecuted,2,4,4,0
STAT,(NULL),Threads,2,2,2,0
STAT,(NULL),Time,2,1020,1020,0
STAT,(NULL),refine,2,1019,1019,0
STAT,allocate,LoopTime,2,2,2,0
STAT,count_if,LoopTime,2,13,13,0
STAT,findbad,LoopTime,2,1,1,0
STAT,refine,Conflicts,2,0,0,0
STAT,refine,Iterations,2,52518,25992,26526
STAT,refine,LoopTime,2,1016,1016,0
Galois Benchmark Suite v2.2.1 (r0)
Copyright (C) 2014 The University of Texas at Austin
http://iss.ices.utexas.edu/galois/

application: Delaunay Mesh Refinement
Refines a Delaunay triangulation mesh such that no angle in the mesh is less than 30 degrees
http://iss.ices.utexas.edu/?p=projects/galois/benchmarks/delaunay_mesh_refinement

INFO: CommandLine ./delaunayrefinement -t 2 /home/users/kkazatzis/Galois-2.2.1/inputs/meshes/r10k.1
INFO: Hostname broady
Using bin for node
Using bin for ele
Using bin for poly
configuration: 20004 total triangles, 9775 bad triangles
Total Time: 2.01 s
	Conflict aborts: 35369
	Capacity aborts: 1894
	Retry aborts: 0
	Explicit aborts: 2
	Debug aborts: 0
	Nested aborts: 17943
	Total aborts: 788070
80620 total triangles
Refinement OK
STATTYPE,LOOP,CATEGORY,n,sum,T0,T1
STAT,(NULL),Conflicts,2,0,0,0
STAT,(NULL),Iterations,2,9775,4984,4791
STAT,(NULL),MeminfoMid,2,44,22,22
STAT,(NULL),MeminfoPost,2,44,22,22
STAT,(NULL),MeminfoPre1,2,4,2,2
STAT,(NULL),MeminfoPre2,2,44,22,22
STAT,(NULL),OuterRoundsExecuted,2,4,4,0
STAT,(NULL),RoundsExecuted,2,4,4,0
STAT,(NULL),Threads,2,2,2,0
STAT,(NULL),Time,2,1002,1002,0
STAT,(NULL),refine,2,1001,1001,0
STAT,allocate,LoopTime,2,2,2,0
STAT,count_if,LoopTime,2,13,13,0
STAT,findbad,LoopTime,2,1,1,0
STAT,refine,Conflicts,2,0,0,0
STAT,refine,Iterations,2,52521,26022,26499
STAT,refine,LoopTime,2,998,998,0
Galois Benchmark Suite v2.2.1 (r0)
Copyright (C) 2014 The University of Texas at Austin
http://iss.ices.utexas.edu/galois/

application: Delaunay Mesh Refinement
Refines a Delaunay triangulation mesh such that no angle in the mesh is less than 30 degrees
http://iss.ices.utexas.edu/?p=projects/galois/benchmarks/delaunay_mesh_refinement

INFO: CommandLine ./delaunayrefinement -t 4 /home/users/kkazatzis/Galois-2.2.1/inputs/meshes/r10k.1
INFO: Hostname broady
Using bin for node
Using bin for ele
Using bin for poly
configuration: 20004 total triangles, 9775 bad triangles
Total Time: 2.36 s
	Conflict aborts: 107643
	Capacity aborts: 1321
	Retry aborts: 0
	Explicit aborts: 9
	Debug aborts: 0
	Nested aborts: 14198
	Total aborts: 784576
80354 total triangles
Refinement OK
STATTYPE,LOOP,CATEGORY,n,sum,T0,T1,T2,T3
STAT,(NULL),Conflicts,4,0,0,0,0,0
STAT,(NULL),Iterations,4,9775,2380,2444,2476,2475
STAT,(NULL),MeminfoMid,4,88,22,22,22,22
STAT,(NULL),MeminfoPost,4,88,22,22,22,22
STAT,(NULL),MeminfoPre1,4,8,2,2,2,2
STAT,(NULL),MeminfoPre2,4,88,22,22,22,22
STAT,(NULL),OuterRoundsExecuted,4,4,4,0,0,0
STAT,(NULL),RoundsExecuted,4,4,4,0,0,0
STAT,(NULL),Threads,4,4,4,0,0,0
STAT,(NULL),Time,4,590,590,0,0,0
STAT,(NULL),refine,4,590,590,0,0,0
STAT,allocate,LoopTime,4,4,4,0,0,0
STAT,count_if,LoopTime,4,12,12,0,0,0
STAT,refine,Conflicts,4,0,0,0,0,0
STAT,refine,Iterations,4,52320,12959,12684,13429,13248
STAT,refine,LoopTime,4,588,588,0,0,0
Galois Benchmark Suite v2.2.1 (r0)
Copyright (C) 2014 The University of Texas at Austin
http://iss.ices.utexas.edu/galois/

application: Delaunay Mesh Refinement
Refines a Delaunay triangulation mesh such that no angle in the mesh is less than 30 degrees
http://iss.ices.utexas.edu/?p=projects/galois/benchmarks/delaunay_mesh_refinement

INFO: CommandLine ./delaunayrefinement -t 4 /home/users/kkazatzis/Galois-2.2.1/inputs/meshes/r10k.1
INFO: Hostname broady
Using bin for node
Using bin for ele
Using bin for poly
configuration: 20004 total triangles, 9775 bad triangles
Total Time: 2.28 s
	Conflict aborts: 100568
	Capacity aborts: 1799
	Retry aborts: 0
	Explicit aborts: 7
	Debug aborts: 0
	Nested aborts: 14374
	Total aborts: 782451
80190 total triangles
Refinement OK
STATTYPE,LOOP,CATEGORY,n,sum,T0,T1,T2,T3
STAT,(NULL),Conflicts,4,0,0,0,0,0
STAT,(NULL),Iterations,4,9775,2444,2412,2444,2475
STAT,(NULL),MeminfoMid,4,88,22,22,22,22
STAT,(NULL),MeminfoPost,4,88,22,22,22,22
STAT,(NULL),MeminfoPre1,4,8,2,2,2,2
STAT,(NULL),MeminfoPre2,4,88,22,22,22,22
STAT,(NULL),OuterRoundsExecuted,4,4,4,0,0,0
STAT,(NULL),RoundsExecuted,4,4,4,0,0,0
STAT,(NULL),Threads,4,4,4,0,0,0
STAT,(NULL),Time,4,571,571,0,0,0
STAT,(NULL),refine,4,570,570,0,0,0
STAT,allocate,LoopTime,4,4,4,0,0,0
STAT,count_if,LoopTime,4,12,12,0,0,0
STAT,refine,Conflicts,4,0,0,0,0,0
STAT,refine,Iterations,4,52134,12754,12813,13490,13077
STAT,refine,LoopTime,4,569,569,0,0,0
Galois Benchmark Suite v2.2.1 (r0)
Copyright (C) 2014 The University of Texas at Austin
http://iss.ices.utexas.edu/galois/

application: Delaunay Mesh Refinement
Refines a Delaunay triangulation mesh such that no angle in the mesh is less than 30 degrees
http://iss.ices.utexas.edu/?p=projects/galois/benchmarks/delaunay_mesh_refinement

INFO: CommandLine ./delaunayrefinement -t 4 /home/users/kkazatzis/Galois-2.2.1/inputs/meshes/r10k.1
INFO: Hostname broady
Using bin for node
Using bin for ele
Using bin for poly
configuration: 20004 total triangles, 9775 bad triangles
Total Time: 2.37 s
	Conflict aborts: 102586
	Capacity aborts: 2754
	Retry aborts: 0
	Explicit aborts: 5
	Debug aborts: 0
	Nested aborts: 13813
	Total aborts: 783097
80238 total triangles
Refinement OK
STATTYPE,LOOP,CATEGORY,n,sum,T0,T1,T2,T3
STAT,(NULL),Conflicts,4,0,0,0,0,0
STAT,(NULL),Iterations,4,9775,2444,2412,2476,2443
STAT,(NULL),MeminfoMid,4,88,22,22,22,22
STAT,(NULL),MeminfoPost,4,88,22,22,22,22
STAT,(NULL),MeminfoPre1,4,8,2,2,2,2
STAT,(NULL),MeminfoPre2,4,88,22,22,22,22
STAT,(NULL),OuterRoundsExecuted,4,4,4,0,0,0
STAT,(NULL),RoundsExecuted,4,4,4,0,0,0
STAT,(NULL),Threads,4,4,4,0,0,0
STAT,(NULL),Time,4,592,592,0,0,0
STAT,(NULL),refine,4,592,592,0,0,0
STAT,allocate,LoopTime,4,4,4,0,0,0
STAT,count_if,LoopTime,4,12,12,0,0,0
STAT,refine,Conflicts,4,0,0,0,0,0
STAT,refine,Iterations,4,52214,12973,12474,13665,13102
STAT,refine,LoopTime,4,590,590,0,0,0
Galois Benchmark Suite v2.2.1 (r0)
Copyright (C) 2014 The University of Texas at Austin
http://iss.ices.utexas.edu/galois/

application: Delaunay Mesh Refinement
Refines a Delaunay triangulation mesh such that no angle in the mesh is less than 30 degrees
http://iss.ices.utexas.edu/?p=projects/galois/benchmarks/delaunay_mesh_refinement

INFO: CommandLine ./delaunayrefinement -t 4 /home/users/kkazatzis/Galois-2.2.1/inputs/meshes/r10k.1
INFO: Hostname broady
Using bin for node
Using bin for ele
Using bin for poly
configuration: 20004 total triangles, 9775 bad triangles
Total Time: 2.40 s
	Conflict aborts: 116770
	Capacity aborts: 1101
	Retry aborts: 0
	Explicit aborts: 8
	Debug aborts: 0
	Nested aborts: 14189
	Total aborts: 786442
80496 total triangles
Refinement OK
STATTYPE,LOOP,CATEGORY,n,sum,T0,T1,T2,T3
STAT,(NULL),Conflicts,4,0,0,0,0,0
STAT,(NULL),Iterations,4,9775,2444,2380,2444,2507
STAT,(NULL),MeminfoMid,4,88,22,22,22,22
STAT,(NULL),MeminfoPost,4,88,22,22,22,22
STAT,(NULL),MeminfoPre1,4,8,2,2,2,2
STAT,(NULL),MeminfoPre2,4,88,22,22,22,22
STAT,(NULL),OuterRoundsExecuted,4,4,4,0,0,0
STAT,(NULL),RoundsExecuted,4,4,4,0,0,0
STAT,(NULL),Threads,4,4,4,0,0,0
STAT,(NULL),Time,4,602,602,0,0,0
STAT,(NULL),refine,4,601,601,0,0,0
STAT,allocate,LoopTime,4,4,4,0,0,0
STAT,count_if,LoopTime,4,12,12,0,0,0
STAT,refine,Conflicts,4,0,0,0,0,0
STAT,refine,Iterations,4,52474,13093,12521,13500,13360
STAT,refine,LoopTime,4,600,600,0,0,0
Galois Benchmark Suite v2.2.1 (r0)
Copyright (C) 2014 The University of Texas at Austin
http://iss.ices.utexas.edu/galois/

application: Delaunay Mesh Refinement
Refines a Delaunay triangulation mesh such that no angle in the mesh is less than 30 degrees
http://iss.ices.utexas.edu/?p=projects/galois/benchmarks/delaunay_mesh_refinement

INFO: CommandLine ./delaunayrefinement -t 4 /home/users/kkazatzis/Galois-2.2.1/inputs/meshes/r10k.1
INFO: Hostname broady
Using bin for node
Using bin for ele
Using bin for poly
configuration: 20004 total triangles, 9775 bad triangles
Total Time: 2.31 s
	Conflict aborts: 103531
	Capacity aborts: 2059
	Retry aborts: 0
	Explicit aborts: 10
	Debug aborts: 0
	Nested aborts: 14544
	Total aborts: 787169
80552 total triangles
Refinement OK
STATTYPE,LOOP,CATEGORY,n,sum,T0,T1,T2,T3
STAT,(NULL),Conflicts,4,0,0,0,0,0
STAT,(NULL),Iterations,4,9775,2444,2444,2412,2475
STAT,(NULL),MeminfoMid,4,88,22,22,22,22
STAT,(NULL),MeminfoPost,4,88,22,22,22,22
STAT,(NULL),MeminfoPre1,4,8,2,2,2,2
STAT,(NULL),MeminfoPre2,4,88,22,22,22,22
STAT,(NULL),OuterRoundsExecuted,4,4,4,0,0,0
STAT,(NULL),RoundsExecuted,4,4,4,0,0,0
STAT,(NULL),Threads,4,4,4,0,0,0
STAT,(NULL),Time,4,577,577,0,0,0
STAT,(NULL),refine,4,577,577,0,0,0
STAT,allocate,LoopTime,4,4,4,0,0,0
STAT,count_if,LoopTime,4,12,12,0,0,0
STAT,refine,Conflicts,4,0,0,0,0,0
STAT,refine,Iterations,4,52426,12858,12765,13623,13180
STAT,refine,LoopTime,4,575,575,0,0,0
Galois Benchmark Suite v2.2.1 (r0)
Copyright (C) 2014 The University of Texas at Austin
http://iss.ices.utexas.edu/galois/

application: Delaunay Mesh Refinement
Refines a Delaunay triangulation mesh such that no angle in the mesh is less than 30 degrees
http://iss.ices.utexas.edu/?p=projects/galois/benchmarks/delaunay_mesh_refinement

INFO: CommandLine ./delaunayrefinement -t 8 /home/users/kkazatzis/Galois-2.2.1/inputs/meshes/r10k.1
INFO: Hostname broady
Using bin for node
Using bin for ele
Using bin for poly
configuration: 20004 total triangles, 9775 bad triangles
Total Time: 4.05 s
	Conflict aborts: 197000
	Capacity aborts: 2285
	Retry aborts: 0
	Explicit aborts: 62
	Debug aborts: 0
	Nested aborts: 1863
	Total aborts: 787711
80592 total triangles
Refinement OK
STATTYPE,LOOP,CATEGORY,n,sum,T0,T1,T2,T3,T4,T5,T6,T7
STAT,(NULL),Conflicts,8,0,0,0,0,0,0,0,0,0
STAT,(NULL),Iterations,8,9775,1254,1222,1222,1254,1254,1222,1190,1157
STAT,(NULL),MeminfoMid,8,176,22,22,22,22,22,22,22,22
STAT,(NULL),MeminfoPost,8,176,22,22,22,22,22,22,22,22
STAT,(NULL),MeminfoPre1,8,16,2,2,2,2,2,2,2,2
STAT,(NULL),MeminfoPre2,8,176,22,22,22,22,22,22,22,22
STAT,(NULL),OuterRoundsExecuted,8,4,4,0,0,0,0,0,0,0
STAT,(NULL),RoundsExecuted,8,4,4,0,0,0,0,0,0,0
STAT,(NULL),Threads,8,8,8,0,0,0,0,0,0,0
STAT,(NULL),Time,8,520,520,0,0,0,0,0,0,0
STAT,(NULL),refine,8,520,520,0,0,0,0,0,0,0
STAT,allocate,LoopTime,8,9,9,0,0,0,0,0,0,0
STAT,count_if,LoopTime,8,12,12,0,0,0,0,0,0,0
STAT,refine,Conflicts,8,0,0,0,0,0,0,0,0,0
STAT,refine,Iterations,8,52439,6194,6597,6421,6465,6883,7122,6254,6503
STAT,refine,LoopTime,8,519,519,0,0,0,0,0,0,0
Galois Benchmark Suite v2.2.1 (r0)
Copyright (C) 2014 The University of Texas at Austin
http://iss.ices.utexas.edu/galois/

application: Delaunay Mesh Refinement
Refines a Delaunay triangulation mesh such that no angle in the mesh is less than 30 degrees
http://iss.ices.utexas.edu/?p=projects/galois/benchmarks/delaunay_mesh_refinement

INFO: CommandLine ./delaunayrefinement -t 8 /home/users/kkazatzis/Galois-2.2.1/inputs/meshes/r10k.1
INFO: Hostname broady
Using bin for node
Using bin for ele
Using bin for poly
configuration: 20004 total triangles, 9775 bad triangles
Total Time: 4.51 s
	Conflict aborts: 173950
	Capacity aborts: 3114
	Retry aborts: 0
	Explicit aborts: 92
	Debug aborts: 0
	Nested aborts: 1249
	Total aborts: 786391
80492 total triangles
Refinement OK
STATTYPE,LOOP,CATEGORY,n,sum,T0,T1,T2,T3,T4,T5,T6,T7
STAT,(NULL),Conflicts,8,0,0,0,0,0,0,0,0,0
STAT,(NULL),Iterations,8,9775,1222,1222,1222,1254,1222,1222,1190,1221
STAT,(NULL),MeminfoMid,8,176,22,22,22,22,22,22,22,22
STAT,(NULL),MeminfoPost,8,176,22,22,22,22,22,22,22,22
STAT,(NULL),MeminfoPre1,8,16,2,2,2,2,2,2,2,2
STAT,(NULL),MeminfoPre2,8,176,22,22,22,22,22,22,22,22
STAT,(NULL),OuterRoundsExecuted,8,4,4,0,0,0,0,0,0,0
STAT,(NULL),RoundsExecuted,8,4,4,0,0,0,0,0,0,0
STAT,(NULL),Threads,8,8,8,0,0,0,0,0,0,0
STAT,(NULL),Time,8,587,587,0,0,0,0,0,0,0
STAT,(NULL),refine,8,587,587,0,0,0,0,0,0,0
STAT,allocate,LoopTime,8,9,9,0,0,0,0,0,0,0
STAT,count_if,LoopTime,8,12,12,0,0,0,0,0,0,0
STAT,refine,Conflicts,8,0,0,0,0,0,0,0,0,0
STAT,refine,Iterations,8,52368,6251,6565,6539,6442,6737,7117,6227,6490
STAT,refine,LoopTime,8,586,586,0,0,0,0,0,0,0
Galois Benchmark Suite v2.2.1 (r0)
Copyright (C) 2014 The University of Texas at Austin
http://iss.ices.utexas.edu/galois/

application: Delaunay Mesh Refinement
Refines a Delaunay triangulation mesh such that no angle in the mesh is less than 30 degrees
http://iss.ices.utexas.edu/?p=projects/galois/benchmarks/delaunay_mesh_refinement

INFO: CommandLine ./delaunayrefinement -t 8 /home/users/kkazatzis/Galois-2.2.1/inputs/meshes/r10k.1
INFO: Hostname broady
Using bin for node
Using bin for ele
Using bin for poly
configuration: 20004 total triangles, 9775 bad triangles
Total Time: 4.00 s
	Conflict aborts: 195789
	Capacity aborts: 1411
	Retry aborts: 0
	Explicit aborts: 68
	Debug aborts: 0
	Nested aborts: 2084
	Total aborts: 787810
80596 total triangles
Refinement OK
STATTYPE,LOOP,CATEGORY,n,sum,T0,T1,T2,T3,T4,T5,T6,T7
STAT,(NULL),Conflicts,8,0,0,0,0,0,0,0,0,0
STAT,(NULL),Iterations,8,9775,1222,1222,1222,1222,1254,1222,1190,1221
STAT,(NULL),MeminfoMid,8,176,22,22,22,22,22,22,22,22
STAT,(NULL),MeminfoPost,8,176,22,22,22,22,22,22,22,22
STAT,(NULL),MeminfoPre1,8,16,2,2,2,2,2,2,2,2
STAT,(NULL),MeminfoPre2,8,176,22,22,22,22,22,22,22,22
STAT,(NULL),OuterRoundsExecuted,8,4,4,0,0,0,0,0,0,0
STAT,(NULL),RoundsExecuted,8,4,4,0,0,0,0,0,0,0
STAT,(NULL),Threads,8,8,8,0,0,0,0,0,0,0
STAT,(NULL),Time,8,514,514,0,0,0,0,0,0,0
STAT,(NULL),refine,8,513,513,0,0,0,0,0,0,0
STAT,allocate,LoopTime,8,9,9,0,0,0,0,0,0,0
STAT,count_if,LoopTime,8,12,12,0,0,0,0,0,0,0
STAT,refine,Conflicts,8,0,0,0,0,0,0,0,0,0
STAT,refine,Iterations,8,52446,6378,6679,6539,6351,6713,6951,6218,6617
STAT,refine,LoopTime,8,512,512,0,0,0,0,0,0,0
Galois Benchmark Suite v2.2.1 (r0)
Copyright (C) 2014 The University of Texas at Austin
http://iss.ices.utexas.edu/galois/

application: Delaunay Mesh Refinement
Refines a Delaunay triangulation mesh such that no angle in the mesh is less than 30 degrees
http://iss.ices.utexas.edu/?p=projects/galois/benchmarks/delaunay_mesh_refinement

INFO: CommandLine ./delaunayrefinement -t 8 /home/users/kkazatzis/Galois-2.2.1/inputs/meshes/r10k.1
INFO: Hostname broady
Using bin for node
Using bin for ele
Using bin for poly
configuration: 20004 total triangles, 9775 bad triangles
Total Time: 4.73 s
	Conflict aborts: 170423
	Capacity aborts: 3127
	Retry aborts: 0
	Explicit aborts: 80
	Debug aborts: 0
	Nested aborts: 1135
	Total aborts: 786804
80518 total triangles
Refinement OK
STATTYPE,LOOP,CATEGORY,n,sum,T0,T1,T2,T3,T4,T5,T6,T7
STAT,(NULL),Conflicts,8,0,0,0,0,0,0,0,0,0
STAT,(NULL),Iterations,8,9775,1254,1190,1222,1190,1222,1222,1222,1253
STAT,(NULL),MeminfoMid,8,176,22,22,22,22,22,22,22,22
STAT,(NULL),MeminfoPost,8,176,22,22,22,22,22,22,22,22
STAT,(NULL),MeminfoPre1,8,16,2,2,2,2,2,2,2,2
STAT,(NULL),MeminfoPre2,8,176,22,22,22,22,22,22,22,22
STAT,(NULL),OuterRoundsExecuted,8,4,4,0,0,0,0,0,0,0
STAT,(NULL),RoundsExecuted,8,4,4,0,0,0,0,0,0,0
STAT,(NULL),Threads,8,8,8,0,0,0,0,0,0,0
STAT,(NULL),Time,8,616,616,0,0,0,0,0,0,0
STAT,(NULL),refine,8,615,615,0,0,0,0,0,0,0
STAT,allocate,LoopTime,8,9,9,0,0,0,0,0,0,0
STAT,count_if,LoopTime,8,12,12,0,0,0,0,0,0,0
STAT,refine,Conflicts,8,0,0,0,0,0,0,0,0,0
STAT,refine,Iterations,8,52387,6378,6547,6441,6403,6802,7034,6277,6505
STAT,refine,LoopTime,8,614,614,0,0,0,0,0,0,0
Galois Benchmark Suite v2.2.1 (r0)
Copyright (C) 2014 The University of Texas at Austin
http://iss.ices.utexas.edu/galois/

application: Delaunay Mesh Refinement
Refines a Delaunay triangulation mesh such that no angle in the mesh is less than 30 degrees
http://iss.ices.utexas.edu/?p=projects/galois/benchmarks/delaunay_mesh_refinement

INFO: CommandLine ./delaunayrefinement -t 8 /home/users/kkazatzis/Galois-2.2.1/inputs/meshes/r10k.1
INFO: Hostname broady
Using bin for node
Using bin for ele
Using bin for poly
configuration: 20004 total triangles, 9775 bad triangles
Total Time: 4.30 s
	Conflict aborts: 180528
	Capacity aborts: 2919
	Retry aborts: 0
	Explicit aborts: 66
	Debug aborts: 0
	Nested aborts: 1360
	Total aborts: 786481
80490 total triangles
Refinement OK
STATTYPE,LOOP,CATEGORY,n,sum,T0,T1,T2,T3,T4,T5,T6,T7
STAT,(NULL),Conflicts,8,0,0,0,0,0,0,0,0,0
STAT,(NULL),Iterations,8,9775,1222,1222,1222,1222,1190,1222,1222,1253
STAT,(NULL),MeminfoMid,8,176,22,22,22,22,22,22,22,22
STAT,(NULL),MeminfoPost,8,176,22,22,22,22,22,22,22,22
STAT,(NULL),MeminfoPre1,8,16,2,2,2,2,2,2,2,2
STAT,(NULL),MeminfoPre2,8,176,22,22,22,22,22,22,22,22
STAT,(NULL),OuterRoundsExecuted,8,4,4,0,0,0,0,0,0,0
STAT,(NULL),RoundsExecuted,8,4,4,0,0,0,0,0,0,0
STAT,(NULL),Threads,8,8,8,0,0,0,0,0,0,0
STAT,(NULL),Time,8,557,557,0,0,0,0,0,0,0
STAT,(NULL),refine,8,557,557,0,0,0,0,0,0,0
STAT,allocate,LoopTime,8,9,9,0,0,0,0,0,0,0
STAT,count_if,LoopTime,8,12,12,0,0,0,0,0,0,0
STAT,refine,Conflicts,8,0,0,0,0,0,0,0,0,0
STAT,refine,Iterations,8,52368,6378,6599,6394,6443,6788,7081,6236,6449
STAT,refine,LoopTime,8,556,556,0,0,0,0,0,0,0
Galois Benchmark Suite v2.2.1 (r0)
Copyright (C) 2014 The University of Texas at Austin
http://iss.ices.utexas.edu/galois/

application: Delaunay Mesh Refinement
Refines a Delaunay triangulation mesh such that no angle in the mesh is less than 30 degrees
http://iss.ices.utexas.edu/?p=projects/galois/benchmarks/delaunay_mesh_refinement

INFO: CommandLine ./delaunayrefinement -t 16 /home/users/kkazatzis/Galois-2.2.1/inputs/meshes/r10k.1
INFO: Hostname broady
Using bin for node
Using bin for ele
Using bin for poly
configuration: 20004 total triangles, 9775 bad triangles
Total Time: 9.16 s
	Conflict aborts: 206718
	Capacity aborts: 3383
	Retry aborts: 0
	Explicit aborts: 82
	Debug aborts: 0
	Nested aborts: 211
	Total aborts: 786363
80482 total triangles
Refinement OK
STATTYPE,LOOP,CATEGORY,n,sum,T0,T1,T2,T3,T4,T5,T6,T7,T8,T9,T10,T11,T12,T13,T14,T15
STAT,(NULL),Conflicts,16,0,0,0,0,0,0,0,0,0,0,0,0,0,0,0,0,0
STAT,(NULL),Iterations,16,9775,739,611,515,483,611,579,643,579,611,707,611,643,611,579,579,674
STAT,(NULL),MeminfoMid,16,352,22,22,22,22,22,22,22,22,22,22,22,22,22,22,22,22
STAT,(NULL),MeminfoPost,16,352,22,22,22,22,22,22,22,22,22,22,22,22,22,22,22,22
STAT,(NULL),MeminfoPre1,16,32,2,2,2,2,2,2,2,2,2,2,2,2,2,2,2,2
STAT,(NULL),MeminfoPre2,16,352,22,22,22,22,22,22,22,22,22,22,22,22,22,22,22,22
STAT,(NULL),OuterRoundsExecuted,16,4,4,0,0,0,0,0,0,0,0,0,0,0,0,0,0,0
STAT,(NULL),RoundsExecuted,16,4,4,0,0,0,0,0,0,0,0,0,0,0,0,0,0,0
STAT,(NULL),Threads,16,16,16,0,0,0,0,0,0,0,0,0,0,0,0,0,0,0
STAT,(NULL),Time,16,609,609,0,0,0,0,0,0,0,0,0,0,0,0,0,0,0
STAT,(NULL),refine,16,609,609,0,0,0,0,0,0,0,0,0,0,0,0,0,0,0
STAT,allocate,LoopTime,16,18,18,0,0,0,0,0,0,0,0,0,0,0,0,0,0,0
STAT,count_if,LoopTime,16,12,12,0,0,0,0,0,0,0,0,0,0,0,0,0,0,0
STAT,refine,Conflicts,16,0,0,0,0,0,0,0,0,0,0,0,0,0,0,0,0,0
STAT,refine,Iterations,16,52342,3251,2985,3347,3285,3468,3077,3099,3012,3395,3287,3158,3518,3394,3252,3368,3446
STAT,refine,LoopTime,16,608,608,0,0,0,0,0,0,0,0,0,0,0,0,0,0,0
Galois Benchmark Suite v2.2.1 (r0)
Copyright (C) 2014 The University of Texas at Austin
http://iss.ices.utexas.edu/galois/

application: Delaunay Mesh Refinement
Refines a Delaunay triangulation mesh such that no angle in the mesh is less than 30 degrees
http://iss.ices.utexas.edu/?p=projects/galois/benchmarks/delaunay_mesh_refinement

INFO: CommandLine ./delaunayrefinement -t 16 /home/users/kkazatzis/Galois-2.2.1/inputs/meshes/r10k.1
INFO: Hostname broady
Using bin for node
Using bin for ele
Using bin for poly
configuration: 20004 total triangles, 9775 bad triangles
Total Time: 9.35 s
	Conflict aborts: 204366
	Capacity aborts: 3438
	Retry aborts: 0
	Explicit aborts: 75
	Debug aborts: 0
	Nested aborts: 225
	Total aborts: 788796
80672 total triangles
Refinement OK
STATTYPE,LOOP,CATEGORY,n,sum,T0,T1,T2,T3,T4,T5,T6,T7,T8,T9,T10,T11,T12,T13,T14,T15
STAT,(NULL),Conflicts,16,0,0,0,0,0,0,0,0,0,0,0,0,0,0,0,0,0
STAT,(NULL),Iterations,16,9775,707,579,643,579,611,579,611,611,643,675,579,579,547,547,675,610
STAT,(NULL),MeminfoMid,16,352,22,22,22,22,22,22,22,22,22,22,22,22,22,22,22,22
STAT,(NULL),MeminfoPost,16,352,22,22,22,22,22,22,22,22,22,22,22,22,22,22,22,22
STAT,(NULL),MeminfoPre1,16,32,2,2,2,2,2,2,2,2,2,2,2,2,2,2,2,2
STAT,(NULL),MeminfoPre2,16,352,22,22,22,22,22,22,22,22,22,22,22,22,22,22,22,22
STAT,(NULL),OuterRoundsExecuted,16,4,4,0,0,0,0,0,0,0,0,0,0,0,0,0,0,0
STAT,(NULL),RoundsExecuted,16,4,4,0,0,0,0,0,0,0,0,0,0,0,0,0,0,0
STAT,(NULL),Threads,16,16,16,0,0,0,0,0,0,0,0,0,0,0,0,0,0,0
STAT,(NULL),Time,16,619,619,0,0,0,0,0,0,0,0,0,0,0,0,0,0,0
STAT,(NULL),refine,16,619,619,0,0,0,0,0,0,0,0,0,0,0,0,0,0,0
STAT,allocate,LoopTime,16,18,18,0,0,0,0,0,0,0,0,0,0,0,0,0,0,0
STAT,count_if,LoopTime,16,12,12,0,0,0,0,0,0,0,0,0,0,0,0,0,0,0
STAT,refine,Conflicts,16,0,0,0,0,0,0,0,0,0,0,0,0,0,0,0,0,0
STAT,refine,Iterations,16,52582,3168,3010,3427,3359,3369,3290,3328,3165,3377,3432,3301,3275,3381,3072,3387,3241
STAT,refine,LoopTime,16,618,618,0,0,0,0,0,0,0,0,0,0,0,0,0,0,0
Galois Benchmark Suite v2.2.1 (r0)
Copyright (C) 2014 The University of Texas at Austin
http://iss.ices.utexas.edu/galois/

application: Delaunay Mesh Refinement
Refines a Delaunay triangulation mesh such that no angle in the mesh is less than 30 degrees
http://iss.ices.utexas.edu/?p=projects/galois/benchmarks/delaunay_mesh_refinement

INFO: CommandLine ./delaunayrefinement -t 16 /home/users/kkazatzis/Galois-2.2.1/inputs/meshes/r10k.1
INFO: Hostname broady
Using bin for node
Using bin for ele
Using bin for poly
configuration: 20004 total triangles, 9775 bad triangles
Total Time: 9.10 s
	Conflict aborts: 210164
	Capacity aborts: 3262
	Retry aborts: 0
	Explicit aborts: 83
	Debug aborts: 0
	Nested aborts: 300
	Total aborts: 787337
80558 total triangles
Refinement OK
STATTYPE,LOOP,CATEGORY,n,sum,T0,T1,T2,T3,T4,T5,T6,T7,T8,T9,T10,T11,T12,T13,T14,T15
STAT,(NULL),Conflicts,16,0,0,0,0,0,0,0,0,0,0,0,0,0,0,0,0,0
STAT,(NULL),Iterations,16,9775,579,547,547,643,611,611,547,547,643,643,739,707,579,579,579,674
STAT,(NULL),MeminfoMid,16,352,22,22,22,22,22,22,22,22,22,22,22,22,22,22,22,22
STAT,(NULL),MeminfoPost,16,352,22,22,22,22,22,22,22,22,22,22,22,22,22,22,22,22
STAT,(NULL),MeminfoPre1,16,32,2,2,2,2,2,2,2,2,2,2,2,2,2,2,2,2
STAT,(NULL),MeminfoPre2,16,352,22,22,22,22,22,22,22,22,22,22,22,22,22,22,22,22
STAT,(NULL),OuterRoundsExecuted,16,4,4,0,0,0,0,0,0,0,0,0,0,0,0,0,0,0
STAT,(NULL),RoundsExecuted,16,4,4,0,0,0,0,0,0,0,0,0,0,0,0,0,0,0
STAT,(NULL),Threads,16,16,16,0,0,0,0,0,0,0,0,0,0,0,0,0,0,0
STAT,(NULL),Time,16,604,604,0,0,0,0,0,0,0,0,0,0,0,0,0,0,0
STAT,(NULL),refine,16,604,604,0,0,0,0,0,0,0,0,0,0,0,0,0,0,0
STAT,allocate,LoopTime,16,18,18,0,0,0,0,0,0,0,0,0,0,0,0,0,0,0
STAT,count_if,LoopTime,16,12,12,0,0,0,0,0,0,0,0,0,0,0,0,0,0,0
STAT,refine,Conflicts,16,0,0,0,0,0,0,0,0,0,0,0,0,0,0,0,0,0
STAT,refine,Iterations,16,52401,3059,3011,3396,3405,3377,3246,3176,3099,3207,3423,3146,3502,3408,3167,3238,3541
STAT,refine,LoopTime,16,603,603,0,0,0,0,0,0,0,0,0,0,0,0,0,0,0
Galois Benchmark Suite v2.2.1 (r0)
Copyright (C) 2014 The University of Texas at Austin
http://iss.ices.utexas.edu/galois/

application: Delaunay Mesh Refinement
Refines a Delaunay triangulation mesh such that no angle in the mesh is less than 30 degrees
http://iss.ices.utexas.edu/?p=projects/galois/benchmarks/delaunay_mesh_refinement

INFO: CommandLine ./delaunayrefinement -t 16 /home/users/kkazatzis/Galois-2.2.1/inputs/meshes/r10k.1
INFO: Hostname broady
Using bin for node
Using bin for ele
Using bin for poly
configuration: 20004 total triangles, 9775 bad triangles
Total Time: 9.39 s
	Conflict aborts: 198889
	Capacity aborts: 3426
	Retry aborts: 0
	Explicit aborts: 81
	Debug aborts: 0
	Nested aborts: 285
	Total aborts: 786258
80466 total triangles
Refinement OK
STATTYPE,LOOP,CATEGORY,n,sum,T0,T1,T2,T3,T4,T5,T6,T7,T8,T9,T10,T11,T12,T13,T14,T15
STAT,(NULL),Conflicts,16,0,0,0,0,0,0,0,0,0,0,0,0,0,0,0,0,0
STAT,(NULL),Iterations,16,9775,643,611,611,675,707,611,579,579,611,675,611,579,611,611,579,482
STAT,(NULL),MeminfoMid,16,352,22,22,22,22,22,22,22,22,22,22,22,22,22,22,22,22
STAT,(NULL),MeminfoPost,16,352,22,22,22,22,22,22,22,22,22,22,22,22,22,22,22,22
STAT,(NULL),MeminfoPre1,16,32,2,2,2,2,2,2,2,2,2,2,2,2,2,2,2,2
STAT,(NULL),MeminfoPre2,16,352,22,22,22,22,22,22,22,22,22,22,22,22,22,22,22,22
STAT,(NULL),OuterRoundsExecuted,16,4,4,0,0,0,0,0,0,0,0,0,0,0,0,0,0,0
STAT,(NULL),RoundsExecuted,16,4,4,0,0,0,0,0,0,0,0,0,0,0,0,0,0,0
STAT,(NULL),Threads,16,16,16,0,0,0,0,0,0,0,0,0,0,0,0,0,0,0
STAT,(NULL),Time,16,624,624,0,0,0,0,0,0,0,0,0,0,0,0,0,0,0
STAT,(NULL),refine,16,624,624,0,0,0,0,0,0,0,0,0,0,0,0,0,0,0
STAT,allocate,LoopTime,16,18,18,0,0,0,0,0,0,0,0,0,0,0,0,0,0,0
STAT,count_if,LoopTime,16,12,12,0,0,0,0,0,0,0,0,0,0,0,0,0,0,0
STAT,refine,Conflicts,16,0,0,0,0,0,0,0,0,0,0,0,0,0,0,0,0,0
STAT,refine,Iterations,16,52387,3113,3020,3446,3250,3449,3186,3139,3038,3349,3342,3225,3627,3320,3315,3194,3374
STAT,refine,LoopTime,16,623,623,0,0,0,0,0,0,0,0,0,0,0,0,0,0,0
Galois Benchmark Suite v2.2.1 (r0)
Copyright (C) 2014 The University of Texas at Austin
http://iss.ices.utexas.edu/galois/

application: Delaunay Mesh Refinement
Refines a Delaunay triangulation mesh such that no angle in the mesh is less than 30 degrees
http://iss.ices.utexas.edu/?p=projects/galois/benchmarks/delaunay_mesh_refinement

INFO: CommandLine ./delaunayrefinement -t 16 /home/users/kkazatzis/Galois-2.2.1/inputs/meshes/r10k.1
INFO: Hostname broady
Using bin for node
Using bin for ele
Using bin for poly
configuration: 20004 total triangles, 9775 bad triangles
Total Time: 9.41 s
	Conflict aborts: 193371
	Capacity aborts: 3578
	Retry aborts: 0
	Explicit aborts: 95
	Debug aborts: 0
	Nested aborts: 227
	Total aborts: 789056
80694 total triangles
Refinement OK
STATTYPE,LOOP,CATEGORY,n,sum,T0,T1,T2,T3,T4,T5,T6,T7,T8,T9,T10,T11,T12,T13,T14,T15
STAT,(NULL),Conflicts,16,0,0,0,0,0,0,0,0,0,0,0,0,0,0,0,0,0
STAT,(NULL),Iterations,16,9775,643,611,611,643,547,483,643,739,579,579,643,739,579,547,579,610
STAT,(NULL),MeminfoMid,16,352,22,22,22,22,22,22,22,22,22,22,22,22,22,22,22,22
STAT,(NULL),MeminfoPost,16,352,22,22,22,22,22,22,22,22,22,22,22,22,22,22,22,22
STAT,(NULL),MeminfoPre1,16,32,2,2,2,2,2,2,2,2,2,2,2,2,2,2,2,2
STAT,(NULL),MeminfoPre2,16,352,22,22,22,22,22,22,22,22,22,22,22,22,22,22,22,22
STAT,(NULL),OuterRoundsExecuted,16,4,4,0,0,0,0,0,0,0,0,0,0,0,0,0,0,0
STAT,(NULL),RoundsExecuted,16,4,4,0,0,0,0,0,0,0,0,0,0,0,0,0,0,0
STAT,(NULL),Threads,16,16,16,0,0,0,0,0,0,0,0,0,0,0,0,0,0,0
STAT,(NULL),Time,16,623,623,0,0,0,0,0,0,0,0,0,0,0,0,0,0,0
STAT,(NULL),refine,16,622,622,0,0,0,0,0,0,0,0,0,0,0,0,0,0,0
STAT,allocate,LoopTime,16,18,18,0,0,0,0,0,0,0,0,0,0,0,0,0,0,0
STAT,count_if,LoopTime,16,12,12,0,0,0,0,0,0,0,0,0,0,0,0,0,0,0
STAT,refine,Conflicts,16,0,0,0,0,0,0,0,0,0,0,0,0,0,0,0,0,0
STAT,refine,Iterations,16,52545,3196,3011,3325,3556,3509,3273,3277,3013,3262,3345,3155,3485,3336,3144,3270,3388
STAT,refine,LoopTime,16,621,621,0,0,0,0,0,0,0,0,0,0,0,0,0,0,0
Galois Benchmark Suite v2.2.1 (r0)
Copyright (C) 2014 The University of Texas at Austin
http://iss.ices.utexas.edu/galois/

application: Delaunay Mesh Refinement
Refines a Delaunay triangulation mesh such that no angle in the mesh is less than 30 degrees
http://iss.ices.utexas.edu/?p=projects/galois/benchmarks/delaunay_mesh_refinement

INFO: CommandLine ./delaunayrefinement -t 24 /home/users/kkazatzis/Galois-2.2.1/inputs/meshes/r10k.1
INFO: Hostname broady
Using bin for node
Using bin for ele
Using bin for poly
configuration: 20004 total triangles, 9775 bad triangles
Total Time: 16.00 s
	Conflict aborts: 248892
	Capacity aborts: 2958
	Retry aborts: 0
	Explicit aborts: 39
	Debug aborts: 0
	Nested aborts: 341
	Total aborts: 786415
80478 total triangles
Refinement OK
STATTYPE,LOOP,CATEGORY,n,sum,T0,T1,T2,T3,T4,T5,T6,T7,T8,T9,T10,T11,T12,T13,T14,T15,T16,T17,T18,T19,T20,T21,T22,T23
STAT,(NULL),Conflicts,24,0,0,0,0,0,0,0,0,0,0,0,0,0,0,0,0,0,0,0,0,0,0,0,0,0
STAT,(NULL),Iterations,24,9775,344,440,376,440,312,504,376,215,343,247,215,439,311,375,343,183,375,439,183,375,279,279,1143,1239
STAT,(NULL),MeminfoMid,24,528,22,22,22,22,22,22,22,22,22,22,22,22,22,22,22,22,22,22,22,22,22,22,22,22
STAT,(NULL),MeminfoPost,24,528,22,22,22,22,22,22,22,22,22,22,22,22,22,22,22,22,22,22,22,22,22,22,22,22
STAT,(NULL),MeminfoPre1,24,48,2,2,2,2,2,2,2,2,2,2,2,2,2,2,2,2,2,2,2,2,2,2,2,2
STAT,(NULL),MeminfoPre2,24,528,22,22,22,22,22,22,22,22,22,22,22,22,22,22,22,22,22,22,22,22,22,22,22,22
STAT,(NULL),OuterRoundsExecuted,24,4,4,0,0,0,0,0,0,0,0,0,0,0,0,0,0,0,0,0,0,0,0,0,0,0
STAT,(NULL),RoundsExecuted,24,4,4,0,0,0,0,0,0,0,0,0,0,0,0,0,0,0,0,0,0,0,0,0,0,0
STAT,(NULL),Threads,24,24,24,0,0,0,0,0,0,0,0,0,0,0,0,0,0,0,0,0,0,0,0,0,0,0
STAT,(NULL),Time,24,688,688,0,0,0,0,0,0,0,0,0,0,0,0,0,0,0,0,0,0,0,0,0,0,0
STAT,(NULL),refine,24,688,688,0,0,0,0,0,0,0,0,0,0,0,0,0,0,0,0,0,0,0,0,0,0,0
STAT,allocate,LoopTime,24,27,27,0,0,0,0,0,0,0,0,0,0,0,0,0,0,0,0,0,0,0,0,0,0,0
STAT,count_if,LoopTime,24,15,15,0,0,0,0,0,0,0,0,0,0,0,0,0,0,0,0,0,0,0,0,0,0,0
STAT,refine,Conflicts,24,0,0,0,0,0,0,0,0,0,0,0,0,0,0,0,0,0,0,0,0,0,0,0,0,0
STAT,refine,Iterations,24,52444,2032,2393,2070,2286,2045,2208,2083,2494,1975,2136,2137,2177,2093,2221,2098,2316,2158,2309,2101,2214,2130,1982,2239,2547
STAT,refine,LoopTime,24,687,687,0,0,0,0,0,0,0,0,0,0,0,0,0,0,0,0,0,0,0,0,0,0,0
Galois Benchmark Suite v2.2.1 (r0)
Copyright (C) 2014 The University of Texas at Austin
http://iss.ices.utexas.edu/galois/

application: Delaunay Mesh Refinement
Refines a Delaunay triangulation mesh such that no angle in the mesh is less than 30 degrees
http://iss.ices.utexas.edu/?p=projects/galois/benchmarks/delaunay_mesh_refinement

INFO: CommandLine ./delaunayrefinement -t 24 /home/users/kkazatzis/Galois-2.2.1/inputs/meshes/r10k.1
INFO: Hostname broady
Using bin for node
Using bin for ele
Using bin for poly
configuration: 20004 total triangles, 9775 bad triangles
Total Time: 15.37 s
	Conflict aborts: 240106
	Capacity aborts: 2873
	Retry aborts: 0
	Explicit aborts: 38
	Debug aborts: 0
	Nested aborts: 274
	Total aborts: 788385
80622 total triangles
Refinement OK
STATTYPE,LOOP,CATEGORY,n,sum,T0,T1,T2,T3,T4,T5,T6,T7,T8,T9,T10,T11,T12,T13,T14,T15,T16,T17,T18,T19,T20,T21,T22,T23
STAT,(NULL),Conflicts,24,0,0,0,0,0,0,0,0,0,0,0,0,0,0,0,0,0,0,0,0,0,0,0,0,0
STAT,(NULL),Iterations,24,9775,216,312,376,504,184,312,408,407,375,375,439,535,343,247,375,311,343,279,151,407,215,375,1143,1143
STAT,(NULL),MeminfoMid,24,528,22,22,22,22,22,22,22,22,22,22,22,22,22,22,22,22,22,22,22,22,22,22,22,22
STAT,(NULL),MeminfoPost,24,528,22,22,22,22,22,22,22,22,22,22,22,22,22,22,22,22,22,22,22,22,22,22,22,22
STAT,(NULL),MeminfoPre1,24,48,2,2,2,2,2,2,2,2,2,2,2,2,2,2,2,2,2,2,2,2,2,2,2,2
STAT,(NULL),MeminfoPre2,24,528,22,22,22,22,22,22,22,22,22,22,22,22,22,22,22,22,22,22,22,22,22,22,22,22
STAT,(NULL),OuterRoundsExecuted,24,4,4,0,0,0,0,0,0,0,0,0,0,0,0,0,0,0,0,0,0,0,0,0,0,0
STAT,(NULL),RoundsExecuted,24,4,4,0,0,0,0,0,0,0,0,0,0,0,0,0,0,0,0,0,0,0,0,0,0,0
STAT,(NULL),Threads,24,24,24,0,0,0,0,0,0,0,0,0,0,0,0,0,0,0,0,0,0,0,0,0,0,0
STAT,(NULL),Time,24,661,661,0,0,0,0,0,0,0,0,0,0,0,0,0,0,0,0,0,0,0,0,0,0,0
STAT,(NULL),refine,24,661,661,0,0,0,0,0,0,0,0,0,0,0,0,0,0,0,0,0,0,0,0,0,0,0
STAT,allocate,LoopTime,24,28,28,0,0,0,0,0,0,0,0,0,0,0,0,0,0,0,0,0,0,0,0,0,0,0
STAT,count_if,LoopTime,24,14,14,0,0,0,0,0,0,0,0,0,0,0,0,0,0,0,0,0,0,0,0,0,0,0
STAT,refine,Conflicts,24,0,0,0,0,0,0,0,0,0,0,0,0,0,0,0,0,0,0,0,0,0,0,0,0,0
STAT,refine,Iterations,24,52481,2041,2324,2153,2247,2121,2277,2090,2229,2067,2215,2102,2174,2029,2219,2046,2243,2172,2301,2098,2133,2338,2011,2226,2625
STAT,refine,LoopTime,24,660,660,0,0,0,0,0,0,0,0,0,0,0,0,0,0,0,0,0,0,0,0,0,0,0
Galois Benchmark Suite v2.2.1 (r0)
Copyright (C) 2014 The University of Texas at Austin
http://iss.ices.utexas.edu/galois/

application: Delaunay Mesh Refinement
Refines a Delaunay triangulation mesh such that no angle in the mesh is less than 30 degrees
http://iss.ices.utexas.edu/?p=projects/galois/benchmarks/delaunay_mesh_refinement

INFO: CommandLine ./delaunayrefinement -t 24 /home/users/kkazatzis/Galois-2.2.1/inputs/meshes/r10k.1
INFO: Hostname broady
Using bin for node
Using bin for ele
Using bin for poly
configuration: 20004 total triangles, 9775 bad triangles
Total Time: 15.72 s
	Conflict aborts: 235933
	Capacity aborts: 3064
	Retry aborts: 0
	Explicit aborts: 22
	Debug aborts: 0
	Nested aborts: 327
	Total aborts: 788931
80668 total triangles
Refinement OK
STATTYPE,LOOP,CATEGORY,n,sum,T0,T1,T2,T3,T4,T5,T6,T7,T8,T9,T10,T11,T12,T13,T14,T15,T16,T17,T18,T19,T20,T21,T22,T23
STAT,(NULL),Conflicts,24,0,0,0,0,0,0,0,0,0,0,0,0,0,0,0,0,0,0,0,0,0,0,0,0,0
STAT,(NULL),Iterations,24,9775,376,376,152,504,376,344,312,503,375,375,279,471,375,247,311,311,279,343,311,183,311,311,1175,1175
STAT,(NULL),MeminfoMid,24,528,22,22,22,22,22,22,22,22,22,22,22,22,22,22,22,22,22,22,22,22,22,22,22,22
STAT,(NULL),MeminfoPost,24,528,22,22,22,22,22,22,22,22,22,22,22,22,22,22,22,22,22,22,22,22,22,22,22,22
STAT,(NULL),MeminfoPre1,24,48,2,2,2,2,2,2,2,2,2,2,2,2,2,2,2,2,2,2,2,2,2,2,2,2
STAT,(NULL),MeminfoPre2,24,528,22,22,22,22,22,22,22,22,22,22,22,22,22,22,22,22,22,22,22,22,22,22,22,22
STAT,(NULL),OuterRoundsExecuted,24,4,4,0,0,0,0,0,0,0,0,0,0,0,0,0,0,0,0,0,0,0,0,0,0,0
STAT,(NULL),RoundsExecuted,24,4,4,0,0,0,0,0,0,0,0,0,0,0,0,0,0,0,0,0,0,0,0,0,0,0
STAT,(NULL),Threads,24,24,24,0,0,0,0,0,0,0,0,0,0,0,0,0,0,0,0,0,0,0,0,0,0,0
STAT,(NULL),Time,24,676,676,0,0,0,0,0,0,0,0,0,0,0,0,0,0,0,0,0,0,0,0,0,0,0
STAT,(NULL),refine,24,676,676,0,0,0,0,0,0,0,0,0,0,0,0,0,0,0,0,0,0,0,0,0,0,0
STAT,allocate,LoopTime,24,29,29,0,0,0,0,0,0,0,0,0,0,0,0,0,0,0,0,0,0,0,0,0,0,0
STAT,count_if,LoopTime,24,15,15,0,0,0,0,0,0,0,0,0,0,0,0,0,0,0,0,0,0,0,0,0,0,0
STAT,refine,Conflicts,24,0,0,0,0,0,0,0,0,0,0,0,0,0,0,0,0,0,0,0,0,0,0,0,0,0
STAT,refine,Iterations,24,52617,1942,2412,2132,2147,2033,2188,2136,2298,2015,2168,2197,2175,2092,2166,2141,2493,2190,2256,2136,2163,2118,2081,2366,2572
STAT,refine,LoopTime,24,675,675,0,0,0,0,0,0,0,0,0,0,0,0,0,0,0,0,0,0,0,0,0,0,0
Galois Benchmark Suite v2.2.1 (r0)
Copyright (C) 2014 The University of Texas at Austin
http://iss.ices.utexas.edu/galois/

application: Delaunay Mesh Refinement
Refines a Delaunay triangulation mesh such that no angle in the mesh is less than 30 degrees
http://iss.ices.utexas.edu/?p=projects/galois/benchmarks/delaunay_mesh_refinement

INFO: CommandLine ./delaunayrefinement -t 24 /home/users/kkazatzis/Galois-2.2.1/inputs/meshes/r10k.1
INFO: Hostname broady
Using bin for node
Using bin for ele
Using bin for poly
configuration: 20004 total triangles, 9775 bad triangles
Total Time: 15.64 s
	Conflict aborts: 237133
	Capacity aborts: 3116
	Retry aborts: 0
	Explicit aborts: 38
	Debug aborts: 0
	Nested aborts: 296
	Total aborts: 784544
80322 total triangles
Refinement OK
STATTYPE,LOOP,CATEGORY,n,sum,T0,T1,T2,T3,T4,T5,T6,T7,T8,T9,T10,T11,T12,T13,T14,T15,T16,T17,T18,T19,T20,T21,T22,T23
STAT,(NULL),Conflicts,24,0,0,0,0,0,0,0,0,0,0,0,0,0,0,0,0,0,0,0,0,0,0,0,0,0
STAT,(NULL),Iterations,24,9775,472,184,248,376,408,248,376,279,471,503,503,279,247,279,375,407,375,375,375,215,375,151,1143,1111
STAT,(NULL),MeminfoMid,24,528,22,22,22,22,22,22,22,22,22,22,22,22,22,22,22,22,22,22,22,22,22,22,22,22
STAT,(NULL),MeminfoPost,24,528,22,22,22,22,22,22,22,22,22,22,22,22,22,22,22,22,22,22,22,22,22,22,22,22
STAT,(NULL),MeminfoPre1,24,48,2,2,2,2,2,2,2,2,2,2,2,2,2,2,2,2,2,2,2,2,2,2,2,2
STAT,(NULL),MeminfoPre2,24,528,22,22,22,22,22,22,22,22,22,22,22,22,22,22,22,22,22,22,22,22,22,22,22,22
STAT,(NULL),OuterRoundsExecuted,24,4,4,0,0,0,0,0,0,0,0,0,0,0,0,0,0,0,0,0,0,0,0,0,0,0
STAT,(NULL),RoundsExecuted,24,4,4,0,0,0,0,0,0,0,0,0,0,0,0,0,0,0,0,0,0,0,0,0,0,0
STAT,(NULL),Threads,24,24,24,0,0,0,0,0,0,0,0,0,0,0,0,0,0,0,0,0,0,0,0,0,0,0
STAT,(NULL),Time,24,675,675,0,0,0,0,0,0,0,0,0,0,0,0,0,0,0,0,0,0,0,0,0,0,0
STAT,(NULL),refine,24,675,675,0,0,0,0,0,0,0,0,0,0,0,0,0,0,0,0,0,0,0,0,0,0,0
STAT,allocate,LoopTime,24,29,29,0,0,0,0,0,0,0,0,0,0,0,0,0,0,0,0,0,0,0,0,0,0,0
STAT,count_if,LoopTime,24,14,14,0,0,0,0,0,0,0,0,0,0,0,0,0,0,0,0,0,0,0,0,0,0,0
STAT,refine,Conflicts,24,0,0,0,0,0,0,0,0,0,0,0,0,0,0,0,0,0,0,0,0,0,0,0,0,0
STAT,refine,Iterations,24,52353,1990,2213,2031,2203,2016,2383,2086,2381,2070,2235,2003,2052,2115,2189,2225,2234,2148,2465,2191,2316,2046,2023,2213,2525
STAT,refine,LoopTime,24,673,673,0,0,0,0,0,0,0,0,0,0,0,0,0,0,0,0,0,0,0,0,0,0,0
Galois Benchmark Suite v2.2.1 (r0)
Copyright (C) 2014 The University of Texas at Austin
http://iss.ices.utexas.edu/galois/

application: Delaunay Mesh Refinement
Refines a Delaunay triangulation mesh such that no angle in the mesh is less than 30 degrees
http://iss.ices.utexas.edu/?p=projects/galois/benchmarks/delaunay_mesh_refinement

INFO: CommandLine ./delaunayrefinement -t 24 /home/users/kkazatzis/Galois-2.2.1/inputs/meshes/r10k.1
INFO: Hostname broady
Using bin for node
Using bin for ele
Using bin for poly
configuration: 20004 total triangles, 9775 bad triangles
Total Time: 15.22 s
	Conflict aborts: 251408
	Capacity aborts: 3268
	Retry aborts: 0
	Explicit aborts: 30
	Debug aborts: 0
	Nested aborts: 345
	Total aborts: 785108
80378 total triangles
Refinement OK
STATTYPE,LOOP,CATEGORY,n,sum,T0,T1,T2,T3,T4,T5,T6,T7,T8,T9,T10,T11,T12,T13,T14,T15,T16,T17,T18,T19,T20,T21,T22,T23
STAT,(NULL),Conflicts,24,0,0,0,0,0,0,0,0,0,0,0,0,0,0,0,0,0,0,0,0,0,0,0,0,0
STAT,(NULL),Iterations,24,9775,472,376,312,472,408,344,280,279,279,439,407,375,375,279,279,311,279,311,311,407,279,247,1111,1143
STAT,(NULL),MeminfoMid,24,528,22,22,22,22,22,22,22,22,22,22,22,22,22,22,22,22,22,22,22,22,22,22,22,22
STAT,(NULL),MeminfoPost,24,528,22,22,22,22,22,22,22,22,22,22,22,22,22,22,22,22,22,22,22,22,22,22,22,22
STAT,(NULL),MeminfoPre1,24,48,2,2,2,2,2,2,2,2,2,2,2,2,2,2,2,2,2,2,2,2,2,2,2,2
STAT,(NULL),MeminfoPre2,24,528,22,22,22,22,22,22,22,22,22,22,22,22,22,22,22,22,22,22,22,22,22,22,22,22
STAT,(NULL),OuterRoundsExecuted,24,4,4,0,0,0,0,0,0,0,0,0,0,0,0,0,0,0,0,0,0,0,0,0,0,0
STAT,(NULL),RoundsExecuted,24,4,4,0,0,0,0,0,0,0,0,0,0,0,0,0,0,0,0,0,0,0,0,0,0,0
STAT,(NULL),Threads,24,24,24,0,0,0,0,0,0,0,0,0,0,0,0,0,0,0,0,0,0,0,0,0,0,0
STAT,(NULL),Time,24,657,657,0,0,0,0,0,0,0,0,0,0,0,0,0,0,0,0,0,0,0,0,0,0,0
STAT,(NULL),refine,24,656,656,0,0,0,0,0,0,0,0,0,0,0,0,0,0,0,0,0,0,0,0,0,0,0
STAT,allocate,LoopTime,24,28,28,0,0,0,0,0,0,0,0,0,0,0,0,0,0,0,0,0,0,0,0,0,0,0
STAT,count_if,LoopTime,24,15,15,0,0,0,0,0,0,0,0,0,0,0,0,0,0,0,0,0,0,0,0,0,0,0
STAT,refine,Conflicts,24,0,0,0,0,0,0,0,0,0,0,0,0,0,0,0,0,0,0,0,0,0,0,0,0,0
STAT,refine,Iterations,24,52307,1918,2190,2008,2209,2058,2202,2052,2181,2094,2168,2144,2177,2212,2216,2245,2336,2193,2431,2162,2195,2041,2345,2255,2275
STAT,refine,LoopTime,24,655,655,0,0,0,0,0,0,0,0,0,0,0,0,0,0,0,0,0,0,0,0,0,0,0
Galois Benchmark Suite v2.2.1 (r0)
Copyright (C) 2014 The University of Texas at Austin
http://iss.ices.utexas.edu/galois/

application: Delaunay Mesh Refinement
Refines a Delaunay triangulation mesh such that no angle in the mesh is less than 30 degrees
http://iss.ices.utexas.edu/?p=projects/galois/benchmarks/delaunay_mesh_refinement

INFO: CommandLine ./delaunayrefinement -t 32 /home/users/kkazatzis/Galois-2.2.1/inputs/meshes/r10k.1
INFO: Hostname broady
Using bin for node
Using bin for ele
Using bin for poly
configuration: 20004 total triangles, 9775 bad triangles
Total Time: 23.06 s
	Conflict aborts: 224738
	Capacity aborts: 3133
	Retry aborts: 0
	Explicit aborts: 27
	Debug aborts: 0
	Nested aborts: 117
	Total aborts: 785517
80420 total triangles
Refinement OK
STATTYPE,LOOP,CATEGORY,n,sum,T0,T1,T2,T3,T4,T5,T6,T7,T8,T9,T10,T11,T12,T13,T14,T15,T16,T17,T18,T19,T20,T21,T22,T23,T24,T25,T26,T27,T28,T29,T30,T31
STAT,(NULL),Conflicts,32,0,0,0,0,0,0,0,0,0,0,0,0,0,0,0,0,0,0,0,0,0,0,0,0,0,0,0,0,0,0,0,0,0
STAT,(NULL),Iterations,32,9775,242,114,274,178,210,210,146,242,242,210,178,210,114,146,242,177,113,305,209,337,177,177,561,561,561,529,497,465,561,561,433,593
STAT,(NULL),MeminfoMid,32,704,22,22,22,22,22,22,22,22,22,22,22,22,22,22,22,22,22,22,22,22,22,22,22,22,22,22,22,22,22,22,22,22
STAT,(NULL),MeminfoPost,32,704,22,22,22,22,22,22,22,22,22,22,22,22,22,22,22,22,22,22,22,22,22,22,22,22,22,22,22,22,22,22,22,22
STAT,(NULL),MeminfoPre1,32,64,2,2,2,2,2,2,2,2,2,2,2,2,2,2,2,2,2,2,2,2,2,2,2,2,2,2,2,2,2,2,2,2
STAT,(NULL),MeminfoPre2,32,704,22,22,22,22,22,22,22,22,22,22,22,22,22,22,22,22,22,22,22,22,22,22,22,22,22,22,22,22,22,22,22,22
STAT,(NULL),OuterRoundsExecuted,32,4,4,0,0,0,0,0,0,0,0,0,0,0,0,0,0,0,0,0,0,0,0,0,0,0,0,0,0,0,0,0,0,0
STAT,(NULL),RoundsExecuted,32,4,4,0,0,0,0,0,0,0,0,0,0,0,0,0,0,0,0,0,0,0,0,0,0,0,0,0,0,0,0,0,0,0
STAT,(NULL),Threads,32,32,32,0,0,0,0,0,0,0,0,0,0,0,0,0,0,0,0,0,0,0,0,0,0,0,0,0,0,0,0,0,0,0
STAT,(NULL),Time,32,736,736,0,0,0,0,0,0,0,0,0,0,0,0,0,0,0,0,0,0,0,0,0,0,0,0,0,0,0,0,0,0,0
STAT,(NULL),refine,32,736,736,0,0,0,0,0,0,0,0,0,0,0,0,0,0,0,0,0,0,0,0,0,0,0,0,0,0,0,0,0,0,0
STAT,allocate,LoopTime,32,37,37,0,0,0,0,0,0,0,0,0,0,0,0,0,0,0,0,0,0,0,0,0,0,0,0,0,0,0,0,0,0,0
STAT,count_if,LoopTime,32,15,15,0,0,0,0,0,0,0,0,0,0,0,0,0,0,0,0,0,0,0,0,0,0,0,0,0,0,0,0,0,0,0
STAT,refine,Conflicts,32,0,0,0,0,0,0,0,0,0,0,0,0,0,0,0,0,0,0,0,0,0,0,0,0,0,0,0,0,0,0,0,0,0
STAT,refine,Iterations,32,52400,1494,1732,1750,1626,1846,1659,1825,1789,1626,1523,1727,1589,1546,1647,1564,1524,1683,1585,1610,1666,1635,1541,1708,1874,1452,1627,1485,1553,1456,1676,1536,1846
STAT,refine,LoopTime,32,735,735,0,0,0,0,0,0,0,0,0,0,0,0,0,0,0,0,0,0,0,0,0,0,0,0,0,0,0,0,0,0,0
Galois Benchmark Suite v2.2.1 (r0)
Copyright (C) 2014 The University of Texas at Austin
http://iss.ices.utexas.edu/galois/

application: Delaunay Mesh Refinement
Refines a Delaunay triangulation mesh such that no angle in the mesh is less than 30 degrees
http://iss.ices.utexas.edu/?p=projects/galois/benchmarks/delaunay_mesh_refinement

INFO: CommandLine ./delaunayrefinement -t 32 /home/users/kkazatzis/Galois-2.2.1/inputs/meshes/r10k.1
INFO: Hostname broady
Using bin for node
Using bin for ele
Using bin for poly
configuration: 20004 total triangles, 9775 bad triangles
Total Time: 24.66 s
	Conflict aborts: 207566
	Capacity aborts: 3278
	Retry aborts: 0
	Explicit aborts: 33
	Debug aborts: 0
	Nested aborts: 124
	Total aborts: 786834
80524 total triangles
Refinement OK
STATTYPE,LOOP,CATEGORY,n,sum,T0,T1,T2,T3,T4,T5,T6,T7,T8,T9,T10,T11,T12,T13,T14,T15,T16,T17,T18,T19,T20,T21,T22,T23,T24,T25,T26,T27,T28,T29,T30,T31
STAT,(NULL),Conflicts,32,0,0,0,0,0,0,0,0,0,0,0,0,0,0,0,0,0,0,0,0,0,0,0,0,0,0,0,0,0,0,0,0,0
STAT,(NULL),Iterations,32,9775,210,274,114,114,210,114,178,402,82,242,242,178,210,210,82,209,273,241,113,113,113,209,529,529,593,625,625,529,593,497,529,593
STAT,(NULL),MeminfoMid,32,704,22,22,22,22,22,22,22,22,22,22,22,22,22,22,22,22,22,22,22,22,22,22,22,22,22,22,22,22,22,22,22,22
STAT,(NULL),MeminfoPost,32,704,22,22,22,22,22,22,22,22,22,22,22,22,22,22,22,22,22,22,22,22,22,22,22,22,22,22,22,22,22,22,22,22
STAT,(NULL),MeminfoPre1,32,64,2,2,2,2,2,2,2,2,2,2,2,2,2,2,2,2,2,2,2,2,2,2,2,2,2,2,2,2,2,2,2,2
STAT,(NULL),MeminfoPre2,32,704,22,22,22,22,22,22,22,22,22,22,22,22,22,22,22,22,22,22,22,22,22,22,22,22,22,22,22,22,22,22,22,22
STAT,(NULL),OuterRoundsExecuted,32,4,4,0,0,0,0,0,0,0,0,0,0,0,0,0,0,0,0,0,0,0,0,0,0,0,0,0,0,0,0,0,0,0
STAT,(NULL),RoundsExecuted,32,4,4,0,0,0,0,0,0,0,0,0,0,0,0,0,0,0,0,0,0,0,0,0,0,0,0,0,0,0,0,0,0,0
STAT,(NULL),Threads,32,32,32,0,0,0,0,0,0,0,0,0,0,0,0,0,0,0,0,0,0,0,0,0,0,0,0,0,0,0,0,0,0,0
STAT,(NULL),Time,32,791,791,0,0,0,0,0,0,0,0,0,0,0,0,0,0,0,0,0,0,0,0,0,0,0,0,0,0,0,0,0,0,0
STAT,(NULL),refine,32,791,791,0,0,0,0,0,0,0,0,0,0,0,0,0,0,0,0,0,0,0,0,0,0,0,0,0,0,0,0,0,0,0
STAT,allocate,LoopTime,32,38,38,0,0,0,0,0,0,0,0,0,0,0,0,0,0,0,0,0,0,0,0,0,0,0,0,0,0,0,0,0,0,0
STAT,count_if,LoopTime,32,15,15,0,0,0,0,0,0,0,0,0,0,0,0,0,0,0,0,0,0,0,0,0,0,0,0,0,0,0,0,0,0,0
STAT,refine,Conflicts,32,0,0,0,0,0,0,0,0,0,0,0,0,0,0,0,0,0,0,0,0,0,0,0,0,0,0,0,0,0,0,0,0,0
STAT,refine,Iterations,32,52499,1619,1685,1573,1540,1625,1632,1680,1816,1584,1846,1587,1579,1591,1691,1564,1536,1638,1601,1613,1596,1542,1595,1619,1839,1595,1739,1575,1581,1616,1720,1559,1923
STAT,refine,LoopTime,32,789,789,0,0,0,0,0,0,0,0,0,0,0,0,0,0,0,0,0,0,0,0,0,0,0,0,0,0,0,0,0,0,0
Galois Benchmark Suite v2.2.1 (r0)
Copyright (C) 2014 The University of Texas at Austin
http://iss.ices.utexas.edu/galois/

application: Delaunay Mesh Refinement
Refines a Delaunay triangulation mesh such that no angle in the mesh is less than 30 degrees
http://iss.ices.utexas.edu/?p=projects/galois/benchmarks/delaunay_mesh_refinement

INFO: CommandLine ./delaunayrefinement -t 32 /home/users/kkazatzis/Galois-2.2.1/inputs/meshes/r10k.1
INFO: Hostname broady
Using bin for node
Using bin for ele
Using bin for poly
configuration: 20004 total triangles, 9775 bad triangles
Total Time: 24.16 s
	Conflict aborts: 217034
	Capacity aborts: 2291
	Retry aborts: 0
	Explicit aborts: 24
	Debug aborts: 0
	Nested aborts: 127
	Total aborts: 787114
80540 total triangles
Refinement OK
STATTYPE,LOOP,CATEGORY,n,sum,T0,T1,T2,T3,T4,T5,T6,T7,T8,T9,T10,T11,T12,T13,T14,T15,T16,T17,T18,T19,T20,T21,T22,T23,T24,T25,T26,T27,T28,T29,T30,T31
STAT,(NULL),Conflicts,32,0,0,0,0,0,0,0,0,0,0,0,0,0,0,0,0,0,0,0,0,0,0,0,0,0,0,0,0,0,0,0,0,0
STAT,(NULL),Iterations,32,9775,178,242,146,210,338,178,82,210,242,178,178,114,178,146,274,241,177,209,145,113,177,113,529,593,657,497,593,561,593,593,593,497
STAT,(NULL),MeminfoMid,32,704,22,22,22,22,22,22,22,22,22,22,22,22,22,22,22,22,22,22,22,22,22,22,22,22,22,22,22,22,22,22,22,22
STAT,(NULL),MeminfoPost,32,704,22,22,22,22,22,22,22,22,22,22,22,22,22,22,22,22,22,22,22,22,22,22,22,22,22,22,22,22,22,22,22,22
STAT,(NULL),MeminfoPre1,32,64,2,2,2,2,2,2,2,2,2,2,2,2,2,2,2,2,2,2,2,2,2,2,2,2,2,2,2,2,2,2,2,2
STAT,(NULL),MeminfoPre2,32,704,22,22,22,22,22,22,22,22,22,22,22,22,22,22,22,22,22,22,22,22,22,22,22,22,22,22,22,22,22,22,22,22
STAT,(NULL),OuterRoundsExecuted,32,4,4,0,0,0,0,0,0,0,0,0,0,0,0,0,0,0,0,0,0,0,0,0,0,0,0,0,0,0,0,0,0,0
STAT,(NULL),RoundsExecuted,32,4,4,0,0,0,0,0,0,0,0,0,0,0,0,0,0,0,0,0,0,0,0,0,0,0,0,0,0,0,0,0,0,0
STAT,(NULL),Threads,32,32,32,0,0,0,0,0,0,0,0,0,0,0,0,0,0,0,0,0,0,0,0,0,0,0,0,0,0,0,0,0,0,0
STAT,(NULL),Time,32,771,771,0,0,0,0,0,0,0,0,0,0,0,0,0,0,0,0,0,0,0,0,0,0,0,0,0,0,0,0,0,0,0
STAT,(NULL),refine,32,771,771,0,0,0,0,0,0,0,0,0,0,0,0,0,0,0,0,0,0,0,0,0,0,0,0,0,0,0,0,0,0,0
STAT,allocate,LoopTime,32,38,38,0,0,0,0,0,0,0,0,0,0,0,0,0,0,0,0,0,0,0,0,0,0,0,0,0,0,0,0,0,0,0
STAT,count_if,LoopTime,32,16,16,0,0,0,0,0,0,0,0,0,0,0,0,0,0,0,0,0,0,0,0,0,0,0,0,0,0,0,0,0,0,0
STAT,refine,Conflicts,32,0,0,0,0,0,0,0,0,0,0,0,0,0,0,0,0,0,0,0,0,0,0,0,0,0,0,0,0,0,0,0,0,0
STAT,refine,Iterations,32,52488,1610,1698,1592,1540,1727,1626,1635,1803,1582,1919,1587,1579,1497,1649,1559,1468,1641,1611,1572,1632,1597,1596,1619,1839,1601,1726,1575,1581,1614,1719,1572,1922
STAT,refine,LoopTime,32,769,769,0,0,0,0,0,0,0,0,0,0,0,0,0,0,0,0,0,0,0,0,0,0,0,0,0,0,0,0,0,0,0
Galois Benchmark Suite v2.2.1 (r0)
Copyright (C) 2014 The University of Texas at Austin
http://iss.ices.utexas.edu/galois/

application: Delaunay Mesh Refinement
Refines a Delaunay triangulation mesh such that no angle in the mesh is less than 30 degrees
http://iss.ices.utexas.edu/?p=projects/galois/benchmarks/delaunay_mesh_refinement

INFO: CommandLine ./delaunayrefinement -t 32 /home/users/kkazatzis/Galois-2.2.1/inputs/meshes/r10k.1
INFO: Hostname broady
Using bin for node
Using bin for ele
Using bin for poly
configuration: 20004 total triangles, 9775 bad triangles
Total Time: 24.84 s
	Conflict aborts: 220104
	Capacity aborts: 3469
	Retry aborts: 0
	Explicit aborts: 18
	Debug aborts: 0
	Nested aborts: 135
	Total aborts: 786683
80512 total triangles
Refinement OK
STATTYPE,LOOP,CATEGORY,n,sum,T0,T1,T2,T3,T4,T5,T6,T7,T8,T9,T10,T11,T12,T13,T14,T15,T16,T17,T18,T19,T20,T21,T22,T23,T24,T25,T26,T27,T28,T29,T30,T31
STAT,(NULL),Conflicts,32,0,0,0,0,0,0,0,0,0,0,0,0,0,0,0,0,0,0,0,0,0,0,0,0,0,0,0,0,0,0,0,0,0
STAT,(NULL),Iterations,32,9775,146,114,178,178,114,210,178,82,210,146,114,210,146,210,178,209,241,209,113,209,145,209,529,529,625,689,689,561,561,625,593,625
STAT,(NULL),MeminfoMid,32,704,22,22,22,22,22,22,22,22,22,22,22,22,22,22,22,22,22,22,22,22,22,22,22,22,22,22,22,22,22,22,22,22
STAT,(NULL),MeminfoPost,32,704,22,22,22,22,22,22,22,22,22,22,22,22,22,22,22,22,22,22,22,22,22,22,22,22,22,22,22,22,22,22,22,22
STAT,(NULL),MeminfoPre1,32,64,2,2,2,2,2,2,2,2,2,2,2,2,2,2,2,2,2,2,2,2,2,2,2,2,2,2,2,2,2,2,2,2
STAT,(NULL),MeminfoPre2,32,704,22,22,22,22,22,22,22,22,22,22,22,22,22,22,22,22,22,22,22,22,22,22,22,22,22,22,22,22,22,22,22,22
STAT,(NULL),OuterRoundsExecuted,32,4,4,0,0,0,0,0,0,0,0,0,0,0,0,0,0,0,0,0,0,0,0,0,0,0,0,0,0,0,0,0,0,0
STAT,(NULL),RoundsExecuted,32,4,4,0,0,0,0,0,0,0,0,0,0,0,0,0,0,0,0,0,0,0,0,0,0,0,0,0,0,0,0,0,0,0
STAT,(NULL),Threads,32,32,32,0,0,0,0,0,0,0,0,0,0,0,0,0,0,0,0,0,0,0,0,0,0,0,0,0,0,0,0,0,0,0
STAT,(NULL),Time,32,795,795,0,0,0,0,0,0,0,0,0,0,0,0,0,0,0,0,0,0,0,0,0,0,0,0,0,0,0,0,0,0,0
STAT,(NULL),refine,32,795,795,0,0,0,0,0,0,0,0,0,0,0,0,0,0,0,0,0,0,0,0,0,0,0,0,0,0,0,0,0,0,0
STAT,allocate,LoopTime,32,38,38,0,0,0,0,0,0,0,0,0,0,0,0,0,0,0,0,0,0,0,0,0,0,0,0,0,0,0,0,0,0,0
STAT,count_if,LoopTime,32,16,16,0,0,0,0,0,0,0,0,0,0,0,0,0,0,0,0,0,0,0,0,0,0,0,0,0,0,0,0,0,0,0
STAT,refine,Conflicts,32,0,0,0,0,0,0,0,0,0,0,0,0,0,0,0,0,0,0,0,0,0,0,0,0,0,0,0,0,0,0,0,0,0
STAT,refine,Iterations,32,52484,1618,1695,1575,1492,1705,1588,1648,1722,1589,1972,1587,1579,1497,1691,1559,1565,1645,1608,1504,1651,1602,1615,1620,1854,1535,1748,1559,1554,1515,1879,1564,1949
STAT,refine,LoopTime,32,793,793,0,0,0,0,0,0,0,0,0,0,0,0,0,0,0,0,0,0,0,0,0,0,0,0,0,0,0,0,0,0,0
Galois Benchmark Suite v2.2.1 (r0)
Copyright (C) 2014 The University of Texas at Austin
http://iss.ices.utexas.edu/galois/

application: Delaunay Mesh Refinement
Refines a Delaunay triangulation mesh such that no angle in the mesh is less than 30 degrees
http://iss.ices.utexas.edu/?p=projects/galois/benchmarks/delaunay_mesh_refinement

INFO: CommandLine ./delaunayrefinement -t 32 /home/users/kkazatzis/Galois-2.2.1/inputs/meshes/r10k.1
INFO: Hostname broady
Using bin for node
Using bin for ele
Using bin for poly
configuration: 20004 total triangles, 9775 bad triangles
Total Time: 24.64 s
	Conflict aborts: 204065
	Capacity aborts: 2688
	Retry aborts: 0
	Explicit aborts: 40
	Debug aborts: 0
	Nested aborts: 113
	Total aborts: 786451
80496 total triangles
Refinement OK
STATTYPE,LOOP,CATEGORY,n,sum,T0,T1,T2,T3,T4,T5,T6,T7,T8,T9,T10,T11,T12,T13,T14,T15,T16,T17,T18,T19,T20,T21,T22,T23,T24,T25,T26,T27,T28,T29,T30,T31
STAT,(NULL),Conflicts,32,0,0,0,0,0,0,0,0,0,0,0,0,0,0,0,0,0,0,0,0,0,0,0,0,0,0,0,0,0,0,0,0,0
STAT,(NULL),Iterations,32,9775,338,178,146,146,178,178,242,306,242,82,242,82,178,210,242,177,81,177,305,241,113,145,529,593,593,401,497,593,593,561,625,561
STAT,(NULL),MeminfoMid,32,704,22,22,22,22,22,22,22,22,22,22,22,22,22,22,22,22,22,22,22,22,22,22,22,22,22,22,22,22,22,22,22,22
STAT,(NULL),MeminfoPost,32,704,22,22,22,22,22,22,22,22,22,22,22,22,22,22,22,22,22,22,22,22,22,22,22,22,22,22,22,22,22,22,22,22
STAT,(NULL),MeminfoPre1,32,64,2,2,2,2,2,2,2,2,2,2,2,2,2,2,2,2,2,2,2,2,2,2,2,2,2,2,2,2,2,2,2,2
STAT,(NULL),MeminfoPre2,32,704,22,22,22,22,22,22,22,22,22,22,22,22,22,22,22,22,22,22,22,22,22,22,22,22,22,22,22,22,22,22,22,22
STAT,(NULL),OuterRoundsExecuted,32,4,4,0,0,0,0,0,0,0,0,0,0,0,0,0,0,0,0,0,0,0,0,0,0,0,0,0,0,0,0,0,0,0
STAT,(NULL),RoundsExecuted,32,4,4,0,0,0,0,0,0,0,0,0,0,0,0,0,0,0,0,0,0,0,0,0,0,0,0,0,0,0,0,0,0,0
STAT,(NULL),Threads,32,32,32,0,0,0,0,0,0,0,0,0,0,0,0,0,0,0,0,0,0,0,0,0,0,0,0,0,0,0,0,0,0,0
STAT,(NULL),Time,32,787,787,0,0,0,0,0,0,0,0,0,0,0,0,0,0,0,0,0,0,0,0,0,0,0,0,0,0,0,0,0,0,0
STAT,(NULL),refine,32,787,787,0,0,0,0,0,0,0,0,0,0,0,0,0,0,0,0,0,0,0,0,0,0,0,0,0,0,0,0,0,0,0
STAT,allocate,LoopTime,32,37,37,0,0,0,0,0,0,0,0,0,0,0,0,0,0,0,0,0,0,0,0,0,0,0,0,0,0,0,0,0,0,0
STAT,count_if,LoopTime,32,16,16,0,0,0,0,0,0,0,0,0,0,0,0,0,0,0,0,0,0,0,0,0,0,0,0,0,0,0,0,0,0,0
STAT,refine,Conflicts,32,0,0,0,0,0,0,0,0,0,0,0,0,0,0,0,0,0,0,0,0,0,0,0,0,0,0,0,0,0,0,0,0,0
STAT,refine,Iterations,32,52481,1618,1740,1522,1487,1691,1633,1676,1860,1533,1847,1587,1579,1497,1691,1564,1536,1638,1585,1541,1543,1709,1615,1697,1877,1662,1629,1529,1665,1532,1696,1555,1947
STAT,refine,LoopTime,32,786,786,0,0,0,0,0,0,0,0,0,0,0,0,0,0,0,0,0,0,0,0,0,0,0,0,0,0,0,0,0,0,0
Galois Benchmark Suite v2.2.1 (r0)
Copyright (C) 2014 The University of Texas at Austin
http://iss.ices.utexas.edu/galois/

application: Delaunay Mesh Refinement
Refines a Delaunay triangulation mesh such that no angle in the mesh is less than 30 degrees
http://iss.ices.utexas.edu/?p=projects/galois/benchmarks/delaunay_mesh_refinement

INFO: CommandLine ./delaunayrefinement -t 40 /home/users/kkazatzis/Galois-2.2.1/inputs/meshes/r10k.1
INFO: Hostname broady
Using bin for node
Using bin for ele
Using bin for poly
configuration: 20004 total triangles, 9775 bad triangles
Total Time: 31.20 s
	Conflict aborts: 205979
	Capacity aborts: 3110
	Retry aborts: 0
	Explicit aborts: 42
	Debug aborts: 0
	Nested aborts: 50
	Total aborts: 782236
80156 total triangles
Refinement OK
STATTYPE,LOOP,CATEGORY,n,sum,T0,T1,T2,T3,T4,T5,T6,T7,T8,T9,T10,T11,T12,T13,T14,T15,T16,T17,T18,T19,T20,T21,T22,T23,T24,T25,T26,T27,T28,T29,T30,T31,T32,T33,T34,T35,T36,T37,T38,T39
STAT,(NULL),Conflicts,40,0,0,0,0,0,0,0,0,0,0,0,0,0,0,0,0,0,0,0,0,0,0,0,0,0,0,0,0,0,0,0,0,0,0,0,0,0,0,0,0,0
STAT,(NULL),Iterations,40,9775,213,181,117,149,181,181,245,213,181,181,245,277,149,181,181,212,372,308,212,116,148,116,308,340,340,372,404,276,276,244,276,276,308,276,212,276,308,340,276,308
STAT,(NULL),MeminfoMid,40,880,22,22,22,22,22,22,22,22,22,22,22,22,22,22,22,22,22,22,22,22,22,22,22,22,22,22,22,22,22,22,22,22,22,22,22,22,22,22,22,22
STAT,(NULL),MeminfoPost,40,880,22,22,22,22,22,22,22,22,22,22,22,22,22,22,22,22,22,22,22,22,22,22,22,22,22,22,22,22,22,22,22,22,22,22,22,22,22,22,22,22
STAT,(NULL),MeminfoPre1,40,80,2,2,2,2,2,2,2,2,2,2,2,2,2,2,2,2,2,2,2,2,2,2,2,2,2,2,2,2,2,2,2,2,2,2,2,2,2,2,2,2
STAT,(NULL),MeminfoPre2,40,880,22,22,22,22,22,22,22,22,22,22,22,22,22,22,22,22,22,22,22,22,22,22,22,22,22,22,22,22,22,22,22,22,22,22,22,22,22,22,22,22
STAT,(NULL),OuterRoundsExecuted,40,4,4,0,0,0,0,0,0,0,0,0,0,0,0,0,0,0,0,0,0,0,0,0,0,0,0,0,0,0,0,0,0,0,0,0,0,0,0,0,0,0
STAT,(NULL),RoundsExecuted,40,4,4,0,0,0,0,0,0,0,0,0,0,0,0,0,0,0,0,0,0,0,0,0,0,0,0,0,0,0,0,0,0,0,0,0,0,0,0,0,0,0
STAT,(NULL),Threads,40,40,40,0,0,0,0,0,0,0,0,0,0,0,0,0,0,0,0,0,0,0,0,0,0,0,0,0,0,0,0,0,0,0,0,0,0,0,0,0,0,0
STAT,(NULL),Time,40,794,794,0,0,0,0,0,0,0,0,0,0,0,0,0,0,0,0,0,0,0,0,0,0,0,0,0,0,0,0,0,0,0,0,0,0,0,0,0,0,0
STAT,(NULL),refine,40,794,794,0,0,0,0,0,0,0,0,0,0,0,0,0,0,0,0,0,0,0,0,0,0,0,0,0,0,0,0,0,0,0,0,0,0,0,0,0,0,0
STAT,allocate,LoopTime,40,48,48,0,0,0,0,0,0,0,0,0,0,0,0,0,0,0,0,0,0,0,0,0,0,0,0,0,0,0,0,0,0,0,0,0,0,0,0,0,0,0
STAT,count_if,LoopTime,40,18,18,0,0,0,0,0,0,0,0,0,0,0,0,0,0,0,0,0,0,0,0,0,0,0,0,0,0,0,0,0,0,0,0,0,0,0,0,0,0,0
STAT,refine,Conflicts,40,0,0,0,0,0,0,0,0,0,0,0,0,0,0,0,0,0,0,0,0,0,0,0,0,0,0,0,0,0,0,0,0,0,0,0,0,0,0,0,0,0
STAT,refine,Iterations,40,52314,1175,1339,1288,1277,1210,1451,1214,1370,1296,1531,1297,1156,1263,1302,1319,1350,1231,1250,1310,1338,1412,1339,1322,1226,1232,1393,1190,1416,1330,1337,1246,1314,1292,1216,1379,1225,1415,1208,1301,1554
STAT,refine,LoopTime,40,793,793,0,0,0,0,0,0,0,0,0,0,0,0,0,0,0,0,0,0,0,0,0,0,0,0,0,0,0,0,0,0,0,0,0,0,0,0,0,0,0
Galois Benchmark Suite v2.2.1 (r0)
Copyright (C) 2014 The University of Texas at Austin
http://iss.ices.utexas.edu/galois/

application: Delaunay Mesh Refinement
Refines a Delaunay triangulation mesh such that no angle in the mesh is less than 30 degrees
http://iss.ices.utexas.edu/?p=projects/galois/benchmarks/delaunay_mesh_refinement

INFO: CommandLine ./delaunayrefinement -t 40 /home/users/kkazatzis/Galois-2.2.1/inputs/meshes/r10k.1
INFO: Hostname broady
Using bin for node
Using bin for ele
Using bin for poly
configuration: 20004 total triangles, 9775 bad triangles
Total Time: 31.36 s
	Conflict aborts: 204033
	Capacity aborts: 3612
	Retry aborts: 0
	Explicit aborts: 43
	Debug aborts: 0
	Nested aborts: 54
	Total aborts: 784254
80302 total triangles
Refinement OK
STATTYPE,LOOP,CATEGORY,n,sum,T0,T1,T2,T3,T4,T5,T6,T7,T8,T9,T10,T11,T12,T13,T14,T15,T16,T17,T18,T19,T20,T21,T22,T23,T24,T25,T26,T27,T28,T29,T30,T31,T32,T33,T34,T35,T36,T37,T38,T39
STAT,(NULL),Conflicts,40,0,0,0,0,0,0,0,0,0,0,0,0,0,0,0,0,0,0,0,0,0,0,0,0,0,0,0,0,0,0,0,0,0,0,0,0,0,0,0,0,0
STAT,(NULL),Iterations,40,9775,149,213,277,245,149,149,181,149,181,213,117,181,149,213,213,116,276,276,212,212,244,308,276,276,308,244,276,340,308,244,276,340,276,276,404,340,308,244,276,340
STAT,(NULL),MeminfoMid,40,880,22,22,22,22,22,22,22,22,22,22,22,22,22,22,22,22,22,22,22,22,22,22,22,22,22,22,22,22,22,22,22,22,22,22,22,22,22,22,22,22
STAT,(NULL),MeminfoPost,40,880,22,22,22,22,22,22,22,22,22,22,22,22,22,22,22,22,22,22,22,22,22,22,22,22,22,22,22,22,22,22,22,22,22,22,22,22,22,22,22,22
STAT,(NULL),MeminfoPre1,40,80,2,2,2,2,2,2,2,2,2,2,2,2,2,2,2,2,2,2,2,2,2,2,2,2,2,2,2,2,2,2,2,2,2,2,2,2,2,2,2,2
STAT,(NULL),MeminfoPre2,40,880,22,22,22,22,22,22,22,22,22,22,22,22,22,22,22,22,22,22,22,22,22,22,22,22,22,22,22,22,22,22,22,22,22,22,22,22,22,22,22,22
STAT,(NULL),OuterRoundsExecuted,40,4,4,0,0,0,0,0,0,0,0,0,0,0,0,0,0,0,0,0,0,0,0,0,0,0,0,0,0,0,0,0,0,0,0,0,0,0,0,0,0,0
STAT,(NULL),RoundsExecuted,40,4,4,0,0,0,0,0,0,0,0,0,0,0,0,0,0,0,0,0,0,0,0,0,0,0,0,0,0,0,0,0,0,0,0,0,0,0,0,0,0,0
STAT,(NULL),Threads,40,40,40,0,0,0,0,0,0,0,0,0,0,0,0,0,0,0,0,0,0,0,0,0,0,0,0,0,0,0,0,0,0,0,0,0,0,0,0,0,0,0
STAT,(NULL),Time,40,801,801,0,0,0,0,0,0,0,0,0,0,0,0,0,0,0,0,0,0,0,0,0,0,0,0,0,0,0,0,0,0,0,0,0,0,0,0,0,0,0
STAT,(NULL),refine,40,801,801,0,0,0,0,0,0,0,0,0,0,0,0,0,0,0,0,0,0,0,0,0,0,0,0,0,0,0,0,0,0,0,0,0,0,0,0,0,0,0
STAT,allocate,LoopTime,40,48,48,0,0,0,0,0,0,0,0,0,0,0,0,0,0,0,0,0,0,0,0,0,0,0,0,0,0,0,0,0,0,0,0,0,0,0,0,0,0,0
STAT,count_if,LoopTime,40,18,18,0,0,0,0,0,0,0,0,0,0,0,0,0,0,0,0,0,0,0,0,0,0,0,0,0,0,0,0,0,0,0,0,0,0,0,0,0,0,0
STAT,refine,Conflicts,40,0,0,0,0,0,0,0,0,0,0,0,0,0,0,0,0,0,0,0,0,0,0,0,0,0,0,0,0,0,0,0,0,0,0,0,0,0,0,0,0,0
STAT,refine,Iterations,40,52409,1175,1303,1399,1269,1116,1403,1164,1377,1413,1444,1297,1244,1292,1287,1354,1419,1231,1245,1257,1359,1370,1298,1234,1345,1241,1427,1191,1263,1321,1343,1155,1331,1294,1324,1322,1199,1502,1208,1317,1676
STAT,refine,LoopTime,40,800,800,0,0,0,0,0,0,0,0,0,0,0,0,0,0,0,0,0,0,0,0,0,0,0,0,0,0,0,0,0,0,0,0,0,0,0,0,0,0,0
Galois Benchmark Suite v2.2.1 (r0)
Copyright (C) 2014 The University of Texas at Austin
http://iss.ices.utexas.edu/galois/

application: Delaunay Mesh Refinement
Refines a Delaunay triangulation mesh such that no angle in the mesh is less than 30 degrees
http://iss.ices.utexas.edu/?p=projects/galois/benchmarks/delaunay_mesh_refinement

INFO: CommandLine ./delaunayrefinement -t 40 /home/users/kkazatzis/Galois-2.2.1/inputs/meshes/r10k.1
INFO: Hostname broady
Using bin for node
Using bin for ele
Using bin for poly
configuration: 20004 total triangles, 9775 bad triangles
Total Time: 31.81 s
	Conflict aborts: 213937
	Capacity aborts: 3285
	Retry aborts: 0
	Explicit aborts: 24
	Debug aborts: 0
	Nested aborts: 49
	Total aborts: 782252
80158 total triangles
Refinement OK
STATTYPE,LOOP,CATEGORY,n,sum,T0,T1,T2,T3,T4,T5,T6,T7,T8,T9,T10,T11,T12,T13,T14,T15,T16,T17,T18,T19,T20,T21,T22,T23,T24,T25,T26,T27,T28,T29,T30,T31,T32,T33,T34,T35,T36,T37,T38,T39
STAT,(NULL),Conflicts,40,0,0,0,0,0,0,0,0,0,0,0,0,0,0,0,0,0,0,0,0,0,0,0,0,0,0,0,0,0,0,0,0,0,0,0,0,0,0,0,0,0
STAT,(NULL),Iterations,40,9775,277,117,181,213,277,149,213,213,181,181,181,213,213,213,149,148,180,180,276,180,148,180,340,308,212,404,276,244,372,212,340,308,340,308,244,308,340,276,308,372
STAT,(NULL),MeminfoMid,40,880,22,22,22,22,22,22,22,22,22,22,22,22,22,22,22,22,22,22,22,22,22,22,22,22,22,22,22,22,22,22,22,22,22,22,22,22,22,22,22,22
STAT,(NULL),MeminfoPost,40,880,22,22,22,22,22,22,22,22,22,22,22,22,22,22,22,22,22,22,22,22,22,22,22,22,22,22,22,22,22,22,22,22,22,22,22,22,22,22,22,22
STAT,(NULL),MeminfoPre1,40,80,2,2,2,2,2,2,2,2,2,2,2,2,2,2,2,2,2,2,2,2,2,2,2,2,2,2,2,2,2,2,2,2,2,2,2,2,2,2,2,2
STAT,(NULL),MeminfoPre2,40,880,22,22,22,22,22,22,22,22,22,22,22,22,22,22,22,22,22,22,22,22,22,22,22,22,22,22,22,22,22,22,22,22,22,22,22,22,22,22,22,22
STAT,(NULL),OuterRoundsExecuted,40,4,4,0,0,0,0,0,0,0,0,0,0,0,0,0,0,0,0,0,0,0,0,0,0,0,0,0,0,0,0,0,0,0,0,0,0,0,0,0,0,0
STAT,(NULL),RoundsExecuted,40,4,4,0,0,0,0,0,0,0,0,0,0,0,0,0,0,0,0,0,0,0,0,0,0,0,0,0,0,0,0,0,0,0,0,0,0,0,0,0,0,0
STAT,(NULL),Threads,40,40,40,0,0,0,0,0,0,0,0,0,0,0,0,0,0,0,0,0,0,0,0,0,0,0,0,0,0,0,0,0,0,0,0,0,0,0,0,0,0,0
STAT,(NULL),Time,40,810,810,0,0,0,0,0,0,0,0,0,0,0,0,0,0,0,0,0,0,0,0,0,0,0,0,0,0,0,0,0,0,0,0,0,0,0,0,0,0,0
STAT,(NULL),refine,40,810,810,0,0,0,0,0,0,0,0,0,0,0,0,0,0,0,0,0,0,0,0,0,0,0,0,0,0,0,0,0,0,0,0,0,0,0,0,0,0,0
STAT,allocate,LoopTime,40,47,47,0,0,0,0,0,0,0,0,0,0,0,0,0,0,0,0,0,0,0,0,0,0,0,0,0,0,0,0,0,0,0,0,0,0,0,0,0,0,0
STAT,count_if,LoopTime,40,18,18,0,0,0,0,0,0,0,0,0,0,0,0,0,0,0,0,0,0,0,0,0,0,0,0,0,0,0,0,0,0,0,0,0,0,0,0,0,0,0
STAT,refine,Conflicts,40,0,0,0,0,0,0,0,0,0,0,0,0,0,0,0,0,0,0,0,0,0,0,0,0,0,0,0,0,0,0,0,0,0,0,0,0,0,0,0,0,0
STAT,refine,Iterations,40,52356,1315,1338,1269,1283,1210,1293,1217,1401,1377,1563,1264,1250,1228,1218,1289,1347,1181,1257,1299,1455,1370,1322,1296,1339,1348,1396,1193,1260,1325,1407,1219,1351,1366,1219,1298,1180,1377,1174,1358,1504
STAT,refine,LoopTime,40,809,809,0,0,0,0,0,0,0,0,0,0,0,0,0,0,0,0,0,0,0,0,0,0,0,0,0,0,0,0,0,0,0,0,0,0,0,0,0,0,0
Galois Benchmark Suite v2.2.1 (r0)
Copyright (C) 2014 The University of Texas at Austin
http://iss.ices.utexas.edu/galois/

application: Delaunay Mesh Refinement
Refines a Delaunay triangulation mesh such that no angle in the mesh is less than 30 degrees
http://iss.ices.utexas.edu/?p=projects/galois/benchmarks/delaunay_mesh_refinement

INFO: CommandLine ./delaunayrefinement -t 40 /home/users/kkazatzis/Galois-2.2.1/inputs/meshes/r10k.1
INFO: Hostname broady
Using bin for node
Using bin for ele
Using bin for poly
configuration: 20004 total triangles, 9775 bad triangles
Total Time: 30.49 s
	Conflict aborts: 214957
	Capacity aborts: 3331
	Retry aborts: 0
	Explicit aborts: 26
	Debug aborts: 0
	Nested aborts: 44
	Total aborts: 781857
80122 total triangles
Refinement OK
STATTYPE,LOOP,CATEGORY,n,sum,T0,T1,T2,T3,T4,T5,T6,T7,T8,T9,T10,T11,T12,T13,T14,T15,T16,T17,T18,T19,T20,T21,T22,T23,T24,T25,T26,T27,T28,T29,T30,T31,T32,T33,T34,T35,T36,T37,T38,T39
STAT,(NULL),Conflicts,40,0,0,0,0,0,0,0,0,0,0,0,0,0,0,0,0,0,0,0,0,0,0,0,0,0,0,0,0,0,0,0,0,0,0,0,0,0,0,0,0,0
STAT,(NULL),Iterations,40,9775,213,181,277,181,213,213,117,181,277,149,181,341,309,149,117,180,116,180,276,212,180,116,276,372,308,276,276,276,244,372,340,276,308,308,276,340,276,308,340,244
STAT,(NULL),MeminfoMid,40,880,22,22,22,22,22,22,22,22,22,22,22,22,22,22,22,22,22,22,22,22,22,22,22,22,22,22,22,22,22,22,22,22,22,22,22,22,22,22,22,22
STAT,(NULL),MeminfoPost,40,880,22,22,22,22,22,22,22,22,22,22,22,22,22,22,22,22,22,22,22,22,22,22,22,22,22,22,22,22,22,22,22,22,22,22,22,22,22,22,22,22
STAT,(NULL),MeminfoPre1,40,80,2,2,2,2,2,2,2,2,2,2,2,2,2,2,2,2,2,2,2,2,2,2,2,2,2,2,2,2,2,2,2,2,2,2,2,2,2,2,2,2
STAT,(NULL),MeminfoPre2,40,880,22,22,22,22,22,22,22,22,22,22,22,22,22,22,22,22,22,22,22,22,22,22,22,22,22,22,22,22,22,22,22,22,22,22,22,22,22,22,22,22
STAT,(NULL),OuterRoundsExecuted,40,4,4,0,0,0,0,0,0,0,0,0,0,0,0,0,0,0,0,0,0,0,0,0,0,0,0,0,0,0,0,0,0,0,0,0,0,0,0,0,0,0
STAT,(NULL),RoundsExecuted,40,4,4,0,0,0,0,0,0,0,0,0,0,0,0,0,0,0,0,0,0,0,0,0,0,0,0,0,0,0,0,0,0,0,0,0,0,0,0,0,0,0
STAT,(NULL),Threads,40,40,40,0,0,0,0,0,0,0,0,0,0,0,0,0,0,0,0,0,0,0,0,0,0,0,0,0,0,0,0,0,0,0,0,0,0,0,0,0,0,0
STAT,(NULL),Time,40,777,777,0,0,0,0,0,0,0,0,0,0,0,0,0,0,0,0,0,0,0,0,0,0,0,0,0,0,0,0,0,0,0,0,0,0,0,0,0,0,0
STAT,(NULL),refine,40,777,777,0,0,0,0,0,0,0,0,0,0,0,0,0,0,0,0,0,0,0,0,0,0,0,0,0,0,0,0,0,0,0,0,0,0,0,0,0,0,0
STAT,allocate,LoopTime,40,47,47,0,0,0,0,0,0,0,0,0,0,0,0,0,0,0,0,0,0,0,0,0,0,0,0,0,0,0,0,0,0,0,0,0,0,0,0,0,0,0
STAT,count_if,LoopTime,40,18,18,0,0,0,0,0,0,0,0,0,0,0,0,0,0,0,0,0,0,0,0,0,0,0,0,0,0,0,0,0,0,0,0,0,0,0,0,0,0,0
STAT,refine,Conflicts,40,0,0,0,0,0,0,0,0,0,0,0,0,0,0,0,0,0,0,0,0,0,0,0,0,0,0,0,0,0,0,0,0,0,0,0,0,0,0,0,0,0
STAT,refine,Iterations,40,52285,1187,1494,1306,1358,1176,1360,1179,1441,1364,1495,1289,1156,1412,1167,1252,1327,1197,1247,1306,1331,1403,1283,1247,1385,1357,1441,1183,1244,1315,1424,1215,1334,1307,1231,1360,1096,1378,1152,1388,1498
STAT,refine,LoopTime,40,776,776,0,0,0,0,0,0,0,0,0,0,0,0,0,0,0,0,0,0,0,0,0,0,0,0,0,0,0,0,0,0,0,0,0,0,0,0,0,0,0
Galois Benchmark Suite v2.2.1 (r0)
Copyright (C) 2014 The University of Texas at Austin
http://iss.ices.utexas.edu/galois/

application: Delaunay Mesh Refinement
Refines a Delaunay triangulation mesh such that no angle in the mesh is less than 30 degrees
http://iss.ices.utexas.edu/?p=projects/galois/benchmarks/delaunay_mesh_refinement

INFO: CommandLine ./delaunayrefinement -t 40 /home/users/kkazatzis/Galois-2.2.1/inputs/meshes/r10k.1
INFO: Hostname broady
Using bin for node
Using bin for ele
Using bin for poly
configuration: 20004 total triangles, 9775 bad triangles
Total Time: 30.66 s
	Conflict aborts: 216119
	Capacity aborts: 2937
	Retry aborts: 0
	Explicit aborts: 22
	Debug aborts: 0
	Nested aborts: 69
	Total aborts: 786619
80480 total triangles
Refinement OK
STATTYPE,LOOP,CATEGORY,n,sum,T0,T1,T2,T3,T4,T5,T6,T7,T8,T9,T10,T11,T12,T13,T14,T15,T16,T17,T18,T19,T20,T21,T22,T23,T24,T25,T26,T27,T28,T29,T30,T31,T32,T33,T34,T35,T36,T37,T38,T39
STAT,(NULL),Conflicts,40,0,0,0,0,0,0,0,0,0,0,0,0,0,0,0,0,0,0,0,0,0,0,0,0,0,0,0,0,0,0,0,0,0,0,0,0,0,0,0,0,0
STAT,(NULL),Iterations,40,9775,181,117,181,149,213,213,213,149,245,181,277,213,213,213,149,276,180,244,116,116,148,244,212,340,340,308,276,276,276,308,276,404,244,276,308,372,308,308,372,340
STAT,(NULL),MeminfoMid,40,880,22,22,22,22,22,22,22,22,22,22,22,22,22,22,22,22,22,22,22,22,22,22,22,22,22,22,22,22,22,22,22,22,22,22,22,22,22,22,22,22
STAT,(NULL),MeminfoPost,40,880,22,22,22,22,22,22,22,22,22,22,22,22,22,22,22,22,22,22,22,22,22,22,22,22,22,22,22,22,22,22,22,22,22,22,22,22,22,22,22,22
STAT,(NULL),MeminfoPre1,40,80,2,2,2,2,2,2,2,2,2,2,2,2,2,2,2,2,2,2,2,2,2,2,2,2,2,2,2,2,2,2,2,2,2,2,2,2,2,2,2,2
STAT,(NULL),MeminfoPre2,40,880,22,22,22,22,22,22,22,22,22,22,22,22,22,22,22,22,22,22,22,22,22,22,22,22,22,22,22,22,22,22,22,22,22,22,22,22,22,22,22,22
STAT,(NULL),OuterRoundsExecuted,40,4,4,0,0,0,0,0,0,0,0,0,0,0,0,0,0,0,0,0,0,0,0,0,0,0,0,0,0,0,0,0,0,0,0,0,0,0,0,0,0,0
STAT,(NULL),RoundsExecuted,40,4,4,0,0,0,0,0,0,0,0,0,0,0,0,0,0,0,0,0,0,0,0,0,0,0,0,0,0,0,0,0,0,0,0,0,0,0,0,0,0,0
STAT,(NULL),Threads,40,40,40,0,0,0,0,0,0,0,0,0,0,0,0,0,0,0,0,0,0,0,0,0,0,0,0,0,0,0,0,0,0,0,0,0,0,0,0,0,0,0
STAT,(NULL),Time,40,780,780,0,0,0,0,0,0,0,0,0,0,0,0,0,0,0,0,0,0,0,0,0,0,0,0,0,0,0,0,0,0,0,0,0,0,0,0,0,0,0
STAT,(NULL),refine,40,780,780,0,0,0,0,0,0,0,0,0,0,0,0,0,0,0,0,0,0,0,0,0,0,0,0,0,0,0,0,0,0,0,0,0,0,0,0,0,0,0
STAT,allocate,LoopTime,40,47,47,0,0,0,0,0,0,0,0,0,0,0,0,0,0,0,0,0,0,0,0,0,0,0,0,0,0,0,0,0,0,0,0,0,0,0,0,0,0,0
STAT,count_if,LoopTime,40,18,18,0,0,0,0,0,0,0,0,0,0,0,0,0,0,0,0,0,0,0,0,0,0,0,0,0,0,0,0,0,0,0,0,0,0,0,0,0,0,0
STAT,refine,Conflicts,40,0,0,0,0,0,0,0,0,0,0,0,0,0,0,0,0,0,0,0,0,0,0,0,0,0,0,0,0,0,0,0,0,0,0,0,0,0,0,0,0,0
STAT,refine,Iterations,40,52572,1182,1437,1249,1254,1209,1280,1176,1395,1405,1424,1296,1164,1392,1390,1315,1334,1231,1256,1310,1402,1356,1327,1252,1258,1291,1445,1224,1295,1337,1417,1340,1319,1299,1231,1336,1234,1490,1200,1298,1522
STAT,refine,LoopTime,40,779,779,0,0,0,0,0,0,0,0,0,0,0,0,0,0,0,0,0,0,0,0,0,0,0,0,0,0,0,0,0,0,0,0,0,0,0,0,0,0,0
Galois Benchmark Suite v2.2.1 (r0)
Copyright (C) 2014 The University of Texas at Austin
http://iss.ices.utexas.edu/galois/

application: Delaunay Mesh Refinement
Refines a Delaunay triangulation mesh such that no angle in the mesh is less than 30 degrees
http://iss.ices.utexas.edu/?p=projects/galois/benchmarks/delaunay_mesh_refinement

INFO: CommandLine ./delaunayrefinement -t 44 /home/users/kkazatzis/Galois-2.2.1/inputs/meshes/r10k.1
INFO: Hostname broady
Using bin for node
Using bin for ele
Using bin for poly
configuration: 20004 total triangles, 9775 bad triangles
Total Time: 34.84 s
	Conflict aborts: 211173
	Capacity aborts: 3267
	Retry aborts: 0
	Explicit aborts: 40
	Debug aborts: 0
	Nested aborts: 110
	Total aborts: 782082
80144 total triangles
Refinement OK
STATTYPE,LOOP,CATEGORY,n,sum,T0,T1,T2,T3,T4,T5,T6,T7,T8,T9,T10,T11,T12,T13,T14,T15,T16,T17,T18,T19,T20,T21,T22,T23,T24,T25,T26,T27,T28,T29,T30,T31,T32,T33,T34,T35,T36,T37,T38,T39,T40,T41,T42,T43
STAT,(NULL),Conflicts,44,0,0,0,0,0,0,0,0,0,0,0,0,0,0,0,0,0,0,0,0,0,0,0,0,0,0,0,0,0,0,0,0,0,0,0,0,0,0,0,0,0,0,0,0,0
STAT,(NULL),Iterations,44,9775,255,127,223,287,159,255,287,158,222,222,254,158,286,286,286,222,190,190,190,190,158,286,254,158,190,286,190,158,222,254,222,254,190,222,190,286,254,254,190,222,158,254,254,222
STAT,(NULL),MeminfoMid,44,968,22,22,22,22,22,22,22,22,22,22,22,22,22,22,22,22,22,22,22,22,22,22,22,22,22,22,22,22,22,22,22,22,22,22,22,22,22,22,22,22,22,22,22,22
STAT,(NULL),MeminfoPost,44,968,22,22,22,22,22,22,22,22,22,22,22,22,22,22,22,22,22,22,22,22,22,22,22,22,22,22,22,22,22,22,22,22,22,22,22,22,22,22,22,22,22,22,22,22
STAT,(NULL),MeminfoPre1,44,88,2,2,2,2,2,2,2,2,2,2,2,2,2,2,2,2,2,2,2,2,2,2,2,2,2,2,2,2,2,2,2,2,2,2,2,2,2,2,2,2,2,2,2,2
STAT,(NULL),MeminfoPre2,44,968,22,22,22,22,22,22,22,22,22,22,22,22,22,22,22,22,22,22,22,22,22,22,22,22,22,22,22,22,22,22,22,22,22,22,22,22,22,22,22,22,22,22,22,22
STAT,(NULL),OuterRoundsExecuted,44,4,4,0,0,0,0,0,0,0,0,0,0,0,0,0,0,0,0,0,0,0,0,0,0,0,0,0,0,0,0,0,0,0,0,0,0,0,0,0,0,0,0,0,0,0
STAT,(NULL),RoundsExecuted,44,4,4,0,0,0,0,0,0,0,0,0,0,0,0,0,0,0,0,0,0,0,0,0,0,0,0,0,0,0,0,0,0,0,0,0,0,0,0,0,0,0,0,0,0,0
STAT,(NULL),Threads,44,44,44,0,0,0,0,0,0,0,0,0,0,0,0,0,0,0,0,0,0,0,0,0,0,0,0,0,0,0,0,0,0,0,0,0,0,0,0,0,0,0,0,0,0,0
STAT,(NULL),Time,44,806,806,0,0,0,0,0,0,0,0,0,0,0,0,0,0,0,0,0,0,0,0,0,0,0,0,0,0,0,0,0,0,0,0,0,0,0,0,0,0,0,0,0,0,0
STAT,(NULL),refine,44,805,805,0,0,0,0,0,0,0,0,0,0,0,0,0,0,0,0,0,0,0,0,0,0,0,0,0,0,0,0,0,0,0,0,0,0,0,0,0,0,0,0,0,0,0
STAT,allocate,LoopTime,44,53,53,0,0,0,0,0,0,0,0,0,0,0,0,0,0,0,0,0,0,0,0,0,0,0,0,0,0,0,0,0,0,0,0,0,0,0,0,0,0,0,0,0,0,0
STAT,count_if,LoopTime,44,18,18,0,0,0,0,0,0,0,0,0,0,0,0,0,0,0,0,0,0,0,0,0,0,0,0,0,0,0,0,0,0,0,0,0,0,0,0,0,0,0,0,0,0,0
STAT,refine,Conflicts,44,0,0,0,0,0,0,0,0,0,0,0,0,0,0,0,0,0,0,0,0,0,0,0,0,0,0,0,0,0,0,0,0,0,0,0,0,0,0,0,0,0,0,0,0,0
STAT,refine,Iterations,44,52462,1120,1250,1251,1059,1082,1244,1158,1017,1006,1106,1245,1126,1189,1349,1187,1057,1153,1068,1097,1088,1206,1158,1190,1255,1324,1245,1203,1181,1219,1384,1193,1261,1302,1162,1205,1248,1211,1122,1137,1124,1446,1206,1270,1358
STAT,refine,LoopTime,44,804,804,0,0,0,0,0,0,0,0,0,0,0,0,0,0,0,0,0,0,0,0,0,0,0,0,0,0,0,0,0,0,0,0,0,0,0,0,0,0,0,0,0,0,0
Galois Benchmark Suite v2.2.1 (r0)
Copyright (C) 2014 The University of Texas at Austin
http://iss.ices.utexas.edu/galois/

application: Delaunay Mesh Refinement
Refines a Delaunay triangulation mesh such that no angle in the mesh is less than 30 degrees
http://iss.ices.utexas.edu/?p=projects/galois/benchmarks/delaunay_mesh_refinement

INFO: CommandLine ./delaunayrefinement -t 44 /home/users/kkazatzis/Galois-2.2.1/inputs/meshes/r10k.1
INFO: Hostname broady
Using bin for node
Using bin for ele
Using bin for poly
configuration: 20004 total triangles, 9775 bad triangles
Total Time: 32.74 s
	Conflict aborts: 223412
	Capacity aborts: 2987
	Retry aborts: 0
	Explicit aborts: 28
	Debug aborts: 0
	Nested aborts: 102
	Total aborts: 780687
80034 total triangles
Refinement OK
STATTYPE,LOOP,CATEGORY,n,sum,T0,T1,T2,T3,T4,T5,T6,T7,T8,T9,T10,T11,T12,T13,T14,T15,T16,T17,T18,T19,T20,T21,T22,T23,T24,T25,T26,T27,T28,T29,T30,T31,T32,T33,T34,T35,T36,T37,T38,T39,T40,T41,T42,T43
STAT,(NULL),Conflicts,44,0,0,0,0,0,0,0,0,0,0,0,0,0,0,0,0,0,0,0,0,0,0,0,0,0,0,0,0,0,0,0,0,0,0,0,0,0,0,0,0,0,0,0,0,0
STAT,(NULL),Iterations,44,9775,191,223,159,159,287,255,191,222,158,222,222,286,190,190,190,254,254,254,254,158,126,222,158,222,254,254,286,254,190,254,222,126,222,254,222,318,158,254,254,222,190,254,318,222
STAT,(NULL),MeminfoMid,44,968,22,22,22,22,22,22,22,22,22,22,22,22,22,22,22,22,22,22,22,22,22,22,22,22,22,22,22,22,22,22,22,22,22,22,22,22,22,22,22,22,22,22,22,22
STAT,(NULL),MeminfoPost,44,968,22,22,22,22,22,22,22,22,22,22,22,22,22,22,22,22,22,22,22,22,22,22,22,22,22,22,22,22,22,22,22,22,22,22,22,22,22,22,22,22,22,22,22,22
STAT,(NULL),MeminfoPre1,44,88,2,2,2,2,2,2,2,2,2,2,2,2,2,2,2,2,2,2,2,2,2,2,2,2,2,2,2,2,2,2,2,2,2,2,2,2,2,2,2,2,2,2,2,2
STAT,(NULL),MeminfoPre2,44,968,22,22,22,22,22,22,22,22,22,22,22,22,22,22,22,22,22,22,22,22,22,22,22,22,22,22,22,22,22,22,22,22,22,22,22,22,22,22,22,22,22,22,22,22
STAT,(NULL),OuterRoundsExecuted,44,4,4,0,0,0,0,0,0,0,0,0,0,0,0,0,0,0,0,0,0,0,0,0,0,0,0,0,0,0,0,0,0,0,0,0,0,0,0,0,0,0,0,0,0,0
STAT,(NULL),RoundsExecuted,44,4,4,0,0,0,0,0,0,0,0,0,0,0,0,0,0,0,0,0,0,0,0,0,0,0,0,0,0,0,0,0,0,0,0,0,0,0,0,0,0,0,0,0,0,0
STAT,(NULL),Threads,44,44,44,0,0,0,0,0,0,0,0,0,0,0,0,0,0,0,0,0,0,0,0,0,0,0,0,0,0,0,0,0,0,0,0,0,0,0,0,0,0,0,0,0,0,0
STAT,(NULL),Time,44,756,756,0,0,0,0,0,0,0,0,0,0,0,0,0,0,0,0,0,0,0,0,0,0,0,0,0,0,0,0,0,0,0,0,0,0,0,0,0,0,0,0,0,0,0
STAT,(NULL),refine,44,756,756,0,0,0,0,0,0,0,0,0,0,0,0,0,0,0,0,0,0,0,0,0,0,0,0,0,0,0,0,0,0,0,0,0,0,0,0,0,0,0,0,0,0,0
STAT,allocate,LoopTime,44,52,52,0,0,0,0,0,0,0,0,0,0,0,0,0,0,0,0,0,0,0,0,0,0,0,0,0,0,0,0,0,0,0,0,0,0,0,0,0,0,0,0,0,0,0
STAT,count_if,LoopTime,44,18,18,0,0,0,0,0,0,0,0,0,0,0,0,0,0,0,0,0,0,0,0,0,0,0,0,0,0,0,0,0,0,0,0,0,0,0,0,0,0,0,0,0,0,0
STAT,refine,Conflicts,44,0,0,0,0,0,0,0,0,0,0,0,0,0,0,0,0,0,0,0,0,0,0,0,0,0,0,0,0,0,0,0,0,0,0,0,0,0,0,0,0,0,0,0,0,0
STAT,refine,Iterations,44,52273,1185,1252,1130,1076,1089,1123,1176,1017,1074,1111,1227,1072,1089,1336,1289,1057,1091,1032,1097,1088,1183,1192,1236,1252,1294,1253,1229,1181,1273,1380,1284,1302,1344,1156,1223,1198,1278,1150,1122,1168,1262,1162,1178,1362
STAT,refine,LoopTime,44,755,755,0,0,0,0,0,0,0,0,0,0,0,0,0,0,0,0,0,0,0,0,0,0,0,0,0,0,0,0,0,0,0,0,0,0,0,0,0,0,0,0,0,0,0
Galois Benchmark Suite v2.2.1 (r0)
Copyright (C) 2014 The University of Texas at Austin
http://iss.ices.utexas.edu/galois/

application: Delaunay Mesh Refinement
Refines a Delaunay triangulation mesh such that no angle in the mesh is less than 30 degrees
http://iss.ices.utexas.edu/?p=projects/galois/benchmarks/delaunay_mesh_refinement

INFO: CommandLine ./delaunayrefinement -t 44 /home/users/kkazatzis/Galois-2.2.1/inputs/meshes/r10k.1
INFO: Hostname broady
Using bin for node
Using bin for ele
Using bin for poly
configuration: 20004 total triangles, 9775 bad triangles
Total Time: 31.88 s
	Conflict aborts: 222307
	Capacity aborts: 3168
	Retry aborts: 0
	Explicit aborts: 39
	Debug aborts: 0
	Nested aborts: 119
	Total aborts: 780381
80006 total triangles
Refinement OK
STATTYPE,LOOP,CATEGORY,n,sum,T0,T1,T2,T3,T4,T5,T6,T7,T8,T9,T10,T11,T12,T13,T14,T15,T16,T17,T18,T19,T20,T21,T22,T23,T24,T25,T26,T27,T28,T29,T30,T31,T32,T33,T34,T35,T36,T37,T38,T39,T40,T41,T42,T43
STAT,(NULL),Conflicts,44,0,0,0,0,0,0,0,0,0,0,0,0,0,0,0,0,0,0,0,0,0,0,0,0,0,0,0,0,0,0,0,0,0,0,0,0,0,0,0,0,0,0,0,0,0
STAT,(NULL),Iterations,44,9775,223,287,223,223,159,255,255,286,318,158,190,286,222,190,318,254,286,350,222,286,286,158,190,318,318,190,318,158,190,126,190,126,190,254,158,158,190,158,158,222,190,190,222,126
STAT,(NULL),MeminfoMid,44,968,22,22,22,22,22,22,22,22,22,22,22,22,22,22,22,22,22,22,22,22,22,22,22,22,22,22,22,22,22,22,22,22,22,22,22,22,22,22,22,22,22,22,22,22
STAT,(NULL),MeminfoPost,44,968,22,22,22,22,22,22,22,22,22,22,22,22,22,22,22,22,22,22,22,22,22,22,22,22,22,22,22,22,22,22,22,22,22,22,22,22,22,22,22,22,22,22,22,22
STAT,(NULL),MeminfoPre1,44,88,2,2,2,2,2,2,2,2,2,2,2,2,2,2,2,2,2,2,2,2,2,2,2,2,2,2,2,2,2,2,2,2,2,2,2,2,2,2,2,2,2,2,2,2
STAT,(NULL),MeminfoPre2,44,968,22,22,22,22,22,22,22,22,22,22,22,22,22,22,22,22,22,22,22,22,22,22,22,22,22,22,22,22,22,22,22,22,22,22,22,22,22,22,22,22,22,22,22,22
STAT,(NULL),OuterRoundsExecuted,44,4,4,0,0,0,0,0,0,0,0,0,0,0,0,0,0,0,0,0,0,0,0,0,0,0,0,0,0,0,0,0,0,0,0,0,0,0,0,0,0,0,0,0,0,0
STAT,(NULL),RoundsExecuted,44,4,4,0,0,0,0,0,0,0,0,0,0,0,0,0,0,0,0,0,0,0,0,0,0,0,0,0,0,0,0,0,0,0,0,0,0,0,0,0,0,0,0,0,0,0
STAT,(NULL),Threads,44,44,44,0,0,0,0,0,0,0,0,0,0,0,0,0,0,0,0,0,0,0,0,0,0,0,0,0,0,0,0,0,0,0,0,0,0,0,0,0,0,0,0,0,0,0
STAT,(NULL),Time,44,737,737,0,0,0,0,0,0,0,0,0,0,0,0,0,0,0,0,0,0,0,0,0,0,0,0,0,0,0,0,0,0,0,0,0,0,0,0,0,0,0,0,0,0,0
STAT,(NULL),refine,44,736,736,0,0,0,0,0,0,0,0,0,0,0,0,0,0,0,0,0,0,0,0,0,0,0,0,0,0,0,0,0,0,0,0,0,0,0,0,0,0,0,0,0,0,0
STAT,allocate,LoopTime,44,52,52,0,0,0,0,0,0,0,0,0,0,0,0,0,0,0,0,0,0,0,0,0,0,0,0,0,0,0,0,0,0,0,0,0,0,0,0,0,0,0,0,0,0,0
STAT,count_if,LoopTime,44,18,18,0,0,0,0,0,0,0,0,0,0,0,0,0,0,0,0,0,0,0,0,0,0,0,0,0,0,0,0,0,0,0,0,0,0,0,0,0,0,0,0,0,0,0
STAT,refine,Conflicts,44,0,0,0,0,0,0,0,0,0,0,0,0,0,0,0,0,0,0,0,0,0,0,0,0,0,0,0,0,0,0,0,0,0,0,0,0,0,0,0,0,0,0,0,0,0
STAT,refine,Iterations,44,52342,1233,1102,1206,1063,1095,1235,1157,1017,1059,1106,1275,1146,1190,1386,1106,1065,1172,1065,1097,1088,1172,1180,1213,1293,1296,1228,1161,1076,1313,1330,1303,1202,1330,1127,1204,1315,1182,1160,1204,1194,1282,1148,1175,1391
STAT,refine,LoopTime,44,735,735,0,0,0,0,0,0,0,0,0,0,0,0,0,0,0,0,0,0,0,0,0,0,0,0,0,0,0,0,0,0,0,0,0,0,0,0,0,0,0,0,0,0,0
Galois Benchmark Suite v2.2.1 (r0)
Copyright (C) 2014 The University of Texas at Austin
http://iss.ices.utexas.edu/galois/

application: Delaunay Mesh Refinement
Refines a Delaunay triangulation mesh such that no angle in the mesh is less than 30 degrees
http://iss.ices.utexas.edu/?p=projects/galois/benchmarks/delaunay_mesh_refinement

INFO: CommandLine ./delaunayrefinement -t 44 /home/users/kkazatzis/Galois-2.2.1/inputs/meshes/r10k.1
INFO: Hostname broady
Using bin for node
Using bin for ele
Using bin for poly
configuration: 20004 total triangles, 9775 bad triangles
Total Time: 34.66 s
	Conflict aborts: 215070
	Capacity aborts: 3333
	Retry aborts: 0
	Explicit aborts: 22
	Debug aborts: 0
	Nested aborts: 75
	Total aborts: 783006
80206 total triangles
Refinement OK
STATTYPE,LOOP,CATEGORY,n,sum,T0,T1,T2,T3,T4,T5,T6,T7,T8,T9,T10,T11,T12,T13,T14,T15,T16,T17,T18,T19,T20,T21,T22,T23,T24,T25,T26,T27,T28,T29,T30,T31,T32,T33,T34,T35,T36,T37,T38,T39,T40,T41,T42,T43
STAT,(NULL),Conflicts,44,0,0,0,0,0,0,0,0,0,0,0,0,0,0,0,0,0,0,0,0,0,0,0,0,0,0,0,0,0,0,0,0,0,0,0,0,0,0,0,0,0,0,0,0,0
STAT,(NULL),Iterations,44,9775,287,191,287,191,319,159,159,222,190,254,286,254,254,254,222,286,190,254,222,158,222,222,158,190,190,222,190,222,190,190,222,190,318,190,286,286,222,158,158,158,190,222,286,254
STAT,(NULL),MeminfoMid,44,968,22,22,22,22,22,22,22,22,22,22,22,22,22,22,22,22,22,22,22,22,22,22,22,22,22,22,22,22,22,22,22,22,22,22,22,22,22,22,22,22,22,22,22,22
STAT,(NULL),MeminfoPost,44,968,22,22,22,22,22,22,22,22,22,22,22,22,22,22,22,22,22,22,22,22,22,22,22,22,22,22,22,22,22,22,22,22,22,22,22,22,22,22,22,22,22,22,22,22
STAT,(NULL),MeminfoPre1,44,88,2,2,2,2,2,2,2,2,2,2,2,2,2,2,2,2,2,2,2,2,2,2,2,2,2,2,2,2,2,2,2,2,2,2,2,2,2,2,2,2,2,2,2,2
STAT,(NULL),MeminfoPre2,44,968,22,22,22,22,22,22,22,22,22,22,22,22,22,22,22,22,22,22,22,22,22,22,22,22,22,22,22,22,22,22,22,22,22,22,22,22,22,22,22,22,22,22,22,22
STAT,(NULL),OuterRoundsExecuted,44,4,4,0,0,0,0,0,0,0,0,0,0,0,0,0,0,0,0,0,0,0,0,0,0,0,0,0,0,0,0,0,0,0,0,0,0,0,0,0,0,0,0,0,0,0
STAT,(NULL),RoundsExecuted,44,4,4,0,0,0,0,0,0,0,0,0,0,0,0,0,0,0,0,0,0,0,0,0,0,0,0,0,0,0,0,0,0,0,0,0,0,0,0,0,0,0,0,0,0,0
STAT,(NULL),Threads,44,44,44,0,0,0,0,0,0,0,0,0,0,0,0,0,0,0,0,0,0,0,0,0,0,0,0,0,0,0,0,0,0,0,0,0,0,0,0,0,0,0,0,0,0,0
STAT,(NULL),Time,44,802,802,0,0,0,0,0,0,0,0,0,0,0,0,0,0,0,0,0,0,0,0,0,0,0,0,0,0,0,0,0,0,0,0,0,0,0,0,0,0,0,0,0,0,0
STAT,(NULL),refine,44,802,802,0,0,0,0,0,0,0,0,0,0,0,0,0,0,0,0,0,0,0,0,0,0,0,0,0,0,0,0,0,0,0,0,0,0,0,0,0,0,0,0,0,0,0
STAT,allocate,LoopTime,44,53,53,0,0,0,0,0,0,0,0,0,0,0,0,0,0,0,0,0,0,0,0,0,0,0,0,0,0,0,0,0,0,0,0,0,0,0,0,0,0,0,0,0,0,0
STAT,count_if,LoopTime,44,18,18,0,0,0,0,0,0,0,0,0,0,0,0,0,0,0,0,0,0,0,0,0,0,0,0,0,0,0,0,0,0,0,0,0,0,0,0,0,0,0,0,0,0,0
STAT,refine,Conflicts,44,0,0,0,0,0,0,0,0,0,0,0,0,0,0,0,0,0,0,0,0,0,0,0,0,0,0,0,0,0,0,0,0,0,0,0,0,0,0,0,0,0,0,0,0,0
STAT,refine,Iterations,44,52582,1109,1250,1247,989,1088,1184,1205,1059,1075,1051,1254,1143,1053,1343,1196,1114,1163,1094,1132,1088,1145,1259,1109,1294,1295,1222,1182,1181,1260,1379,1189,1245,1315,1166,1246,1184,1181,1166,1203,1124,1487,1245,1278,1390
STAT,refine,LoopTime,44,801,801,0,0,0,0,0,0,0,0,0,0,0,0,0,0,0,0,0,0,0,0,0,0,0,0,0,0,0,0,0,0,0,0,0,0,0,0,0,0,0,0,0,0,0
Galois Benchmark Suite v2.2.1 (r0)
Copyright (C) 2014 The University of Texas at Austin
http://iss.ices.utexas.edu/galois/

application: Delaunay Mesh Refinement
Refines a Delaunay triangulation mesh such that no angle in the mesh is less than 30 degrees
http://iss.ices.utexas.edu/?p=projects/galois/benchmarks/delaunay_mesh_refinement

INFO: CommandLine ./delaunayrefinement -t 44 /home/users/kkazatzis/Galois-2.2.1/inputs/meshes/r10k.1
INFO: Hostname broady
Using bin for node
Using bin for ele
Using bin for poly
configuration: 20004 total triangles, 9775 bad triangles
Total Time: 32.70 s
	Conflict aborts: 221763
	Capacity aborts: 3009
	Retry aborts: 0
	Explicit aborts: 47
	Debug aborts: 0
	Nested aborts: 146
	Total aborts: 783096
80214 total triangles
Refinement OK
STATTYPE,LOOP,CATEGORY,n,sum,T0,T1,T2,T3,T4,T5,T6,T7,T8,T9,T10,T11,T12,T13,T14,T15,T16,T17,T18,T19,T20,T21,T22,T23,T24,T25,T26,T27,T28,T29,T30,T31,T32,T33,T34,T35,T36,T37,T38,T39,T40,T41,T42,T43
STAT,(NULL),Conflicts,44,0,0,0,0,0,0,0,0,0,0,0,0,0,0,0,0,0,0,0,0,0,0,0,0,0,0,0,0,0,0,0,0,0,0,0,0,0,0,0,0,0,0,0,0,0
STAT,(NULL),Iterations,44,9775,191,255,255,255,223,159,223,158,286,286,190,190,126,126,254,254,254,190,190,190,190,222,318,190,190,158,254,126,190,190,318,222,254,286,126,222,190,254,318,350,222,254,222,254
STAT,(NULL),MeminfoMid,44,968,22,22,22,22,22,22,22,22,22,22,22,22,22,22,22,22,22,22,22,22,22,22,22,22,22,22,22,22,22,22,22,22,22,22,22,22,22,22,22,22,22,22,22,22
STAT,(NULL),MeminfoPost,44,968,22,22,22,22,22,22,22,22,22,22,22,22,22,22,22,22,22,22,22,22,22,22,22,22,22,22,22,22,22,22,22,22,22,22,22,22,22,22,22,22,22,22,22,22
STAT,(NULL),MeminfoPre1,44,88,2,2,2,2,2,2,2,2,2,2,2,2,2,2,2,2,2,2,2,2,2,2,2,2,2,2,2,2,2,2,2,2,2,2,2,2,2,2,2,2,2,2,2,2
STAT,(NULL),MeminfoPre2,44,968,22,22,22,22,22,22,22,22,22,22,22,22,22,22,22,22,22,22,22,22,22,22,22,22,22,22,22,22,22,22,22,22,22,22,22,22,22,22,22,22,22,22,22,22
STAT,(NULL),OuterRoundsExecuted,44,4,4,0,0,0,0,0,0,0,0,0,0,0,0,0,0,0,0,0,0,0,0,0,0,0,0,0,0,0,0,0,0,0,0,0,0,0,0,0,0,0,0,0,0,0
STAT,(NULL),RoundsExecuted,44,4,4,0,0,0,0,0,0,0,0,0,0,0,0,0,0,0,0,0,0,0,0,0,0,0,0,0,0,0,0,0,0,0,0,0,0,0,0,0,0,0,0,0,0,0
STAT,(NULL),Threads,44,44,44,0,0,0,0,0,0,0,0,0,0,0,0,0,0,0,0,0,0,0,0,0,0,0,0,0,0,0,0,0,0,0,0,0,0,0,0,0,0,0,0,0,0,0
STAT,(NULL),Time,44,755,755,0,0,0,0,0,0,0,0,0,0,0,0,0,0,0,0,0,0,0,0,0,0,0,0,0,0,0,0,0,0,0,0,0,0,0,0,0,0,0,0,0,0,0
STAT,(NULL),refine,44,755,755,0,0,0,0,0,0,0,0,0,0,0,0,0,0,0,0,0,0,0,0,0,0,0,0,0,0,0,0,0,0,0,0,0,0,0,0,0,0,0,0,0,0,0
STAT,allocate,LoopTime,44,53,53,0,0,0,0,0,0,0,0,0,0,0,0,0,0,0,0,0,0,0,0,0,0,0,0,0,0,0,0,0,0,0,0,0,0,0,0,0,0,0,0,0,0,0
STAT,count_if,LoopTime,44,18,18,0,0,0,0,0,0,0,0,0,0,0,0,0,0,0,0,0,0,0,0,0,0,0,0,0,0,0,0,0,0,0,0,0,0,0,0,0,0,0,0,0,0,0
STAT,refine,Conflicts,44,0,0,0,0,0,0,0,0,0,0,0,0,0,0,0,0,0,0,0,0,0,0,0,0,0,0,0,0,0,0,0,0,0,0,0,0,0,0,0,0,0,0,0,0,0
STAT,refine,Iterations,44,52459,1130,1124,1185,1058,1086,1104,1155,1017,1135,1092,1269,1259,1198,1337,1176,1056,1077,1036,1097,1088,1219,1105,1217,1254,1325,1264,1148,1181,1324,1331,1290,1170,1344,1236,1212,1222,1117,1178,1144,1125,1376,1242,1274,1482
STAT,refine,LoopTime,44,754,754,0,0,0,0,0,0,0,0,0,0,0,0,0,0,0,0,0,0,0,0,0,0,0,0,0,0,0,0,0,0,0,0,0,0,0,0,0,0,0,0,0,0,0

