Galois Benchmark Suite v2.2.1 (r0)
Copyright (C) 2014 The University of Texas at Austin
http://iss.ices.utexas.edu/galois/

application: Delaunay Triangulation
Produces a Delaunay triangulation for a set of points
http://iss.ices.utexas.edu/?p=projects/galois/benchmarks/delaunay_triangulation

INFO: CommandLine ./delaunaytriangulation -t 1 /home/users/kkazatzis/Galois-2.2.1/inputs/meshes/r100k.node
INFO: Hostname broady
configuration: 100003 points
mesh size: 200004
	Conflict aborts: 12
	Capacity aborts: 90371
	Retry aborts: 0
	Explicit aborts: 0
	Debug aborts: 0
	Nested aborts: 2
	Total aborts: 90670
Triangulation OK
STATTYPE,LOOP,CATEGORY,n,sum,T0
STAT,(NULL),Conflicts,1,0,0
STAT,(NULL),Iterations,1,100000,100000
STAT,(NULL),LoopTime,1,1103,1103
STAT,(NULL),MeminfoPost,1,75,75
STAT,(NULL),MeminfoPre,1,75,75
STAT,(NULL),Threads,1,1,1
STAT,(NULL),Time,1,1101,1101
Galois Benchmark Suite v2.2.1 (r0)
Copyright (C) 2014 The University of Texas at Austin
http://iss.ices.utexas.edu/galois/

application: Delaunay Triangulation
Produces a Delaunay triangulation for a set of points
http://iss.ices.utexas.edu/?p=projects/galois/benchmarks/delaunay_triangulation

INFO: CommandLine ./delaunaytriangulation -t 2 /home/users/kkazatzis/Galois-2.2.1/inputs/meshes/r100k.node
INFO: Hostname broady
configuration: 100003 points
mesh size: 200004
	Conflict aborts: 24079
	Capacity aborts: 83424
	Retry aborts: 0
	Explicit aborts: 0
	Debug aborts: 0
	Nested aborts: 2
	Total aborts: 107845
Triangulation OK
STATTYPE,LOOP,CATEGORY,n,sum,T0,T1
STAT,(NULL),Conflicts,2,0,0,0
STAT,(NULL),Iterations,2,100000,51088,48912
STAT,(NULL),LoopTime,2,576,576,0
STAT,(NULL),MeminfoPost,2,78,39,39
STAT,(NULL),MeminfoPre,2,78,39,39
STAT,(NULL),Threads,2,2,2,0
STAT,(NULL),Time,2,575,575,0
Galois Benchmark Suite v2.2.1 (r0)
Copyright (C) 2014 The University of Texas at Austin
http://iss.ices.utexas.edu/galois/

application: Delaunay Triangulation
Produces a Delaunay triangulation for a set of points
http://iss.ices.utexas.edu/?p=projects/galois/benchmarks/delaunay_triangulation

INFO: CommandLine ./delaunaytriangulation -t 4 /home/users/kkazatzis/Galois-2.2.1/inputs/meshes/r100k.node
INFO: Hostname broady
configuration: 100003 points
mesh size: 200004
	Conflict aborts: 126079
	Capacity aborts: 65042
	Retry aborts: 0
	Explicit aborts: 1
	Debug aborts: 0
	Nested aborts: 2
	Total aborts: 191430
Triangulation OK
STATTYPE,LOOP,CATEGORY,n,sum,T0,T1,T2,T3
STAT,(NULL),Conflicts,4,0,0,0,0,0
STAT,(NULL),Iterations,4,100000,20232,27144,26248,26376
STAT,(NULL),LoopTime,4,338,338,0,0,0
STAT,(NULL),MeminfoPost,4,84,21,21,21,21
STAT,(NULL),MeminfoPre,4,84,21,21,21,21
STAT,(NULL),Threads,4,4,4,0,0,0
STAT,(NULL),Time,4,338,338,0,0,0
Galois Benchmark Suite v2.2.1 (r0)
Copyright (C) 2014 The University of Texas at Austin
http://iss.ices.utexas.edu/galois/

application: Delaunay Triangulation
Produces a Delaunay triangulation for a set of points
http://iss.ices.utexas.edu/?p=projects/galois/benchmarks/delaunay_triangulation

INFO: CommandLine ./delaunaytriangulation -t 8 /home/users/kkazatzis/Galois-2.2.1/inputs/meshes/r100k.node
INFO: Hostname broady
configuration: 100003 points
mesh size: 200004
	Conflict aborts: 245469
	Capacity aborts: 45684
	Retry aborts: 0
	Explicit aborts: 3
	Debug aborts: 0
	Nested aborts: 0
	Total aborts: 291430
Triangulation OK
STATTYPE,LOOP,CATEGORY,n,sum,T0,T1,T2,T3,T4,T5,T6,T7
STAT,(NULL),Conflicts,8,0,0,0,0,0,0,0,0,0
STAT,(NULL),Iterations,8,100000,11732,12724,13620,11988,13044,12148,11956,12788
STAT,(NULL),LoopTime,8,302,302,0,0,0,0,0,0,0
STAT,(NULL),MeminfoPost,8,96,12,12,12,12,12,12,12,12
STAT,(NULL),MeminfoPre,8,96,12,12,12,12,12,12,12,12
STAT,(NULL),Threads,8,8,8,0,0,0,0,0,0,0
STAT,(NULL),Time,8,302,302,0,0,0,0,0,0,0
Galois Benchmark Suite v2.2.1 (r0)
Copyright (C) 2014 The University of Texas at Austin
http://iss.ices.utexas.edu/galois/

application: Delaunay Triangulation
Produces a Delaunay triangulation for a set of points
http://iss.ices.utexas.edu/?p=projects/galois/benchmarks/delaunay_triangulation

INFO: CommandLine ./delaunaytriangulation -t 16 /home/users/kkazatzis/Galois-2.2.1/inputs/meshes/r100k.node
INFO: Hostname broady
configuration: 100003 points
mesh size: 200004
	Conflict aborts: 436269
	Capacity aborts: 41602
	Retry aborts: 0
	Explicit aborts: 2
	Debug aborts: 0
	Nested aborts: 2
	Total aborts: 478589
Triangulation OK
STATTYPE,LOOP,CATEGORY,n,sum,T0,T1,T2,T3,T4,T5,T6,T7,T8,T9,T10,T11,T12,T13,T14,T15
STAT,(NULL),Conflicts,16,0,0,0,0,0,0,0,0,0,0,0,0,0,0,0,0,0
STAT,(NULL),Iterations,16,100000,6442,6506,6666,6538,6058,6666,5642,5898,6026,6506,6122,6058,6058,6154,6602,6058
STAT,(NULL),LoopTime,16,426,426,0,0,0,0,0,0,0,0,0,0,0,0,0,0,0
STAT,(NULL),MeminfoPost,16,132,8,8,9,9,8,9,8,8,8,8,8,8,8,8,9,8
STAT,(NULL),MeminfoPre,16,112,7,7,7,7,7,7,7,7,7,7,7,7,7,7,7,7
STAT,(NULL),Threads,16,16,16,0,0,0,0,0,0,0,0,0,0,0,0,0,0,0
STAT,(NULL),Time,16,426,426,0,0,0,0,0,0,0,0,0,0,0,0,0,0,0
Galois Benchmark Suite v2.2.1 (r0)
Copyright (C) 2014 The University of Texas at Austin
http://iss.ices.utexas.edu/galois/

application: Delaunay Triangulation
Produces a Delaunay triangulation for a set of points
http://iss.ices.utexas.edu/?p=projects/galois/benchmarks/delaunay_triangulation

INFO: CommandLine ./delaunaytriangulation -t 24 /home/users/kkazatzis/Galois-2.2.1/inputs/meshes/r100k.node
INFO: Hostname broady
configuration: 100003 points
mesh size: 200004
	Conflict aborts: 598798
	Capacity aborts: 44031
	Retry aborts: 0
	Explicit aborts: 7
	Debug aborts: 0
	Nested aborts: 1
	Total aborts: 643497
Triangulation OK
STATTYPE,LOOP,CATEGORY,n,sum,T0,T1,T2,T3,T4,T5,T6,T7,T8,T9,T10,T11,T12,T13,T14,T15,T16,T17,T18,T19,T20,T21,T22,T23
STAT,(NULL),Conflicts,24,0,0,0,0,0,0,0,0,0,0,0,0,0,0,0,0,0,0,0,0,0,0,0,0,0
STAT,(NULL),Iterations,24,100000,3879,4199,4167,4167,4263,3911,4455,4391,4199,4167,3975,4295,3943,4039,4295,3751,4039,4199,3879,4263,4167,3783,4743,4831
STAT,(NULL),LoopTime,24,569,569,0,0,0,0,0,0,0,0,0,0,0,0,0,0,0,0,0,0,0,0,0,0,0
STAT,(NULL),MeminfoPost,24,170,7,7,7,7,7,7,7,7,7,7,7,7,7,7,7,7,7,7,7,7,7,7,8,8
STAT,(NULL),MeminfoPre,24,144,6,6,6,6,6,6,6,6,6,6,6,6,6,6,6,6,6,6,6,6,6,6,6,6
STAT,(NULL),Threads,24,24,24,0,0,0,0,0,0,0,0,0,0,0,0,0,0,0,0,0,0,0,0,0,0,0
STAT,(NULL),Time,24,569,569,0,0,0,0,0,0,0,0,0,0,0,0,0,0,0,0,0,0,0,0,0,0,0
Galois Benchmark Suite v2.2.1 (r0)
Copyright (C) 2014 The University of Texas at Austin
http://iss.ices.utexas.edu/galois/

application: Delaunay Triangulation
Produces a Delaunay triangulation for a set of points
http://iss.ices.utexas.edu/?p=projects/galois/benchmarks/delaunay_triangulation

INFO: CommandLine ./delaunaytriangulation -t 32 /home/users/kkazatzis/Galois-2.2.1/inputs/meshes/r100k.node
INFO: Hostname broady
configuration: 100003 points
mesh size: 200004
	Conflict aborts: 496662
	Capacity aborts: 61394
	Retry aborts: 0
	Explicit aborts: 13
	Debug aborts: 0
	Nested aborts: 2
	Total aborts: 558858
Triangulation OK
STATTYPE,LOOP,CATEGORY,n,sum,T0,T1,T2,T3,T4,T5,T6,T7,T8,T9,T10,T11,T12,T13,T14,T15,T16,T17,T18,T19,T20,T21,T22,T23,T24,T25,T26,T27,T28,T29,T30,T31
STAT,(NULL),Conflicts,32,0,0,0,0,0,0,0,0,0,0,0,0,0,0,0,0,0,0,0,0,0,0,0,0,0,0,0,0,0,0,0,0,0
STAT,(NULL),Iterations,32,100000,1717,3317,3221,3221,2869,3189,3317,2517,2933,3413,3445,2933,2805,2933,3253,3189,3381,3189,2901,3285,2805,3157,3349,3125,3381,3125,3317,3381,3605,3157,3509,3061
STAT,(NULL),LoopTime,32,532,532,0,0,0,0,0,0,0,0,0,0,0,0,0,0,0,0,0,0,0,0,0,0,0,0,0,0,0,0,0,0,0
STAT,(NULL),MeminfoPost,32,223,6,7,7,7,7,7,7,7,7,7,7,7,7,7,7,7,7,7,7,7,7,7,7,7,7,7,7,7,7,7,7,7
STAT,(NULL),MeminfoPre,32,160,5,5,5,5,5,5,5,5,5,5,5,5,5,5,5,5,5,5,5,5,5,5,5,5,5,5,5,5,5,5,5,5
STAT,(NULL),Threads,32,32,32,0,0,0,0,0,0,0,0,0,0,0,0,0,0,0,0,0,0,0,0,0,0,0,0,0,0,0,0,0,0,0
STAT,(NULL),Time,32,532,532,0,0,0,0,0,0,0,0,0,0,0,0,0,0,0,0,0,0,0,0,0,0,0,0,0,0,0,0,0,0,0
Galois Benchmark Suite v2.2.1 (r0)
Copyright (C) 2014 The University of Texas at Austin
http://iss.ices.utexas.edu/galois/

application: Delaunay Triangulation
Produces a Delaunay triangulation for a set of points
http://iss.ices.utexas.edu/?p=projects/galois/benchmarks/delaunay_triangulation

INFO: CommandLine ./delaunaytriangulation -t 40 /home/users/kkazatzis/Galois-2.2.1/inputs/meshes/r100k.node
INFO: Hostname broady
configuration: 100003 points
mesh size: 200004
	Conflict aborts: 470889
	Capacity aborts: 63058
	Retry aborts: 0
	Explicit aborts: 11
	Debug aborts: 0
	Nested aborts: 1
	Total aborts: 535186
Triangulation OK
STATTYPE,LOOP,CATEGORY,n,sum,T0,T1,T2,T3,T4,T5,T6,T7,T8,T9,T10,T11,T12,T13,T14,T15,T16,T17,T18,T19,T20,T21,T22,T23,T24,T25,T26,T27,T28,T29,T30,T31,T32,T33,T34,T35,T36,T37,T38,T39
STAT,(NULL),Conflicts,40,0,0,0,0,0,0,0,0,0,0,0,0,0,0,0,0,0,0,0,0,0,0,0,0,0,0,0,0,0,0,0,0,0,0,0,0,0,0,0,0,0
STAT,(NULL),Iterations,40,100000,2180,2756,2852,2596,2404,2500,2564,2820,2020,1828,2628,2916,2820,2308,2564,2724,2468,2436,2628,1860,2756,2340,2404,2532,2084,2692,3076,2756,2500,2212,2340,2436,2596,2116,2276,2724,2852,2404,2724,2308
STAT,(NULL),LoopTime,40,569,569,0,0,0,0,0,0,0,0,0,0,0,0,0,0,0,0,0,0,0,0,0,0,0,0,0,0,0,0,0,0,0,0,0,0,0,0,0,0,0
STAT,(NULL),MeminfoPost,40,274,6,7,7,7,7,7,7,7,6,6,7,7,7,7,7,7,7,7,7,6,7,7,7,7,6,7,7,7,7,7,7,7,7,6,7,7,7,7,7,7
STAT,(NULL),MeminfoPre,40,160,4,4,4,4,4,4,4,4,4,4,4,4,4,4,4,4,4,4,4,4,4,4,4,4,4,4,4,4,4,4,4,4,4,4,4,4,4,4,4,4
STAT,(NULL),Threads,40,40,40,0,0,0,0,0,0,0,0,0,0,0,0,0,0,0,0,0,0,0,0,0,0,0,0,0,0,0,0,0,0,0,0,0,0,0,0,0,0,0
STAT,(NULL),Time,40,569,569,0,0,0,0,0,0,0,0,0,0,0,0,0,0,0,0,0,0,0,0,0,0,0,0,0,0,0,0,0,0,0,0,0,0,0,0,0,0,0
Galois Benchmark Suite v2.2.1 (r0)
Copyright (C) 2014 The University of Texas at Austin
http://iss.ices.utexas.edu/galois/

application: Delaunay Triangulation
Produces a Delaunay triangulation for a set of points
http://iss.ices.utexas.edu/?p=projects/galois/benchmarks/delaunay_triangulation

INFO: CommandLine ./delaunaytriangulation -t 44 /home/users/kkazatzis/Galois-2.2.1/inputs/meshes/r100k.node
INFO: Hostname broady
configuration: 100003 points
mesh size: 200004
	Conflict aborts: 395843
	Capacity aborts: 59984
	Retry aborts: 0
	Explicit aborts: 7
	Debug aborts: 0
	Nested aborts: 0
	Total aborts: 456586
Triangulation OK
STATTYPE,LOOP,CATEGORY,n,sum,T0,T1,T2,T3,T4,T5,T6,T7,T8,T9,T10,T11,T12,T13,T14,T15,T16,T17,T18,T19,T20,T21,T22,T23,T24,T25,T26,T27,T28,T29,T30,T31,T32,T33,T34,T35,T36,T37,T38,T39,T40,T41,T42,T43
STAT,(NULL),Conflicts,44,0,0,0,0,0,0,0,0,0,0,0,0,0,0,0,0,0,0,0,0,0,0,0,0,0,0,0,0,0,0,0,0,0,0,0,0,0,0,0,0,0,0,0,0,0
STAT,(NULL),Iterations,44,100000,2049,2529,2625,2625,2401,2305,2529,2273,2593,2401,2337,2401,1953,2273,2113,2177,1793,2337,2017,2433,2145,1953,2081,1985,2177,2049,2529,2017,2273,2561,2529,2113,2369,2017,2049,2401,2497,2849,1953,2337,2273,2497,2305,1877
STAT,(NULL),LoopTime,44,543,543,0,0,0,0,0,0,0,0,0,0,0,0,0,0,0,0,0,0,0,0,0,0,0,0,0,0,0,0,0,0,0,0,0,0,0,0,0,0,0,0,0,0,0
STAT,(NULL),MeminfoPost,44,290,6,7,7,7,7,7,7,7,7,7,7,7,6,7,6,6,6,7,6,7,6,6,6,6,6,6,7,6,7,7,7,6,7,6,6,7,7,7,6,7,7,7,7,6
STAT,(NULL),MeminfoPre,44,176,4,4,4,4,4,4,4,4,4,4,4,4,4,4,4,4,4,4,4,4,4,4,4,4,4,4,4,4,4,4,4,4,4,4,4,4,4,4,4,4,4,4,4,4
STAT,(NULL),Threads,44,44,44,0,0,0,0,0,0,0,0,0,0,0,0,0,0,0,0,0,0,0,0,0,0,0,0,0,0,0,0,0,0,0,0,0,0,0,0,0,0,0,0,0,0,0
STAT,(NULL),Time,44,543,543,0,0,0,0,0,0,0,0,0,0,0,0,0,0,0,0,0,0,0,0,0,0,0,0,0,0,0,0,0,0,0,0,0,0,0,0,0,0,0,0,0,0,0

