Galois Benchmark Suite v2.2.1 (r0)
Copyright (C) 2014 The University of Texas at Austin
http://iss.ices.utexas.edu/galois/

application: Delaunay Triangulation
Produces a Delaunay triangulation for a set of points
http://iss.ices.utexas.edu/?p=projects/galois/benchmarks/delaunay_triangulation

INFO: CommandLine ./delaunaytriangulation -t 1 /home/users/kkazatzis/Galois-2.2.1/inputs/meshes/r250k.node
INFO: Hostname haci3
configuration: 250003 points
mesh size: 500004
	Conflict aborts: 43
	Capacity aborts: 255936
	Retry aborts: 0
	Explicit aborts: 0
	Debug aborts: 0
	Nested aborts: 6
	Total aborts: 256577
Triangulation OK
STATTYPE,LOOP,CATEGORY,n,sum,T0
STAT,(NULL),Conflicts,1,0,0
STAT,(NULL),Iterations,1,250000,250000
STAT,(NULL),LoopTime,1,1428,1428
STAT,(NULL),MeminfoPost,1,185,185
STAT,(NULL),MeminfoPre,1,185,185
STAT,(NULL),Threads,1,1,1
STAT,(NULL),Time,1,1425,1425
Galois Benchmark Suite v2.2.1 (r0)
Copyright (C) 2014 The University of Texas at Austin
http://iss.ices.utexas.edu/galois/

application: Delaunay Triangulation
Produces a Delaunay triangulation for a set of points
http://iss.ices.utexas.edu/?p=projects/galois/benchmarks/delaunay_triangulation

INFO: CommandLine ./delaunaytriangulation -t 2 /home/users/kkazatzis/Galois-2.2.1/inputs/meshes/r250k.node
INFO: Hostname haci3
configuration: 250003 points
mesh size: 500004
	Conflict aborts: 30228
	Capacity aborts: 216150
	Retry aborts: 0
	Explicit aborts: 0
	Debug aborts: 0
	Nested aborts: 7
	Total aborts: 247110
Triangulation OK
STATTYPE,LOOP,CATEGORY,n,sum,T0,T1
STAT,(NULL),Conflicts,2,0,0,0
STAT,(NULL),Iterations,2,250000,126184,123816
STAT,(NULL),LoopTime,2,712,712,0
STAT,(NULL),MeminfoPost,2,188,94,94
STAT,(NULL),MeminfoPre,2,188,94,94
STAT,(NULL),Threads,2,2,2,0
STAT,(NULL),Time,2,711,711,0
Galois Benchmark Suite v2.2.1 (r0)
Copyright (C) 2014 The University of Texas at Austin
http://iss.ices.utexas.edu/galois/

application: Delaunay Triangulation
Produces a Delaunay triangulation for a set of points
http://iss.ices.utexas.edu/?p=projects/galois/benchmarks/delaunay_triangulation

INFO: CommandLine ./delaunaytriangulation -t 4 /home/users/kkazatzis/Galois-2.2.1/inputs/meshes/r250k.node
INFO: Hostname haci3
configuration: 250003 points
mesh size: 500004
	Conflict aborts: 197851
	Capacity aborts: 170534
	Retry aborts: 0
	Explicit aborts: 4
	Debug aborts: 0
	Nested aborts: 1
	Total aborts: 368779
Triangulation OK
STATTYPE,LOOP,CATEGORY,n,sum,T0,T1,T2,T3
STAT,(NULL),Conflicts,4,0,0,0,0,0
STAT,(NULL),Iterations,4,250000,55108,65988,64356,64548
STAT,(NULL),LoopTime,4,413,413,0,0,0
STAT,(NULL),MeminfoPost,4,192,48,48,48,48
STAT,(NULL),MeminfoPre,4,192,48,48,48,48
STAT,(NULL),Threads,4,4,4,0,0,0
STAT,(NULL),Time,4,412,412,0,0,0
Galois Benchmark Suite v2.2.1 (r0)
Copyright (C) 2014 The University of Texas at Austin
http://iss.ices.utexas.edu/galois/

application: Delaunay Triangulation
Produces a Delaunay triangulation for a set of points
http://iss.ices.utexas.edu/?p=projects/galois/benchmarks/delaunay_triangulation

INFO: CommandLine ./delaunaytriangulation -t 8 /home/users/kkazatzis/Galois-2.2.1/inputs/meshes/r250k.node
INFO: Hostname haci3
configuration: 250003 points
mesh size: 500004
	Conflict aborts: 392415
	Capacity aborts: 142173
	Retry aborts: 0
	Explicit aborts: 6
	Debug aborts: 0
	Nested aborts: 0
	Total aborts: 535013
Triangulation OK
STATTYPE,LOOP,CATEGORY,n,sum,T0,T1,T2,T3,T4,T5,T6,T7
STAT,(NULL),Conflicts,8,0,0,0,0,0,0,0,0,0
STAT,(NULL),Iterations,8,250000,31026,31858,32178,29778,30450,32338,29842,32530
STAT,(NULL),LoopTime,8,363,363,0,0,0,0,0,0,0
STAT,(NULL),MeminfoPost,8,200,25,25,25,25,25,25,25,25
STAT,(NULL),MeminfoPre,8,200,25,25,25,25,25,25,25,25
STAT,(NULL),Threads,8,8,8,0,0,0,0,0,0,0
STAT,(NULL),Time,8,363,363,0,0,0,0,0,0,0
Galois Benchmark Suite v2.2.1 (r0)
Copyright (C) 2014 The University of Texas at Austin
http://iss.ices.utexas.edu/galois/

application: Delaunay Triangulation
Produces a Delaunay triangulation for a set of points
http://iss.ices.utexas.edu/?p=projects/galois/benchmarks/delaunay_triangulation

INFO: CommandLine ./delaunaytriangulation -t 16 /home/users/kkazatzis/Galois-2.2.1/inputs/meshes/r250k.node
INFO: Hostname haci3
configuration: 250003 points
mesh size: 500004
	Conflict aborts: 620857
	Capacity aborts: 145427
	Retry aborts: 0
	Explicit aborts: 0
	Debug aborts: 0
	Nested aborts: 0
	Total aborts: 766786
Triangulation OK
STATTYPE,LOOP,CATEGORY,n,sum,T0,T1,T2,T3,T4,T5,T6,T7,T8,T9,T10,T11,T12,T13,T14,T15
STAT,(NULL),Conflicts,16,0,0,0,0,0,0,0,0,0,0,0,0,0,0,0,0,0
STAT,(NULL),Iterations,16,250000,13801,15017,16393,15337,15401,15945,15497,15657,15273,14953,15593,15177,13961,16457,16969,18569
STAT,(NULL),LoopTime,16,591,591,0,0,0,0,0,0,0,0,0,0,0,0,0,0,0
STAT,(NULL),MeminfoPost,16,224,14,14,14,14,14,14,14,14,14,14,14,14,14,14,14,14
STAT,(NULL),MeminfoPre,16,224,14,14,14,14,14,14,14,14,14,14,14,14,14,14,14,14
STAT,(NULL),Threads,16,16,16,0,0,0,0,0,0,0,0,0,0,0,0,0,0,0
STAT,(NULL),Time,16,591,591,0,0,0,0,0,0,0,0,0,0,0,0,0,0,0
Galois Benchmark Suite v2.2.1 (r0)
Copyright (C) 2014 The University of Texas at Austin
http://iss.ices.utexas.edu/galois/

application: Delaunay Triangulation
Produces a Delaunay triangulation for a set of points
http://iss.ices.utexas.edu/?p=projects/galois/benchmarks/delaunay_triangulation

INFO: CommandLine ./delaunaytriangulation -t 24 /home/users/kkazatzis/Galois-2.2.1/inputs/meshes/r250k.node
INFO: Hostname haci3
configuration: 250003 points
mesh size: 500004
	Conflict aborts: 573267
	Capacity aborts: 168733
	Retry aborts: 0
	Explicit aborts: 2
	Debug aborts: 0
	Nested aborts: 0
	Total aborts: 742535
Triangulation OK
STATTYPE,LOOP,CATEGORY,n,sum,T0,T1,T2,T3,T4,T5,T6,T7,T8,T9,T10,T11,T12,T13,T14,T15,T16,T17,T18,T19,T20,T21,T22,T23
STAT,(NULL),Conflicts,24,0,0,0,0,0,0,0,0,0,0,0,0,0,0,0,0,0,0,0,0,0,0,0,0,0
STAT,(NULL),Iterations,24,250000,8849,10833,10705,8785,10737,9329,10769,11537,11249,10033,10289,11409,9073,9617,10481,10417,10609,11153,9809,10001,11153,10289,11473,11401
STAT,(NULL),LoopTime,24,513,513,0,0,0,0,0,0,0,0,0,0,0,0,0,0,0,0,0,0,0,0,0,0,0
STAT,(NULL),MeminfoPost,24,245,10,10,10,10,10,10,10,11,11,10,10,11,10,10,10,10,10,10,10,10,10,10,11,11
STAT,(NULL),MeminfoPre,24,240,10,10,10,10,10,10,10,10,10,10,10,10,10,10,10,10,10,10,10,10,10,10,10,10
STAT,(NULL),Threads,24,24,24,0,0,0,0,0,0,0,0,0,0,0,0,0,0,0,0,0,0,0,0,0,0,0
STAT,(NULL),Time,24,513,513,0,0,0,0,0,0,0,0,0,0,0,0,0,0,0,0,0,0,0,0,0,0,0
Galois Benchmark Suite v2.2.1 (r0)
Copyright (C) 2014 The University of Texas at Austin
http://iss.ices.utexas.edu/galois/

application: Delaunay Triangulation
Produces a Delaunay triangulation for a set of points
http://iss.ices.utexas.edu/?p=projects/galois/benchmarks/delaunay_triangulation

INFO: CommandLine ./delaunaytriangulation -t 32 /home/users/kkazatzis/Galois-2.2.1/inputs/meshes/r250k.node
INFO: Hostname haci3
configuration: 250003 points
mesh size: 500004
	Conflict aborts: 698670
	Capacity aborts: 259446
	Retry aborts: 0
	Explicit aborts: 8
	Debug aborts: 0
	Nested aborts: 1
	Total aborts: 959550
Triangulation OK
STATTYPE,LOOP,CATEGORY,n,sum,T0,T1,T2,T3,T4,T5,T6,T7,T8,T9,T10,T11,T12,T13,T14,T15,T16,T17,T18,T19,T20,T21,T22,T23,T24,T25,T26,T27,T28,T29,T30,T31
STAT,(NULL),Conflicts,32,0,0,0,0,0,0,0,0,0,0,0,0,0,0,0,0,0,0,0,0,0,0,0,0,0,0,0,0,0,0,0,0,0
STAT,(NULL),Iterations,32,250000,5221,5573,6021,5733,9765,9541,10085,9477,10117,8453,9125,7973,9189,7141,9189,8549,9285,9189,8101,7877,7781,8997,8997,7589,7621,7813,8677,7845,4645,5093,4901,4437
STAT,(NULL),LoopTime,32,693,693,0,0,0,0,0,0,0,0,0,0,0,0,0,0,0,0,0,0,0,0,0,0,0,0,0,0,0,0,0,0,0
STAT,(NULL),MeminfoPost,32,290,8,8,8,8,10,10,10,10,10,9,10,9,10,9,10,9,10,10,9,9,9,9,9,9,9,9,9,9,8,8,8,8
STAT,(NULL),MeminfoPre,32,256,8,8,8,8,8,8,8,8,8,8,8,8,8,8,8,8,8,8,8,8,8,8,8,8,8,8,8,8,8,8,8,8
STAT,(NULL),Threads,32,32,32,0,0,0,0,0,0,0,0,0,0,0,0,0,0,0,0,0,0,0,0,0,0,0,0,0,0,0,0,0,0,0
STAT,(NULL),Time,32,693,693,0,0,0,0,0,0,0,0,0,0,0,0,0,0,0,0,0,0,0,0,0,0,0,0,0,0,0,0,0,0,0
Galois Benchmark Suite v2.2.1 (r0)
Copyright (C) 2014 The University of Texas at Austin
http://iss.ices.utexas.edu/galois/

application: Delaunay Triangulation
Produces a Delaunay triangulation for a set of points
http://iss.ices.utexas.edu/?p=projects/galois/benchmarks/delaunay_triangulation

INFO: CommandLine ./delaunaytriangulation -t 40 /home/users/kkazatzis/Galois-2.2.1/inputs/meshes/r250k.node
INFO: Hostname haci3
configuration: 250003 points
mesh size: 500004
	Conflict aborts: 867387
	Capacity aborts: 420950
	Retry aborts: 0
	Explicit aborts: 15
	Debug aborts: 0
	Nested aborts: 2
	Total aborts: 1290634
Triangulation OK
STATTYPE,LOOP,CATEGORY,n,sum,T0,T1,T2,T3,T4,T5,T6,T7,T8,T9,T10,T11,T12,T13,T14,T15,T16,T17,T18,T19,T20,T21,T22,T23,T24,T25,T26,T27,T28,T29,T30,T31,T32,T33,T34,T35,T36,T37,T38,T39
STAT,(NULL),Conflicts,40,0,0,0,0,0,0,0,0,0,0,0,0,0,0,0,0,0,0,0,0,0,0,0,0,0,0,0,0,0,0,0,0,0,0,0,0,0,0,0,0,0
STAT,(NULL),Iterations,40,250000,4682,6090,5418,5578,6218,5930,5898,5162,5706,5770,5290,5738,9322,9386,7722,7210,7850,6538,6986,6154,7114,6986,6314,5610,7178,7114,7114,5834,6026,4906,6122,5610,5162,6026,6442,6154,5994,4874,5866,4906
STAT,(NULL),LoopTime,40,959,959,0,0,0,0,0,0,0,0,0,0,0,0,0,0,0,0,0,0,0,0,0,0,0,0,0,0,0,0,0,0,0,0,0,0,0,0,0,0,0
STAT,(NULL),MeminfoPost,40,333,8,8,8,8,8,8,8,8,8,8,8,8,10,10,9,9,9,8,9,8,9,9,8,8,9,9,9,8,8,8,8,8,8,8,8,8,8,8,8,8
STAT,(NULL),MeminfoPre,40,280,7,7,7,7,7,7,7,7,7,7,7,7,7,7,7,7,7,7,7,7,7,7,7,7,7,7,7,7,7,7,7,7,7,7,7,7,7,7,7,7
STAT,(NULL),Threads,40,40,40,0,0,0,0,0,0,0,0,0,0,0,0,0,0,0,0,0,0,0,0,0,0,0,0,0,0,0,0,0,0,0,0,0,0,0,0,0,0,0
STAT,(NULL),Time,40,959,959,0,0,0,0,0,0,0,0,0,0,0,0,0,0,0,0,0,0,0,0,0,0,0,0,0,0,0,0,0,0,0,0,0,0,0,0,0,0,0
Galois Benchmark Suite v2.2.1 (r0)
Copyright (C) 2014 The University of Texas at Austin
http://iss.ices.utexas.edu/galois/

application: Delaunay Triangulation
Produces a Delaunay triangulation for a set of points
http://iss.ices.utexas.edu/?p=projects/galois/benchmarks/delaunay_triangulation

INFO: CommandLine ./delaunaytriangulation -t 48 /home/users/kkazatzis/Galois-2.2.1/inputs/meshes/r250k.node
INFO: Hostname haci3
configuration: 250003 points
mesh size: 500004
	Conflict aborts: 1131612
	Capacity aborts: 796841
	Retry aborts: 0
	Explicit aborts: 48
	Debug aborts: 0
	Nested aborts: 1
	Total aborts: 1932115
Triangulation OK
STATTYPE,LOOP,CATEGORY,n,sum,T0,T1,T2,T3,T4,T5,T6,T7,T8,T9,T10,T11,T12,T13,T14,T15,T16,T17,T18,T19,T20,T21,T22,T23,T24,T25,T26,T27,T28,T29,T30,T31,T32,T33,T34,T35,T36,T37,T38,T39,T40,T41,T42,T43,T44,T45,T46,T47
STAT,(NULL),Conflicts,48,0,0,0,0,0,0,0,0,0,0,0,0,0,0,0,0,0,0,0,0,0,0,0,0,0,0,0,0,0,0,0,0,0,0,0,0,0,0,0,0,0,0,0,0,0,0,0,0,0
STAT,(NULL),Iterations,48,250000,4601,6041,5753,5785,6073,5177,5177,5145,5689,5657,5273,5785,5145,4025,4633,3961,3961,4537,4537,3577,6905,7865,8633,7321,6649,6809,6489,7673,5177,5273,4665,4665,5561,4281,4985,5305,5401,4345,4761,4537,4537,5177,3769,3545,4281,3289,3865,3705
STAT,(NULL),LoopTime,48,1302,1302,0,0,0,0,0,0,0,0,0,0,0,0,0,0,0,0,0,0,0,0,0,0,0,0,0,0,0,0,0,0,0,0,0,0,0,0,0,0,0,0,0,0,0,0,0,0,0
STAT,(NULL),MeminfoPost,48,378,8,8,8,8,8,8,8,8,8,8,8,8,8,7,8,7,7,8,8,7,9,9,9,9,8,9,8,9,8,8,8,8,8,7,8,8,8,7,8,8,8,8,7,7,7,7,7,7
STAT,(NULL),MeminfoPre,48,288,6,6,6,6,6,6,6,6,6,6,6,6,6,6,6,6,6,6,6,6,6,6,6,6,6,6,6,6,6,6,6,6,6,6,6,6,6,6,6,6,6,6,6,6,6,6,6,6
STAT,(NULL),Threads,48,48,48,0,0,0,0,0,0,0,0,0,0,0,0,0,0,0,0,0,0,0,0,0,0,0,0,0,0,0,0,0,0,0,0,0,0,0,0,0,0,0,0,0,0,0,0,0,0,0
STAT,(NULL),Time,48,1302,1302,0,0,0,0,0,0,0,0,0,0,0,0,0,0,0,0,0,0,0,0,0,0,0,0,0,0,0,0,0,0,0,0,0,0,0,0,0,0,0,0,0,0,0,0,0,0,0
Galois Benchmark Suite v2.2.1 (r0)
Copyright (C) 2014 The University of Texas at Austin
http://iss.ices.utexas.edu/galois/

application: Delaunay Triangulation
Produces a Delaunay triangulation for a set of points
http://iss.ices.utexas.edu/?p=projects/galois/benchmarks/delaunay_triangulation

INFO: CommandLine ./delaunaytriangulation -t 56 /home/users/kkazatzis/Galois-2.2.1/inputs/meshes/r250k.node
INFO: Hostname haci3
configuration: 250003 points
mesh size: 500004
	Conflict aborts: 1363744
	Capacity aborts: 960519
	Retry aborts: 0
	Explicit aborts: 72
	Debug aborts: 0
	Nested aborts: 0
	Total aborts: 2328032
Triangulation OK
STATTYPE,LOOP,CATEGORY,n,sum,T0,T1,T2,T3,T4,T5,T6,T7,T8,T9,T10,T11,T12,T13,T14,T15,T16,T17,T18,T19,T20,T21,T22,T23,T24,T25,T26,T27,T28,T29,T30,T31,T32,T33,T34,T35,T36,T37,T38,T39,T40,T41,T42,T43,T44,T45,T46,T47,T48,T49,T50,T51,T52,T53,T54,T55
STAT,(NULL),Conflicts,56,0,0,0,0,0,0,0,0,0,0,0,0,0,0,0,0,0,0,0,0,0,0,0,0,0,0,0,0,0,0,0,0,0,0,0,0,0,0,0,0,0,0,0,0,0,0,0,0,0,0,0,0,0,0,0,0,0
STAT,(NULL),Iterations,56,250000,2801,5009,4209,4561,4273,4753,4913,3857,4401,4849,4081,4081,4593,4913,4337,5361,4785,4401,4881,4209,4145,5329,5201,4017,4273,4529,4145,4913,4177,4017,4945,4369,4113,5105,5105,4401,4977,3985,3985,3729,4913,5105,4945,4721,3825,4465,4337,3921,4881,4177,4209,4113,5393,4241,4081,3945
STAT,(NULL),LoopTime,56,1476,1476,0,0,0,0,0,0,0,0,0,0,0,0,0,0,0,0,0,0,0,0,0,0,0,0,0,0,0,0,0,0,0,0,0,0,0,0,0,0,0,0,0,0,0,0,0,0,0,0,0,0,0,0,0,0,0
STAT,(NULL),MeminfoPost,56,416,7,8,7,8,7,8,8,7,7,8,7,7,8,8,7,8,8,7,8,7,7,8,8,7,7,8,7,8,7,7,8,7,7,8,8,7,8,7,7,7,8,8,8,8,7,7,7,7,8,7,7,7,8,7,7,7
STAT,(NULL),MeminfoPre,56,336,6,6,6,6,6,6,6,6,6,6,6,6,6,6,6,6,6,6,6,6,6,6,6,6,6,6,6,6,6,6,6,6,6,6,6,6,6,6,6,6,6,6,6,6,6,6,6,6,6,6,6,6,6,6,6,6
STAT,(NULL),Threads,56,56,56,0,0,0,0,0,0,0,0,0,0,0,0,0,0,0,0,0,0,0,0,0,0,0,0,0,0,0,0,0,0,0,0,0,0,0,0,0,0,0,0,0,0,0,0,0,0,0,0,0,0,0,0,0,0,0
STAT,(NULL),Time,56,1476,1476,0,0,0,0,0,0,0,0,0,0,0,0,0,0,0,0,0,0,0,0,0,0,0,0,0,0,0,0,0,0,0,0,0,0,0,0,0,0,0,0,0,0,0,0,0,0,0,0,0,0,0,0,0,0,0

