Galois Benchmark Suite v2.2.1 (r0)
Copyright (C) 2014 The University of Texas at Austin
http://iss.ices.utexas.edu/galois/

application: Delaunay Triangulation
Produces a Delaunay triangulation for a set of points
http://iss.ices.utexas.edu/?p=projects/galois/benchmarks/delaunay_triangulation

INFO: CommandLine ./delaunaytriangulation -t 1 /home/users/kkazatzis/Galois-2.2.1/inputs/meshes/r100k.node
INFO: Hostname haci3
configuration: 100003 points
mesh size: 200004
	Conflict aborts: 60
	Capacity aborts: 110729
	Retry aborts: 0
	Explicit aborts: 0
	Debug aborts: 0
	Nested aborts: 1
	Total aborts: 111019
Triangulation OK
STATTYPE,LOOP,CATEGORY,n,sum,T0
STAT,(NULL),Conflicts,1,0,0
STAT,(NULL),Iterations,1,100000,100000
STAT,(NULL),LoopTime,1,590,590
STAT,(NULL),MeminfoPost,1,75,75
STAT,(NULL),MeminfoPre,1,75,75
STAT,(NULL),Threads,1,1,1
STAT,(NULL),Time,1,589,589
Galois Benchmark Suite v2.2.1 (r0)
Copyright (C) 2014 The University of Texas at Austin
http://iss.ices.utexas.edu/galois/

application: Delaunay Triangulation
Produces a Delaunay triangulation for a set of points
http://iss.ices.utexas.edu/?p=projects/galois/benchmarks/delaunay_triangulation

INFO: CommandLine ./delaunaytriangulation -t 2 /home/users/kkazatzis/Galois-2.2.1/inputs/meshes/r100k.node
INFO: Hostname haci3
configuration: 100003 points
mesh size: 200004
	Conflict aborts: 19108
	Capacity aborts: 87943
	Retry aborts: 0
	Explicit aborts: 0
	Debug aborts: 0
	Nested aborts: 0
	Total aborts: 107305
Triangulation OK
STATTYPE,LOOP,CATEGORY,n,sum,T0,T1
STAT,(NULL),Conflicts,2,0,0,0
STAT,(NULL),Iterations,2,100000,51024,48976
STAT,(NULL),LoopTime,2,300,300,0
STAT,(NULL),MeminfoPost,2,78,39,39
STAT,(NULL),MeminfoPre,2,78,39,39
STAT,(NULL),Threads,2,2,2,0
STAT,(NULL),Time,2,300,300,0
Galois Benchmark Suite v2.2.1 (r0)
Copyright (C) 2014 The University of Texas at Austin
http://iss.ices.utexas.edu/galois/

application: Delaunay Triangulation
Produces a Delaunay triangulation for a set of points
http://iss.ices.utexas.edu/?p=projects/galois/benchmarks/delaunay_triangulation

INFO: CommandLine ./delaunaytriangulation -t 4 /home/users/kkazatzis/Galois-2.2.1/inputs/meshes/r100k.node
INFO: Hostname haci3
configuration: 100003 points
mesh size: 200004
	Conflict aborts: 96820
	Capacity aborts: 58527
	Retry aborts: 0
	Explicit aborts: 2
	Debug aborts: 0
	Nested aborts: 1
	Total aborts: 155510
Triangulation OK
STATTYPE,LOOP,CATEGORY,n,sum,T0,T1,T2,T3
STAT,(NULL),Conflicts,4,0,0,0,0,0
STAT,(NULL),Iterations,4,100000,24616,26088,24648,24648
STAT,(NULL),LoopTime,4,169,169,0,0,0
STAT,(NULL),MeminfoPost,4,84,21,21,21,21
STAT,(NULL),MeminfoPre,4,84,21,21,21,21
STAT,(NULL),Threads,4,4,4,0,0,0
STAT,(NULL),Time,4,169,169,0,0,0
Galois Benchmark Suite v2.2.1 (r0)
Copyright (C) 2014 The University of Texas at Austin
http://iss.ices.utexas.edu/galois/

application: Delaunay Triangulation
Produces a Delaunay triangulation for a set of points
http://iss.ices.utexas.edu/?p=projects/galois/benchmarks/delaunay_triangulation

INFO: CommandLine ./delaunaytriangulation -t 8 /home/users/kkazatzis/Galois-2.2.1/inputs/meshes/r100k.node
INFO: Hostname haci3
configuration: 100003 points
mesh size: 200004
	Conflict aborts: 215875
	Capacity aborts: 54006
	Retry aborts: 0
	Explicit aborts: 0
	Debug aborts: 0
	Nested aborts: 0
	Total aborts: 270041
Triangulation OK
STATTYPE,LOOP,CATEGORY,n,sum,T0,T1,T2,T3,T4,T5,T6,T7
STAT,(NULL),Conflicts,8,0,0,0,0,0,0,0,0,0
STAT,(NULL),Iterations,8,100000,11572,12916,13300,12308,12500,12724,12468,12212
STAT,(NULL),LoopTime,8,175,175,0,0,0,0,0,0,0
STAT,(NULL),MeminfoPost,8,96,12,12,12,12,12,12,12,12
STAT,(NULL),MeminfoPre,8,96,12,12,12,12,12,12,12,12
STAT,(NULL),Threads,8,8,8,0,0,0,0,0,0,0
STAT,(NULL),Time,8,175,175,0,0,0,0,0,0,0
Galois Benchmark Suite v2.2.1 (r0)
Copyright (C) 2014 The University of Texas at Austin
http://iss.ices.utexas.edu/galois/

application: Delaunay Triangulation
Produces a Delaunay triangulation for a set of points
http://iss.ices.utexas.edu/?p=projects/galois/benchmarks/delaunay_triangulation

INFO: CommandLine ./delaunaytriangulation -t 16 /home/users/kkazatzis/Galois-2.2.1/inputs/meshes/r100k.node
INFO: Hostname haci3
configuration: 100003 points
mesh size: 200004
	Conflict aborts: 286511
	Capacity aborts: 54601
	Retry aborts: 0
	Explicit aborts: 5
	Debug aborts: 0
	Nested aborts: 0
	Total aborts: 341604
Triangulation OK
STATTYPE,LOOP,CATEGORY,n,sum,T0,T1,T2,T3,T4,T5,T6,T7,T8,T9,T10,T11,T12,T13,T14,T15
STAT,(NULL),Conflicts,16,0,0,0,0,0,0,0,0,0,0,0,0,0,0,0,0,0
STAT,(NULL),Iterations,16,100000,5738,5738,6250,6282,6058,6474,6090,6314,5834,6026,6602,5994,6026,6570,6730,7274
STAT,(NULL),LoopTime,16,259,259,0,0,0,0,0,0,0,0,0,0,0,0,0,0,0
STAT,(NULL),MeminfoPost,16,132,8,8,8,8,8,8,8,8,8,8,9,8,8,9,9,9
STAT,(NULL),MeminfoPre,16,112,7,7,7,7,7,7,7,7,7,7,7,7,7,7,7,7
STAT,(NULL),Threads,16,16,16,0,0,0,0,0,0,0,0,0,0,0,0,0,0,0
STAT,(NULL),Time,16,259,259,0,0,0,0,0,0,0,0,0,0,0,0,0,0,0
Galois Benchmark Suite v2.2.1 (r0)
Copyright (C) 2014 The University of Texas at Austin
http://iss.ices.utexas.edu/galois/

application: Delaunay Triangulation
Produces a Delaunay triangulation for a set of points
http://iss.ices.utexas.edu/?p=projects/galois/benchmarks/delaunay_triangulation

INFO: CommandLine ./delaunaytriangulation -t 24 /home/users/kkazatzis/Galois-2.2.1/inputs/meshes/r100k.node
INFO: Hostname haci3
configuration: 100003 points
mesh size: 200004
	Conflict aborts: 275463
	Capacity aborts: 58238
	Retry aborts: 0
	Explicit aborts: 0
	Debug aborts: 0
	Nested aborts: 0
	Total aborts: 334387
Triangulation OK
STATTYPE,LOOP,CATEGORY,n,sum,T0,T1,T2,T3,T4,T5,T6,T7,T8,T9,T10,T11,T12,T13,T14,T15,T16,T17,T18,T19,T20,T21,T22,T23
STAT,(NULL),Conflicts,24,0,0,0,0,0,0,0,0,0,0,0,0,0,0,0,0,0,0,0,0,0,0,0,0,0
STAT,(NULL),Iterations,24,100000,3847,4583,4455,4519,4263,3975,5031,4135,4167,4103,3847,4039,3431,3559,4007,3655,3879,4487,3431,4263,4391,4103,4775,5055
STAT,(NULL),LoopTime,24,236,236,0,0,0,0,0,0,0,0,0,0,0,0,0,0,0,0,0,0,0,0,0,0,0
STAT,(NULL),MeminfoPost,24,176,7,8,8,8,7,7,8,7,7,7,7,7,7,7,7,7,7,8,7,7,8,7,8,8
STAT,(NULL),MeminfoPre,24,144,6,6,6,6,6,6,6,6,6,6,6,6,6,6,6,6,6,6,6,6,6,6,6,6
STAT,(NULL),Threads,24,24,24,0,0,0,0,0,0,0,0,0,0,0,0,0,0,0,0,0,0,0,0,0,0,0
STAT,(NULL),Time,24,236,236,0,0,0,0,0,0,0,0,0,0,0,0,0,0,0,0,0,0,0,0,0,0,0
Galois Benchmark Suite v2.2.1 (r0)
Copyright (C) 2014 The University of Texas at Austin
http://iss.ices.utexas.edu/galois/

application: Delaunay Triangulation
Produces a Delaunay triangulation for a set of points
http://iss.ices.utexas.edu/?p=projects/galois/benchmarks/delaunay_triangulation

INFO: CommandLine ./delaunaytriangulation -t 32 /home/users/kkazatzis/Galois-2.2.1/inputs/meshes/r100k.node
INFO: Hostname haci3
configuration: 100003 points
mesh size: 200004
	Conflict aborts: 301411
	Capacity aborts: 95179
	Retry aborts: 0
	Explicit aborts: 3
	Debug aborts: 0
	Nested aborts: 0
	Total aborts: 397398
Triangulation OK
STATTYPE,LOOP,CATEGORY,n,sum,T0,T1,T2,T3,T4,T5,T6,T7,T8,T9,T10,T11,T12,T13,T14,T15,T16,T17,T18,T19,T20,T21,T22,T23,T24,T25,T26,T27,T28,T29,T30,T31
STAT,(NULL),Conflicts,32,0,0,0,0,0,0,0,0,0,0,0,0,0,0,0,0,0,0,0,0,0,0,0,0,0,0,0,0,0,0,0,0,0
STAT,(NULL),Iterations,32,100000,1749,1973,2101,2101,4149,4213,4181,3989,3861,3509,4213,3733,3765,2677,3797,3349,3029,3573,3189,3221,3573,3317,3477,3509,3285,3509,3253,2933,1717,1621,1813,1621
STAT,(NULL),LoopTime,32,297,297,0,0,0,0,0,0,0,0,0,0,0,0,0,0,0,0,0,0,0,0,0,0,0,0,0,0,0,0,0,0,0
STAT,(NULL),MeminfoPost,32,216,6,6,6,6,7,7,7,7,7,7,7,7,7,7,7,7,7,7,7,7,7,7,7,7,7,7,7,7,6,6,6,6
STAT,(NULL),MeminfoPre,32,160,5,5,5,5,5,5,5,5,5,5,5,5,5,5,5,5,5,5,5,5,5,5,5,5,5,5,5,5,5,5,5,5
STAT,(NULL),Threads,32,32,32,0,0,0,0,0,0,0,0,0,0,0,0,0,0,0,0,0,0,0,0,0,0,0,0,0,0,0,0,0,0,0
STAT,(NULL),Time,32,297,297,0,0,0,0,0,0,0,0,0,0,0,0,0,0,0,0,0,0,0,0,0,0,0,0,0,0,0,0,0,0,0
Galois Benchmark Suite v2.2.1 (r0)
Copyright (C) 2014 The University of Texas at Austin
http://iss.ices.utexas.edu/galois/

application: Delaunay Triangulation
Produces a Delaunay triangulation for a set of points
http://iss.ices.utexas.edu/?p=projects/galois/benchmarks/delaunay_triangulation

INFO: CommandLine ./delaunaytriangulation -t 40 /home/users/kkazatzis/Galois-2.2.1/inputs/meshes/r100k.node
INFO: Hostname haci3
configuration: 100003 points
mesh size: 200004
	Conflict aborts: 396129
	Capacity aborts: 153497
	Retry aborts: 0
	Explicit aborts: 16
	Debug aborts: 0
	Nested aborts: 1
	Total aborts: 551004
Triangulation OK
STATTYPE,LOOP,CATEGORY,n,sum,T0,T1,T2,T3,T4,T5,T6,T7,T8,T9,T10,T11,T12,T13,T14,T15,T16,T17,T18,T19,T20,T21,T22,T23,T24,T25,T26,T27,T28,T29,T30,T31,T32,T33,T34,T35,T36,T37,T38,T39
STAT,(NULL),Conflicts,40,0,0,0,0,0,0,0,0,0,0,0,0,0,0,0,0,0,0,0,0,0,0,0,0,0,0,0,0,0,0,0,0,0,0,0,0,0,0,0,0,0
STAT,(NULL),Iterations,40,100000,1860,2532,2468,2276,2276,2308,2564,2340,2308,2308,2308,2244,4004,4580,3204,2404,2916,2468,2820,2116,2532,2756,2788,2628,2724,3012,2692,2596,2084,1860,2500,2308,1956,2052,1988,2212,2436,1956,2180,2436
STAT,(NULL),LoopTime,40,442,442,0,0,0,0,0,0,0,0,0,0,0,0,0,0,0,0,0,0,0,0,0,0,0,0,0,0,0,0,0,0,0,0,0,0,0,0,0,0,0
STAT,(NULL),MeminfoPost,40,272,6,7,7,7,7,7,7,7,7,7,7,7,7,8,7,7,7,7,7,6,7,7,7,7,7,7,7,7,6,6,7,7,6,6,6,7,7,6,6,7
STAT,(NULL),MeminfoPre,40,160,4,4,4,4,4,4,4,4,4,4,4,4,4,4,4,4,4,4,4,4,4,4,4,4,4,4,4,4,4,4,4,4,4,4,4,4,4,4,4,4
STAT,(NULL),Threads,40,40,40,0,0,0,0,0,0,0,0,0,0,0,0,0,0,0,0,0,0,0,0,0,0,0,0,0,0,0,0,0,0,0,0,0,0,0,0,0,0,0
STAT,(NULL),Time,40,442,442,0,0,0,0,0,0,0,0,0,0,0,0,0,0,0,0,0,0,0,0,0,0,0,0,0,0,0,0,0,0,0,0,0,0,0,0,0,0,0
Galois Benchmark Suite v2.2.1 (r0)
Copyright (C) 2014 The University of Texas at Austin
http://iss.ices.utexas.edu/galois/

application: Delaunay Triangulation
Produces a Delaunay triangulation for a set of points
http://iss.ices.utexas.edu/?p=projects/galois/benchmarks/delaunay_triangulation

INFO: CommandLine ./delaunaytriangulation -t 48 /home/users/kkazatzis/Galois-2.2.1/inputs/meshes/r100k.node
INFO: Hostname haci3
configuration: 100003 points
mesh size: 200004
	Conflict aborts: 468489
	Capacity aborts: 300151
	Retry aborts: 0
	Explicit aborts: 17
	Debug aborts: 0
	Nested aborts: 0
	Total aborts: 770378
Triangulation OK
STATTYPE,LOOP,CATEGORY,n,sum,T0,T1,T2,T3,T4,T5,T6,T7,T8,T9,T10,T11,T12,T13,T14,T15,T16,T17,T18,T19,T20,T21,T22,T23,T24,T25,T26,T27,T28,T29,T30,T31,T32,T33,T34,T35,T36,T37,T38,T39,T40,T41,T42,T43,T44,T45,T46,T47
STAT,(NULL),Conflicts,48,0,0,0,0,0,0,0,0,0,0,0,0,0,0,0,0,0,0,0,0,0,0,0,0,0,0,0,0,0,0,0,0,0,0,0,0,0,0,0,0,0,0,0,0,0,0,0,0,0
STAT,(NULL),Iterations,48,100000,2308,2532,2692,2116,2180,2436,2372,1924,2340,2020,2148,2212,1668,1732,1796,1700,1668,1796,1572,1540,2916,3172,2532,2820,2756,2468,3108,3140,1892,2180,1732,1988,2340,1732,1892,1924,1476,1924,1956,2052,2116,2084,1380,1348,1732,1508,1636,1444
STAT,(NULL),LoopTime,48,588,588,0,0,0,0,0,0,0,0,0,0,0,0,0,0,0,0,0,0,0,0,0,0,0,0,0,0,0,0,0,0,0,0,0,0,0,0,0,0,0,0,0,0,0,0,0,0,0
STAT,(NULL),MeminfoPost,48,304,7,7,7,6,6,7,7,6,7,6,6,7,6,6,6,6,6,6,6,6,7,7,7,7,7,7,7,7,6,6,6,6,7,6,6,6,6,6,6,6,6,6,6,6,6,6,6,6
STAT,(NULL),MeminfoPre,48,192,4,4,4,4,4,4,4,4,4,4,4,4,4,4,4,4,4,4,4,4,4,4,4,4,4,4,4,4,4,4,4,4,4,4,4,4,4,4,4,4,4,4,4,4,4,4,4,4
STAT,(NULL),Threads,48,48,48,0,0,0,0,0,0,0,0,0,0,0,0,0,0,0,0,0,0,0,0,0,0,0,0,0,0,0,0,0,0,0,0,0,0,0,0,0,0,0,0,0,0,0,0,0,0,0
STAT,(NULL),Time,48,589,589,0,0,0,0,0,0,0,0,0,0,0,0,0,0,0,0,0,0,0,0,0,0,0,0,0,0,0,0,0,0,0,0,0,0,0,0,0,0,0,0,0,0,0,0,0,0,0
Galois Benchmark Suite v2.2.1 (r0)
Copyright (C) 2014 The University of Texas at Austin
http://iss.ices.utexas.edu/galois/

application: Delaunay Triangulation
Produces a Delaunay triangulation for a set of points
http://iss.ices.utexas.edu/?p=projects/galois/benchmarks/delaunay_triangulation

INFO: CommandLine ./delaunaytriangulation -t 56 /home/users/kkazatzis/Galois-2.2.1/inputs/meshes/r100k.node
INFO: Hostname haci3
configuration: 100003 points
mesh size: 200004
	Conflict aborts: 415843
	Capacity aborts: 206610
	Retry aborts: 0
	Explicit aborts: 16
	Debug aborts: 0
	Nested aborts: 1
	Total aborts: 624102
Triangulation OK
STATTYPE,LOOP,CATEGORY,n,sum,T0,T1,T2,T3,T4,T5,T6,T7,T8,T9,T10,T11,T12,T13,T14,T15,T16,T17,T18,T19,T20,T21,T22,T23,T24,T25,T26,T27,T28,T29,T30,T31,T32,T33,T34,T35,T36,T37,T38,T39,T40,T41,T42,T43,T44,T45,T46,T47,T48,T49,T50,T51,T52,T53,T54,T55
STAT,(NULL),Conflicts,56,0,0,0,0,0,0,0,0,0,0,0,0,0,0,0,0,0,0,0,0,0,0,0,0,0,0,0,0,0,0,0,0,0,0,0,0,0,0,0,0,0,0,0,0,0,0,0,0,0,0,0,0,0,0,0,0,0
STAT,(NULL),Iterations,56,100000,1306,2074,2042,1754,2170,1882,2042,1850,1946,1946,1626,1818,1786,1850,1562,2234,1722,1754,1914,1946,2074,1690,1690,1690,1786,1914,1754,1882,1882,1850,1594,1498,1594,1626,1978,1754,1914,1562,1434,1722,1786,1722,1658,1882,1402,1466,1562,1786,2042,1594,1722,1914,1722,1786,1946,1898
STAT,(NULL),LoopTime,56,522,522,0,0,0,0,0,0,0,0,0,0,0,0,0,0,0,0,0,0,0,0,0,0,0,0,0,0,0,0,0,0,0,0,0,0,0,0,0,0,0,0,0,0,0,0,0,0,0,0,0,0,0,0,0,0,0
STAT,(NULL),MeminfoPost,56,336,6,6,6,6,6,6,6,6,6,6,6,6,6,6,6,6,6,6,6,6,6,6,6,6,6,6,6,6,6,6,6,6,6,6,6,6,6,6,6,6,6,6,6,6,6,6,6,6,6,6,6,6,6,6,6,6
STAT,(NULL),MeminfoPre,56,224,4,4,4,4,4,4,4,4,4,4,4,4,4,4,4,4,4,4,4,4,4,4,4,4,4,4,4,4,4,4,4,4,4,4,4,4,4,4,4,4,4,4,4,4,4,4,4,4,4,4,4,4,4,4,4,4
STAT,(NULL),Threads,56,56,56,0,0,0,0,0,0,0,0,0,0,0,0,0,0,0,0,0,0,0,0,0,0,0,0,0,0,0,0,0,0,0,0,0,0,0,0,0,0,0,0,0,0,0,0,0,0,0,0,0,0,0,0,0,0,0
STAT,(NULL),Time,56,522,522,0,0,0,0,0,0,0,0,0,0,0,0,0,0,0,0,0,0,0,0,0,0,0,0,0,0,0,0,0,0,0,0,0,0,0,0,0,0,0,0,0,0,0,0,0,0,0,0,0,0,0,0,0,0,0

