Galois Benchmark Suite v2.2.1 (r0)
Copyright (C) 2014 The University of Texas at Austin
http://iss.ices.utexas.edu/galois/

application: Delaunay Triangulation
Produces a Delaunay triangulation for a set of points
http://iss.ices.utexas.edu/?p=projects/galois/benchmarks/delaunay_triangulation

INFO: CommandLine ./delaunaytriangulation_big_gs -t 1 /home/users/kkazatzis/Galois-2.2.1/inputs/meshes/r100k.node
INFO: Hostname haci3
configuration: 100003 points
mesh size: 200004
	Total transactions completed: 95597
	Conflict aborts: 12
	Capacity aborts: 142310
	Retry aborts: 0
	Explicit aborts: 0
	Debug aborts: 0
	Nested aborts: 3
	Total aborts: 142498

Triangulation OK
STATTYPE,LOOP,CATEGORY,n,sum,T0
STAT,(NULL),Conflicts,1,0,0
STAT,(NULL),Iterations,1,100000,100000
STAT,(NULL),LoopTime,1,646,646
STAT,(NULL),MeminfoPost,1,75,75
STAT,(NULL),MeminfoPre,1,75,75
STAT,(NULL),Threads,1,1,1
STAT,(NULL),Time,1,645,645
Galois Benchmark Suite v2.2.1 (r0)
Copyright (C) 2014 The University of Texas at Austin
http://iss.ices.utexas.edu/galois/

application: Delaunay Triangulation
Produces a Delaunay triangulation for a set of points
http://iss.ices.utexas.edu/?p=projects/galois/benchmarks/delaunay_triangulation

INFO: CommandLine ./delaunaytriangulation_big_gs -t 2 /home/users/kkazatzis/Galois-2.2.1/inputs/meshes/r100k.node
INFO: Hostname haci3
configuration: 100003 points
mesh size: 200004
	Total transactions completed: 97066
	Conflict aborts: 2475
	Capacity aborts: 103998
	Retry aborts: 0
	Explicit aborts: 1
	Debug aborts: 0
	Nested aborts: 2
	Total aborts: 106630

Triangulation OK
STATTYPE,LOOP,CATEGORY,n,sum,T0,T1
STAT,(NULL),Conflicts,2,0,0,0
STAT,(NULL),Iterations,2,100000,51696,48304
STAT,(NULL),LoopTime,2,428,428,0
STAT,(NULL),MeminfoPost,2,78,39,39
STAT,(NULL),MeminfoPre,2,78,39,39
STAT,(NULL),Threads,2,2,2,0
STAT,(NULL),Time,2,428,428,0
Galois Benchmark Suite v2.2.1 (r0)
Copyright (C) 2014 The University of Texas at Austin
http://iss.ices.utexas.edu/galois/

application: Delaunay Triangulation
Produces a Delaunay triangulation for a set of points
http://iss.ices.utexas.edu/?p=projects/galois/benchmarks/delaunay_triangulation

INFO: CommandLine ./delaunaytriangulation_big_gs -t 4 /home/users/kkazatzis/Galois-2.2.1/inputs/meshes/r100k.node
INFO: Hostname haci3
configuration: 100003 points
mesh size: 200004
	Total transactions completed: 97178
	Conflict aborts: 6179
	Capacity aborts: 100052
	Retry aborts: 0
	Explicit aborts: 0
	Debug aborts: 0
	Nested aborts: 2
	Total aborts: 106416

Triangulation OK
STATTYPE,LOOP,CATEGORY,n,sum,T0,T1,T2,T3
STAT,(NULL),Conflicts,4,0,0,0,0,0
STAT,(NULL),Iterations,4,100000,23784,25288,25352,25576
STAT,(NULL),LoopTime,4,307,307,0,0,0
STAT,(NULL),MeminfoPost,4,84,21,21,21,21
STAT,(NULL),MeminfoPre,4,84,21,21,21,21
STAT,(NULL),Threads,4,4,4,0,0,0
STAT,(NULL),Time,4,307,307,0,0,0
Galois Benchmark Suite v2.2.1 (r0)
Copyright (C) 2014 The University of Texas at Austin
http://iss.ices.utexas.edu/galois/

application: Delaunay Triangulation
Produces a Delaunay triangulation for a set of points
http://iss.ices.utexas.edu/?p=projects/galois/benchmarks/delaunay_triangulation

INFO: CommandLine ./delaunaytriangulation_big_gs -t 8 /home/users/kkazatzis/Galois-2.2.1/inputs/meshes/r100k.node
INFO: Hostname haci3
configuration: 100003 points
mesh size: 200004
	Total transactions completed: 97674
	Conflict aborts: 10662
	Capacity aborts: 79751
	Retry aborts: 0
	Explicit aborts: 1
	Debug aborts: 0
	Nested aborts: 4
	Total aborts: 90621

Triangulation OK
STATTYPE,LOOP,CATEGORY,n,sum,T0,T1,T2,T3,T4,T5,T6,T7
STAT,(NULL),Conflicts,8,0,0,0,0,0,0,0,0,0
STAT,(NULL),Iterations,8,100000,12884,12180,13076,11924,12756,11924,12596,12660
STAT,(NULL),LoopTime,8,208,208,0,0,0,0,0,0,0
STAT,(NULL),MeminfoPost,8,96,12,12,12,12,12,12,12,12
STAT,(NULL),MeminfoPre,8,96,12,12,12,12,12,12,12,12
STAT,(NULL),Threads,8,8,8,0,0,0,0,0,0,0
STAT,(NULL),Time,8,208,208,0,0,0,0,0,0,0
Galois Benchmark Suite v2.2.1 (r0)
Copyright (C) 2014 The University of Texas at Austin
http://iss.ices.utexas.edu/galois/

application: Delaunay Triangulation
Produces a Delaunay triangulation for a set of points
http://iss.ices.utexas.edu/?p=projects/galois/benchmarks/delaunay_triangulation

INFO: CommandLine ./delaunaytriangulation_big_gs -t 16 /home/users/kkazatzis/Galois-2.2.1/inputs/meshes/r100k.node
INFO: Hostname haci3
configuration: 100003 points
mesh size: 200004
	Total transactions completed: 96991
	Conflict aborts: 33634
	Capacity aborts: 97492
	Retry aborts: 0
	Explicit aborts: 0
	Debug aborts: 0
	Nested aborts: 8
	Total aborts: 132321

Triangulation OK
STATTYPE,LOOP,CATEGORY,n,sum,T0,T1,T2,T3,T4,T5,T6,T7,T8,T9,T10,T11,T12,T13,T14,T15
STAT,(NULL),Conflicts,16,0,0,0,0,0,0,0,0,0,0,0,0,0,0,0,0,0
STAT,(NULL),Iterations,16,100000,6570,7274,7466,6666,6954,7690,6346,7306,6762,7914,7722,5386,4266,5066,1610,5002
STAT,(NULL),LoopTime,16,378,378,0,0,0,0,0,0,0,0,0,0,0,0,0,0,0
STAT,(NULL),MeminfoPost,16,135,8,9,9,9,9,9,8,9,9,9,9,8,7,8,7,8
STAT,(NULL),MeminfoPre,16,112,7,7,7,7,7,7,7,7,7,7,7,7,7,7,7,7
STAT,(NULL),Threads,16,16,16,0,0,0,0,0,0,0,0,0,0,0,0,0,0,0
STAT,(NULL),Time,16,378,378,0,0,0,0,0,0,0,0,0,0,0,0,0,0,0
Galois Benchmark Suite v2.2.1 (r0)
Copyright (C) 2014 The University of Texas at Austin
http://iss.ices.utexas.edu/galois/

application: Delaunay Triangulation
Produces a Delaunay triangulation for a set of points
http://iss.ices.utexas.edu/?p=projects/galois/benchmarks/delaunay_triangulation

INFO: CommandLine ./delaunaytriangulation_big_gs -t 24 /home/users/kkazatzis/Galois-2.2.1/inputs/meshes/r100k.node
INFO: Hostname haci3
configuration: 100003 points
mesh size: 200004
	Total transactions completed: 96455
	Conflict aborts: 51269
	Capacity aborts: 83909
	Retry aborts: 0
	Explicit aborts: 2
	Debug aborts: 0
	Nested aborts: 4
	Total aborts: 136468

Triangulation OK
STATTYPE,LOOP,CATEGORY,n,sum,T0,T1,T2,T3,T4,T5,T6,T7,T8,T9,T10,T11,T12,T13,T14,T15,T16,T17,T18,T19,T20,T21,T22,T23
STAT,(NULL),Conflicts,24,0,0,0,0,0,0,0,0,0,0,0,0,0,0,0,0,0,0,0,0,0,0,0,0,0
STAT,(NULL),Iterations,24,100000,6471,6119,6791,2983,2535,1351,7303,7175,6663,3687,3719,3879,775,455,1095,5063,3271,5831,3175,2567,4391,4935,4807,4959
STAT,(NULL),LoopTime,24,294,294,0,0,0,0,0,0,0,0,0,0,0,0,0,0,0,0,0,0,0,0,0,0,0
STAT,(NULL),MeminfoPost,24,179,8,8,9,7,7,6,9,9,9,7,7,7,6,6,6,8,7,8,7,7,7,8,8,8
STAT,(NULL),MeminfoPre,24,144,6,6,6,6,6,6,6,6,6,6,6,6,6,6,6,6,6,6,6,6,6,6,6,6
STAT,(NULL),Threads,24,24,24,0,0,0,0,0,0,0,0,0,0,0,0,0,0,0,0,0,0,0,0,0,0,0
STAT,(NULL),Time,24,294,294,0,0,0,0,0,0,0,0,0,0,0,0,0,0,0,0,0,0,0,0,0,0,0
Galois Benchmark Suite v2.2.1 (r0)
Copyright (C) 2014 The University of Texas at Austin
http://iss.ices.utexas.edu/galois/

application: Delaunay Triangulation
Produces a Delaunay triangulation for a set of points
http://iss.ices.utexas.edu/?p=projects/galois/benchmarks/delaunay_triangulation

INFO: CommandLine ./delaunaytriangulation_big_gs -t 32 /home/users/kkazatzis/Galois-2.2.1/inputs/meshes/r100k.node
INFO: Hostname haci3
configuration: 100003 points
mesh size: 200004
	Total transactions completed: 94283
	Conflict aborts: 70183
	Capacity aborts: 149598
	Retry aborts: 0
	Explicit aborts: 6
	Debug aborts: 0
	Nested aborts: 5
	Total aborts: 223793

Triangulation OK
STATTYPE,LOOP,CATEGORY,n,sum,T0,T1,T2,T3,T4,T5,T6,T7,T8,T9,T10,T11,T12,T13,T14,T15,T16,T17,T18,T19,T20,T21,T22,T23,T24,T25,T26,T27,T28,T29,T30,T31
STAT,(NULL),Conflicts,32,0,0,0,0,0,0,0,0,0,0,0,0,0,0,0,0,0,0,0,0,0,0,0,0,0,0,0,0,0,0,0,0,0
STAT,(NULL),Iterations,32,100000,4053,5269,4021,5429,2485,2261,4085,2197,4469,2005,3413,3509,981,565,565,2261,3253,3797,1269,4405,3125,5557,5973,4085,2101,3285,1717,2325,1525,2965,3317,3733
STAT,(NULL),LoopTime,32,303,303,0,0,0,0,0,0,0,0,0,0,0,0,0,0,0,0,0,0,0,0,0,0,0,0,0,0,0,0,0,0,0
STAT,(NULL),MeminfoPost,32,220,7,8,7,8,7,7,7,6,8,6,7,7,6,6,6,7,7,7,6,7,7,8,8,7,6,7,6,7,6,7,7,7
STAT,(NULL),MeminfoPre,32,160,5,5,5,5,5,5,5,5,5,5,5,5,5,5,5,5,5,5,5,5,5,5,5,5,5,5,5,5,5,5,5,5
STAT,(NULL),Threads,32,32,32,0,0,0,0,0,0,0,0,0,0,0,0,0,0,0,0,0,0,0,0,0,0,0,0,0,0,0,0,0,0,0
STAT,(NULL),Time,32,303,303,0,0,0,0,0,0,0,0,0,0,0,0,0,0,0,0,0,0,0,0,0,0,0,0,0,0,0,0,0,0,0
Galois Benchmark Suite v2.2.1 (r0)
Copyright (C) 2014 The University of Texas at Austin
http://iss.ices.utexas.edu/galois/

application: Delaunay Triangulation
Produces a Delaunay triangulation for a set of points
http://iss.ices.utexas.edu/?p=projects/galois/benchmarks/delaunay_triangulation

INFO: CommandLine ./delaunaytriangulation_big_gs -t 40 /home/users/kkazatzis/Galois-2.2.1/inputs/meshes/r100k.node
INFO: Hostname haci3
configuration: 100003 points
mesh size: 200004
	Total transactions completed: 93010
	Conflict aborts: 84160
	Capacity aborts: 196523
	Retry aborts: 0
	Explicit aborts: 38
	Debug aborts: 0
	Nested aborts: 12
	Total aborts: 288294

Triangulation OK
STATTYPE,LOOP,CATEGORY,n,sum,T0,T1,T2,T3,T4,T5,T6,T7,T8,T9,T10,T11,T12,T13,T14,T15,T16,T17,T18,T19,T20,T21,T22,T23,T24,T25,T26,T27,T28,T29,T30,T31,T32,T33,T34,T35,T36,T37,T38,T39
STAT,(NULL),Conflicts,40,0,0,0,0,0,0,0,0,0,0,0,0,0,0,0,0,0,0,0,0,0,0,0,0,0,0,0,0,0,0,0,0,0,0,0,0,0,0,0,0,0
STAT,(NULL),Iterations,40,100000,2788,3204,3396,3044,3204,2468,2020,3524,3460,3108,2244,1252,1348,420,676,1668,3396,1636,2596,1796,3044,2628,3172,3492,3012,3748,1892,2180,1220,1764,3332,2884,2596,1796,2948,2148,3044,2756,2884,2212
STAT,(NULL),LoopTime,40,323,323,0,0,0,0,0,0,0,0,0,0,0,0,0,0,0,0,0,0,0,0,0,0,0,0,0,0,0,0,0,0,0,0,0,0,0,0,0,0,0
STAT,(NULL),MeminfoPost,40,265,7,7,7,7,7,7,6,7,7,7,7,6,6,6,6,6,7,6,7,6,7,7,7,7,7,7,6,6,6,6,7,7,7,6,7,6,7,7,7,6
STAT,(NULL),MeminfoPre,40,160,4,4,4,4,4,4,4,4,4,4,4,4,4,4,4,4,4,4,4,4,4,4,4,4,4,4,4,4,4,4,4,4,4,4,4,4,4,4,4,4
STAT,(NULL),Threads,40,40,40,0,0,0,0,0,0,0,0,0,0,0,0,0,0,0,0,0,0,0,0,0,0,0,0,0,0,0,0,0,0,0,0,0,0,0,0,0,0,0
STAT,(NULL),Time,40,323,323,0,0,0,0,0,0,0,0,0,0,0,0,0,0,0,0,0,0,0,0,0,0,0,0,0,0,0,0,0,0,0,0,0,0,0,0,0,0,0
Galois Benchmark Suite v2.2.1 (r0)
Copyright (C) 2014 The University of Texas at Austin
http://iss.ices.utexas.edu/galois/

application: Delaunay Triangulation
Produces a Delaunay triangulation for a set of points
http://iss.ices.utexas.edu/?p=projects/galois/benchmarks/delaunay_triangulation

INFO: CommandLine ./delaunaytriangulation_big_gs -t 48 /home/users/kkazatzis/Galois-2.2.1/inputs/meshes/r100k.node
INFO: Hostname haci3
configuration: 100003 points
mesh size: 200004
	Total transactions completed: 90642
	Conflict aborts: 105489
	Capacity aborts: 248209
	Retry aborts: 0
	Explicit aborts: 42
	Debug aborts: 0
	Nested aborts: 6
	Total aborts: 364268

Triangulation OK
STATTYPE,LOOP,CATEGORY,n,sum,T0,T1,T2,T3,T4,T5,T6,T7,T8,T9,T10,T11,T12,T13,T14,T15,T16,T17,T18,T19,T20,T21,T22,T23,T24,T25,T26,T27,T28,T29,T30,T31,T32,T33,T34,T35,T36,T37,T38,T39,T40,T41,T42,T43,T44,T45,T46,T47
STAT,(NULL),Conflicts,48,0,0,0,0,0,0,0,0,0,0,0,0,0,0,0,0,0,0,0,0,0,0,0,0,0,0,0,0,0,0,0,0,0,0,0,0,0,0,0,0,0,0,0,0,0,0,0,0,0
STAT,(NULL),Iterations,48,100000,2756,3236,3172,2532,1348,2948,2596,1028,2884,3204,2852,2596,1028,548,772,2148,3172,1668,2852,2980,2628,1348,2404,1796,2468,1348,1252,1412,1156,996,2276,2372,2724,932,1764,1636,3012,2276,1924,2148,1156,1700,1412,1732,2724,1860,2468,2756
STAT,(NULL),LoopTime,48,349,349,0,0,0,0,0,0,0,0,0,0,0,0,0,0,0,0,0,0,0,0,0,0,0,0,0,0,0,0,0,0,0,0,0,0,0,0,0,0,0,0,0,0,0,0,0,0,0
STAT,(NULL),MeminfoPost,48,312,7,7,7,7,6,7,7,6,7,7,7,7,6,6,6,6,7,6,7,7,7,6,7,6,7,6,6,6,6,6,7,7,7,6,6,6,7,7,6,6,6,6,6,6,7,6,7,7
STAT,(NULL),MeminfoPre,48,192,4,4,4,4,4,4,4,4,4,4,4,4,4,4,4,4,4,4,4,4,4,4,4,4,4,4,4,4,4,4,4,4,4,4,4,4,4,4,4,4,4,4,4,4,4,4,4,4
STAT,(NULL),Threads,48,48,48,0,0,0,0,0,0,0,0,0,0,0,0,0,0,0,0,0,0,0,0,0,0,0,0,0,0,0,0,0,0,0,0,0,0,0,0,0,0,0,0,0,0,0,0,0,0,0
STAT,(NULL),Time,48,349,349,0,0,0,0,0,0,0,0,0,0,0,0,0,0,0,0,0,0,0,0,0,0,0,0,0,0,0,0,0,0,0,0,0,0,0,0,0,0,0,0,0,0,0,0,0,0,0
Galois Benchmark Suite v2.2.1 (r0)
Copyright (C) 2014 The University of Texas at Austin
http://iss.ices.utexas.edu/galois/

application: Delaunay Triangulation
Produces a Delaunay triangulation for a set of points
http://iss.ices.utexas.edu/?p=projects/galois/benchmarks/delaunay_triangulation

INFO: CommandLine ./delaunaytriangulation_big_gs -t 56 /home/users/kkazatzis/Galois-2.2.1/inputs/meshes/r100k.node
INFO: Hostname haci3
configuration: 100003 points
mesh size: 200004
	Total transactions completed: 89595
	Conflict aborts: 110248
	Capacity aborts: 279791
	Retry aborts: 0
	Explicit aborts: 59
	Debug aborts: 0
	Nested aborts: 1
	Total aborts: 402614

Triangulation OK
STATTYPE,LOOP,CATEGORY,n,sum,T0,T1,T2,T3,T4,T5,T6,T7,T8,T9,T10,T11,T12,T13,T14,T15,T16,T17,T18,T19,T20,T21,T22,T23,T24,T25,T26,T27,T28,T29,T30,T31,T32,T33,T34,T35,T36,T37,T38,T39,T40,T41,T42,T43,T44,T45,T46,T47,T48,T49,T50,T51,T52,T53,T54,T55
STAT,(NULL),Conflicts,56,0,0,0,0,0,0,0,0,0,0,0,0,0,0,0,0,0,0,0,0,0,0,0,0,0,0,0,0,0,0,0,0,0,0,0,0,0,0,0,0,0,0,0,0,0,0,0,0,0,0,0,0,0,0,0,0,0
STAT,(NULL),Iterations,56,100000,1978,2586,2458,1722,1498,1402,2586,1882,1338,1434,1466,2394,1946,1594,1242,2362,1402,1722,1946,2202,2522,2938,1978,1402,986,1626,2042,1274,1530,2106,1626,1178,858,2010,2362,2138,2170,1818,762,1690,1818,1658,1210,1882,1722,986,954,1466,2554,1946,1466,2330,2042,2010,2202,1578
STAT,(NULL),LoopTime,56,329,329,0,0,0,0,0,0,0,0,0,0,0,0,0,0,0,0,0,0,0,0,0,0,0,0,0,0,0,0,0,0,0,0,0,0,0,0,0,0,0,0,0,0,0,0,0,0,0,0,0,0,0,0,0,0,0
STAT,(NULL),MeminfoPost,56,346,6,7,7,6,6,6,7,6,6,6,6,7,6,6,6,7,6,6,6,6,7,7,6,6,6,6,6,6,6,6,6,6,6,6,7,6,6,6,6,6,6,6,6,6,6,6,6,6,7,6,6,7,6,6,6,6
STAT,(NULL),MeminfoPre,56,224,4,4,4,4,4,4,4,4,4,4,4,4,4,4,4,4,4,4,4,4,4,4,4,4,4,4,4,4,4,4,4,4,4,4,4,4,4,4,4,4,4,4,4,4,4,4,4,4,4,4,4,4,4,4,4,4
STAT,(NULL),Threads,56,56,56,0,0,0,0,0,0,0,0,0,0,0,0,0,0,0,0,0,0,0,0,0,0,0,0,0,0,0,0,0,0,0,0,0,0,0,0,0,0,0,0,0,0,0,0,0,0,0,0,0,0,0,0,0,0,0
STAT,(NULL),Time,56,321,321,0,0,0,0,0,0,0,0,0,0,0,0,0,0,0,0,0,0,0,0,0,0,0,0,0,0,0,0,0,0,0,0,0,0,0,0,0,0,0,0,0,0,0,0,0,0,0,0,0,0,0,0,0,0,0
