Galois Benchmark Suite v2.2.1 (r0)
Copyright (C) 2014 The University of Texas at Austin
http://iss.ices.utexas.edu/galois/

application: Delaunay Triangulation
Produces a Delaunay triangulation for a set of points
http://iss.ices.utexas.edu/?p=projects/galois/benchmarks/delaunay_triangulation

INFO: CommandLine ./delaunaytriangulation_big_gs -t 1 /home/users/kkazatzis/Galois-2.2.1/inputs/meshes/r50k.node
INFO: Hostname broady
configuration: 50003 points
mesh size: 100004
	Total transactions completed: 48176
	Conflict aborts: 41
	Capacity aborts: 66180
	Retry aborts: 0
	Explicit aborts: 0
	Debug aborts: 0
	Nested aborts: 2
	Total aborts: 66440

Triangulation OK
STATTYPE,LOOP,CATEGORY,n,sum,T0
STAT,(NULL),Conflicts,1,0,0
STAT,(NULL),Iterations,1,50000,50000
STAT,(NULL),LoopTime,1,348,348
STAT,(NULL),MeminfoPost,1,38,38
STAT,(NULL),MeminfoPre,1,38,38
STAT,(NULL),Threads,1,1,1
STAT,(NULL),Time,1,348,348
Galois Benchmark Suite v2.2.1 (r0)
Copyright (C) 2014 The University of Texas at Austin
http://iss.ices.utexas.edu/galois/

application: Delaunay Triangulation
Produces a Delaunay triangulation for a set of points
http://iss.ices.utexas.edu/?p=projects/galois/benchmarks/delaunay_triangulation

INFO: CommandLine ./delaunaytriangulation_big_gs -t 2 /home/users/kkazatzis/Galois-2.2.1/inputs/meshes/r50k.node
INFO: Hostname broady
configuration: 50003 points
mesh size: 100004
	Total transactions completed: 48757
	Conflict aborts: 1174
	Capacity aborts: 38948
	Retry aborts: 0
	Explicit aborts: 0
	Debug aborts: 0
	Nested aborts: 2
	Total aborts: 40220

Triangulation OK
STATTYPE,LOOP,CATEGORY,n,sum,T0,T1
STAT,(NULL),Conflicts,2,0,0,0
STAT,(NULL),Iterations,2,50000,25512,24488
STAT,(NULL),LoopTime,2,211,211,0
STAT,(NULL),MeminfoPost,2,40,20,20
STAT,(NULL),MeminfoPre,2,40,20,20
STAT,(NULL),Threads,2,2,2,0
STAT,(NULL),Time,2,211,211,0
Galois Benchmark Suite v2.2.1 (r0)
Copyright (C) 2014 The University of Texas at Austin
http://iss.ices.utexas.edu/galois/

application: Delaunay Triangulation
Produces a Delaunay triangulation for a set of points
http://iss.ices.utexas.edu/?p=projects/galois/benchmarks/delaunay_triangulation

INFO: CommandLine ./delaunaytriangulation_big_gs -t 4 /home/users/kkazatzis/Galois-2.2.1/inputs/meshes/r50k.node
INFO: Hostname broady
configuration: 50003 points
mesh size: 100004
	Total transactions completed: 48944
	Conflict aborts: 2710
	Capacity aborts: 34635
	Retry aborts: 0
	Explicit aborts: 0
	Debug aborts: 0
	Nested aborts: 0
	Total aborts: 37434

Triangulation OK
STATTYPE,LOOP,CATEGORY,n,sum,T0,T1,T2,T3
STAT,(NULL),Conflicts,4,0,0,0,0,0
STAT,(NULL),Iterations,4,50000,11828,12436,13012,12724
STAT,(NULL),LoopTime,4,142,142,0,0,0
STAT,(NULL),MeminfoPost,4,44,11,11,11,11
STAT,(NULL),MeminfoPre,4,44,11,11,11,11
STAT,(NULL),Threads,4,4,4,0,0,0
STAT,(NULL),Time,4,142,142,0,0,0
Galois Benchmark Suite v2.2.1 (r0)
Copyright (C) 2014 The University of Texas at Austin
http://iss.ices.utexas.edu/galois/

application: Delaunay Triangulation
Produces a Delaunay triangulation for a set of points
http://iss.ices.utexas.edu/?p=projects/galois/benchmarks/delaunay_triangulation

INFO: CommandLine ./delaunaytriangulation_big_gs -t 8 /home/users/kkazatzis/Galois-2.2.1/inputs/meshes/r50k.node
INFO: Hostname broady
configuration: 50003 points
mesh size: 100004
	Total transactions completed: 48962
	Conflict aborts: 5268
	Capacity aborts: 34003
	Retry aborts: 0
	Explicit aborts: 0
	Debug aborts: 0
	Nested aborts: 4
	Total aborts: 39564

Triangulation OK
STATTYPE,LOOP,CATEGORY,n,sum,T0,T1,T2,T3,T4,T5,T6,T7
STAT,(NULL),Conflicts,8,0,0,0,0,0,0,0,0,0
STAT,(NULL),Iterations,8,50000,6282,5834,6762,6282,6506,6058,5930,6346
STAT,(NULL),LoopTime,8,110,110,0,0,0,0,0,0,0
STAT,(NULL),MeminfoPost,8,65,8,8,9,8,8,8,8,8
STAT,(NULL),MeminfoPre,8,56,7,7,7,7,7,7,7,7
STAT,(NULL),Threads,8,8,8,0,0,0,0,0,0,0
STAT,(NULL),Time,8,110,110,0,0,0,0,0,0,0
Galois Benchmark Suite v2.2.1 (r0)
Copyright (C) 2014 The University of Texas at Austin
http://iss.ices.utexas.edu/galois/

application: Delaunay Triangulation
Produces a Delaunay triangulation for a set of points
http://iss.ices.utexas.edu/?p=projects/galois/benchmarks/delaunay_triangulation

INFO: CommandLine ./delaunaytriangulation_big_gs -t 16 /home/users/kkazatzis/Galois-2.2.1/inputs/meshes/r50k.node
INFO: Hostname broady
configuration: 50003 points
mesh size: 100004
	Total transactions completed: 48911
	Conflict aborts: 9411
	Capacity aborts: 35926
	Retry aborts: 0
	Explicit aborts: 0
	Debug aborts: 0
	Nested aborts: 9
	Total aborts: 45880

Triangulation OK
STATTYPE,LOOP,CATEGORY,n,sum,T0,T1,T2,T3,T4,T5,T6,T7,T8,T9,T10,T11,T12,T13,T14,T15
STAT,(NULL),Conflicts,16,0,0,0,0,0,0,0,0,0,0,0,0,0,0,0,0,0
STAT,(NULL),Iterations,16,50000,2869,2997,3285,3285,2933,3029,3349,2869,3285,3157,3125,3317,2837,3093,3253,3317
STAT,(NULL),LoopTime,16,97,97,0,0,0,0,0,0,0,0,0,0,0,0,0,0,0
STAT,(NULL),MeminfoPost,16,112,7,7,7,7,7,7,7,7,7,7,7,7,7,7,7,7
STAT,(NULL),MeminfoPre,16,80,5,5,5,5,5,5,5,5,5,5,5,5,5,5,5,5
STAT,(NULL),Threads,16,16,16,0,0,0,0,0,0,0,0,0,0,0,0,0,0,0
STAT,(NULL),Time,16,97,97,0,0,0,0,0,0,0,0,0,0,0,0,0,0,0
Galois Benchmark Suite v2.2.1 (r0)
Copyright (C) 2014 The University of Texas at Austin
http://iss.ices.utexas.edu/galois/

application: Delaunay Triangulation
Produces a Delaunay triangulation for a set of points
http://iss.ices.utexas.edu/?p=projects/galois/benchmarks/delaunay_triangulation

INFO: CommandLine ./delaunaytriangulation_big_gs -t 24 /home/users/kkazatzis/Galois-2.2.1/inputs/meshes/r50k.node
INFO: Hostname broady
configuration: 50003 points
mesh size: 100004
	Total transactions completed: 48696
	Conflict aborts: 23669
	Capacity aborts: 33623
	Retry aborts: 0
	Explicit aborts: 3
	Debug aborts: 0
	Nested aborts: 7
	Total aborts: 58095

Triangulation OK
STATTYPE,LOOP,CATEGORY,n,sum,T0,T1,T2,T3,T4,T5,T6,T7,T8,T9,T10,T11,T12,T13,T14,T15,T16,T17,T18,T19,T20,T21,T22,T23
STAT,(NULL),Conflicts,24,0,0,0,0,0,0,0,0,0,0,0,0,0,0,0,0,0,0,0,0,0,0,0,0,0
STAT,(NULL),Iterations,24,50000,2468,2756,2628,2500,2500,2084,2820,2436,2212,1764,2468,2468,2212,2500,2852,2052,2148,2084,772,1252,2180,1444,164,1236
STAT,(NULL),LoopTime,24,215,215,0,0,0,0,0,0,0,0,0,0,0,0,0,0,0,0,0,0,0,0,0,0,0
STAT,(NULL),MeminfoPost,24,155,7,7,7,7,7,6,7,7,6,6,7,7,6,7,7,6,6,6,6,6,6,6,6,6
STAT,(NULL),MeminfoPre,24,96,4,4,4,4,4,4,4,4,4,4,4,4,4,4,4,4,4,4,4,4,4,4,4,4
STAT,(NULL),Threads,24,24,24,0,0,0,0,0,0,0,0,0,0,0,0,0,0,0,0,0,0,0,0,0,0,0
STAT,(NULL),Time,24,215,215,0,0,0,0,0,0,0,0,0,0,0,0,0,0,0,0,0,0,0,0,0,0,0
Galois Benchmark Suite v2.2.1 (r0)
Copyright (C) 2014 The University of Texas at Austin
http://iss.ices.utexas.edu/galois/

application: Delaunay Triangulation
Produces a Delaunay triangulation for a set of points
http://iss.ices.utexas.edu/?p=projects/galois/benchmarks/delaunay_triangulation

INFO: CommandLine ./delaunaytriangulation_big_gs -t 32 /home/users/kkazatzis/Galois-2.2.1/inputs/meshes/r50k.node
INFO: Hostname broady
configuration: 50003 points
mesh size: 100004
	Total transactions completed: 48028
	Conflict aborts: 30547
	Capacity aborts: 44381
	Retry aborts: 0
	Explicit aborts: 4
	Debug aborts: 0
	Nested aborts: 3
	Total aborts: 75603

Triangulation OK
STATTYPE,LOOP,CATEGORY,n,sum,T0,T1,T2,T3,T4,T5,T6,T7,T8,T9,T10,T11,T12,T13,T14,T15,T16,T17,T18,T19,T20,T21,T22,T23,T24,T25,T26,T27,T28,T29,T30,T31
STAT,(NULL),Conflicts,32,0,0,0,0,0,0,0,0,0,0,0,0,0,0,0,0,0,0,0,0,0,0,0,0,0,0,0,0,0,0,0,0,0
STAT,(NULL),Iterations,32,50000,1819,2107,2331,2331,2075,731,1851,539,2395,1787,1723,2299,1403,2363,2427,987,1275,187,2075,1275,1051,123,667,635,1595,2299,1691,1211,1659,1691,1755,1643
STAT,(NULL),LoopTime,32,199,199,0,0,0,0,0,0,0,0,0,0,0,0,0,0,0,0,0,0,0,0,0,0,0,0,0,0,0,0,0,0,0
STAT,(NULL),MeminfoPost,32,199,6,6,7,7,6,6,6,6,7,6,6,7,6,7,7,6,6,6,6,6,6,6,6,6,6,7,6,6,6,6,6,6
STAT,(NULL),MeminfoPre,32,128,4,4,4,4,4,4,4,4,4,4,4,4,4,4,4,4,4,4,4,4,4,4,4,4,4,4,4,4,4,4,4,4
STAT,(NULL),Threads,32,32,32,0,0,0,0,0,0,0,0,0,0,0,0,0,0,0,0,0,0,0,0,0,0,0,0,0,0,0,0,0,0,0
STAT,(NULL),Time,32,199,199,0,0,0,0,0,0,0,0,0,0,0,0,0,0,0,0,0,0,0,0,0,0,0,0,0,0,0,0,0,0,0
Galois Benchmark Suite v2.2.1 (r0)
Copyright (C) 2014 The University of Texas at Austin
http://iss.ices.utexas.edu/galois/

application: Delaunay Triangulation
Produces a Delaunay triangulation for a set of points
http://iss.ices.utexas.edu/?p=projects/galois/benchmarks/delaunay_triangulation

INFO: CommandLine ./delaunaytriangulation_big_gs -t 40 /home/users/kkazatzis/Galois-2.2.1/inputs/meshes/r50k.node
INFO: Hostname broady
configuration: 50003 points
mesh size: 100004
	Total transactions completed: 46969
	Conflict aborts: 52754
	Capacity aborts: 57312
	Retry aborts: 0
	Explicit aborts: 3
	Debug aborts: 0
	Nested aborts: 0
	Total aborts: 111449

Triangulation OK
STATTYPE,LOOP,CATEGORY,n,sum,T0,T1,T2,T3,T4,T5,T6,T7,T8,T9,T10,T11,T12,T13,T14,T15,T16,T17,T18,T19,T20,T21,T22,T23,T24,T25,T26,T27,T28,T29,T30,T31,T32,T33,T34,T35,T36,T37,T38,T39
STAT,(NULL),Conflicts,40,0,0,0,0,0,0,0,0,0,0,0,0,0,0,0,0,0,0,0,0,0,0,0,0,0,0,0,0,0,0,0,0,0,0,0,0,0,0,0,0,0
STAT,(NULL),Iterations,40,50000,1346,2210,1922,1570,2274,1634,578,738,770,290,1666,2466,1858,1954,1346,1186,258,770,1826,418,322,162,482,962,834,2274,1698,1090,1090,1730,226,1794,546,674,1858,962,1890,1250,1634,1442
STAT,(NULL),LoopTime,40,271,271,0,0,0,0,0,0,0,0,0,0,0,0,0,0,0,0,0,0,0,0,0,0,0,0,0,0,0,0,0,0,0,0,0,0,0,0,0,0,0
STAT,(NULL),MeminfoPost,40,241,6,6,6,6,6,6,6,6,6,6,6,7,6,6,6,6,6,6,6,6,6,6,6,6,6,6,6,6,6,6,6,6,6,6,6,6,6,6,6,6
STAT,(NULL),MeminfoPre,40,120,3,3,3,3,3,3,3,3,3,3,3,3,3,3,3,3,3,3,3,3,3,3,3,3,3,3,3,3,3,3,3,3,3,3,3,3,3,3,3,3
STAT,(NULL),Threads,40,40,40,0,0,0,0,0,0,0,0,0,0,0,0,0,0,0,0,0,0,0,0,0,0,0,0,0,0,0,0,0,0,0,0,0,0,0,0,0,0,0
STAT,(NULL),Time,40,271,271,0,0,0,0,0,0,0,0,0,0,0,0,0,0,0,0,0,0,0,0,0,0,0,0,0,0,0,0,0,0,0,0,0,0,0,0,0,0,0
Galois Benchmark Suite v2.2.1 (r0)
Copyright (C) 2014 The University of Texas at Austin
http://iss.ices.utexas.edu/galois/

application: Delaunay Triangulation
Produces a Delaunay triangulation for a set of points
http://iss.ices.utexas.edu/?p=projects/galois/benchmarks/delaunay_triangulation

INFO: CommandLine ./delaunaytriangulation_big_gs -t 44 /home/users/kkazatzis/Galois-2.2.1/inputs/meshes/r50k.node
INFO: Hostname broady
configuration: 50003 points
mesh size: 100004
	Total transactions completed: 47076
	Conflict aborts: 47815
	Capacity aborts: 59450
	Retry aborts: 0
	Explicit aborts: 8
	Debug aborts: 0
	Nested aborts: 1
	Total aborts: 108718

Triangulation OK
STATTYPE,LOOP,CATEGORY,n,sum,T0,T1,T2,T3,T4,T5,T6,T7,T8,T9,T10,T11,T12,T13,T14,T15,T16,T17,T18,T19,T20,T21,T22,T23,T24,T25,T26,T27,T28,T29,T30,T31,T32,T33,T34,T35,T36,T37,T38,T39,T40,T41,T42,T43
STAT,(NULL),Conflicts,44,0,0,0,0,0,0,0,0,0,0,0,0,0,0,0,0,0,0,0,0,0,0,0,0,0,0,0,0,0,0,0,0,0,0,0,0,0,0,0,0,0,0,0,0,0
STAT,(NULL),Iterations,44,50000,753,1905,1521,1585,1841,1105,1361,529,945,817,209,1457,1681,1873,1617,913,1969,849,561,945,465,145,145,1393,401,337,1169,1201,1233,1425,1905,2097,1457,145,1585,273,625,1201,1521,1617,1265,1265,1681,1013
STAT,(NULL),LoopTime,44,276,276,0,0,0,0,0,0,0,0,0,0,0,0,0,0,0,0,0,0,0,0,0,0,0,0,0,0,0,0,0,0,0,0,0,0,0,0,0,0,0,0,0,0,0
STAT,(NULL),MeminfoPost,44,264,6,6,6,6,6,6,6,6,6,6,6,6,6,6,6,6,6,6,6,6,6,6,6,6,6,6,6,6,6,6,6,6,6,6,6,6,6,6,6,6,6,6,6,6
STAT,(NULL),MeminfoPre,44,132,3,3,3,3,3,3,3,3,3,3,3,3,3,3,3,3,3,3,3,3,3,3,3,3,3,3,3,3,3,3,3,3,3,3,3,3,3,3,3,3,3,3,3,3
STAT,(NULL),Threads,44,44,44,0,0,0,0,0,0,0,0,0,0,0,0,0,0,0,0,0,0,0,0,0,0,0,0,0,0,0,0,0,0,0,0,0,0,0,0,0,0,0,0,0,0,0
STAT,(NULL),Time,44,276,276,0,0,0,0,0,0,0,0,0,0,0,0,0,0,0,0,0,0,0,0,0,0,0,0,0,0,0,0,0,0,0,0,0,0,0,0,0,0,0,0,0,0,0
Galois Benchmark Suite v2.2.1 (r0)
Copyright (C) 2014 The University of Texas at Austin
http://iss.ices.utexas.edu/galois/

application: Delaunay Triangulation
Produces a Delaunay triangulation for a set of points
http://iss.ices.utexas.edu/?p=projects/galois/benchmarks/delaunay_triangulation

INFO: CommandLine ./delaunaytriangulation_big_gs -t 88 /home/users/kkazatzis/Galois-2.2.1/inputs/meshes/r50k.node
INFO: Hostname broady
configuration: 50003 points
mesh size: 100004
	Total transactions completed: 42848
	Conflict aborts: 105673
	Capacity aborts: 154016
	Retry aborts: 0
	Explicit aborts: 77
	Debug aborts: 0
	Nested aborts: 4
	Total aborts: 269505

Triangulation OK
STATTYPE,LOOP,CATEGORY,n,sum,T0,T1,T2,T3,T4,T5,T6,T7,T8,T9,T10,T11,T12,T13,T14,T15,T16,T17,T18,T19,T20,T21,T22,T23,T24,T25,T26,T27,T28,T29,T30,T31,T32,T33,T34,T35,T36,T37,T38,T39,T40,T41,T42,T43,T44,T45,T46,T47,T48,T49,T50,T51,T52,T53,T54,T55,T56,T57,T58,T59,T60,T61,T62,T63,T64,T65,T66,T67,T68,T69,T70,T71,T72,T73,T74,T75,T76,T77,T78,T79,T80,T81,T82,T83,T84,T85,T86,T87
STAT,(NULL),Conflicts,88,0,0,0,0,0,0,0,0,0,0,0,0,0,0,0,0,0,0,0,0,0,0,0,0,0,0,0,0,0,0,0,0,0,0,0,0,0,0,0,0,0,0,0,0,0,0,0,0,0,0,0,0,0,0,0,0,0,0,0,0,0,0,0,0,0,0,0,0,0,0,0,0,0,0,0,0,0,0,0,0,0,0,0,0,0,0,0,0,0
STAT,(NULL),Iterations,88,50000,601,825,793,537,601,793,1177,505,217,505,953,729,153,377,345,313,409,729,793,377,377,377,569,633,825,537,473,441,1049,793,729,857,889,697,345,601,249,409,281,345,729,377,281,185,313,281,697,729,377,345,473,313,633,825,729,633,1049,825,633,729,217,313,1145,793,409,249,249,153,537,729,665,249,505,825,313,569,761,761,185,569,409,857,601,729,729,921,569,625
STAT,(NULL),LoopTime,88,354,354,0,0,0,0,0,0,0,0,0,0,0,0,0,0,0,0,0,0,0,0,0,0,0,0,0,0,0,0,0,0,0,0,0,0,0,0,0,0,0,0,0,0,0,0,0,0,0,0,0,0,0,0,0,0,0,0,0,0,0,0,0,0,0,0,0,0,0,0,0,0,0,0,0,0,0,0,0,0,0,0,0,0,0,0,0,0,0
STAT,(NULL),MeminfoPost,88,528,6,6,6,6,6,6,6,6,6,6,6,6,6,6,6,6,6,6,6,6,6,6,6,6,6,6,6,6,6,6,6,6,6,6,6,6,6,6,6,6,6,6,6,6,6,6,6,6,6,6,6,6,6,6,6,6,6,6,6,6,6,6,6,6,6,6,6,6,6,6,6,6,6,6,6,6,6,6,6,6,6,6,6,6,6,6,6,6
STAT,(NULL),MeminfoPre,88,264,3,3,3,3,3,3,3,3,3,3,3,3,3,3,3,3,3,3,3,3,3,3,3,3,3,3,3,3,3,3,3,3,3,3,3,3,3,3,3,3,3,3,3,3,3,3,3,3,3,3,3,3,3,3,3,3,3,3,3,3,3,3,3,3,3,3,3,3,3,3,3,3,3,3,3,3,3,3,3,3,3,3,3,3,3,3,3,3
STAT,(NULL),Threads,88,88,88,0,0,0,0,0,0,0,0,0,0,0,0,0,0,0,0,0,0,0,0,0,0,0,0,0,0,0,0,0,0,0,0,0,0,0,0,0,0,0,0,0,0,0,0,0,0,0,0,0,0,0,0,0,0,0,0,0,0,0,0,0,0,0,0,0,0,0,0,0,0,0,0,0,0,0,0,0,0,0,0,0,0,0,0,0,0,0
STAT,(NULL),Time,88,354,354,0,0,0,0,0,0,0,0,0,0,0,0,0,0,0,0,0,0,0,0,0,0,0,0,0,0,0,0,0,0,0,0,0,0,0,0,0,0,0,0,0,0,0,0,0,0,0,0,0,0,0,0,0,0,0,0,0,0,0,0,0,0,0,0,0,0,0,0,0,0,0,0,0,0,0,0,0,0,0,0,0,0,0,0,0,0,0
