Galois Benchmark Suite v2.2.1 (r0)
Copyright (C) 2014 The University of Texas at Austin
http://iss.ices.utexas.edu/galois/

application: Delaunay Mesh Refinement
Refines a Delaunay triangulation mesh such that no angle in the mesh is less than 30 degrees
http://iss.ices.utexas.edu/?p=projects/galois/benchmarks/delaunay_mesh_refinement

INFO: CommandLine ./delaunayrefinement -t 1 /home/users/kkazatzis/Galois-2.2.1/inputs/meshes/r10k.1
INFO: Hostname haci1
Using bin for node
Using bin for ele
Using bin for poly
configuration: 20004 total triangles, 9775 bad triangles
Total Time: 0.77 s
	Conflict aborts: 2
	Capacity aborts: 5679
	Retry aborts: 0
	Explicit aborts: 0
	Debug aborts: 0
	Nested aborts: 25174
	Total aborts: 786422
80498 total triangles
Refinement OK
STATTYPE,LOOP,CATEGORY,n,sum,T0
STAT,(NULL),Conflicts,1,0,0
STAT,(NULL),Iterations,1,9775,9775
STAT,(NULL),MeminfoMid,1,33,33
STAT,(NULL),MeminfoPost,1,33,33
STAT,(NULL),MeminfoPre1,1,3,3
STAT,(NULL),MeminfoPre2,1,33,33
STAT,(NULL),OuterRoundsExecuted,1,4,4
STAT,(NULL),RoundsExecuted,1,4,4
STAT,(NULL),Threads,1,1,1
STAT,(NULL),Time,1,768,768
STAT,(NULL),refine,1,767,767
STAT,count_if,LoopTime,1,8,8
STAT,refine,Conflicts,1,0,0
STAT,refine,Iterations,1,52447,52447
STAT,refine,LoopTime,1,765,765
Galois Benchmark Suite v2.2.1 (r0)
Copyright (C) 2014 The University of Texas at Austin
http://iss.ices.utexas.edu/galois/

application: Delaunay Mesh Refinement
Refines a Delaunay triangulation mesh such that no angle in the mesh is less than 30 degrees
http://iss.ices.utexas.edu/?p=projects/galois/benchmarks/delaunay_mesh_refinement

INFO: CommandLine ./delaunayrefinement -t 1 /home/users/kkazatzis/Galois-2.2.1/inputs/meshes/r10k.1
INFO: Hostname haci1
Using bin for node
Using bin for ele
Using bin for poly
configuration: 20004 total triangles, 9775 bad triangles
Total Time: 0.76 s
	Conflict aborts: 1
	Capacity aborts: 12469
	Retry aborts: 0
	Explicit aborts: 0
	Debug aborts: 0
	Nested aborts: 18048
	Total aborts: 786422
80498 total triangles
Refinement OK
STATTYPE,LOOP,CATEGORY,n,sum,T0
STAT,(NULL),Conflicts,1,0,0
STAT,(NULL),Iterations,1,9775,9775
STAT,(NULL),MeminfoMid,1,33,33
STAT,(NULL),MeminfoPost,1,33,33
STAT,(NULL),MeminfoPre1,1,3,3
STAT,(NULL),MeminfoPre2,1,33,33
STAT,(NULL),OuterRoundsExecuted,1,4,4
STAT,(NULL),RoundsExecuted,1,4,4
STAT,(NULL),Threads,1,1,1
STAT,(NULL),Time,1,765,765
STAT,(NULL),refine,1,764,764
STAT,count_if,LoopTime,1,8,8
STAT,refine,Conflicts,1,0,0
STAT,refine,Iterations,1,52447,52447
STAT,refine,LoopTime,1,762,762
Galois Benchmark Suite v2.2.1 (r0)
Copyright (C) 2014 The University of Texas at Austin
http://iss.ices.utexas.edu/galois/

application: Delaunay Mesh Refinement
Refines a Delaunay triangulation mesh such that no angle in the mesh is less than 30 degrees
http://iss.ices.utexas.edu/?p=projects/galois/benchmarks/delaunay_mesh_refinement

INFO: CommandLine ./delaunayrefinement -t 1 /home/users/kkazatzis/Galois-2.2.1/inputs/meshes/r10k.1
INFO: Hostname haci1
Using bin for node
Using bin for ele
Using bin for poly
configuration: 20004 total triangles, 9775 bad triangles
Total Time: 0.77 s
	Conflict aborts: 2
	Capacity aborts: 6024
	Retry aborts: 0
	Explicit aborts: 0
	Debug aborts: 0
	Nested aborts: 24686
	Total aborts: 786422
80498 total triangles
Refinement OK
STATTYPE,LOOP,CATEGORY,n,sum,T0
STAT,(NULL),Conflicts,1,0,0
STAT,(NULL),Iterations,1,9775,9775
STAT,(NULL),MeminfoMid,1,33,33
STAT,(NULL),MeminfoPost,1,33,33
STAT,(NULL),MeminfoPre1,1,3,3
STAT,(NULL),MeminfoPre2,1,33,33
STAT,(NULL),OuterRoundsExecuted,1,4,4
STAT,(NULL),RoundsExecuted,1,4,4
STAT,(NULL),Threads,1,1,1
STAT,(NULL),Time,1,768,768
STAT,(NULL),refine,1,767,767
STAT,count_if,LoopTime,1,8,8
STAT,refine,Conflicts,1,0,0
STAT,refine,Iterations,1,52447,52447
STAT,refine,LoopTime,1,765,765
Galois Benchmark Suite v2.2.1 (r0)
Copyright (C) 2014 The University of Texas at Austin
http://iss.ices.utexas.edu/galois/

application: Delaunay Mesh Refinement
Refines a Delaunay triangulation mesh such that no angle in the mesh is less than 30 degrees
http://iss.ices.utexas.edu/?p=projects/galois/benchmarks/delaunay_mesh_refinement

INFO: CommandLine ./delaunayrefinement -t 1 /home/users/kkazatzis/Galois-2.2.1/inputs/meshes/r10k.1
INFO: Hostname haci1
Using bin for node
Using bin for ele
Using bin for poly
configuration: 20004 total triangles, 9775 bad triangles
Total Time: 0.77 s
	Conflict aborts: 0
	Capacity aborts: 8566
	Retry aborts: 0
	Explicit aborts: 0
	Debug aborts: 0
	Nested aborts: 22102
	Total aborts: 786422
80498 total triangles
Refinement OK
STATTYPE,LOOP,CATEGORY,n,sum,T0
STAT,(NULL),Conflicts,1,0,0
STAT,(NULL),Iterations,1,9775,9775
STAT,(NULL),MeminfoMid,1,33,33
STAT,(NULL),MeminfoPost,1,33,33
STAT,(NULL),MeminfoPre1,1,3,3
STAT,(NULL),MeminfoPre2,1,33,33
STAT,(NULL),OuterRoundsExecuted,1,4,4
STAT,(NULL),RoundsExecuted,1,4,4
STAT,(NULL),Threads,1,1,1
STAT,(NULL),Time,1,767,767
STAT,(NULL),refine,1,766,766
STAT,count_if,LoopTime,1,8,8
STAT,refine,Conflicts,1,0,0
STAT,refine,Iterations,1,52447,52447
STAT,refine,LoopTime,1,764,764
Galois Benchmark Suite v2.2.1 (r0)
Copyright (C) 2014 The University of Texas at Austin
http://iss.ices.utexas.edu/galois/

application: Delaunay Mesh Refinement
Refines a Delaunay triangulation mesh such that no angle in the mesh is less than 30 degrees
http://iss.ices.utexas.edu/?p=projects/galois/benchmarks/delaunay_mesh_refinement

INFO: CommandLine ./delaunayrefinement -t 1 /home/users/kkazatzis/Galois-2.2.1/inputs/meshes/r10k.1
INFO: Hostname haci1
Using bin for node
Using bin for ele
Using bin for poly
configuration: 20004 total triangles, 9775 bad triangles
Total Time: 0.77 s
	Conflict aborts: 17
	Capacity aborts: 5421
	Retry aborts: 0
	Explicit aborts: 0
	Debug aborts: 0
	Nested aborts: 24995
	Total aborts: 786422
80498 total triangles
Refinement OK
STATTYPE,LOOP,CATEGORY,n,sum,T0
STAT,(NULL),Conflicts,1,0,0
STAT,(NULL),Iterations,1,9775,9775
STAT,(NULL),MeminfoMid,1,33,33
STAT,(NULL),MeminfoPost,1,33,33
STAT,(NULL),MeminfoPre1,1,3,3
STAT,(NULL),MeminfoPre2,1,33,33
STAT,(NULL),OuterRoundsExecuted,1,4,4
STAT,(NULL),RoundsExecuted,1,4,4
STAT,(NULL),Threads,1,1,1
STAT,(NULL),Time,1,768,768
STAT,(NULL),refine,1,767,767
STAT,count_if,LoopTime,1,8,8
STAT,refine,Conflicts,1,0,0
STAT,refine,Iterations,1,52447,52447
STAT,refine,LoopTime,1,765,765
Galois Benchmark Suite v2.2.1 (r0)
Copyright (C) 2014 The University of Texas at Austin
http://iss.ices.utexas.edu/galois/

application: Delaunay Mesh Refinement
Refines a Delaunay triangulation mesh such that no angle in the mesh is less than 30 degrees
http://iss.ices.utexas.edu/?p=projects/galois/benchmarks/delaunay_mesh_refinement

INFO: CommandLine ./delaunayrefinement -t 2 /home/users/kkazatzis/Galois-2.2.1/inputs/meshes/r10k.1
INFO: Hostname haci1
Using bin for node
Using bin for ele
Using bin for poly
configuration: 20004 total triangles, 9775 bad triangles
Total Time: 0.85 s
	Conflict aborts: 53894
	Capacity aborts: 5361
	Retry aborts: 0
	Explicit aborts: 1
	Debug aborts: 0
	Nested aborts: 1620
	Total aborts: 788034
80622 total triangles
Refinement OK
STATTYPE,LOOP,CATEGORY,n,sum,T0,T1
STAT,(NULL),Conflicts,2,0,0,0
STAT,(NULL),Iterations,2,9775,4888,4887
STAT,(NULL),MeminfoMid,2,44,22,22
STAT,(NULL),MeminfoPost,2,44,22,22
STAT,(NULL),MeminfoPre1,2,4,2,2
STAT,(NULL),MeminfoPre2,2,44,22,22
STAT,(NULL),OuterRoundsExecuted,2,4,4,0
STAT,(NULL),RoundsExecuted,2,4,4,0
STAT,(NULL),Threads,2,2,2,0
STAT,(NULL),Time,2,427,427,0
STAT,(NULL),refine,2,427,427,0
STAT,count_if,LoopTime,2,8,8,0
STAT,refine,Conflicts,2,0,0,0
STAT,refine,Iterations,2,52513,26038,26475
STAT,refine,LoopTime,2,426,426,0
Galois Benchmark Suite v2.2.1 (r0)
Copyright (C) 2014 The University of Texas at Austin
http://iss.ices.utexas.edu/galois/

application: Delaunay Mesh Refinement
Refines a Delaunay triangulation mesh such that no angle in the mesh is less than 30 degrees
http://iss.ices.utexas.edu/?p=projects/galois/benchmarks/delaunay_mesh_refinement

INFO: CommandLine ./delaunayrefinement -t 2 /home/users/kkazatzis/Galois-2.2.1/inputs/meshes/r10k.1
INFO: Hostname haci1
Using bin for node
Using bin for ele
Using bin for poly
configuration: 20004 total triangles, 9775 bad triangles
Total Time: 0.85 s
	Conflict aborts: 55629
	Capacity aborts: 5497
	Retry aborts: 0
	Explicit aborts: 6
	Debug aborts: 0
	Nested aborts: 1407
	Total aborts: 787852
80608 total triangles
Refinement OK
STATTYPE,LOOP,CATEGORY,n,sum,T0,T1
STAT,(NULL),Conflicts,2,0,0,0
STAT,(NULL),Iterations,2,9775,4888,4887
STAT,(NULL),MeminfoMid,2,44,22,22
STAT,(NULL),MeminfoPost,2,44,22,22
STAT,(NULL),MeminfoPre1,2,4,2,2
STAT,(NULL),MeminfoPre2,2,44,22,22
STAT,(NULL),OuterRoundsExecuted,2,4,4,0
STAT,(NULL),RoundsExecuted,2,4,4,0
STAT,(NULL),Threads,2,2,2,0
STAT,(NULL),Time,2,423,423,0
STAT,(NULL),refine,2,423,423,0
STAT,count_if,LoopTime,2,8,8,0
STAT,refine,Conflicts,2,0,0,0
STAT,refine,Iterations,2,52509,25942,26567
STAT,refine,LoopTime,2,422,422,0
Galois Benchmark Suite v2.2.1 (r0)
Copyright (C) 2014 The University of Texas at Austin
http://iss.ices.utexas.edu/galois/

application: Delaunay Mesh Refinement
Refines a Delaunay triangulation mesh such that no angle in the mesh is less than 30 degrees
http://iss.ices.utexas.edu/?p=projects/galois/benchmarks/delaunay_mesh_refinement

INFO: CommandLine ./delaunayrefinement -t 2 /home/users/kkazatzis/Galois-2.2.1/inputs/meshes/r10k.1
INFO: Hostname haci1
Using bin for node
Using bin for ele
Using bin for poly
configuration: 20004 total triangles, 9775 bad triangles
Total Time: 0.84 s
	Conflict aborts: 52505
	Capacity aborts: 7537
	Retry aborts: 0
	Explicit aborts: 1
	Debug aborts: 0
	Nested aborts: 1539
	Total aborts: 787849
80604 total triangles
Refinement OK
STATTYPE,LOOP,CATEGORY,n,sum,T0,T1
STAT,(NULL),Conflicts,2,0,0,0
STAT,(NULL),Iterations,2,9775,4920,4855
STAT,(NULL),MeminfoMid,2,44,22,22
STAT,(NULL),MeminfoPost,2,44,22,22
STAT,(NULL),MeminfoPre1,2,4,2,2
STAT,(NULL),MeminfoPre2,2,44,22,22
STAT,(NULL),OuterRoundsExecuted,2,4,4,0
STAT,(NULL),RoundsExecuted,2,4,4,0
STAT,(NULL),Threads,2,2,2,0
STAT,(NULL),Time,2,422,422,0
STAT,(NULL),refine,2,421,421,0
STAT,count_if,LoopTime,2,8,8,0
STAT,refine,Conflicts,2,0,0,0
STAT,refine,Iterations,2,52506,26057,26449
STAT,refine,LoopTime,2,420,420,0
Galois Benchmark Suite v2.2.1 (r0)
Copyright (C) 2014 The University of Texas at Austin
http://iss.ices.utexas.edu/galois/

application: Delaunay Mesh Refinement
Refines a Delaunay triangulation mesh such that no angle in the mesh is less than 30 degrees
http://iss.ices.utexas.edu/?p=projects/galois/benchmarks/delaunay_mesh_refinement

INFO: CommandLine ./delaunayrefinement -t 2 /home/users/kkazatzis/Galois-2.2.1/inputs/meshes/r10k.1
INFO: Hostname haci1
Using bin for node
Using bin for ele
Using bin for poly
configuration: 20004 total triangles, 9775 bad triangles
Total Time: 0.85 s
	Conflict aborts: 54583
	Capacity aborts: 5712
	Retry aborts: 0
	Explicit aborts: 3
	Debug aborts: 0
	Nested aborts: 1783
	Total aborts: 787852
80608 total triangles
Refinement OK
STATTYPE,LOOP,CATEGORY,n,sum,T0,T1
STAT,(NULL),Conflicts,2,0,0,0
STAT,(NULL),Iterations,2,9775,4920,4855
STAT,(NULL),MeminfoMid,2,44,22,22
STAT,(NULL),MeminfoPost,2,44,22,22
STAT,(NULL),MeminfoPre1,2,4,2,2
STAT,(NULL),MeminfoPre2,2,44,22,22
STAT,(NULL),OuterRoundsExecuted,2,4,4,0
STAT,(NULL),RoundsExecuted,2,4,4,0
STAT,(NULL),Threads,2,2,2,0
STAT,(NULL),Time,2,423,423,0
STAT,(NULL),refine,2,422,422,0
STAT,count_if,LoopTime,2,8,8,0
STAT,refine,Conflicts,2,0,0,0
STAT,refine,Iterations,2,52509,25942,26567
STAT,refine,LoopTime,2,421,421,0
Galois Benchmark Suite v2.2.1 (r0)
Copyright (C) 2014 The University of Texas at Austin
http://iss.ices.utexas.edu/galois/

application: Delaunay Mesh Refinement
Refines a Delaunay triangulation mesh such that no angle in the mesh is less than 30 degrees
http://iss.ices.utexas.edu/?p=projects/galois/benchmarks/delaunay_mesh_refinement

INFO: CommandLine ./delaunayrefinement -t 2 /home/users/kkazatzis/Galois-2.2.1/inputs/meshes/r10k.1
INFO: Hostname haci1
Using bin for node
Using bin for ele
Using bin for poly
configuration: 20004 total triangles, 9775 bad triangles
Total Time: 0.85 s
	Conflict aborts: 50848
	Capacity aborts: 7194
	Retry aborts: 0
	Explicit aborts: 1
	Debug aborts: 0
	Nested aborts: 1412
	Total aborts: 787852
80608 total triangles
Refinement OK
STATTYPE,LOOP,CATEGORY,n,sum,T0,T1
STAT,(NULL),Conflicts,2,0,0,0
STAT,(NULL),Iterations,2,9775,4920,4855
STAT,(NULL),MeminfoMid,2,44,22,22
STAT,(NULL),MeminfoPost,2,44,22,22
STAT,(NULL),MeminfoPre1,2,4,2,2
STAT,(NULL),MeminfoPre2,2,44,22,22
STAT,(NULL),OuterRoundsExecuted,2,4,4,0
STAT,(NULL),RoundsExecuted,2,4,4,0
STAT,(NULL),Threads,2,2,2,0
STAT,(NULL),Time,2,426,426,0
STAT,(NULL),refine,2,425,425,0
STAT,count_if,LoopTime,2,8,8,0
STAT,refine,Conflicts,2,0,0,0
STAT,refine,Iterations,2,52509,25942,26567
STAT,refine,LoopTime,2,424,424,0
Galois Benchmark Suite v2.2.1 (r0)
Copyright (C) 2014 The University of Texas at Austin
http://iss.ices.utexas.edu/galois/

application: Delaunay Mesh Refinement
Refines a Delaunay triangulation mesh such that no angle in the mesh is less than 30 degrees
http://iss.ices.utexas.edu/?p=projects/galois/benchmarks/delaunay_mesh_refinement

INFO: CommandLine ./delaunayrefinement -t 4 /home/users/kkazatzis/Galois-2.2.1/inputs/meshes/r10k.1
INFO: Hostname haci1
Using bin for node
Using bin for ele
Using bin for poly
configuration: 20004 total triangles, 9775 bad triangles
Total Time: 1.05 s
	Conflict aborts: 109890
	Capacity aborts: 5391
	Retry aborts: 0
	Explicit aborts: 87
	Debug aborts: 0
	Nested aborts: 172
	Total aborts: 784877
80376 total triangles
Refinement OK
STATTYPE,LOOP,CATEGORY,n,sum,T0,T1,T2,T3
STAT,(NULL),Conflicts,4,0,0,0,0,0
STAT,(NULL),Iterations,4,9775,2444,2444,2444,2443
STAT,(NULL),MeminfoMid,4,88,22,22,22,22
STAT,(NULL),MeminfoPost,4,88,22,22,22,22
STAT,(NULL),MeminfoPre1,4,8,2,2,2,2
STAT,(NULL),MeminfoPre2,4,88,22,22,22,22
STAT,(NULL),OuterRoundsExecuted,4,4,4,0,0,0
STAT,(NULL),RoundsExecuted,4,4,4,0,0,0
STAT,(NULL),Threads,4,4,4,0,0,0
STAT,(NULL),Time,4,266,266,0,0,0
STAT,(NULL),refine,4,265,265,0,0,0
STAT,allocate,LoopTime,4,1,1,0,0,0
STAT,count_if,LoopTime,4,9,9,0,0,0
STAT,refine,Conflicts,4,0,0,0,0,0
STAT,refine,Iterations,4,52274,12837,12727,13497,13213
STAT,refine,LoopTime,4,265,265,0,0,0
Galois Benchmark Suite v2.2.1 (r0)
Copyright (C) 2014 The University of Texas at Austin
http://iss.ices.utexas.edu/galois/

application: Delaunay Mesh Refinement
Refines a Delaunay triangulation mesh such that no angle in the mesh is less than 30 degrees
http://iss.ices.utexas.edu/?p=projects/galois/benchmarks/delaunay_mesh_refinement

INFO: CommandLine ./delaunayrefinement -t 4 /home/users/kkazatzis/Galois-2.2.1/inputs/meshes/r10k.1
INFO: Hostname haci1
Using bin for node
Using bin for ele
Using bin for poly
configuration: 20004 total triangles, 9775 bad triangles
Total Time: 1.05 s
	Conflict aborts: 105281
	Capacity aborts: 6408
	Retry aborts: 0
	Explicit aborts: 62
	Debug aborts: 0
	Nested aborts: 145
	Total aborts: 787046
80544 total triangles
Refinement OK
STATTYPE,LOOP,CATEGORY,n,sum,T0,T1,T2,T3
STAT,(NULL),Conflicts,4,0,0,0,0,0
STAT,(NULL),Iterations,4,9775,2476,2444,2380,2475
STAT,(NULL),MeminfoMid,4,88,22,22,22,22
STAT,(NULL),MeminfoPost,4,88,22,22,22,22
STAT,(NULL),MeminfoPre1,4,8,2,2,2,2
STAT,(NULL),MeminfoPre2,4,88,22,22,22,22
STAT,(NULL),OuterRoundsExecuted,4,4,4,0,0,0
STAT,(NULL),RoundsExecuted,4,4,4,0,0,0
STAT,(NULL),Threads,4,4,4,0,0,0
STAT,(NULL),Time,4,266,266,0,0,0
STAT,(NULL),refine,4,266,266,0,0,0
STAT,allocate,LoopTime,4,1,1,0,0,0
STAT,count_if,LoopTime,4,9,9,0,0,0
STAT,refine,Conflicts,4,0,0,0,0,0
STAT,refine,Iterations,4,52489,13162,12514,13502,13311
STAT,refine,LoopTime,4,265,265,0,0,0
Galois Benchmark Suite v2.2.1 (r0)
Copyright (C) 2014 The University of Texas at Austin
http://iss.ices.utexas.edu/galois/

application: Delaunay Mesh Refinement
Refines a Delaunay triangulation mesh such that no angle in the mesh is less than 30 degrees
http://iss.ices.utexas.edu/?p=projects/galois/benchmarks/delaunay_mesh_refinement

INFO: CommandLine ./delaunayrefinement -t 4 /home/users/kkazatzis/Galois-2.2.1/inputs/meshes/r10k.1
INFO: Hostname haci1
Using bin for node
Using bin for ele
Using bin for poly
configuration: 20004 total triangles, 9775 bad triangles
Total Time: 1.05 s
	Conflict aborts: 107472
	Capacity aborts: 5141
	Retry aborts: 0
	Explicit aborts: 55
	Debug aborts: 0
	Nested aborts: 153
	Total aborts: 783614
80280 total triangles
Refinement OK
STATTYPE,LOOP,CATEGORY,n,sum,T0,T1,T2,T3
STAT,(NULL),Conflicts,4,0,0,0,0,0
STAT,(NULL),Iterations,4,9775,2444,2508,2380,2443
STAT,(NULL),MeminfoMid,4,88,22,22,22,22
STAT,(NULL),MeminfoPost,4,88,22,22,22,22
STAT,(NULL),MeminfoPre1,4,8,2,2,2,2
STAT,(NULL),MeminfoPre2,4,88,22,22,22,22
STAT,(NULL),OuterRoundsExecuted,4,4,4,0,0,0
STAT,(NULL),RoundsExecuted,4,4,4,0,0,0
STAT,(NULL),Threads,4,4,4,0,0,0
STAT,(NULL),Time,4,265,265,0,0,0
STAT,(NULL),refine,4,264,264,0,0,0
STAT,allocate,LoopTime,4,1,1,0,0,0
STAT,count_if,LoopTime,4,9,9,0,0,0
STAT,refine,Conflicts,4,0,0,0,0,0
STAT,refine,Iterations,4,52273,12993,12771,13360,13149
STAT,refine,LoopTime,4,264,264,0,0,0
Galois Benchmark Suite v2.2.1 (r0)
Copyright (C) 2014 The University of Texas at Austin
http://iss.ices.utexas.edu/galois/

application: Delaunay Mesh Refinement
Refines a Delaunay triangulation mesh such that no angle in the mesh is less than 30 degrees
http://iss.ices.utexas.edu/?p=projects/galois/benchmarks/delaunay_mesh_refinement

INFO: CommandLine ./delaunayrefinement -t 4 /home/users/kkazatzis/Galois-2.2.1/inputs/meshes/r10k.1
INFO: Hostname haci1
Using bin for node
Using bin for ele
Using bin for poly
configuration: 20004 total triangles, 9775 bad triangles
Total Time: 1.05 s
	Conflict aborts: 106489
	Capacity aborts: 4935
	Retry aborts: 0
	Explicit aborts: 72
	Debug aborts: 0
	Nested aborts: 158
	Total aborts: 782706
80206 total triangles
Refinement OK
STATTYPE,LOOP,CATEGORY,n,sum,T0,T1,T2,T3
STAT,(NULL),Conflicts,4,0,0,0,0,0
STAT,(NULL),Iterations,4,9775,2476,2476,2412,2411
STAT,(NULL),MeminfoMid,4,88,22,22,22,22
STAT,(NULL),MeminfoPost,4,88,22,22,22,22
STAT,(NULL),MeminfoPre1,4,8,2,2,2,2
STAT,(NULL),MeminfoPre2,4,88,22,22,22,22
STAT,(NULL),OuterRoundsExecuted,4,4,4,0,0,0
STAT,(NULL),RoundsExecuted,4,4,4,0,0,0
STAT,(NULL),Threads,4,4,4,0,0,0
STAT,(NULL),Time,4,265,265,0,0,0
STAT,(NULL),refine,4,264,264,0,0,0
STAT,allocate,LoopTime,4,1,1,0,0,0
STAT,count_if,LoopTime,4,9,9,0,0,0
STAT,refine,Conflicts,4,0,0,0,0,0
STAT,refine,Iterations,4,52199,12987,12516,13457,13239
STAT,refine,LoopTime,4,264,264,0,0,0
Galois Benchmark Suite v2.2.1 (r0)
Copyright (C) 2014 The University of Texas at Austin
http://iss.ices.utexas.edu/galois/

application: Delaunay Mesh Refinement
Refines a Delaunay triangulation mesh such that no angle in the mesh is less than 30 degrees
http://iss.ices.utexas.edu/?p=projects/galois/benchmarks/delaunay_mesh_refinement

INFO: CommandLine ./delaunayrefinement -t 4 /home/users/kkazatzis/Galois-2.2.1/inputs/meshes/r10k.1
INFO: Hostname haci1
Using bin for node
Using bin for ele
Using bin for poly
configuration: 20004 total triangles, 9775 bad triangles
Total Time: 1.05 s
	Conflict aborts: 107969
	Capacity aborts: 5132
	Retry aborts: 0
	Explicit aborts: 79
	Debug aborts: 0
	Nested aborts: 139
	Total aborts: 783624
80282 total triangles
Refinement OK
STATTYPE,LOOP,CATEGORY,n,sum,T0,T1,T2,T3
STAT,(NULL),Conflicts,4,0,0,0,0,0
STAT,(NULL),Iterations,4,9775,2444,2444,2476,2411
STAT,(NULL),MeminfoMid,4,88,22,22,22,22
STAT,(NULL),MeminfoPost,4,88,22,22,22,22
STAT,(NULL),MeminfoPre1,4,8,2,2,2,2
STAT,(NULL),MeminfoPre2,4,88,22,22,22,22
STAT,(NULL),OuterRoundsExecuted,4,4,4,0,0,0
STAT,(NULL),RoundsExecuted,4,4,4,0,0,0
STAT,(NULL),Threads,4,4,4,0,0,0
STAT,(NULL),Time,4,265,265,0,0,0
STAT,(NULL),refine,4,265,265,0,0,0
STAT,allocate,LoopTime,4,1,1,0,0,0
STAT,count_if,LoopTime,4,9,9,0,0,0
STAT,refine,Conflicts,4,0,0,0,0,0
STAT,refine,Iterations,4,52272,12923,12817,13459,13073
STAT,refine,LoopTime,4,264,264,0,0,0
Galois Benchmark Suite v2.2.1 (r0)
Copyright (C) 2014 The University of Texas at Austin
http://iss.ices.utexas.edu/galois/

application: Delaunay Mesh Refinement
Refines a Delaunay triangulation mesh such that no angle in the mesh is less than 30 degrees
http://iss.ices.utexas.edu/?p=projects/galois/benchmarks/delaunay_mesh_refinement

INFO: CommandLine ./delaunayrefinement -t 8 /home/users/kkazatzis/Galois-2.2.1/inputs/meshes/r10k.1
INFO: Hostname haci1
Using bin for node
Using bin for ele
Using bin for poly
configuration: 20004 total triangles, 9775 bad triangles
Total Time: 1.99 s
	Conflict aborts: 171696
	Capacity aborts: 57735
	Retry aborts: 0
	Explicit aborts: 323
	Debug aborts: 0
	Nested aborts: 11
	Total aborts: 785972
80456 total triangles
Refinement OK
STATTYPE,LOOP,CATEGORY,n,sum,T0,T1,T2,T3,T4,T5,T6,T7
STAT,(NULL),Conflicts,8,0,0,0,0,0,0,0,0,0
STAT,(NULL),Iterations,8,9775,1222,1222,1222,1222,1222,1222,1222,1221
STAT,(NULL),MeminfoMid,8,176,22,22,22,22,22,22,22,22
STAT,(NULL),MeminfoPost,8,176,22,22,22,22,22,22,22,22
STAT,(NULL),MeminfoPre1,8,16,2,2,2,2,2,2,2,2
STAT,(NULL),MeminfoPre2,8,176,22,22,22,22,22,22,22,22
STAT,(NULL),OuterRoundsExecuted,8,4,4,0,0,0,0,0,0,0
STAT,(NULL),RoundsExecuted,8,4,4,0,0,0,0,0,0,0
STAT,(NULL),Threads,8,8,8,0,0,0,0,0,0,0
STAT,(NULL),Time,8,253,253,0,0,0,0,0,0,0
STAT,(NULL),refine,8,253,253,0,0,0,0,0,0,0
STAT,allocate,LoopTime,8,2,2,0,0,0,0,0,0,0
STAT,count_if,LoopTime,8,13,13,0,0,0,0,0,0,0
STAT,refine,Conflicts,8,0,0,0,0,0,0,0,0,0
STAT,refine,Iterations,8,52353,6378,6549,6579,6455,6643,7025,6232,6492
STAT,refine,LoopTime,8,252,252,0,0,0,0,0,0,0
Galois Benchmark Suite v2.2.1 (r0)
Copyright (C) 2014 The University of Texas at Austin
http://iss.ices.utexas.edu/galois/

application: Delaunay Mesh Refinement
Refines a Delaunay triangulation mesh such that no angle in the mesh is less than 30 degrees
http://iss.ices.utexas.edu/?p=projects/galois/benchmarks/delaunay_mesh_refinement

INFO: CommandLine ./delaunayrefinement -t 8 /home/users/kkazatzis/Galois-2.2.1/inputs/meshes/r10k.1
INFO: Hostname haci1
Using bin for node
Using bin for ele
Using bin for poly
configuration: 20004 total triangles, 9775 bad triangles
Total Time: 1.99 s
	Conflict aborts: 170363
	Capacity aborts: 61226
	Retry aborts: 0
	Explicit aborts: 321
	Debug aborts: 0
	Nested aborts: 4
	Total aborts: 786630
80506 total triangles
Refinement OK
STATTYPE,LOOP,CATEGORY,n,sum,T0,T1,T2,T3,T4,T5,T6,T7
STAT,(NULL),Conflicts,8,0,0,0,0,0,0,0,0,0
STAT,(NULL),Iterations,8,9775,1254,1222,1222,1190,1222,1222,1222,1221
STAT,(NULL),MeminfoMid,8,176,22,22,22,22,22,22,22,22
STAT,(NULL),MeminfoPost,8,176,22,22,22,22,22,22,22,22
STAT,(NULL),MeminfoPre1,8,16,2,2,2,2,2,2,2,2
STAT,(NULL),MeminfoPre2,8,176,22,22,22,22,22,22,22,22
STAT,(NULL),OuterRoundsExecuted,8,4,4,0,0,0,0,0,0,0
STAT,(NULL),RoundsExecuted,8,4,4,0,0,0,0,0,0,0
STAT,(NULL),Threads,8,8,8,0,0,0,0,0,0,0
STAT,(NULL),Time,8,253,253,0,0,0,0,0,0,0
STAT,(NULL),refine,8,253,253,0,0,0,0,0,0,0
STAT,allocate,LoopTime,8,2,2,0,0,0,0,0,0,0
STAT,count_if,LoopTime,8,13,13,0,0,0,0,0,0,0
STAT,refine,Conflicts,8,0,0,0,0,0,0,0,0,0
STAT,refine,Iterations,8,52356,6251,6582,6490,6441,6692,7020,6235,6645
STAT,refine,LoopTime,8,252,252,0,0,0,0,0,0,0
Galois Benchmark Suite v2.2.1 (r0)
Copyright (C) 2014 The University of Texas at Austin
http://iss.ices.utexas.edu/galois/

application: Delaunay Mesh Refinement
Refines a Delaunay triangulation mesh such that no angle in the mesh is less than 30 degrees
http://iss.ices.utexas.edu/?p=projects/galois/benchmarks/delaunay_mesh_refinement

INFO: CommandLine ./delaunayrefinement -t 8 /home/users/kkazatzis/Galois-2.2.1/inputs/meshes/r10k.1
INFO: Hostname haci1
Using bin for node
Using bin for ele
Using bin for poly
configuration: 20004 total triangles, 9775 bad triangles
Total Time: 2.01 s
	Conflict aborts: 170498
	Capacity aborts: 57450
	Retry aborts: 0
	Explicit aborts: 327
	Debug aborts: 0
	Nested aborts: 7
	Total aborts: 787680
80582 total triangles
Refinement OK
STATTYPE,LOOP,CATEGORY,n,sum,T0,T1,T2,T3,T4,T5,T6,T7
STAT,(NULL),Conflicts,8,0,0,0,0,0,0,0,0,0
STAT,(NULL),Iterations,8,9775,1222,1222,1222,1222,1222,1222,1222,1221
STAT,(NULL),MeminfoMid,8,176,22,22,22,22,22,22,22,22
STAT,(NULL),MeminfoPost,8,176,22,22,22,22,22,22,22,22
STAT,(NULL),MeminfoPre1,8,16,2,2,2,2,2,2,2,2
STAT,(NULL),MeminfoPre2,8,176,22,22,22,22,22,22,22,22
STAT,(NULL),OuterRoundsExecuted,8,4,4,0,0,0,0,0,0,0
STAT,(NULL),RoundsExecuted,8,4,4,0,0,0,0,0,0,0
STAT,(NULL),Threads,8,8,8,0,0,0,0,0,0,0
STAT,(NULL),Time,8,257,257,0,0,0,0,0,0,0
STAT,(NULL),refine,8,256,256,0,0,0,0,0,0,0
STAT,allocate,LoopTime,8,2,2,0,0,0,0,0,0,0
STAT,count_if,LoopTime,8,13,13,0,0,0,0,0,0,0
STAT,refine,Conflicts,8,0,0,0,0,0,0,0,0,0
STAT,refine,Iterations,8,52427,6378,6572,6580,6384,6667,7059,6234,6553
STAT,refine,LoopTime,8,255,255,0,0,0,0,0,0,0
Galois Benchmark Suite v2.2.1 (r0)
Copyright (C) 2014 The University of Texas at Austin
http://iss.ices.utexas.edu/galois/

application: Delaunay Mesh Refinement
Refines a Delaunay triangulation mesh such that no angle in the mesh is less than 30 degrees
http://iss.ices.utexas.edu/?p=projects/galois/benchmarks/delaunay_mesh_refinement

INFO: CommandLine ./delaunayrefinement -t 8 /home/users/kkazatzis/Galois-2.2.1/inputs/meshes/r10k.1
INFO: Hostname haci1
Using bin for node
Using bin for ele
Using bin for poly
configuration: 20004 total triangles, 9775 bad triangles
Total Time: 2.00 s
	Conflict aborts: 169244
	Capacity aborts: 69183
	Retry aborts: 0
	Explicit aborts: 329
	Debug aborts: 0
	Nested aborts: 6
	Total aborts: 786229
80480 total triangles
Refinement OK
STATTYPE,LOOP,CATEGORY,n,sum,T0,T1,T2,T3,T4,T5,T6,T7
STAT,(NULL),Conflicts,8,0,0,0,0,0,0,0,0,0
STAT,(NULL),Iterations,8,9775,1222,1254,1190,1222,1222,1222,1222,1221
STAT,(NULL),MeminfoMid,8,176,22,22,22,22,22,22,22,22
STAT,(NULL),MeminfoPost,8,176,22,22,22,22,22,22,22,22
STAT,(NULL),MeminfoPre1,8,16,2,2,2,2,2,2,2,2
STAT,(NULL),MeminfoPre2,8,176,22,22,22,22,22,22,22,22
STAT,(NULL),OuterRoundsExecuted,8,4,4,0,0,0,0,0,0,0
STAT,(NULL),RoundsExecuted,8,4,4,0,0,0,0,0,0,0
STAT,(NULL),Threads,8,8,8,0,0,0,0,0,0,0
STAT,(NULL),Time,8,255,255,0,0,0,0,0,0,0
STAT,(NULL),refine,8,255,255,0,0,0,0,0,0,0
STAT,allocate,LoopTime,8,2,2,0,0,0,0,0,0,0
STAT,count_if,LoopTime,8,14,14,0,0,0,0,0,0,0
STAT,refine,Conflicts,8,0,0,0,0,0,0,0,0,0
STAT,refine,Iterations,8,52360,6378,6575,6542,6390,6729,6966,6231,6549
STAT,refine,LoopTime,8,254,254,0,0,0,0,0,0,0
Galois Benchmark Suite v2.2.1 (r0)
Copyright (C) 2014 The University of Texas at Austin
http://iss.ices.utexas.edu/galois/

application: Delaunay Mesh Refinement
Refines a Delaunay triangulation mesh such that no angle in the mesh is less than 30 degrees
http://iss.ices.utexas.edu/?p=projects/galois/benchmarks/delaunay_mesh_refinement

INFO: CommandLine ./delaunayrefinement -t 8 /home/users/kkazatzis/Galois-2.2.1/inputs/meshes/r10k.1
INFO: Hostname haci1
Using bin for node
Using bin for ele
Using bin for poly
configuration: 20004 total triangles, 9775 bad triangles
Total Time: 2.00 s
	Conflict aborts: 169312
	Capacity aborts: 61572
	Retry aborts: 0
	Explicit aborts: 351
	Debug aborts: 0
	Nested aborts: 1
	Total aborts: 785683
80434 total triangles
Refinement OK
STATTYPE,LOOP,CATEGORY,n,sum,T0,T1,T2,T3,T4,T5,T6,T7
STAT,(NULL),Conflicts,8,0,0,0,0,0,0,0,0,0
STAT,(NULL),Iterations,8,9775,1222,1222,1222,1222,1222,1222,1222,1221
STAT,(NULL),MeminfoMid,8,176,22,22,22,22,22,22,22,22
STAT,(NULL),MeminfoPost,8,176,22,22,22,22,22,22,22,22
STAT,(NULL),MeminfoPre1,8,16,2,2,2,2,2,2,2,2
STAT,(NULL),MeminfoPre2,8,176,22,22,22,22,22,22,22,22
STAT,(NULL),OuterRoundsExecuted,8,4,4,0,0,0,0,0,0,0
STAT,(NULL),RoundsExecuted,8,4,4,0,0,0,0,0,0,0
STAT,(NULL),Threads,8,8,8,0,0,0,0,0,0,0
STAT,(NULL),Time,8,255,255,0,0,0,0,0,0,0
STAT,(NULL),refine,8,255,255,0,0,0,0,0,0,0
STAT,allocate,LoopTime,8,2,2,0,0,0,0,0,0,0
STAT,count_if,LoopTime,8,13,13,0,0,0,0,0,0,0
STAT,refine,Conflicts,8,0,0,0,0,0,0,0,0,0
STAT,refine,Iterations,8,52335,6194,6722,6476,6390,6734,7048,6225,6546
STAT,refine,LoopTime,8,254,254,0,0,0,0,0,0,0

