Galois Benchmark Suite v2.2.1 (r0)
Copyright (C) 2014 The University of Texas at Austin
http://iss.ices.utexas.edu/galois/

application: Unordered Agglomerative Clustering
Clusters data points using the well-known data-mining algorithm
http://iss.ices.utexas.edu/?p=projects/galois/benchmarks/agglomerative_clustering

INFO: CommandLine ./clustering_gs -t 1 -numPoints 3000
INFO: Hostname broady
Starting Clustering app...[3000]
	Total transactions completed: 11119187
	Conflict aborts: 770
	Capacity aborts: 146
	Retry aborts: 0
	Explicit aborts: 0
	Debug aborts: 0
	Nested aborts: 0
	Total aborts: 1496
Ending Clustering app...[3000]
STATTYPE,LOOP,CATEGORY,n,sum,T0
STAT,(NULL),Conflicts,1,0,0
STAT,(NULL),Iterations,1,1588884,1588884
STAT,(NULL),LoopTime,1,1672,1672
STAT,(NULL),Threads,1,1,1
STAT,(NULL),Time,1,2993,2993
Galois Benchmark Suite v2.2.1 (r0)
Copyright (C) 2014 The University of Texas at Austin
http://iss.ices.utexas.edu/galois/

application: Unordered Agglomerative Clustering
Clusters data points using the well-known data-mining algorithm
http://iss.ices.utexas.edu/?p=projects/galois/benchmarks/agglomerative_clustering

INFO: CommandLine ./clustering_gs -t 2 -numPoints 3000
INFO: Hostname broady
Starting Clustering app...[3000]
	Total transactions completed: 11221961
	Conflict aborts: 208
	Capacity aborts: 494
	Retry aborts: 0
	Explicit aborts: 0
	Debug aborts: 0
	Nested aborts: 0
	Total aborts: 1311
Ending Clustering app...[3000]
STATTYPE,LOOP,CATEGORY,n,sum,T0,T1
STAT,(NULL),Conflicts,2,0,0,0
STAT,(NULL),Iterations,2,1603567,802873,800694
STAT,(NULL),LoopTime,2,674,674,0
STAT,(NULL),Threads,2,2,2,0
STAT,(NULL),Time,2,2059,2059,0
Galois Benchmark Suite v2.2.1 (r0)
Copyright (C) 2014 The University of Texas at Austin
http://iss.ices.utexas.edu/galois/

application: Unordered Agglomerative Clustering
Clusters data points using the well-known data-mining algorithm
http://iss.ices.utexas.edu/?p=projects/galois/benchmarks/agglomerative_clustering

INFO: CommandLine ./clustering_gs -t 4 -numPoints 3000
INFO: Hostname broady
Starting Clustering app...[3000]
	Total transactions completed: 11035101
	Conflict aborts: 538
	Capacity aborts: 183
	Retry aborts: 0
	Explicit aborts: 0
	Debug aborts: 0
	Nested aborts: 0
	Total aborts: 1320
Ending Clustering app...[3000]
STATTYPE,LOOP,CATEGORY,n,sum,T0,T1,T2,T3
STAT,(NULL),Conflicts,4,0,0,0,0,0
STAT,(NULL),Iterations,4,1576873,391818,394314,394472,396269
STAT,(NULL),LoopTime,4,184,184,0,0,0
STAT,(NULL),Threads,4,4,4,0,0,0
STAT,(NULL),Time,4,1506,1506,0,0,0
Galois Benchmark Suite v2.2.1 (r0)
Copyright (C) 2014 The University of Texas at Austin
http://iss.ices.utexas.edu/galois/

application: Unordered Agglomerative Clustering
Clusters data points using the well-known data-mining algorithm
http://iss.ices.utexas.edu/?p=projects/galois/benchmarks/agglomerative_clustering

INFO: CommandLine ./clustering_gs -t 8 -numPoints 3000
INFO: Hostname broady
Starting Clustering app...[3000]
	Total transactions completed: 10882959
	Conflict aborts: 1570
	Capacity aborts: 90
	Retry aborts: 0
	Explicit aborts: 0
	Debug aborts: 0
	Nested aborts: 0
	Total aborts: 2352
Ending Clustering app...[3000]
STATTYPE,LOOP,CATEGORY,n,sum,T0,T1,T2,T3,T4,T5,T6,T7
STAT,(NULL),Conflicts,8,0,0,0,0,0,0,0,0,0
STAT,(NULL),Iterations,8,1555142,193495,194263,194678,194517,194356,194769,194729,194335
STAT,(NULL),LoopTime,8,14,14,0,0,0,0,0,0,0
STAT,(NULL),Threads,8,8,8,0,0,0,0,0,0,0
STAT,(NULL),Time,8,1259,1259,0,0,0,0,0,0,0
Galois Benchmark Suite v2.2.1 (r0)
Copyright (C) 2014 The University of Texas at Austin
http://iss.ices.utexas.edu/galois/

application: Unordered Agglomerative Clustering
Clusters data points using the well-known data-mining algorithm
http://iss.ices.utexas.edu/?p=projects/galois/benchmarks/agglomerative_clustering

INFO: CommandLine ./clustering_gs -t 16 -numPoints 3000
INFO: Hostname broady
Starting Clustering app...[3000]
	Total transactions completed: 10928550
	Conflict aborts: 2731
	Capacity aborts: 254
	Retry aborts: 0
	Explicit aborts: 0
	Debug aborts: 0
	Nested aborts: 0
	Total aborts: 4012
Ending Clustering app...[3000]
STATTYPE,LOOP,CATEGORY,n,sum,T0,T1,T2,T3,T4,T5,T6,T7,T8,T9,T10,T11,T12,T13,T14,T15
STAT,(NULL),Conflicts,16,0,0,0,0,0,0,0,0,0,0,0,0,0,0,0,0,0
STAT,(NULL),Iterations,16,1561660,97705,97321,97512,97831,97894,97829,97508,97636,97604,97697,97601,97597,97907,97721,97587,96710
STAT,(NULL),LoopTime,16,24,24,0,0,0,0,0,0,0,0,0,0,0,0,0,0,0
STAT,(NULL),Threads,16,16,16,0,0,0,0,0,0,0,0,0,0,0,0,0,0,0
STAT,(NULL),Time,16,1186,1186,0,0,0,0,0,0,0,0,0,0,0,0,0,0,0
Galois Benchmark Suite v2.2.1 (r0)
Copyright (C) 2014 The University of Texas at Austin
http://iss.ices.utexas.edu/galois/

application: Unordered Agglomerative Clustering
Clusters data points using the well-known data-mining algorithm
http://iss.ices.utexas.edu/?p=projects/galois/benchmarks/agglomerative_clustering

INFO: CommandLine ./clustering_gs -t 22 -numPoints 3000
INFO: Hostname broady
Starting Clustering app...[3000]
	Total transactions completed: 10947874
	Conflict aborts: 6285
	Capacity aborts: 151
	Retry aborts: 0
	Explicit aborts: 3
	Debug aborts: 0
	Nested aborts: 0
	Total aborts: 7824
Ending Clustering app...[3000]
STATTYPE,LOOP,CATEGORY,n,sum,T0,T1,T2,T3,T4,T5,T6,T7,T8,T9,T10,T11,T12,T13,T14,T15,T16,T17,T18,T19,T20,T21
STAT,(NULL),Conflicts,22,0,0,0,0,0,0,0,0,0,0,0,0,0,0,0,0,0,0,0,0,0,0,0
STAT,(NULL),Iterations,22,1564433,71604,71124,70995,71250,71153,71088,70959,70894,71150,71214,70989,71245,71275,71209,71046,71266,71100,71184,71222,71350,71344,69772
STAT,(NULL),LoopTime,22,39,39,0,0,0,0,0,0,0,0,0,0,0,0,0,0,0,0,0,0,0,0,0
STAT,(NULL),Threads,22,22,22,0,0,0,0,0,0,0,0,0,0,0,0,0,0,0,0,0,0,0,0,0
STAT,(NULL),Time,22,1183,1183,0,0,0,0,0,0,0,0,0,0,0,0,0,0,0,0,0,0,0,0,0
Galois Benchmark Suite v2.2.1 (r0)
Copyright (C) 2014 The University of Texas at Austin
http://iss.ices.utexas.edu/galois/

application: Unordered Agglomerative Clustering
Clusters data points using the well-known data-mining algorithm
http://iss.ices.utexas.edu/?p=projects/galois/benchmarks/agglomerative_clustering

INFO: CommandLine ./clustering_gs -t 44 -numPoints 3000
INFO: Hostname broady
Starting Clustering app...[3000]
	Total transactions completed: 10974291
	Conflict aborts: 366982
	Capacity aborts: 1006
	Retry aborts: 0
	Explicit aborts: 282
	Debug aborts: 0
	Nested aborts: 2
	Total aborts: 372441
Ending Clustering app...[3000]
STATTYPE,LOOP,CATEGORY,n,sum,T0,T1,T2,T3,T4,T5,T6,T7,T8,T9,T10,T11,T12,T13,T14,T15,T16,T17,T18,T19,T20,T21,T22,T23,T24,T25,T26,T27,T28,T29,T30,T31,T32,T33,T34,T35,T36,T37,T38,T39,T40,T41,T42,T43
STAT,(NULL),Conflicts,44,0,0,0,0,0,0,0,0,0,0,0,0,0,0,0,0,0,0,0,0,0,0,0,0,0,0,0,0,0,0,0,0,0,0,0,0,0,0,0,0,0,0,0,0,0
STAT,(NULL),Iterations,44,1569283,37430,36598,36661,36628,36595,36562,36657,36497,36496,36592,36688,36591,36495,36590,36430,36621,36685,36588,36588,36716,36523,36491,34505,35528,35528,35045,35075,35362,35297,35199,35544,35412,35216,35497,35131,35177,34831,34983,34946,35085,34843,34313,32577,28467
STAT,(NULL),LoopTime,44,101,101,0,0,0,0,0,0,0,0,0,0,0,0,0,0,0,0,0,0,0,0,0,0,0,0,0,0,0,0,0,0,0,0,0,0,0,0,0,0,0,0,0,0,0
STAT,(NULL),Threads,44,44,44,0,0,0,0,0,0,0,0,0,0,0,0,0,0,0,0,0,0,0,0,0,0,0,0,0,0,0,0,0,0,0,0,0,0,0,0,0,0,0,0,0,0,0
STAT,(NULL),Time,44,1369,1369,0,0,0,0,0,0,0,0,0,0,0,0,0,0,0,0,0,0,0,0,0,0,0,0,0,0,0,0,0,0,0,0,0,0,0,0,0,0,0,0,0,0,0
Galois Benchmark Suite v2.2.1 (r0)
Copyright (C) 2014 The University of Texas at Austin
http://iss.ices.utexas.edu/galois/

application: Unordered Agglomerative Clustering
Clusters data points using the well-known data-mining algorithm
http://iss.ices.utexas.edu/?p=projects/galois/benchmarks/agglomerative_clustering

INFO: CommandLine ./clustering_gs -t 88 -numPoints 3000
INFO: Hostname broady
Starting Clustering app...[3000]
	Total transactions completed: 11024457
	Conflict aborts: 525528
	Capacity aborts: 18010
	Retry aborts: 0
	Explicit aborts: 471
	Debug aborts: 0
	Nested aborts: 0
	Total aborts: 552413
Ending Clustering app...[3000]
STATTYPE,LOOP,CATEGORY,n,sum,T0,T1,T2,T3,T4,T5,T6,T7,T8,T9,T10,T11,T12,T13,T14,T15,T16,T17,T18,T19,T20,T21,T22,T23,T24,T25,T26,T27,T28,T29,T30,T31,T32,T33,T34,T35,T36,T37,T38,T39,T40,T41,T42,T43,T44,T45,T46,T47,T48,T49,T50,T51,T52,T53,T54,T55,T56,T57,T58,T59,T60,T61,T62,T63,T64,T65,T66,T67,T68,T69,T70,T71,T72,T73,T74,T75,T76,T77,T78,T79,T80,T81,T82,T83,T84,T85,T86,T87
STAT,(NULL),Conflicts,88,0,0,0,0,0,0,0,0,0,0,0,0,0,0,0,0,0,0,0,0,0,0,0,0,0,0,0,0,0,0,0,0,0,0,0,0,0,0,0,0,0,0,0,0,0,0,0,0,0,0,0,0,0,0,0,0,0,0,0,0,0,0,0,0,0,0,0,0,0,0,0,0,0,0,0,0,0,0,0,0,0,0,0,0,0,0,0,0,0
STAT,(NULL),Iterations,88,1577055,18470,18470,18469,18436,18467,18466,18465,18465,18464,18464,18463,18463,18462,18462,18462,18461,18461,18460,18460,18428,18427,18459,18298,18362,18425,18425,18329,18393,18392,18424,18360,18328,18232,18295,18423,18422,18454,18453,18421,18452,18420,18388,18452,18452,18482,18449,18448,18415,18444,18442,18407,18437,18402,18367,18397,18428,18425,18421,18386,18413,18376,18369,18395,18422,18352,18345,18211,18230,18338,18292,18277,18185,18131,18164,18159,18030,17789,17892,17973,17852,17612,17372,16887,16285,14903,12226,8379,4142
STAT,(NULL),LoopTime,88,198,198,0,0,0,0,0,0,0,0,0,0,0,0,0,0,0,0,0,0,0,0,0,0,0,0,0,0,0,0,0,0,0,0,0,0,0,0,0,0,0,0,0,0,0,0,0,0,0,0,0,0,0,0,0,0,0,0,0,0,0,0,0,0,0,0,0,0,0,0,0,0,0,0,0,0,0,0,0,0,0,0,0,0,0,0,0,0,0
STAT,(NULL),Threads,88,88,88,0,0,0,0,0,0,0,0,0,0,0,0,0,0,0,0,0,0,0,0,0,0,0,0,0,0,0,0,0,0,0,0,0,0,0,0,0,0,0,0,0,0,0,0,0,0,0,0,0,0,0,0,0,0,0,0,0,0,0,0,0,0,0,0,0,0,0,0,0,0,0,0,0,0,0,0,0,0,0,0,0,0,0,0,0,0,0
STAT,(NULL),Time,88,1606,1606,0,0,0,0,0,0,0,0,0,0,0,0,0,0,0,0,0,0,0,0,0,0,0,0,0,0,0,0,0,0,0,0,0,0,0,0,0,0,0,0,0,0,0,0,0,0,0,0,0,0,0,0,0,0,0,0,0,0,0,0,0,0,0,0,0,0,0,0,0,0,0,0,0,0,0,0,0,0,0,0,0,0,0,0,0,0,0
