Galois Benchmark Suite v2.2.1 (r0)
Copyright (C) 2014 The University of Texas at Austin
http://iss.ices.utexas.edu/galois/

application: Unordered Agglomerative Clustering
Clusters data points using the well-known data-mining algorithm
http://iss.ices.utexas.edu/?p=projects/galois/benchmarks/agglomerative_clustering

INFO: CommandLine ./clustering_gs -t 1 -numPoints 30000
INFO: Hostname broady
Starting Clustering app...[30000]
	Total transactions completed: 1144936114
	Conflict aborts: 1732
	Capacity aborts: 91564
	Retry aborts: 0
	Explicit aborts: 0
	Debug aborts: 0
	Nested aborts: 0
	Total aborts: 153401
Ending Clustering app...[30000]
STATTYPE,LOOP,CATEGORY,n,sum,T0
STAT,(NULL),Conflicts,1,0,0
STAT,(NULL),Iterations,1,163566641,163566641
STAT,(NULL),LoopTime,1,257371,257371
STAT,(NULL),Threads,1,1,1
STAT,(NULL),Time,1,388742,388742
Galois Benchmark Suite v2.2.1 (r0)
Copyright (C) 2014 The University of Texas at Austin
http://iss.ices.utexas.edu/galois/

application: Unordered Agglomerative Clustering
Clusters data points using the well-known data-mining algorithm
http://iss.ices.utexas.edu/?p=projects/galois/benchmarks/agglomerative_clustering

INFO: CommandLine ./clustering_gs -t 2 -numPoints 30000
INFO: Hostname broady
Starting Clustering app...[30000]
	Total transactions completed: 1144768407
	Conflict aborts: 8790
	Capacity aborts: 164195
	Retry aborts: 0
	Explicit aborts: 0
	Debug aborts: 0
	Nested aborts: 0
	Total aborts: 232073
Ending Clustering app...[30000]
STATTYPE,LOOP,CATEGORY,n,sum,T0,T1
STAT,(NULL),Conflicts,2,0,0,0
STAT,(NULL),Iterations,2,163542704,83060626,80482078
STAT,(NULL),LoopTime,2,129387,129387,0
STAT,(NULL),Threads,2,2,2,0
STAT,(NULL),Time,2,254689,254689,0
Galois Benchmark Suite v2.2.1 (r0)
Copyright (C) 2014 The University of Texas at Austin
http://iss.ices.utexas.edu/galois/

application: Unordered Agglomerative Clustering
Clusters data points using the well-known data-mining algorithm
http://iss.ices.utexas.edu/?p=projects/galois/benchmarks/agglomerative_clustering

INFO: CommandLine ./clustering_gs -t 4 -numPoints 30000
INFO: Hostname broady
Starting Clustering app...[30000]
	Total transactions completed: 1146127156
	Conflict aborts: 11045
	Capacity aborts: 31668
	Retry aborts: 0
	Explicit aborts: 0
	Debug aborts: 0
	Nested aborts: 0
	Total aborts: 102353
Ending Clustering app...[30000]
STATTYPE,LOOP,CATEGORY,n,sum,T0,T1,T2,T3
STAT,(NULL),Conflicts,4,0,0,0,0,0
STAT,(NULL),Iterations,4,163736757,41880664,40511416,40573974,40770703
STAT,(NULL),LoopTime,4,63933,63933,0,0,0
STAT,(NULL),Threads,4,4,4,0,0,0
STAT,(NULL),Time,4,189103,189103,0,0,0
Galois Benchmark Suite v2.2.1 (r0)
Copyright (C) 2014 The University of Texas at Austin
http://iss.ices.utexas.edu/galois/

application: Unordered Agglomerative Clustering
Clusters data points using the well-known data-mining algorithm
http://iss.ices.utexas.edu/?p=projects/galois/benchmarks/agglomerative_clustering

INFO: CommandLine ./clustering_gs -t 8 -numPoints 30000
INFO: Hostname broady
Starting Clustering app...[30000]
	Total transactions completed: 1139994711
	Conflict aborts: 17793
	Capacity aborts: 29480
	Retry aborts: 0
	Explicit aborts: 0
	Debug aborts: 0
	Nested aborts: 0
	Total aborts: 105965
Ending Clustering app...[30000]
STATTYPE,LOOP,CATEGORY,n,sum,T0,T1,T2,T3,T4,T5,T6,T7
STAT,(NULL),Conflicts,8,0,0,0,0,0,0,0,0,0
STAT,(NULL),Iterations,8,162860695,21005673,20178569,20213000,20342471,20328101,20347746,20221721,20223414
STAT,(NULL),LoopTime,8,30702,30702,0,0,0,0,0,0,0
STAT,(NULL),Threads,8,8,8,0,0,0,0,0,0,0
STAT,(NULL),Time,8,156560,156560,0,0,0,0,0,0,0
Galois Benchmark Suite v2.2.1 (r0)
Copyright (C) 2014 The University of Texas at Austin
http://iss.ices.utexas.edu/galois/

application: Unordered Agglomerative Clustering
Clusters data points using the well-known data-mining algorithm
http://iss.ices.utexas.edu/?p=projects/galois/benchmarks/agglomerative_clustering

INFO: CommandLine ./clustering_gs -t 16 -numPoints 30000
INFO: Hostname broady
Starting Clustering app...[30000]
	Total transactions completed: 1144346387
	Conflict aborts: 26821
	Capacity aborts: 33394
	Retry aborts: 0
	Explicit aborts: 1
	Debug aborts: 0
	Nested aborts: 0
	Total aborts: 119509
Ending Clustering app...[30000]
STATTYPE,LOOP,CATEGORY,n,sum,T0,T1,T2,T3,T4,T5,T6,T7,T8,T9,T10,T11,T12,T13,T14,T15
STAT,(NULL),Conflicts,16,0,0,0,0,0,0,0,0,0,0,0,0,0,0,0,0,0
STAT,(NULL),Iterations,16,163482370,10552775,10170279,10194342,10218949,10215588,10220675,10194467,10183875,10217058,10210240,10212446,10216213,10216943,10215800,10154039,10088681
STAT,(NULL),LoopTime,16,14866,14866,0,0,0,0,0,0,0,0,0,0,0,0,0,0,0
STAT,(NULL),Threads,16,16,16,0,0,0,0,0,0,0,0,0,0,0,0,0,0,0
STAT,(NULL),Time,16,141838,141838,0,0,0,0,0,0,0,0,0,0,0,0,0,0,0
Galois Benchmark Suite v2.2.1 (r0)
Copyright (C) 2014 The University of Texas at Austin
http://iss.ices.utexas.edu/galois/

application: Unordered Agglomerative Clustering
Clusters data points using the well-known data-mining algorithm
http://iss.ices.utexas.edu/?p=projects/galois/benchmarks/agglomerative_clustering

INFO: CommandLine ./clustering_gs -t 22 -numPoints 30000
INFO: Hostname broady
Starting Clustering app...[30000]
	Total transactions completed: 1147229002
	Conflict aborts: 31687
	Capacity aborts: 26644
	Retry aborts: 0
	Explicit aborts: 5
	Debug aborts: 0
	Nested aborts: 0
	Total aborts: 118524
Ending Clustering app...[30000]
STATTYPE,LOOP,CATEGORY,n,sum,T0,T1,T2,T3,T4,T5,T6,T7,T8,T9,T10,T11,T12,T13,T14,T15,T16,T17,T18,T19,T20,T21
STAT,(NULL),Conflicts,22,0,0,0,0,0,0,0,0,0,0,0,0,0,0,0,0,0,0,0,0,0,0,0
STAT,(NULL),Iterations,22,163894172,7694738,7424946,7424529,7447344,7449999,7451374,7430957,7436044,7452108,7448843,7448107,7450474,7448872,7449285,7420291,7417789,7424537,7446956,7437230,7448881,7429582,7411286
STAT,(NULL),LoopTime,22,10744,10744,0,0,0,0,0,0,0,0,0,0,0,0,0,0,0,0,0,0,0,0,0
STAT,(NULL),Threads,22,22,22,0,0,0,0,0,0,0,0,0,0,0,0,0,0,0,0,0,0,0,0,0
STAT,(NULL),Time,22,141435,141435,0,0,0,0,0,0,0,0,0,0,0,0,0,0,0,0,0,0,0,0,0
Galois Benchmark Suite v2.2.1 (r0)
Copyright (C) 2014 The University of Texas at Austin
http://iss.ices.utexas.edu/galois/

application: Unordered Agglomerative Clustering
Clusters data points using the well-known data-mining algorithm
http://iss.ices.utexas.edu/?p=projects/galois/benchmarks/agglomerative_clustering

INFO: CommandLine ./clustering_gs -t 44 -numPoints 30000
INFO: Hostname broady
Starting Clustering app...[30000]
	Total transactions completed: 1145339473
	Conflict aborts: 2015344
	Capacity aborts: 81372
	Retry aborts: 0
	Explicit aborts: 429
	Debug aborts: 0
	Nested aborts: 71
	Total aborts: 2227462
Ending Clustering app...[30000]
STATTYPE,LOOP,CATEGORY,n,sum,T0,T1,T2,T3,T4,T5,T6,T7,T8,T9,T10,T11,T12,T13,T14,T15,T16,T17,T18,T19,T20,T21,T22,T23,T24,T25,T26,T27,T28,T29,T30,T31,T32,T33,T34,T35,T36,T37,T38,T39,T40,T41,T42,T43
STAT,(NULL),Conflicts,44,0,0,0,0,0,0,0,0,0,0,0,0,0,0,0,0,0,0,0,0,0,0,0,0,0,0,0,0,0,0,0,0,0,0,0,0,0,0,0,0,0,0,0,0,0
STAT,(NULL),Iterations,44,163626913,3902001,3821681,3826192,3843247,3837806,3849037,3829516,3827500,3845036,3832203,3836491,3850858,3842730,3845993,3819529,3819401,3822825,3845289,3842376,3851848,3821671,3820198,3592708,3600607,3605437,3607515,3604824,3616179,3602094,3599177,3617284,3613979,3615728,3616901,3611830,3612360,3581007,3575530,3581919,3601604,3613177,3605083,3557458,3561084
STAT,(NULL),LoopTime,44,5778,5778,0,0,0,0,0,0,0,0,0,0,0,0,0,0,0,0,0,0,0,0,0,0,0,0,0,0,0,0,0,0,0,0,0,0,0,0,0,0,0,0,0,0,0
STAT,(NULL),Threads,44,44,44,0,0,0,0,0,0,0,0,0,0,0,0,0,0,0,0,0,0,0,0,0,0,0,0,0,0,0,0,0,0,0,0,0,0,0,0,0,0,0,0,0,0,0
STAT,(NULL),Time,44,134735,134735,0,0,0,0,0,0,0,0,0,0,0,0,0,0,0,0,0,0,0,0,0,0,0,0,0,0,0,0,0,0,0,0,0,0,0,0,0,0,0,0,0,0,0
Galois Benchmark Suite v2.2.1 (r0)
Copyright (C) 2014 The University of Texas at Austin
http://iss.ices.utexas.edu/galois/

application: Unordered Agglomerative Clustering
Clusters data points using the well-known data-mining algorithm
http://iss.ices.utexas.edu/?p=projects/galois/benchmarks/agglomerative_clustering

INFO: CommandLine ./clustering_gs -t 88 -numPoints 30000
INFO: Hostname broady
Starting Clustering app...[30000]
	Total transactions completed: 1146259873
	Conflict aborts: 10656460
	Capacity aborts: 3548469
	Retry aborts: 0
	Explicit aborts: 15611
	Debug aborts: 0
	Nested aborts: 25
	Total aborts: 14439530
Ending Clustering app...[30000]
STATTYPE,LOOP,CATEGORY,n,sum,T0,T1,T2,T3,T4,T5,T6,T7,T8,T9,T10,T11,T12,T13,T14,T15,T16,T17,T18,T19,T20,T21,T22,T23,T24,T25,T26,T27,T28,T29,T30,T31,T32,T33,T34,T35,T36,T37,T38,T39,T40,T41,T42,T43,T44,T45,T46,T47,T48,T49,T50,T51,T52,T53,T54,T55,T56,T57,T58,T59,T60,T61,T62,T63,T64,T65,T66,T67,T68,T69,T70,T71,T72,T73,T74,T75,T76,T77,T78,T79,T80,T81,T82,T83,T84,T85,T86,T87
STAT,(NULL),Conflicts,88,0,0,0,0,0,0,0,0,0,0,0,0,0,0,0,0,0,0,0,0,0,0,0,0,0,0,0,0,0,0,0,0,0,0,0,0,0,0,0,0,0,0,0,0,0,0,0,0,0,0,0,0,0,0,0,0,0,0,0,0,0,0,0,0,0,0,0,0,0,0,0,0,0,0,0,0,0,0,0,0,0,0,0,0,0,0,0,0,0
STAT,(NULL),Iterations,88,163788037,1938662,1891686,1892901,1895524,1893347,1894978,1892577,1889409,1896704,1894464,1890111,1892095,1892287,1887455,1881086,1886301,1890269,1891997,1892412,1893404,1892123,1889499,1828411,1824731,1836250,1833754,1829753,1834041,1830137,1823096,1835960,1824504,1837527,1834071,1837175,1812758,1826870,1809237,1826101,1820532,1832339,1835667,1823794,1822610,1976850,1890095,1893262,1893836,1893995,1893641,1888039,1887205,1889028,1888993,1893375,1891772,1892505,1893975,1877013,1888561,1890188,1889220,1893183,1895547,1891669,1893231,1830984,1821752,1825448,1831995,1837006,1835862,1833027,1835815,1837560,1832496,1830547,1825679,1837998,1818009,1828734,1828041,1827803,1835208,1824939,1823961,1818982,1802399
STAT,(NULL),LoopTime,88,7071,7071,0,0,0,0,0,0,0,0,0,0,0,0,0,0,0,0,0,0,0,0,0,0,0,0,0,0,0,0,0,0,0,0,0,0,0,0,0,0,0,0,0,0,0,0,0,0,0,0,0,0,0,0,0,0,0,0,0,0,0,0,0,0,0,0,0,0,0,0,0,0,0,0,0,0,0,0,0,0,0,0,0,0,0,0,0,0,0
STAT,(NULL),Threads,88,88,88,0,0,0,0,0,0,0,0,0,0,0,0,0,0,0,0,0,0,0,0,0,0,0,0,0,0,0,0,0,0,0,0,0,0,0,0,0,0,0,0,0,0,0,0,0,0,0,0,0,0,0,0,0,0,0,0,0,0,0,0,0,0,0,0,0,0,0,0,0,0,0,0,0,0,0,0,0,0,0,0,0,0,0,0,0,0,0
STAT,(NULL),Time,88,135483,135483,0,0,0,0,0,0,0,0,0,0,0,0,0,0,0,0,0,0,0,0,0,0,0,0,0,0,0,0,0,0,0,0,0,0,0,0,0,0,0,0,0,0,0,0,0,0,0,0,0,0,0,0,0,0,0,0,0,0,0,0,0,0,0,0,0,0,0,0,0,0,0,0,0,0,0,0,0,0,0,0,0,0,0,0,0,0,0
