Galois Benchmark Suite v2.2.1 (r0)
Copyright (C) 2014 The University of Texas at Austin
http://iss.ices.utexas.edu/galois/

application: Unordered Agglomerative Clustering
Clusters data points using the well-known data-mining algorithm
http://iss.ices.utexas.edu/?p=projects/galois/benchmarks/agglomerative_clustering

INFO: CommandLine ./clustering_dont_gs -t 1 -numPoints 10000
INFO: Hostname broady
Starting Clustering app...[10000]
Ending Clustering app...[10000]
STATTYPE,LOOP,CATEGORY,n,sum,T0
STAT,(NULL),Conflicts,1,0,0
STAT,(NULL),Iterations,1,17753380,17753380
STAT,(NULL),LoopTime,1,21194,21194
STAT,(NULL),Threads,1,1,1
STAT,(NULL),Time,1,33930,33930
Galois Benchmark Suite v2.2.1 (r0)
Copyright (C) 2014 The University of Texas at Austin
http://iss.ices.utexas.edu/galois/

application: Unordered Agglomerative Clustering
Clusters data points using the well-known data-mining algorithm
http://iss.ices.utexas.edu/?p=projects/galois/benchmarks/agglomerative_clustering

INFO: CommandLine ./clustering_dont_gs -t 2 -numPoints 10000
INFO: Hostname broady
Starting Clustering app...[10000]
Ending Clustering app...[10000]
STATTYPE,LOOP,CATEGORY,n,sum,T0,T1
STAT,(NULL),Conflicts,2,0,0,0
STAT,(NULL),Iterations,2,17749332,8967379,8781953
STAT,(NULL),LoopTime,2,10108,10108,0
STAT,(NULL),Threads,2,2,2,0
STAT,(NULL),Time,2,23353,23353,0
Galois Benchmark Suite v2.2.1 (r0)
Copyright (C) 2014 The University of Texas at Austin
http://iss.ices.utexas.edu/galois/

application: Unordered Agglomerative Clustering
Clusters data points using the well-known data-mining algorithm
http://iss.ices.utexas.edu/?p=projects/galois/benchmarks/agglomerative_clustering

INFO: CommandLine ./clustering_dont_gs -t 4 -numPoints 10000
INFO: Hostname broady
Starting Clustering app...[10000]
Ending Clustering app...[10000]
STATTYPE,LOOP,CATEGORY,n,sum,T0,T1,T2,T3
STAT,(NULL),Conflicts,4,0,0,0,0,0
STAT,(NULL),Iterations,4,17727767,4483237,4397605,4409763,4437162
STAT,(NULL),LoopTime,4,4525,4525,0,0,0
STAT,(NULL),Threads,4,4,4,0,0,0
STAT,(NULL),Time,4,17528,17528,0,0,0
Galois Benchmark Suite v2.2.1 (r0)
Copyright (C) 2014 The University of Texas at Austin
http://iss.ices.utexas.edu/galois/

application: Unordered Agglomerative Clustering
Clusters data points using the well-known data-mining algorithm
http://iss.ices.utexas.edu/?p=projects/galois/benchmarks/agglomerative_clustering

INFO: CommandLine ./clustering_dont_gs -t 8 -numPoints 10000
INFO: Hostname broady
Starting Clustering app...[10000]
Ending Clustering app...[10000]
STATTYPE,LOOP,CATEGORY,n,sum,T0,T1,T2,T3,T4,T5,T6,T7
STAT,(NULL),Conflicts,8,0,0,0,0,0,0,0,0,0
STAT,(NULL),Iterations,8,17905443,2248254,2232894,2235581,2242748,2241146,2240855,2232109,2231856
STAT,(NULL),LoopTime,8,1705,1705,0,0,0,0,0,0,0
STAT,(NULL),Threads,8,8,8,0,0,0,0,0,0,0
STAT,(NULL),Time,8,15006,15006,0,0,0,0,0,0,0
Galois Benchmark Suite v2.2.1 (r0)
Copyright (C) 2014 The University of Texas at Austin
http://iss.ices.utexas.edu/galois/

application: Unordered Agglomerative Clustering
Clusters data points using the well-known data-mining algorithm
http://iss.ices.utexas.edu/?p=projects/galois/benchmarks/agglomerative_clustering

INFO: CommandLine ./clustering_dont_gs -t 16 -numPoints 10000
INFO: Hostname broady
Starting Clustering app...[10000]
Ending Clustering app...[10000]
STATTYPE,LOOP,CATEGORY,n,sum,T0,T1,T2,T3,T4,T5,T6,T7,T8,T9,T10,T11,T12,T13,T14,T15
STAT,(NULL),Conflicts,16,0,0,0,0,0,0,0,0,0,0,0,0,0,0,0,0,0
STAT,(NULL),Iterations,16,17801607,1109841,1111793,1111440,1113679,1113582,1113709,1112300,1111436,1114028,1113579,1113448,1113700,1114041,1113992,1111546,1109493
STAT,(NULL),LoopTime,16,368,368,0,0,0,0,0,0,0,0,0,0,0,0,0,0,0
STAT,(NULL),Threads,16,16,16,0,0,0,0,0,0,0,0,0,0,0,0,0,0,0
STAT,(NULL),Time,16,13704,13704,0,0,0,0,0,0,0,0,0,0,0,0,0,0,0
Galois Benchmark Suite v2.2.1 (r0)
Copyright (C) 2014 The University of Texas at Austin
http://iss.ices.utexas.edu/galois/

application: Unordered Agglomerative Clustering
Clusters data points using the well-known data-mining algorithm
http://iss.ices.utexas.edu/?p=projects/galois/benchmarks/agglomerative_clustering

INFO: CommandLine ./clustering_dont_gs -t 22 -numPoints 10000
INFO: Hostname broady
Starting Clustering app...[10000]
Ending Clustering app...[10000]
STATTYPE,LOOP,CATEGORY,n,sum,T0,T1,T2,T3,T4,T5,T6,T7,T8,T9,T10,T11,T12,T13,T14,T15,T16,T17,T18,T19,T20,T21
STAT,(NULL),Conflicts,22,0,0,0,0,0,0,0,0,0,0,0,0,0,0,0,0,0,0,0,0,0,0,0
STAT,(NULL),Iterations,22,17744358,805207,805783,806102,807541,807124,807315,806226,806290,807762,806705,807057,807344,807311,806924,806059,806116,804895,807187,807135,807331,806528,804416
STAT,(NULL),LoopTime,22,40,40,0,0,0,0,0,0,0,0,0,0,0,0,0,0,0,0,0,0,0,0,0
STAT,(NULL),Threads,22,22,22,0,0,0,0,0,0,0,0,0,0,0,0,0,0,0,0,0,0,0,0,0
STAT,(NULL),Time,22,13408,13408,0,0,0,0,0,0,0,0,0,0,0,0,0,0,0,0,0,0,0,0,0
Galois Benchmark Suite v2.2.1 (r0)
Copyright (C) 2014 The University of Texas at Austin
http://iss.ices.utexas.edu/galois/

application: Unordered Agglomerative Clustering
Clusters data points using the well-known data-mining algorithm
http://iss.ices.utexas.edu/?p=projects/galois/benchmarks/agglomerative_clustering

INFO: CommandLine ./clustering_dont_gs -t 44 -numPoints 10000
INFO: Hostname broady
Starting Clustering app...[10000]
Ending Clustering app...[10000]
STATTYPE,LOOP,CATEGORY,n,sum,T0,T1,T2,T3,T4,T5,T6,T7,T8,T9,T10,T11,T12,T13,T14,T15,T16,T17,T18,T19,T20,T21,T22,T23,T24,T25,T26,T27,T28,T29,T30,T31,T32,T33,T34,T35,T36,T37,T38,T39,T40,T41,T42,T43
STAT,(NULL),Conflicts,44,0,0,0,0,0,0,0,0,0,0,0,0,0,0,0,0,0,0,0,0,0,0,0,0,0,0,0,0,0,0,0,0,0,0,0,0,0,0,0,0,0,0,0,0,0
STAT,(NULL),Iterations,44,17865846,465298,449170,449233,451248,450287,451598,447789,449581,451692,450380,450316,451627,451915,451882,448554,446537,448104,451976,451559,451814,448581,448357,360099,362818,363520,363004,363674,364216,361367,361140,364365,362468,364094,362130,362274,361842,360635,360592,353752,361687,360717,360894,358982,354078
STAT,(NULL),LoopTime,44,85,85,0,0,0,0,0,0,0,0,0,0,0,0,0,0,0,0,0,0,0,0,0,0,0,0,0,0,0,0,0,0,0,0,0,0,0,0,0,0,0,0,0,0,0
STAT,(NULL),Threads,44,44,44,0,0,0,0,0,0,0,0,0,0,0,0,0,0,0,0,0,0,0,0,0,0,0,0,0,0,0,0,0,0,0,0,0,0,0,0,0,0,0,0,0,0,0
STAT,(NULL),Time,44,13881,13881,0,0,0,0,0,0,0,0,0,0,0,0,0,0,0,0,0,0,0,0,0,0,0,0,0,0,0,0,0,0,0,0,0,0,0,0,0,0,0,0,0,0,0
Galois Benchmark Suite v2.2.1 (r0)
Copyright (C) 2014 The University of Texas at Austin
http://iss.ices.utexas.edu/galois/

application: Unordered Agglomerative Clustering
Clusters data points using the well-known data-mining algorithm
http://iss.ices.utexas.edu/?p=projects/galois/benchmarks/agglomerative_clustering

INFO: CommandLine ./clustering_dont_gs -t 88 -numPoints 10000
INFO: Hostname broady
Starting Clustering app...[10000]
Ending Clustering app...[10000]
STATTYPE,LOOP,CATEGORY,n,sum,T0,T1,T2,T3,T4,T5,T6,T7,T8,T9,T10,T11,T12,T13,T14,T15,T16,T17,T18,T19,T20,T21,T22,T23,T24,T25,T26,T27,T28,T29,T30,T31,T32,T33,T34,T35,T36,T37,T38,T39,T40,T41,T42,T43,T44,T45,T46,T47,T48,T49,T50,T51,T52,T53,T54,T55,T56,T57,T58,T59,T60,T61,T62,T63,T64,T65,T66,T67,T68,T69,T70,T71,T72,T73,T74,T75,T76,T77,T78,T79,T80,T81,T82,T83,T84,T85,T86,T87
STAT,(NULL),Conflicts,88,0,0,0,0,0,0,0,0,0,0,0,0,0,0,0,0,0,0,0,0,0,0,0,0,0,0,0,0,0,0,0,0,0,0,0,0,0,0,0,0,0,0,0,0,0,0,0,0,0,0,0,0,0,0,0,0,0,0,0,0,0,0,0,0,0,0,0,0,0,0,0,0,0,0,0,0,0,0,0,0,0,0,0,0,0,0,0,0,0
STAT,(NULL),Iterations,88,17857187,228507,217371,216890,217465,217368,218167,216791,217303,218646,217238,217846,218069,218197,217588,216020,215539,215763,213011,217139,217363,215186,215793,189137,189617,190608,189904,188944,190543,189647,188911,190959,190318,190670,189645,190092,189419,180043,189002,188202,188906,189482,189897,190857,188776,229448,217606,218148,218145,218079,219229,217210,217432,218262,218260,218258,218800,217871,218093,217003,215558,215871,213977,217812,217712,216713,216514,189210,189293,190177,190868,189608,189875,189847,189589,190899,190437,191146,189418,189766,188196,179377,187942,186942,186856,186113,183645,179375,165768
STAT,(NULL),LoopTime,88,291,291,0,0,0,0,0,0,0,0,0,0,0,0,0,0,0,0,0,0,0,0,0,0,0,0,0,0,0,0,0,0,0,0,0,0,0,0,0,0,0,0,0,0,0,0,0,0,0,0,0,0,0,0,0,0,0,0,0,0,0,0,0,0,0,0,0,0,0,0,0,0,0,0,0,0,0,0,0,0,0,0,0,0,0,0,0,0,0
STAT,(NULL),Threads,88,88,88,0,0,0,0,0,0,0,0,0,0,0,0,0,0,0,0,0,0,0,0,0,0,0,0,0,0,0,0,0,0,0,0,0,0,0,0,0,0,0,0,0,0,0,0,0,0,0,0,0,0,0,0,0,0,0,0,0,0,0,0,0,0,0,0,0,0,0,0,0,0,0,0,0,0,0,0,0,0,0,0,0,0,0,0,0,0,0
STAT,(NULL),Time,88,14548,14548,0,0,0,0,0,0,0,0,0,0,0,0,0,0,0,0,0,0,0,0,0,0,0,0,0,0,0,0,0,0,0,0,0,0,0,0,0,0,0,0,0,0,0,0,0,0,0,0,0,0,0,0,0,0,0,0,0,0,0,0,0,0,0,0,0,0,0,0,0,0,0,0,0,0,0,0,0,0,0,0,0,0,0,0,0,0,0
