Galois Benchmark Suite v2.2.1 (r0)
Copyright (C) 2014 The University of Texas at Austin
http://iss.ices.utexas.edu/galois/

application: Unordered Agglomerative Clustering
Clusters data points using the well-known data-mining algorithm
http://iss.ices.utexas.edu/?p=projects/galois/benchmarks/agglomerative_clustering

INFO: CommandLine ./clustering_gs -t 1 -numPoints 3000
INFO: Hostname broady
Starting Clustering app...[3000]
	Total transactions completed: 11119184
	Conflict aborts: 784
	Capacity aborts: 276
	Retry aborts: 0
	Explicit aborts: 0
	Debug aborts: 0
	Nested aborts: 0
	Total aborts: 1606
Ending Clustering app...[3000]
STATTYPE,LOOP,CATEGORY,n,sum,T0
STAT,(NULL),Conflicts,1,0,0
STAT,(NULL),Iterations,1,1588884,1588884
STAT,(NULL),LoopTime,1,1688,1688
STAT,(NULL),Threads,1,1,1
STAT,(NULL),Time,1,3004,3004
Galois Benchmark Suite v2.2.1 (r0)
Copyright (C) 2014 The University of Texas at Austin
http://iss.ices.utexas.edu/galois/

application: Unordered Agglomerative Clustering
Clusters data points using the well-known data-mining algorithm
http://iss.ices.utexas.edu/?p=projects/galois/benchmarks/agglomerative_clustering

INFO: CommandLine ./clustering_gs -t 2 -numPoints 3000
INFO: Hostname broady
Starting Clustering app...[3000]
	Total transactions completed: 11130867
	Conflict aborts: 186
	Capacity aborts: 214
	Retry aborts: 0
	Explicit aborts: 0
	Debug aborts: 0
	Nested aborts: 0
	Total aborts: 1058
Ending Clustering app...[3000]
STATTYPE,LOOP,CATEGORY,n,sum,T0,T1
STAT,(NULL),Conflicts,2,0,0,0
STAT,(NULL),Iterations,2,1590553,797347,793206
STAT,(NULL),LoopTime,2,689,689,0
STAT,(NULL),Threads,2,2,2,0
STAT,(NULL),Time,2,2047,2047,0
Galois Benchmark Suite v2.2.1 (r0)
Copyright (C) 2014 The University of Texas at Austin
http://iss.ices.utexas.edu/galois/

application: Unordered Agglomerative Clustering
Clusters data points using the well-known data-mining algorithm
http://iss.ices.utexas.edu/?p=projects/galois/benchmarks/agglomerative_clustering

INFO: CommandLine ./clustering_gs -t 4 -numPoints 3000
INFO: Hostname broady
Starting Clustering app...[3000]
	Total transactions completed: 10877240
	Conflict aborts: 683
	Capacity aborts: 283
	Retry aborts: 0
	Explicit aborts: 0
	Debug aborts: 0
	Nested aborts: 0
	Total aborts: 1681
Ending Clustering app...[3000]
STATTYPE,LOOP,CATEGORY,n,sum,T0,T1,T2,T3
STAT,(NULL),Conflicts,4,0,0,0,0,0
STAT,(NULL),Iterations,4,1554322,387896,387768,388630,390028
STAT,(NULL),LoopTime,4,176,176,0,0,0
STAT,(NULL),Threads,4,4,4,0,0,0
STAT,(NULL),Time,4,1486,1486,0,0,0
Galois Benchmark Suite v2.2.1 (r0)
Copyright (C) 2014 The University of Texas at Austin
http://iss.ices.utexas.edu/galois/

application: Unordered Agglomerative Clustering
Clusters data points using the well-known data-mining algorithm
http://iss.ices.utexas.edu/?p=projects/galois/benchmarks/agglomerative_clustering

INFO: CommandLine ./clustering_gs -t 8 -numPoints 3000
INFO: Hostname broady
Starting Clustering app...[3000]
	Total transactions completed: 10846774
	Conflict aborts: 1843
	Capacity aborts: 255
	Retry aborts: 0
	Explicit aborts: 1
	Debug aborts: 0
	Nested aborts: 0
	Total aborts: 3044
Ending Clustering app...[3000]
STATTYPE,LOOP,CATEGORY,n,sum,T0,T1,T2,T3,T4,T5,T6,T7
STAT,(NULL),Conflicts,8,0,0,0,0,0,0,0,0,0
STAT,(NULL),Iterations,8,1549972,192906,193578,193897,194056,193991,194182,193628,193734
STAT,(NULL),LoopTime,8,15,15,0,0,0,0,0,0,0
STAT,(NULL),Threads,8,8,8,0,0,0,0,0,0,0
STAT,(NULL),Time,8,1259,1259,0,0,0,0,0,0,0
Galois Benchmark Suite v2.2.1 (r0)
Copyright (C) 2014 The University of Texas at Austin
http://iss.ices.utexas.edu/galois/

application: Unordered Agglomerative Clustering
Clusters data points using the well-known data-mining algorithm
http://iss.ices.utexas.edu/?p=projects/galois/benchmarks/agglomerative_clustering

INFO: CommandLine ./clustering_gs -t 16 -numPoints 3000
INFO: Hostname broady
Starting Clustering app...[3000]
	Total transactions completed: 11087302
	Conflict aborts: 3933
	Capacity aborts: 562
	Retry aborts: 0
	Explicit aborts: 1
	Debug aborts: 0
	Nested aborts: 0
	Total aborts: 5851
Ending Clustering app...[3000]
STATTYPE,LOOP,CATEGORY,n,sum,T0,T1,T2,T3,T4,T5,T6,T7,T8,T9,T10,T11,T12,T13,T14,T15
STAT,(NULL),Conflicts,16,0,0,0,0,0,0,0,0,0,0,0,0,0,0,0,0,0
STAT,(NULL),Iterations,16,1584339,99005,98717,99004,99227,99226,98937,99096,99128,99063,99253,99377,99179,99074,99179,98831,98043
STAT,(NULL),LoopTime,16,27,27,0,0,0,0,0,0,0,0,0,0,0,0,0,0,0
STAT,(NULL),Threads,16,16,16,0,0,0,0,0,0,0,0,0,0,0,0,0,0,0
STAT,(NULL),Time,16,1204,1204,0,0,0,0,0,0,0,0,0,0,0,0,0,0,0
Galois Benchmark Suite v2.2.1 (r0)
Copyright (C) 2014 The University of Texas at Austin
http://iss.ices.utexas.edu/galois/

application: Unordered Agglomerative Clustering
Clusters data points using the well-known data-mining algorithm
http://iss.ices.utexas.edu/?p=projects/galois/benchmarks/agglomerative_clustering

INFO: CommandLine ./clustering_gs -t 22 -numPoints 3000
INFO: Hostname broady
Starting Clustering app...[3000]
	Total transactions completed: 10826624
	Conflict aborts: 5640
	Capacity aborts: 308
	Retry aborts: 0
	Explicit aborts: 1
	Debug aborts: 0
	Nested aborts: 0
	Total aborts: 7764
Ending Clustering app...[3000]
STATTYPE,LOOP,CATEGORY,n,sum,T0,T1,T2,T3,T4,T5,T6,T7,T8,T9,T10,T11,T12,T13,T14,T15,T16,T17,T18,T19,T20,T21
STAT,(NULL),Conflicts,22,0,0,0,0,0,0,0,0,0,0,0,0,0,0,0,0,0,0,0,0,0,0,0
STAT,(NULL),Iterations,22,1547104,70711,70263,70326,70421,70420,70676,70387,70515,70514,70290,70514,70577,70319,70637,70284,70084,70430,70289,70262,70529,69865,68791
STAT,(NULL),LoopTime,22,40,40,0,0,0,0,0,0,0,0,0,0,0,0,0,0,0,0,0,0,0,0,0
STAT,(NULL),Threads,22,22,22,0,0,0,0,0,0,0,0,0,0,0,0,0,0,0,0,0,0,0,0,0
STAT,(NULL),Time,22,1176,1176,0,0,0,0,0,0,0,0,0,0,0,0,0,0,0,0,0,0,0,0,0
Galois Benchmark Suite v2.2.1 (r0)
Copyright (C) 2014 The University of Texas at Austin
http://iss.ices.utexas.edu/galois/

application: Unordered Agglomerative Clustering
Clusters data points using the well-known data-mining algorithm
http://iss.ices.utexas.edu/?p=projects/galois/benchmarks/agglomerative_clustering

INFO: CommandLine ./clustering_gs -t 44 -numPoints 3000
INFO: Hostname broady
Starting Clustering app...[3000]
	Total transactions completed: 10843569
	Conflict aborts: 105533
	Capacity aborts: 526
	Retry aborts: 0
	Explicit aborts: 9
	Debug aborts: 0
	Nested aborts: 0
	Total aborts: 111697
Ending Clustering app...[3000]
STATTYPE,LOOP,CATEGORY,n,sum,T0,T1,T2,T3,T4,T5,T6,T7,T8,T9,T10,T11,T12,T13,T14,T15,T16,T17,T18,T19,T20,T21,T22,T23,T24,T25,T26,T27,T28,T29,T30,T31,T32,T33,T34,T35,T36,T37,T38,T39,T40,T41,T42,T43
STAT,(NULL),Conflicts,44,0,0,0,0,0,0,0,0,0,0,0,0,0,0,0,0,0,0,0,0,0,0,0,0,0,0,0,0,0,0,0,0,0,0,0,0,0,0,0,0,0,0,0,0,0
STAT,(NULL),Iterations,44,1549559,36582,35974,36069,36036,36067,36002,36129,36097,36096,36128,35999,36159,36222,35902,36062,35774,35933,36093,35869,36188,36156,36123,34779,34839,34550,34932,34866,35183,35021,34889,34788,34845,34936,34800,34914,35058,34941,33623,34882,34501,34178,33831,32656,28887
STAT,(NULL),LoopTime,44,80,80,0,0,0,0,0,0,0,0,0,0,0,0,0,0,0,0,0,0,0,0,0,0,0,0,0,0,0,0,0,0,0,0,0,0,0,0,0,0,0,0,0,0,0
STAT,(NULL),Threads,44,44,44,0,0,0,0,0,0,0,0,0,0,0,0,0,0,0,0,0,0,0,0,0,0,0,0,0,0,0,0,0,0,0,0,0,0,0,0,0,0,0,0,0,0,0
STAT,(NULL),Time,44,1329,1329,0,0,0,0,0,0,0,0,0,0,0,0,0,0,0,0,0,0,0,0,0,0,0,0,0,0,0,0,0,0,0,0,0,0,0,0,0,0,0,0,0,0,0
Galois Benchmark Suite v2.2.1 (r0)
Copyright (C) 2014 The University of Texas at Austin
http://iss.ices.utexas.edu/galois/

application: Unordered Agglomerative Clustering
Clusters data points using the well-known data-mining algorithm
http://iss.ices.utexas.edu/?p=projects/galois/benchmarks/agglomerative_clustering

INFO: CommandLine ./clustering_gs -t 88 -numPoints 3000
INFO: Hostname broady
Starting Clustering app...[3000]
	Total transactions completed: 11066746
	Conflict aborts: 716936
	Capacity aborts: 29706
	Retry aborts: 0
	Explicit aborts: 788
	Debug aborts: 0
	Nested aborts: 1
	Total aborts: 755603
Ending Clustering app...[3000]
STATTYPE,LOOP,CATEGORY,n,sum,T0,T1,T2,T3,T4,T5,T6,T7,T8,T9,T10,T11,T12,T13,T14,T15,T16,T17,T18,T19,T20,T21,T22,T23,T24,T25,T26,T27,T28,T29,T30,T31,T32,T33,T34,T35,T36,T37,T38,T39,T40,T41,T42,T43,T44,T45,T46,T47,T48,T49,T50,T51,T52,T53,T54,T55,T56,T57,T58,T59,T60,T61,T62,T63,T64,T65,T66,T67,T68,T69,T70,T71,T72,T73,T74,T75,T76,T77,T78,T79,T80,T81,T82,T83,T84,T85,T86,T87
STAT,(NULL),Conflicts,88,0,0,0,0,0,0,0,0,0,0,0,0,0,0,0,0,0,0,0,0,0,0,0,0,0,0,0,0,0,0,0,0,0,0,0,0,0,0,0,0,0,0,0,0,0,0,0,0,0,0,0,0,0,0,0,0,0,0,0,0,0,0,0,0,0,0,0,0,0,0,0,0,0,0,0,0,0,0,0,0,0,0,0,0,0,0,0,0,0
STAT,(NULL),Iterations,88,1582775,18506,18538,18537,18504,18535,18534,18533,18533,18532,18532,18532,18532,18531,18531,18531,18530,18530,18530,18497,18529,18528,18528,18496,18495,18495,18526,18526,18525,18365,18397,18460,18524,18523,18075,18491,18522,18490,18426,18394,18489,18520,18424,18392,18455,18518,18516,18481,18511,18509,18507,18505,18502,18501,18499,18496,18492,18489,18487,18485,18447,18472,18465,18458,18454,18450,18446,18439,18363,18354,18341,18353,18294,18305,18217,18189,18214,18197,17719,18030,17852,17705,17409,16977,16305,14850,12166,8145,4038
STAT,(NULL),LoopTime,88,193,193,0,0,0,0,0,0,0,0,0,0,0,0,0,0,0,0,0,0,0,0,0,0,0,0,0,0,0,0,0,0,0,0,0,0,0,0,0,0,0,0,0,0,0,0,0,0,0,0,0,0,0,0,0,0,0,0,0,0,0,0,0,0,0,0,0,0,0,0,0,0,0,0,0,0,0,0,0,0,0,0,0,0,0,0,0,0,0
STAT,(NULL),Threads,88,88,88,0,0,0,0,0,0,0,0,0,0,0,0,0,0,0,0,0,0,0,0,0,0,0,0,0,0,0,0,0,0,0,0,0,0,0,0,0,0,0,0,0,0,0,0,0,0,0,0,0,0,0,0,0,0,0,0,0,0,0,0,0,0,0,0,0,0,0,0,0,0,0,0,0,0,0,0,0,0,0,0,0,0,0,0,0,0,0
STAT,(NULL),Time,88,1596,1596,0,0,0,0,0,0,0,0,0,0,0,0,0,0,0,0,0,0,0,0,0,0,0,0,0,0,0,0,0,0,0,0,0,0,0,0,0,0,0,0,0,0,0,0,0,0,0,0,0,0,0,0,0,0,0,0,0,0,0,0,0,0,0,0,0,0,0,0,0,0,0,0,0,0,0,0,0,0,0,0,0,0,0,0,0,0,0
