Galois Benchmark Suite v2.2.1 (r0)
Copyright (C) 2014 The University of Texas at Austin
http://iss.ices.utexas.edu/galois/

application: Unordered Agglomerative Clustering
Clusters data points using the well-known data-mining algorithm
http://iss.ices.utexas.edu/?p=projects/galois/benchmarks/agglomerative_clustering

INFO: CommandLine ./clustering_gs -t 1 -numPoints 2000
INFO: Hostname broady
Starting Clustering app...[2000]
	Total transactions completed: 4812984
	Conflict aborts: 577
	Capacity aborts: 38
	Retry aborts: 0
	Explicit aborts: 0
	Debug aborts: 0
	Nested aborts: 0
	Total aborts: 881
Ending Clustering app...[2000]
STATTYPE,LOOP,CATEGORY,n,sum,T0
STAT,(NULL),Conflicts,1,0,0
STAT,(NULL),Iterations,1,687855,687855
STAT,(NULL),LoopTime,1,584,584
STAT,(NULL),Threads,1,1,1
STAT,(NULL),Time,1,1269,1269
Galois Benchmark Suite v2.2.1 (r0)
Copyright (C) 2014 The University of Texas at Austin
http://iss.ices.utexas.edu/galois/

application: Unordered Agglomerative Clustering
Clusters data points using the well-known data-mining algorithm
http://iss.ices.utexas.edu/?p=projects/galois/benchmarks/agglomerative_clustering

INFO: CommandLine ./clustering_gs -t 2 -numPoints 2000
INFO: Hostname broady
Starting Clustering app...[2000]
	Total transactions completed: 4806017
	Conflict aborts: 118
	Capacity aborts: 24
	Retry aborts: 0
	Explicit aborts: 0
	Debug aborts: 0
	Nested aborts: 0
	Total aborts: 478
Ending Clustering app...[2000]
STATTYPE,LOOP,CATEGORY,n,sum,T0,T1
STAT,(NULL),Conflicts,2,0,0,0
STAT,(NULL),Iterations,2,686860,342105,344755
STAT,(NULL),LoopTime,2,216,216,0
STAT,(NULL),Threads,2,2,2,0
STAT,(NULL),Time,2,864,864,0
Galois Benchmark Suite v2.2.1 (r0)
Copyright (C) 2014 The University of Texas at Austin
http://iss.ices.utexas.edu/galois/

application: Unordered Agglomerative Clustering
Clusters data points using the well-known data-mining algorithm
http://iss.ices.utexas.edu/?p=projects/galois/benchmarks/agglomerative_clustering

INFO: CommandLine ./clustering_gs -t 4 -numPoints 2000
INFO: Hostname broady
Starting Clustering app...[2000]
	Total transactions completed: 4842396
	Conflict aborts: 557
	Capacity aborts: 19
	Retry aborts: 0
	Explicit aborts: 0
	Debug aborts: 0
	Nested aborts: 0
	Total aborts: 970
Ending Clustering app...[2000]
STATTYPE,LOOP,CATEGORY,n,sum,T0,T1,T2,T3
STAT,(NULL),Conflicts,4,0,0,0,0,0
STAT,(NULL),Iterations,4,692058,172577,172929,173119,173433
STAT,(NULL),LoopTime,4,11,11,0,0,0
STAT,(NULL),Threads,4,4,4,0,0,0
STAT,(NULL),Time,4,658,658,0,0,0
Galois Benchmark Suite v2.2.1 (r0)
Copyright (C) 2014 The University of Texas at Austin
http://iss.ices.utexas.edu/galois/

application: Unordered Agglomerative Clustering
Clusters data points using the well-known data-mining algorithm
http://iss.ices.utexas.edu/?p=projects/galois/benchmarks/agglomerative_clustering

INFO: CommandLine ./clustering_gs -t 8 -numPoints 2000
INFO: Hostname broady
Starting Clustering app...[2000]
	Total transactions completed: 4833815
	Conflict aborts: 1176
	Capacity aborts: 44
	Retry aborts: 0
	Explicit aborts: 1
	Debug aborts: 0
	Nested aborts: 0
	Total aborts: 1752
Ending Clustering app...[2000]
STATTYPE,LOOP,CATEGORY,n,sum,T0,T1,T2,T3,T4,T5,T6,T7
STAT,(NULL),Conflicts,8,0,0,0,0,0,0,0,0,0
STAT,(NULL),Iterations,8,690834,85945,86393,86456,86423,86390,86453,86538,86236
STAT,(NULL),LoopTime,8,13,13,0,0,0,0,0,0,0
STAT,(NULL),Threads,8,8,8,0,0,0,0,0,0,0
STAT,(NULL),Time,8,572,572,0,0,0,0,0,0,0
Galois Benchmark Suite v2.2.1 (r0)
Copyright (C) 2014 The University of Texas at Austin
http://iss.ices.utexas.edu/galois/

application: Unordered Agglomerative Clustering
Clusters data points using the well-known data-mining algorithm
http://iss.ices.utexas.edu/?p=projects/galois/benchmarks/agglomerative_clustering

INFO: CommandLine ./clustering_gs -t 16 -numPoints 2000
INFO: Hostname broady
Starting Clustering app...[2000]
	Total transactions completed: 4640791
	Conflict aborts: 3369
	Capacity aborts: 106
	Retry aborts: 0
	Explicit aborts: 0
	Debug aborts: 0
	Nested aborts: 0
	Total aborts: 4542
Ending Clustering app...[2000]
STATTYPE,LOOP,CATEGORY,n,sum,T0,T1,T2,T3,T4,T5,T6,T7,T8,T9,T10,T11,T12,T13,T14,T15
STAT,(NULL),Conflicts,16,0,0,0,0,0,0,0,0,0,0,0,0,0,0,0,0,0
STAT,(NULL),Iterations,16,663266,41628,41628,41499,41562,41657,41528,41591,41430,41462,41556,41618,41644,41633,41253,41279,40298
STAT,(NULL),LoopTime,16,24,24,0,0,0,0,0,0,0,0,0,0,0,0,0,0,0
STAT,(NULL),Threads,16,16,16,0,0,0,0,0,0,0,0,0,0,0,0,0,0,0
STAT,(NULL),Time,16,539,539,0,0,0,0,0,0,0,0,0,0,0,0,0,0,0
Galois Benchmark Suite v2.2.1 (r0)
Copyright (C) 2014 The University of Texas at Austin
http://iss.ices.utexas.edu/galois/

application: Unordered Agglomerative Clustering
Clusters data points using the well-known data-mining algorithm
http://iss.ices.utexas.edu/?p=projects/galois/benchmarks/agglomerative_clustering

INFO: CommandLine ./clustering_gs -t 22 -numPoints 2000
INFO: Hostname broady
Starting Clustering app...[2000]
	Total transactions completed: 4629938
	Conflict aborts: 4118
	Capacity aborts: 115
	Retry aborts: 0
	Explicit aborts: 0
	Debug aborts: 0
	Nested aborts: 0
	Total aborts: 5115
Ending Clustering app...[2000]
STATTYPE,LOOP,CATEGORY,n,sum,T0,T1,T2,T3,T4,T5,T6,T7,T8,T9,T10,T11,T12,T13,T14,T15,T16,T17,T18,T19,T20,T21
STAT,(NULL),Conflicts,22,0,0,0,0,0,0,0,0,0,0,0,0,0,0,0,0,0,0,0,0,0,0,0
STAT,(NULL),Iterations,22,661717,30410,30058,29993,30216,30279,30246,30181,30180,30244,29860,30179,30114,30239,30334,30203,30133,30190,30113,29996,30228,29992,28329
STAT,(NULL),LoopTime,22,34,34,0,0,0,0,0,0,0,0,0,0,0,0,0,0,0,0,0,0,0,0,0
STAT,(NULL),Threads,22,22,22,0,0,0,0,0,0,0,0,0,0,0,0,0,0,0,0,0,0,0,0,0
STAT,(NULL),Time,22,539,539,0,0,0,0,0,0,0,0,0,0,0,0,0,0,0,0,0,0,0,0,0
Galois Benchmark Suite v2.2.1 (r0)
Copyright (C) 2014 The University of Texas at Austin
http://iss.ices.utexas.edu/galois/

application: Unordered Agglomerative Clustering
Clusters data points using the well-known data-mining algorithm
http://iss.ices.utexas.edu/?p=projects/galois/benchmarks/agglomerative_clustering

INFO: CommandLine ./clustering_gs -t 44 -numPoints 2000
INFO: Hostname broady
Starting Clustering app...[2000]
	Total transactions completed: 4783250
	Conflict aborts: 74519
	Capacity aborts: 201
	Retry aborts: 0
	Explicit aborts: 15
	Debug aborts: 0
	Nested aborts: 2
	Total aborts: 77613
Ending Clustering app...[2000]
STATTYPE,LOOP,CATEGORY,n,sum,T0,T1,T2,T3,T4,T5,T6,T7,T8,T9,T10,T11,T12,T13,T14,T15,T16,T17,T18,T19,T20,T21,T22,T23,T24,T25,T26,T27,T28,T29,T30,T31,T32,T33,T34,T35,T36,T37,T38,T39,T40,T41,T42,T43
STAT,(NULL),Conflicts,44,0,0,0,0,0,0,0,0,0,0,0,0,0,0,0,0,0,0,0,0,0,0,0,0,0,0,0,0,0,0,0,0,0,0,0,0,0,0,0,0,0,0,0,0,0
STAT,(NULL),Iterations,44,683666,15896,15832,15863,15894,15862,15797,15860,15891,15890,15858,15889,15793,15857,15856,15792,15888,15824,15888,15887,15855,15855,15854,15661,15690,15751,15684,15745,15612,15546,15671,15699,15499,15587,15614,15701,15587,15490,15361,15400,15314,15327,14900,13481,10465
STAT,(NULL),LoopTime,44,76,76,0,0,0,0,0,0,0,0,0,0,0,0,0,0,0,0,0,0,0,0,0,0,0,0,0,0,0,0,0,0,0,0,0,0,0,0,0,0,0,0,0,0,0
STAT,(NULL),Threads,44,44,44,0,0,0,0,0,0,0,0,0,0,0,0,0,0,0,0,0,0,0,0,0,0,0,0,0,0,0,0,0,0,0,0,0,0,0,0,0,0,0,0,0,0,0
STAT,(NULL),Time,44,666,666,0,0,0,0,0,0,0,0,0,0,0,0,0,0,0,0,0,0,0,0,0,0,0,0,0,0,0,0,0,0,0,0,0,0,0,0,0,0,0,0,0,0,0
Galois Benchmark Suite v2.2.1 (r0)
Copyright (C) 2014 The University of Texas at Austin
http://iss.ices.utexas.edu/galois/

application: Unordered Agglomerative Clustering
Clusters data points using the well-known data-mining algorithm
http://iss.ices.utexas.edu/?p=projects/galois/benchmarks/agglomerative_clustering

INFO: CommandLine ./clustering_gs -t 88 -numPoints 2000
INFO: Hostname broady
Starting Clustering app...[2000]
	Total transactions completed: 4715851
	Conflict aborts: 438934
	Capacity aborts: 11472
	Retry aborts: 0
	Explicit aborts: 440
	Debug aborts: 0
	Nested aborts: 32
	Total aborts: 455983
Ending Clustering app...[2000]
STATTYPE,LOOP,CATEGORY,n,sum,T0,T1,T2,T3,T4,T5,T6,T7,T8,T9,T10,T11,T12,T13,T14,T15,T16,T17,T18,T19,T20,T21,T22,T23,T24,T25,T26,T27,T28,T29,T30,T31,T32,T33,T34,T35,T36,T37,T38,T39,T40,T41,T42,T43,T44,T45,T46,T47,T48,T49,T50,T51,T52,T53,T54,T55,T56,T57,T58,T59,T60,T61,T62,T63,T64,T65,T66,T67,T68,T69,T70,T71,T72,T73,T74,T75,T76,T77,T78,T79,T80,T81,T82,T83,T84,T85,T86,T87
STAT,(NULL),Conflicts,88,0,0,0,0,0,0,0,0,0,0,0,0,0,0,0,0,0,0,0,0,0,0,0,0,0,0,0,0,0,0,0,0,0,0,0,0,0,0,0,0,0,0,0,0,0,0,0,0,0,0,0,0,0,0,0,0,0,0,0,0,0,0,0,0,0,0,0,0,0,0,0,0,0,0,0,0,0,0,0,0,0,0,0,0,0,0,0,0,0
STAT,(NULL),Iterations,88,675102,8025,8025,8024,8023,8022,8021,8020,8020,8019,8019,8019,8019,8018,8018,8018,8017,8017,8017,8016,8016,8016,8015,8015,8015,8014,8013,8013,8012,8011,8010,8010,8010,8009,8008,8008,8008,8008,8007,8007,8006,8006,8005,8005,8004,8003,8001,7999,7997,7994,7993,7990,7988,7987,7985,7982,7981,7978,7975,7973,7967,7964,7960,7954,7947,7941,7936,7927,7917,7906,7896,7878,7853,7828,7803,7776,7737,7689,7625,7534,7434,7265,7037,6672,6033,4896,3492,2073,708
STAT,(NULL),LoopTime,88,183,183,0,0,0,0,0,0,0,0,0,0,0,0,0,0,0,0,0,0,0,0,0,0,0,0,0,0,0,0,0,0,0,0,0,0,0,0,0,0,0,0,0,0,0,0,0,0,0,0,0,0,0,0,0,0,0,0,0,0,0,0,0,0,0,0,0,0,0,0,0,0,0,0,0,0,0,0,0,0,0,0,0,0,0,0,0,0,0
STAT,(NULL),Threads,88,88,88,0,0,0,0,0,0,0,0,0,0,0,0,0,0,0,0,0,0,0,0,0,0,0,0,0,0,0,0,0,0,0,0,0,0,0,0,0,0,0,0,0,0,0,0,0,0,0,0,0,0,0,0,0,0,0,0,0,0,0,0,0,0,0,0,0,0,0,0,0,0,0,0,0,0,0,0,0,0,0,0,0,0,0,0,0,0,0
STAT,(NULL),Time,88,861,861,0,0,0,0,0,0,0,0,0,0,0,0,0,0,0,0,0,0,0,0,0,0,0,0,0,0,0,0,0,0,0,0,0,0,0,0,0,0,0,0,0,0,0,0,0,0,0,0,0,0,0,0,0,0,0,0,0,0,0,0,0,0,0,0,0,0,0,0,0,0,0,0,0,0,0,0,0,0,0,0,0,0,0,0,0,0,0
