Galois Benchmark Suite v2.2.1 (r0)
Copyright (C) 2014 The University of Texas at Austin
http://iss.ices.utexas.edu/galois/

application: Unordered Agglomerative Clustering
Clusters data points using the well-known data-mining algorithm
http://iss.ices.utexas.edu/?p=projects/galois/benchmarks/agglomerative_clustering

INFO: CommandLine ./clustering_gs -t 1 -numPoints 10000
INFO: Hostname broady
Starting Clustering app...[10000]
	Total transactions completed: 123146718
	Conflict aborts: 1224
	Capacity aborts: 5274
	Retry aborts: 0
	Explicit aborts: 0
	Debug aborts: 0
	Nested aborts: 0
	Total aborts: 12368
Ending Clustering app...[10000]
STATTYPE,LOOP,CATEGORY,n,sum,T0
STAT,(NULL),Conflicts,1,0,0
STAT,(NULL),Iterations,1,17593818,17593818
STAT,(NULL),LoopTime,1,24376,24376
STAT,(NULL),Threads,1,1,1
STAT,(NULL),Time,1,37093,37093
Galois Benchmark Suite v2.2.1 (r0)
Copyright (C) 2014 The University of Texas at Austin
http://iss.ices.utexas.edu/galois/

application: Unordered Agglomerative Clustering
Clusters data points using the well-known data-mining algorithm
http://iss.ices.utexas.edu/?p=projects/galois/benchmarks/agglomerative_clustering

INFO: CommandLine ./clustering_gs -t 2 -numPoints 10000
INFO: Hostname broady
Starting Clustering app...[10000]
	Total transactions completed: 125216922
	Conflict aborts: 726
	Capacity aborts: 1687
	Retry aborts: 0
	Explicit aborts: 0
	Debug aborts: 0
	Nested aborts: 0
	Total aborts: 8617
Ending Clustering app...[10000]
STATTYPE,LOOP,CATEGORY,n,sum,T0,T1
STAT,(NULL),Conflicts,2,0,0,0
STAT,(NULL),Iterations,2,17889561,9010973,8878588
STAT,(NULL),LoopTime,2,12280,12280,0
STAT,(NULL),Threads,2,2,2,0
STAT,(NULL),Time,2,25674,25674,0
Galois Benchmark Suite v2.2.1 (r0)
Copyright (C) 2014 The University of Texas at Austin
http://iss.ices.utexas.edu/galois/

application: Unordered Agglomerative Clustering
Clusters data points using the well-known data-mining algorithm
http://iss.ices.utexas.edu/?p=projects/galois/benchmarks/agglomerative_clustering

INFO: CommandLine ./clustering_gs -t 4 -numPoints 10000
INFO: Hostname broady
Starting Clustering app...[10000]
	Total transactions completed: 124278236
	Conflict aborts: 1883
	Capacity aborts: 18283
	Retry aborts: 0
	Explicit aborts: 0
	Debug aborts: 0
	Nested aborts: 0
	Total aborts: 26510
Ending Clustering app...[10000]
STATTYPE,LOOP,CATEGORY,n,sum,T0,T1,T2,T3
STAT,(NULL),Conflicts,4,0,0,0,0,0
STAT,(NULL),Iterations,4,17755483,4438697,4419945,4436999,4459842
STAT,(NULL),LoopTime,4,5498,5498,0,0,0
STAT,(NULL),Threads,4,4,4,0,0,0
STAT,(NULL),Time,4,18591,18591,0,0,0
Galois Benchmark Suite v2.2.1 (r0)
Copyright (C) 2014 The University of Texas at Austin
http://iss.ices.utexas.edu/galois/

application: Unordered Agglomerative Clustering
Clusters data points using the well-known data-mining algorithm
http://iss.ices.utexas.edu/?p=projects/galois/benchmarks/agglomerative_clustering

INFO: CommandLine ./clustering_gs -t 8 -numPoints 10000
INFO: Hostname broady
Starting Clustering app...[10000]
	Total transactions completed: 123388324
	Conflict aborts: 3655
	Capacity aborts: 6615
	Retry aborts: 0
	Explicit aborts: 1
	Debug aborts: 0
	Nested aborts: 0
	Total aborts: 16750
Ending Clustering app...[10000]
STATTYPE,LOOP,CATEGORY,n,sum,T0,T1,T2,T3,T4,T5,T6,T7
STAT,(NULL),Conflicts,8,0,0,0,0,0,0,0,0,0
STAT,(NULL),Iterations,8,17628338,2198970,2199002,2198425,2207128,2209495,2210131,2203143,2202044
STAT,(NULL),LoopTime,8,2243,2243,0,0,0,0,0,0,0
STAT,(NULL),Threads,8,8,8,0,0,0,0,0,0,0
STAT,(NULL),Time,8,15333,15333,0,0,0,0,0,0,0
Galois Benchmark Suite v2.2.1 (r0)
Copyright (C) 2014 The University of Texas at Austin
http://iss.ices.utexas.edu/galois/

application: Unordered Agglomerative Clustering
Clusters data points using the well-known data-mining algorithm
http://iss.ices.utexas.edu/?p=projects/galois/benchmarks/agglomerative_clustering

INFO: CommandLine ./clustering_gs -t 16 -numPoints 10000
INFO: Hostname broady
Starting Clustering app...[10000]
	Total transactions completed: 124664869
	Conflict aborts: 11633
	Capacity aborts: 47985
	Retry aborts: 0
	Explicit aborts: 8
	Debug aborts: 0
	Nested aborts: 0
	Total aborts: 67162
Ending Clustering app...[10000]
STATTYPE,LOOP,CATEGORY,n,sum,T0,T1,T2,T3,T4,T5,T6,T7,T8,T9,T10,T11,T12,T13,T14,T15
STAT,(NULL),Conflicts,16,0,0,0,0,0,0,0,0,0,0,0,0,0,0,0,0,0
STAT,(NULL),Iterations,16,17810755,1105981,1112253,1113372,1114299,1114842,1114937,1112088,1112696,1114774,1114100,1114127,1114472,1114745,1114844,1112403,1110822
STAT,(NULL),LoopTime,16,788,788,0,0,0,0,0,0,0,0,0,0,0,0,0,0,0
STAT,(NULL),Threads,16,16,16,0,0,0,0,0,0,0,0,0,0,0,0,0,0,0
STAT,(NULL),Time,16,14013,14013,0,0,0,0,0,0,0,0,0,0,0,0,0,0,0
Galois Benchmark Suite v2.2.1 (r0)
Copyright (C) 2014 The University of Texas at Austin
http://iss.ices.utexas.edu/galois/

application: Unordered Agglomerative Clustering
Clusters data points using the well-known data-mining algorithm
http://iss.ices.utexas.edu/?p=projects/galois/benchmarks/agglomerative_clustering

INFO: CommandLine ./clustering_gs -t 22 -numPoints 10000
INFO: Hostname broady
Starting Clustering app...[10000]
	Total transactions completed: 124252637
	Conflict aborts: 9132
	Capacity aborts: 13989
	Retry aborts: 0
	Explicit aborts: 2
	Debug aborts: 0
	Nested aborts: 1
	Total aborts: 31541
Ending Clustering app...[10000]
STATTYPE,LOOP,CATEGORY,n,sum,T0,T1,T2,T3,T4,T5,T6,T7,T8,T9,T10,T11,T12,T13,T14,T15,T16,T17,T18,T19,T20,T21
STAT,(NULL),Conflicts,22,0,0,0,0,0,0,0,0,0,0,0,0,0,0,0,0,0,0,0,0,0,0,0
STAT,(NULL),Iterations,22,17751828,803088,806064,807375,808206,808173,808140,807467,806922,807402,807657,807817,807913,807910,808134,805699,804992,805847,807530,806901,808305,805399,804887
STAT,(NULL),LoopTime,22,115,115,0,0,0,0,0,0,0,0,0,0,0,0,0,0,0,0,0,0,0,0,0
STAT,(NULL),Threads,22,22,22,0,0,0,0,0,0,0,0,0,0,0,0,0,0,0,0,0,0,0,0,0
STAT,(NULL),Time,22,13636,13636,0,0,0,0,0,0,0,0,0,0,0,0,0,0,0,0,0,0,0,0,0
Galois Benchmark Suite v2.2.1 (r0)
Copyright (C) 2014 The University of Texas at Austin
http://iss.ices.utexas.edu/galois/

application: Unordered Agglomerative Clustering
Clusters data points using the well-known data-mining algorithm
http://iss.ices.utexas.edu/?p=projects/galois/benchmarks/agglomerative_clustering

INFO: CommandLine ./clustering_gs -t 44 -numPoints 10000
INFO: Hostname broady
Starting Clustering app...[10000]
	Total transactions completed: 125547498
	Conflict aborts: 334214
	Capacity aborts: 5069
	Retry aborts: 0
	Explicit aborts: 2
	Debug aborts: 0
	Nested aborts: 0
	Total aborts: 375409
Ending Clustering app...[10000]
STATTYPE,LOOP,CATEGORY,n,sum,T0,T1,T2,T3,T4,T5,T6,T7,T8,T9,T10,T11,T12,T13,T14,T15,T16,T17,T18,T19,T20,T21,T22,T23,T24,T25,T26,T27,T28,T29,T30,T31,T32,T33,T34,T35,T36,T37,T38,T39,T40,T41,T42,T43
STAT,(NULL),Conflicts,44,0,0,0,0,0,0,0,0,0,0,0,0,0,0,0,0,0,0,0,0,0,0,0,0,0,0,0,0,0,0,0,0,0,0,0,0,0,0,0,0,0,0,0,0,0
STAT,(NULL),Iterations,44,17936816,462171,446715,447834,449817,449656,449303,448214,448117,450069,449620,449748,450163,449203,449394,446450,446641,447889,450929,449777,450705,447056,444495,364367,366252,367403,367785,362567,367845,365957,365954,368476,367957,367952,368516,368083,368191,364318,363446,364990,367740,367888,366397,363110,357656
STAT,(NULL),LoopTime,44,85,85,0,0,0,0,0,0,0,0,0,0,0,0,0,0,0,0,0,0,0,0,0,0,0,0,0,0,0,0,0,0,0,0,0,0,0,0,0,0,0,0,0,0,0
STAT,(NULL),Threads,44,44,44,0,0,0,0,0,0,0,0,0,0,0,0,0,0,0,0,0,0,0,0,0,0,0,0,0,0,0,0,0,0,0,0,0,0,0,0,0,0,0,0,0,0,0
STAT,(NULL),Time,44,14104,14104,0,0,0,0,0,0,0,0,0,0,0,0,0,0,0,0,0,0,0,0,0,0,0,0,0,0,0,0,0,0,0,0,0,0,0,0,0,0,0,0,0,0,0
Galois Benchmark Suite v2.2.1 (r0)
Copyright (C) 2014 The University of Texas at Austin
http://iss.ices.utexas.edu/galois/

application: Unordered Agglomerative Clustering
Clusters data points using the well-known data-mining algorithm
http://iss.ices.utexas.edu/?p=projects/galois/benchmarks/agglomerative_clustering

INFO: CommandLine ./clustering_gs -t 88 -numPoints 10000
INFO: Hostname broady
Starting Clustering app...[10000]
	Total transactions completed: 124574471
	Conflict aborts: 2908811
	Capacity aborts: 324848
	Retry aborts: 0
	Explicit aborts: 3937
	Debug aborts: 0
	Nested aborts: 1
	Total aborts: 3308146
Ending Clustering app...[10000]
STATTYPE,LOOP,CATEGORY,n,sum,T0,T1,T2,T3,T4,T5,T6,T7,T8,T9,T10,T11,T12,T13,T14,T15,T16,T17,T18,T19,T20,T21,T22,T23,T24,T25,T26,T27,T28,T29,T30,T31,T32,T33,T34,T35,T36,T37,T38,T39,T40,T41,T42,T43,T44,T45,T46,T47,T48,T49,T50,T51,T52,T53,T54,T55,T56,T57,T58,T59,T60,T61,T62,T63,T64,T65,T66,T67,T68,T69,T70,T71,T72,T73,T74,T75,T76,T77,T78,T79,T80,T81,T82,T83,T84,T85,T86,T87
STAT,(NULL),Conflicts,88,0,0,0,0,0,0,0,0,0,0,0,0,0,0,0,0,0,0,0,0,0,0,0,0,0,0,0,0,0,0,0,0,0,0,0,0,0,0,0,0,0,0,0,0,0,0,0,0,0,0,0,0,0,0,0,0,0,0,0,0,0,0,0,0,0,0,0,0,0,0,0,0,0,0,0,0,0,0,0,0,0,0,0,0,0,0,0,0,0
STAT,(NULL),Iterations,88,17802086,222055,214727,214694,212837,213284,213827,213602,211170,213185,214209,214177,214465,214336,215072,214367,214719,214014,215230,215421,215005,214301,214428,189820,191004,192219,191611,191163,181179,190842,191098,191418,192409,191929,192633,192377,191256,191288,190871,191415,192503,192214,191285,191765,190484,223124,214162,214703,214221,214155,214024,213607,210693,213730,213920,214334,214940,215000,215126,214355,213676,213765,215394,215771,216215,214451,213614,191018,191196,191789,192542,192270,182893,191538,190294,191625,192320,191428,191811,192007,191780,190057,189063,190899,190280,187381,185506,180863,168638
STAT,(NULL),LoopTime,88,306,306,0,0,0,0,0,0,0,0,0,0,0,0,0,0,0,0,0,0,0,0,0,0,0,0,0,0,0,0,0,0,0,0,0,0,0,0,0,0,0,0,0,0,0,0,0,0,0,0,0,0,0,0,0,0,0,0,0,0,0,0,0,0,0,0,0,0,0,0,0,0,0,0,0,0,0,0,0,0,0,0,0,0,0,0,0,0,0
STAT,(NULL),Threads,88,88,88,0,0,0,0,0,0,0,0,0,0,0,0,0,0,0,0,0,0,0,0,0,0,0,0,0,0,0,0,0,0,0,0,0,0,0,0,0,0,0,0,0,0,0,0,0,0,0,0,0,0,0,0,0,0,0,0,0,0,0,0,0,0,0,0,0,0,0,0,0,0,0,0,0,0,0,0,0,0,0,0,0,0,0,0,0,0,0
STAT,(NULL),Time,88,14555,14555,0,0,0,0,0,0,0,0,0,0,0,0,0,0,0,0,0,0,0,0,0,0,0,0,0,0,0,0,0,0,0,0,0,0,0,0,0,0,0,0,0,0,0,0,0,0,0,0,0,0,0,0,0,0,0,0,0,0,0,0,0,0,0,0,0,0,0,0,0,0,0,0,0,0,0,0,0,0,0,0,0,0,0,0,0,0,0
