Galois Benchmark Suite v2.2.1 (r0)
Copyright (C) 2014 The University of Texas at Austin
http://iss.ices.utexas.edu/galois/

application: Unordered Agglomerative Clustering
Clusters data points using the well-known data-mining algorithm
http://iss.ices.utexas.edu/?p=projects/galois/benchmarks/agglomerative_clustering

INFO: CommandLine ./clustering_dont_gs -t 1 -numPoints 3000
INFO: Hostname broady
Starting Clustering app...[3000]
Ending Clustering app...[3000]
STATTYPE,LOOP,CATEGORY,n,sum,T0
STAT,(NULL),Conflicts,1,0,0
STAT,(NULL),Iterations,1,1561504,1561504
STAT,(NULL),LoopTime,1,1294,1294
STAT,(NULL),Threads,1,1,1
STAT,(NULL),Time,1,2600,2600
Galois Benchmark Suite v2.2.1 (r0)
Copyright (C) 2014 The University of Texas at Austin
http://iss.ices.utexas.edu/galois/

application: Unordered Agglomerative Clustering
Clusters data points using the well-known data-mining algorithm
http://iss.ices.utexas.edu/?p=projects/galois/benchmarks/agglomerative_clustering

INFO: CommandLine ./clustering_dont_gs -t 2 -numPoints 3000
INFO: Hostname broady
Starting Clustering app...[3000]
Ending Clustering app...[3000]
STATTYPE,LOOP,CATEGORY,n,sum,T0,T1
STAT,(NULL),Conflicts,2,0,0,0
STAT,(NULL),Iterations,2,1578059,792852,785207
STAT,(NULL),LoopTime,2,484,484,0
STAT,(NULL),Threads,2,2,2,0
STAT,(NULL),Time,2,1847,1847,0
Galois Benchmark Suite v2.2.1 (r0)
Copyright (C) 2014 The University of Texas at Austin
http://iss.ices.utexas.edu/galois/

application: Unordered Agglomerative Clustering
Clusters data points using the well-known data-mining algorithm
http://iss.ices.utexas.edu/?p=projects/galois/benchmarks/agglomerative_clustering

INFO: CommandLine ./clustering_dont_gs -t 4 -numPoints 3000
INFO: Hostname broady
Starting Clustering app...[3000]
Ending Clustering app...[3000]
STATTYPE,LOOP,CATEGORY,n,sum,T0,T1,T2,T3
STAT,(NULL),Conflicts,4,0,0,0,0,0
STAT,(NULL),Iterations,4,1565040,390767,390671,391373,392229
STAT,(NULL),LoopTime,4,59,59,0,0,0
STAT,(NULL),Threads,4,4,4,0,0,0
STAT,(NULL),Time,4,1399,1399,0,0,0
Galois Benchmark Suite v2.2.1 (r0)
Copyright (C) 2014 The University of Texas at Austin
http://iss.ices.utexas.edu/galois/

application: Unordered Agglomerative Clustering
Clusters data points using the well-known data-mining algorithm
http://iss.ices.utexas.edu/?p=projects/galois/benchmarks/agglomerative_clustering

INFO: CommandLine ./clustering_dont_gs -t 8 -numPoints 3000
INFO: Hostname broady
Starting Clustering app...[3000]
Ending Clustering app...[3000]
STATTYPE,LOOP,CATEGORY,n,sum,T0,T1,T2,T3,T4,T5,T6,T7
STAT,(NULL),Conflicts,8,0,0,0,0,0,0,0,0,0
STAT,(NULL),Iterations,8,1561684,194827,195179,195434,195273,195335,195364,195291,194981
STAT,(NULL),LoopTime,8,13,13,0,0,0,0,0,0,0
STAT,(NULL),Threads,8,8,8,0,0,0,0,0,0,0
STAT,(NULL),Time,8,1219,1219,0,0,0,0,0,0,0
Galois Benchmark Suite v2.2.1 (r0)
Copyright (C) 2014 The University of Texas at Austin
http://iss.ices.utexas.edu/galois/

application: Unordered Agglomerative Clustering
Clusters data points using the well-known data-mining algorithm
http://iss.ices.utexas.edu/?p=projects/galois/benchmarks/agglomerative_clustering

INFO: CommandLine ./clustering_dont_gs -t 16 -numPoints 3000
INFO: Hostname broady
Starting Clustering app...[3000]
Ending Clustering app...[3000]
STATTYPE,LOOP,CATEGORY,n,sum,T0,T1,T2,T3,T4,T5,T6,T7,T8,T9,T10,T11,T12,T13,T14,T15
STAT,(NULL),Conflicts,16,0,0,0,0,0,0,0,0,0,0,0,0,0,0,0,0,0
STAT,(NULL),Iterations,16,1576018,98958,98414,98605,98796,98187,98666,98473,98473,98727,98630,98532,98717,98774,98652,98327,97087
STAT,(NULL),LoopTime,16,25,25,0,0,0,0,0,0,0,0,0,0,0,0,0,0,0
STAT,(NULL),Threads,16,16,16,0,0,0,0,0,0,0,0,0,0,0,0,0,0,0
STAT,(NULL),Time,16,1175,1175,0,0,0,0,0,0,0,0,0,0,0,0,0,0,0
Galois Benchmark Suite v2.2.1 (r0)
Copyright (C) 2014 The University of Texas at Austin
http://iss.ices.utexas.edu/galois/

application: Unordered Agglomerative Clustering
Clusters data points using the well-known data-mining algorithm
http://iss.ices.utexas.edu/?p=projects/galois/benchmarks/agglomerative_clustering

INFO: CommandLine ./clustering_dont_gs -t 24 -numPoints 3000
INFO: Hostname broady
Starting Clustering app...[3000]
Ending Clustering app...[3000]
STATTYPE,LOOP,CATEGORY,n,sum,T0,T1,T2,T3,T4,T5,T6,T7,T8,T9,T10,T11,T12,T13,T14,T15,T16,T17,T18,T19,T20,T21,T22,T23
STAT,(NULL),Conflicts,24,0,0,0,0,0,0,0,0,0,0,0,0,0,0,0,0,0,0,0,0,0,0,0,0,0
STAT,(NULL),Iterations,24,1567347,73459,65715,65810,66257,66128,65839,65742,65805,66189,65996,65996,66028,66026,65608,65702,65541,65410,65882,65840,65795,65660,65393,56097,55429
STAT,(NULL),LoopTime,24,37,37,0,0,0,0,0,0,0,0,0,0,0,0,0,0,0,0,0,0,0,0,0,0,0
STAT,(NULL),Threads,24,24,24,0,0,0,0,0,0,0,0,0,0,0,0,0,0,0,0,0,0,0,0,0,0,0
STAT,(NULL),Time,24,1217,1217,0,0,0,0,0,0,0,0,0,0,0,0,0,0,0,0,0,0,0,0,0,0,0
Galois Benchmark Suite v2.2.1 (r0)
Copyright (C) 2014 The University of Texas at Austin
http://iss.ices.utexas.edu/galois/

application: Unordered Agglomerative Clustering
Clusters data points using the well-known data-mining algorithm
http://iss.ices.utexas.edu/?p=projects/galois/benchmarks/agglomerative_clustering

INFO: CommandLine ./clustering_dont_gs -t 32 -numPoints 3000
INFO: Hostname broady
Starting Clustering app...[3000]
Ending Clustering app...[3000]
STATTYPE,LOOP,CATEGORY,n,sum,T0,T1,T2,T3,T4,T5,T6,T7,T8,T9,T10,T11,T12,T13,T14,T15,T16,T17,T18,T19,T20,T21,T22,T23,T24,T25,T26,T27,T28,T29,T30,T31
STAT,(NULL),Conflicts,32,0,0,0,0,0,0,0,0,0,0,0,0,0,0,0,0,0,0,0,0,0,0,0,0,0,0,0,0,0,0,0,0,0
STAT,(NULL),Iterations,32,1561604,54205,49117,49532,49691,49274,49945,49688,49336,49623,49815,49718,49814,49205,49973,49333,49204,49140,49810,49774,49867,49320,49126,47035,46933,47247,47518,47240,47388,47214,46740,46566,43213
STAT,(NULL),LoopTime,32,58,58,0,0,0,0,0,0,0,0,0,0,0,0,0,0,0,0,0,0,0,0,0,0,0,0,0,0,0,0,0,0,0
STAT,(NULL),Threads,32,32,32,0,0,0,0,0,0,0,0,0,0,0,0,0,0,0,0,0,0,0,0,0,0,0,0,0,0,0,0,0,0,0
STAT,(NULL),Time,32,1278,1278,0,0,0,0,0,0,0,0,0,0,0,0,0,0,0,0,0,0,0,0,0,0,0,0,0,0,0,0,0,0,0
Galois Benchmark Suite v2.2.1 (r0)
Copyright (C) 2014 The University of Texas at Austin
http://iss.ices.utexas.edu/galois/

application: Unordered Agglomerative Clustering
Clusters data points using the well-known data-mining algorithm
http://iss.ices.utexas.edu/?p=projects/galois/benchmarks/agglomerative_clustering

INFO: CommandLine ./clustering_dont_gs -t 40 -numPoints 3000
INFO: Hostname broady
Starting Clustering app...[3000]
Ending Clustering app...[3000]
STATTYPE,LOOP,CATEGORY,n,sum,T0,T1,T2,T3,T4,T5,T6,T7,T8,T9,T10,T11,T12,T13,T14,T15,T16,T17,T18,T19,T20,T21,T22,T23,T24,T25,T26,T27,T28,T29,T30,T31,T32,T33,T34,T35,T36,T37,T38,T39
STAT,(NULL),Conflicts,40,0,0,0,0,0,0,0,0,0,0,0,0,0,0,0,0,0,0,0,0,0,0,0,0,0,0,0,0,0,0,0,0,0,0,0,0,0,0,0,0,0
STAT,(NULL),Iterations,40,1589398,42821,40805,40836,40899,40674,41025,40704,40671,41087,41054,40926,40957,41021,41276,40636,40411,40795,41179,40762,41018,40761,40856,39191,38771,38674,38672,38607,38888,38819,38748,38865,38751,38638,38801,37282,39026,37923,38157,36468,33943
STAT,(NULL),LoopTime,40,73,73,0,0,0,0,0,0,0,0,0,0,0,0,0,0,0,0,0,0,0,0,0,0,0,0,0,0,0,0,0,0,0,0,0,0,0,0,0,0,0
STAT,(NULL),Threads,40,40,40,0,0,0,0,0,0,0,0,0,0,0,0,0,0,0,0,0,0,0,0,0,0,0,0,0,0,0,0,0,0,0,0,0,0,0,0,0,0,0
STAT,(NULL),Time,40,1331,1331,0,0,0,0,0,0,0,0,0,0,0,0,0,0,0,0,0,0,0,0,0,0,0,0,0,0,0,0,0,0,0,0,0,0,0,0,0,0,0
Galois Benchmark Suite v2.2.1 (r0)
Copyright (C) 2014 The University of Texas at Austin
http://iss.ices.utexas.edu/galois/

application: Unordered Agglomerative Clustering
Clusters data points using the well-known data-mining algorithm
http://iss.ices.utexas.edu/?p=projects/galois/benchmarks/agglomerative_clustering

INFO: CommandLine ./clustering_dont_gs -t 44 -numPoints 3000
INFO: Hostname broady
Starting Clustering app...[3000]
Ending Clustering app...[3000]
STATTYPE,LOOP,CATEGORY,n,sum,T0,T1,T2,T3,T4,T5,T6,T7,T8,T9,T10,T11,T12,T13,T14,T15,T16,T17,T18,T19,T20,T21,T22,T23,T24,T25,T26,T27,T28,T29,T30,T31,T32,T33,T34,T35,T36,T37,T38,T39,T40,T41,T42,T43
STAT,(NULL),Conflicts,44,0,0,0,0,0,0,0,0,0,0,0,0,0,0,0,0,0,0,0,0,0,0,0,0,0,0,0,0,0,0,0,0,0,0,0,0,0,0,0,0,0,0,0,0,0
STAT,(NULL),Iterations,44,1557606,36959,36351,36414,36573,36124,36251,36474,36218,36409,36345,36217,36376,36408,36248,36408,36375,36311,36311,36310,36342,36246,36277,34645,34964,34769,33744,34892,35082,35109,35074,35004,35286,35184,34730,35164,34859,35027,34692,34568,34660,34671,34228,32413,28894
STAT,(NULL),LoopTime,44,68,68,0,0,0,0,0,0,0,0,0,0,0,0,0,0,0,0,0,0,0,0,0,0,0,0,0,0,0,0,0,0,0,0,0,0,0,0,0,0,0,0,0,0,0
STAT,(NULL),Threads,44,44,44,0,0,0,0,0,0,0,0,0,0,0,0,0,0,0,0,0,0,0,0,0,0,0,0,0,0,0,0,0,0,0,0,0,0,0,0,0,0,0,0,0,0,0
STAT,(NULL),Time,44,1328,1328,0,0,0,0,0,0,0,0,0,0,0,0,0,0,0,0,0,0,0,0,0,0,0,0,0,0,0,0,0,0,0,0,0,0,0,0,0,0,0,0,0,0,0
Galois Benchmark Suite v2.2.1 (r0)
Copyright (C) 2014 The University of Texas at Austin
http://iss.ices.utexas.edu/galois/

application: Unordered Agglomerative Clustering
Clusters data points using the well-known data-mining algorithm
http://iss.ices.utexas.edu/?p=projects/galois/benchmarks/agglomerative_clustering

INFO: CommandLine ./clustering_dont_gs -t 88 -numPoints 3000
INFO: Hostname broady
Starting Clustering app...[3000]
Ending Clustering app...[3000]
STATTYPE,LOOP,CATEGORY,n,sum,T0,T1,T2,T3,T4,T5,T6,T7,T8,T9,T10,T11,T12,T13,T14,T15,T16,T17,T18,T19,T20,T21,T22,T23,T24,T25,T26,T27,T28,T29,T30,T31,T32,T33,T34,T35,T36,T37,T38,T39,T40,T41,T42,T43,T44,T45,T46,T47,T48,T49,T50,T51,T52,T53,T54,T55,T56,T57,T58,T59,T60,T61,T62,T63,T64,T65,T66,T67,T68,T69,T70,T71,T72,T73,T74,T75,T76,T77,T78,T79,T80,T81,T82,T83,T84,T85,T86,T87
STAT,(NULL),Conflicts,88,0,0,0,0,0,0,0,0,0,0,0,0,0,0,0,0,0,0,0,0,0,0,0,0,0,0,0,0,0,0,0,0,0,0,0,0,0,0,0,0,0,0,0,0,0,0,0,0,0,0,0,0,0,0,0,0,0,0,0,0,0,0,0,0,0,0,0,0,0,0,0,0,0,0,0,0,0,0,0,0,0,0,0,0,0,0,0,0,0
STAT,(NULL),Iterations,88,1570907,18401,18369,18400,18399,18398,18365,18396,18395,18395,18394,18362,18361,18361,18392,18392,18391,18391,18391,18390,18390,18325,18357,18325,18356,18292,18067,18323,18258,18290,18354,18385,18289,18352,18352,18384,18352,18255,18319,18350,18317,18284,18252,18219,18346,18410,18376,18375,18374,18371,18370,18398,18364,18361,18358,18356,18353,18287,18318,18379,18343,18337,18330,18323,18318,18280,18307,18235,18183,18203,18091,18114,18219,18009,18135,18065,18029,18015,17947,17820,17678,17503,17302,16888,16136,14812,12141,8175,4383
STAT,(NULL),LoopTime,88,189,189,0,0,0,0,0,0,0,0,0,0,0,0,0,0,0,0,0,0,0,0,0,0,0,0,0,0,0,0,0,0,0,0,0,0,0,0,0,0,0,0,0,0,0,0,0,0,0,0,0,0,0,0,0,0,0,0,0,0,0,0,0,0,0,0,0,0,0,0,0,0,0,0,0,0,0,0,0,0,0,0,0,0,0,0,0,0,0
STAT,(NULL),Threads,88,88,88,0,0,0,0,0,0,0,0,0,0,0,0,0,0,0,0,0,0,0,0,0,0,0,0,0,0,0,0,0,0,0,0,0,0,0,0,0,0,0,0,0,0,0,0,0,0,0,0,0,0,0,0,0,0,0,0,0,0,0,0,0,0,0,0,0,0,0,0,0,0,0,0,0,0,0,0,0,0,0,0,0,0,0,0,0,0,0
STAT,(NULL),Time,88,1582,1582,0,0,0,0,0,0,0,0,0,0,0,0,0,0,0,0,0,0,0,0,0,0,0,0,0,0,0,0,0,0,0,0,0,0,0,0,0,0,0,0,0,0,0,0,0,0,0,0,0,0,0,0,0,0,0,0,0,0,0,0,0,0,0,0,0,0,0,0,0,0,0,0,0,0,0,0,0,0,0,0,0,0,0,0,0,0,0
