Galois Benchmark Suite v2.2.1 (r0)
Copyright (C) 2014 The University of Texas at Austin
http://iss.ices.utexas.edu/galois/

application: Unordered Agglomerative Clustering
Clusters data points using the well-known data-mining algorithm
http://iss.ices.utexas.edu/?p=projects/galois/benchmarks/agglomerative_clustering

INFO: CommandLine ./clustering_dont_gs -t 1 -numPoints 2000
INFO: Hostname broady
Starting Clustering app...[2000]
Ending Clustering app...[2000]
STATTYPE,LOOP,CATEGORY,n,sum,T0
STAT,(NULL),Conflicts,1,0,0
STAT,(NULL),Iterations,1,689475,689475
STAT,(NULL),LoopTime,1,435,435
STAT,(NULL),Threads,1,1,1
STAT,(NULL),Time,1,1116,1116
Galois Benchmark Suite v2.2.1 (r0)
Copyright (C) 2014 The University of Texas at Austin
http://iss.ices.utexas.edu/galois/

application: Unordered Agglomerative Clustering
Clusters data points using the well-known data-mining algorithm
http://iss.ices.utexas.edu/?p=projects/galois/benchmarks/agglomerative_clustering

INFO: CommandLine ./clustering_dont_gs -t 2 -numPoints 2000
INFO: Hostname broady
Starting Clustering app...[2000]
Ending Clustering app...[2000]
STATTYPE,LOOP,CATEGORY,n,sum,T0,T1
STAT,(NULL),Conflicts,2,0,0,0
STAT,(NULL),Iterations,2,677911,339058,338853
STAT,(NULL),LoopTime,2,125,125,0
STAT,(NULL),Threads,2,2,2,0
STAT,(NULL),Time,2,772,772,0
Galois Benchmark Suite v2.2.1 (r0)
Copyright (C) 2014 The University of Texas at Austin
http://iss.ices.utexas.edu/galois/

application: Unordered Agglomerative Clustering
Clusters data points using the well-known data-mining algorithm
http://iss.ices.utexas.edu/?p=projects/galois/benchmarks/agglomerative_clustering

INFO: CommandLine ./clustering_dont_gs -t 4 -numPoints 2000
INFO: Hostname broady
Starting Clustering app...[2000]
Ending Clustering app...[2000]
STATTYPE,LOOP,CATEGORY,n,sum,T0,T1,T2,T3
STAT,(NULL),Conflicts,4,0,0,0,0,0
STAT,(NULL),Iterations,4,696424,174404,173956,174050,174014
STAT,(NULL),LoopTime,4,7,7,0,0,0
STAT,(NULL),Threads,4,4,4,0,0,0
STAT,(NULL),Time,4,621,621,0,0,0
Galois Benchmark Suite v2.2.1 (r0)
Copyright (C) 2014 The University of Texas at Austin
http://iss.ices.utexas.edu/galois/

application: Unordered Agglomerative Clustering
Clusters data points using the well-known data-mining algorithm
http://iss.ices.utexas.edu/?p=projects/galois/benchmarks/agglomerative_clustering

INFO: CommandLine ./clustering_dont_gs -t 8 -numPoints 2000
INFO: Hostname broady
Starting Clustering app...[2000]
Ending Clustering app...[2000]
STATTYPE,LOOP,CATEGORY,n,sum,T0,T1,T2,T3,T4,T5,T6,T7
STAT,(NULL),Conflicts,8,0,0,0,0,0,0,0,0,0
STAT,(NULL),Iterations,8,679724,84925,85085,85052,85179,85114,85079,85006,84284
STAT,(NULL),LoopTime,8,13,13,0,0,0,0,0,0,0
STAT,(NULL),Threads,8,8,8,0,0,0,0,0,0,0
STAT,(NULL),Time,8,547,547,0,0,0,0,0,0,0
Galois Benchmark Suite v2.2.1 (r0)
Copyright (C) 2014 The University of Texas at Austin
http://iss.ices.utexas.edu/galois/

application: Unordered Agglomerative Clustering
Clusters data points using the well-known data-mining algorithm
http://iss.ices.utexas.edu/?p=projects/galois/benchmarks/agglomerative_clustering

INFO: CommandLine ./clustering_dont_gs -t 16 -numPoints 2000
INFO: Hostname broady
Starting Clustering app...[2000]
Ending Clustering app...[2000]
STATTYPE,LOOP,CATEGORY,n,sum,T0,T1,T2,T3,T4,T5,T6,T7,T8,T9,T10,T11,T12,T13,T14,T15
STAT,(NULL),Conflicts,16,0,0,0,0,0,0,0,0,0,0,0,0,0,0,0,0,0
STAT,(NULL),Iterations,16,683857,42856,42824,42951,42790,42790,42757,42725,42884,42596,42819,42912,42906,42834,42777,42532,41904
STAT,(NULL),LoopTime,16,24,24,0,0,0,0,0,0,0,0,0,0,0,0,0,0,0
STAT,(NULL),Threads,16,16,16,0,0,0,0,0,0,0,0,0,0,0,0,0,0,0
STAT,(NULL),Time,16,544,544,0,0,0,0,0,0,0,0,0,0,0,0,0,0,0
Galois Benchmark Suite v2.2.1 (r0)
Copyright (C) 2014 The University of Texas at Austin
http://iss.ices.utexas.edu/galois/

application: Unordered Agglomerative Clustering
Clusters data points using the well-known data-mining algorithm
http://iss.ices.utexas.edu/?p=projects/galois/benchmarks/agglomerative_clustering

INFO: CommandLine ./clustering_dont_gs -t 24 -numPoints 2000
INFO: Hostname broady
Starting Clustering app...[2000]
Ending Clustering app...[2000]
STATTYPE,LOOP,CATEGORY,n,sum,T0,T1,T2,T3,T4,T5,T6,T7,T8,T9,T10,T11,T12,T13,T14,T15,T16,T17,T18,T19,T20,T21,T22,T23
STAT,(NULL),Conflicts,24,0,0,0,0,0,0,0,0,0,0,0,0,0,0,0,0,0,0,0,0,0,0,0,0,0
STAT,(NULL),Iterations,24,687842,31436,28748,28907,28906,29065,28936,28775,28743,29158,28870,28934,28806,28964,28961,28830,28766,28793,28853,28908,28638,28516,28725,25663,24941
STAT,(NULL),LoopTime,24,47,47,0,0,0,0,0,0,0,0,0,0,0,0,0,0,0,0,0,0,0,0,0,0,0
STAT,(NULL),Threads,24,24,24,0,0,0,0,0,0,0,0,0,0,0,0,0,0,0,0,0,0,0,0,0,0,0
STAT,(NULL),Time,24,595,595,0,0,0,0,0,0,0,0,0,0,0,0,0,0,0,0,0,0,0,0,0,0,0
Galois Benchmark Suite v2.2.1 (r0)
Copyright (C) 2014 The University of Texas at Austin
http://iss.ices.utexas.edu/galois/

application: Unordered Agglomerative Clustering
Clusters data points using the well-known data-mining algorithm
http://iss.ices.utexas.edu/?p=projects/galois/benchmarks/agglomerative_clustering

INFO: CommandLine ./clustering_dont_gs -t 32 -numPoints 2000
INFO: Hostname broady
Starting Clustering app...[2000]
Ending Clustering app...[2000]
STATTYPE,LOOP,CATEGORY,n,sum,T0,T1,T2,T3,T4,T5,T6,T7,T8,T9,T10,T11,T12,T13,T14,T15,T16,T17,T18,T19,T20,T21,T22,T23,T24,T25,T26,T27,T28,T29,T30,T31
STAT,(NULL),Conflicts,32,0,0,0,0,0,0,0,0,0,0,0,0,0,0,0,0,0,0,0,0,0,0,0,0,0,0,0,0,0,0,0,0,0
STAT,(NULL),Iterations,32,701937,22293,21909,21908,22067,22003,22130,22065,21840,21967,22063,22030,22030,21901,21965,22060,22188,22124,21866,22023,22022,22084,21858,22236,22258,22247,22231,22207,22173,22094,21931,21244,18920
STAT,(NULL),LoopTime,32,77,77,0,0,0,0,0,0,0,0,0,0,0,0,0,0,0,0,0,0,0,0,0,0,0,0,0,0,0,0,0,0,0
STAT,(NULL),Threads,32,32,32,0,0,0,0,0,0,0,0,0,0,0,0,0,0,0,0,0,0,0,0,0,0,0,0,0,0,0,0,0,0,0
STAT,(NULL),Time,32,662,662,0,0,0,0,0,0,0,0,0,0,0,0,0,0,0,0,0,0,0,0,0,0,0,0,0,0,0,0,0,0,0
Galois Benchmark Suite v2.2.1 (r0)
Copyright (C) 2014 The University of Texas at Austin
http://iss.ices.utexas.edu/galois/

application: Unordered Agglomerative Clustering
Clusters data points using the well-known data-mining algorithm
http://iss.ices.utexas.edu/?p=projects/galois/benchmarks/agglomerative_clustering

INFO: CommandLine ./clustering_dont_gs -t 40 -numPoints 2000
INFO: Hostname broady
Starting Clustering app...[2000]
Ending Clustering app...[2000]
STATTYPE,LOOP,CATEGORY,n,sum,T0,T1,T2,T3,T4,T5,T6,T7,T8,T9,T10,T11,T12,T13,T14,T15,T16,T17,T18,T19,T20,T21,T22,T23,T24,T25,T26,T27,T28,T29,T30,T31,T32,T33,T34,T35,T36,T37,T38,T39
STAT,(NULL),Conflicts,40,0,0,0,0,0,0,0,0,0,0,0,0,0,0,0,0,0,0,0,0,0,0,0,0,0,0,0,0,0,0,0,0,0,0,0,0,0,0,0,0,0
STAT,(NULL),Iterations,40,679815,17341,17245,17244,17243,17306,17209,17273,17272,17208,17208,17271,17303,17207,17303,17174,17302,17269,17205,17205,17332,17267,17329,17070,17131,16999,17093,16962,16956,17080,16977,17097,17181,17134,16985,17075,17010,16776,16184,15489,12900
STAT,(NULL),LoopTime,40,84,84,0,0,0,0,0,0,0,0,0,0,0,0,0,0,0,0,0,0,0,0,0,0,0,0,0,0,0,0,0,0,0,0,0,0,0,0,0,0,0
STAT,(NULL),Threads,40,40,40,0,0,0,0,0,0,0,0,0,0,0,0,0,0,0,0,0,0,0,0,0,0,0,0,0,0,0,0,0,0,0,0,0,0,0,0,0,0,0
STAT,(NULL),Time,40,664,664,0,0,0,0,0,0,0,0,0,0,0,0,0,0,0,0,0,0,0,0,0,0,0,0,0,0,0,0,0,0,0,0,0,0,0,0,0,0,0
Galois Benchmark Suite v2.2.1 (r0)
Copyright (C) 2014 The University of Texas at Austin
http://iss.ices.utexas.edu/galois/

application: Unordered Agglomerative Clustering
Clusters data points using the well-known data-mining algorithm
http://iss.ices.utexas.edu/?p=projects/galois/benchmarks/agglomerative_clustering

INFO: CommandLine ./clustering_dont_gs -t 44 -numPoints 2000
INFO: Hostname broady
Starting Clustering app...[2000]
Ending Clustering app...[2000]
STATTYPE,LOOP,CATEGORY,n,sum,T0,T1,T2,T3,T4,T5,T6,T7,T8,T9,T10,T11,T12,T13,T14,T15,T16,T17,T18,T19,T20,T21,T22,T23,T24,T25,T26,T27,T28,T29,T30,T31,T32,T33,T34,T35,T36,T37,T38,T39,T40,T41,T42,T43
STAT,(NULL),Conflicts,44,0,0,0,0,0,0,0,0,0,0,0,0,0,0,0,0,0,0,0,0,0,0,0,0,0,0,0,0,0,0,0,0,0,0,0,0,0,0,0,0,0,0,0,0,0
STAT,(NULL),Iterations,44,671119,15636,15604,15475,15570,15537,15601,15568,15568,15600,15535,15599,15599,15535,15567,15598,15566,15533,15596,15564,15563,15595,15594,15465,15526,15108,15202,15232,15356,15481,15413,15408,15403,15365,15293,15282,15399,15377,15063,15023,15105,14961,14514,13254,10286
STAT,(NULL),LoopTime,44,85,85,0,0,0,0,0,0,0,0,0,0,0,0,0,0,0,0,0,0,0,0,0,0,0,0,0,0,0,0,0,0,0,0,0,0,0,0,0,0,0,0,0,0,0
STAT,(NULL),Threads,44,44,44,0,0,0,0,0,0,0,0,0,0,0,0,0,0,0,0,0,0,0,0,0,0,0,0,0,0,0,0,0,0,0,0,0,0,0,0,0,0,0,0,0,0,0
STAT,(NULL),Time,44,672,672,0,0,0,0,0,0,0,0,0,0,0,0,0,0,0,0,0,0,0,0,0,0,0,0,0,0,0,0,0,0,0,0,0,0,0,0,0,0,0,0,0,0,0
Galois Benchmark Suite v2.2.1 (r0)
Copyright (C) 2014 The University of Texas at Austin
http://iss.ices.utexas.edu/galois/

application: Unordered Agglomerative Clustering
Clusters data points using the well-known data-mining algorithm
http://iss.ices.utexas.edu/?p=projects/galois/benchmarks/agglomerative_clustering

INFO: CommandLine ./clustering_dont_gs -t 88 -numPoints 2000
INFO: Hostname broady
Starting Clustering app...[2000]
Ending Clustering app...[2000]
STATTYPE,LOOP,CATEGORY,n,sum,T0,T1,T2,T3,T4,T5,T6,T7,T8,T9,T10,T11,T12,T13,T14,T15,T16,T17,T18,T19,T20,T21,T22,T23,T24,T25,T26,T27,T28,T29,T30,T31,T32,T33,T34,T35,T36,T37,T38,T39,T40,T41,T42,T43,T44,T45,T46,T47,T48,T49,T50,T51,T52,T53,T54,T55,T56,T57,T58,T59,T60,T61,T62,T63,T64,T65,T66,T67,T68,T69,T70,T71,T72,T73,T74,T75,T76,T77,T78,T79,T80,T81,T82,T83,T84,T85,T86,T87
STAT,(NULL),Conflicts,88,0,0,0,0,0,0,0,0,0,0,0,0,0,0,0,0,0,0,0,0,0,0,0,0,0,0,0,0,0,0,0,0,0,0,0,0,0,0,0,0,0,0,0,0,0,0,0,0,0,0,0,0,0,0,0,0,0,0,0,0,0,0,0,0,0,0,0,0,0,0,0,0,0,0,0,0,0,0,0,0,0,0,0,0,0,0,0,0,0
STAT,(NULL),Iterations,88,675102,8025,8025,8024,8023,8022,8021,8020,8020,8019,8019,8019,8019,8018,8018,8018,8017,8017,8017,8016,8016,8016,8015,8015,8015,8014,8013,8013,8012,8011,8010,8010,8010,8009,8008,8008,8008,8008,8007,8007,8006,8006,8005,8005,8004,8003,8001,7999,7997,7994,7993,7990,7988,7987,7985,7982,7981,7978,7975,7973,7967,7964,7960,7954,7947,7941,7936,7927,7917,7906,7896,7878,7853,7828,7803,7776,7737,7689,7625,7534,7434,7265,7037,6672,6033,4896,3492,2073,708
STAT,(NULL),LoopTime,88,216,216,0,0,0,0,0,0,0,0,0,0,0,0,0,0,0,0,0,0,0,0,0,0,0,0,0,0,0,0,0,0,0,0,0,0,0,0,0,0,0,0,0,0,0,0,0,0,0,0,0,0,0,0,0,0,0,0,0,0,0,0,0,0,0,0,0,0,0,0,0,0,0,0,0,0,0,0,0,0,0,0,0,0,0,0,0,0,0
STAT,(NULL),Threads,88,88,88,0,0,0,0,0,0,0,0,0,0,0,0,0,0,0,0,0,0,0,0,0,0,0,0,0,0,0,0,0,0,0,0,0,0,0,0,0,0,0,0,0,0,0,0,0,0,0,0,0,0,0,0,0,0,0,0,0,0,0,0,0,0,0,0,0,0,0,0,0,0,0,0,0,0,0,0,0,0,0,0,0,0,0,0,0,0,0
STAT,(NULL),Time,88,887,887,0,0,0,0,0,0,0,0,0,0,0,0,0,0,0,0,0,0,0,0,0,0,0,0,0,0,0,0,0,0,0,0,0,0,0,0,0,0,0,0,0,0,0,0,0,0,0,0,0,0,0,0,0,0,0,0,0,0,0,0,0,0,0,0,0,0,0,0,0,0,0,0,0,0,0,0,0,0,0,0,0,0,0,0,0,0,0
