Galois Benchmark Suite v2.2.1 (r0)
Copyright (C) 2014 The University of Texas at Austin
http://iss.ices.utexas.edu/galois/

application: Barnshut N-Body Simulator
Simulates gravitational forces in a galactic cluster using the Barnes-Hut n-body algorithm
http://iss.ices.utexas.edu/?p=projects/galois/benchmarks/barneshut

INFO: CommandLine ./barneshut -t 1 -n 30000 -steps 20 -seed 0
INFO: Hostname broady
Barnes-Hut configuration: dtime: 0.5 eps: 0.05 tol: 0.05
30000 bodies, 20 time steps
Tree Size: 130641
MSE (sampled) 0.000108093
Timestep 0 Center of Mass = (-7.281824e-04,-9.780402e-03,-6.097917e-03)
Tree Size: 129216
MSE (sampled) 0.000138606
Timestep 1 Center of Mass = (-9.639971e-03,-1.607202e-02,+3.947364e-03)
Tree Size: 124450
MSE (sampled) 0.00107742
Timestep 2 Center of Mass = (-1.866249e-02,-2.187434e-02,+1.261446e-02)
Tree Size: 120248
MSE (sampled) 0.00159414
Timestep 3 Center of Mass = (-2.781038e-02,-2.740924e-02,+2.086046e-02)
Tree Size: 117023
MSE (sampled) 0.0963148
Timestep 4 Center of Mass = (-3.696452e-02,-3.289764e-02,+2.897261e-02)
Tree Size: 113948
MSE (sampled) 0.00802973
Timestep 5 Center of Mass = (-4.616861e-02,-3.836511e-02,+3.706678e-02)
Tree Size: 110553
MSE (sampled) 0.0279166
Timestep 6 Center of Mass = (-5.537275e-02,-4.385740e-02,+4.511730e-02)
Tree Size: 109239
MSE (sampled) 0.0232301
Timestep 7 Center of Mass = (-6.459410e-02,-4.935175e-02,+5.316484e-02)
Tree Size: 107347
MSE (sampled) 0.154886
Timestep 8 Center of Mass = (-7.381885e-02,-5.485767e-02,+6.121347e-02)
Tree Size: 107576
MSE (sampled) 0.0823205
Timestep 9 Center of Mass = (-8.303558e-02,-6.036560e-02,+6.925718e-02)
Tree Size: 107044
MSE (sampled) 0.101148
Timestep 10 Center of Mass = (-9.224588e-02,-6.587095e-02,+7.728995e-02)
Tree Size: 106629
MSE (sampled) 0.0717561
Timestep 11 Center of Mass = (-1.014534e-01,-7.137874e-02,+8.531639e-02)
Tree Size: 106930
MSE (sampled) 0.240443
Timestep 12 Center of Mass = (-1.106581e-01,-7.689270e-02,+9.334493e-02)
Tree Size: 107176
MSE (sampled) 0.232152
Timestep 13 Center of Mass = (-1.198601e-01,-8.241152e-02,+1.013721e-01)
Tree Size: 106858
MSE (sampled) 0.280669
Timestep 14 Center of Mass = (-1.290616e-01,-8.793427e-02,+1.093966e-01)
Tree Size: 106667
MSE (sampled) 0.515006
Timestep 15 Center of Mass = (-1.382644e-01,-9.346144e-02,+1.174194e-01)
Tree Size: 106955
MSE (sampled) 0.425325
Timestep 16 Center of Mass = (-1.474701e-01,-9.899291e-02,+1.254419e-01)
Tree Size: 107071
MSE (sampled) 0.340443
Timestep 17 Center of Mass = (-1.566775e-01,-1.045283e-01,+1.334648e-01)
Tree Size: 107583
MSE (sampled) 0.321544
Timestep 18 Center of Mass = (-1.658873e-01,-1.100682e-01,+1.414876e-01)
Tree Size: 107262
MSE (sampled) 0.214686
Timestep 19 Center of Mass = (-1.751006e-01,-1.156122e-01,+1.495107e-01)
STATTYPE,LOOP,CATEGORY,n,sum,T0
STAT,(NULL),BuildTime,1,648,648
STAT,(NULL),ComputeTime,1,37551,37551
STAT,(NULL),LoopTime,1,4,4
STAT,(NULL),Threads,1,1,1
STAT,(NULL),Time,1,39637,39637
STAT,BuildTree,LoopTime,1,648,648
STAT,compute,Conflicts,1,0,0
STAT,compute,Iterations,1,600000,600000
STAT,compute,LoopTime,1,37551,37551
STAT,map_reduce,LoopTime,1,1260,1260
Galois Benchmark Suite v2.2.1 (r0)
Copyright (C) 2014 The University of Texas at Austin
http://iss.ices.utexas.edu/galois/

application: Barnshut N-Body Simulator
Simulates gravitational forces in a galactic cluster using the Barnes-Hut n-body algorithm
http://iss.ices.utexas.edu/?p=projects/galois/benchmarks/barneshut

INFO: CommandLine ./barneshut -t 1 -n 30000 -steps 25 -seed 0
INFO: Hostname broady
Barnes-Hut configuration: dtime: 0.5 eps: 0.05 tol: 0.05
30000 bodies, 25 time steps
Tree Size: 130641
MSE (sampled) 0.000108093
Timestep 0 Center of Mass = (-7.281824e-04,-9.780402e-03,-6.097917e-03)
Tree Size: 129216
MSE (sampled) 0.000138606
Timestep 1 Center of Mass = (-9.639971e-03,-1.607202e-02,+3.947364e-03)
Tree Size: 124450
MSE (sampled) 0.00107742
Timestep 2 Center of Mass = (-1.866249e-02,-2.187434e-02,+1.261446e-02)
Tree Size: 120248
MSE (sampled) 0.00159414
Timestep 3 Center of Mass = (-2.781038e-02,-2.740924e-02,+2.086046e-02)
Tree Size: 117023
MSE (sampled) 0.0963148
Timestep 4 Center of Mass = (-3.696452e-02,-3.289764e-02,+2.897261e-02)
Tree Size: 113948
MSE (sampled) 0.00802973
Timestep 5 Center of Mass = (-4.616861e-02,-3.836511e-02,+3.706678e-02)
Tree Size: 110553
MSE (sampled) 0.0279166
Timestep 6 Center of Mass = (-5.537275e-02,-4.385740e-02,+4.511730e-02)
Tree Size: 109239
MSE (sampled) 0.0232301
Timestep 7 Center of Mass = (-6.459410e-02,-4.935175e-02,+5.316484e-02)
Tree Size: 107347
MSE (sampled) 0.154886
Timestep 8 Center of Mass = (-7.381885e-02,-5.485767e-02,+6.121347e-02)
Tree Size: 107576
MSE (sampled) 0.0823205
Timestep 9 Center of Mass = (-8.303558e-02,-6.036560e-02,+6.925718e-02)
Tree Size: 107044
MSE (sampled) 0.101148
Timestep 10 Center of Mass = (-9.224588e-02,-6.587095e-02,+7.728995e-02)
Tree Size: 106629
MSE (sampled) 0.0717561
Timestep 11 Center of Mass = (-1.014534e-01,-7.137874e-02,+8.531639e-02)
Tree Size: 106930
MSE (sampled) 0.240443
Timestep 12 Center of Mass = (-1.106581e-01,-7.689270e-02,+9.334493e-02)
Tree Size: 107176
MSE (sampled) 0.232152
Timestep 13 Center of Mass = (-1.198601e-01,-8.241152e-02,+1.013721e-01)
Tree Size: 106858
MSE (sampled) 0.280669
Timestep 14 Center of Mass = (-1.290616e-01,-8.793427e-02,+1.093966e-01)
Tree Size: 106667
MSE (sampled) 0.515006
Timestep 15 Center of Mass = (-1.382644e-01,-9.346144e-02,+1.174194e-01)
Tree Size: 106955
MSE (sampled) 0.425325
Timestep 16 Center of Mass = (-1.474701e-01,-9.899291e-02,+1.254419e-01)
Tree Size: 107071
MSE (sampled) 0.340443
Timestep 17 Center of Mass = (-1.566775e-01,-1.045283e-01,+1.334648e-01)
Tree Size: 107583
MSE (sampled) 0.321544
Timestep 18 Center of Mass = (-1.658873e-01,-1.100682e-01,+1.414876e-01)
Tree Size: 107262
MSE (sampled) 0.214686
Timestep 19 Center of Mass = (-1.751006e-01,-1.156122e-01,+1.495107e-01)
Tree Size: 107217
MSE (sampled) 0.294819
Timestep 20 Center of Mass = (-1.843182e-01,-1.211619e-01,+1.575349e-01)
Tree Size: 107243
MSE (sampled) 0.402747
Timestep 21 Center of Mass = (-1.935405e-01,-1.267166e-01,+1.655604e-01)
Tree Size: 107925
MSE (sampled) 0.485429
Timestep 22 Center of Mass = (-2.027661e-01,-1.322759e-01,+1.735864e-01)
Tree Size: 107744
MSE (sampled) 0.790913
Timestep 23 Center of Mass = (-2.119952e-01,-1.378395e-01,+1.816132e-01)
Tree Size: 107310
MSE (sampled) 0.781877
Timestep 24 Center of Mass = (-2.212275e-01,-1.434083e-01,+1.896405e-01)
STATTYPE,LOOP,CATEGORY,n,sum,T0
STAT,(NULL),BuildTime,1,798,798
STAT,(NULL),ComputeTime,1,50220,50220
STAT,(NULL),LoopTime,1,4,4
STAT,(NULL),Threads,1,1,1
STAT,(NULL),Time,1,52816,52816
STAT,BuildTree,LoopTime,1,798,798
STAT,compute,Conflicts,1,0,0
STAT,compute,Iterations,1,750000,750000
STAT,compute,LoopTime,1,50220,50220
STAT,map_reduce,LoopTime,1,1575,1575
Galois Benchmark Suite v2.2.1 (r0)
Copyright (C) 2014 The University of Texas at Austin
http://iss.ices.utexas.edu/galois/

application: Barnshut N-Body Simulator
Simulates gravitational forces in a galactic cluster using the Barnes-Hut n-body algorithm
http://iss.ices.utexas.edu/?p=projects/galois/benchmarks/barneshut

INFO: CommandLine ./barneshut -t 2 -n 30000 -steps 20 -seed 0
INFO: Hostname broady
Barnes-Hut configuration: dtime: 0.5 eps: 0.05 tol: 0.05
30000 bodies, 20 time steps
Tree Size: 130755
MSE (sampled) 0.000108059
Timestep 0 Center of Mass = (-7.281824e-04,-9.780402e-03,-6.097917e-03)
Tree Size: 128695
MSE (sampled) 0.000141766
Timestep 1 Center of Mass = (+1.158412e-03,-7.713782e-03,-1.062330e-03)
Tree Size: 125674
MSE (sampled) 0.00102719
Timestep 2 Center of Mass = (+4.424555e-03,-4.629250e-03,+3.578706e-03)
Tree Size: 121185
MSE (sampled) 0.00250267
Timestep 3 Center of Mass = (+8.112879e-03,-1.258412e-03,+7.849547e-03)
Tree Size: 119062
MSE (sampled) 0.0295058
Timestep 4 Center of Mass = (+1.191630e-02,+2.157629e-03,+1.211538e-02)
Tree Size: 115827
MSE (sampled) 0.0196515
Timestep 5 Center of Mass = (+1.572473e-02,+5.546789e-03,+1.636597e-02)
Tree Size: 112464
MSE (sampled) 0.0357626
Timestep 6 Center of Mass = (+1.952320e-02,+8.967734e-03,+2.062276e-02)
Tree Size: 109189
MSE (sampled) 0.0297139
Timestep 7 Center of Mass = (+2.330354e-02,+1.240007e-02,+2.489913e-02)
Tree Size: 107720
MSE (sampled) 0.0331753
Timestep 8 Center of Mass = (+2.707721e-02,+1.582333e-02,+2.919118e-02)
Tree Size: 106737
MSE (sampled) 0.19891
Timestep 9 Center of Mass = (+3.084162e-02,+1.924949e-02,+3.349401e-02)
Tree Size: 106494
MSE (sampled) 0.0811723
Timestep 10 Center of Mass = (+3.461449e-02,+2.267412e-02,+3.781104e-02)
Tree Size: 105038
MSE (sampled) 0.131947
Timestep 11 Center of Mass = (+3.838965e-02,+2.608881e-02,+4.213306e-02)
Tree Size: 103495
MSE (sampled) 0.226031
Timestep 12 Center of Mass = (+4.215698e-02,+2.950602e-02,+4.645722e-02)
Tree Size: 101591
MSE (sampled) 0.0513688
Timestep 13 Center of Mass = (+4.592568e-02,+3.292328e-02,+5.077876e-02)
Tree Size: 102271
MSE (sampled) 0.0720211
Timestep 14 Center of Mass = (+4.969700e-02,+3.633707e-02,+5.509692e-02)
Tree Size: 101970
MSE (sampled) 0.113833
Timestep 15 Center of Mass = (+5.347192e-02,+3.975246e-02,+5.941132e-02)
Tree Size: 102012
MSE (sampled) 0.154702
Timestep 16 Center of Mass = (+5.725005e-02,+4.316909e-02,+6.372158e-02)
Tree Size: 102215
MSE (sampled) 0.265015
Timestep 17 Center of Mass = (+6.103011e-02,+4.658882e-02,+6.802990e-02)
Tree Size: 102223
MSE (sampled) 0.595046
Timestep 18 Center of Mass = (+6.481052e-02,+5.000863e-02,+7.233770e-02)
Tree Size: 102421
MSE (sampled) 0.598972
Timestep 19 Center of Mass = (+6.859018e-02,+5.342922e-02,+7.664611e-02)
STATTYPE,LOOP,CATEGORY,n,sum,T0,T1
STAT,(NULL),BuildTime,2,333,333,0
STAT,(NULL),ComputeTime,2,14024,14024,0
STAT,(NULL),LoopTime,2,5,5,0
STAT,(NULL),Threads,2,2,2,0
STAT,(NULL),Time,2,15178,15178,0
STAT,BuildTree,LoopTime,2,333,333,0
STAT,compute,Conflicts,2,0,0,0
STAT,compute,Iterations,2,600000,299189,300811
STAT,compute,LoopTime,2,14024,14024,0
STAT,map_reduce,LoopTime,2,621,621,0
Galois Benchmark Suite v2.2.1 (r0)
Copyright (C) 2014 The University of Texas at Austin
http://iss.ices.utexas.edu/galois/

application: Barnshut N-Body Simulator
Simulates gravitational forces in a galactic cluster using the Barnes-Hut n-body algorithm
http://iss.ices.utexas.edu/?p=projects/galois/benchmarks/barneshut

INFO: CommandLine ./barneshut -t 2 -n 30000 -steps 25 -seed 0
INFO: Hostname broady
Barnes-Hut configuration: dtime: 0.5 eps: 0.05 tol: 0.05
30000 bodies, 25 time steps
Tree Size: 130755
MSE (sampled) 0.000108059
Timestep 0 Center of Mass = (-7.281824e-04,-9.780402e-03,-6.097917e-03)
Tree Size: 128684
MSE (sampled) 0.000141766
Timestep 1 Center of Mass = (+1.158412e-03,-7.713782e-03,-1.062330e-03)
Tree Size: 125682
MSE (sampled) 0.00102719
Timestep 2 Center of Mass = (+4.424555e-03,-4.629250e-03,+3.578706e-03)
Tree Size: 121184
MSE (sampled) 0.00250267
Timestep 3 Center of Mass = (+8.112879e-03,-1.258412e-03,+7.849547e-03)
Tree Size: 119062
MSE (sampled) 0.0295058
Timestep 4 Center of Mass = (+1.191630e-02,+2.157629e-03,+1.211538e-02)
Tree Size: 115820
MSE (sampled) 0.0196515
Timestep 5 Center of Mass = (+1.572473e-02,+5.546789e-03,+1.636597e-02)
Tree Size: 112463
MSE (sampled) 0.0245078
Timestep 6 Center of Mass = (+1.952320e-02,+8.967734e-03,+2.062276e-02)
Tree Size: 109209
MSE (sampled) 0.0299834
Timestep 7 Center of Mass = (+2.330452e-02,+1.240032e-02,+2.489987e-02)
Tree Size: 107698
MSE (sampled) 0.0331822
Timestep 8 Center of Mass = (+2.707913e-02,+1.582387e-02,+2.919267e-02)
Tree Size: 106725
MSE (sampled) 0.198846
Timestep 9 Center of Mass = (+3.084451e-02,+1.925025e-02,+3.349616e-02)
Tree Size: 106483
MSE (sampled) 0.0811632
Timestep 10 Center of Mass = (+3.461834e-02,+2.267507e-02,+3.781385e-02)
Tree Size: 105026
MSE (sampled) 0.132111
Timestep 11 Center of Mass = (+3.839473e-02,+2.609024e-02,+4.213713e-02)
Tree Size: 103487
MSE (sampled) 0.226256
Timestep 12 Center of Mass = (+4.216325e-02,+2.950794e-02,+4.646253e-02)
Tree Size: 101588
MSE (sampled) 0.0513668
Timestep 13 Center of Mass = (+4.593306e-02,+3.292532e-02,+5.078541e-02)
Tree Size: 102278
MSE (sampled) 0.0722711
Timestep 14 Center of Mass = (+4.970553e-02,+3.633933e-02,+5.510487e-02)
Tree Size: 101969
MSE (sampled) 0.113863
Timestep 15 Center of Mass = (+5.348154e-02,+3.975523e-02,+5.942073e-02)
Tree Size: 102019
MSE (sampled) 0.154826
Timestep 16 Center of Mass = (+5.726066e-02,+4.317240e-02,+6.373253e-02)
Tree Size: 102186
MSE (sampled) 0.26481
Timestep 17 Center of Mass = (+6.104175e-02,+4.659279e-02,+6.804235e-02)
Tree Size: 102194
MSE (sampled) 0.595763
Timestep 18 Center of Mass = (+6.482305e-02,+5.001354e-02,+7.235169e-02)
Tree Size: 102418
MSE (sampled) 0.609551
Timestep 19 Center of Mass = (+6.860338e-02,+5.343505e-02,+7.666159e-02)
Tree Size: 102678
MSE (sampled) 0.501131
Timestep 20 Center of Mass = (+7.238366e-02,+5.685671e-02,+8.097334e-02)
Tree Size: 102396
MSE (sampled) 0.229356
Timestep 21 Center of Mass = (+7.616420e-02,+6.027841e-02,+8.528797e-02)
Tree Size: 102311
MSE (sampled) 0.410564
Timestep 22 Center of Mass = (+7.994579e-02,+6.370045e-02,+8.960480e-02)
Tree Size: 102481
MSE (sampled) 0.360328
Timestep 23 Center of Mass = (+8.372838e-02,+6.712255e-02,+9.392283e-02)
Tree Size: 102078
MSE (sampled) 0.402366
Timestep 24 Center of Mass = (+8.751126e-02,+7.054555e-02,+9.824230e-02)
STATTYPE,LOOP,CATEGORY,n,sum,T0,T1
STAT,(NULL),BuildTime,2,409,409,0
STAT,(NULL),ComputeTime,2,18281,18281,0
STAT,(NULL),LoopTime,2,5,5,0
STAT,(NULL),Threads,2,2,2,0
STAT,(NULL),Time,2,19717,19717,0
STAT,BuildTree,LoopTime,2,409,409,0
STAT,compute,Conflicts,2,0,0,0
STAT,compute,Iterations,2,750000,377171,372829
STAT,compute,LoopTime,2,18281,18281,0
STAT,map_reduce,LoopTime,2,777,777,0
Galois Benchmark Suite v2.2.1 (r0)
Copyright (C) 2014 The University of Texas at Austin
http://iss.ices.utexas.edu/galois/

application: Barnshut N-Body Simulator
Simulates gravitational forces in a galactic cluster using the Barnes-Hut n-body algorithm
http://iss.ices.utexas.edu/?p=projects/galois/benchmarks/barneshut

INFO: CommandLine ./barneshut -t 4 -n 30000 -steps 20 -seed 0
INFO: Hostname broady
Barnes-Hut configuration: dtime: 0.5 eps: 0.05 tol: 0.05
30000 bodies, 20 time steps
Tree Size: 130906
MSE (sampled) 0.000105371
Timestep 0 Center of Mass = (-7.281824e-04,-9.780402e-03,-6.097917e-03)
Tree Size: 128903
MSE (sampled) 0.000136906
Timestep 1 Center of Mass = (+1.266954e-03,-7.553519e-03,-1.125906e-03)
Tree Size: 126130
MSE (sampled) 0.00102602
Timestep 2 Center of Mass = (+4.341457e-03,-3.859572e-03,+3.073163e-03)
Tree Size: 121905
MSE (sampled) 0.00246273
Timestep 3 Center of Mass = (+7.737058e-03,+2.259338e-04,+6.727804e-03)
Tree Size: 119067
MSE (sampled) 0.0471636
Timestep 4 Center of Mass = (+1.119381e-02,+4.320635e-03,+1.023059e-02)
Tree Size: 115515
MSE (sampled) 0.0191344
Timestep 5 Center of Mass = (+1.461938e-02,+8.390417e-03,+1.366587e-02)
Tree Size: 112099
MSE (sampled) 0.0456962
Timestep 6 Center of Mass = (+1.803062e-02,+1.246368e-02,+1.709067e-02)
Tree Size: 108766
MSE (sampled) 0.0240382
Timestep 7 Center of Mass = (+2.143856e-02,+1.653183e-02,+2.052714e-02)
Tree Size: 107846
MSE (sampled) 0.0287723
Timestep 8 Center of Mass = (+2.483134e-02,+2.058856e-02,+2.397525e-02)
Tree Size: 106591
MSE (sampled) 0.0342169
Timestep 9 Center of Mass = (+2.822587e-02,+2.464346e-02,+2.743457e-02)
Tree Size: 106400
MSE (sampled) 0.0630834
Timestep 10 Center of Mass = (+3.161551e-02,+2.869430e-02,+3.089972e-02)
Tree Size: 106030
MSE (sampled) 0.327505
Timestep 11 Center of Mass = (+3.501150e-02,+3.275324e-02,+3.436789e-02)
Tree Size: 105420
MSE (sampled) 0.158227
Timestep 12 Center of Mass = (+3.840034e-02,+3.680965e-02,+3.783527e-02)
Tree Size: 105437
MSE (sampled) 0.155205
Timestep 13 Center of Mass = (+4.178892e-02,+4.086771e-02,+4.129722e-02)
Tree Size: 106017
MSE (sampled) 0.21949
Timestep 14 Center of Mass = (+4.517268e-02,+4.492931e-02,+4.475914e-02)
Tree Size: 105513
MSE (sampled) 0.264947
Timestep 15 Center of Mass = (+4.855460e-02,+4.899183e-02,+4.822121e-02)
Tree Size: 105760
MSE (sampled) 0.40132
Timestep 16 Center of Mass = (+5.193264e-02,+5.305671e-02,+5.168303e-02)
Tree Size: 105732
MSE (sampled) 1.35699
Timestep 17 Center of Mass = (+5.530959e-02,+5.712250e-02,+5.514475e-02)
Tree Size: 105652
MSE (sampled) 0.447936
Timestep 18 Center of Mass = (+5.868654e-02,+6.119074e-02,+5.860731e-02)
Tree Size: 105942
MSE (sampled) 0.694889
Timestep 19 Center of Mass = (+6.206370e-02,+6.525926e-02,+6.207169e-02)
STATTYPE,LOOP,CATEGORY,n,sum,T0,T1,T2,T3
STAT,(NULL),BuildTime,4,181,181,0,0,0
STAT,(NULL),ComputeTime,4,6488,6488,0,0,0
STAT,(NULL),LoopTime,4,9,9,0,0,0
STAT,(NULL),Threads,4,4,4,0,0,0
STAT,(NULL),Time,4,7180,7180,0,0,0
STAT,BuildTree,LoopTime,4,181,181,0,0,0
STAT,compute,Conflicts,4,0,0,0,0,0
STAT,compute,Iterations,4,600000,149828,148686,150309,151177
STAT,compute,LoopTime,4,6488,6488,0,0,0
STAT,map_reduce,LoopTime,4,320,320,0,0,0
Galois Benchmark Suite v2.2.1 (r0)
Copyright (C) 2014 The University of Texas at Austin
http://iss.ices.utexas.edu/galois/

application: Barnshut N-Body Simulator
Simulates gravitational forces in a galactic cluster using the Barnes-Hut n-body algorithm
http://iss.ices.utexas.edu/?p=projects/galois/benchmarks/barneshut

INFO: CommandLine ./barneshut -t 4 -n 30000 -steps 25 -seed 0
INFO: Hostname broady
Barnes-Hut configuration: dtime: 0.5 eps: 0.05 tol: 0.05
30000 bodies, 25 time steps
Tree Size: 130871
MSE (sampled) 0.0001081
Timestep 0 Center of Mass = (-7.281824e-04,-9.780402e-03,-6.097917e-03)
Tree Size: 128508
MSE (sampled) 0.000142031
Timestep 1 Center of Mass = (-2.649708e-03,-6.207728e-03,-3.266036e-03)
Tree Size: 126463
MSE (sampled) 0.00102009
Timestep 2 Center of Mass = (-3.668530e-03,-4.496870e-04,-1.030593e-03)
Tree Size: 121279
MSE (sampled) 0.00343831
Timestep 3 Center of Mass = (-4.276258e-03,+5.642163e-03,+6.900061e-04)
Tree Size: 119371
MSE (sampled) 0.0339309
Timestep 4 Center of Mass = (-4.872389e-03,+1.177307e-02,+2.224474e-03)
Tree Size: 115664
MSE (sampled) 0.0200056
Timestep 5 Center of Mass = (-5.447913e-03,+1.791579e-02,+3.681512e-03)
Tree Size: 112617
MSE (sampled) 0.0278398
Timestep 6 Center of Mass = (-6.038272e-03,+2.406001e-02,+5.099949e-03)
Tree Size: 109931
MSE (sampled) 0.0239238
Timestep 7 Center of Mass = (-6.640083e-03,+3.020198e-02,+6.517755e-03)
Tree Size: 108837
MSE (sampled) 0.0203928
Timestep 8 Center of Mass = (-7.225424e-03,+3.633160e-02,+7.926001e-03)
Tree Size: 107955
MSE (sampled) 0.0481879
Timestep 9 Center of Mass = (-7.805599e-03,+4.247140e-02,+9.344272e-03)
Tree Size: 106503
MSE (sampled) 1.32607
Timestep 10 Center of Mass = (-8.385401e-03,+4.860522e-02,+1.076101e-02)
Tree Size: 106535
MSE (sampled) 0.100043
Timestep 11 Center of Mass = (-8.963162e-03,+5.474297e-02,+1.219173e-02)
Tree Size: 106247
MSE (sampled) 0.113705
Timestep 12 Center of Mass = (-9.544691e-03,+6.088243e-02,+1.361911e-02)
Tree Size: 106180
MSE (sampled) 0.197551
Timestep 13 Center of Mass = (-1.013107e-02,+6.702747e-02,+1.504164e-02)
Tree Size: 105942
MSE (sampled) 0.44487
Timestep 14 Center of Mass = (-1.072203e-02,+7.317451e-02,+1.646700e-02)
Tree Size: 105843
MSE (sampled) 0.909422
Timestep 15 Center of Mass = (-1.131720e-02,+7.931928e-02,+1.789737e-02)
Tree Size: 106481
MSE (sampled) 0.651405
Timestep 16 Center of Mass = (-1.191689e-02,+8.546231e-02,+1.932964e-02)
Tree Size: 106142
MSE (sampled) 0.455126
Timestep 17 Center of Mass = (-1.252221e-02,+9.160424e-02,+2.076540e-02)
Tree Size: 106201
MSE (sampled) 0.940286
Timestep 18 Center of Mass = (-1.313028e-02,+9.774782e-02,+2.220390e-02)
Tree Size: 106129
MSE (sampled) 0.139882
Timestep 19 Center of Mass = (-1.374266e-02,+1.038929e-01,+2.364426e-02)
Tree Size: 105983
MSE (sampled) 0.306303
Timestep 20 Center of Mass = (-1.435672e-02,+1.100402e-01,+2.508475e-02)
Tree Size: 105959
MSE (sampled) 0.368042
Timestep 21 Center of Mass = (-1.497515e-02,+1.161910e-01,+2.652262e-02)
Tree Size: 106043
MSE (sampled) 1.70169
Timestep 22 Center of Mass = (-1.559797e-02,+1.223446e-01,+2.795930e-02)
Tree Size: 105874
MSE (sampled) 7.22523
Timestep 23 Center of Mass = (-1.622559e-02,+1.285015e-01,+2.939379e-02)
Tree Size: 106271
MSE (sampled) 15.5765
Timestep 24 Center of Mass = (-1.685719e-02,+1.346603e-01,+3.082586e-02)
STATTYPE,LOOP,CATEGORY,n,sum,T0,T1,T2,T3
STAT,(NULL),BuildTime,4,220,220,0,0,0
STAT,(NULL),ComputeTime,4,8625,8625,0,0,0
STAT,(NULL),LoopTime,4,9,9,0,0,0
STAT,(NULL),Threads,4,4,4,0,0,0
STAT,(NULL),Time,4,9479,9479,0,0,0
STAT,BuildTree,LoopTime,4,220,220,0,0,0
STAT,compute,Conflicts,4,0,0,0,0,0
STAT,compute,Iterations,4,750000,187133,184353,188034,190480
STAT,compute,LoopTime,4,8624,8624,0,0,0
STAT,map_reduce,LoopTime,4,376,376,0,0,0
Galois Benchmark Suite v2.2.1 (r0)
Copyright (C) 2014 The University of Texas at Austin
http://iss.ices.utexas.edu/galois/

application: Barnshut N-Body Simulator
Simulates gravitational forces in a galactic cluster using the Barnes-Hut n-body algorithm
http://iss.ices.utexas.edu/?p=projects/galois/benchmarks/barneshut

INFO: CommandLine ./barneshut -t 8 -n 30000 -steps 20 -seed 0
INFO: Hostname broady
Barnes-Hut configuration: dtime: 0.5 eps: 0.05 tol: 0.05
30000 bodies, 20 time steps
Tree Size: 130826
MSE (sampled) 0.000109915
Timestep 0 Center of Mass = (-7.281824e-04,-9.780402e-03,-6.097917e-03)
Tree Size: 128838
MSE (sampled) 0.000141152
Timestep 1 Center of Mass = (-2.497928e-03,-7.701452e-03,-4.376875e-03)
Tree Size: 127736
MSE (sampled) 0.00100271
Timestep 2 Center of Mass = (-4.044863e-03,-4.840832e-03,-3.080014e-03)
Tree Size: 121881
MSE (sampled) 0.00245022
Timestep 3 Center of Mass = (-5.530710e-03,-1.821420e-03,-2.328185e-03)
Tree Size: 118391
MSE (sampled) 0.0251898
Timestep 4 Center of Mass = (-7.088179e-03,+1.219262e-03,-1.714630e-03)
Tree Size: 116231
MSE (sampled) 0.0193851
Timestep 5 Center of Mass = (-8.593982e-03,+4.287685e-03,-1.181462e-03)
Tree Size: 112550
MSE (sampled) 0.0238148
Timestep 6 Center of Mass = (-1.007750e-02,+7.360297e-03,-6.863496e-04)
Tree Size: 109796
MSE (sampled) 0.0173295
Timestep 7 Center of Mass = (-1.157155e-02,+1.041969e-02,-1.821670e-04)
Tree Size: 107844
MSE (sampled) 0.0312983
Timestep 8 Center of Mass = (-1.307612e-02,+1.347270e-02,+3.289692e-04)
Tree Size: 106848
MSE (sampled) 0.10297
Timestep 9 Center of Mass = (-1.458681e-02,+1.651526e-02,+8.424123e-04)
Tree Size: 106275
MSE (sampled) 0.136025
Timestep 10 Center of Mass = (-1.609750e-02,+1.955663e-02,+1.357573e-03)
Tree Size: 105048
MSE (sampled) 0.263652
Timestep 11 Center of Mass = (-1.760368e-02,+2.259909e-02,+1.868132e-03)
Tree Size: 105682
MSE (sampled) 0.322294
Timestep 12 Center of Mass = (-1.911728e-02,+2.564143e-02,+2.376967e-03)
Tree Size: 105232
MSE (sampled) 0.189985
Timestep 13 Center of Mass = (-2.063057e-02,+2.867904e-02,+2.885873e-03)
Tree Size: 105346
MSE (sampled) 0.173007
Timestep 14 Center of Mass = (-2.214468e-02,+3.171861e-02,+3.390518e-03)
Tree Size: 105308
MSE (sampled) 0.525659
Timestep 15 Center of Mass = (-2.366187e-02,+3.476085e-02,+3.890829e-03)
Tree Size: 104954
MSE (sampled) 0.261834
Timestep 16 Center of Mass = (-2.518030e-02,+3.780488e-02,+4.393762e-03)
Tree Size: 105320
MSE (sampled) 0.151702
Timestep 17 Center of Mass = (-2.670007e-02,+4.085088e-02,+4.900252e-03)
Tree Size: 105267
MSE (sampled) 0.207599
Timestep 18 Center of Mass = (-2.822232e-02,+4.389659e-02,+5.409155e-03)
Tree Size: 105194
MSE (sampled) 0.335829
Timestep 19 Center of Mass = (-2.974848e-02,+4.694376e-02,+5.919422e-03)
STATTYPE,LOOP,CATEGORY,n,sum,T0,T1,T2,T3,T4,T5,T6,T7
STAT,(NULL),BuildTime,8,98,98,0,0,0,0,0,0,0
STAT,(NULL),ComputeTime,8,3356,3356,0,0,0,0,0,0,0
STAT,(NULL),LoopTime,8,18,18,0,0,0,0,0,0,0
STAT,(NULL),Threads,8,8,8,0,0,0,0,0,0,0
STAT,(NULL),Time,8,3814,3814,0,0,0,0,0,0,0
STAT,BuildTree,LoopTime,8,98,98,0,0,0,0,0,0,0
STAT,compute,Conflicts,8,0,0,0,0,0,0,0,0,0
STAT,compute,Iterations,8,600000,75044,74241,74942,75950,75863,75970,74626,73364
STAT,compute,LoopTime,8,3356,3356,0,0,0,0,0,0,0
STAT,map_reduce,LoopTime,8,160,160,0,0,0,0,0,0,0
Galois Benchmark Suite v2.2.1 (r0)
Copyright (C) 2014 The University of Texas at Austin
http://iss.ices.utexas.edu/galois/

application: Barnshut N-Body Simulator
Simulates gravitational forces in a galactic cluster using the Barnes-Hut n-body algorithm
http://iss.ices.utexas.edu/?p=projects/galois/benchmarks/barneshut

INFO: CommandLine ./barneshut -t 8 -n 30000 -steps 25 -seed 0
INFO: Hostname broady
Barnes-Hut configuration: dtime: 0.5 eps: 0.05 tol: 0.05
30000 bodies, 25 time steps
Tree Size: 130793
MSE (sampled) 0.000108536
Timestep 0 Center of Mass = (-7.281824e-04,-9.780402e-03,-6.097917e-03)
Tree Size: 129217
MSE (sampled) 0.000129065
Timestep 1 Center of Mass = (-3.635224e-03,-7.870403e-03,-4.889479e-03)
Tree Size: 126353
MSE (sampled) 0.00126572
Timestep 2 Center of Mass = (-6.079004e-03,-5.288413e-03,-4.278944e-03)
Tree Size: 121136
MSE (sampled) 0.0032584
Timestep 3 Center of Mass = (-8.689944e-03,-2.575817e-03,-3.937493e-03)
Tree Size: 118979
MSE (sampled) 0.0157073
Timestep 4 Center of Mass = (-1.137379e-02,+1.979666e-04,-3.695229e-03)
Tree Size: 118095
MSE (sampled) 0.0196215
Timestep 5 Center of Mass = (-1.398619e-02,+2.957739e-03,-3.504353e-03)
Tree Size: 117560
MSE (sampled) 0.0305882
Timestep 6 Center of Mass = (-1.656619e-02,+5.698053e-03,-3.295421e-03)
Tree Size: 116348
MSE (sampled) 0.0626108
Timestep 7 Center of Mass = (-1.919199e-02,+8.437383e-03,-3.073769e-03)
Tree Size: 116169
MSE (sampled) 0.0309823
Timestep 8 Center of Mass = (-2.183693e-02,+1.117625e-02,-2.823454e-03)
Tree Size: 116304
MSE (sampled) 0.0313798
Timestep 9 Center of Mass = (-2.450601e-02,+1.392592e-02,-2.550035e-03)
Tree Size: 116773
MSE (sampled) 0.189362
Timestep 10 Center of Mass = (-2.718946e-02,+1.668122e-02,-2.260544e-03)
Tree Size: 116736
MSE (sampled) 0.281023
Timestep 11 Center of Mass = (-2.988903e-02,+1.944292e-02,-1.957049e-03)
Tree Size: 116897
MSE (sampled) 0.132414
Timestep 12 Center of Mass = (-3.260561e-02,+2.221008e-02,-1.644404e-03)
Tree Size: 116419
MSE (sampled) 0.385446
Timestep 13 Center of Mass = (-3.533639e-02,+2.498476e-02,-1.324778e-03)
Tree Size: 116221
MSE (sampled) 0.420634
Timestep 14 Center of Mass = (-3.807444e-02,+2.776707e-02,-9.980610e-04)
Tree Size: 115793
MSE (sampled) 0.612799
Timestep 15 Center of Mass = (-4.082196e-02,+3.055242e-02,-6.666467e-04)
Tree Size: 116391
MSE (sampled) 0.549196
Timestep 16 Center of Mass = (-4.357836e-02,+3.334362e-02,-3.311106e-04)
Tree Size: 116252
MSE (sampled) 0.728124
Timestep 17 Center of Mass = (-4.634145e-02,+3.613824e-02,+8.214748e-06)
Tree Size: 116354
MSE (sampled) 0.575965
Timestep 18 Center of Mass = (-4.910771e-02,+3.893560e-02,+3.526075e-04)
Tree Size: 116473
MSE (sampled) 0.743024
Timestep 19 Center of Mass = (-5.187753e-02,+4.173550e-02,+7.012308e-04)
Tree Size: 116601
MSE (sampled) 0.285935
Timestep 20 Center of Mass = (-5.465005e-02,+4.453659e-02,+1.053726e-03)
Tree Size: 116097
MSE (sampled) 0.334939
Timestep 21 Center of Mass = (-5.742515e-02,+4.733706e-02,+1.408061e-03)
Tree Size: 116083
MSE (sampled) 0.365463
Timestep 22 Center of Mass = (-6.020189e-02,+5.013726e-02,+1.763513e-03)
Tree Size: 115914
MSE (sampled) 0.437319
Timestep 23 Center of Mass = (-6.298080e-02,+5.293623e-02,+2.120989e-03)
Tree Size: 116377
MSE (sampled) 0.536853
Timestep 24 Center of Mass = (-6.576126e-02,+5.573504e-02,+2.479942e-03)
STATTYPE,LOOP,CATEGORY,n,sum,T0,T1,T2,T3,T4,T5,T6,T7
STAT,(NULL),BuildTime,8,135,135,0,0,0,0,0,0,0
STAT,(NULL),ComputeTime,8,3929,3929,0,0,0,0,0,0,0
STAT,(NULL),LoopTime,8,18,18,0,0,0,0,0,0,0
STAT,(NULL),Threads,8,8,8,0,0,0,0,0,0,0
STAT,(NULL),Time,8,4604,4604,0,0,0,0,0,0,0
STAT,BuildTree,LoopTime,8,135,135,0,0,0,0,0,0,0
STAT,compute,Conflicts,8,0,0,0,0,0,0,0,0,0
STAT,compute,Iterations,8,750000,90448,91015,93206,95526,98138,97045,93018,91604
STAT,compute,LoopTime,8,3928,3928,0,0,0,0,0,0,0
STAT,map_reduce,LoopTime,8,276,276,0,0,0,0,0,0,0
Galois Benchmark Suite v2.2.1 (r0)
Copyright (C) 2014 The University of Texas at Austin
http://iss.ices.utexas.edu/galois/

application: Barnshut N-Body Simulator
Simulates gravitational forces in a galactic cluster using the Barnes-Hut n-body algorithm
http://iss.ices.utexas.edu/?p=projects/galois/benchmarks/barneshut

INFO: CommandLine ./barneshut -t 16 -n 30000 -steps 20 -seed 0
INFO: Hostname broady
Barnes-Hut configuration: dtime: 0.5 eps: 0.05 tol: 0.05
30000 bodies, 20 time steps
Tree Size: 131197
MSE (sampled) 0.000108666
Timestep 0 Center of Mass = (-7.281824e-04,-9.780402e-03,-6.097917e-03)
Tree Size: 129270
MSE (sampled) 0.000141437
Timestep 1 Center of Mass = (-2.786709e-03,-6.606729e-03,-2.761514e-03)
Tree Size: 127385
MSE (sampled) 0.000999239
Timestep 2 Center of Mass = (-4.642247e-03,-2.107029e-03,+6.837591e-04)
Tree Size: 121892
MSE (sampled) 0.00103752
Timestep 3 Center of Mass = (-6.239947e-03,+3.021594e-03,+3.713554e-03)
Tree Size: 118494
MSE (sampled) 0.00646169
Timestep 4 Center of Mass = (-7.885408e-03,+8.226525e-03,+6.805070e-03)
Tree Size: 115873
MSE (sampled) 0.0207704
Timestep 5 Center of Mass = (-9.571185e-03,+1.345777e-02,+9.847679e-03)
Tree Size: 111836
MSE (sampled) 0.0337288
Timestep 6 Center of Mass = (-1.129466e-02,+1.868799e-02,+1.288420e-02)
Tree Size: 109540
MSE (sampled) 0.0307685
Timestep 7 Center of Mass = (-1.302150e-02,+2.391107e-02,+1.595537e-02)
Tree Size: 107622
MSE (sampled) 0.0445639
Timestep 8 Center of Mass = (-1.474674e-02,+2.912025e-02,+1.904114e-02)
Tree Size: 106369
MSE (sampled) 0.10487
Timestep 9 Center of Mass = (-1.647829e-02,+3.433844e-02,+2.212389e-02)
Tree Size: 106463
MSE (sampled) 0.0961536
Timestep 10 Center of Mass = (-1.820838e-02,+3.955796e-02,+2.522093e-02)
Tree Size: 104789
MSE (sampled) 0.118856
Timestep 11 Center of Mass = (-1.993603e-02,+4.477777e-02,+2.832579e-02)
Tree Size: 103403
MSE (sampled) 0.462527
Timestep 12 Center of Mass = (-2.167062e-02,+5.000000e-02,+3.143684e-02)
Tree Size: 102382
MSE (sampled) 0.540207
Timestep 13 Center of Mass = (-2.340691e-02,+5.522276e-02,+3.455093e-02)
Tree Size: 101941
MSE (sampled) 0.234105
Timestep 14 Center of Mass = (-2.514452e-02,+6.044582e-02,+3.766544e-02)
Tree Size: 101830
MSE (sampled) 0.178631
Timestep 15 Center of Mass = (-2.688053e-02,+6.566719e-02,+4.077716e-02)
Tree Size: 102098
MSE (sampled) 0.658544
Timestep 16 Center of Mass = (-2.861413e-02,+7.088987e-02,+4.388836e-02)
Tree Size: 102562
MSE (sampled) 0.777514
Timestep 17 Center of Mass = (-3.034787e-02,+7.611503e-02,+4.699758e-02)
Tree Size: 102679
MSE (sampled) 0.348994
Timestep 18 Center of Mass = (-3.208256e-02,+8.134098e-02,+5.010721e-02)
Tree Size: 102217
MSE (sampled) 0.211679
Timestep 19 Center of Mass = (-3.381807e-02,+8.656654e-02,+5.321770e-02)
STATTYPE,LOOP,CATEGORY,n,sum,T0,T1,T2,T3,T4,T5,T6,T7,T8,T9,T10,T11,T12,T13,T14,T15
STAT,(NULL),BuildTime,16,62,62,0,0,0,0,0,0,0,0,0,0,0,0,0,0,0
STAT,(NULL),ComputeTime,16,1880,1880,0,0,0,0,0,0,0,0,0,0,0,0,0,0,0
STAT,(NULL),LoopTime,16,37,37,0,0,0,0,0,0,0,0,0,0,0,0,0,0,0
STAT,(NULL),Threads,16,16,16,0,0,0,0,0,0,0,0,0,0,0,0,0,0,0
STAT,(NULL),Time,16,2218,2218,0,0,0,0,0,0,0,0,0,0,0,0,0,0,0
STAT,BuildTree,LoopTime,16,62,62,0,0,0,0,0,0,0,0,0,0,0,0,0,0,0
STAT,compute,Conflicts,16,0,0,0,0,0,0,0,0,0,0,0,0,0,0,0,0,0
STAT,compute,Iterations,16,600000,37717,37238,37252,38078,37244,38294,37087,37160,37823,37933,37803,37478,37990,38104,36405,36394
STAT,compute,LoopTime,16,1880,1880,0,0,0,0,0,0,0,0,0,0,0,0,0,0,0
STAT,map_reduce,LoopTime,16,80,80,0,0,0,0,0,0,0,0,0,0,0,0,0,0,0
Galois Benchmark Suite v2.2.1 (r0)
Copyright (C) 2014 The University of Texas at Austin
http://iss.ices.utexas.edu/galois/

application: Barnshut N-Body Simulator
Simulates gravitational forces in a galactic cluster using the Barnes-Hut n-body algorithm
http://iss.ices.utexas.edu/?p=projects/galois/benchmarks/barneshut

INFO: CommandLine ./barneshut -t 16 -n 30000 -steps 25 -seed 0
INFO: Hostname broady
Barnes-Hut configuration: dtime: 0.5 eps: 0.05 tol: 0.05
30000 bodies, 25 time steps
Tree Size: 131059
MSE (sampled) 0.000103588
Timestep 0 Center of Mass = (-7.281824e-04,-9.780402e-03,-6.097917e-03)
Tree Size: 129897
MSE (sampled) 0.000147225
Timestep 1 Center of Mass = (-4.349796e-03,-8.655842e-03,-5.658284e-03)
Tree Size: 126488
MSE (sampled) 0.00115646
Timestep 2 Center of Mass = (-7.876837e-03,-7.163441e-03,-5.363620e-03)
Tree Size: 120723
MSE (sampled) 0.00164814
Timestep 3 Center of Mass = (-1.149938e-02,-5.207443e-03,-5.471540e-03)
Tree Size: 118922
MSE (sampled) 0.0150432
Timestep 4 Center of Mass = (-1.509662e-02,-3.152576e-03,-5.579859e-03)
Tree Size: 117998
MSE (sampled) 0.0133027
Timestep 5 Center of Mass = (-1.867390e-02,-1.105161e-03,-5.730064e-03)
Tree Size: 117866
MSE (sampled) 0.041584
Timestep 6 Center of Mass = (-2.224039e-02,+9.384409e-04,-5.854755e-03)
Tree Size: 115992
MSE (sampled) 0.046697
Timestep 7 Center of Mass = (-2.581667e-02,+2.987716e-03,-5.937658e-03)
Tree Size: 116677
MSE (sampled) 0.0340371
Timestep 8 Center of Mass = (-2.940579e-02,+5.056004e-03,-5.986180e-03)
Tree Size: 116756
MSE (sampled) 0.0543551
Timestep 9 Center of Mass = (-3.299965e-02,+7.138505e-03,-6.012124e-03)
Tree Size: 116635
MSE (sampled) 0.11195
Timestep 10 Center of Mass = (-3.660714e-02,+9.237896e-03,-6.017604e-03)
Tree Size: 116468
MSE (sampled) 0.0955079
Timestep 11 Center of Mass = (-4.022942e-02,+1.134937e-02,-6.011720e-03)
Tree Size: 116571
MSE (sampled) 0.100159
Timestep 12 Center of Mass = (-4.386300e-02,+1.347369e-02,-5.997214e-03)
Tree Size: 116839
MSE (sampled) 0.456042
Timestep 13 Center of Mass = (-4.750598e-02,+1.560946e-02,-5.976342e-03)
Tree Size: 116403
MSE (sampled) 0.313995
Timestep 14 Center of Mass = (-5.115481e-02,+1.775509e-02,-5.949609e-03)
Tree Size: 116271
MSE (sampled) 0.934357
Timestep 15 Center of Mass = (-5.481370e-02,+1.990792e-02,-5.918904e-03)
Tree Size: 117175
MSE (sampled) 0.541548
Timestep 16 Center of Mass = (-5.847781e-02,+2.206786e-02,-5.886993e-03)
Tree Size: 116784
MSE (sampled) 0.343782
Timestep 17 Center of Mass = (-6.214399e-02,+2.423324e-02,-5.853127e-03)
Tree Size: 117235
MSE (sampled) 0.420319
Timestep 18 Center of Mass = (-6.581270e-02,+2.640173e-02,-5.814750e-03)
Tree Size: 117332
MSE (sampled) 0.337338
Timestep 19 Center of Mass = (-6.948252e-02,+2.857467e-02,-5.773812e-03)
Tree Size: 117040
MSE (sampled) 0.262266
Timestep 20 Center of Mass = (-7.315535e-02,+3.075085e-02,-5.730140e-03)
Tree Size: 117130
MSE (sampled) 0.542704
Timestep 21 Center of Mass = (-7.683095e-02,+3.292831e-02,-5.685271e-03)
Tree Size: 116699
MSE (sampled) 0.345281
Timestep 22 Center of Mass = (-8.050856e-02,+3.510667e-02,-5.638898e-03)
Tree Size: 116654
MSE (sampled) 0.376774
Timestep 23 Center of Mass = (-8.418776e-02,+3.728655e-02,-5.592122e-03)
Tree Size: 116469
MSE (sampled) 0.573206
Timestep 24 Center of Mass = (-8.786917e-02,+3.946737e-02,-5.544998e-03)
STATTYPE,LOOP,CATEGORY,n,sum,T0,T1,T2,T3,T4,T5,T6,T7,T8,T9,T10,T11,T12,T13,T14,T15
STAT,(NULL),BuildTime,16,70,70,0,0,0,0,0,0,0,0,0,0,0,0,0,0,0
STAT,(NULL),ComputeTime,16,2096,2096,0,0,0,0,0,0,0,0,0,0,0,0,0,0,0
STAT,(NULL),LoopTime,16,37,37,0,0,0,0,0,0,0,0,0,0,0,0,0,0,0
STAT,(NULL),Threads,16,16,16,0,0,0,0,0,0,0,0,0,0,0,0,0,0,0
STAT,(NULL),Time,16,2535,2535,0,0,0,0,0,0,0,0,0,0,0,0,0,0,0
STAT,BuildTree,LoopTime,16,70,70,0,0,0,0,0,0,0,0,0,0,0,0,0,0,0
STAT,compute,Conflicts,16,0,0,0,0,0,0,0,0,0,0,0,0,0,0,0,0,0
STAT,compute,Iterations,16,750000,43798,45233,46283,45550,46342,48364,47238,46967,49388,48450,48150,47956,46086,49062,46091,45042
STAT,compute,LoopTime,16,2096,2096,0,0,0,0,0,0,0,0,0,0,0,0,0,0,0
STAT,map_reduce,LoopTime,16,100,100,0,0,0,0,0,0,0,0,0,0,0,0,0,0,0
Galois Benchmark Suite v2.2.1 (r0)
Copyright (C) 2014 The University of Texas at Austin
http://iss.ices.utexas.edu/galois/

application: Barnshut N-Body Simulator
Simulates gravitational forces in a galactic cluster using the Barnes-Hut n-body algorithm
http://iss.ices.utexas.edu/?p=projects/galois/benchmarks/barneshut

INFO: CommandLine ./barneshut -t 24 -n 30000 -steps 20 -seed 0
INFO: Hostname broady
Barnes-Hut configuration: dtime: 0.5 eps: 0.05 tol: 0.05
30000 bodies, 20 time steps
Tree Size: 131355
MSE (sampled) 0.000109059
Timestep 0 Center of Mass = (-7.281824e-04,-9.780402e-03,-6.097917e-03)
Tree Size: 128358
MSE (sampled) 0.0001536
Timestep 1 Center of Mass = (-2.319510e-03,-7.528917e-03,-5.328785e-03)
Tree Size: 126740
MSE (sampled) 0.00116852
Timestep 2 Center of Mass = (-2.693526e-03,-3.220468e-03,-5.039210e-03)
Tree Size: 120808
MSE (sampled) 0.00315946
Timestep 3 Center of Mass = (-3.275620e-03,+1.386653e-03,-5.248521e-03)
Tree Size: 118479
MSE (sampled) 0.0394476
Timestep 4 Center of Mass = (-3.829514e-03,+5.994150e-03,-5.590388e-03)
Tree Size: 115908
MSE (sampled) 0.0268637
Timestep 5 Center of Mass = (-4.406061e-03,+1.062163e-02,-5.979588e-03)
Tree Size: 115888
MSE (sampled) 0.0171567
Timestep 6 Center of Mass = (-4.949864e-03,+1.522820e-02,-6.379493e-03)
Tree Size: 115068
MSE (sampled) 0.0385472
Timestep 7 Center of Mass = (-5.487051e-03,+1.983491e-02,-6.746818e-03)
Tree Size: 115166
MSE (sampled) 0.0314959
Timestep 8 Center of Mass = (-6.017428e-03,+2.445187e-02,-7.107137e-03)
Tree Size: 115137
MSE (sampled) 0.0672526
Timestep 9 Center of Mass = (-6.550837e-03,+2.907204e-02,-7.478359e-03)
Tree Size: 115503
MSE (sampled) 0.12012
Timestep 10 Center of Mass = (-7.093138e-03,+3.368561e-02,-7.851164e-03)
Tree Size: 115148
MSE (sampled) 0.160264
Timestep 11 Center of Mass = (-7.639280e-03,+3.829132e-02,-8.223687e-03)
Tree Size: 115354
MSE (sampled) 0.13864
Timestep 12 Center of Mass = (-8.187933e-03,+4.288784e-02,-8.592964e-03)
Tree Size: 115158
MSE (sampled) 0.170601
Timestep 13 Center of Mass = (-8.736161e-03,+4.747359e-02,-8.961530e-03)
Tree Size: 115013
MSE (sampled) 0.690737
Timestep 14 Center of Mass = (-9.284321e-03,+5.204844e-02,-9.330940e-03)
Tree Size: 115771
MSE (sampled) 3.45923
Timestep 15 Center of Mass = (-9.834560e-03,+5.661915e-02,-9.697136e-03)
Tree Size: 115594
MSE (sampled) 0.976327
Timestep 16 Center of Mass = (-1.038638e-02,+6.118855e-02,-1.006369e-02)
Tree Size: 115342
MSE (sampled) 1.23134
Timestep 17 Center of Mass = (-1.093968e-02,+6.575681e-02,-1.042995e-02)
Tree Size: 115173
MSE (sampled) 1.17817
Timestep 18 Center of Mass = (-1.149810e-02,+7.032456e-02,-1.079520e-02)
Tree Size: 115487
MSE (sampled) 0.651688
Timestep 19 Center of Mass = (-1.206374e-02,+7.489046e-02,-1.116191e-02)
STATTYPE,LOOP,CATEGORY,n,sum,T0,T1,T2,T3,T4,T5,T6,T7,T8,T9,T10,T11,T12,T13,T14,T15,T16,T17,T18,T19,T20,T21,T22,T23
STAT,(NULL),BuildTime,24,74,74,0,0,0,0,0,0,0,0,0,0,0,0,0,0,0,0,0,0,0,0,0,0,0
STAT,(NULL),ComputeTime,24,917,917,0,0,0,0,0,0,0,0,0,0,0,0,0,0,0,0,0,0,0,0,0,0,0
STAT,(NULL),LoopTime,24,55,55,0,0,0,0,0,0,0,0,0,0,0,0,0,0,0,0,0,0,0,0,0,0,0
STAT,(NULL),Threads,24,24,24,0,0,0,0,0,0,0,0,0,0,0,0,0,0,0,0,0,0,0,0,0,0,0
STAT,(NULL),Time,24,1288,1288,0,0,0,0,0,0,0,0,0,0,0,0,0,0,0,0,0,0,0,0,0,0,0
STAT,BuildTree,LoopTime,24,74,74,0,0,0,0,0,0,0,0,0,0,0,0,0,0,0,0,0,0,0,0,0,0,0
STAT,compute,Conflicts,24,0,0,0,0,0,0,0,0,0,0,0,0,0,0,0,0,0,0,0,0,0,0,0,0,0
STAT,compute,Iterations,24,600000,25835,25381,24636,24832,25252,25108,25325,25149,25244,24511,24561,25170,25425,25026,24563,24099,24409,24622,24934,25855,25562,24546,24820,25135
STAT,compute,LoopTime,24,917,917,0,0,0,0,0,0,0,0,0,0,0,0,0,0,0,0,0,0,0,0,0,0,0
STAT,map_reduce,LoopTime,24,60,60,0,0,0,0,0,0,0,0,0,0,0,0,0,0,0,0,0,0,0,0,0,0,0
Galois Benchmark Suite v2.2.1 (r0)
Copyright (C) 2014 The University of Texas at Austin
http://iss.ices.utexas.edu/galois/

application: Barnshut N-Body Simulator
Simulates gravitational forces in a galactic cluster using the Barnes-Hut n-body algorithm
http://iss.ices.utexas.edu/?p=projects/galois/benchmarks/barneshut

INFO: CommandLine ./barneshut -t 24 -n 30000 -steps 25 -seed 0
INFO: Hostname broady
Barnes-Hut configuration: dtime: 0.5 eps: 0.05 tol: 0.05
30000 bodies, 25 time steps
Tree Size: 131204
MSE (sampled) 0.000108847
Timestep 0 Center of Mass = (-7.281824e-04,-9.780402e-03,-6.097917e-03)
Tree Size: 128392
MSE (sampled) 0.00015376
Timestep 1 Center of Mass = (-2.889455e-03,-8.218825e-03,-5.631221e-03)
Tree Size: 126483
MSE (sampled) 0.00116795
Timestep 2 Center of Mass = (-3.990305e-03,-4.638392e-03,-5.578350e-03)
Tree Size: 120405
MSE (sampled) 0.0031759
Timestep 3 Center of Mass = (-5.254461e-03,-7.569075e-04,-5.914654e-03)
Tree Size: 118831
MSE (sampled) 0.0431224
Timestep 4 Center of Mass = (-6.486540e-03,+3.116632e-03,-6.373853e-03)
Tree Size: 116187
MSE (sampled) 0.0274952
Timestep 5 Center of Mass = (-7.758012e-03,+7.006137e-03,-6.892795e-03)
Tree Size: 115956
MSE (sampled) 0.0167753
Timestep 6 Center of Mass = (-9.005429e-03,+1.087568e-02,-7.427440e-03)
Tree Size: 115410
MSE (sampled) 0.0392342
Timestep 7 Center of Mass = (-1.023606e-02,+1.475427e-02,-7.924758e-03)
Tree Size: 115573
MSE (sampled) 0.0359196
Timestep 8 Center of Mass = (-1.146408e-02,+1.863994e-02,-8.403800e-03)
Tree Size: 115505
MSE (sampled) 0.0648199
Timestep 9 Center of Mass = (-1.270148e-02,+2.252810e-02,-8.884220e-03)
Tree Size: 115238
MSE (sampled) 0.114389
Timestep 10 Center of Mass = (-1.394501e-02,+2.641460e-02,-9.362588e-03)
Tree Size: 114832
MSE (sampled) 0.155663
Timestep 11 Center of Mass = (-1.518748e-02,+3.029377e-02,-9.836657e-03)
Tree Size: 115260
MSE (sampled) 0.140592
Timestep 12 Center of Mass = (-1.643450e-02,+3.416455e-02,-1.030134e-02)
Tree Size: 115183
MSE (sampled) 0.165654
Timestep 13 Center of Mass = (-1.768042e-02,+3.802623e-02,-1.076411e-02)
Tree Size: 115280
MSE (sampled) 0.640292
Timestep 14 Center of Mass = (-1.892618e-02,+4.187874e-02,-1.122764e-02)
Tree Size: 115758
MSE (sampled) 2.28254
Timestep 15 Center of Mass = (-2.017428e-02,+4.572712e-02,-1.168777e-02)
Tree Size: 115379
MSE (sampled) 1.47426
Timestep 16 Center of Mass = (-2.142335e-02,+4.957339e-02,-1.214885e-02)
Tree Size: 114953
MSE (sampled) 0.965226
Timestep 17 Center of Mass = (-2.267385e-02,+5.341601e-02,-1.261142e-02)
Tree Size: 115205
MSE (sampled) 1.14653
Timestep 18 Center of Mass = (-2.393021e-02,+5.725783e-02,-1.307355e-02)
Tree Size: 115128
MSE (sampled) 0.69214
Timestep 19 Center of Mass = (-2.519405e-02,+6.109742e-02,-1.353774e-02)
Tree Size: 115169
MSE (sampled) 0.470449
Timestep 20 Center of Mass = (-2.646347e-02,+6.493555e-02,-1.400454e-02)
Tree Size: 114870
MSE (sampled) 0.350165
Timestep 21 Center of Mass = (-2.773779e-02,+6.877138e-02,-1.447293e-02)
Tree Size: 114766
MSE (sampled) 0.420048
Timestep 22 Center of Mass = (-2.901755e-02,+7.260508e-02,-1.494362e-02)
Tree Size: 115055
MSE (sampled) 0.382062
Timestep 23 Center of Mass = (-3.030107e-02,+7.643761e-02,-1.541569e-02)
Tree Size: 115183
MSE (sampled) 0.403351
Timestep 24 Center of Mass = (-3.158765e-02,+8.026934e-02,-1.588932e-02)
STATTYPE,LOOP,CATEGORY,n,sum,T0,T1,T2,T3,T4,T5,T6,T7,T8,T9,T10,T11,T12,T13,T14,T15,T16,T17,T18,T19,T20,T21,T22,T23
STAT,(NULL),BuildTime,24,88,88,0,0,0,0,0,0,0,0,0,0,0,0,0,0,0,0,0,0,0,0,0,0,0
STAT,(NULL),ComputeTime,24,1173,1173,0,0,0,0,0,0,0,0,0,0,0,0,0,0,0,0,0,0,0,0,0,0,0
STAT,(NULL),LoopTime,24,55,55,0,0,0,0,0,0,0,0,0,0,0,0,0,0,0,0,0,0,0,0,0,0,0
STAT,(NULL),Threads,24,24,24,0,0,0,0,0,0,0,0,0,0,0,0,0,0,0,0,0,0,0,0,0,0,0
STAT,(NULL),Time,24,1628,1628,0,0,0,0,0,0,0,0,0,0,0,0,0,0,0,0,0,0,0,0,0,0,0
STAT,BuildTree,LoopTime,24,87,87,0,0,0,0,0,0,0,0,0,0,0,0,0,0,0,0,0,0,0,0,0,0,0
STAT,compute,Conflicts,24,0,0,0,0,0,0,0,0,0,0,0,0,0,0,0,0,0,0,0,0,0,0,0,0,0
STAT,compute,Iterations,24,750000,31305,31035,31109,31670,31902,31566,31346,30915,31956,30795,30742,31760,32114,31458,30422,30207,30716,31180,31082,32222,31204,30865,31059,31370
STAT,compute,LoopTime,24,1173,1173,0,0,0,0,0,0,0,0,0,0,0,0,0,0,0,0,0,0,0,0,0,0,0
STAT,map_reduce,LoopTime,24,75,75,0,0,0,0,0,0,0,0,0,0,0,0,0,0,0,0,0,0,0,0,0,0,0
Galois Benchmark Suite v2.2.1 (r0)
Copyright (C) 2014 The University of Texas at Austin
http://iss.ices.utexas.edu/galois/

application: Barnshut N-Body Simulator
Simulates gravitational forces in a galactic cluster using the Barnes-Hut n-body algorithm
http://iss.ices.utexas.edu/?p=projects/galois/benchmarks/barneshut

INFO: CommandLine ./barneshut -t 32 -n 30000 -steps 20 -seed 0
INFO: Hostname broady
Barnes-Hut configuration: dtime: 0.5 eps: 0.05 tol: 0.05
30000 bodies, 20 time steps
Tree Size: 131688
MSE (sampled) 0.000108665
Timestep 0 Center of Mass = (-7.281824e-04,-9.780402e-03,-6.097917e-03)
Tree Size: 130146
MSE (sampled) 0.000141644
Timestep 1 Center of Mass = (-6.624874e-04,-8.053679e-03,-5.177494e-03)
Tree Size: 126700
MSE (sampled) 0.00100011
Timestep 2 Center of Mass = (-2.640158e-04,-5.920827e-03,-4.229367e-03)
Tree Size: 121657
MSE (sampled) 0.00276257
Timestep 3 Center of Mass = (+1.624935e-04,-3.542977e-03,-3.493366e-03)
Tree Size: 119814
MSE (sampled) 0.0357534
Timestep 4 Center of Mass = (+5.500613e-04,-1.105512e-03,-2.808913e-03)
Tree Size: 115840
MSE (sampled) 0.0179257
Timestep 5 Center of Mass = (+9.446243e-04,+1.318345e-03,-2.162515e-03)
Tree Size: 111421
MSE (sampled) 0.0210621
Timestep 6 Center of Mass = (+1.324974e-03,+3.734015e-03,-1.505817e-03)
Tree Size: 109687
MSE (sampled) 0.0161258
Timestep 7 Center of Mass = (+1.701195e-03,+6.145920e-03,-8.587556e-04)
Tree Size: 107214
MSE (sampled) 0.0441864
Timestep 8 Center of Mass = (+2.080511e-03,+8.560684e-03,-2.107671e-04)
Tree Size: 107380
MSE (sampled) 0.0795154
Timestep 9 Center of Mass = (+2.462843e-03,+1.096962e-02,+4.413341e-04)
Tree Size: 106429
MSE (sampled) 0.0992315
Timestep 10 Center of Mass = (+2.844813e-03,+1.338285e-02,+1.086243e-03)
Tree Size: 104828
MSE (sampled) 0.119158
Timestep 11 Center of Mass = (+3.231590e-03,+1.579525e-02,+1.734135e-03)
Tree Size: 104402
MSE (sampled) 0.0968265
Timestep 12 Center of Mass = (+3.614183e-03,+1.821108e-02,+2.382623e-03)
Tree Size: 104175
MSE (sampled) 0.089751
Timestep 13 Center of Mass = (+4.001685e-03,+2.062575e-02,+3.029196e-03)
Tree Size: 104198
MSE (sampled) 0.13254
Timestep 14 Center of Mass = (+4.389969e-03,+2.303854e-02,+3.674628e-03)
Tree Size: 104380
MSE (sampled) 1.18492
Timestep 15 Center of Mass = (+4.779937e-03,+2.545011e-02,+4.319917e-03)
Tree Size: 104129
MSE (sampled) 0.65273
Timestep 16 Center of Mass = (+5.171478e-03,+2.786053e-02,+4.963194e-03)
Tree Size: 103817
MSE (sampled) 0.321741
Timestep 17 Center of Mass = (+5.562594e-03,+3.027109e-02,+5.605474e-03)
Tree Size: 104199
MSE (sampled) 0.422186
Timestep 18 Center of Mass = (+5.955000e-03,+3.268060e-02,+6.246488e-03)
Tree Size: 104260
MSE (sampled) 0.244191
Timestep 19 Center of Mass = (+6.349409e-03,+3.509010e-02,+6.886278e-03)
STATTYPE,LOOP,CATEGORY,n,sum,T0,T1,T2,T3,T4,T5,T6,T7,T8,T9,T10,T11,T12,T13,T14,T15,T16,T17,T18,T19,T20,T21,T22,T23,T24,T25,T26,T27,T28,T29,T30,T31
STAT,(NULL),BuildTime,32,61,61,0,0,0,0,0,0,0,0,0,0,0,0,0,0,0,0,0,0,0,0,0,0,0,0,0,0,0,0,0,0,0
STAT,(NULL),ComputeTime,32,975,975,0,0,0,0,0,0,0,0,0,0,0,0,0,0,0,0,0,0,0,0,0,0,0,0,0,0,0,0,0,0,0
STAT,(NULL),LoopTime,32,74,74,0,0,0,0,0,0,0,0,0,0,0,0,0,0,0,0,0,0,0,0,0,0,0,0,0,0,0,0,0,0,0
STAT,(NULL),Threads,32,32,32,0,0,0,0,0,0,0,0,0,0,0,0,0,0,0,0,0,0,0,0,0,0,0,0,0,0,0,0,0,0,0
STAT,(NULL),Time,32,1333,1333,0,0,0,0,0,0,0,0,0,0,0,0,0,0,0,0,0,0,0,0,0,0,0,0,0,0,0,0,0,0,0
STAT,BuildTree,LoopTime,32,61,61,0,0,0,0,0,0,0,0,0,0,0,0,0,0,0,0,0,0,0,0,0,0,0,0,0,0,0,0,0,0,0
STAT,compute,Conflicts,32,0,0,0,0,0,0,0,0,0,0,0,0,0,0,0,0,0,0,0,0,0,0,0,0,0,0,0,0,0,0,0,0,0
STAT,compute,Iterations,32,600000,18909,18377,18724,19682,18651,18933,18071,18812,18885,18573,19582,19565,18254,18981,18349,18148,18077,19320,19030,18577,17979,17983,18542,18484,18708,19286,18928,19310,18867,18584,19360,18469
STAT,compute,LoopTime,32,975,975,0,0,0,0,0,0,0,0,0,0,0,0,0,0,0,0,0,0,0,0,0,0,0,0,0,0,0,0,0,0,0
STAT,map_reduce,LoopTime,32,44,44,0,0,0,0,0,0,0,0,0,0,0,0,0,0,0,0,0,0,0,0,0,0,0,0,0,0,0,0,0,0,0
Galois Benchmark Suite v2.2.1 (r0)
Copyright (C) 2014 The University of Texas at Austin
http://iss.ices.utexas.edu/galois/

application: Barnshut N-Body Simulator
Simulates gravitational forces in a galactic cluster using the Barnes-Hut n-body algorithm
http://iss.ices.utexas.edu/?p=projects/galois/benchmarks/barneshut

INFO: CommandLine ./barneshut -t 32 -n 30000 -steps 25 -seed 0
INFO: Hostname broady
Barnes-Hut configuration: dtime: 0.5 eps: 0.05 tol: 0.05
30000 bodies, 25 time steps
Tree Size: 131346
MSE (sampled) 0.000115039
Timestep 0 Center of Mass = (-7.281824e-04,-9.780402e-03,-6.097917e-03)
Tree Size: 128870
MSE (sampled) 0.000127792
Timestep 1 Center of Mass = (-4.256164e-03,-5.568815e-03,-3.501819e-03)
Tree Size: 126091
MSE (sampled) 0.00102288
Timestep 2 Center of Mass = (-6.723109e-03,-6.070914e-04,-1.835412e-03)
Tree Size: 120575
MSE (sampled) 0.00314159
Timestep 3 Center of Mass = (-9.272196e-03,+4.354429e-03,-4.172653e-04)
Tree Size: 118864
MSE (sampled) 0.0325645
Timestep 4 Center of Mass = (-1.183519e-02,+9.345994e-03,+9.343668e-04)
Tree Size: 116274
MSE (sampled) 0.0206758
Timestep 5 Center of Mass = (-1.444230e-02,+1.435527e-02,+2.284946e-03)
Tree Size: 116829
MSE (sampled) 0.0160295
Timestep 6 Center of Mass = (-1.704050e-02,+1.936830e-02,+3.646547e-03)
Tree Size: 115341
MSE (sampled) 0.0360541
Timestep 7 Center of Mass = (-1.963373e-02,+2.441513e-02,+5.015970e-03)
Tree Size: 114934
MSE (sampled) 0.0293645
Timestep 8 Center of Mass = (-2.222648e-02,+2.948185e-02,+6.401342e-03)
Tree Size: 115602
MSE (sampled) 0.0649106
Timestep 9 Center of Mass = (-2.482536e-02,+3.453692e-02,+7.792268e-03)
Tree Size: 115315
MSE (sampled) 0.112854
Timestep 10 Center of Mass = (-2.742726e-02,+3.957577e-02,+9.186249e-03)
Tree Size: 115277
MSE (sampled) 0.182745
Timestep 11 Center of Mass = (-3.002551e-02,+4.460405e-02,+1.058051e-02)
Tree Size: 114981
MSE (sampled) 0.15998
Timestep 12 Center of Mass = (-3.262267e-02,+4.961938e-02,+1.197788e-02)
Tree Size: 114924
MSE (sampled) 0.232071
Timestep 13 Center of Mass = (-3.521851e-02,+5.462157e-02,+1.337833e-02)
Tree Size: 114686
MSE (sampled) 0.78684
Timestep 14 Center of Mass = (-3.781456e-02,+5.961510e-02,+1.477828e-02)
Tree Size: 115211
MSE (sampled) 0.99989
Timestep 15 Center of Mass = (-4.041231e-02,+6.460248e-02,+1.617446e-02)
Tree Size: 115770
MSE (sampled) 0.442518
Timestep 16 Center of Mass = (-4.301131e-02,+6.958467e-02,+1.756683e-02)
Tree Size: 115393
MSE (sampled) 0.246552
Timestep 17 Center of Mass = (-4.561293e-02,+7.456381e-02,+1.895652e-02)
Tree Size: 115346
MSE (sampled) 0.358634
Timestep 18 Center of Mass = (-4.821687e-02,+7.953992e-02,+2.034316e-02)
Tree Size: 115088
MSE (sampled) 1.21076
Timestep 19 Center of Mass = (-5.082501e-02,+8.451504e-02,+2.172655e-02)
Tree Size: 114951
MSE (sampled) 0.237089
Timestep 20 Center of Mass = (-5.343536e-02,+8.948687e-02,+2.310918e-02)
Tree Size: 114954
MSE (sampled) 0.295525
Timestep 21 Center of Mass = (-5.604683e-02,+9.445593e-02,+2.449104e-02)
Tree Size: 115108
MSE (sampled) 0.334332
Timestep 22 Center of Mass = (-5.866010e-02,+9.942185e-02,+2.587184e-02)
Tree Size: 114769
MSE (sampled) 0.674771
Timestep 23 Center of Mass = (-6.127565e-02,+1.043853e-01,+2.725263e-02)
Tree Size: 114854
MSE (sampled) 0.7353
Timestep 24 Center of Mass = (-6.389397e-02,+1.093468e-01,+2.863194e-02)
STATTYPE,LOOP,CATEGORY,n,sum,T0,T1,T2,T3,T4,T5,T6,T7,T8,T9,T10,T11,T12,T13,T14,T15,T16,T17,T18,T19,T20,T21,T22,T23,T24,T25,T26,T27,T28,T29,T30,T31
STAT,(NULL),BuildTime,32,72,72,0,0,0,0,0,0,0,0,0,0,0,0,0,0,0,0,0,0,0,0,0,0,0,0,0,0,0,0,0,0,0
STAT,(NULL),ComputeTime,32,1001,1001,0,0,0,0,0,0,0,0,0,0,0,0,0,0,0,0,0,0,0,0,0,0,0,0,0,0,0,0,0,0,0
STAT,(NULL),LoopTime,32,75,75,0,0,0,0,0,0,0,0,0,0,0,0,0,0,0,0,0,0,0,0,0,0,0,0,0,0,0,0,0,0,0
STAT,(NULL),Threads,32,32,32,0,0,0,0,0,0,0,0,0,0,0,0,0,0,0,0,0,0,0,0,0,0,0,0,0,0,0,0,0,0,0
STAT,(NULL),Time,32,1459,1459,0,0,0,0,0,0,0,0,0,0,0,0,0,0,0,0,0,0,0,0,0,0,0,0,0,0,0,0,0,0,0
STAT,BuildTree,LoopTime,32,72,72,0,0,0,0,0,0,0,0,0,0,0,0,0,0,0,0,0,0,0,0,0,0,0,0,0,0,0,0,0,0,0
STAT,compute,Conflicts,32,0,0,0,0,0,0,0,0,0,0,0,0,0,0,0,0,0,0,0,0,0,0,0,0,0,0,0,0,0,0,0,0,0
STAT,compute,Iterations,32,750000,24633,23879,24191,23753,23136,24204,23382,23226,23946,23444,23745,23196,22895,22602,22955,22976,23105,23035,23123,23368,22122,22390,23038,22853,24003,23753,24615,24207,23190,23275,24022,23738
STAT,compute,LoopTime,32,1001,1001,0,0,0,0,0,0,0,0,0,0,0,0,0,0,0,0,0,0,0,0,0,0,0,0,0,0,0,0,0,0,0
STAT,map_reduce,LoopTime,32,54,54,0,0,0,0,0,0,0,0,0,0,0,0,0,0,0,0,0,0,0,0,0,0,0,0,0,0,0,0,0,0,0
Galois Benchmark Suite v2.2.1 (r0)
Copyright (C) 2014 The University of Texas at Austin
http://iss.ices.utexas.edu/galois/

application: Barnshut N-Body Simulator
Simulates gravitational forces in a galactic cluster using the Barnes-Hut n-body algorithm
http://iss.ices.utexas.edu/?p=projects/galois/benchmarks/barneshut

INFO: CommandLine ./barneshut -t 40 -n 30000 -steps 20 -seed 0
INFO: Hostname broady
Barnes-Hut configuration: dtime: 0.5 eps: 0.05 tol: 0.05
30000 bodies, 20 time steps
Tree Size: 131550
MSE (sampled) 0.000108666
Timestep 0 Center of Mass = (-7.281824e-04,-9.780402e-03,-6.097917e-03)
Tree Size: 129018
MSE (sampled) 0.000179815
Timestep 1 Center of Mass = (-1.658179e-03,-6.128776e-03,-2.344837e-03)
Tree Size: 126571
MSE (sampled) 0.00101589
Timestep 2 Center of Mass = (-2.461120e-03,-1.761821e-03,+9.081835e-04)
Tree Size: 121805
MSE (sampled) 0.00249819
Timestep 3 Center of Mass = (-3.305828e-03,+2.915634e-03,+4.085065e-03)
Tree Size: 119191
MSE (sampled) 0.0251037
Timestep 4 Center of Mass = (-4.228840e-03,+7.540698e-03,+7.308623e-03)
Tree Size: 115902
MSE (sampled) 0.0213139
Timestep 5 Center of Mass = (-5.215846e-03,+1.224334e-02,+1.048586e-02)
Tree Size: 112637
MSE (sampled) 0.040189
Timestep 6 Center of Mass = (-6.238388e-03,+1.696951e-02,+1.366011e-02)
Tree Size: 109397
MSE (sampled) 0.0257372
Timestep 7 Center of Mass = (-7.262942e-03,+2.169870e-02,+1.683828e-02)
Tree Size: 107177
MSE (sampled) 0.0380193
Timestep 8 Center of Mass = (-8.296144e-03,+2.641800e-02,+2.002881e-02)
Tree Size: 106301
MSE (sampled) 0.125229
Timestep 9 Center of Mass = (-9.352620e-03,+3.113874e-02,+2.322368e-02)
Tree Size: 105798
MSE (sampled) 0.0688035
Timestep 10 Center of Mass = (-1.040699e-02,+3.586445e-02,+2.642200e-02)
Tree Size: 105534
MSE (sampled) 0.104232
Timestep 11 Center of Mass = (-1.145871e-02,+4.059422e-02,+2.961483e-02)
Tree Size: 104676
MSE (sampled) 0.173238
Timestep 12 Center of Mass = (-1.251136e-02,+4.532145e-02,+3.280617e-02)
Tree Size: 105010
MSE (sampled) 0.110252
Timestep 13 Center of Mass = (-1.355721e-02,+5.003862e-02,+3.599507e-02)
Tree Size: 105559
MSE (sampled) 0.189346
Timestep 14 Center of Mass = (-1.460016e-02,+5.475887e-02,+3.918225e-02)
Tree Size: 105056
MSE (sampled) 0.510576
Timestep 15 Center of Mass = (-1.564262e-02,+5.948133e-02,+4.236788e-02)
Tree Size: 104483
MSE (sampled) 0.236375
Timestep 16 Center of Mass = (-1.668700e-02,+6.420403e-02,+4.555144e-02)
Tree Size: 104592
MSE (sampled) 0.230247
Timestep 17 Center of Mass = (-1.773226e-02,+6.893011e-02,+4.873346e-02)
Tree Size: 104516
MSE (sampled) 0.414667
Timestep 18 Center of Mass = (-1.877943e-02,+7.365753e-02,+5.191371e-02)
Tree Size: 104591
MSE (sampled) 0.197826
Timestep 19 Center of Mass = (-1.982832e-02,+7.838625e-02,+5.509257e-02)
STATTYPE,LOOP,CATEGORY,n,sum,T0,T1,T2,T3,T4,T5,T6,T7,T8,T9,T10,T11,T12,T13,T14,T15,T16,T17,T18,T19,T20,T21,T22,T23,T24,T25,T26,T27,T28,T29,T30,T31,T32,T33,T34,T35,T36,T37,T38,T39
STAT,(NULL),BuildTime,40,66,66,0,0,0,0,0,0,0,0,0,0,0,0,0,0,0,0,0,0,0,0,0,0,0,0,0,0,0,0,0,0,0,0,0,0,0,0,0,0,0
STAT,(NULL),ComputeTime,40,792,792,0,0,0,0,0,0,0,0,0,0,0,0,0,0,0,0,0,0,0,0,0,0,0,0,0,0,0,0,0,0,0,0,0,0,0,0,0,0,0
STAT,(NULL),LoopTime,40,92,92,0,0,0,0,0,0,0,0,0,0,0,0,0,0,0,0,0,0,0,0,0,0,0,0,0,0,0,0,0,0,0,0,0,0,0,0,0,0,0
STAT,(NULL),Threads,40,40,40,0,0,0,0,0,0,0,0,0,0,0,0,0,0,0,0,0,0,0,0,0,0,0,0,0,0,0,0,0,0,0,0,0,0,0,0,0,0,0
STAT,(NULL),Time,40,1158,1158,0,0,0,0,0,0,0,0,0,0,0,0,0,0,0,0,0,0,0,0,0,0,0,0,0,0,0,0,0,0,0,0,0,0,0,0,0,0,0
STAT,BuildTree,LoopTime,40,66,66,0,0,0,0,0,0,0,0,0,0,0,0,0,0,0,0,0,0,0,0,0,0,0,0,0,0,0,0,0,0,0,0,0,0,0,0,0,0,0
STAT,compute,Conflicts,40,0,0,0,0,0,0,0,0,0,0,0,0,0,0,0,0,0,0,0,0,0,0,0,0,0,0,0,0,0,0,0,0,0,0,0,0,0,0,0,0,0
STAT,compute,Iterations,40,600000,15877,14531,14518,15155,14997,14900,14520,14543,14935,14700,14690,14877,15581,15539,14595,14284,14681,15430,15301,15017,14382,14335,15106,14801,14948,15667,15303,15130,15226,15008,15575,15096,15590,15428,15123,15392,14798,14971,14531,14919
STAT,compute,LoopTime,40,792,792,0,0,0,0,0,0,0,0,0,0,0,0,0,0,0,0,0,0,0,0,0,0,0,0,0,0,0,0,0,0,0,0,0,0,0,0,0,0,0
STAT,map_reduce,LoopTime,40,40,40,0,0,0,0,0,0,0,0,0,0,0,0,0,0,0,0,0,0,0,0,0,0,0,0,0,0,0,0,0,0,0,0,0,0,0,0,0,0,0
Galois Benchmark Suite v2.2.1 (r0)
Copyright (C) 2014 The University of Texas at Austin
http://iss.ices.utexas.edu/galois/

application: Barnshut N-Body Simulator
Simulates gravitational forces in a galactic cluster using the Barnes-Hut n-body algorithm
http://iss.ices.utexas.edu/?p=projects/galois/benchmarks/barneshut

INFO: CommandLine ./barneshut -t 40 -n 30000 -steps 25 -seed 0
INFO: Hostname broady
Barnes-Hut configuration: dtime: 0.5 eps: 0.05 tol: 0.05
30000 bodies, 25 time steps
Tree Size: 131495
MSE (sampled) 0.000108706
Timestep 0 Center of Mass = (-7.281824e-04,-9.780402e-03,-6.097917e-03)
Tree Size: 129400
MSE (sampled) 0.00017995
Timestep 1 Center of Mass = (-1.963649e-03,-6.176029e-03,-3.238420e-03)
Tree Size: 126848
MSE (sampled) 0.00104898
Timestep 2 Center of Mass = (-2.861749e-03,-1.763373e-03,-8.791608e-04)
Tree Size: 121613
MSE (sampled) 0.00253995
Timestep 3 Center of Mass = (-3.826237e-03,+2.954276e-03,+1.300105e-03)
Tree Size: 118999
MSE (sampled) 0.0256249
Timestep 4 Center of Mass = (-4.860576e-03,+7.660125e-03,+3.559395e-03)
Tree Size: 115615
MSE (sampled) 0.0209937
Timestep 5 Center of Mass = (-5.916126e-03,+1.244665e-02,+5.735058e-03)
Tree Size: 112368
MSE (sampled) 0.0409429
Timestep 6 Center of Mass = (-7.004750e-03,+1.726098e-02,+7.910029e-03)
Tree Size: 109295
MSE (sampled) 0.0222584
Timestep 7 Center of Mass = (-8.099675e-03,+2.206962e-02,+1.009615e-02)
Tree Size: 107423
MSE (sampled) 0.0488827
Timestep 8 Center of Mass = (-9.193715e-03,+2.686534e-02,+1.229046e-02)
Tree Size: 106357
MSE (sampled) 0.0941586
Timestep 9 Center of Mass = (-1.030887e-02,+3.166817e-02,+1.447961e-02)
Tree Size: 106111
MSE (sampled) 0.137287
Timestep 10 Center of Mass = (-1.141988e-02,+3.648107e-02,+1.667452e-02)
Tree Size: 105322
MSE (sampled) 0.124967
Timestep 11 Center of Mass = (-1.252482e-02,+4.129675e-02,+1.886595e-02)
Tree Size: 104530
MSE (sampled) 0.0993688
Timestep 12 Center of Mass = (-1.362845e-02,+4.611200e-02,+2.105277e-02)
Tree Size: 104513
MSE (sampled) 0.107299
Timestep 13 Center of Mass = (-1.472653e-02,+5.092096e-02,+2.323319e-02)
Tree Size: 104989
MSE (sampled) 0.182999
Timestep 14 Center of Mass = (-1.582665e-02,+5.573135e-02,+2.540986e-02)
Tree Size: 104390
MSE (sampled) 0.562128
Timestep 15 Center of Mass = (-1.692647e-02,+6.054281e-02,+2.758481e-02)
Tree Size: 103963
MSE (sampled) 0.181051
Timestep 16 Center of Mass = (-1.802853e-02,+6.535493e-02,+2.975831e-02)
Tree Size: 104046
MSE (sampled) 0.205062
Timestep 17 Center of Mass = (-1.913209e-02,+7.016748e-02,+3.193126e-02)
Tree Size: 104129
MSE (sampled) 0.303009
Timestep 18 Center of Mass = (-2.023669e-02,+7.498081e-02,+3.410379e-02)
Tree Size: 104406
MSE (sampled) 0.172808
Timestep 19 Center of Mass = (-2.134442e-02,+7.979423e-02,+3.627645e-02)
Tree Size: 104363
MSE (sampled) 0.20771
Timestep 20 Center of Mass = (-2.245496e-02,+8.460779e-02,+3.844871e-02)
Tree Size: 104545
MSE (sampled) 0.716144
Timestep 21 Center of Mass = (-2.356705e-02,+8.942320e-02,+4.062137e-02)
Tree Size: 104380
MSE (sampled) 0.309557
Timestep 22 Center of Mass = (-2.468131e-02,+9.423799e-02,+4.279444e-02)
Tree Size: 104779
MSE (sampled) 0.324848
Timestep 23 Center of Mass = (-2.579832e-02,+9.905324e-02,+4.496646e-02)
Tree Size: 104661
MSE (sampled) 0.469257
Timestep 24 Center of Mass = (-2.691688e-02,+1.038683e-01,+4.713771e-02)
STATTYPE,LOOP,CATEGORY,n,sum,T0,T1,T2,T3,T4,T5,T6,T7,T8,T9,T10,T11,T12,T13,T14,T15,T16,T17,T18,T19,T20,T21,T22,T23,T24,T25,T26,T27,T28,T29,T30,T31,T32,T33,T34,T35,T36,T37,T38,T39
STAT,(NULL),BuildTime,40,72,72,0,0,0,0,0,0,0,0,0,0,0,0,0,0,0,0,0,0,0,0,0,0,0,0,0,0,0,0,0,0,0,0,0,0,0,0,0,0,0
STAT,(NULL),ComputeTime,40,1082,1082,0,0,0,0,0,0,0,0,0,0,0,0,0,0,0,0,0,0,0,0,0,0,0,0,0,0,0,0,0,0,0,0,0,0,0,0,0,0,0
STAT,(NULL),LoopTime,40,94,94,0,0,0,0,0,0,0,0,0,0,0,0,0,0,0,0,0,0,0,0,0,0,0,0,0,0,0,0,0,0,0,0,0,0,0,0,0,0,0
STAT,(NULL),Threads,40,40,40,0,0,0,0,0,0,0,0,0,0,0,0,0,0,0,0,0,0,0,0,0,0,0,0,0,0,0,0,0,0,0,0,0,0,0,0,0,0,0
STAT,(NULL),Time,40,1530,1530,0,0,0,0,0,0,0,0,0,0,0,0,0,0,0,0,0,0,0,0,0,0,0,0,0,0,0,0,0,0,0,0,0,0,0,0,0,0,0
STAT,BuildTree,LoopTime,40,72,72,0,0,0,0,0,0,0,0,0,0,0,0,0,0,0,0,0,0,0,0,0,0,0,0,0,0,0,0,0,0,0,0,0,0,0,0,0,0,0
STAT,compute,Conflicts,40,0,0,0,0,0,0,0,0,0,0,0,0,0,0,0,0,0,0,0,0,0,0,0,0,0,0,0,0,0,0,0,0,0,0,0,0,0,0,0,0,0
STAT,compute,Iterations,40,750000,19063,18562,18912,18819,19505,19250,18584,18220,19500,18426,18300,18619,19160,18645,18899,18164,18417,18621,19071,19467,18975,18136,18798,18512,18787,18577,18922,19272,18489,18040,19187,19120,19460,18722,18856,18616,18250,17628,18498,18951
STAT,compute,LoopTime,40,1082,1082,0,0,0,0,0,0,0,0,0,0,0,0,0,0,0,0,0,0,0,0,0,0,0,0,0,0,0,0,0,0,0,0,0,0,0,0,0,0,0
STAT,map_reduce,LoopTime,40,50,50,0,0,0,0,0,0,0,0,0,0,0,0,0,0,0,0,0,0,0,0,0,0,0,0,0,0,0,0,0,0,0,0,0,0,0,0,0,0,0
Galois Benchmark Suite v2.2.1 (r0)
Copyright (C) 2014 The University of Texas at Austin
http://iss.ices.utexas.edu/galois/

application: Barnshut N-Body Simulator
Simulates gravitational forces in a galactic cluster using the Barnes-Hut n-body algorithm
http://iss.ices.utexas.edu/?p=projects/galois/benchmarks/barneshut

INFO: CommandLine ./barneshut -t 44 -n 30000 -steps 20 -seed 0
INFO: Hostname broady
Barnes-Hut configuration: dtime: 0.5 eps: 0.05 tol: 0.05
30000 bodies, 20 time steps
Tree Size: 131596
MSE (sampled) 0.00010877
Timestep 0 Center of Mass = (-7.281824e-04,-9.780402e-03,-6.097917e-03)
Tree Size: 128239
MSE (sampled) 0.000165507
Timestep 1 Center of Mass = (-3.247498e-03,-5.368244e-03,-3.134229e-03)
Tree Size: 125852
MSE (sampled) 0.00104627
Timestep 2 Center of Mass = (-5.540518e-03,-2.180771e-04,-5.019113e-04)
Tree Size: 121507
MSE (sampled) 0.0032931
Timestep 3 Center of Mass = (-7.672291e-03,+4.950679e-03,+1.685075e-03)
Tree Size: 118918
MSE (sampled) 0.00703413
Timestep 4 Center of Mass = (-9.798088e-03,+1.006656e-02,+3.806083e-03)
Tree Size: 115676
MSE (sampled) 0.0106119
Timestep 5 Center of Mass = (-1.192683e-02,+1.520443e-02,+5.873314e-03)
Tree Size: 111408
MSE (sampled) 0.0329387
Timestep 6 Center of Mass = (-1.406662e-02,+2.035539e-02,+7.940790e-03)
Tree Size: 109525
MSE (sampled) 0.0188417
Timestep 7 Center of Mass = (-1.621656e-02,+2.551596e-02,+1.000322e-02)
Tree Size: 107445
MSE (sampled) 0.0330855
Timestep 8 Center of Mass = (-1.838085e-02,+3.067393e-02,+1.207428e-02)
Tree Size: 106099
MSE (sampled) 0.0638624
Timestep 9 Center of Mass = (-2.055417e-02,+3.582932e-02,+1.414418e-02)
Tree Size: 105723
MSE (sampled) 0.0964884
Timestep 10 Center of Mass = (-2.272823e-02,+4.097900e-02,+1.622195e-02)
Tree Size: 105074
MSE (sampled) 0.271513
Timestep 11 Center of Mass = (-2.489835e-02,+4.612769e-02,+1.829798e-02)
Tree Size: 104293
MSE (sampled) 0.154984
Timestep 12 Center of Mass = (-2.707457e-02,+5.127335e-02,+2.037359e-02)
Tree Size: 104135
MSE (sampled) 0.13033
Timestep 13 Center of Mass = (-2.924692e-02,+5.642092e-02,+2.244194e-02)
Tree Size: 103628
MSE (sampled) 0.129419
Timestep 14 Center of Mass = (-3.141175e-02,+6.157277e-02,+2.450632e-02)
Tree Size: 104124
MSE (sampled) 0.146387
Timestep 15 Center of Mass = (-3.357517e-02,+6.672879e-02,+2.656910e-02)
Tree Size: 104054
MSE (sampled) 0.134678
Timestep 16 Center of Mass = (-3.573570e-02,+7.188537e-02,+2.863091e-02)
Tree Size: 104563
MSE (sampled) 0.312849
Timestep 17 Center of Mass = (-3.789615e-02,+7.704523e-02,+3.068913e-02)
Tree Size: 104394
MSE (sampled) 0.703494
Timestep 18 Center of Mass = (-4.005839e-02,+8.220734e-02,+3.274263e-02)
Tree Size: 104460
MSE (sampled) 0.170963
Timestep 19 Center of Mass = (-4.222154e-02,+8.737066e-02,+3.479385e-02)
STATTYPE,LOOP,CATEGORY,n,sum,T0,T1,T2,T3,T4,T5,T6,T7,T8,T9,T10,T11,T12,T13,T14,T15,T16,T17,T18,T19,T20,T21,T22,T23,T24,T25,T26,T27,T28,T29,T30,T31,T32,T33,T34,T35,T36,T37,T38,T39,T40,T41,T42,T43
STAT,(NULL),BuildTime,44,71,71,0,0,0,0,0,0,0,0,0,0,0,0,0,0,0,0,0,0,0,0,0,0,0,0,0,0,0,0,0,0,0,0,0,0,0,0,0,0,0,0,0,0,0
STAT,(NULL),ComputeTime,44,788,788,0,0,0,0,0,0,0,0,0,0,0,0,0,0,0,0,0,0,0,0,0,0,0,0,0,0,0,0,0,0,0,0,0,0,0,0,0,0,0,0,0,0,0
STAT,(NULL),LoopTime,44,102,102,0,0,0,0,0,0,0,0,0,0,0,0,0,0,0,0,0,0,0,0,0,0,0,0,0,0,0,0,0,0,0,0,0,0,0,0,0,0,0,0,0,0,0
STAT,(NULL),Threads,44,44,44,0,0,0,0,0,0,0,0,0,0,0,0,0,0,0,0,0,0,0,0,0,0,0,0,0,0,0,0,0,0,0,0,0,0,0,0,0,0,0,0,0,0,0
STAT,(NULL),Time,44,1162,1162,0,0,0,0,0,0,0,0,0,0,0,0,0,0,0,0,0,0,0,0,0,0,0,0,0,0,0,0,0,0,0,0,0,0,0,0,0,0,0,0,0,0,0
STAT,BuildTree,LoopTime,44,71,71,0,0,0,0,0,0,0,0,0,0,0,0,0,0,0,0,0,0,0,0,0,0,0,0,0,0,0,0,0,0,0,0,0,0,0,0,0,0,0,0,0,0,0
STAT,compute,Conflicts,44,0,0,0,0,0,0,0,0,0,0,0,0,0,0,0,0,0,0,0,0,0,0,0,0,0,0,0,0,0,0,0,0,0,0,0,0,0,0,0,0,0,0,0,0,0
STAT,compute,Iterations,44,600000,13971,13531,13193,13379,14429,14205,13915,13513,13911,13921,13717,13769,13482,13914,13901,13366,13081,13672,13967,13793,13757,13471,13380,13244,13414,13427,13514,14460,13124,13715,13515,13391,13319,13453,13526,13354,13394,13476,13532,14193,14100,13814,12904,13893
STAT,compute,LoopTime,44,787,787,0,0,0,0,0,0,0,0,0,0,0,0,0,0,0,0,0,0,0,0,0,0,0,0,0,0,0,0,0,0,0,0,0,0,0,0,0,0,0,0,0,0,0
STAT,map_reduce,LoopTime,44,40,40,0,0,0,0,0,0,0,0,0,0,0,0,0,0,0,0,0,0,0,0,0,0,0,0,0,0,0,0,0,0,0,0,0,0,0,0,0,0,0,0,0,0,0
Galois Benchmark Suite v2.2.1 (r0)
Copyright (C) 2014 The University of Texas at Austin
http://iss.ices.utexas.edu/galois/

application: Barnshut N-Body Simulator
Simulates gravitational forces in a galactic cluster using the Barnes-Hut n-body algorithm
http://iss.ices.utexas.edu/?p=projects/galois/benchmarks/barneshut

INFO: CommandLine ./barneshut -t 44 -n 30000 -steps 25 -seed 0
INFO: Hostname broady
Barnes-Hut configuration: dtime: 0.5 eps: 0.05 tol: 0.05
30000 bodies, 25 time steps
Tree Size: 131489
MSE (sampled) 0.000108883
Timestep 0 Center of Mass = (-7.281824e-04,-9.780402e-03,-6.097917e-03)
Tree Size: 128362
MSE (sampled) 0.000152645
Timestep 1 Center of Mass = (-5.249113e-03,-6.412969e-03,-3.119703e-03)
Tree Size: 126027
MSE (sampled) 0.00132142
Timestep 2 Center of Mass = (-9.141459e-03,-2.352992e-03,-9.189260e-04)
Tree Size: 120470
MSE (sampled) 0.00290259
Timestep 3 Center of Mass = (-1.308910e-02,+1.735620e-03,+9.104264e-04)
Tree Size: 119005
MSE (sampled) 0.0165881
Timestep 4 Center of Mass = (-1.706471e-02,+5.737677e-03,+2.631622e-03)
Tree Size: 117877
MSE (sampled) 0.0139297
Timestep 5 Center of Mass = (-2.099334e-02,+9.718652e-03,+4.268988e-03)
Tree Size: 117506
MSE (sampled) 0.0511964
Timestep 6 Center of Mass = (-2.491731e-02,+1.368075e-02,+5.938833e-03)
Tree Size: 116364
MSE (sampled) 0.0790823
Timestep 7 Center of Mass = (-2.885646e-02,+1.765398e-02,+7.647660e-03)
Tree Size: 116181
MSE (sampled) 0.0330919
Timestep 8 Center of Mass = (-3.280069e-02,+2.163912e-02,+9.385303e-03)
Tree Size: 116368
MSE (sampled) 0.0452712
Timestep 9 Center of Mass = (-3.675695e-02,+2.563811e-02,+1.113734e-02)
Tree Size: 116362
MSE (sampled) 0.210046
Timestep 10 Center of Mass = (-4.071930e-02,+2.964803e-02,+1.290411e-02)
Tree Size: 117139
MSE (sampled) 0.0763158
Timestep 11 Center of Mass = (-4.468574e-02,+3.367601e-02,+1.467725e-02)
Tree Size: 117461
MSE (sampled) 0.0982496
Timestep 12 Center of Mass = (-4.865963e-02,+3.771177e-02,+1.645719e-02)
Tree Size: 116505
MSE (sampled) 0.23755
Timestep 13 Center of Mass = (-5.264240e-02,+4.175187e-02,+1.824443e-02)
Tree Size: 116252
MSE (sampled) 0.372334
Timestep 14 Center of Mass = (-5.663333e-02,+4.579793e-02,+2.003733e-02)
Tree Size: 115932
MSE (sampled) 0.645963
Timestep 15 Center of Mass = (-6.063092e-02,+4.985192e-02,+2.183469e-02)
Tree Size: 116526
MSE (sampled) 1.51792
Timestep 16 Center of Mass = (-6.463162e-02,+5.391302e-02,+2.363280e-02)
Tree Size: 116474
MSE (sampled) 0.757413
Timestep 17 Center of Mass = (-6.863524e-02,+5.797910e-02,+2.543084e-02)
Tree Size: 116155
MSE (sampled) 1.17325
Timestep 18 Center of Mass = (-7.264065e-02,+6.204931e-02,+2.723079e-02)
Tree Size: 116197
MSE (sampled) 0.945953
Timestep 19 Center of Mass = (-7.664839e-02,+6.612168e-02,+2.903243e-02)
Tree Size: 115975
MSE (sampled) 0.291255
Timestep 20 Center of Mass = (-8.065889e-02,+7.019642e-02,+3.083642e-02)
Tree Size: 116142
MSE (sampled) 0.321574
Timestep 21 Center of Mass = (-8.467099e-02,+7.427297e-02,+3.264270e-02)
Tree Size: 116012
MSE (sampled) 0.307621
Timestep 22 Center of Mass = (-8.868596e-02,+7.835083e-02,+3.445090e-02)
Tree Size: 116039
MSE (sampled) 1.20246
Timestep 23 Center of Mass = (-9.270272e-02,+8.242993e-02,+3.626041e-02)
Tree Size: 116009
MSE (sampled) 0.544027
Timestep 24 Center of Mass = (-9.672134e-02,+8.650959e-02,+3.807150e-02)
STATTYPE,LOOP,CATEGORY,n,sum,T0,T1,T2,T3,T4,T5,T6,T7,T8,T9,T10,T11,T12,T13,T14,T15,T16,T17,T18,T19,T20,T21,T22,T23,T24,T25,T26,T27,T28,T29,T30,T31,T32,T33,T34,T35,T36,T37,T38,T39,T40,T41,T42,T43
STAT,(NULL),BuildTime,44,76,76,0,0,0,0,0,0,0,0,0,0,0,0,0,0,0,0,0,0,0,0,0,0,0,0,0,0,0,0,0,0,0,0,0,0,0,0,0,0,0,0,0,0,0
STAT,(NULL),ComputeTime,44,832,832,0,0,0,0,0,0,0,0,0,0,0,0,0,0,0,0,0,0,0,0,0,0,0,0,0,0,0,0,0,0,0,0,0,0,0,0,0,0,0,0,0,0,0
STAT,(NULL),LoopTime,44,103,103,0,0,0,0,0,0,0,0,0,0,0,0,0,0,0,0,0,0,0,0,0,0,0,0,0,0,0,0,0,0,0,0,0,0,0,0,0,0,0,0,0,0,0
STAT,(NULL),Threads,44,44,44,0,0,0,0,0,0,0,0,0,0,0,0,0,0,0,0,0,0,0,0,0,0,0,0,0,0,0,0,0,0,0,0,0,0,0,0,0,0,0,0,0,0,0
STAT,(NULL),Time,44,1303,1303,0,0,0,0,0,0,0,0,0,0,0,0,0,0,0,0,0,0,0,0,0,0,0,0,0,0,0,0,0,0,0,0,0,0,0,0,0,0,0,0,0,0,0
STAT,BuildTree,LoopTime,44,76,76,0,0,0,0,0,0,0,0,0,0,0,0,0,0,0,0,0,0,0,0,0,0,0,0,0,0,0,0,0,0,0,0,0,0,0,0,0,0,0,0,0,0,0
STAT,compute,Conflicts,44,0,0,0,0,0,0,0,0,0,0,0,0,0,0,0,0,0,0,0,0,0,0,0,0,0,0,0,0,0,0,0,0,0,0,0,0,0,0,0,0,0,0,0,0,0
STAT,compute,Iterations,44,750000,16745,15995,16162,16353,16524,16476,16264,16863,17377,16358,16421,17233,16563,16757,16664,17037,16520,17125,16942,16868,16464,16833,17790,17797,17883,17629,17379,17808,17108,17305,17866,17248,17802,16982,17319,16952,18210,17737,16715,17998,17452,17359,16491,16626
STAT,compute,LoopTime,44,832,832,0,0,0,0,0,0,0,0,0,0,0,0,0,0,0,0,0,0,0,0,0,0,0,0,0,0,0,0,0,0,0,0,0,0,0,0,0,0,0,0,0,0,0
STAT,map_reduce,LoopTime,44,50,50,0,0,0,0,0,0,0,0,0,0,0,0,0,0,0,0,0,0,0,0,0,0,0,0,0,0,0,0,0,0,0,0,0,0,0,0,0,0,0,0,0,0,0

