Galois Benchmark Suite v2.2.1 (r0)
Copyright (C) 2014 The University of Texas at Austin
http://iss.ices.utexas.edu/galois/

application: Barnshut N-Body Simulator
Simulates gravitational forces in a galactic cluster using the Barnes-Hut n-body algorithm
http://iss.ices.utexas.edu/?p=projects/galois/benchmarks/barneshut

INFO: CommandLine ./barneshut -t 1 -n 30000 -steps 20 -seed 0
INFO: Hostname haci3
Barnes-Hut configuration: dtime: 0.5 eps: 0.05 tol: 0.05
30000 bodies, 20 time steps
Tree Size: 130641
MSE (sampled) 0.000108093
Timestep 0 Center of Mass = (-7.281824e-04,-9.780402e-03,-6.097917e-03)
Tree Size: 129216
MSE (sampled) 0.000138606
Timestep 1 Center of Mass = (-9.639971e-03,-1.607202e-02,+3.947364e-03)
Tree Size: 124450
MSE (sampled) 0.00107742
Timestep 2 Center of Mass = (-1.866249e-02,-2.187434e-02,+1.261446e-02)
Tree Size: 120248
MSE (sampled) 0.00159414
Timestep 3 Center of Mass = (-2.781038e-02,-2.740924e-02,+2.086046e-02)
Tree Size: 117023
MSE (sampled) 0.0963148
Timestep 4 Center of Mass = (-3.696452e-02,-3.289764e-02,+2.897261e-02)
Tree Size: 113948
MSE (sampled) 0.00802973
Timestep 5 Center of Mass = (-4.616861e-02,-3.836511e-02,+3.706678e-02)
Tree Size: 110553
MSE (sampled) 0.0279166
Timestep 6 Center of Mass = (-5.537275e-02,-4.385740e-02,+4.511730e-02)
Tree Size: 109239
MSE (sampled) 0.0232301
Timestep 7 Center of Mass = (-6.459410e-02,-4.935175e-02,+5.316484e-02)
Tree Size: 107347
MSE (sampled) 0.154886
Timestep 8 Center of Mass = (-7.381885e-02,-5.485767e-02,+6.121347e-02)
Tree Size: 107576
MSE (sampled) 0.0823205
Timestep 9 Center of Mass = (-8.303558e-02,-6.036560e-02,+6.925718e-02)
Tree Size: 107044
MSE (sampled) 0.101148
Timestep 10 Center of Mass = (-9.224588e-02,-6.587095e-02,+7.728995e-02)
Tree Size: 106629
MSE (sampled) 0.0717561
Timestep 11 Center of Mass = (-1.014534e-01,-7.137874e-02,+8.531639e-02)
Tree Size: 106930
MSE (sampled) 0.240443
Timestep 12 Center of Mass = (-1.106581e-01,-7.689270e-02,+9.334493e-02)
Tree Size: 107176
MSE (sampled) 0.232152
Timestep 13 Center of Mass = (-1.198601e-01,-8.241152e-02,+1.013721e-01)
Tree Size: 106858
MSE (sampled) 0.280669
Timestep 14 Center of Mass = (-1.290616e-01,-8.793427e-02,+1.093966e-01)
Tree Size: 106667
MSE (sampled) 0.515006
Timestep 15 Center of Mass = (-1.382644e-01,-9.346144e-02,+1.174194e-01)
Tree Size: 106955
MSE (sampled) 0.425325
Timestep 16 Center of Mass = (-1.474701e-01,-9.899291e-02,+1.254419e-01)
Tree Size: 107071
MSE (sampled) 0.340443
Timestep 17 Center of Mass = (-1.566775e-01,-1.045283e-01,+1.334648e-01)
Tree Size: 107583
MSE (sampled) 0.321544
Timestep 18 Center of Mass = (-1.658873e-01,-1.100682e-01,+1.414876e-01)
Tree Size: 107262
MSE (sampled) 0.214686
Timestep 19 Center of Mass = (-1.751006e-01,-1.156122e-01,+1.495107e-01)
STATTYPE,LOOP,CATEGORY,n,sum,T0
STAT,(NULL),BuildTime,1,247,247
STAT,(NULL),ComputeTime,1,15225,15225
STAT,(NULL),LoopTime,1,1,1
STAT,(NULL),Threads,1,1,1
STAT,(NULL),Time,1,16100,16100
STAT,BuildTree,LoopTime,1,247,247
STAT,compute,Conflicts,1,0,0
STAT,compute,Iterations,1,600000,600000
STAT,compute,LoopTime,1,15225,15225
STAT,map_reduce,LoopTime,1,540,540
Galois Benchmark Suite v2.2.1 (r0)
Copyright (C) 2014 The University of Texas at Austin
http://iss.ices.utexas.edu/galois/

application: Barnshut N-Body Simulator
Simulates gravitational forces in a galactic cluster using the Barnes-Hut n-body algorithm
http://iss.ices.utexas.edu/?p=projects/galois/benchmarks/barneshut

INFO: CommandLine ./barneshut -t 1 -n 30000 -steps 25 -seed 0
INFO: Hostname haci3
Barnes-Hut configuration: dtime: 0.5 eps: 0.05 tol: 0.05
30000 bodies, 25 time steps
Tree Size: 130641
MSE (sampled) 0.000108093
Timestep 0 Center of Mass = (-7.281824e-04,-9.780402e-03,-6.097917e-03)
Tree Size: 129216
MSE (sampled) 0.000138606
Timestep 1 Center of Mass = (-9.639971e-03,-1.607202e-02,+3.947364e-03)
Tree Size: 124450
MSE (sampled) 0.00107742
Timestep 2 Center of Mass = (-1.866249e-02,-2.187434e-02,+1.261446e-02)
Tree Size: 120248
MSE (sampled) 0.00159414
Timestep 3 Center of Mass = (-2.781038e-02,-2.740924e-02,+2.086046e-02)
Tree Size: 117023
MSE (sampled) 0.0963148
Timestep 4 Center of Mass = (-3.696452e-02,-3.289764e-02,+2.897261e-02)
Tree Size: 113948
MSE (sampled) 0.00802973
Timestep 5 Center of Mass = (-4.616861e-02,-3.836511e-02,+3.706678e-02)
Tree Size: 110553
MSE (sampled) 0.0279166
Timestep 6 Center of Mass = (-5.537275e-02,-4.385740e-02,+4.511730e-02)
Tree Size: 109239
MSE (sampled) 0.0232301
Timestep 7 Center of Mass = (-6.459410e-02,-4.935175e-02,+5.316484e-02)
Tree Size: 107347
MSE (sampled) 0.154886
Timestep 8 Center of Mass = (-7.381885e-02,-5.485767e-02,+6.121347e-02)
Tree Size: 107576
MSE (sampled) 0.0823205
Timestep 9 Center of Mass = (-8.303558e-02,-6.036560e-02,+6.925718e-02)
Tree Size: 107044
MSE (sampled) 0.101148
Timestep 10 Center of Mass = (-9.224588e-02,-6.587095e-02,+7.728995e-02)
Tree Size: 106629
MSE (sampled) 0.0717561
Timestep 11 Center of Mass = (-1.014534e-01,-7.137874e-02,+8.531639e-02)
Tree Size: 106930
MSE (sampled) 0.240443
Timestep 12 Center of Mass = (-1.106581e-01,-7.689270e-02,+9.334493e-02)
Tree Size: 107176
MSE (sampled) 0.232152
Timestep 13 Center of Mass = (-1.198601e-01,-8.241152e-02,+1.013721e-01)
Tree Size: 106858
MSE (sampled) 0.280669
Timestep 14 Center of Mass = (-1.290616e-01,-8.793427e-02,+1.093966e-01)
Tree Size: 106667
MSE (sampled) 0.515006
Timestep 15 Center of Mass = (-1.382644e-01,-9.346144e-02,+1.174194e-01)
Tree Size: 106955
MSE (sampled) 0.425325
Timestep 16 Center of Mass = (-1.474701e-01,-9.899291e-02,+1.254419e-01)
Tree Size: 107071
MSE (sampled) 0.340443
Timestep 17 Center of Mass = (-1.566775e-01,-1.045283e-01,+1.334648e-01)
Tree Size: 107583
MSE (sampled) 0.321544
Timestep 18 Center of Mass = (-1.658873e-01,-1.100682e-01,+1.414876e-01)
Tree Size: 107262
MSE (sampled) 0.214686
Timestep 19 Center of Mass = (-1.751006e-01,-1.156122e-01,+1.495107e-01)
Tree Size: 107217
MSE (sampled) 0.294819
Timestep 20 Center of Mass = (-1.843182e-01,-1.211619e-01,+1.575349e-01)
Tree Size: 107243
MSE (sampled) 0.402747
Timestep 21 Center of Mass = (-1.935405e-01,-1.267166e-01,+1.655604e-01)
Tree Size: 107925
MSE (sampled) 0.485429
Timestep 22 Center of Mass = (-2.027661e-01,-1.322759e-01,+1.735864e-01)
Tree Size: 107744
MSE (sampled) 0.790913
Timestep 23 Center of Mass = (-2.119952e-01,-1.378395e-01,+1.816132e-01)
Tree Size: 107310
MSE (sampled) 0.781877
Timestep 24 Center of Mass = (-2.212275e-01,-1.434083e-01,+1.896405e-01)
STATTYPE,LOOP,CATEGORY,n,sum,T0
STAT,(NULL),BuildTime,1,303,303
STAT,(NULL),ComputeTime,1,19963,19963
STAT,(NULL),LoopTime,1,1,1
STAT,(NULL),Threads,1,1,1
STAT,(NULL),Time,1,21053,21053
STAT,BuildTree,LoopTime,1,303,303
STAT,compute,Conflicts,1,0,0
STAT,compute,Iterations,1,750000,750000
STAT,compute,LoopTime,1,19963,19963
STAT,map_reduce,LoopTime,1,675,675
Galois Benchmark Suite v2.2.1 (r0)
Copyright (C) 2014 The University of Texas at Austin
http://iss.ices.utexas.edu/galois/

application: Barnshut N-Body Simulator
Simulates gravitational forces in a galactic cluster using the Barnes-Hut n-body algorithm
http://iss.ices.utexas.edu/?p=projects/galois/benchmarks/barneshut

INFO: CommandLine ./barneshut -t 2 -n 30000 -steps 20 -seed 0
INFO: Hostname haci3
Barnes-Hut configuration: dtime: 0.5 eps: 0.05 tol: 0.05
30000 bodies, 20 time steps
Tree Size: 130725
MSE (sampled) 0.000108093
Timestep 0 Center of Mass = (-7.281824e-04,-9.780402e-03,-6.097917e-03)
Tree Size: 128702
MSE (sampled) 0.000141766
Timestep 1 Center of Mass = (+1.157551e-03,-7.714654e-03,-1.063678e-03)
Tree Size: 125694
MSE (sampled) 0.00102719
Timestep 2 Center of Mass = (+4.422833e-03,-4.630991e-03,+3.576019e-03)
Tree Size: 121239
MSE (sampled) 0.00250407
Timestep 3 Center of Mass = (+8.110284e-03,-1.261018e-03,+7.845537e-03)
Tree Size: 119062
MSE (sampled) 0.0295064
Timestep 4 Center of Mass = (+1.191255e-02,+2.153857e-03,+1.210858e-02)
Tree Size: 115815
MSE (sampled) 0.0196533
Timestep 5 Center of Mass = (+1.571982e-02,+5.541833e-03,+1.635635e-02)
Tree Size: 112442
MSE (sampled) 0.0245106
Timestep 6 Center of Mass = (+1.951714e-02,+8.961524e-03,+2.061032e-02)
Tree Size: 109203
MSE (sampled) 0.0299909
Timestep 7 Center of Mass = (+2.329636e-02,+1.239196e-02,+2.488435e-02)
Tree Size: 107683
MSE (sampled) 0.0331824
Timestep 8 Center of Mass = (+2.706890e-02,+1.581345e-02,+2.917411e-02)
Tree Size: 106723
MSE (sampled) 0.198991
Timestep 9 Center of Mass = (+3.083218e-02,+1.923757e-02,+3.347458e-02)
Tree Size: 106498
MSE (sampled) 0.0647085
Timestep 10 Center of Mass = (+3.460388e-02,+2.266010e-02,+3.778932e-02)
Tree Size: 105081
MSE (sampled) 0.0886859
Timestep 11 Center of Mass = (+3.837742e-02,+2.607378e-02,+4.210922e-02)
Tree Size: 103487
MSE (sampled) 0.226263
Timestep 12 Center of Mass = (+4.214319e-02,+2.948948e-02,+4.643185e-02)
Tree Size: 101609
MSE (sampled) 0.0513327
Timestep 13 Center of Mass = (+4.591030e-02,+3.290503e-02,+5.075189e-02)
Tree Size: 102263
MSE (sampled) 0.0772223
Timestep 14 Center of Mass = (+4.968010e-02,+3.631723e-02,+5.506875e-02)
Tree Size: 101969
MSE (sampled) 0.113775
Timestep 15 Center of Mass = (+5.345338e-02,+3.973128e-02,+5.938202e-02)
Tree Size: 102036
MSE (sampled) 0.157078
Timestep 16 Center of Mass = (+5.722981e-02,+4.314666e-02,+6.369121e-02)
Tree Size: 102198
MSE (sampled) 0.248082
Timestep 17 Center of Mass = (+6.100824e-02,+4.656508e-02,+6.799853e-02)
Tree Size: 102192
MSE (sampled) 0.207608
Timestep 18 Center of Mass = (+6.478680e-02,+4.998368e-02,+7.230538e-02)
Tree Size: 102461
MSE (sampled) 0.599969
Timestep 19 Center of Mass = (+6.856429e-02,+5.340311e-02,+7.661277e-02)
STATTYPE,LOOP,CATEGORY,n,sum,T0,T1
STAT,(NULL),BuildTime,2,143,143,0
STAT,(NULL),ComputeTime,2,5683,5683,0
STAT,(NULL),LoopTime,2,3,3,0
STAT,(NULL),Threads,2,2,2,0
STAT,(NULL),Time,2,6198,6198,0
STAT,BuildTree,LoopTime,2,143,143,0
STAT,compute,Conflicts,2,0,0,0
STAT,compute,Iterations,2,600000,307696,292304
STAT,compute,LoopTime,2,5683,5683,0
STAT,map_reduce,LoopTime,2,274,274,0
Galois Benchmark Suite v2.2.1 (r0)
Copyright (C) 2014 The University of Texas at Austin
http://iss.ices.utexas.edu/galois/

application: Barnshut N-Body Simulator
Simulates gravitational forces in a galactic cluster using the Barnes-Hut n-body algorithm
http://iss.ices.utexas.edu/?p=projects/galois/benchmarks/barneshut

INFO: CommandLine ./barneshut -t 2 -n 30000 -steps 25 -seed 0
INFO: Hostname haci3
Barnes-Hut configuration: dtime: 0.5 eps: 0.05 tol: 0.05
30000 bodies, 25 time steps
Tree Size: 130725
MSE (sampled) 0.000108093
Timestep 0 Center of Mass = (-7.281824e-04,-9.780402e-03,-6.097917e-03)
Tree Size: 128686
MSE (sampled) 0.000141766
Timestep 1 Center of Mass = (+1.157551e-03,-7.714654e-03,-1.063678e-03)
Tree Size: 125694
MSE (sampled) 0.00102719
Timestep 2 Center of Mass = (+4.422833e-03,-4.630991e-03,+3.576019e-03)
Tree Size: 121232
MSE (sampled) 0.00250407
Timestep 3 Center of Mass = (+8.110285e-03,-1.261019e-03,+7.845537e-03)
Tree Size: 119095
MSE (sampled) 0.0260507
Timestep 4 Center of Mass = (+1.191255e-02,+2.153856e-03,+1.210858e-02)
Tree Size: 115794
MSE (sampled) 0.0196532
Timestep 5 Center of Mass = (+1.572529e-02,+5.539793e-03,+1.634941e-02)
Tree Size: 112389
MSE (sampled) 0.0245309
Timestep 6 Center of Mass = (+1.953084e-02,+8.951994e-03,+2.059388e-02)
Tree Size: 109155
MSE (sampled) 0.0300131
Timestep 7 Center of Mass = (+2.331945e-02,+1.237551e-02,+2.485932e-02)
Tree Size: 107697
MSE (sampled) 0.0333317
Timestep 8 Center of Mass = (+2.710148e-02,+1.579009e-02,+2.914078e-02)
Tree Size: 106715
MSE (sampled) 0.198483
Timestep 9 Center of Mass = (+3.087461e-02,+1.920686e-02,+3.343287e-02)
Tree Size: 106451
MSE (sampled) 0.0646737
Timestep 10 Center of Mass = (+3.465575e-02,+2.262210e-02,+3.773883e-02)
Tree Size: 105046
MSE (sampled) 0.0885809
Timestep 11 Center of Mass = (+3.843882e-02,+2.602864e-02,+4.205044e-02)
Tree Size: 103463
MSE (sampled) 0.226032
Timestep 12 Center of Mass = (+4.221404e-02,+2.943683e-02,+4.636435e-02)
Tree Size: 101609
MSE (sampled) 0.0513514
Timestep 13 Center of Mass = (+4.599111e-02,+3.284484e-02,+5.067582e-02)
Tree Size: 102290
MSE (sampled) 0.0731569
Timestep 14 Center of Mass = (+4.977091e-02,+3.624957e-02,+5.498426e-02)
Tree Size: 101996
MSE (sampled) 0.113746
Timestep 15 Center of Mass = (+5.355420e-02,+3.965590e-02,+5.928907e-02)
Tree Size: 102017
MSE (sampled) 0.157263
Timestep 16 Center of Mass = (+5.734064e-02,+4.306336e-02,+6.358995e-02)
Tree Size: 102130
MSE (sampled) 0.246232
Timestep 17 Center of Mass = (+6.112922e-02,+4.647411e-02,+6.788863e-02)
Tree Size: 102143
MSE (sampled) 0.231688
Timestep 18 Center of Mass = (+6.491777e-02,+4.988517e-02,+7.218681e-02)
Tree Size: 102478
MSE (sampled) 0.188286
Timestep 19 Center of Mass = (+6.870500e-02,+5.329711e-02,+7.648582e-02)
Tree Size: 102691
MSE (sampled) 0.292188
Timestep 20 Center of Mass = (+7.249226e-02,+5.670921e-02,+8.078674e-02)
Tree Size: 102458
MSE (sampled) 0.185304
Timestep 21 Center of Mass = (+7.627985e-02,+6.012095e-02,+8.509078e-02)
Tree Size: 102332
MSE (sampled) 0.388213
Timestep 22 Center of Mass = (+8.006867e-02,+6.353311e-02,+8.939725e-02)
Tree Size: 102461
MSE (sampled) 0.365362
Timestep 23 Center of Mass = (+8.385867e-02,+6.694540e-02,+9.370472e-02)
Tree Size: 102032
MSE (sampled) 0.457951
Timestep 24 Center of Mass = (+8.764926e-02,+7.035840e-02,+9.801374e-02)
STATTYPE,LOOP,CATEGORY,n,sum,T0,T1
STAT,(NULL),BuildTime,2,172,172,0
STAT,(NULL),ComputeTime,2,7458,7458,0
STAT,(NULL),LoopTime,2,3,3,0
STAT,(NULL),Threads,2,2,2,0
STAT,(NULL),Time,2,8082,8082,0
STAT,BuildTree,LoopTime,2,172,172,0
STAT,compute,Conflicts,2,0,0,0
STAT,compute,Iterations,2,750000,379362,370638
STAT,compute,LoopTime,2,7458,7458,0
STAT,map_reduce,LoopTime,2,331,331,0
Galois Benchmark Suite v2.2.1 (r0)
Copyright (C) 2014 The University of Texas at Austin
http://iss.ices.utexas.edu/galois/

application: Barnshut N-Body Simulator
Simulates gravitational forces in a galactic cluster using the Barnes-Hut n-body algorithm
http://iss.ices.utexas.edu/?p=projects/galois/benchmarks/barneshut

INFO: CommandLine ./barneshut -t 4 -n 30000 -steps 20 -seed 0
INFO: Hostname haci3
Barnes-Hut configuration: dtime: 0.5 eps: 0.05 tol: 0.05
30000 bodies, 20 time steps
Tree Size: 130826
MSE (sampled) 0.000108094
Timestep 0 Center of Mass = (-7.281824e-04,-9.780402e-03,-6.097917e-03)
Tree Size: 128451
MSE (sampled) 0.000139172
Timestep 1 Center of Mass = (-2.649623e-03,-6.207800e-03,-3.265956e-03)
Tree Size: 126564
MSE (sampled) 0.00102476
Timestep 2 Center of Mass = (-3.648471e-03,-7.157759e-04,-9.105984e-04)
Tree Size: 121434
MSE (sampled) 0.00290547
Timestep 3 Center of Mass = (-4.291600e-03,+5.102243e-03,+1.054323e-03)
Tree Size: 119209
MSE (sampled) 0.0331432
Timestep 4 Center of Mass = (-4.968377e-03,+1.101148e-02,+2.943419e-03)
Tree Size: 115574
MSE (sampled) 0.0183113
Timestep 5 Center of Mass = (-5.635480e-03,+1.690044e-02,+4.770458e-03)
Tree Size: 112606
MSE (sampled) 0.0296618
Timestep 6 Center of Mass = (-6.335632e-03,+2.279375e-02,+6.576025e-03)
Tree Size: 109720
MSE (sampled) 0.0361574
Timestep 7 Center of Mass = (-7.056738e-03,+2.869156e-02,+8.385616e-03)
Tree Size: 108742
MSE (sampled) 0.0174843
Timestep 8 Center of Mass = (-7.767033e-03,+3.458467e-02,+1.019306e-02)
Tree Size: 108004
MSE (sampled) 0.0344208
Timestep 9 Center of Mass = (-8.468450e-03,+4.048314e-02,+1.200816e-02)
Tree Size: 106672
MSE (sampled) 1.05129
Timestep 10 Center of Mass = (-9.167204e-03,+4.637858e-02,+1.382662e-02)
Tree Size: 106313
MSE (sampled) 0.100344
Timestep 11 Center of Mass = (-9.865069e-03,+5.227542e-02,+1.565412e-02)
Tree Size: 106100
MSE (sampled) 0.109219
Timestep 12 Center of Mass = (-1.056117e-02,+5.816998e-02,+1.747688e-02)
Tree Size: 106119
MSE (sampled) 0.199729
Timestep 13 Center of Mass = (-1.125875e-02,+6.406578e-02,+1.929172e-02)
Tree Size: 105937
MSE (sampled) 1.4177
Timestep 14 Center of Mass = (-1.195659e-02,+6.996485e-02,+2.110742e-02)
Tree Size: 106287
MSE (sampled) 1.13883
Timestep 15 Center of Mass = (-1.266137e-02,+7.586231e-02,+2.292640e-02)
Tree Size: 106107
MSE (sampled) 0.804371
Timestep 16 Center of Mass = (-1.337350e-02,+8.176024e-02,+2.474692e-02)
Tree Size: 105995
MSE (sampled) 0.409725
Timestep 17 Center of Mass = (-1.408997e-02,+8.765953e-02,+2.656977e-02)
Tree Size: 106291
MSE (sampled) 0.641712
Timestep 18 Center of Mass = (-1.481004e-02,+9.356021e-02,+2.839535e-02)
Tree Size: 105878
MSE (sampled) 0.262525
Timestep 19 Center of Mass = (-1.553624e-02,+9.946242e-02,+3.022042e-02)
STATTYPE,LOOP,CATEGORY,n,sum,T0,T1,T2,T3
STAT,(NULL),BuildTime,4,76,76,0,0,0
STAT,(NULL),ComputeTime,4,2939,2939,0,0,0
STAT,(NULL),LoopTime,4,6,6,0,0,0
STAT,(NULL),Threads,4,4,4,0,0,0
STAT,(NULL),Time,4,3268,3268,0,0,0
STAT,BuildTree,LoopTime,4,76,76,0,0,0
STAT,compute,Conflicts,4,0,0,0,0,0
STAT,compute,Iterations,4,600000,156863,150044,146006,147087
STAT,compute,LoopTime,4,2939,2939,0,0,0
STAT,map_reduce,LoopTime,4,151,151,0,0,0
Galois Benchmark Suite v2.2.1 (r0)
Copyright (C) 2014 The University of Texas at Austin
http://iss.ices.utexas.edu/galois/

application: Barnshut N-Body Simulator
Simulates gravitational forces in a galactic cluster using the Barnes-Hut n-body algorithm
http://iss.ices.utexas.edu/?p=projects/galois/benchmarks/barneshut

INFO: CommandLine ./barneshut -t 4 -n 30000 -steps 25 -seed 0
INFO: Hostname haci3
Barnes-Hut configuration: dtime: 0.5 eps: 0.05 tol: 0.05
30000 bodies, 25 time steps
Tree Size: 130896
MSE (sampled) 0.000108222
Timestep 0 Center of Mass = (-7.281824e-04,-9.780402e-03,-6.097917e-03)
Tree Size: 128778
MSE (sampled) 0.000141038
Timestep 1 Center of Mass = (-2.454125e-03,-6.669280e-03,-2.916565e-03)
Tree Size: 126603
MSE (sampled) 0.00102151
Timestep 2 Center of Mass = (-3.122829e-03,-2.268786e-03,+3.637631e-05)
Tree Size: 121548
MSE (sampled) 0.00299654
Timestep 3 Center of Mass = (-3.459740e-03,+2.469414e-03,+2.541255e-03)
Tree Size: 118942
MSE (sampled) 0.0295732
Timestep 4 Center of Mass = (-3.709604e-03,+7.212780e-03,+4.879231e-03)
Tree Size: 115881
MSE (sampled) 0.0219599
Timestep 5 Center of Mass = (-3.972823e-03,+1.196148e-02,+7.141378e-03)
Tree Size: 112230
MSE (sampled) 0.0452465
Timestep 6 Center of Mass = (-4.249817e-03,+1.670983e-02,+9.382622e-03)
Tree Size: 109576
MSE (sampled) 0.0206443
Timestep 7 Center of Mass = (-4.534959e-03,+2.145951e-02,+1.162303e-02)
Tree Size: 107381
MSE (sampled) 0.0307093
Timestep 8 Center of Mass = (-4.838794e-03,+2.619016e-02,+1.387831e-02)
Tree Size: 106606
MSE (sampled) 0.0645979
Timestep 9 Center of Mass = (-5.154568e-03,+3.092951e-02,+1.614842e-02)
Tree Size: 105707
MSE (sampled) 0.079084
Timestep 10 Center of Mass = (-5.464731e-03,+3.567347e-02,+1.843654e-02)
Tree Size: 105033
MSE (sampled) 0.0927633
Timestep 11 Center of Mass = (-5.767270e-03,+4.040742e-02,+2.072514e-02)
Tree Size: 104943
MSE (sampled) 0.0909829
Timestep 12 Center of Mass = (-6.068816e-03,+4.514032e-02,+2.302271e-02)
Tree Size: 104788
MSE (sampled) 0.0989793
Timestep 13 Center of Mass = (-6.368150e-03,+4.987208e-02,+2.531807e-02)
Tree Size: 104773
MSE (sampled) 0.137104
Timestep 14 Center of Mass = (-6.669421e-03,+5.460861e-02,+2.761453e-02)
Tree Size: 104872
MSE (sampled) 0.203012
Timestep 15 Center of Mass = (-6.970564e-03,+5.934717e-02,+2.991163e-02)
Tree Size: 105045
MSE (sampled) 0.127213
Timestep 16 Center of Mass = (-7.272180e-03,+6.408673e-02,+3.220960e-02)
Tree Size: 104900
MSE (sampled) 0.214308
Timestep 17 Center of Mass = (-7.574844e-03,+6.882754e-02,+3.450773e-02)
Tree Size: 105234
MSE (sampled) 0.297383
Timestep 18 Center of Mass = (-7.880039e-03,+7.356974e-02,+3.680681e-02)
Tree Size: 105239
MSE (sampled) 0.19729
Timestep 19 Center of Mass = (-8.188296e-03,+7.831397e-02,+3.910551e-02)
Tree Size: 105261
MSE (sampled) 0.330393
Timestep 20 Center of Mass = (-8.498870e-03,+8.306100e-02,+4.140403e-02)
Tree Size: 105252
MSE (sampled) 0.615807
Timestep 21 Center of Mass = (-8.812952e-03,+8.781056e-02,+4.370314e-02)
Tree Size: 105038
MSE (sampled) 0.95487
Timestep 22 Center of Mass = (-9.128864e-03,+9.256145e-02,+4.600348e-02)
Tree Size: 104755
MSE (sampled) 0.981105
Timestep 23 Center of Mass = (-9.446810e-03,+9.731319e-02,+4.830313e-02)
Tree Size: 104634
MSE (sampled) 0.364194
Timestep 24 Center of Mass = (-9.766516e-03,+1.020667e-01,+5.060203e-02)
STATTYPE,LOOP,CATEGORY,n,sum,T0,T1,T2,T3
STAT,(NULL),BuildTime,4,91,91,0,0,0
STAT,(NULL),ComputeTime,4,3941,3941,0,0,0
STAT,(NULL),LoopTime,4,6,6,0,0,0
STAT,(NULL),Threads,4,4,4,0,0,0
STAT,(NULL),Time,4,4340,4340,0,0,0
STAT,BuildTree,LoopTime,4,91,91,0,0,0
STAT,compute,Conflicts,4,0,0,0,0,0
STAT,compute,Iterations,4,750000,190207,185652,187055,187086
STAT,compute,LoopTime,4,3941,3941,0,0,0
STAT,map_reduce,LoopTime,4,181,181,0,0,0
Galois Benchmark Suite v2.2.1 (r0)
Copyright (C) 2014 The University of Texas at Austin
http://iss.ices.utexas.edu/galois/

application: Barnshut N-Body Simulator
Simulates gravitational forces in a galactic cluster using the Barnes-Hut n-body algorithm
http://iss.ices.utexas.edu/?p=projects/galois/benchmarks/barneshut

INFO: CommandLine ./barneshut -t 8 -n 30000 -steps 20 -seed 0
INFO: Hostname haci3
Barnes-Hut configuration: dtime: 0.5 eps: 0.05 tol: 0.05
30000 bodies, 20 time steps
Tree Size: 130740
MSE (sampled) 0.000108704
Timestep 0 Center of Mass = (-7.281824e-04,-9.780402e-03,-6.097917e-03)
Tree Size: 128326
MSE (sampled) 0.000128411
Timestep 1 Center of Mass = (-5.745338e-03,-5.824115e-03,-2.896140e-03)
Tree Size: 126459
MSE (sampled) 0.00110531
Timestep 2 Center of Mass = (-9.877102e-03,-2.473413e-04,+3.520293e-05)
Tree Size: 120535
MSE (sampled) 0.00291413
Timestep 3 Center of Mass = (-1.411575e-02,+5.560415e-03,+2.655213e-03)
Tree Size: 118098
MSE (sampled) 0.0330533
Timestep 4 Center of Mass = (-1.835433e-02,+1.141843e-02,+5.174450e-03)
Tree Size: 116474
MSE (sampled) 0.0301371
Timestep 5 Center of Mass = (-2.256452e-02,+1.733174e-02,+7.649038e-03)
Tree Size: 116256
MSE (sampled) 0.0157775
Timestep 6 Center of Mass = (-2.672072e-02,+2.325443e-02,+1.008693e-02)
Tree Size: 115821
MSE (sampled) 0.0344909
Timestep 7 Center of Mass = (-3.088837e-02,+2.918580e-02,+1.255383e-02)
Tree Size: 115470
MSE (sampled) 0.0355443
Timestep 8 Center of Mass = (-3.507023e-02,+3.512911e-02,+1.503458e-02)
Tree Size: 115336
MSE (sampled) 0.079104
Timestep 9 Center of Mass = (-3.926166e-02,+4.108195e-02,+1.749732e-02)
Tree Size: 115561
MSE (sampled) 0.0973592
Timestep 10 Center of Mass = (-4.346225e-02,+4.702905e-02,+1.995269e-02)
Tree Size: 115152
MSE (sampled) 0.1623
Timestep 11 Center of Mass = (-4.767637e-02,+5.296525e-02,+2.241080e-02)
Tree Size: 115743
MSE (sampled) 0.179624
Timestep 12 Center of Mass = (-5.189727e-02,+5.889034e-02,+2.487243e-02)
Tree Size: 115259
MSE (sampled) 0.234563
Timestep 13 Center of Mass = (-5.612692e-02,+6.480674e-02,+2.732869e-02)
Tree Size: 115570
MSE (sampled) 0.599994
Timestep 14 Center of Mass = (-6.036141e-02,+7.071469e-02,+2.978061e-02)
Tree Size: 115284
MSE (sampled) 0.578935
Timestep 15 Center of Mass = (-6.460187e-02,+7.662005e-02,+3.223151e-02)
Tree Size: 115282
MSE (sampled) 1.04632
Timestep 16 Center of Mass = (-6.884757e-02,+8.252298e-02,+3.467943e-02)
Tree Size: 115886
MSE (sampled) 1.51607
Timestep 17 Center of Mass = (-7.309888e-02,+8.842219e-02,+3.712533e-02)
Tree Size: 115939
MSE (sampled) 0.327248
Timestep 18 Center of Mass = (-7.735368e-02,+9.431939e-02,+3.957112e-02)
Tree Size: 115674
MSE (sampled) 0.382604
Timestep 19 Center of Mass = (-8.161410e-02,+1.002151e-01,+4.201772e-02)
STATTYPE,LOOP,CATEGORY,n,sum,T0,T1,T2,T3,T4,T5,T6,T7
STAT,(NULL),BuildTime,8,50,50,0,0,0,0,0,0,0
STAT,(NULL),ComputeTime,8,1367,1367,0,0,0,0,0,0,0
STAT,(NULL),LoopTime,8,13,13,0,0,0,0,0,0,0
STAT,(NULL),Threads,8,8,8,0,0,0,0,0,0,0
STAT,(NULL),Time,8,1618,1618,0,0,0,0,0,0,0
STAT,BuildTree,LoopTime,8,50,50,0,0,0,0,0,0,0
STAT,compute,Conflicts,8,0,0,0,0,0,0,0,0,0
STAT,compute,Iterations,8,600000,84124,80227,81651,79464,68422,66882,70407,68823
STAT,compute,LoopTime,8,1367,1367,0,0,0,0,0,0,0
STAT,map_reduce,LoopTime,8,90,90,0,0,0,0,0,0,0
Galois Benchmark Suite v2.2.1 (r0)
Copyright (C) 2014 The University of Texas at Austin
http://iss.ices.utexas.edu/galois/

application: Barnshut N-Body Simulator
Simulates gravitational forces in a galactic cluster using the Barnes-Hut n-body algorithm
http://iss.ices.utexas.edu/?p=projects/galois/benchmarks/barneshut

INFO: CommandLine ./barneshut -t 8 -n 30000 -steps 25 -seed 0
INFO: Hostname haci3
Barnes-Hut configuration: dtime: 0.5 eps: 0.05 tol: 0.05
30000 bodies, 25 time steps
Tree Size: 130804
MSE (sampled) 0.000108811
Timestep 0 Center of Mass = (-7.281824e-04,-9.780402e-03,-6.097917e-03)
Tree Size: 128934
MSE (sampled) 0.000141032
Timestep 1 Center of Mass = (-4.839585e-03,-6.468027e-03,-2.810590e-03)
Tree Size: 126636
MSE (sampled) 0.00100274
Timestep 2 Center of Mass = (-8.595296e-03,-1.632080e-03,+8.731553e-04)
Tree Size: 121451
MSE (sampled) 0.00260798
Timestep 3 Center of Mass = (-1.223239e-02,+3.531632e-03,+4.356314e-03)
Tree Size: 118989
MSE (sampled) 0.0277843
Timestep 4 Center of Mass = (-1.591974e-02,+8.733231e-03,+7.747527e-03)
Tree Size: 116436
MSE (sampled) 0.0198904
Timestep 5 Center of Mass = (-1.956111e-02,+1.393981e-02,+1.107093e-02)
Tree Size: 111606
MSE (sampled) 0.0296841
Timestep 6 Center of Mass = (-2.319103e-02,+1.914762e-02,+1.435937e-02)
Tree Size: 109611
MSE (sampled) 0.0165543
Timestep 7 Center of Mass = (-2.685331e-02,+2.433785e-02,+1.765376e-02)
Tree Size: 107604
MSE (sampled) 0.0331721
Timestep 8 Center of Mass = (-3.053777e-02,+2.953187e-02,+2.097084e-02)
Tree Size: 106798
MSE (sampled) 0.143388
Timestep 9 Center of Mass = (-3.423089e-02,+3.472688e-02,+2.429189e-02)
Tree Size: 105752
MSE (sampled) 0.0842565
Timestep 10 Center of Mass = (-3.791122e-02,+3.993200e-02,+2.761594e-02)
Tree Size: 104800
MSE (sampled) 0.169766
Timestep 11 Center of Mass = (-4.158121e-02,+4.513290e-02,+3.094648e-02)
Tree Size: 103437
MSE (sampled) 0.699186
Timestep 12 Center of Mass = (-4.525962e-02,+5.032818e-02,+3.428286e-02)
Tree Size: 102597
MSE (sampled) 0.444483
Timestep 13 Center of Mass = (-4.894071e-02,+5.552807e-02,+3.761892e-02)
Tree Size: 102320
MSE (sampled) 0.212044
Timestep 14 Center of Mass = (-5.262513e-02,+6.072892e-02,+4.095411e-02)
Tree Size: 101986
MSE (sampled) 0.596627
Timestep 15 Center of Mass = (-5.631266e-02,+6.593054e-02,+4.428971e-02)
Tree Size: 102322
MSE (sampled) 0.321049
Timestep 16 Center of Mass = (-6.000180e-02,+7.113212e-02,+4.762388e-02)
Tree Size: 102203
MSE (sampled) 0.307918
Timestep 17 Center of Mass = (-6.369143e-02,+7.633282e-02,+5.095667e-02)
Tree Size: 102326
MSE (sampled) 0.234868
Timestep 18 Center of Mass = (-6.738174e-02,+8.153438e-02,+5.428742e-02)
Tree Size: 102498
MSE (sampled) 0.165119
Timestep 19 Center of Mass = (-7.107272e-02,+8.673467e-02,+5.761858e-02)
Tree Size: 102278
MSE (sampled) 0.276983
Timestep 20 Center of Mass = (-7.476380e-02,+9.193214e-02,+6.095012e-02)
Tree Size: 102436
MSE (sampled) 0.343659
Timestep 21 Center of Mass = (-7.845358e-02,+9.712785e-02,+6.428116e-02)
Tree Size: 102499
MSE (sampled) 1.26661
Timestep 22 Center of Mass = (-8.214326e-02,+1.023218e-01,+6.761247e-02)
Tree Size: 102257
MSE (sampled) 1.4369
Timestep 23 Center of Mass = (-8.583181e-02,+1.075148e-01,+7.094409e-02)
Tree Size: 102145
MSE (sampled) 0.344091
Timestep 24 Center of Mass = (-8.952048e-02,+1.127065e-01,+7.427653e-02)
STATTYPE,LOOP,CATEGORY,n,sum,T0,T1,T2,T3,T4,T5,T6,T7
STAT,(NULL),BuildTime,8,50,50,0,0,0,0,0,0,0
STAT,(NULL),ComputeTime,8,2216,2216,0,0,0,0,0,0,0
STAT,(NULL),LoopTime,8,11,11,0,0,0,0,0,0,0
STAT,(NULL),Threads,8,8,8,0,0,0,0,0,0,0
STAT,(NULL),Time,8,2499,2499,0,0,0,0,0,0,0
STAT,BuildTree,LoopTime,8,50,50,0,0,0,0,0,0,0
STAT,compute,Conflicts,8,0,0,0,0,0,0,0,0,0
STAT,compute,Iterations,8,750000,98752,96602,95467,96936,90297,89611,91970,90365
STAT,compute,LoopTime,8,2216,2216,0,0,0,0,0,0,0
STAT,map_reduce,LoopTime,8,109,109,0,0,0,0,0,0,0
Galois Benchmark Suite v2.2.1 (r0)
Copyright (C) 2014 The University of Texas at Austin
http://iss.ices.utexas.edu/galois/

application: Barnshut N-Body Simulator
Simulates gravitational forces in a galactic cluster using the Barnes-Hut n-body algorithm
http://iss.ices.utexas.edu/?p=projects/galois/benchmarks/barneshut

INFO: CommandLine ./barneshut -t 16 -n 30000 -steps 20 -seed 0
INFO: Hostname haci3
Barnes-Hut configuration: dtime: 0.5 eps: 0.05 tol: 0.05
30000 bodies, 20 time steps
Tree Size: 131134
MSE (sampled) 0.000108595
Timestep 0 Center of Mass = (-7.281824e-04,-9.780402e-03,-6.097917e-03)
Tree Size: 128556
MSE (sampled) 0.000159775
Timestep 1 Center of Mass = (-3.987378e-03,-8.616997e-03,-5.790546e-03)
Tree Size: 126267
MSE (sampled) 0.00100672
Timestep 2 Center of Mass = (-6.341621e-03,-6.415795e-03,-5.641065e-03)
Tree Size: 121194
MSE (sampled) 0.00276019
Timestep 3 Center of Mass = (-8.588024e-03,-3.991717e-03,-5.786981e-03)
Tree Size: 118442
MSE (sampled) 0.00677825
Timestep 4 Center of Mass = (-1.077775e-02,-1.548367e-03,-5.914804e-03)
Tree Size: 114554
MSE (sampled) 0.022635
Timestep 5 Center of Mass = (-1.292287e-02,+9.357558e-04,-6.123847e-03)
Tree Size: 111465
MSE (sampled) 0.0228459
Timestep 6 Center of Mass = (-1.509406e-02,+3.382649e-03,-6.313576e-03)
Tree Size: 109690
MSE (sampled) 0.0137997
Timestep 7 Center of Mass = (-1.727155e-02,+5.815097e-03,-6.518496e-03)
Tree Size: 109883
MSE (sampled) 0.0200337
Timestep 8 Center of Mass = (-1.942707e-02,+8.252857e-03,-6.715702e-03)
Tree Size: 110113
MSE (sampled) 0.0393761
Timestep 9 Center of Mass = (-2.156755e-02,+1.068818e-02,-6.900255e-03)
Tree Size: 109683
MSE (sampled) 0.0580363
Timestep 10 Center of Mass = (-2.370139e-02,+1.311861e-02,-7.082170e-03)
Tree Size: 109519
MSE (sampled) 0.0690215
Timestep 11 Center of Mass = (-2.584161e-02,+1.554515e-02,-7.277249e-03)
Tree Size: 109508
MSE (sampled) 0.231358
Timestep 12 Center of Mass = (-2.799099e-02,+1.797171e-02,-7.465122e-03)
Tree Size: 109150
MSE (sampled) 0.122895
Timestep 13 Center of Mass = (-3.014466e-02,+2.039421e-02,-7.647837e-03)
Tree Size: 109377
MSE (sampled) 0.38927
Timestep 14 Center of Mass = (-3.230267e-02,+2.281408e-02,-7.829572e-03)
Tree Size: 109964
MSE (sampled) 0.248496
Timestep 15 Center of Mass = (-3.446714e-02,+2.523266e-02,-8.016088e-03)
Tree Size: 110127
MSE (sampled) 0.257215
Timestep 16 Center of Mass = (-3.663586e-02,+2.765127e-02,-8.208781e-03)
Tree Size: 110114
MSE (sampled) 0.570643
Timestep 17 Center of Mass = (-3.880680e-02,+3.007025e-02,-8.403520e-03)
Tree Size: 109885
MSE (sampled) 0.873579
Timestep 18 Center of Mass = (-4.098081e-02,+3.248862e-02,-8.597869e-03)
Tree Size: 109900
MSE (sampled) 0.403204
Timestep 19 Center of Mass = (-4.315597e-02,+3.490575e-02,-8.790658e-03)
STATTYPE,LOOP,CATEGORY,n,sum,T0,T1,T2,T3,T4,T5,T6,T7,T8,T9,T10,T11,T12,T13,T14,T15
STAT,(NULL),BuildTime,16,33,33,0,0,0,0,0,0,0,0,0,0,0,0,0,0,0
STAT,(NULL),ComputeTime,16,876,876,0,0,0,0,0,0,0,0,0,0,0,0,0,0,0
STAT,(NULL),LoopTime,16,20,20,0,0,0,0,0,0,0,0,0,0,0,0,0,0,0
STAT,(NULL),Threads,16,16,16,0,0,0,0,0,0,0,0,0,0,0,0,0,0,0
STAT,(NULL),Time,16,1082,1082,0,0,0,0,0,0,0,0,0,0,0,0,0,0,0
STAT,BuildTree,LoopTime,16,33,33,0,0,0,0,0,0,0,0,0,0,0,0,0,0,0
STAT,compute,Conflicts,16,0,0,0,0,0,0,0,0,0,0,0,0,0,0,0,0,0
STAT,compute,Iterations,16,600000,43084,40142,40060,39680,40266,40697,40262,40760,35578,34997,33781,33226,34880,35165,33599,33823
STAT,compute,LoopTime,16,876,876,0,0,0,0,0,0,0,0,0,0,0,0,0,0,0
STAT,map_reduce,LoopTime,16,40,40,0,0,0,0,0,0,0,0,0,0,0,0,0,0,0
Galois Benchmark Suite v2.2.1 (r0)
Copyright (C) 2014 The University of Texas at Austin
http://iss.ices.utexas.edu/galois/

application: Barnshut N-Body Simulator
Simulates gravitational forces in a galactic cluster using the Barnes-Hut n-body algorithm
http://iss.ices.utexas.edu/?p=projects/galois/benchmarks/barneshut

INFO: CommandLine ./barneshut -t 16 -n 30000 -steps 25 -seed 0
INFO: Hostname haci3
Barnes-Hut configuration: dtime: 0.5 eps: 0.05 tol: 0.05
30000 bodies, 25 time steps
Tree Size: 131266
MSE (sampled) 0.000108657
Timestep 0 Center of Mass = (-7.281824e-04,-9.780402e-03,-6.097917e-03)
Tree Size: 128352
MSE (sampled) 0.00015955
Timestep 1 Center of Mass = (-4.735855e-03,-5.316516e-03,-3.670939e-03)
Tree Size: 126357
MSE (sampled) 0.0010154
Timestep 2 Center of Mass = (-8.271657e-03,+3.496241e-04,-1.538485e-03)
Tree Size: 120786
MSE (sampled) 0.00299339
Timestep 3 Center of Mass = (-1.182449e-02,+6.421752e-03,+3.060158e-04)
Tree Size: 117758
MSE (sampled) 0.0227312
Timestep 4 Center of Mass = (-1.526851e-02,+1.257258e-02,+2.155428e-03)
Tree Size: 115281
MSE (sampled) 0.0185414
Timestep 5 Center of Mass = (-1.868881e-02,+1.871107e-02,+3.979558e-03)
Tree Size: 111754
MSE (sampled) 0.022492
Timestep 6 Center of Mass = (-2.215956e-02,+2.484946e-02,+5.822551e-03)
Tree Size: 109541
MSE (sampled) 0.0352715
Timestep 7 Center of Mass = (-2.564198e-02,+3.096805e-02,+7.663454e-03)
Tree Size: 110336
MSE (sampled) 0.0187508
Timestep 8 Center of Mass = (-2.912477e-02,+3.709923e-02,+9.515436e-03)
Tree Size: 109411
MSE (sampled) 0.0856401
Timestep 9 Center of Mass = (-3.260393e-02,+4.322343e-02,+1.139740e-02)
Tree Size: 109594
MSE (sampled) 0.0871395
Timestep 10 Center of Mass = (-3.608679e-02,+4.934102e-02,+1.327369e-02)
Tree Size: 109806
MSE (sampled) 0.106424
Timestep 11 Center of Mass = (-3.957302e-02,+5.545469e-02,+1.513859e-02)
Tree Size: 109671
MSE (sampled) 0.129445
Timestep 12 Center of Mass = (-4.306516e-02,+6.156159e-02,+1.700866e-02)
Tree Size: 109949
MSE (sampled) 0.456865
Timestep 13 Center of Mass = (-4.655447e-02,+6.766765e-02,+1.888207e-02)
Tree Size: 110098
MSE (sampled) 0.231293
Timestep 14 Center of Mass = (-5.004379e-02,+7.377065e-02,+2.075477e-02)
Tree Size: 110257
MSE (sampled) 0.24311
Timestep 15 Center of Mass = (-5.353619e-02,+7.987221e-02,+2.262823e-02)
Tree Size: 110540
MSE (sampled) 0.205584
Timestep 16 Center of Mass = (-5.703102e-02,+8.597415e-02,+2.450380e-02)
Tree Size: 110521
MSE (sampled) 1.8747
Timestep 17 Center of Mass = (-6.052847e-02,+9.207839e-02,+2.638136e-02)
Tree Size: 110490
MSE (sampled) 3.62414
Timestep 18 Center of Mass = (-6.402912e-02,+9.818677e-02,+2.826030e-02)
Tree Size: 110613
MSE (sampled) 0.415708
Timestep 19 Center of Mass = (-6.753010e-02,+1.042959e-01,+3.014195e-02)
Tree Size: 110142
MSE (sampled) 0.317407
Timestep 20 Center of Mass = (-7.103274e-02,+1.104062e-01,+3.202574e-02)
Tree Size: 109912
MSE (sampled) 0.20348
Timestep 21 Center of Mass = (-7.453808e-02,+1.165167e-01,+3.391294e-02)
Tree Size: 109423
MSE (sampled) 0.329376
Timestep 22 Center of Mass = (-7.804601e-02,+1.226262e-01,+3.580284e-02)
Tree Size: 109692
MSE (sampled) 0.760469
Timestep 23 Center of Mass = (-8.155622e-02,+1.287350e-01,+3.769491e-02)
Tree Size: 109953
MSE (sampled) 0.467419
Timestep 24 Center of Mass = (-8.506840e-02,+1.348430e-01,+3.958839e-02)
STATTYPE,LOOP,CATEGORY,n,sum,T0,T1,T2,T3,T4,T5,T6,T7,T8,T9,T10,T11,T12,T13,T14,T15
STAT,(NULL),BuildTime,16,51,51,0,0,0,0,0,0,0,0,0,0,0,0,0,0,0
STAT,(NULL),ComputeTime,16,1171,1171,0,0,0,0,0,0,0,0,0,0,0,0,0,0,0
STAT,(NULL),LoopTime,16,21,21,0,0,0,0,0,0,0,0,0,0,0,0,0,0,0
STAT,(NULL),Threads,16,16,16,0,0,0,0,0,0,0,0,0,0,0,0,0,0,0
STAT,(NULL),Time,16,1432,1432,0,0,0,0,0,0,0,0,0,0,0,0,0,0,0
STAT,BuildTree,LoopTime,16,51,51,0,0,0,0,0,0,0,0,0,0,0,0,0,0,0
STAT,compute,Conflicts,16,0,0,0,0,0,0,0,0,0,0,0,0,0,0,0,0,0
STAT,compute,Iterations,16,750000,53752,49665,50098,49402,50420,50505,49620,50974,44568,43726,41758,41566,43577,44809,42256,43304
STAT,compute,LoopTime,16,1171,1171,0,0,0,0,0,0,0,0,0,0,0,0,0,0,0
STAT,map_reduce,LoopTime,16,50,50,0,0,0,0,0,0,0,0,0,0,0,0,0,0,0
Galois Benchmark Suite v2.2.1 (r0)
Copyright (C) 2014 The University of Texas at Austin
http://iss.ices.utexas.edu/galois/

application: Barnshut N-Body Simulator
Simulates gravitational forces in a galactic cluster using the Barnes-Hut n-body algorithm
http://iss.ices.utexas.edu/?p=projects/galois/benchmarks/barneshut

INFO: CommandLine ./barneshut -t 24 -n 30000 -steps 20 -seed 0
INFO: Hostname haci3
Barnes-Hut configuration: dtime: 0.5 eps: 0.05 tol: 0.05
30000 bodies, 20 time steps
Tree Size: 131373
MSE (sampled) 0.000111125
Timestep 0 Center of Mass = (-7.281824e-04,-9.780402e-03,-6.097917e-03)
Tree Size: 128449
MSE (sampled) 0.000141899
Timestep 1 Center of Mass = (-1.772649e-03,-8.336735e-03,-6.170224e-03)
Tree Size: 126868
MSE (sampled) 0.00106005
Timestep 2 Center of Mass = (-2.402410e-03,-5.222163e-03,-6.490083e-03)
Tree Size: 121320
MSE (sampled) 0.00290827
Timestep 3 Center of Mass = (-3.059624e-03,-1.685823e-03,-7.196228e-03)
Tree Size: 118497
MSE (sampled) 0.0370304
Timestep 4 Center of Mass = (-3.665786e-03,+1.814983e-03,-7.981185e-03)
Tree Size: 115672
MSE (sampled) 0.0244786
Timestep 5 Center of Mass = (-4.310607e-03,+5.310492e-03,-8.787519e-03)
Tree Size: 112399
MSE (sampled) 0.0237923
Timestep 6 Center of Mass = (-4.968283e-03,+8.808665e-03,-9.617427e-03)
Tree Size: 109297
MSE (sampled) 0.0154047
Timestep 7 Center of Mass = (-5.645834e-03,+1.230860e-02,-1.045561e-02)
Tree Size: 107310
MSE (sampled) 0.0333207
Timestep 8 Center of Mass = (-6.322248e-03,+1.579620e-02,-1.129979e-02)
Tree Size: 105633
MSE (sampled) 0.04624
Timestep 9 Center of Mass = (-7.008405e-03,+1.928069e-02,-1.214457e-02)
Tree Size: 104799
MSE (sampled) 0.0663106
Timestep 10 Center of Mass = (-7.700520e-03,+2.276406e-02,-1.298763e-02)
Tree Size: 103094
MSE (sampled) 0.53348
Timestep 11 Center of Mass = (-8.387965e-03,+2.623926e-02,-1.383637e-02)
Tree Size: 102341
MSE (sampled) 0.0710906
Timestep 12 Center of Mass = (-9.074300e-03,+2.971544e-02,-1.469014e-02)
Tree Size: 102104
MSE (sampled) 0.0373291
Timestep 13 Center of Mass = (-9.765424e-03,+3.319009e-02,-1.553886e-02)
Tree Size: 102098
MSE (sampled) 0.282095
Timestep 14 Center of Mass = (-1.045769e-02,+3.666251e-02,-1.638311e-02)
Tree Size: 102400
MSE (sampled) 0.174984
Timestep 15 Center of Mass = (-1.115251e-02,+4.013356e-02,-1.722175e-02)
Tree Size: 102296
MSE (sampled) 0.147012
Timestep 16 Center of Mass = (-1.184568e-02,+4.360154e-02,-1.806015e-02)
Tree Size: 102187
MSE (sampled) 0.289497
Timestep 17 Center of Mass = (-1.253807e-02,+4.706626e-02,-1.889579e-02)
Tree Size: 102211
MSE (sampled) 0.197624
Timestep 18 Center of Mass = (-1.323072e-02,+5.052886e-02,-1.972996e-02)
Tree Size: 101961
MSE (sampled) 0.189572
Timestep 19 Center of Mass = (-1.392130e-02,+5.399008e-02,-2.056445e-02)
STATTYPE,LOOP,CATEGORY,n,sum,T0,T1,T2,T3,T4,T5,T6,T7,T8,T9,T10,T11,T12,T13,T14,T15,T16,T17,T18,T19,T20,T21,T22,T23
STAT,(NULL),BuildTime,24,34,34,0,0,0,0,0,0,0,0,0,0,0,0,0,0,0,0,0,0,0,0,0,0,0
STAT,(NULL),ComputeTime,24,734,734,0,0,0,0,0,0,0,0,0,0,0,0,0,0,0,0,0,0,0,0,0,0,0
STAT,(NULL),LoopTime,24,29,29,0,0,0,0,0,0,0,0,0,0,0,0,0,0,0,0,0,0,0,0,0,0,0
STAT,(NULL),Threads,24,24,24,0,0,0,0,0,0,0,0,0,0,0,0,0,0,0,0,0,0,0,0,0,0,0
STAT,(NULL),Time,24,934,934,0,0,0,0,0,0,0,0,0,0,0,0,0,0,0,0,0,0,0,0,0,0,0
STAT,BuildTree,LoopTime,24,34,34,0,0,0,0,0,0,0,0,0,0,0,0,0,0,0,0,0,0,0,0,0,0,0
STAT,compute,Conflicts,24,0,0,0,0,0,0,0,0,0,0,0,0,0,0,0,0,0,0,0,0,0,0,0,0,0
STAT,compute,Iterations,24,600000,30399,26113,27229,27073,26814,26838,27212,27256,24677,24405,23617,24042,24234,23955,23492,23361,23130,23220,23761,23795,24325,23733,23727,23592
STAT,compute,LoopTime,24,734,734,0,0,0,0,0,0,0,0,0,0,0,0,0,0,0,0,0,0,0,0,0,0,0
STAT,map_reduce,LoopTime,24,40,40,0,0,0,0,0,0,0,0,0,0,0,0,0,0,0,0,0,0,0,0,0,0,0
Galois Benchmark Suite v2.2.1 (r0)
Copyright (C) 2014 The University of Texas at Austin
http://iss.ices.utexas.edu/galois/

application: Barnshut N-Body Simulator
Simulates gravitational forces in a galactic cluster using the Barnes-Hut n-body algorithm
http://iss.ices.utexas.edu/?p=projects/galois/benchmarks/barneshut

INFO: CommandLine ./barneshut -t 24 -n 30000 -steps 25 -seed 0
INFO: Hostname haci3
Barnes-Hut configuration: dtime: 0.5 eps: 0.05 tol: 0.05
30000 bodies, 25 time steps
Tree Size: 131331
MSE (sampled) 0.000110797
Timestep 0 Center of Mass = (-7.281824e-04,-9.780402e-03,-6.097917e-03)
Tree Size: 129089
MSE (sampled) 0.000169117
Timestep 1 Center of Mass = (+3.509674e-03,-9.140532e-03,-2.343217e-03)
Tree Size: 127062
MSE (sampled) 0.00108031
Timestep 2 Center of Mass = (+9.054703e-03,-7.303397e-03,+1.465009e-03)
Tree Size: 121521
MSE (sampled) 0.00256192
Timestep 3 Center of Mass = (+1.487515e-02,-4.896181e-03,+4.785836e-03)
Tree Size: 118895
MSE (sampled) 0.0648807
Timestep 4 Center of Mass = (+2.080226e-02,-2.427192e-03,+7.924551e-03)
Tree Size: 116438
MSE (sampled) 0.0233232
Timestep 5 Center of Mass = (+2.673390e-02,+7.978406e-05,+1.101437e-02)
Tree Size: 112048
MSE (sampled) 0.0329885
Timestep 6 Center of Mass = (+3.263357e-02,+2.560700e-03,+1.405835e-02)
Tree Size: 109603
MSE (sampled) 0.0247669
Timestep 7 Center of Mass = (+3.853482e-02,+5.027284e-03,+1.708668e-02)
Tree Size: 107608
MSE (sampled) 0.0506686
Timestep 8 Center of Mass = (+4.442957e-02,+7.478269e-03,+2.014097e-02)
Tree Size: 108484
MSE (sampled) 0.985233
Timestep 9 Center of Mass = (+5.031124e-02,+9.917130e-03,+2.319237e-02)
Tree Size: 108568
MSE (sampled) 0.220479
Timestep 10 Center of Mass = (+5.618849e-02,+1.235151e-02,+2.625102e-02)
Tree Size: 107629
MSE (sampled) 2.33316
Timestep 11 Center of Mass = (+6.206197e-02,+1.478628e-02,+2.930452e-02)
Tree Size: 108682
MSE (sampled) 0.0654518
Timestep 12 Center of Mass = (+6.793637e-02,+1.721768e-02,+3.235457e-02)
Tree Size: 108559
MSE (sampled) 0.101923
Timestep 13 Center of Mass = (+7.381241e-02,+1.965036e-02,+3.540446e-02)
Tree Size: 108339
MSE (sampled) 0.0905576
Timestep 14 Center of Mass = (+7.969344e-02,+2.208302e-02,+3.845467e-02)
Tree Size: 108742
MSE (sampled) 0.213714
Timestep 15 Center of Mass = (+8.558000e-02,+2.451257e-02,+4.150305e-02)
Tree Size: 108773
MSE (sampled) 0.305026
Timestep 16 Center of Mass = (+9.147773e-02,+2.694108e-02,+4.454770e-02)
Tree Size: 108840
MSE (sampled) 0.466232
Timestep 17 Center of Mass = (+9.738419e-02,+2.936735e-02,+4.758969e-02)
Tree Size: 108924
MSE (sampled) 0.459952
Timestep 18 Center of Mass = (+1.032996e-01,+3.179094e-02,+5.063023e-02)
Tree Size: 109018
MSE (sampled) 0.977813
Timestep 19 Center of Mass = (+1.092242e-01,+3.421348e-02,+5.367121e-02)
Tree Size: 108870
MSE (sampled) 0.688465
Timestep 20 Center of Mass = (+1.151577e-01,+3.663369e-02,+5.671465e-02)
Tree Size: 108649
MSE (sampled) 0.616233
Timestep 21 Center of Mass = (+1.210977e-01,+3.905077e-02,+5.975905e-02)
Tree Size: 108525
MSE (sampled) 0.808575
Timestep 22 Center of Mass = (+1.270445e-01,+4.146395e-02,+6.280394e-02)
Tree Size: 108399
MSE (sampled) 3.58961
Timestep 23 Center of Mass = (+1.329974e-01,+4.387335e-02,+6.585077e-02)
Tree Size: 108359
MSE (sampled) 15.1147
Timestep 24 Center of Mass = (+1.389562e-01,+4.628048e-02,+6.889930e-02)
STATTYPE,LOOP,CATEGORY,n,sum,T0,T1,T2,T3,T4,T5,T6,T7,T8,T9,T10,T11,T12,T13,T14,T15,T16,T17,T18,T19,T20,T21,T22,T23
STAT,(NULL),BuildTime,24,38,38,0,0,0,0,0,0,0,0,0,0,0,0,0,0,0,0,0,0,0,0,0,0,0
STAT,(NULL),ComputeTime,24,751,751,0,0,0,0,0,0,0,0,0,0,0,0,0,0,0,0,0,0,0,0,0,0,0
STAT,(NULL),LoopTime,24,29,29,0,0,0,0,0,0,0,0,0,0,0,0,0,0,0,0,0,0,0,0,0,0,0
STAT,(NULL),Threads,24,24,24,0,0,0,0,0,0,0,0,0,0,0,0,0,0,0,0,0,0,0,0,0,0,0
STAT,(NULL),Time,24,1006,1006,0,0,0,0,0,0,0,0,0,0,0,0,0,0,0,0,0,0,0,0,0,0,0
STAT,BuildTree,LoopTime,24,38,38,0,0,0,0,0,0,0,0,0,0,0,0,0,0,0,0,0,0,0,0,0,0,0
STAT,compute,Conflicts,24,0,0,0,0,0,0,0,0,0,0,0,0,0,0,0,0,0,0,0,0,0,0,0,0,0
STAT,compute,Iterations,24,750000,37666,32783,34602,33544,33647,33582,33545,33279,29471,29676,29223,29661,29094,29411,29461,29083,29722,29770,30361,30386,30689,30586,30309,30449
STAT,compute,LoopTime,24,751,751,0,0,0,0,0,0,0,0,0,0,0,0,0,0,0,0,0,0,0,0,0,0,0
STAT,map_reduce,LoopTime,24,50,50,0,0,0,0,0,0,0,0,0,0,0,0,0,0,0,0,0,0,0,0,0,0,0
Galois Benchmark Suite v2.2.1 (r0)
Copyright (C) 2014 The University of Texas at Austin
http://iss.ices.utexas.edu/galois/

application: Barnshut N-Body Simulator
Simulates gravitational forces in a galactic cluster using the Barnes-Hut n-body algorithm
http://iss.ices.utexas.edu/?p=projects/galois/benchmarks/barneshut

INFO: CommandLine ./barneshut -t 32 -n 30000 -steps 20 -seed 0
INFO: Hostname haci3
Barnes-Hut configuration: dtime: 0.5 eps: 0.05 tol: 0.05
30000 bodies, 20 time steps
Tree Size: 131547
MSE (sampled) 0.000108701
Timestep 0 Center of Mass = (-7.281824e-04,-9.780402e-03,-6.097917e-03)
Tree Size: 129198
MSE (sampled) 0.000127636
Timestep 1 Center of Mass = (-6.322799e-03,-8.167966e-03,-5.225460e-03)
Tree Size: 126016
MSE (sampled) 0.00102616
Timestep 2 Center of Mass = (-1.115642e-02,-5.481166e-03,-5.058168e-03)
Tree Size: 120986
MSE (sampled) 0.00296903
Timestep 3 Center of Mass = (-1.607306e-02,-2.628402e-03,-5.021851e-03)
Tree Size: 118360
MSE (sampled) 0.0371063
Timestep 4 Center of Mass = (-2.103054e-02,+2.502730e-04,-5.027403e-03)
Tree Size: 116285
MSE (sampled) 0.0179885
Timestep 5 Center of Mass = (-2.602009e-02,+3.174593e-03,-5.062541e-03)
Tree Size: 117062
MSE (sampled) 0.0129323
Timestep 6 Center of Mass = (-3.100633e-02,+6.118558e-03,-5.088863e-03)
Tree Size: 115501
MSE (sampled) 0.0348436
Timestep 7 Center of Mass = (-3.599276e-02,+9.085464e-03,-5.087566e-03)
Tree Size: 114601
MSE (sampled) 0.0353687
Timestep 8 Center of Mass = (-4.098271e-02,+1.207106e-02,-5.063847e-03)
Tree Size: 115414
MSE (sampled) 0.0668821
Timestep 9 Center of Mass = (-4.599622e-02,+1.504516e-02,-5.050254e-03)
Tree Size: 115188
MSE (sampled) 0.107441
Timestep 10 Center of Mass = (-5.101962e-02,+1.801256e-02,-5.047397e-03)
Tree Size: 115027
MSE (sampled) 0.203923
Timestep 11 Center of Mass = (-5.604093e-02,+2.096830e-02,-5.047191e-03)
Tree Size: 115683
MSE (sampled) 0.151588
Timestep 12 Center of Mass = (-6.106114e-02,+2.391763e-02,-5.047930e-03)
Tree Size: 115447
MSE (sampled) 0.178966
Timestep 13 Center of Mass = (-6.608253e-02,+2.685950e-02,-5.045557e-03)
Tree Size: 115127
MSE (sampled) 0.791042
Timestep 14 Center of Mass = (-7.110336e-02,+2.979426e-02,-5.045213e-03)
Tree Size: 115232
MSE (sampled) 0.752394
Timestep 15 Center of Mass = (-7.612609e-02,+3.272420e-02,-5.047994e-03)
Tree Size: 115698
MSE (sampled) 0.22181
Timestep 16 Center of Mass = (-8.115057e-02,+3.565139e-02,-5.055109e-03)
Tree Size: 115884
MSE (sampled) 0.300682
Timestep 17 Center of Mass = (-8.617642e-02,+3.857579e-02,-5.064577e-03)
Tree Size: 114967
MSE (sampled) 0.264741
Timestep 18 Center of Mass = (-9.120614e-02,+4.149726e-02,-5.075586e-03)
Tree Size: 115303
MSE (sampled) 0.292555
Timestep 19 Center of Mass = (-9.623970e-02,+4.441764e-02,-5.087946e-03)
STATTYPE,LOOP,CATEGORY,n,sum,T0,T1,T2,T3,T4,T5,T6,T7,T8,T9,T10,T11,T12,T13,T14,T15,T16,T17,T18,T19,T20,T21,T22,T23,T24,T25,T26,T27,T28,T29,T30,T31
STAT,(NULL),BuildTime,32,39,39,0,0,0,0,0,0,0,0,0,0,0,0,0,0,0,0,0,0,0,0,0,0,0,0,0,0,0,0,0,0,0
STAT,(NULL),ComputeTime,32,493,493,0,0,0,0,0,0,0,0,0,0,0,0,0,0,0,0,0,0,0,0,0,0,0,0,0,0,0,0,0,0,0
STAT,(NULL),LoopTime,32,39,39,0,0,0,0,0,0,0,0,0,0,0,0,0,0,0,0,0,0,0,0,0,0,0,0,0,0,0,0,0,0,0
STAT,(NULL),Threads,32,32,32,0,0,0,0,0,0,0,0,0,0,0,0,0,0,0,0,0,0,0,0,0,0,0,0,0,0,0,0,0,0,0
STAT,(NULL),Time,32,712,712,0,0,0,0,0,0,0,0,0,0,0,0,0,0,0,0,0,0,0,0,0,0,0,0,0,0,0,0,0,0,0
STAT,BuildTree,LoopTime,32,39,39,0,0,0,0,0,0,0,0,0,0,0,0,0,0,0,0,0,0,0,0,0,0,0,0,0,0,0,0,0,0,0
STAT,compute,Conflicts,32,0,0,0,0,0,0,0,0,0,0,0,0,0,0,0,0,0,0,0,0,0,0,0,0,0,0,0,0,0,0,0,0,0
STAT,compute,Iterations,32,600000,17255,14682,14985,15172,21799,22807,22581,22445,20318,20219,19689,19406,19365,18834,18956,19552,19011,19503,18888,18731,18719,19012,19120,19235,20121,19777,19991,19416,16634,14380,14489,14908
STAT,compute,LoopTime,32,492,492,0,0,0,0,0,0,0,0,0,0,0,0,0,0,0,0,0,0,0,0,0,0,0,0,0,0,0,0,0,0,0
STAT,map_reduce,LoopTime,32,40,40,0,0,0,0,0,0,0,0,0,0,0,0,0,0,0,0,0,0,0,0,0,0,0,0,0,0,0,0,0,0,0
Galois Benchmark Suite v2.2.1 (r0)
Copyright (C) 2014 The University of Texas at Austin
http://iss.ices.utexas.edu/galois/

application: Barnshut N-Body Simulator
Simulates gravitational forces in a galactic cluster using the Barnes-Hut n-body algorithm
http://iss.ices.utexas.edu/?p=projects/galois/benchmarks/barneshut

INFO: CommandLine ./barneshut -t 32 -n 30000 -steps 25 -seed 0
INFO: Hostname haci3
Barnes-Hut configuration: dtime: 0.5 eps: 0.05 tol: 0.05
30000 bodies, 25 time steps
Tree Size: 131666
MSE (sampled) 0.000107918
Timestep 0 Center of Mass = (-7.281824e-04,-9.780402e-03,-6.097917e-03)
Tree Size: 129508
MSE (sampled) 0.000128137
Timestep 1 Center of Mass = (-3.824670e-03,-9.756234e-03,-7.093833e-03)
Tree Size: 126323
MSE (sampled) 0.00116334
Timestep 2 Center of Mass = (-5.715183e-03,-8.918949e-03,-9.107575e-03)
Tree Size: 120907
MSE (sampled) 0.00305933
Timestep 3 Center of Mass = (-7.537255e-03,-8.022496e-03,-1.137647e-02)
Tree Size: 118417
MSE (sampled) 0.0197777
Timestep 4 Center of Mass = (-9.377396e-03,-7.053184e-03,-1.370556e-02)
Tree Size: 118253
MSE (sampled) 0.0134291
Timestep 5 Center of Mass = (-1.117996e-02,-6.098678e-03,-1.605869e-02)
Tree Size: 117436
MSE (sampled) 0.0427181
Timestep 6 Center of Mass = (-1.297967e-02,-5.138339e-03,-1.838828e-02)
Tree Size: 116747
MSE (sampled) 0.0955271
Timestep 7 Center of Mass = (-1.480770e-02,-4.150686e-03,-2.067864e-02)
Tree Size: 116973
MSE (sampled) 0.0260413
Timestep 8 Center of Mass = (-1.663845e-02,-3.155806e-03,-2.293812e-02)
Tree Size: 116796
MSE (sampled) 0.039104
Timestep 9 Center of Mass = (-1.849061e-02,-2.158047e-03,-2.517484e-02)
Tree Size: 116607
MSE (sampled) 0.109489
Timestep 10 Center of Mass = (-2.035552e-02,-1.154264e-03,-2.739516e-02)
Tree Size: 116308
MSE (sampled) 0.303299
Timestep 11 Center of Mass = (-2.223049e-02,-1.447322e-04,-2.960670e-02)
Tree Size: 116290
MSE (sampled) 0.176057
Timestep 12 Center of Mass = (-2.411801e-02,+8.698062e-04,-3.181191e-02)
Tree Size: 116418
MSE (sampled) 0.327927
Timestep 13 Center of Mass = (-2.602042e-02,+1.887239e-03,-3.400652e-02)
Tree Size: 116122
MSE (sampled) 0.295343
Timestep 14 Center of Mass = (-2.792756e-02,+2.908055e-03,-3.619102e-02)
Tree Size: 116793
MSE (sampled) 0.511756
Timestep 15 Center of Mass = (-2.983849e-02,+3.933836e-03,-3.836568e-02)
Tree Size: 116923
MSE (sampled) 0.584014
Timestep 16 Center of Mass = (-3.175187e-02,+4.965382e-03,-4.053375e-02)
Tree Size: 116685
MSE (sampled) 0.250526
Timestep 17 Center of Mass = (-3.366768e-02,+6.001518e-03,-4.269545e-02)
Tree Size: 116615
MSE (sampled) 0.707829
Timestep 18 Center of Mass = (-3.558442e-02,+7.038905e-03,-4.485341e-02)
Tree Size: 116508
MSE (sampled) 0.475077
Timestep 19 Center of Mass = (-3.750143e-02,+8.077100e-03,-4.700909e-02)
Tree Size: 116511
MSE (sampled) 0.26628
Timestep 20 Center of Mass = (-3.942025e-02,+9.116185e-03,-4.916206e-02)
Tree Size: 116526
MSE (sampled) 0.857794
Timestep 21 Center of Mass = (-4.134028e-02,+1.015421e-02,-5.131406e-02)
Tree Size: 116686
MSE (sampled) 0.269076
Timestep 22 Center of Mass = (-4.326264e-02,+1.119262e-02,-5.346472e-02)
Tree Size: 116399
MSE (sampled) 0.261759
Timestep 23 Center of Mass = (-4.518692e-02,+1.223150e-02,-5.561493e-02)
Tree Size: 116238
MSE (sampled) 0.32822
Timestep 24 Center of Mass = (-4.711334e-02,+1.327125e-02,-5.776393e-02)
STATTYPE,LOOP,CATEGORY,n,sum,T0,T1,T2,T3,T4,T5,T6,T7,T8,T9,T10,T11,T12,T13,T14,T15,T16,T17,T18,T19,T20,T21,T22,T23,T24,T25,T26,T27,T28,T29,T30,T31
STAT,(NULL),BuildTime,32,44,44,0,0,0,0,0,0,0,0,0,0,0,0,0,0,0,0,0,0,0,0,0,0,0,0,0,0,0,0,0,0,0
STAT,(NULL),ComputeTime,32,745,745,0,0,0,0,0,0,0,0,0,0,0,0,0,0,0,0,0,0,0,0,0,0,0,0,0,0,0,0,0,0,0
STAT,(NULL),LoopTime,32,39,39,0,0,0,0,0,0,0,0,0,0,0,0,0,0,0,0,0,0,0,0,0,0,0,0,0,0,0,0,0,0,0
STAT,(NULL),Threads,32,32,32,0,0,0,0,0,0,0,0,0,0,0,0,0,0,0,0,0,0,0,0,0,0,0,0,0,0,0,0,0,0,0
STAT,(NULL),Time,32,1008,1008,0,0,0,0,0,0,0,0,0,0,0,0,0,0,0,0,0,0,0,0,0,0,0,0,0,0,0,0,0,0,0
STAT,BuildTree,LoopTime,32,44,44,0,0,0,0,0,0,0,0,0,0,0,0,0,0,0,0,0,0,0,0,0,0,0,0,0,0,0,0,0,0,0
STAT,compute,Conflicts,32,0,0,0,0,0,0,0,0,0,0,0,0,0,0,0,0,0,0,0,0,0,0,0,0,0,0,0,0,0,0,0,0,0
STAT,compute,Iterations,32,750000,20702,17941,17651,18263,26948,28085,26554,27333,24276,25170,24354,24764,24174,24513,24071,24436,25327,25240,25156,24871,24884,24996,25306,24693,23618,23211,25005,24553,20523,17983,17631,17768
STAT,compute,LoopTime,32,744,744,0,0,0,0,0,0,0,0,0,0,0,0,0,0,0,0,0,0,0,0,0,0,0,0,0,0,0,0,0,0,0
STAT,map_reduce,LoopTime,32,50,50,0,0,0,0,0,0,0,0,0,0,0,0,0,0,0,0,0,0,0,0,0,0,0,0,0,0,0,0,0,0,0
Galois Benchmark Suite v2.2.1 (r0)
Copyright (C) 2014 The University of Texas at Austin
http://iss.ices.utexas.edu/galois/

application: Barnshut N-Body Simulator
Simulates gravitational forces in a galactic cluster using the Barnes-Hut n-body algorithm
http://iss.ices.utexas.edu/?p=projects/galois/benchmarks/barneshut

INFO: CommandLine ./barneshut -t 40 -n 30000 -steps 20 -seed 0
INFO: Hostname haci3
Barnes-Hut configuration: dtime: 0.5 eps: 0.05 tol: 0.05
30000 bodies, 20 time steps
Tree Size: 131564
MSE (sampled) 0.000109439
Timestep 0 Center of Mass = (-7.281824e-04,-9.780402e-03,-6.097917e-03)
Tree Size: 128811
MSE (sampled) 0.000155682
Timestep 1 Center of Mass = (-9.518941e-04,-8.391254e-03,-5.047096e-03)
Tree Size: 127231
MSE (sampled) 0.00101029
Timestep 2 Center of Mass = (-7.680939e-04,-5.726262e-03,-3.601434e-03)
Tree Size: 121481
MSE (sampled) 0.00315437
Timestep 3 Center of Mass = (-5.011939e-04,-2.670982e-03,-2.300030e-03)
Tree Size: 118733
MSE (sampled) 0.0307818
Timestep 4 Center of Mass = (-2.862753e-04,+3.356001e-04,-1.026076e-03)
Tree Size: 116184
MSE (sampled) 0.0172635
Timestep 5 Center of Mass = (-3.724837e-05,+3.361197e-03,+1.743220e-04)
Tree Size: 112240
MSE (sampled) 0.0284669
Timestep 6 Center of Mass = (+1.944967e-04,+6.394708e-03,+1.361586e-03)
Tree Size: 109253
MSE (sampled) 0.0169159
Timestep 7 Center of Mass = (+4.071627e-04,+9.434707e-03,+2.555852e-03)
Tree Size: 107669
MSE (sampled) 0.0313887
Timestep 8 Center of Mass = (+6.122341e-04,+1.247798e-02,+3.744469e-03)
Tree Size: 106279
MSE (sampled) 0.0486641
Timestep 9 Center of Mass = (+7.972819e-04,+1.551771e-02,+4.930446e-03)
Tree Size: 104553
MSE (sampled) 0.288702
Timestep 10 Center of Mass = (+9.794565e-04,+1.855896e-02,+6.112832e-03)
Tree Size: 103569
MSE (sampled) 1.13438
Timestep 11 Center of Mass = (+1.164892e-03,+2.160196e-02,+7.292873e-03)
Tree Size: 102940
MSE (sampled) 0.102429
Timestep 12 Center of Mass = (+1.351293e-03,+2.464696e-02,+8.471373e-03)
Tree Size: 101972
MSE (sampled) 0.116492
Timestep 13 Center of Mass = (+1.541000e-03,+2.769890e-02,+9.648734e-03)
Tree Size: 101044
MSE (sampled) 0.179565
Timestep 14 Center of Mass = (+1.729020e-03,+3.075206e-02,+1.082992e-02)
Tree Size: 101402
MSE (sampled) 0.131695
Timestep 15 Center of Mass = (+1.917317e-03,+3.380645e-02,+1.201199e-02)
Tree Size: 101181
MSE (sampled) 0.178321
Timestep 16 Center of Mass = (+2.102341e-03,+3.686515e-02,+1.319109e-02)
Tree Size: 101004
MSE (sampled) 0.232914
Timestep 17 Center of Mass = (+2.288871e-03,+3.992530e-02,+1.436713e-02)
Tree Size: 101248
MSE (sampled) 0.208483
Timestep 18 Center of Mass = (+2.476490e-03,+4.298526e-02,+1.554215e-02)
Tree Size: 101166
MSE (sampled) 0.154347
Timestep 19 Center of Mass = (+2.665774e-03,+4.604460e-02,+1.671598e-02)
STATTYPE,LOOP,CATEGORY,n,sum,T0,T1,T2,T3,T4,T5,T6,T7,T8,T9,T10,T11,T12,T13,T14,T15,T16,T17,T18,T19,T20,T21,T22,T23,T24,T25,T26,T27,T28,T29,T30,T31,T32,T33,T34,T35,T36,T37,T38,T39
STAT,(NULL),BuildTime,40,32,32,0,0,0,0,0,0,0,0,0,0,0,0,0,0,0,0,0,0,0,0,0,0,0,0,0,0,0,0,0,0,0,0,0,0,0,0,0,0,0
STAT,(NULL),ComputeTime,40,630,630,0,0,0,0,0,0,0,0,0,0,0,0,0,0,0,0,0,0,0,0,0,0,0,0,0,0,0,0,0,0,0,0,0,0,0,0,0,0,0
STAT,(NULL),LoopTime,40,54,54,0,0,0,0,0,0,0,0,0,0,0,0,0,0,0,0,0,0,0,0,0,0,0,0,0,0,0,0,0,0,0,0,0,0,0,0,0,0,0
STAT,(NULL),Threads,40,40,40,0,0,0,0,0,0,0,0,0,0,0,0,0,0,0,0,0,0,0,0,0,0,0,0,0,0,0,0,0,0,0,0,0,0,0,0,0,0,0
STAT,(NULL),Time,40,829,829,0,0,0,0,0,0,0,0,0,0,0,0,0,0,0,0,0,0,0,0,0,0,0,0,0,0,0,0,0,0,0,0,0,0,0,0,0,0,0
STAT,BuildTree,LoopTime,40,32,32,0,0,0,0,0,0,0,0,0,0,0,0,0,0,0,0,0,0,0,0,0,0,0,0,0,0,0,0,0,0,0,0,0,0,0,0,0,0,0
STAT,compute,Conflicts,40,0,0,0,0,0,0,0,0,0,0,0,0,0,0,0,0,0,0,0,0,0,0,0,0,0,0,0,0,0,0,0,0,0,0,0,0,0,0,0,0,0
STAT,compute,Iterations,40,600000,15145,13507,12967,13186,13608,13427,13474,13477,12665,12626,11758,11501,17227,18137,18063,17919,17796,18430,18496,18696,18518,18429,18318,18633,18337,17514,17913,17660,14679,13238,12962,13084,13053,13199,13259,13512,11609,11492,11310,11176
STAT,compute,LoopTime,40,630,630,0,0,0,0,0,0,0,0,0,0,0,0,0,0,0,0,0,0,0,0,0,0,0,0,0,0,0,0,0,0,0,0,0,0,0,0,0,0,0
STAT,map_reduce,LoopTime,40,20,20,0,0,0,0,0,0,0,0,0,0,0,0,0,0,0,0,0,0,0,0,0,0,0,0,0,0,0,0,0,0,0,0,0,0,0,0,0,0,0
Galois Benchmark Suite v2.2.1 (r0)
Copyright (C) 2014 The University of Texas at Austin
http://iss.ices.utexas.edu/galois/

application: Barnshut N-Body Simulator
Simulates gravitational forces in a galactic cluster using the Barnes-Hut n-body algorithm
http://iss.ices.utexas.edu/?p=projects/galois/benchmarks/barneshut

INFO: CommandLine ./barneshut -t 40 -n 30000 -steps 25 -seed 0
INFO: Hostname haci3
Barnes-Hut configuration: dtime: 0.5 eps: 0.05 tol: 0.05
30000 bodies, 25 time steps
Tree Size: 131463
MSE (sampled) 0.000104436
Timestep 0 Center of Mass = (-7.281824e-04,-9.780402e-03,-6.097917e-03)
Tree Size: 129555
MSE (sampled) 0.000158531
Timestep 1 Center of Mass = (-3.007731e-03,-9.447703e-03,-7.422085e-03)
Tree Size: 126217
MSE (sampled) 0.0012506
Timestep 2 Center of Mass = (-5.069392e-03,-8.015666e-03,-9.380775e-03)
Tree Size: 120872
MSE (sampled) 0.00382158
Timestep 3 Center of Mass = (-7.612049e-03,-6.551572e-03,-1.135714e-02)
Tree Size: 118538
MSE (sampled) 0.00801253
Timestep 4 Center of Mass = (-1.026009e-02,-5.095458e-03,-1.330737e-02)
Tree Size: 117912
MSE (sampled) 0.00925656
Timestep 5 Center of Mass = (-1.291017e-02,-3.636839e-03,-1.525664e-02)
Tree Size: 116785
MSE (sampled) 0.0446131
Timestep 6 Center of Mass = (-1.552713e-02,-2.182025e-03,-1.722209e-02)
Tree Size: 115850
MSE (sampled) 0.0660252
Timestep 7 Center of Mass = (-1.817112e-02,-7.088267e-04,-1.916199e-02)
Tree Size: 116277
MSE (sampled) 0.0281833
Timestep 8 Center of Mass = (-2.081870e-02,+7.654895e-04,-2.107312e-02)
Tree Size: 116341
MSE (sampled) 0.0882712
Timestep 9 Center of Mass = (-2.346664e-02,+2.241995e-03,-2.296936e-02)
Tree Size: 116358
MSE (sampled) 0.125241
Timestep 10 Center of Mass = (-2.611707e-02,+3.721502e-03,-2.485404e-02)
Tree Size: 116243
MSE (sampled) 0.178727
Timestep 11 Center of Mass = (-2.876820e-02,+5.202082e-03,-2.673236e-02)
Tree Size: 116347
MSE (sampled) 0.51661
Timestep 12 Center of Mass = (-3.141731e-02,+6.684388e-03,-2.860629e-02)
Tree Size: 116235
MSE (sampled) 0.546801
Timestep 13 Center of Mass = (-3.406873e-02,+8.169018e-03,-3.047631e-02)
Tree Size: 116466
MSE (sampled) 0.290954
Timestep 14 Center of Mass = (-3.672081e-02,+9.654048e-03,-3.234683e-02)
Tree Size: 116449
MSE (sampled) 0.359131
Timestep 15 Center of Mass = (-3.937390e-02,+1.114278e-02,-3.422035e-02)
Tree Size: 116354
MSE (sampled) 0.215734
Timestep 16 Center of Mass = (-4.202901e-02,+1.263391e-02,-3.609643e-02)
Tree Size: 116250
MSE (sampled) 0.3447
Timestep 17 Center of Mass = (-4.468307e-02,+1.412937e-02,-3.797485e-02)
Tree Size: 116386
MSE (sampled) 0.868933
Timestep 18 Center of Mass = (-4.733898e-02,+1.562641e-02,-3.985445e-02)
Tree Size: 116368
MSE (sampled) 0.60258
Timestep 19 Center of Mass = (-4.999759e-02,+1.712572e-02,-4.173428e-02)
Tree Size: 116352
MSE (sampled) 0.782309
Timestep 20 Center of Mass = (-5.265559e-02,+1.862803e-02,-4.361444e-02)
Tree Size: 115929
MSE (sampled) 0.476392
Timestep 21 Center of Mass = (-5.531243e-02,+2.013158e-02,-4.549554e-02)
Tree Size: 116200
MSE (sampled) 0.239786
Timestep 22 Center of Mass = (-5.796900e-02,+2.163784e-02,-4.737766e-02)
Tree Size: 116486
MSE (sampled) 0.270065
Timestep 23 Center of Mass = (-6.062690e-02,+2.314552e-02,-4.926051e-02)
Tree Size: 116518
MSE (sampled) 0.320291
Timestep 24 Center of Mass = (-6.328631e-02,+2.465572e-02,-5.114401e-02)
STATTYPE,LOOP,CATEGORY,n,sum,T0,T1,T2,T3,T4,T5,T6,T7,T8,T9,T10,T11,T12,T13,T14,T15,T16,T17,T18,T19,T20,T21,T22,T23,T24,T25,T26,T27,T28,T29,T30,T31,T32,T33,T34,T35,T36,T37,T38,T39
STAT,(NULL),BuildTime,40,44,44,0,0,0,0,0,0,0,0,0,0,0,0,0,0,0,0,0,0,0,0,0,0,0,0,0,0,0,0,0,0,0,0,0,0,0,0,0,0,0
STAT,(NULL),ComputeTime,40,697,697,0,0,0,0,0,0,0,0,0,0,0,0,0,0,0,0,0,0,0,0,0,0,0,0,0,0,0,0,0,0,0,0,0,0,0,0,0,0,0
STAT,(NULL),LoopTime,40,54,54,0,0,0,0,0,0,0,0,0,0,0,0,0,0,0,0,0,0,0,0,0,0,0,0,0,0,0,0,0,0,0,0,0,0,0,0,0,0,0
STAT,(NULL),Threads,40,40,40,0,0,0,0,0,0,0,0,0,0,0,0,0,0,0,0,0,0,0,0,0,0,0,0,0,0,0,0,0,0,0,0,0,0,0,0,0,0,0
STAT,(NULL),Time,40,952,952,0,0,0,0,0,0,0,0,0,0,0,0,0,0,0,0,0,0,0,0,0,0,0,0,0,0,0,0,0,0,0,0,0,0,0,0,0,0,0
STAT,BuildTree,LoopTime,40,44,44,0,0,0,0,0,0,0,0,0,0,0,0,0,0,0,0,0,0,0,0,0,0,0,0,0,0,0,0,0,0,0,0,0,0,0,0,0,0,0
STAT,compute,Conflicts,40,0,0,0,0,0,0,0,0,0,0,0,0,0,0,0,0,0,0,0,0,0,0,0,0,0,0,0,0,0,0,0,0,0,0,0,0,0,0,0,0,0
STAT,compute,Iterations,40,750000,18860,16675,16417,16903,16750,16840,17365,16732,15383,15279,15043,15567,21853,22364,21762,21205,21866,22178,21892,22319,22997,22975,23134,22763,22806,21898,21911,21869,19063,16433,16010,16824,16571,17743,17287,17144,15281,14708,14668,14662
STAT,compute,LoopTime,40,695,695,0,0,0,0,0,0,0,0,0,0,0,0,0,0,0,0,0,0,0,0,0,0,0,0,0,0,0,0,0,0,0,0,0,0,0,0,0,0,0
STAT,map_reduce,LoopTime,40,25,25,0,0,0,0,0,0,0,0,0,0,0,0,0,0,0,0,0,0,0,0,0,0,0,0,0,0,0,0,0,0,0,0,0,0,0,0,0,0,0
Galois Benchmark Suite v2.2.1 (r0)
Copyright (C) 2014 The University of Texas at Austin
http://iss.ices.utexas.edu/galois/

application: Barnshut N-Body Simulator
Simulates gravitational forces in a galactic cluster using the Barnes-Hut n-body algorithm
http://iss.ices.utexas.edu/?p=projects/galois/benchmarks/barneshut

INFO: CommandLine ./barneshut -t 48 -n 30000 -steps 20 -seed 0
INFO: Hostname haci3
Barnes-Hut configuration: dtime: 0.5 eps: 0.05 tol: 0.05
30000 bodies, 20 time steps
Tree Size: 131623
MSE (sampled) 0.000108534
Timestep 0 Center of Mass = (-7.281824e-04,-9.780402e-03,-6.097917e-03)
Tree Size: 129232
MSE (sampled) 0.000138456
Timestep 1 Center of Mass = (-1.155863e-02,-1.724158e-02,+9.931698e-04)
Tree Size: 125259
MSE (sampled) 0.00111901
Timestep 2 Center of Mass = (-2.144579e-02,-2.377313e-02,+7.406800e-03)
Tree Size: 120085
MSE (sampled) 0.0037288
Timestep 3 Center of Mass = (-3.132664e-02,-3.029774e-02,+1.360982e-02)
Tree Size: 117002
MSE (sampled) 0.0684689
Timestep 4 Center of Mass = (-4.124188e-02,-3.662982e-02,+1.970736e-02)
Tree Size: 114322
MSE (sampled) 0.0181879
Timestep 5 Center of Mass = (-5.115340e-02,-4.293958e-02,+2.572012e-02)
Tree Size: 111961
MSE (sampled) 0.0928525
Timestep 6 Center of Mass = (-6.109317e-02,-4.926194e-02,+3.172371e-02)
Tree Size: 109907
MSE (sampled) 0.0339829
Timestep 7 Center of Mass = (-7.102344e-02,-5.556982e-02,+3.772646e-02)
Tree Size: 108168
MSE (sampled) 0.0433453
Timestep 8 Center of Mass = (-8.095090e-02,-6.188214e-02,+4.373152e-02)
Tree Size: 108063
MSE (sampled) 0.108103
Timestep 9 Center of Mass = (-9.088066e-02,-6.818641e-02,+4.972712e-02)
Tree Size: 107788
MSE (sampled) 0.0450224
Timestep 10 Center of Mass = (-1.008108e-01,-7.449182e-02,+5.572541e-02)
Tree Size: 108077
MSE (sampled) 0.0672568
Timestep 11 Center of Mass = (-1.107476e-01,-8.079079e-02,+6.171767e-02)
Tree Size: 108242
MSE (sampled) 0.126631
Timestep 12 Center of Mass = (-1.206925e-01,-8.708487e-02,+6.769837e-02)
Tree Size: 107592
MSE (sampled) 0.205344
Timestep 13 Center of Mass = (-1.306487e-01,-9.338134e-02,+7.367668e-02)
Tree Size: 108172
MSE (sampled) 0.355645
Timestep 14 Center of Mass = (-1.406139e-01,-9.968000e-02,+7.965194e-02)
Tree Size: 108637
MSE (sampled) 0.658757
Timestep 15 Center of Mass = (-1.505922e-01,-1.059823e-01,+8.562484e-02)
Tree Size: 108644
MSE (sampled) 0.256906
Timestep 16 Center of Mass = (-1.605770e-01,-1.122893e-01,+9.160228e-02)
Tree Size: 108615
MSE (sampled) 0.392366
Timestep 17 Center of Mass = (-1.705658e-01,-1.185978e-01,+9.758526e-02)
Tree Size: 108961
MSE (sampled) 0.19803
Timestep 18 Center of Mass = (-1.805559e-01,-1.249099e-01,+1.035724e-01)
Tree Size: 108421
MSE (sampled) 0.330207
Timestep 19 Center of Mass = (-1.905475e-01,-1.312244e-01,+1.095650e-01)
STATTYPE,LOOP,CATEGORY,n,sum,T0,T1,T2,T3,T4,T5,T6,T7,T8,T9,T10,T11,T12,T13,T14,T15,T16,T17,T18,T19,T20,T21,T22,T23,T24,T25,T26,T27,T28,T29,T30,T31,T32,T33,T34,T35,T36,T37,T38,T39,T40,T41,T42,T43,T44,T45,T46,T47
STAT,(NULL),BuildTime,48,35,35,0,0,0,0,0,0,0,0,0,0,0,0,0,0,0,0,0,0,0,0,0,0,0,0,0,0,0,0,0,0,0,0,0,0,0,0,0,0,0,0,0,0,0,0,0,0,0
STAT,(NULL),ComputeTime,48,644,644,0,0,0,0,0,0,0,0,0,0,0,0,0,0,0,0,0,0,0,0,0,0,0,0,0,0,0,0,0,0,0,0,0,0,0,0,0,0,0,0,0,0,0,0,0,0,0
STAT,(NULL),LoopTime,48,69,69,0,0,0,0,0,0,0,0,0,0,0,0,0,0,0,0,0,0,0,0,0,0,0,0,0,0,0,0,0,0,0,0,0,0,0,0,0,0,0,0,0,0,0,0,0,0,0
STAT,(NULL),Threads,48,48,48,0,0,0,0,0,0,0,0,0,0,0,0,0,0,0,0,0,0,0,0,0,0,0,0,0,0,0,0,0,0,0,0,0,0,0,0,0,0,0,0,0,0,0,0,0,0,0
STAT,(NULL),Time,48,861,861,0,0,0,0,0,0,0,0,0,0,0,0,0,0,0,0,0,0,0,0,0,0,0,0,0,0,0,0,0,0,0,0,0,0,0,0,0,0,0,0,0,0,0,0,0,0,0
STAT,BuildTree,LoopTime,48,35,35,0,0,0,0,0,0,0,0,0,0,0,0,0,0,0,0,0,0,0,0,0,0,0,0,0,0,0,0,0,0,0,0,0,0,0,0,0,0,0,0,0,0,0,0,0,0,0
STAT,compute,Conflicts,48,0,0,0,0,0,0,0,0,0,0,0,0,0,0,0,0,0,0,0,0,0,0,0,0,0,0,0,0,0,0,0,0,0,0,0,0,0,0,0,0,0,0,0,0,0,0,0,0,0
STAT,compute,Iterations,48,600000,14397,11912,11896,12579,12074,12922,12240,12237,11729,10979,10798,10800,10743,10708,11168,10889,11289,11269,11149,11031,16743,16532,16509,16858,17435,16191,17103,15919,14123,11939,11896,12617,12090,12893,12377,12191,11312,11487,10799,11214,11214,11018,11480,10881,11168,11169,10955,11078
STAT,compute,LoopTime,48,644,644,0,0,0,0,0,0,0,0,0,0,0,0,0,0,0,0,0,0,0,0,0,0,0,0,0,0,0,0,0,0,0,0,0,0,0,0,0,0,0,0,0,0,0,0,0,0,0
STAT,map_reduce,LoopTime,48,20,20,0,0,0,0,0,0,0,0,0,0,0,0,0,0,0,0,0,0,0,0,0,0,0,0,0,0,0,0,0,0,0,0,0,0,0,0,0,0,0,0,0,0,0,0,0,0,0
Galois Benchmark Suite v2.2.1 (r0)
Copyright (C) 2014 The University of Texas at Austin
http://iss.ices.utexas.edu/galois/

application: Barnshut N-Body Simulator
Simulates gravitational forces in a galactic cluster using the Barnes-Hut n-body algorithm
http://iss.ices.utexas.edu/?p=projects/galois/benchmarks/barneshut

INFO: CommandLine ./barneshut -t 48 -n 30000 -steps 25 -seed 0
INFO: Hostname haci3
Barnes-Hut configuration: dtime: 0.5 eps: 0.05 tol: 0.05
30000 bodies, 25 time steps
Tree Size: 131854
MSE (sampled) 0.000108754
Timestep 0 Center of Mass = (-7.281824e-04,-9.780402e-03,-6.097917e-03)
Tree Size: 129646
MSE (sampled) 0.000141047
Timestep 1 Center of Mass = (-5.494599e-04,-9.491903e-03,-3.837025e-03)
Tree Size: 127345
MSE (sampled) 0.00104902
Timestep 2 Center of Mass = (+1.344259e-03,-7.975564e-03,-2.183271e-03)
Tree Size: 121622
MSE (sampled) 0.00265733
Timestep 3 Center of Mass = (+3.620127e-03,-6.041864e-03,-8.809659e-04)
Tree Size: 118970
MSE (sampled) 0.03515
Timestep 4 Center of Mass = (+5.986562e-03,-4.051534e-03,+2.364048e-04)
Tree Size: 115575
MSE (sampled) 0.0198405
Timestep 5 Center of Mass = (+8.367059e-03,-2.049314e-03,+1.256526e-03)
Tree Size: 111878
MSE (sampled) 0.0361889
Timestep 6 Center of Mass = (+1.073133e-02,-2.080244e-05,+2.260816e-03)
Tree Size: 109282
MSE (sampled) 0.0134233
Timestep 7 Center of Mass = (+1.309769e-02,+2.001120e-03,+3.280883e-03)
Tree Size: 109146
MSE (sampled) 0.0144204
Timestep 8 Center of Mass = (+1.548998e-02,+4.009642e-03,+4.295158e-03)
Tree Size: 107307
MSE (sampled) 0.0860084
Timestep 9 Center of Mass = (+1.787709e-02,+6.021439e-03,+5.318758e-03)
Tree Size: 107214
MSE (sampled) 0.086487
Timestep 10 Center of Mass = (+2.026037e-02,+8.037448e-03,+6.349709e-03)
Tree Size: 106787
MSE (sampled) 0.339879
Timestep 11 Center of Mass = (+2.264633e-02,+1.005450e-02,+7.392488e-03)
Tree Size: 106067
MSE (sampled) 0.131535
Timestep 12 Center of Mass = (+2.503438e-02,+1.206953e-02,+8.429400e-03)
Tree Size: 106186
MSE (sampled) 0.126833
Timestep 13 Center of Mass = (+2.742436e-02,+1.408043e-02,+9.464138e-03)
Tree Size: 106186
MSE (sampled) 0.296444
Timestep 14 Center of Mass = (+2.981980e-02,+1.609202e-02,+1.049831e-02)
Tree Size: 105832
MSE (sampled) 0.662898
Timestep 15 Center of Mass = (+3.221766e-02,+1.810817e-02,+1.153080e-02)
Tree Size: 106362
MSE (sampled) 1.3428
Timestep 16 Center of Mass = (+3.461329e-02,+2.012992e-02,+1.256632e-02)
Tree Size: 106619
MSE (sampled) 0.177126
Timestep 17 Center of Mass = (+3.700774e-02,+2.215436e-02,+1.360135e-02)
Tree Size: 106230
MSE (sampled) 0.295607
Timestep 18 Center of Mass = (+3.939989e-02,+2.418224e-02,+1.463808e-02)
Tree Size: 106163
MSE (sampled) 0.416692
Timestep 19 Center of Mass = (+4.178913e-02,+2.621272e-02,+1.567708e-02)
Tree Size: 106250
MSE (sampled) 0.372431
Timestep 20 Center of Mass = (+4.417706e-02,+2.824594e-02,+1.671925e-02)
Tree Size: 106461
MSE (sampled) 0.362811
Timestep 21 Center of Mass = (+4.656332e-02,+3.028100e-02,+1.776376e-02)
Tree Size: 106398
MSE (sampled) 0.285923
Timestep 22 Center of Mass = (+4.894855e-02,+3.231797e-02,+1.881167e-02)
Tree Size: 106652
MSE (sampled) 0.267768
Timestep 23 Center of Mass = (+5.133205e-02,+3.435662e-02,+1.986257e-02)
Tree Size: 106555
MSE (sampled) 0.255698
Timestep 24 Center of Mass = (+5.371465e-02,+3.639633e-02,+2.091625e-02)
STATTYPE,LOOP,CATEGORY,n,sum,T0,T1,T2,T3,T4,T5,T6,T7,T8,T9,T10,T11,T12,T13,T14,T15,T16,T17,T18,T19,T20,T21,T22,T23,T24,T25,T26,T27,T28,T29,T30,T31,T32,T33,T34,T35,T36,T37,T38,T39,T40,T41,T42,T43,T44,T45,T46,T47
STAT,(NULL),BuildTime,48,36,36,0,0,0,0,0,0,0,0,0,0,0,0,0,0,0,0,0,0,0,0,0,0,0,0,0,0,0,0,0,0,0,0,0,0,0,0,0,0,0,0,0,0,0,0,0,0,0
STAT,(NULL),ComputeTime,48,763,763,0,0,0,0,0,0,0,0,0,0,0,0,0,0,0,0,0,0,0,0,0,0,0,0,0,0,0,0,0,0,0,0,0,0,0,0,0,0,0,0,0,0,0,0,0,0,0
STAT,(NULL),LoopTime,48,68,68,0,0,0,0,0,0,0,0,0,0,0,0,0,0,0,0,0,0,0,0,0,0,0,0,0,0,0,0,0,0,0,0,0,0,0,0,0,0,0,0,0,0,0,0,0,0,0
STAT,(NULL),Threads,48,48,48,0,0,0,0,0,0,0,0,0,0,0,0,0,0,0,0,0,0,0,0,0,0,0,0,0,0,0,0,0,0,0,0,0,0,0,0,0,0,0,0,0,0,0,0,0,0,0
STAT,(NULL),Time,48,1023,1023,0,0,0,0,0,0,0,0,0,0,0,0,0,0,0,0,0,0,0,0,0,0,0,0,0,0,0,0,0,0,0,0,0,0,0,0,0,0,0,0,0,0,0,0,0,0,0
STAT,BuildTree,LoopTime,48,36,36,0,0,0,0,0,0,0,0,0,0,0,0,0,0,0,0,0,0,0,0,0,0,0,0,0,0,0,0,0,0,0,0,0,0,0,0,0,0,0,0,0,0,0,0,0,0,0
STAT,compute,Conflicts,48,0,0,0,0,0,0,0,0,0,0,0,0,0,0,0,0,0,0,0,0,0,0,0,0,0,0,0,0,0,0,0,0,0,0,0,0,0,0,0,0,0,0,0,0,0,0,0,0,0
STAT,compute,Iterations,48,750000,16933,15225,15302,15108,15866,15843,15887,16150,14842,14215,14378,14200,13691,13655,13482,13511,13580,13618,13770,13611,20361,20845,20830,20975,20789,20133,20266,20012,17074,15625,15491,15066,15572,15872,15588,15986,14552,14495,14112,14359,13797,13942,13620,13537,13418,13549,13640,13627
STAT,compute,LoopTime,48,763,763,0,0,0,0,0,0,0,0,0,0,0,0,0,0,0,0,0,0,0,0,0,0,0,0,0,0,0,0,0,0,0,0,0,0,0,0,0,0,0,0,0,0,0,0,0,0,0
STAT,map_reduce,LoopTime,48,25,25,0,0,0,0,0,0,0,0,0,0,0,0,0,0,0,0,0,0,0,0,0,0,0,0,0,0,0,0,0,0,0,0,0,0,0,0,0,0,0,0,0,0,0,0,0,0,0
Galois Benchmark Suite v2.2.1 (r0)
Copyright (C) 2014 The University of Texas at Austin
http://iss.ices.utexas.edu/galois/

application: Barnshut N-Body Simulator
Simulates gravitational forces in a galactic cluster using the Barnes-Hut n-body algorithm
http://iss.ices.utexas.edu/?p=projects/galois/benchmarks/barneshut

INFO: CommandLine ./barneshut -t 56 -n 30000 -steps 20 -seed 0
INFO: Hostname haci3
Barnes-Hut configuration: dtime: 0.5 eps: 0.05 tol: 0.05
30000 bodies, 20 time steps
Tree Size: 131668
MSE (sampled) 0.000108833
Timestep 0 Center of Mass = (-7.281824e-04,-9.780402e-03,-6.097917e-03)
Tree Size: 129370
MSE (sampled) 0.000189062
Timestep 1 Center of Mass = (-2.946220e-03,-5.680282e-03,-3.889084e-03)
Tree Size: 126550
MSE (sampled) 0.00100872
Timestep 2 Center of Mass = (-5.539462e-03,-8.815498e-04,-2.445130e-03)
Tree Size: 121361
MSE (sampled) 0.00264491
Timestep 3 Center of Mass = (-8.216882e-03,+3.950399e-03,-1.168037e-03)
Tree Size: 119458
MSE (sampled) 0.0443512
Timestep 4 Center of Mass = (-1.096410e-02,+8.695513e-03,+9.811628e-05)
Tree Size: 115941
MSE (sampled) 0.00978879
Timestep 5 Center of Mass = (-1.374254e-02,+1.346854e-02,+1.201079e-03)
Tree Size: 113128
MSE (sampled) 0.0512864
Timestep 6 Center of Mass = (-1.652464e-02,+1.828219e-02,+2.302245e-03)
Tree Size: 109619
MSE (sampled) 0.015571
Timestep 7 Center of Mass = (-1.932470e-02,+2.307741e-02,+3.418796e-03)
Tree Size: 107790
MSE (sampled) 0.0268433
Timestep 8 Center of Mass = (-2.213705e-02,+2.786611e-02,+4.552571e-03)
Tree Size: 106255
MSE (sampled) 0.0530373
Timestep 9 Center of Mass = (-2.495541e-02,+3.266463e-02,+5.687568e-03)
Tree Size: 104732
MSE (sampled) 0.0409891
Timestep 10 Center of Mass = (-2.777410e-02,+3.745784e-02,+6.820161e-03)
Tree Size: 103516
MSE (sampled) 1.00396
Timestep 11 Center of Mass = (-3.058414e-02,+4.225093e-02,+7.953667e-03)
Tree Size: 102661
MSE (sampled) 0.0876314
Timestep 12 Center of Mass = (-3.339933e-02,+4.704522e-02,+9.089349e-03)
Tree Size: 102787
MSE (sampled) 0.0802083
Timestep 13 Center of Mass = (-3.622026e-02,+5.183619e-02,+1.022610e-02)
Tree Size: 102584
MSE (sampled) 0.497401
Timestep 14 Center of Mass = (-3.903802e-02,+5.662784e-02,+1.136220e-02)
Tree Size: 102509
MSE (sampled) 0.150099
Timestep 15 Center of Mass = (-4.185616e-02,+6.141908e-02,+1.249807e-02)
Tree Size: 102351
MSE (sampled) 0.142645
Timestep 16 Center of Mass = (-4.467370e-02,+6.621434e-02,+1.363492e-02)
Tree Size: 102336
MSE (sampled) 0.373503
Timestep 17 Center of Mass = (-4.749066e-02,+7.101238e-02,+1.477392e-02)
Tree Size: 102684
MSE (sampled) 0.213065
Timestep 18 Center of Mass = (-5.030674e-02,+7.581438e-02,+1.591389e-02)
Tree Size: 102636
MSE (sampled) 0.145592
Timestep 19 Center of Mass = (-5.312025e-02,+8.061844e-02,+1.705331e-02)
STATTYPE,LOOP,CATEGORY,n,sum,T0,T1,T2,T3,T4,T5,T6,T7,T8,T9,T10,T11,T12,T13,T14,T15,T16,T17,T18,T19,T20,T21,T22,T23,T24,T25,T26,T27,T28,T29,T30,T31,T32,T33,T34,T35,T36,T37,T38,T39,T40,T41,T42,T43,T44,T45,T46,T47,T48,T49,T50,T51,T52,T53,T54,T55
STAT,(NULL),BuildTime,56,39,39,0,0,0,0,0,0,0,0,0,0,0,0,0,0,0,0,0,0,0,0,0,0,0,0,0,0,0,0,0,0,0,0,0,0,0,0,0,0,0,0,0,0,0,0,0,0,0,0,0,0,0,0,0,0,0
STAT,(NULL),ComputeTime,56,565,565,0,0,0,0,0,0,0,0,0,0,0,0,0,0,0,0,0,0,0,0,0,0,0,0,0,0,0,0,0,0,0,0,0,0,0,0,0,0,0,0,0,0,0,0,0,0,0,0,0,0,0,0,0,0,0
STAT,(NULL),LoopTime,56,83,83,0,0,0,0,0,0,0,0,0,0,0,0,0,0,0,0,0,0,0,0,0,0,0,0,0,0,0,0,0,0,0,0,0,0,0,0,0,0,0,0,0,0,0,0,0,0,0,0,0,0,0,0,0,0,0
STAT,(NULL),Threads,56,56,56,0,0,0,0,0,0,0,0,0,0,0,0,0,0,0,0,0,0,0,0,0,0,0,0,0,0,0,0,0,0,0,0,0,0,0,0,0,0,0,0,0,0,0,0,0,0,0,0,0,0,0,0,0,0,0
STAT,(NULL),Time,56,774,774,0,0,0,0,0,0,0,0,0,0,0,0,0,0,0,0,0,0,0,0,0,0,0,0,0,0,0,0,0,0,0,0,0,0,0,0,0,0,0,0,0,0,0,0,0,0,0,0,0,0,0,0,0,0,0
STAT,BuildTree,LoopTime,56,39,39,0,0,0,0,0,0,0,0,0,0,0,0,0,0,0,0,0,0,0,0,0,0,0,0,0,0,0,0,0,0,0,0,0,0,0,0,0,0,0,0,0,0,0,0,0,0,0,0,0,0,0,0,0,0,0
STAT,compute,Conflicts,56,0,0,0,0,0,0,0,0,0,0,0,0,0,0,0,0,0,0,0,0,0,0,0,0,0,0,0,0,0,0,0,0,0,0,0,0,0,0,0,0,0,0,0,0,0,0,0,0,0,0,0,0,0,0,0,0,0
STAT,compute,Iterations,56,600000,13647,10827,10992,10932,11967,12042,12136,11373,10902,10173,9950,9956,9916,10512,10192,9924,10072,10647,10342,9932,10481,10166,10534,10226,11462,9830,10203,10420,13347,10902,11041,11775,12033,11871,12209,11295,10750,10181,9832,10005,9877,10493,10222,9978,10235,10598,10115,10102,10569,10191,10558,10135,11660,9868,10026,10376
STAT,compute,LoopTime,56,564,564,0,0,0,0,0,0,0,0,0,0,0,0,0,0,0,0,0,0,0,0,0,0,0,0,0,0,0,0,0,0,0,0,0,0,0,0,0,0,0,0,0,0,0,0,0,0,0,0,0,0,0,0,0,0,0
STAT,map_reduce,LoopTime,56,20,20,0,0,0,0,0,0,0,0,0,0,0,0,0,0,0,0,0,0,0,0,0,0,0,0,0,0,0,0,0,0,0,0,0,0,0,0,0,0,0,0,0,0,0,0,0,0,0,0,0,0,0,0,0,0,0
Galois Benchmark Suite v2.2.1 (r0)
Copyright (C) 2014 The University of Texas at Austin
http://iss.ices.utexas.edu/galois/

application: Barnshut N-Body Simulator
Simulates gravitational forces in a galactic cluster using the Barnes-Hut n-body algorithm
http://iss.ices.utexas.edu/?p=projects/galois/benchmarks/barneshut

INFO: CommandLine ./barneshut -t 56 -n 30000 -steps 25 -seed 0
INFO: Hostname haci3
Barnes-Hut configuration: dtime: 0.5 eps: 0.05 tol: 0.05
30000 bodies, 25 time steps
Tree Size: 131653
MSE (sampled) 0.000108628
Timestep 0 Center of Mass = (-7.281824e-04,-9.780402e-03,-6.097917e-03)
Tree Size: 128784
MSE (sampled) 0.000169427
Timestep 1 Center of Mass = (-3.708599e-03,-6.932834e-03,-3.610636e-03)
Tree Size: 126389
MSE (sampled) 0.00117705
Timestep 2 Center of Mass = (-6.489025e-03,-3.171809e-03,-1.528991e-03)
Tree Size: 120706
MSE (sampled) 0.00274986
Timestep 3 Center of Mass = (-9.421665e-03,+7.047199e-04,+5.784304e-04)
Tree Size: 118383
MSE (sampled) 0.0418161
Timestep 4 Center of Mass = (-1.236553e-02,+4.553401e-03,+2.697056e-03)
Tree Size: 116102
MSE (sampled) 0.0139672
Timestep 5 Center of Mass = (-1.537229e-02,+8.440807e-03,+4.736873e-03)
Tree Size: 115930
MSE (sampled) 0.0184238
Timestep 6 Center of Mass = (-1.833530e-02,+1.232986e-02,+6.758909e-03)
Tree Size: 115608
MSE (sampled) 0.0285925
Timestep 7 Center of Mass = (-2.131025e-02,+1.620885e-02,+8.803643e-03)
Tree Size: 114857
MSE (sampled) 0.0391436
Timestep 8 Center of Mass = (-2.427971e-02,+2.009671e-02,+1.088030e-02)
Tree Size: 115288
MSE (sampled) 0.0792493
Timestep 9 Center of Mass = (-2.726290e-02,+2.397832e-02,+1.296443e-02)
Tree Size: 114831
MSE (sampled) 0.112534
Timestep 10 Center of Mass = (-3.025113e-02,+2.785377e-02,+1.505796e-02)
Tree Size: 115076
MSE (sampled) 0.170919
Timestep 11 Center of Mass = (-3.324248e-02,+3.172793e-02,+1.716006e-02)
Tree Size: 115784
MSE (sampled) 0.288516
Timestep 12 Center of Mass = (-3.624471e-02,+3.560592e-02,+1.927049e-02)
Tree Size: 115476
MSE (sampled) 0.147354
Timestep 13 Center of Mass = (-3.924969e-02,+3.948455e-02,+2.138517e-02)
Tree Size: 116138
MSE (sampled) 0.358178
Timestep 14 Center of Mass = (-4.225701e-02,+4.336651e-02,+2.350580e-02)
Tree Size: 116275
MSE (sampled) 0.852799
Timestep 15 Center of Mass = (-4.526558e-02,+4.724901e-02,+2.562889e-02)
Tree Size: 115233
MSE (sampled) 0.564502
Timestep 16 Center of Mass = (-4.827769e-02,+5.113276e-02,+2.775088e-02)
Tree Size: 115240
MSE (sampled) 0.634876
Timestep 17 Center of Mass = (-5.129211e-02,+5.501633e-02,+2.987123e-02)
Tree Size: 115372
MSE (sampled) 0.89675
Timestep 18 Center of Mass = (-5.430858e-02,+5.890093e-02,+3.199133e-02)
Tree Size: 115171
MSE (sampled) 0.520738
Timestep 19 Center of Mass = (-5.732706e-02,+6.278685e-02,+3.410971e-02)
Tree Size: 115087
MSE (sampled) 0.361003
Timestep 20 Center of Mass = (-6.035057e-02,+6.667281e-02,+3.622643e-02)
Tree Size: 114557
MSE (sampled) 0.78482
Timestep 21 Center of Mass = (-6.337786e-02,+7.055783e-02,+3.834250e-02)
Tree Size: 114779
MSE (sampled) 0.498072
Timestep 22 Center of Mass = (-6.640801e-02,+7.444258e-02,+4.045883e-02)
Tree Size: 114857
MSE (sampled) 0.445768
Timestep 23 Center of Mass = (-6.944255e-02,+7.832831e-02,+4.257524e-02)
Tree Size: 114536
MSE (sampled) 0.402371
Timestep 24 Center of Mass = (-7.247981e-02,+8.221384e-02,+4.469210e-02)
STATTYPE,LOOP,CATEGORY,n,sum,T0,T1,T2,T3,T4,T5,T6,T7,T8,T9,T10,T11,T12,T13,T14,T15,T16,T17,T18,T19,T20,T21,T22,T23,T24,T25,T26,T27,T28,T29,T30,T31,T32,T33,T34,T35,T36,T37,T38,T39,T40,T41,T42,T43,T44,T45,T46,T47,T48,T49,T50,T51,T52,T53,T54,T55
STAT,(NULL),BuildTime,56,39,39,0,0,0,0,0,0,0,0,0,0,0,0,0,0,0,0,0,0,0,0,0,0,0,0,0,0,0,0,0,0,0,0,0,0,0,0,0,0,0,0,0,0,0,0,0,0,0,0,0,0,0,0,0,0,0
STAT,(NULL),ComputeTime,56,546,546,0,0,0,0,0,0,0,0,0,0,0,0,0,0,0,0,0,0,0,0,0,0,0,0,0,0,0,0,0,0,0,0,0,0,0,0,0,0,0,0,0,0,0,0,0,0,0,0,0,0,0,0,0,0,0
STAT,(NULL),LoopTime,56,79,79,0,0,0,0,0,0,0,0,0,0,0,0,0,0,0,0,0,0,0,0,0,0,0,0,0,0,0,0,0,0,0,0,0,0,0,0,0,0,0,0,0,0,0,0,0,0,0,0,0,0,0,0,0,0,0
STAT,(NULL),Threads,56,56,56,0,0,0,0,0,0,0,0,0,0,0,0,0,0,0,0,0,0,0,0,0,0,0,0,0,0,0,0,0,0,0,0,0,0,0,0,0,0,0,0,0,0,0,0,0,0,0,0,0,0,0,0,0,0,0
STAT,(NULL),Time,56,810,810,0,0,0,0,0,0,0,0,0,0,0,0,0,0,0,0,0,0,0,0,0,0,0,0,0,0,0,0,0,0,0,0,0,0,0,0,0,0,0,0,0,0,0,0,0,0,0,0,0,0,0,0,0,0,0
STAT,BuildTree,LoopTime,56,39,39,0,0,0,0,0,0,0,0,0,0,0,0,0,0,0,0,0,0,0,0,0,0,0,0,0,0,0,0,0,0,0,0,0,0,0,0,0,0,0,0,0,0,0,0,0,0,0,0,0,0,0,0,0,0,0
STAT,compute,Conflicts,56,0,0,0,0,0,0,0,0,0,0,0,0,0,0,0,0,0,0,0,0,0,0,0,0,0,0,0,0,0,0,0,0,0,0,0,0,0,0,0,0,0,0,0,0,0,0,0,0,0,0,0,0,0,0,0,0,0
STAT,compute,Iterations,56,750000,17620,14405,14252,14364,14863,14521,14421,14416,13416,13412,12876,12591,12869,12995,12766,12714,12663,12861,13061,12675,12844,12625,12608,12597,13961,12501,12525,12709,17449,14391,14137,14291,14740,14121,14324,14152,13041,12802,12636,12547,12778,12948,12826,12686,12653,12929,13272,12935,12848,12657,12664,12626,13883,12486,12619,12428
STAT,compute,LoopTime,56,546,546,0,0,0,0,0,0,0,0,0,0,0,0,0,0,0,0,0,0,0,0,0,0,0,0,0,0,0,0,0,0,0,0,0,0,0,0,0,0,0,0,0,0,0,0,0,0,0,0,0,0,0,0,0,0,0
STAT,map_reduce,LoopTime,56,25,25,0,0,0,0,0,0,0,0,0,0,0,0,0,0,0,0,0,0,0,0,0,0,0,0,0,0,0,0,0,0,0,0,0,0,0,0,0,0,0,0,0,0,0,0,0,0,0,0,0,0,0,0,0,0,0

