Galois Benchmark Suite v2.2.1 (r0)
Copyright (C) 2014 The University of Texas at Austin
http://iss.ices.utexas.edu/galois/

application: Delaunay Mesh Refinement
Refines a Delaunay triangulation mesh such that no angle in the mesh is less than 30 degrees
http://iss.ices.utexas.edu/?p=projects/galois/benchmarks/delaunay_mesh_refinement

INFO: CommandLine ./delaunayrefinement_galois -t 1 /home/users/kkazatzis/GaloisInput-2.0/input/delaunayrefinement/250k.2
INFO: Hostname broady
Using bin for node
Using bin for ele
Using bin for poly
configuration: 549998 total triangles, 261100 bad triangles
Total Time: 4.05 s
2313444 total triangles
Refinement OK
STATTYPE,LOOP,CATEGORY,n,sum,T0
STAT,(NULL),Conflicts,1,0,0
STAT,(NULL),Iterations,1,261100,261100
STAT,(NULL),MeminfoMid,1,704,704
STAT,(NULL),MeminfoPost,1,704,704
STAT,(NULL),MeminfoPre1,1,64,64
STAT,(NULL),MeminfoPre2,1,704,704
STAT,(NULL),OuterRoundsExecuted,1,7,7
STAT,(NULL),RoundsExecuted,1,7,7
STAT,(NULL),Threads,1,1,1
STAT,(NULL),Time,1,4054,4054
STAT,(NULL),refine,1,4018,4018
STAT,allocate,LoopTime,1,47,47
STAT,count_if,LoopTime,1,419,419
STAT,findbad,LoopTime,1,35,35
STAT,refine,Conflicts,1,0,0
STAT,refine,Iterations,1,1556311,1556311
STAT,refine,LoopTime,1,3903,3903
Galois Benchmark Suite v2.2.1 (r0)
Copyright (C) 2014 The University of Texas at Austin
http://iss.ices.utexas.edu/galois/

application: Delaunay Mesh Refinement
Refines a Delaunay triangulation mesh such that no angle in the mesh is less than 30 degrees
http://iss.ices.utexas.edu/?p=projects/galois/benchmarks/delaunay_mesh_refinement

INFO: CommandLine ./delaunayrefinement_galois -t 2 /home/users/kkazatzis/GaloisInput-2.0/input/delaunayrefinement/250k.2
INFO: Hostname broady
Using bin for node
Using bin for ele
Using bin for poly
configuration: 549998 total triangles, 261100 bad triangles
Total Time: 4.56 s
2313682 total triangles
Refinement OK
STATTYPE,LOOP,CATEGORY,n,sum,T0,T1
STAT,(NULL),Conflicts,2,0,0,0
STAT,(NULL),Iterations,2,261100,130646,130454
STAT,(NULL),MeminfoMid,2,715,357,358
STAT,(NULL),MeminfoPost,2,715,357,358
STAT,(NULL),MeminfoPre1,2,65,32,33
STAT,(NULL),MeminfoPre2,2,715,357,358
STAT,(NULL),OuterRoundsExecuted,2,7,7,0
STAT,(NULL),RoundsExecuted,2,7,7,0
STAT,(NULL),Threads,2,2,2,0
STAT,(NULL),Time,2,2279,2279,0
STAT,(NULL),refine,2,2261,2261,0
STAT,allocate,LoopTime,2,36,36,0
STAT,count_if,LoopTime,2,426,426,0
STAT,findbad,LoopTime,2,17,17,0
STAT,refine,Conflicts,2,0,0,0
STAT,refine,Iterations,2,1556310,781918,774392
STAT,refine,LoopTime,2,2199,2199,0
Galois Benchmark Suite v2.2.1 (r0)
Copyright (C) 2014 The University of Texas at Austin
http://iss.ices.utexas.edu/galois/

application: Delaunay Mesh Refinement
Refines a Delaunay triangulation mesh such that no angle in the mesh is less than 30 degrees
http://iss.ices.utexas.edu/?p=projects/galois/benchmarks/delaunay_mesh_refinement

INFO: CommandLine ./delaunayrefinement_galois -t 4 /home/users/kkazatzis/GaloisInput-2.0/input/delaunayrefinement/250k.2
INFO: Hostname broady
Using bin for node
Using bin for ele
Using bin for poly
configuration: 549998 total triangles, 261100 bad triangles
Total Time: 4.46 s
2313802 total triangles
Refinement OK
STATTYPE,LOOP,CATEGORY,n,sum,T0,T1,T2,T3
STAT,(NULL),Conflicts,4,0,0,0,0,0
STAT,(NULL),Iterations,4,261100,64827,65051,65403,65819
STAT,(NULL),MeminfoMid,4,748,187,187,187,187
STAT,(NULL),MeminfoPost,4,748,187,187,187,187
STAT,(NULL),MeminfoPre1,4,68,17,17,17,17
STAT,(NULL),MeminfoPre2,4,748,187,187,187,187
STAT,(NULL),OuterRoundsExecuted,4,7,7,0,0,0
STAT,(NULL),RoundsExecuted,4,7,7,0,0,0
STAT,(NULL),Threads,4,4,4,0,0,0
STAT,(NULL),Time,4,1116,1116,0,0,0
STAT,(NULL),refine,4,1106,1106,0,0,0
STAT,allocate,LoopTime,4,38,38,0,0,0
STAT,count_if,LoopTime,4,446,446,0,0,0
STAT,findbad,LoopTime,4,9,9,0,0,0
STAT,refine,Conflicts,4,33,12,1,5,15
STAT,refine,Iterations,4,1556658,376006,390718,396404,393530
STAT,refine,LoopTime,4,1075,1075,0,0,0
Galois Benchmark Suite v2.2.1 (r0)
Copyright (C) 2014 The University of Texas at Austin
http://iss.ices.utexas.edu/galois/

application: Delaunay Mesh Refinement
Refines a Delaunay triangulation mesh such that no angle in the mesh is less than 30 degrees
http://iss.ices.utexas.edu/?p=projects/galois/benchmarks/delaunay_mesh_refinement

INFO: CommandLine ./delaunayrefinement_galois -t 8 /home/users/kkazatzis/GaloisInput-2.0/input/delaunayrefinement/250k.2
INFO: Hostname broady
Using bin for node
Using bin for ele
Using bin for poly
configuration: 549998 total triangles, 261100 bad triangles
Total Time: 4.56 s
2313290 total triangles
Refinement OK
STATTYPE,LOOP,CATEGORY,n,sum,T0,T1,T2,T3,T4,T5,T6,T7
STAT,(NULL),Conflicts,8,0,0,0,0,0,0,0,0,0
STAT,(NULL),Iterations,8,261100,32638,32510,32446,32894,32765,32733,32573,32541
STAT,(NULL),MeminfoMid,8,792,99,99,99,99,99,99,99,99
STAT,(NULL),MeminfoPost,8,792,99,99,99,99,99,99,99,99
STAT,(NULL),MeminfoPre1,8,72,9,9,9,9,9,9,9,9
STAT,(NULL),MeminfoPre2,8,792,99,99,99,99,99,99,99,99
STAT,(NULL),OuterRoundsExecuted,8,7,7,0,0,0,0,0,0,0
STAT,(NULL),RoundsExecuted,8,7,7,0,0,0,0,0,0,0
STAT,(NULL),Threads,8,8,8,0,0,0,0,0,0,0
STAT,(NULL),Time,8,570,570,0,0,0,0,0,0,0
STAT,(NULL),refine,8,565,565,0,0,0,0,0,0,0
STAT,allocate,LoopTime,8,41,41,0,0,0,0,0,0,0
STAT,count_if,LoopTime,8,558,558,0,0,0,0,0,0,0
STAT,findbad,LoopTime,8,5,5,0,0,0,0,0,0,0
STAT,refine,Conflicts,8,170,55,8,13,0,32,30,15,17
STAT,refine,Iterations,8,1556587,172209,198052,198074,194464,198209,199406,195498,200675
STAT,refine,LoopTime,8,547,547,0,0,0,0,0,0,0
Galois Benchmark Suite v2.2.1 (r0)
Copyright (C) 2014 The University of Texas at Austin
http://iss.ices.utexas.edu/galois/

application: Delaunay Mesh Refinement
Refines a Delaunay triangulation mesh such that no angle in the mesh is less than 30 degrees
http://iss.ices.utexas.edu/?p=projects/galois/benchmarks/delaunay_mesh_refinement

INFO: CommandLine ./delaunayrefinement_galois -t 16 /home/users/kkazatzis/GaloisInput-2.0/input/delaunayrefinement/250k.2
INFO: Hostname broady
Using bin for node
Using bin for ele
Using bin for poly
configuration: 549998 total triangles, 261100 bad triangles
Total Time: 4.68 s
2312404 total triangles
Refinement OK
STATTYPE,LOOP,CATEGORY,n,sum,T0,T1,T2,T3,T4,T5,T6,T7,T8,T9,T10,T11,T12,T13,T14,T15
STAT,(NULL),Conflicts,16,0,0,0,0,0,0,0,0,0,0,0,0,0,0,0,0,0
STAT,(NULL),Iterations,16,261100,16863,16255,16287,16127,16447,16511,16191,16383,16479,16447,16351,16095,16414,16574,15966,15710
STAT,(NULL),MeminfoMid,16,880,55,55,55,55,55,55,55,55,55,55,55,55,55,55,55,55
STAT,(NULL),MeminfoPost,16,880,55,55,55,55,55,55,55,55,55,55,55,55,55,55,55,55
STAT,(NULL),MeminfoPre1,16,80,5,5,5,5,5,5,5,5,5,5,5,5,5,5,5,5
STAT,(NULL),MeminfoPre2,16,880,55,55,55,55,55,55,55,55,55,55,55,55,55,55,55,55
STAT,(NULL),OuterRoundsExecuted,16,7,7,0,0,0,0,0,0,0,0,0,0,0,0,0,0,0
STAT,(NULL),RoundsExecuted,16,7,7,0,0,0,0,0,0,0,0,0,0,0,0,0,0,0
STAT,(NULL),Threads,16,16,16,0,0,0,0,0,0,0,0,0,0,0,0,0,0,0
STAT,(NULL),Time,16,292,292,0,0,0,0,0,0,0,0,0,0,0,0,0,0,0
STAT,(NULL),refine,16,289,289,0,0,0,0,0,0,0,0,0,0,0,0,0,0,0
STAT,allocate,LoopTime,16,42,42,0,0,0,0,0,0,0,0,0,0,0,0,0,0,0
STAT,count_if,LoopTime,16,794,794,0,0,0,0,0,0,0,0,0,0,0,0,0,0,0
STAT,findbad,LoopTime,16,3,3,0,0,0,0,0,0,0,0,0,0,0,0,0,0,0
STAT,refine,Conflicts,16,592,14,19,12,8,1,2,43,64,71,83,72,61,57,37,27,21
STAT,refine,Iterations,16,1556150,76101,97162,95435,99614,98997,98085,99036,96727,97823,98780,102914,99068,100445,96583,100120,99260
STAT,refine,LoopTime,16,275,275,0,0,0,0,0,0,0,0,0,0,0,0,0,0,0
Galois Benchmark Suite v2.2.1 (r0)
Copyright (C) 2014 The University of Texas at Austin
http://iss.ices.utexas.edu/galois/

application: Delaunay Mesh Refinement
Refines a Delaunay triangulation mesh such that no angle in the mesh is less than 30 degrees
http://iss.ices.utexas.edu/?p=projects/galois/benchmarks/delaunay_mesh_refinement

INFO: CommandLine ./delaunayrefinement_galois -t 24 /home/users/kkazatzis/GaloisInput-2.0/input/delaunayrefinement/250k.2
INFO: Hostname broady
Using bin for node
Using bin for ele
Using bin for poly
configuration: 549998 total triangles, 261100 bad triangles
Total Time: 5.37 s
2312374 total triangles
Refinement OK
STATTYPE,LOOP,CATEGORY,n,sum,T0,T1,T2,T3,T4,T5,T6,T7,T8,T9,T10,T11,T12,T13,T14,T15,T16,T17,T18,T19,T20,T21,T22,T23
STAT,(NULL),Conflicts,24,0,0,0,0,0,0,0,0,0,0,0,0,0,0,0,0,0,0,0,0,0,0,0,0,0
STAT,(NULL),Iterations,24,261100,8832,8512,8416,8544,8671,8863,9599,8607,8703,8127,8447,9119,9439,8959,9279,9343,9503,8479,8831,9279,9759,8479,32799,32511
STAT,(NULL),MeminfoMid,24,792,33,33,33,33,33,33,33,33,33,33,33,33,33,33,33,33,33,33,33,33,33,33,33,33
STAT,(NULL),MeminfoPost,24,792,33,33,33,33,33,33,33,33,33,33,33,33,33,33,33,33,33,33,33,33,33,33,33,33
STAT,(NULL),MeminfoPre1,24,72,3,3,3,3,3,3,3,3,3,3,3,3,3,3,3,3,3,3,3,3,3,3,3,3
STAT,(NULL),MeminfoPre2,24,792,33,33,33,33,33,33,33,33,33,33,33,33,33,33,33,33,33,33,33,33,33,33,33,33
STAT,(NULL),OuterRoundsExecuted,24,7,7,0,0,0,0,0,0,0,0,0,0,0,0,0,0,0,0,0,0,0,0,0,0,0
STAT,(NULL),RoundsExecuted,24,7,7,0,0,0,0,0,0,0,0,0,0,0,0,0,0,0,0,0,0,0,0,0,0,0
STAT,(NULL),Threads,24,24,24,0,0,0,0,0,0,0,0,0,0,0,0,0,0,0,0,0,0,0,0,0,0,0
STAT,(NULL),Time,24,224,224,0,0,0,0,0,0,0,0,0,0,0,0,0,0,0,0,0,0,0,0,0,0,0
STAT,(NULL),refine,24,220,220,0,0,0,0,0,0,0,0,0,0,0,0,0,0,0,0,0,0,0,0,0,0,0
STAT,allocate,LoopTime,24,41,41,0,0,0,0,0,0,0,0,0,0,0,0,0,0,0,0,0,0,0,0,0,0,0
STAT,count_if,LoopTime,24,992,992,0,0,0,0,0,0,0,0,0,0,0,0,0,0,0,0,0,0,0,0,0,0,0
STAT,findbad,LoopTime,24,3,3,0,0,0,0,0,0,0,0,0,0,0,0,0,0,0,0,0,0,0,0,0,0,0
STAT,refine,Conflicts,24,454,5,5,25,21,9,3,16,10,26,14,36,42,42,25,27,22,41,10,15,14,21,2,21,2
STAT,refine,Iterations,24,1555387,38417,66137,65190,62441,67724,65684,65556,67403,66376,66539,62790,62461,63897,65695,66032,67397,64718,68849,64664,66069,64598,65627,70675,70448
STAT,refine,LoopTime,24,203,203,0,0,0,0,0,0,0,0,0,0,0,0,0,0,0,0,0,0,0,0,0,0,0
Galois Benchmark Suite v2.2.1 (r0)
Copyright (C) 2014 The University of Texas at Austin
http://iss.ices.utexas.edu/galois/

application: Delaunay Mesh Refinement
Refines a Delaunay triangulation mesh such that no angle in the mesh is less than 30 degrees
http://iss.ices.utexas.edu/?p=projects/galois/benchmarks/delaunay_mesh_refinement

INFO: CommandLine ./delaunayrefinement_galois -t 32 /home/users/kkazatzis/GaloisInput-2.0/input/delaunayrefinement/250k.2
INFO: Hostname broady
Using bin for node
Using bin for ele
Using bin for poly
configuration: 549998 total triangles, 261100 bad triangles
Total Time: 5.72 s
2313438 total triangles
Refinement OK
STATTYPE,LOOP,CATEGORY,n,sum,T0,T1,T2,T3,T4,T5,T6,T7,T8,T9,T10,T11,T12,T13,T14,T15,T16,T17,T18,T19,T20,T21,T22,T23,T24,T25,T26,T27,T28,T29,T30,T31
STAT,(NULL),Conflicts,32,0,0,0,0,0,0,0,0,0,0,0,0,0,0,0,0,0,0,0,0,0,0,0,0,0,0,0,0,0,0,0,0,0
STAT,(NULL),Iterations,32,261100,3808,3776,3520,3168,2400,3232,3552,2656,3936,2880,3776,4000,3327,3999,3263,2303,2719,3551,3743,2943,2591,3007,19007,18335,19263,19103,18559,19039,18335,18271,19551,19487
STAT,(NULL),MeminfoMid,32,1056,33,33,33,33,33,33,33,33,33,33,33,33,33,33,33,33,33,33,33,33,33,33,33,33,33,33,33,33,33,33,33,33
STAT,(NULL),MeminfoPost,32,1056,33,33,33,33,33,33,33,33,33,33,33,33,33,33,33,33,33,33,33,33,33,33,33,33,33,33,33,33,33,33,33,33
STAT,(NULL),MeminfoPre1,32,96,3,3,3,3,3,3,3,3,3,3,3,3,3,3,3,3,3,3,3,3,3,3,3,3,3,3,3,3,3,3,3,3
STAT,(NULL),MeminfoPre2,32,1056,33,33,33,33,33,33,33,33,33,33,33,33,33,33,33,33,33,33,33,33,33,33,33,33,33,33,33,33,33,33,33,33
STAT,(NULL),OuterRoundsExecuted,32,7,7,0,0,0,0,0,0,0,0,0,0,0,0,0,0,0,0,0,0,0,0,0,0,0,0,0,0,0,0,0,0,0
STAT,(NULL),RoundsExecuted,32,7,7,0,0,0,0,0,0,0,0,0,0,0,0,0,0,0,0,0,0,0,0,0,0,0,0,0,0,0,0,0,0,0
STAT,(NULL),Threads,32,32,32,0,0,0,0,0,0,0,0,0,0,0,0,0,0,0,0,0,0,0,0,0,0,0,0,0,0,0,0,0,0,0
STAT,(NULL),Time,32,179,179,0,0,0,0,0,0,0,0,0,0,0,0,0,0,0,0,0,0,0,0,0,0,0,0,0,0,0,0,0,0,0
STAT,(NULL),refine,32,175,175,0,0,0,0,0,0,0,0,0,0,0,0,0,0,0,0,0,0,0,0,0,0,0,0,0,0,0,0,0,0,0
STAT,allocate,LoopTime,32,50,50,0,0,0,0,0,0,0,0,0,0,0,0,0,0,0,0,0,0,0,0,0,0,0,0,0,0,0,0,0,0,0
STAT,count_if,LoopTime,32,1110,1110,0,0,0,0,0,0,0,0,0,0,0,0,0,0,0,0,0,0,0,0,0,0,0,0,0,0,0,0,0,0,0
STAT,findbad,LoopTime,32,3,3,0,0,0,0,0,0,0,0,0,0,0,0,0,0,0,0,0,0,0,0,0,0,0,0,0,0,0,0,0,0,0
STAT,refine,Conflicts,32,715,4,17,8,34,37,56,47,42,36,26,16,5,14,13,16,29,57,26,20,9,22,7,7,19,23,25,9,24,22,20,11,14
STAT,refine,Iterations,32,1557024,23021,46915,49447,47412,47442,47522,48471,48676,48419,47096,50045,47038,49557,48784,46819,46582,47127,47228,49332,48065,48426,49434,51539,54163,50270,53364,52120,51342,50064,54295,51377,55632
STAT,refine,LoopTime,32,160,160,0,0,0,0,0,0,0,0,0,0,0,0,0,0,0,0,0,0,0,0,0,0,0,0,0,0,0,0,0,0,0
Galois Benchmark Suite v2.2.1 (r0)
Copyright (C) 2014 The University of Texas at Austin
http://iss.ices.utexas.edu/galois/

application: Delaunay Mesh Refinement
Refines a Delaunay triangulation mesh such that no angle in the mesh is less than 30 degrees
http://iss.ices.utexas.edu/?p=projects/galois/benchmarks/delaunay_mesh_refinement

INFO: CommandLine ./delaunayrefinement_galois -t 40 /home/users/kkazatzis/GaloisInput-2.0/input/delaunayrefinement/250k.2
INFO: Hostname broady
Using bin for node
Using bin for ele
Using bin for poly
configuration: 549998 total triangles, 261100 bad triangles
Total Time: 5.72 s
2312800 total triangles
Refinement OK
STATTYPE,LOOP,CATEGORY,n,sum,T0,T1,T2,T3,T4,T5,T6,T7,T8,T9,T10,T11,T12,T13,T14,T15,T16,T17,T18,T19,T20,T21,T22,T23,T24,T25,T26,T27,T28,T29,T30,T31,T32,T33,T34,T35,T36,T37,T38,T39
STAT,(NULL),Conflicts,40,0,0,0,0,0,0,0,0,0,0,0,0,0,0,0,0,0,0,0,0,0,0,0,0,0,0,0,0,0,0,0,0,0,0,0,0,0,0,0,0,0
STAT,(NULL),Iterations,40,261100,4960,4640,4480,4960,4416,4320,4896,4544,4704,4128,4512,4576,4960,4768,4320,4768,4544,5184,4480,4320,4895,4159,8991,8063,8799,8895,8543,8927,8415,8927,9087,8831,8959,8927,8991,8671,8927,9151,9279,9183
STAT,(NULL),MeminfoMid,40,1320,33,33,33,33,33,33,33,33,33,33,33,33,33,33,33,33,33,33,33,33,33,33,33,33,33,33,33,33,33,33,33,33,33,33,33,33,33,33,33,33
STAT,(NULL),MeminfoPost,40,1320,33,33,33,33,33,33,33,33,33,33,33,33,33,33,33,33,33,33,33,33,33,33,33,33,33,33,33,33,33,33,33,33,33,33,33,33,33,33,33,33
STAT,(NULL),MeminfoPre1,40,120,3,3,3,3,3,3,3,3,3,3,3,3,3,3,3,3,3,3,3,3,3,3,3,3,3,3,3,3,3,3,3,3,3,3,3,3,3,3,3,3
STAT,(NULL),MeminfoPre2,40,1320,33,33,33,33,33,33,33,33,33,33,33,33,33,33,33,33,33,33,33,33,33,33,33,33,33,33,33,33,33,33,33,33,33,33,33,33,33,33,33,33
STAT,(NULL),OuterRoundsExecuted,40,7,7,0,0,0,0,0,0,0,0,0,0,0,0,0,0,0,0,0,0,0,0,0,0,0,0,0,0,0,0,0,0,0,0,0,0,0,0,0,0,0
STAT,(NULL),RoundsExecuted,40,7,7,0,0,0,0,0,0,0,0,0,0,0,0,0,0,0,0,0,0,0,0,0,0,0,0,0,0,0,0,0,0,0,0,0,0,0,0,0,0,0
STAT,(NULL),Threads,40,40,40,0,0,0,0,0,0,0,0,0,0,0,0,0,0,0,0,0,0,0,0,0,0,0,0,0,0,0,0,0,0,0,0,0,0,0,0,0,0,0
STAT,(NULL),Time,40,143,143,0,0,0,0,0,0,0,0,0,0,0,0,0,0,0,0,0,0,0,0,0,0,0,0,0,0,0,0,0,0,0,0,0,0,0,0,0,0,0
STAT,(NULL),refine,40,139,139,0,0,0,0,0,0,0,0,0,0,0,0,0,0,0,0,0,0,0,0,0,0,0,0,0,0,0,0,0,0,0,0,0,0,0,0,0,0,0
STAT,allocate,LoopTime,40,62,62,0,0,0,0,0,0,0,0,0,0,0,0,0,0,0,0,0,0,0,0,0,0,0,0,0,0,0,0,0,0,0,0,0,0,0,0,0,0,0
STAT,count_if,LoopTime,40,832,832,0,0,0,0,0,0,0,0,0,0,0,0,0,0,0,0,0,0,0,0,0,0,0,0,0,0,0,0,0,0,0,0,0,0,0,0,0,0,0
STAT,findbad,LoopTime,40,3,3,0,0,0,0,0,0,0,0,0,0,0,0,0,0,0,0,0,0,0,0,0,0,0,0,0,0,0,0,0,0,0,0,0,0,0,0,0,0,0
STAT,refine,Conflicts,40,1401,30,26,19,6,1,41,21,14,28,25,34,14,22,15,48,24,31,17,17,48,35,35,78,48,35,14,8,40,48,43,26,51,95,58,68,51,41,50,46,50
STAT,refine,Iterations,40,1557543,18571,39361,39896,37689,37894,38023,37001,40580,38836,39720,39621,37964,39229,40192,39596,39698,39887,37088,38463,38118,37598,38295,40147,40612,38996,40748,40734,39424,40131,41644,39980,39850,40225,39306,39644,39435,40763,41243,39148,42193
STAT,refine,LoopTime,40,128,128,0,0,0,0,0,0,0,0,0,0,0,0,0,0,0,0,0,0,0,0,0,0,0,0,0,0,0,0,0,0,0,0,0,0,0,0,0,0,0
Galois Benchmark Suite v2.2.1 (r0)
Copyright (C) 2014 The University of Texas at Austin
http://iss.ices.utexas.edu/galois/

application: Delaunay Mesh Refinement
Refines a Delaunay triangulation mesh such that no angle in the mesh is less than 30 degrees
http://iss.ices.utexas.edu/?p=projects/galois/benchmarks/delaunay_mesh_refinement

INFO: CommandLine ./delaunayrefinement_galois -t 44 /home/users/kkazatzis/GaloisInput-2.0/input/delaunayrefinement/250k.2
INFO: Hostname broady
Using bin for node
Using bin for ele
Using bin for poly
configuration: 549998 total triangles, 261100 bad triangles
Total Time: 5.84 s
2310260 total triangles
Refinement OK
STATTYPE,LOOP,CATEGORY,n,sum,T0,T1,T2,T3,T4,T5,T6,T7,T8,T9,T10,T11,T12,T13,T14,T15,T16,T17,T18,T19,T20,T21,T22,T23,T24,T25,T26,T27,T28,T29,T30,T31,T32,T33,T34,T35,T36,T37,T38,T39,T40,T41,T42,T43
STAT,(NULL),Conflicts,44,0,0,0,0,0,0,0,0,0,0,0,0,0,0,0,0,0,0,0,0,0,0,0,0,0,0,0,0,0,0,0,0,0,0,0,0,0,0,0,0,0,0,0,0,0
STAT,(NULL),Iterations,44,261100,5327,5423,5167,5071,5006,5582,5422,5550,5326,5262,4878,5614,5134,5038,4558,4622,4718,5358,5166,5198,5230,5006,6382,6638,6638,6670,6926,6638,6094,6702,6830,6990,7086,6862,7182,7054,6542,6286,6126,7374,6798,6510,6478,6638
STAT,(NULL),MeminfoMid,44,968,22,22,22,22,22,22,22,22,22,22,22,22,22,22,22,22,22,22,22,22,22,22,22,22,22,22,22,22,22,22,22,22,22,22,22,22,22,22,22,22,22,22,22,22
STAT,(NULL),MeminfoPost,44,968,22,22,22,22,22,22,22,22,22,22,22,22,22,22,22,22,22,22,22,22,22,22,22,22,22,22,22,22,22,22,22,22,22,22,22,22,22,22,22,22,22,22,22,22
STAT,(NULL),MeminfoPre1,44,88,2,2,2,2,2,2,2,2,2,2,2,2,2,2,2,2,2,2,2,2,2,2,2,2,2,2,2,2,2,2,2,2,2,2,2,2,2,2,2,2,2,2,2,2
STAT,(NULL),MeminfoPre2,44,968,22,22,22,22,22,22,22,22,22,22,22,22,22,22,22,22,22,22,22,22,22,22,22,22,22,22,22,22,22,22,22,22,22,22,22,22,22,22,22,22,22,22,22,22
STAT,(NULL),OuterRoundsExecuted,44,7,7,0,0,0,0,0,0,0,0,0,0,0,0,0,0,0,0,0,0,0,0,0,0,0,0,0,0,0,0,0,0,0,0,0,0,0,0,0,0,0,0,0,0,0
STAT,(NULL),RoundsExecuted,44,7,7,0,0,0,0,0,0,0,0,0,0,0,0,0,0,0,0,0,0,0,0,0,0,0,0,0,0,0,0,0,0,0,0,0,0,0,0,0,0,0,0,0,0,0
STAT,(NULL),Threads,44,44,44,0,0,0,0,0,0,0,0,0,0,0,0,0,0,0,0,0,0,0,0,0,0,0,0,0,0,0,0,0,0,0,0,0,0,0,0,0,0,0,0,0,0,0
STAT,(NULL),Time,44,133,133,0,0,0,0,0,0,0,0,0,0,0,0,0,0,0,0,0,0,0,0,0,0,0,0,0,0,0,0,0,0,0,0,0,0,0,0,0,0,0,0,0,0,0
STAT,(NULL),refine,44,129,129,0,0,0,0,0,0,0,0,0,0,0,0,0,0,0,0,0,0,0,0,0,0,0,0,0,0,0,0,0,0,0,0,0,0,0,0,0,0,0,0,0,0,0
STAT,allocate,LoopTime,44,32,32,0,0,0,0,0,0,0,0,0,0,0,0,0,0,0,0,0,0,0,0,0,0,0,0,0,0,0,0,0,0,0,0,0,0,0,0,0,0,0,0,0,0,0
STAT,count_if,LoopTime,44,1027,1027,0,0,0,0,0,0,0,0,0,0,0,0,0,0,0,0,0,0,0,0,0,0,0,0,0,0,0,0,0,0,0,0,0,0,0,0,0,0,0,0,0,0,0
STAT,findbad,LoopTime,44,3,3,0,0,0,0,0,0,0,0,0,0,0,0,0,0,0,0,0,0,0,0,0,0,0,0,0,0,0,0,0,0,0,0,0,0,0,0,0,0,0,0,0,0,0
STAT,refine,Conflicts,44,1849,67,28,15,6,24,14,40,51,9,41,34,16,0,2,3,56,49,64,42,56,34,44,83,84,37,36,39,16,55,43,33,22,20,67,90,64,94,41,85,43,64,40,44,54
STAT,refine,Iterations,44,1555607,20583,35425,37001,36594,35239,35512,36532,36166,36805,34756,37272,35922,35190,36985,36287,36337,35974,37392,37925,34915,35460,36156,36635,34946,34168,36464,34540,35253,36786,36402,34081,33946,35280,36129,34558,35851,34339,33906,34708,33938,35228,36151,34502,37368
STAT,refine,LoopTime,44,119,119,0,0,0,0,0,0,0,0,0,0,0,0,0,0,0,0,0,0,0,0,0,0,0,0,0,0,0,0,0,0,0,0,0,0,0,0,0,0,0,0,0,0,0
Galois Benchmark Suite v2.2.1 (r0)
Copyright (C) 2014 The University of Texas at Austin
http://iss.ices.utexas.edu/galois/

application: Delaunay Mesh Refinement
Refines a Delaunay triangulation mesh such that no angle in the mesh is less than 30 degrees
http://iss.ices.utexas.edu/?p=projects/galois/benchmarks/delaunay_mesh_refinement

INFO: CommandLine ./delaunayrefinement_galois -t 88 /home/users/kkazatzis/GaloisInput-2.0/input/delaunayrefinement/250k.2
INFO: Hostname broady
Using bin for node
Using bin for ele
Using bin for poly
configuration: 549998 total triangles, 261100 bad triangles
Total Time: 9.55 s
2314176 total triangles
Refinement OK
STATTYPE,LOOP,CATEGORY,n,sum,T0,T1,T2,T3,T4,T5,T6,T7,T8,T9,T10,T11,T12,T13,T14,T15,T16,T17,T18,T19,T20,T21,T22,T23,T24,T25,T26,T27,T28,T29,T30,T31,T32,T33,T34,T35,T36,T37,T38,T39,T40,T41,T42,T43,T44,T45,T46,T47,T48,T49,T50,T51,T52,T53,T54,T55,T56,T57,T58,T59,T60,T61,T62,T63,T64,T65,T66,T67,T68,T69,T70,T71,T72,T73,T74,T75,T76,T77,T78,T79,T80,T81,T82,T83,T84,T85,T86,T87
STAT,(NULL),Conflicts,88,0,0,0,0,0,0,0,0,0,0,0,0,0,0,0,0,0,0,0,0,0,0,0,0,0,0,0,0,0,0,0,0,0,0,0,0,0,0,0,0,0,0,0,0,0,0,0,0,0,0,0,0,0,0,0,0,0,0,0,0,0,0,0,0,0,0,0,0,0,0,0,0,0,0,0,0,0,0,0,0,0,0,0,0,0,0,0,0,0
STAT,(NULL),Iterations,88,261100,3352,3544,2488,3160,3063,3767,3351,2679,3479,3831,3639,3159,3383,3063,2679,3031,2775,3159,2999,3127,2871,2583,2359,2327,3095,2871,2679,2903,2999,2615,2679,2871,2743,2871,2935,3351,2071,2327,2519,3607,2903,2455,2999,3255,3255,2967,2679,3319,3191,3607,3319,3031,3159,3095,3383,2871,2903,3319,2999,2807,2839,3255,2711,2839,3223,2807,3351,2039,2871,2551,2935,3191,3191,2679,2839,2903,2647,3095,2903,3191,2775,2295,2455,3767,3031,3063,2359,2775
STAT,(NULL),MeminfoMid,88,1936,22,22,22,22,22,22,22,22,22,22,22,22,22,22,22,22,22,22,22,22,22,22,22,22,22,22,22,22,22,22,22,22,22,22,22,22,22,22,22,22,22,22,22,22,22,22,22,22,22,22,22,22,22,22,22,22,22,22,22,22,22,22,22,22,22,22,22,22,22,22,22,22,22,22,22,22,22,22,22,22,22,22,22,22,22,22,22,22
STAT,(NULL),MeminfoPost,88,1936,22,22,22,22,22,22,22,22,22,22,22,22,22,22,22,22,22,22,22,22,22,22,22,22,22,22,22,22,22,22,22,22,22,22,22,22,22,22,22,22,22,22,22,22,22,22,22,22,22,22,22,22,22,22,22,22,22,22,22,22,22,22,22,22,22,22,22,22,22,22,22,22,22,22,22,22,22,22,22,22,22,22,22,22,22,22,22,22
STAT,(NULL),MeminfoPre1,88,176,2,2,2,2,2,2,2,2,2,2,2,2,2,2,2,2,2,2,2,2,2,2,2,2,2,2,2,2,2,2,2,2,2,2,2,2,2,2,2,2,2,2,2,2,2,2,2,2,2,2,2,2,2,2,2,2,2,2,2,2,2,2,2,2,2,2,2,2,2,2,2,2,2,2,2,2,2,2,2,2,2,2,2,2,2,2,2,2
STAT,(NULL),MeminfoPre2,88,1936,22,22,22,22,22,22,22,22,22,22,22,22,22,22,22,22,22,22,22,22,22,22,22,22,22,22,22,22,22,22,22,22,22,22,22,22,22,22,22,22,22,22,22,22,22,22,22,22,22,22,22,22,22,22,22,22,22,22,22,22,22,22,22,22,22,22,22,22,22,22,22,22,22,22,22,22,22,22,22,22,22,22,22,22,22,22,22,22
STAT,(NULL),OuterRoundsExecuted,88,7,7,0,0,0,0,0,0,0,0,0,0,0,0,0,0,0,0,0,0,0,0,0,0,0,0,0,0,0,0,0,0,0,0,0,0,0,0,0,0,0,0,0,0,0,0,0,0,0,0,0,0,0,0,0,0,0,0,0,0,0,0,0,0,0,0,0,0,0,0,0,0,0,0,0,0,0,0,0,0,0,0,0,0,0,0,0,0,0
STAT,(NULL),RoundsExecuted,88,7,7,0,0,0,0,0,0,0,0,0,0,0,0,0,0,0,0,0,0,0,0,0,0,0,0,0,0,0,0,0,0,0,0,0,0,0,0,0,0,0,0,0,0,0,0,0,0,0,0,0,0,0,0,0,0,0,0,0,0,0,0,0,0,0,0,0,0,0,0,0,0,0,0,0,0,0,0,0,0,0,0,0,0,0,0,0,0,0
STAT,(NULL),Threads,88,88,88,0,0,0,0,0,0,0,0,0,0,0,0,0,0,0,0,0,0,0,0,0,0,0,0,0,0,0,0,0,0,0,0,0,0,0,0,0,0,0,0,0,0,0,0,0,0,0,0,0,0,0,0,0,0,0,0,0,0,0,0,0,0,0,0,0,0,0,0,0,0,0,0,0,0,0,0,0,0,0,0,0,0,0,0,0,0,0
STAT,(NULL),Time,88,108,108,0,0,0,0,0,0,0,0,0,0,0,0,0,0,0,0,0,0,0,0,0,0,0,0,0,0,0,0,0,0,0,0,0,0,0,0,0,0,0,0,0,0,0,0,0,0,0,0,0,0,0,0,0,0,0,0,0,0,0,0,0,0,0,0,0,0,0,0,0,0,0,0,0,0,0,0,0,0,0,0,0,0,0,0,0,0,0
STAT,(NULL),refine,88,104,104,0,0,0,0,0,0,0,0,0,0,0,0,0,0,0,0,0,0,0,0,0,0,0,0,0,0,0,0,0,0,0,0,0,0,0,0,0,0,0,0,0,0,0,0,0,0,0,0,0,0,0,0,0,0,0,0,0,0,0,0,0,0,0,0,0,0,0,0,0,0,0,0,0,0,0,0,0,0,0,0,0,0,0,0,0,0,0
STAT,allocate,LoopTime,88,82,82,0,0,0,0,0,0,0,0,0,0,0,0,0,0,0,0,0,0,0,0,0,0,0,0,0,0,0,0,0,0,0,0,0,0,0,0,0,0,0,0,0,0,0,0,0,0,0,0,0,0,0,0,0,0,0,0,0,0,0,0,0,0,0,0,0,0,0,0,0,0,0,0,0,0,0,0,0,0,0,0,0,0,0,0,0,0,0
STAT,count_if,LoopTime,88,1190,1190,0,0,0,0,0,0,0,0,0,0,0,0,0,0,0,0,0,0,0,0,0,0,0,0,0,0,0,0,0,0,0,0,0,0,0,0,0,0,0,0,0,0,0,0,0,0,0,0,0,0,0,0,0,0,0,0,0,0,0,0,0,0,0,0,0,0,0,0,0,0,0,0,0,0,0,0,0,0,0,0,0,0,0,0,0,0,0
STAT,findbad,LoopTime,88,3,3,0,0,0,0,0,0,0,0,0,0,0,0,0,0,0,0,0,0,0,0,0,0,0,0,0,0,0,0,0,0,0,0,0,0,0,0,0,0,0,0,0,0,0,0,0,0,0,0,0,0,0,0,0,0,0,0,0,0,0,0,0,0,0,0,0,0,0,0,0,0,0,0,0,0,0,0,0,0,0,0,0,0,0,0,0,0,0
STAT,refine,Conflicts,88,2806,17,9,7,7,3,7,29,43,32,49,33,43,35,43,29,31,58,39,59,32,30,43,59,32,16,40,12,5,24,11,15,15,8,1,8,10,17,32,18,37,46,40,47,33,25,41,63,74,51,58,39,37,30,32,20,24,27,37,33,11,35,6,8,8,14,6,50,47,33,32,96,51,69,55,57,49,66,52,24,17,13,11,49,52,33,22,19,26
STAT,refine,Iterations,88,1558652,9223,18877,17813,18201,18207,18443,18645,18196,17722,17673,17722,17826,17431,17840,18035,17990,18423,18632,17414,17780,18764,19099,17690,17871,17418,17413,16559,18368,17824,18286,17759,17094,17099,17586,17173,18903,17828,17141,16683,17052,17106,17114,17029,17060,17595,17643,17963,18089,17789,18488,17840,18761,18881,17951,17047,17590,18852,18703,19166,18598,17767,17771,18139,17805,18491,18995,17040,17288,17177,17314,18647,17544,17118,16866,17083,16938,17436,17260,17051,16832,17396,18119,17859,18173,17000,17661,18113,18801
STAT,refine,LoopTime,88,90,90,0,0,0,0,0,0,0,0,0,0,0,0,0,0,0,0,0,0,0,0,0,0,0,0,0,0,0,0,0,0,0,0,0,0,0,0,0,0,0,0,0,0,0,0,0,0,0,0,0,0,0,0,0,0,0,0,0,0,0,0,0,0,0,0,0,0,0,0,0,0,0,0,0,0,0,0,0,0,0,0,0,0,0,0,0,0,0
