Galois Benchmark Suite v2.2.1 (r0)
Copyright (C) 2014 The University of Texas at Austin
http://iss.ices.utexas.edu/galois/

application: Delaunay Triangulation
Produces a Delaunay triangulation for a set of points
http://iss.ices.utexas.edu/?p=projects/galois/benchmarks/delaunay_triangulation

INFO: CommandLine ./delaunaytriangulation -t 1 /home/users/kkazatzis/Galois-2.2.1/inputs/meshes/r10k.node
INFO: Hostname broady
configuration: 10003 points
mesh size: 20004
Triangulation OK
STATTYPE,LOOP,CATEGORY,n,sum,T0
STAT,(NULL),Conflicts,1,0,0
STAT,(NULL),Iterations,1,10000,10000
STAT,(NULL),LoopTime,1,58,58
STAT,(NULL),MeminfoPost,1,10,10
STAT,(NULL),MeminfoPre,1,9,9
STAT,(NULL),Threads,1,1,1
STAT,(NULL),Time,1,58,58
Galois Benchmark Suite v2.2.1 (r0)
Copyright (C) 2014 The University of Texas at Austin
http://iss.ices.utexas.edu/galois/

application: Delaunay Triangulation
Produces a Delaunay triangulation for a set of points
http://iss.ices.utexas.edu/?p=projects/galois/benchmarks/delaunay_triangulation

INFO: CommandLine ./delaunaytriangulation -t 1 /home/users/kkazatzis/Galois-2.2.1/inputs/meshes/r10k.node
INFO: Hostname broady
configuration: 10003 points
mesh size: 20004
Triangulation OK
STATTYPE,LOOP,CATEGORY,n,sum,T0
STAT,(NULL),Conflicts,1,0,0
STAT,(NULL),Iterations,1,10000,10000
STAT,(NULL),LoopTime,1,58,58
STAT,(NULL),MeminfoPost,1,10,10
STAT,(NULL),MeminfoPre,1,9,9
STAT,(NULL),Threads,1,1,1
STAT,(NULL),Time,1,58,58
Galois Benchmark Suite v2.2.1 (r0)
Copyright (C) 2014 The University of Texas at Austin
http://iss.ices.utexas.edu/galois/

application: Delaunay Triangulation
Produces a Delaunay triangulation for a set of points
http://iss.ices.utexas.edu/?p=projects/galois/benchmarks/delaunay_triangulation

INFO: CommandLine ./delaunaytriangulation -t 1 /home/users/kkazatzis/Galois-2.2.1/inputs/meshes/r10k.node
INFO: Hostname broady
configuration: 10003 points
mesh size: 20004
Triangulation OK
STATTYPE,LOOP,CATEGORY,n,sum,T0
STAT,(NULL),Conflicts,1,0,0
STAT,(NULL),Iterations,1,10000,10000
STAT,(NULL),LoopTime,1,58,58
STAT,(NULL),MeminfoPost,1,10,10
STAT,(NULL),MeminfoPre,1,9,9
STAT,(NULL),Threads,1,1,1
STAT,(NULL),Time,1,58,58
Galois Benchmark Suite v2.2.1 (r0)
Copyright (C) 2014 The University of Texas at Austin
http://iss.ices.utexas.edu/galois/

application: Delaunay Triangulation
Produces a Delaunay triangulation for a set of points
http://iss.ices.utexas.edu/?p=projects/galois/benchmarks/delaunay_triangulation

INFO: CommandLine ./delaunaytriangulation -t 1 /home/users/kkazatzis/Galois-2.2.1/inputs/meshes/r10k.node
INFO: Hostname broady
configuration: 10003 points
mesh size: 20004
Triangulation OK
STATTYPE,LOOP,CATEGORY,n,sum,T0
STAT,(NULL),Conflicts,1,0,0
STAT,(NULL),Iterations,1,10000,10000
STAT,(NULL),LoopTime,1,59,59
STAT,(NULL),MeminfoPost,1,10,10
STAT,(NULL),MeminfoPre,1,9,9
STAT,(NULL),Threads,1,1,1
STAT,(NULL),Time,1,59,59
Galois Benchmark Suite v2.2.1 (r0)
Copyright (C) 2014 The University of Texas at Austin
http://iss.ices.utexas.edu/galois/

application: Delaunay Triangulation
Produces a Delaunay triangulation for a set of points
http://iss.ices.utexas.edu/?p=projects/galois/benchmarks/delaunay_triangulation

INFO: CommandLine ./delaunaytriangulation -t 1 /home/users/kkazatzis/Galois-2.2.1/inputs/meshes/r10k.node
INFO: Hostname broady
configuration: 10003 points
mesh size: 20004
Triangulation OK
STATTYPE,LOOP,CATEGORY,n,sum,T0
STAT,(NULL),Conflicts,1,0,0
STAT,(NULL),Iterations,1,10000,10000
STAT,(NULL),LoopTime,1,58,58
STAT,(NULL),MeminfoPost,1,10,10
STAT,(NULL),MeminfoPre,1,9,9
STAT,(NULL),Threads,1,1,1
STAT,(NULL),Time,1,58,58
Galois Benchmark Suite v2.2.1 (r0)
Copyright (C) 2014 The University of Texas at Austin
http://iss.ices.utexas.edu/galois/

application: Delaunay Triangulation
Produces a Delaunay triangulation for a set of points
http://iss.ices.utexas.edu/?p=projects/galois/benchmarks/delaunay_triangulation

INFO: CommandLine ./delaunaytriangulation -t 2 /home/users/kkazatzis/Galois-2.2.1/inputs/meshes/r10k.node
INFO: Hostname broady
configuration: 10003 points
mesh size: 20004
Triangulation OK
STATTYPE,LOOP,CATEGORY,n,sum,T0,T1
STAT,(NULL),Conflicts,2,358,225,133
STAT,(NULL),Iterations,2,10358,5213,5145
STAT,(NULL),LoopTime,2,38,38,0
STAT,(NULL),MeminfoPost,2,18,9,9
STAT,(NULL),MeminfoPre,2,12,6,6
STAT,(NULL),Threads,2,2,2,0
STAT,(NULL),Time,2,38,38,0
Galois Benchmark Suite v2.2.1 (r0)
Copyright (C) 2014 The University of Texas at Austin
http://iss.ices.utexas.edu/galois/

application: Delaunay Triangulation
Produces a Delaunay triangulation for a set of points
http://iss.ices.utexas.edu/?p=projects/galois/benchmarks/delaunay_triangulation

INFO: CommandLine ./delaunaytriangulation -t 2 /home/users/kkazatzis/Galois-2.2.1/inputs/meshes/r10k.node
INFO: Hostname broady
configuration: 10003 points
mesh size: 20004
Triangulation OK
STATTYPE,LOOP,CATEGORY,n,sum,T0,T1
STAT,(NULL),Conflicts,2,7819,7669,150
STAT,(NULL),Iterations,2,17819,12663,5156
STAT,(NULL),LoopTime,2,39,39,0
STAT,(NULL),MeminfoPost,2,18,9,9
STAT,(NULL),MeminfoPre,2,12,6,6
STAT,(NULL),Threads,2,2,2,0
STAT,(NULL),Time,2,39,39,0
Galois Benchmark Suite v2.2.1 (r0)
Copyright (C) 2014 The University of Texas at Austin
http://iss.ices.utexas.edu/galois/

application: Delaunay Triangulation
Produces a Delaunay triangulation for a set of points
http://iss.ices.utexas.edu/?p=projects/galois/benchmarks/delaunay_triangulation

INFO: CommandLine ./delaunaytriangulation -t 2 /home/users/kkazatzis/Galois-2.2.1/inputs/meshes/r10k.node
INFO: Hostname broady
configuration: 10003 points
mesh size: 20004
Triangulation OK
STATTYPE,LOOP,CATEGORY,n,sum,T0,T1
STAT,(NULL),Conflicts,2,283,213,70
STAT,(NULL),Iterations,2,10283,5224,5059
STAT,(NULL),LoopTime,2,38,38,0
STAT,(NULL),MeminfoPost,2,18,9,9
STAT,(NULL),MeminfoPre,2,12,6,6
STAT,(NULL),Threads,2,2,2,0
STAT,(NULL),Time,2,38,38,0
Galois Benchmark Suite v2.2.1 (r0)
Copyright (C) 2014 The University of Texas at Austin
http://iss.ices.utexas.edu/galois/

application: Delaunay Triangulation
Produces a Delaunay triangulation for a set of points
http://iss.ices.utexas.edu/?p=projects/galois/benchmarks/delaunay_triangulation

INFO: CommandLine ./delaunaytriangulation -t 2 /home/users/kkazatzis/Galois-2.2.1/inputs/meshes/r10k.node
INFO: Hostname broady
configuration: 10003 points
mesh size: 20004
Triangulation OK
STATTYPE,LOOP,CATEGORY,n,sum,T0,T1
STAT,(NULL),Conflicts,2,306,210,96
STAT,(NULL),Iterations,2,10306,5191,5115
STAT,(NULL),LoopTime,2,38,38,0
STAT,(NULL),MeminfoPost,2,18,9,9
STAT,(NULL),MeminfoPre,2,12,6,6
STAT,(NULL),Threads,2,2,2,0
STAT,(NULL),Time,2,38,38,0
Galois Benchmark Suite v2.2.1 (r0)
Copyright (C) 2014 The University of Texas at Austin
http://iss.ices.utexas.edu/galois/

application: Delaunay Triangulation
Produces a Delaunay triangulation for a set of points
http://iss.ices.utexas.edu/?p=projects/galois/benchmarks/delaunay_triangulation

INFO: CommandLine ./delaunaytriangulation -t 2 /home/users/kkazatzis/Galois-2.2.1/inputs/meshes/r10k.node
INFO: Hostname broady
configuration: 10003 points
mesh size: 20004
Triangulation OK
STATTYPE,LOOP,CATEGORY,n,sum,T0,T1
STAT,(NULL),Conflicts,2,299,155,144
STAT,(NULL),Iterations,2,10299,5019,5280
STAT,(NULL),LoopTime,2,38,38,0
STAT,(NULL),MeminfoPost,2,18,9,9
STAT,(NULL),MeminfoPre,2,12,6,6
STAT,(NULL),Threads,2,2,2,0
STAT,(NULL),Time,2,38,38,0
Galois Benchmark Suite v2.2.1 (r0)
Copyright (C) 2014 The University of Texas at Austin
http://iss.ices.utexas.edu/galois/

application: Delaunay Triangulation
Produces a Delaunay triangulation for a set of points
http://iss.ices.utexas.edu/?p=projects/galois/benchmarks/delaunay_triangulation

INFO: CommandLine ./delaunaytriangulation -t 4 /home/users/kkazatzis/Galois-2.2.1/inputs/meshes/r10k.node
INFO: Hostname broady
configuration: 10003 points
mesh size: 20004
Triangulation OK
STATTYPE,LOOP,CATEGORY,n,sum,T0,T1,T2,T3
STAT,(NULL),Conflicts,4,43804,11106,5230,13250,14218
STAT,(NULL),Iterations,4,53804,11703,14625,13256,14220
STAT,(NULL),LoopTime,4,80,80,0,0,0
STAT,(NULL),MeminfoPost,4,32,7,11,7,7
STAT,(NULL),MeminfoPre,4,16,4,4,4,4
STAT,(NULL),Threads,4,4,4,0,0,0
STAT,(NULL),Time,4,81,81,0,0,0
Galois Benchmark Suite v2.2.1 (r0)
Copyright (C) 2014 The University of Texas at Austin
http://iss.ices.utexas.edu/galois/

application: Delaunay Triangulation
Produces a Delaunay triangulation for a set of points
http://iss.ices.utexas.edu/?p=projects/galois/benchmarks/delaunay_triangulation

INFO: CommandLine ./delaunaytriangulation -t 4 /home/users/kkazatzis/Galois-2.2.1/inputs/meshes/r10k.node
INFO: Hostname broady
configuration: 10003 points
mesh size: 20004
Triangulation OK
STATTYPE,LOOP,CATEGORY,n,sum,T0,T1,T2,T3
STAT,(NULL),Conflicts,4,38288,8200,2902,15180,12006
STAT,(NULL),Iterations,4,48288,8800,12300,15180,12008
STAT,(NULL),LoopTime,4,78,78,0,0,0
STAT,(NULL),MeminfoPost,4,30,7,11,5,7
STAT,(NULL),MeminfoPre,4,16,4,4,4,4
STAT,(NULL),Threads,4,4,4,0,0,0
STAT,(NULL),Time,4,78,78,0,0,0
Galois Benchmark Suite v2.2.1 (r0)
Copyright (C) 2014 The University of Texas at Austin
http://iss.ices.utexas.edu/galois/

application: Delaunay Triangulation
Produces a Delaunay triangulation for a set of points
http://iss.ices.utexas.edu/?p=projects/galois/benchmarks/delaunay_triangulation

INFO: CommandLine ./delaunaytriangulation -t 4 /home/users/kkazatzis/Galois-2.2.1/inputs/meshes/r10k.node
INFO: Hostname broady
configuration: 10003 points
mesh size: 20004
Triangulation OK
STATTYPE,LOOP,CATEGORY,n,sum,T0,T1,T2,T3
STAT,(NULL),Conflicts,4,37633,7504,3088,15564,11477
STAT,(NULL),Iterations,4,47633,8144,12338,15564,11587
STAT,(NULL),LoopTime,4,77,77,0,0,0
STAT,(NULL),MeminfoPost,4,30,7,11,5,7
STAT,(NULL),MeminfoPre,4,16,4,4,4,4
STAT,(NULL),Threads,4,4,4,0,0,0
STAT,(NULL),Time,4,77,77,0,0,0
Galois Benchmark Suite v2.2.1 (r0)
Copyright (C) 2014 The University of Texas at Austin
http://iss.ices.utexas.edu/galois/

application: Delaunay Triangulation
Produces a Delaunay triangulation for a set of points
http://iss.ices.utexas.edu/?p=projects/galois/benchmarks/delaunay_triangulation

INFO: CommandLine ./delaunaytriangulation -t 4 /home/users/kkazatzis/Galois-2.2.1/inputs/meshes/r10k.node
INFO: Hostname broady
configuration: 10003 points
mesh size: 20004
Triangulation OK
STATTYPE,LOOP,CATEGORY,n,sum,T0,T1,T2,T3
STAT,(NULL),Conflicts,4,44781,12329,5270,15370,11812
STAT,(NULL),Iterations,4,54781,13005,14588,15372,11816
STAT,(NULL),LoopTime,4,79,79,0,0,0
STAT,(NULL),MeminfoPost,4,32,7,11,7,7
STAT,(NULL),MeminfoPre,4,16,4,4,4,4
STAT,(NULL),Threads,4,4,4,0,0,0
STAT,(NULL),Time,4,79,79,0,0,0
Galois Benchmark Suite v2.2.1 (r0)
Copyright (C) 2014 The University of Texas at Austin
http://iss.ices.utexas.edu/galois/

application: Delaunay Triangulation
Produces a Delaunay triangulation for a set of points
http://iss.ices.utexas.edu/?p=projects/galois/benchmarks/delaunay_triangulation

INFO: CommandLine ./delaunaytriangulation -t 4 /home/users/kkazatzis/Galois-2.2.1/inputs/meshes/r10k.node
INFO: Hostname broady
configuration: 10003 points
mesh size: 20004
Triangulation OK
STATTYPE,LOOP,CATEGORY,n,sum,T0,T1,T2,T3
STAT,(NULL),Conflicts,4,32700,9077,3663,12172,7788
STAT,(NULL),Iterations,4,42700,11412,9290,14210,7788
STAT,(NULL),LoopTime,4,51,51,0,0,0
STAT,(NULL),MeminfoPost,4,28,7,9,7,5
STAT,(NULL),MeminfoPre,4,16,4,4,4,4
STAT,(NULL),Threads,4,4,4,0,0,0
STAT,(NULL),Time,4,51,51,0,0,0
Galois Benchmark Suite v2.2.1 (r0)
Copyright (C) 2014 The University of Texas at Austin
http://iss.ices.utexas.edu/galois/

application: Delaunay Triangulation
Produces a Delaunay triangulation for a set of points
http://iss.ices.utexas.edu/?p=projects/galois/benchmarks/delaunay_triangulation

INFO: CommandLine ./delaunaytriangulation -t 8 /home/users/kkazatzis/Galois-2.2.1/inputs/meshes/r10k.node
INFO: Hostname broady
configuration: 10003 points
mesh size: 20004
Triangulation OK
STATTYPE,LOOP,CATEGORY,n,sum,T0,T1,T2,T3,T4,T5,T6,T7
STAT,(NULL),Conflicts,8,37793,18749,547,2153,448,4389,11123,186,198
STAT,(NULL),Iterations,8,47793,23349,664,7231,449,4472,11238,192,198
STAT,(NULL),LoopTime,8,67,67,0,0,0,0,0,0,0
STAT,(NULL),MeminfoPost,8,57,8,7,9,7,7,7,7,5
STAT,(NULL),MeminfoPre,8,24,3,3,3,3,3,3,3,3
STAT,(NULL),Threads,8,8,8,0,0,0,0,0,0,0
STAT,(NULL),Time,8,67,67,0,0,0,0,0,0,0
Galois Benchmark Suite v2.2.1 (r0)
Copyright (C) 2014 The University of Texas at Austin
http://iss.ices.utexas.edu/galois/

application: Delaunay Triangulation
Produces a Delaunay triangulation for a set of points
http://iss.ices.utexas.edu/?p=projects/galois/benchmarks/delaunay_triangulation

INFO: CommandLine ./delaunaytriangulation -t 8 /home/users/kkazatzis/Galois-2.2.1/inputs/meshes/r10k.node
INFO: Hostname broady
configuration: 10003 points
mesh size: 20004
Triangulation OK
STATTYPE,LOOP,CATEGORY,n,sum,T0,T1,T2,T3,T4,T5,T6,T7
STAT,(NULL),Conflicts,8,26750,12724,2729,6587,3918,198,198,198,198
STAT,(NULL),Iterations,8,36750,17888,5480,8672,3918,198,198,198,198
STAT,(NULL),LoopTime,8,54,54,0,0,0,0,0,0,0
STAT,(NULL),MeminfoPost,8,45,9,8,7,5,4,4,4,4
STAT,(NULL),MeminfoPre,8,24,3,3,3,3,3,3,3,3
STAT,(NULL),Threads,8,8,8,0,0,0,0,0,0,0
STAT,(NULL),Time,8,54,54,0,0,0,0,0,0,0
Galois Benchmark Suite v2.2.1 (r0)
Copyright (C) 2014 The University of Texas at Austin
http://iss.ices.utexas.edu/galois/

application: Delaunay Triangulation
Produces a Delaunay triangulation for a set of points
http://iss.ices.utexas.edu/?p=projects/galois/benchmarks/delaunay_triangulation

INFO: CommandLine ./delaunaytriangulation -t 8 /home/users/kkazatzis/Galois-2.2.1/inputs/meshes/r10k.node
INFO: Hostname broady
configuration: 10003 points
mesh size: 20004
Triangulation OK
STATTYPE,LOOP,CATEGORY,n,sum,T0,T1,T2,T3,T4,T5,T6,T7
STAT,(NULL),Conflicts,8,28521,1877,1250,12263,1218,198,6135,1542,4038
STAT,(NULL),Iterations,8,38521,2265,4152,15136,3141,198,8049,1542,4038
STAT,(NULL),LoopTime,8,47,47,0,0,0,0,0,0,0
STAT,(NULL),MeminfoPost,8,51,7,8,8,7,4,7,5,5
STAT,(NULL),MeminfoPre,8,24,3,3,3,3,3,3,3,3
STAT,(NULL),Threads,8,8,8,0,0,0,0,0,0,0
STAT,(NULL),Time,8,47,47,0,0,0,0,0,0,0
Galois Benchmark Suite v2.2.1 (r0)
Copyright (C) 2014 The University of Texas at Austin
http://iss.ices.utexas.edu/galois/

application: Delaunay Triangulation
Produces a Delaunay triangulation for a set of points
http://iss.ices.utexas.edu/?p=projects/galois/benchmarks/delaunay_triangulation

INFO: CommandLine ./delaunaytriangulation -t 8 /home/users/kkazatzis/Galois-2.2.1/inputs/meshes/r10k.node
INFO: Hostname broady
configuration: 10003 points
mesh size: 20004
Triangulation OK
STATTYPE,LOOP,CATEGORY,n,sum,T0,T1,T2,T3,T4,T5,T6,T7
STAT,(NULL),Conflicts,8,33317,10656,2074,4575,4142,140,11142,198,390
STAT,(NULL),Iterations,8,43317,13761,4224,9300,4142,160,11142,198,390
STAT,(NULL),LoopTime,8,59,59,0,0,0,0,0,0,0
STAT,(NULL),MeminfoPost,8,50,8,7,9,5,7,5,4,5
STAT,(NULL),MeminfoPre,8,24,3,3,3,3,3,3,3,3
STAT,(NULL),Threads,8,8,8,0,0,0,0,0,0,0
STAT,(NULL),Time,8,59,59,0,0,0,0,0,0,0
Galois Benchmark Suite v2.2.1 (r0)
Copyright (C) 2014 The University of Texas at Austin
http://iss.ices.utexas.edu/galois/

application: Delaunay Triangulation
Produces a Delaunay triangulation for a set of points
http://iss.ices.utexas.edu/?p=projects/galois/benchmarks/delaunay_triangulation

INFO: CommandLine ./delaunaytriangulation -t 8 /home/users/kkazatzis/Galois-2.2.1/inputs/meshes/r10k.node
INFO: Hostname broady
configuration: 10003 points
mesh size: 20004
Triangulation OK
STATTYPE,LOOP,CATEGORY,n,sum,T0,T1,T2,T3,T4,T5,T6,T7
STAT,(NULL),Conflicts,8,32619,7913,2676,17036,462,294,3842,198,198
STAT,(NULL),Iterations,8,42619,9842,6833,20946,462,294,3846,198,198
STAT,(NULL),LoopTime,8,51,51,0,0,0,0,0,0,0
STAT,(NULL),MeminfoPost,8,47,7,8,8,4,5,7,4,4
STAT,(NULL),MeminfoPre,8,24,3,3,3,3,3,3,3,3
STAT,(NULL),Threads,8,8,8,0,0,0,0,0,0,0
STAT,(NULL),Time,8,51,51,0,0,0,0,0,0,0
Galois Benchmark Suite v2.2.1 (r0)
Copyright (C) 2014 The University of Texas at Austin
http://iss.ices.utexas.edu/galois/

application: Delaunay Triangulation
Produces a Delaunay triangulation for a set of points
http://iss.ices.utexas.edu/?p=projects/galois/benchmarks/delaunay_triangulation

INFO: CommandLine ./delaunaytriangulation -t 16 /home/users/kkazatzis/Galois-2.2.1/inputs/meshes/r10k.node
INFO: Hostname broady
configuration: 10003 points
mesh size: 20004
Triangulation OK
STATTYPE,LOOP,CATEGORY,n,sum,T0,T1,T2,T3,T4,T5,T6,T7,T8,T9,T10,T11,T12,T13,T14,T15
STAT,(NULL),Conflicts,16,45850,12007,2766,3497,1215,4107,7589,567,567,243,11834,243,243,243,243,243,243
STAT,(NULL),Iterations,16,55850,15298,3949,6085,1215,6849,7659,567,567,243,11960,243,243,243,243,243,243
STAT,(NULL),LoopTime,16,61,61,0,0,0,0,0,0,0,0,0,0,0,0,0,0,0
STAT,(NULL),MeminfoPost,16,86,8,7,8,5,8,7,4,4,4,7,4,4,4,4,4,4
STAT,(NULL),MeminfoPre,16,48,3,3,3,3,3,3,3,3,3,3,3,3,3,3,3,3
STAT,(NULL),Threads,16,16,16,0,0,0,0,0,0,0,0,0,0,0,0,0,0,0
STAT,(NULL),Time,16,61,61,0,0,0,0,0,0,0,0,0,0,0,0,0,0,0
Galois Benchmark Suite v2.2.1 (r0)
Copyright (C) 2014 The University of Texas at Austin
http://iss.ices.utexas.edu/galois/

application: Delaunay Triangulation
Produces a Delaunay triangulation for a set of points
http://iss.ices.utexas.edu/?p=projects/galois/benchmarks/delaunay_triangulation

INFO: CommandLine ./delaunaytriangulation -t 16 /home/users/kkazatzis/Galois-2.2.1/inputs/meshes/r10k.node
INFO: Hostname broady
configuration: 10003 points
mesh size: 20004
Triangulation OK
STATTYPE,LOOP,CATEGORY,n,sum,T0,T1,T2,T3,T4,T5,T6,T7,T8,T9,T10,T11,T12,T13,T14,T15
STAT,(NULL),Conflicts,16,38175,10966,3277,1215,886,567,567,3930,567,243,243,243,243,6918,7824,243,243
STAT,(NULL),Iterations,16,48175,15973,3277,1215,2491,567,567,7253,567,243,243,243,243,6981,7826,243,243
STAT,(NULL),LoopTime,16,69,69,0,0,0,0,0,0,0,0,0,0,0,0,0,0,0
STAT,(NULL),MeminfoPost,16,83,9,5,4,7,4,4,8,4,4,4,4,4,7,7,4,4
STAT,(NULL),MeminfoPre,16,48,3,3,3,3,3,3,3,3,3,3,3,3,3,3,3,3
STAT,(NULL),Threads,16,16,16,0,0,0,0,0,0,0,0,0,0,0,0,0,0,0
STAT,(NULL),Time,16,69,69,0,0,0,0,0,0,0,0,0,0,0,0,0,0,0
Galois Benchmark Suite v2.2.1 (r0)
Copyright (C) 2014 The University of Texas at Austin
http://iss.ices.utexas.edu/galois/

application: Delaunay Triangulation
Produces a Delaunay triangulation for a set of points
http://iss.ices.utexas.edu/?p=projects/galois/benchmarks/delaunay_triangulation

INFO: CommandLine ./delaunaytriangulation -t 16 /home/users/kkazatzis/Galois-2.2.1/inputs/meshes/r10k.node
INFO: Hostname broady
configuration: 10003 points
mesh size: 20004
Triangulation OK
STATTYPE,LOOP,CATEGORY,n,sum,T0,T1,T2,T3,T4,T5,T6,T7,T8,T9,T10,T11,T12,T13,T14,T15
STAT,(NULL),Conflicts,16,41473,4065,2839,4701,1471,11395,1109,567,823,243,12036,627,241,243,243,243,627
STAT,(NULL),Iterations,16,51473,5694,3353,7476,1471,16471,1109,567,823,243,12041,627,242,243,243,243,627
STAT,(NULL),LoopTime,16,75,75,0,0,0,0,0,0,0,0,0,0,0,0,0,0,0
STAT,(NULL),MeminfoPost,16,88,7,7,8,5,9,4,4,5,4,7,4,7,4,4,4,5
STAT,(NULL),MeminfoPre,16,48,3,3,3,3,3,3,3,3,3,3,3,3,3,3,3,3
STAT,(NULL),Threads,16,16,16,0,0,0,0,0,0,0,0,0,0,0,0,0,0,0
STAT,(NULL),Time,16,75,75,0,0,0,0,0,0,0,0,0,0,0,0,0,0,0
Galois Benchmark Suite v2.2.1 (r0)
Copyright (C) 2014 The University of Texas at Austin
http://iss.ices.utexas.edu/galois/

application: Delaunay Triangulation
Produces a Delaunay triangulation for a set of points
http://iss.ices.utexas.edu/?p=projects/galois/benchmarks/delaunay_triangulation

INFO: CommandLine ./delaunaytriangulation -t 16 /home/users/kkazatzis/Galois-2.2.1/inputs/meshes/r10k.node
INFO: Hostname broady
configuration: 10003 points
mesh size: 20004
Triangulation OK
STATTYPE,LOOP,CATEGORY,n,sum,T0,T1,T2,T3,T4,T5,T6,T7,T8,T9,T10,T11,T12,T13,T14,T15
STAT,(NULL),Conflicts,16,35477,4123,1139,2470,1141,2612,15707,567,494,4179,243,243,1587,243,243,243,243
STAT,(NULL),Iterations,16,45477,4893,1430,6484,1141,4361,18846,567,531,4179,243,243,1587,243,243,243,243
STAT,(NULL),LoopTime,16,66,66,0,0,0,0,0,0,0,0,0,0,0,0,0,0,0
STAT,(NULL),MeminfoPost,16,87,7,7,8,5,7,8,4,7,5,4,5,4,4,4,4,4
STAT,(NULL),MeminfoPre,16,48,3,3,3,3,3,3,3,3,3,3,3,3,3,3,3,3
STAT,(NULL),Threads,16,16,16,0,0,0,0,0,0,0,0,0,0,0,0,0,0,0
STAT,(NULL),Time,16,66,66,0,0,0,0,0,0,0,0,0,0,0,0,0,0,0
Galois Benchmark Suite v2.2.1 (r0)
Copyright (C) 2014 The University of Texas at Austin
http://iss.ices.utexas.edu/galois/

application: Delaunay Triangulation
Produces a Delaunay triangulation for a set of points
http://iss.ices.utexas.edu/?p=projects/galois/benchmarks/delaunay_triangulation

INFO: CommandLine ./delaunaytriangulation -t 16 /home/users/kkazatzis/Galois-2.2.1/inputs/meshes/r10k.node
INFO: Hostname broady
configuration: 10003 points
mesh size: 20004
Triangulation OK
STATTYPE,LOOP,CATEGORY,n,sum,T0,T1,T2,T3,T4,T5,T6,T7,T8,T9,T10,T11,T12,T13,T14,T15
STAT,(NULL),Conflicts,16,47622,10813,3760,5874,3314,14199,567,567,2948,243,243,243,243,243,243,3879,243
STAT,(NULL),Iterations,16,57622,15336,6352,8501,3526,14199,567,567,2990,243,243,243,243,243,243,3883,243
STAT,(NULL),LoopTime,16,73,73,0,0,0,0,0,0,0,0,0,0,0,0,0,0,0
STAT,(NULL),MeminfoPost,16,86,8,8,8,7,5,4,4,7,4,4,4,4,4,4,7,4
STAT,(NULL),MeminfoPre,16,48,3,3,3,3,3,3,3,3,3,3,3,3,3,3,3,3
STAT,(NULL),Threads,16,16,16,0,0,0,0,0,0,0,0,0,0,0,0,0,0,0
STAT,(NULL),Time,16,73,73,0,0,0,0,0,0,0,0,0,0,0,0,0,0,0
Galois Benchmark Suite v2.2.1 (r0)
Copyright (C) 2014 The University of Texas at Austin
http://iss.ices.utexas.edu/galois/

application: Delaunay Triangulation
Produces a Delaunay triangulation for a set of points
http://iss.ices.utexas.edu/?p=projects/galois/benchmarks/delaunay_triangulation

INFO: CommandLine ./delaunaytriangulation -t 24 /home/users/kkazatzis/Galois-2.2.1/inputs/meshes/r10k.node
INFO: Hostname broady
configuration: 10003 points
mesh size: 20004
Triangulation OK
STATTYPE,LOOP,CATEGORY,n,sum,T0,T1,T2,T3,T4,T5,T6,T7,T8,T9,T10,T11,T12,T13,T14,T15,T16,T17,T18,T19,T20,T21,T22,T23
STAT,(NULL),Conflicts,24,46287,5320,2375,2398,2047,7179,971,679,1801,8200,455,679,291,387,195,6359,195,2595,498,195,195,387,195,1130,1561
STAT,(NULL),Iterations,24,56287,7236,3059,4213,2057,9725,971,679,3431,9159,455,679,291,387,195,6423,195,2595,657,195,195,387,195,1137,1771
STAT,(NULL),LoopTime,24,83,83,0,0,0,0,0,0,0,0,0,0,0,0,0,0,0,0,0,0,0,0,0,0,0
STAT,(NULL),MeminfoPost,24,137,7,7,7,7,8,5,5,7,7,5,4,4,5,4,7,4,5,7,5,4,5,4,7,7
STAT,(NULL),MeminfoPre,24,72,3,3,3,3,3,3,3,3,3,3,3,3,3,3,3,3,3,3,3,3,3,3,3,3
STAT,(NULL),Threads,24,24,24,0,0,0,0,0,0,0,0,0,0,0,0,0,0,0,0,0,0,0,0,0,0,0
STAT,(NULL),Time,24,83,83,0,0,0,0,0,0,0,0,0,0,0,0,0,0,0,0,0,0,0,0,0,0,0
Galois Benchmark Suite v2.2.1 (r0)
Copyright (C) 2014 The University of Texas at Austin
http://iss.ices.utexas.edu/galois/

application: Delaunay Triangulation
Produces a Delaunay triangulation for a set of points
http://iss.ices.utexas.edu/?p=projects/galois/benchmarks/delaunay_triangulation

INFO: CommandLine ./delaunaytriangulation -t 24 /home/users/kkazatzis/Galois-2.2.1/inputs/meshes/r10k.node
INFO: Hostname broady
configuration: 10003 points
mesh size: 20004
Triangulation OK
STATTYPE,LOOP,CATEGORY,n,sum,T0,T1,T2,T3,T4,T5,T6,T7,T8,T9,T10,T11,T12,T13,T14,T15,T16,T17,T18,T19,T20,T21,T22,T23
STAT,(NULL),Conflicts,24,60608,9015,6736,5414,9634,1085,1846,13319,519,595,1535,455,195,195,195,291,195,405,195,4514,195,195,195,1498,2187
STAT,(NULL),Iterations,24,70608,12181,11509,5566,9711,1387,1854,13319,519,595,2828,455,195,195,195,291,195,431,195,4515,195,195,195,1700,2187
STAT,(NULL),LoopTime,24,100,100,0,0,0,0,0,0,0,0,0,0,0,0,0,0,0,0,0,0,0,0,0,0,0
STAT,(NULL),MeminfoPost,24,134,8,9,7,7,7,7,5,4,5,7,5,5,4,4,4,4,7,4,7,4,5,4,7,4
STAT,(NULL),MeminfoPre,24,72,3,3,3,3,3,3,3,3,3,3,3,3,3,3,3,3,3,3,3,3,3,3,3,3
STAT,(NULL),Threads,24,24,24,0,0,0,0,0,0,0,0,0,0,0,0,0,0,0,0,0,0,0,0,0,0,0
STAT,(NULL),Time,24,100,100,0,0,0,0,0,0,0,0,0,0,0,0,0,0,0,0,0,0,0,0,0,0,0
Galois Benchmark Suite v2.2.1 (r0)
Copyright (C) 2014 The University of Texas at Austin
http://iss.ices.utexas.edu/galois/

application: Delaunay Triangulation
Produces a Delaunay triangulation for a set of points
http://iss.ices.utexas.edu/?p=projects/galois/benchmarks/delaunay_triangulation

INFO: CommandLine ./delaunaytriangulation -t 24 /home/users/kkazatzis/Galois-2.2.1/inputs/meshes/r10k.node
INFO: Hostname broady
configuration: 10003 points
mesh size: 20004
Triangulation OK
STATTYPE,LOOP,CATEGORY,n,sum,T0,T1,T2,T3,T4,T5,T6,T7,T8,T9,T10,T11,T12,T13,T14,T15,T16,T17,T18,T19,T20,T21,T22,T23
STAT,(NULL),Conflicts,24,33130,12799,1385,379,727,843,577,551,519,519,484,455,195,195,195,195,291,291,195,175,291,195,195,7278,4201
STAT,(NULL),Iterations,24,43130,21386,1732,849,961,1038,702,551,519,519,499,455,195,195,195,195,291,291,195,182,291,195,195,7297,4202
STAT,(NULL),LoopTime,24,121,121,0,0,0,0,0,0,0,0,0,0,0,0,0,0,0,0,0,0,0,0,0,0,0
STAT,(NULL),MeminfoPost,24,134,10,7,7,7,7,7,5,4,4,7,5,5,4,4,5,4,5,4,7,4,4,4,7,7
STAT,(NULL),MeminfoPre,24,72,3,3,3,3,3,3,3,3,3,3,3,3,3,3,3,3,3,3,3,3,3,3,3,3
STAT,(NULL),Threads,24,24,24,0,0,0,0,0,0,0,0,0,0,0,0,0,0,0,0,0,0,0,0,0,0,0
STAT,(NULL),Time,24,121,121,0,0,0,0,0,0,0,0,0,0,0,0,0,0,0,0,0,0,0,0,0,0,0
Galois Benchmark Suite v2.2.1 (r0)
Copyright (C) 2014 The University of Texas at Austin
http://iss.ices.utexas.edu/galois/

application: Delaunay Triangulation
Produces a Delaunay triangulation for a set of points
http://iss.ices.utexas.edu/?p=projects/galois/benchmarks/delaunay_triangulation

INFO: CommandLine ./delaunaytriangulation -t 24 /home/users/kkazatzis/Galois-2.2.1/inputs/meshes/r10k.node
INFO: Hostname broady
configuration: 10003 points
mesh size: 20004
Triangulation OK
STATTYPE,LOOP,CATEGORY,n,sum,T0,T1,T2,T3,T4,T5,T6,T7,T8,T9,T10,T11,T12,T13,T14,T15,T16,T17,T18,T19,T20,T21,T22,T23
STAT,(NULL),Conflicts,24,55086,5729,2780,3365,1039,2662,2756,519,455,2145,551,5271,195,195,291,195,195,2592,195,195,195,17899,963,1557,3147
STAT,(NULL),Iterations,24,65086,7761,3109,4771,1039,2697,3406,519,455,2145,551,10167,195,195,291,195,195,2595,195,195,195,18018,963,2087,3147
STAT,(NULL),LoopTime,24,98,98,0,0,0,0,0,0,0,0,0,0,0,0,0,0,0,0,0,0,0,0,0,0,0
STAT,(NULL),MeminfoPost,24,129,7,7,7,5,7,7,4,5,5,4,9,4,4,4,4,4,7,5,4,4,7,5,6,4
STAT,(NULL),MeminfoPre,24,72,3,3,3,3,3,3,3,3,3,3,3,3,3,3,3,3,3,3,3,3,3,3,3,3
STAT,(NULL),Threads,24,24,24,0,0,0,0,0,0,0,0,0,0,0,0,0,0,0,0,0,0,0,0,0,0,0
STAT,(NULL),Time,24,98,98,0,0,0,0,0,0,0,0,0,0,0,0,0,0,0,0,0,0,0,0,0,0,0
Galois Benchmark Suite v2.2.1 (r0)
Copyright (C) 2014 The University of Texas at Austin
http://iss.ices.utexas.edu/galois/

application: Delaunay Triangulation
Produces a Delaunay triangulation for a set of points
http://iss.ices.utexas.edu/?p=projects/galois/benchmarks/delaunay_triangulation

INFO: CommandLine ./delaunaytriangulation -t 24 /home/users/kkazatzis/Galois-2.2.1/inputs/meshes/r10k.node
INFO: Hostname broady
configuration: 10003 points
mesh size: 20004
Triangulation OK
STATTYPE,LOOP,CATEGORY,n,sum,T0,T1,T2,T3,T4,T5,T6,T7,T8,T9,T10,T11,T12,T13,T14,T15,T16,T17,T18,T19,T20,T21,T22,T23
STAT,(NULL),Conflicts,24,37133,19267,3431,2512,975,2735,793,455,455,2375,455,502,291,195,195,195,195,195,195,195,195,189,204,655,279
STAT,(NULL),Iterations,24,47133,27984,3431,3033,975,2735,793,455,455,2375,455,528,291,195,195,195,195,195,195,195,195,191,233,692,947
STAT,(NULL),LoopTime,24,122,122,0,0,0,0,0,0,0,0,0,0,0,0,0,0,0,0,0,0,0,0,0,0,0
STAT,(NULL),MeminfoPost,24,129,10,5,7,5,5,5,4,5,5,5,7,4,4,4,4,4,4,5,4,5,7,7,7,7
STAT,(NULL),MeminfoPre,24,72,3,3,3,3,3,3,3,3,3,3,3,3,3,3,3,3,3,3,3,3,3,3,3,3
STAT,(NULL),Threads,24,24,24,0,0,0,0,0,0,0,0,0,0,0,0,0,0,0,0,0,0,0,0,0,0,0
STAT,(NULL),Time,24,122,122,0,0,0,0,0,0,0,0,0,0,0,0,0,0,0,0,0,0,0,0,0,0,0
Galois Benchmark Suite v2.2.1 (r0)
Copyright (C) 2014 The University of Texas at Austin
http://iss.ices.utexas.edu/galois/

application: Delaunay Triangulation
Produces a Delaunay triangulation for a set of points
http://iss.ices.utexas.edu/?p=projects/galois/benchmarks/delaunay_triangulation

INFO: CommandLine ./delaunaytriangulation -t 32 /home/users/kkazatzis/Galois-2.2.1/inputs/meshes/r10k.node
INFO: Hostname broady
configuration: 10003 points
mesh size: 20004
Triangulation OK
STATTYPE,LOOP,CATEGORY,n,sum,T0,T1,T2,T3,T4,T5,T6,T7,T8,T9,T10,T11,T12,T13,T14,T15,T16,T17,T18,T19,T20,T21,T22,T23,T24,T25,T26,T27,T28,T29,T30,T31
STAT,(NULL),Conflicts,32,53433,3012,3295,1871,1335,883,979,623,623,3675,623,623,267,267,267,267,267,15051,267,267,267,267,267,6439,8315,915,623,591,267,267,267,267,219
STAT,(NULL),Iterations,32,63433,7783,3295,1871,1335,1274,979,623,623,8478,623,623,267,267,267,267,267,15051,267,267,267,267,267,6442,8315,947,623,591,267,267,267,267,219
STAT,(NULL),LoopTime,32,102,102,0,0,0,0,0,0,0,0,0,0,0,0,0,0,0,0,0,0,0,0,0,0,0,0,0,0,0,0,0,0,0
STAT,(NULL),MeminfoPost,32,159,9,5,5,5,7,5,5,4,9,4,5,4,5,5,5,5,4,4,4,5,4,5,7,4,7,4,4,4,4,4,4,4
STAT,(NULL),MeminfoPre,32,96,3,3,3,3,3,3,3,3,3,3,3,3,3,3,3,3,3,3,3,3,3,3,3,3,3,3,3,3,3,3,3,3
STAT,(NULL),Threads,32,32,32,0,0,0,0,0,0,0,0,0,0,0,0,0,0,0,0,0,0,0,0,0,0,0,0,0,0,0,0,0,0,0
STAT,(NULL),Time,32,102,102,0,0,0,0,0,0,0,0,0,0,0,0,0,0,0,0,0,0,0,0,0,0,0,0,0,0,0,0,0,0,0
Galois Benchmark Suite v2.2.1 (r0)
Copyright (C) 2014 The University of Texas at Austin
http://iss.ices.utexas.edu/galois/

application: Delaunay Triangulation
Produces a Delaunay triangulation for a set of points
http://iss.ices.utexas.edu/?p=projects/galois/benchmarks/delaunay_triangulation

INFO: CommandLine ./delaunaytriangulation -t 32 /home/users/kkazatzis/Galois-2.2.1/inputs/meshes/r10k.node
INFO: Hostname broady
configuration: 10003 points
mesh size: 20004
Triangulation OK
STATTYPE,LOOP,CATEGORY,n,sum,T0,T1,T2,T3,T4,T5,T6,T7,T8,T9,T10,T11,T12,T13,T14,T15,T16,T17,T18,T19,T20,T21,T22,T23,T24,T25,T26,T27,T28,T29,T30,T31
STAT,(NULL),Conflicts,32,59165,19519,2748,2403,1335,1335,979,623,623,623,623,623,267,267,267,267,267,267,267,267,267,267,267,5639,5669,925,4655,571,267,267,6315,267,219
STAT,(NULL),Iterations,32,69165,28890,3359,2403,1335,1335,979,623,623,623,623,623,267,267,267,267,267,267,267,267,267,267,267,5646,5669,925,4655,582,267,267,6315,267,219
STAT,(NULL),LoopTime,32,128,128,0,0,0,0,0,0,0,0,0,0,0,0,0,0,0,0,0,0,0,0,0,0,0,0,0,0,0,0,0,0,0
STAT,(NULL),MeminfoPost,32,152,11,7,5,5,4,5,4,5,4,4,4,4,4,4,4,4,4,4,4,4,4,4,7,5,5,5,7,4,4,4,4,5
STAT,(NULL),MeminfoPre,32,96,3,3,3,3,3,3,3,3,3,3,3,3,3,3,3,3,3,3,3,3,3,3,3,3,3,3,3,3,3,3,3,3
STAT,(NULL),Threads,32,32,32,0,0,0,0,0,0,0,0,0,0,0,0,0,0,0,0,0,0,0,0,0,0,0,0,0,0,0,0,0,0,0
STAT,(NULL),Time,32,128,128,0,0,0,0,0,0,0,0,0,0,0,0,0,0,0,0,0,0,0,0,0,0,0,0,0,0,0,0,0,0,0
Galois Benchmark Suite v2.2.1 (r0)
Copyright (C) 2014 The University of Texas at Austin
http://iss.ices.utexas.edu/galois/

application: Delaunay Triangulation
Produces a Delaunay triangulation for a set of points
http://iss.ices.utexas.edu/?p=projects/galois/benchmarks/delaunay_triangulation

INFO: CommandLine ./delaunaytriangulation -t 32 /home/users/kkazatzis/Galois-2.2.1/inputs/meshes/r10k.node
INFO: Hostname broady
configuration: 10003 points
mesh size: 20004
Triangulation OK
STATTYPE,LOOP,CATEGORY,n,sum,T0,T1,T2,T3,T4,T5,T6,T7,T8,T9,T10,T11,T12,T13,T14,T15,T16,T17,T18,T19,T20,T21,T22,T23,T24,T25,T26,T27,T28,T29,T30,T31
STAT,(NULL),Conflicts,32,68417,8990,5370,6945,1335,1335,13031,623,623,623,623,623,8331,267,267,267,267,267,267,267,267,267,267,448,3363,4453,623,7170,249,267,267,267,188
STAT,(NULL),Iterations,32,78417,11608,6922,9781,1335,1335,13055,623,623,623,623,623,8331,267,267,267,267,267,267,267,267,267,267,1477,4748,4930,623,7232,255,267,267,267,199
STAT,(NULL),LoopTime,32,97,97,0,0,0,0,0,0,0,0,0,0,0,0,0,0,0,0,0,0,0,0,0,0,0,0,0,0,0,0,0,0,0
STAT,(NULL),MeminfoPost,32,166,8,7,8,4,5,7,5,4,5,4,5,5,4,4,4,4,4,5,4,4,4,4,7,7,7,4,7,7,4,4,4,7
STAT,(NULL),MeminfoPre,32,96,3,3,3,3,3,3,3,3,3,3,3,3,3,3,3,3,3,3,3,3,3,3,3,3,3,3,3,3,3,3,3,3
STAT,(NULL),Threads,32,32,32,0,0,0,0,0,0,0,0,0,0,0,0,0,0,0,0,0,0,0,0,0,0,0,0,0,0,0,0,0,0,0
STAT,(NULL),Time,32,97,97,0,0,0,0,0,0,0,0,0,0,0,0,0,0,0,0,0,0,0,0,0,0,0,0,0,0,0,0,0,0,0
Galois Benchmark Suite v2.2.1 (r0)
Copyright (C) 2014 The University of Texas at Austin
http://iss.ices.utexas.edu/galois/

application: Delaunay Triangulation
Produces a Delaunay triangulation for a set of points
http://iss.ices.utexas.edu/?p=projects/galois/benchmarks/delaunay_triangulation

INFO: CommandLine ./delaunaytriangulation -t 32 /home/users/kkazatzis/Galois-2.2.1/inputs/meshes/r10k.node
INFO: Hostname broady
configuration: 10003 points
mesh size: 20004
Triangulation OK
STATTYPE,LOOP,CATEGORY,n,sum,T0,T1,T2,T3,T4,T5,T6,T7,T8,T9,T10,T11,T12,T13,T14,T15,T16,T17,T18,T19,T20,T21,T22,T23,T24,T25,T26,T27,T28,T29,T30,T31
STAT,(NULL),Conflicts,32,66297,11251,5918,3719,1335,5935,979,623,623,623,14062,623,267,267,267,267,267,267,267,267,267,267,267,988,2094,5366,623,591,6987,267,267,267,219
STAT,(NULL),Iterations,32,76297,14710,5943,4250,1335,9254,979,623,623,623,14063,623,267,267,267,267,267,267,267,267,267,267,267,1151,4564,5398,623,591,6987,267,267,267,219
STAT,(NULL),LoopTime,32,93,93,0,0,0,0,0,0,0,0,0,0,0,0,0,0,0,0,0,0,0,0,0,0,0,0,0,0,0,0,0,0,0
STAT,(NULL),MeminfoPost,32,160,8,7,7,5,8,5,5,5,4,7,4,4,4,5,4,4,4,4,4,4,4,4,7,8,7,4,4,4,4,4,4,4
STAT,(NULL),MeminfoPre,32,96,3,3,3,3,3,3,3,3,3,3,3,3,3,3,3,3,3,3,3,3,3,3,3,3,3,3,3,3,3,3,3,3
STAT,(NULL),Threads,32,32,32,0,0,0,0,0,0,0,0,0,0,0,0,0,0,0,0,0,0,0,0,0,0,0,0,0,0,0,0,0,0,0
STAT,(NULL),Time,32,93,93,0,0,0,0,0,0,0,0,0,0,0,0,0,0,0,0,0,0,0,0,0,0,0,0,0,0,0,0,0,0,0
Galois Benchmark Suite v2.2.1 (r0)
Copyright (C) 2014 The University of Texas at Austin
http://iss.ices.utexas.edu/galois/

application: Delaunay Triangulation
Produces a Delaunay triangulation for a set of points
http://iss.ices.utexas.edu/?p=projects/galois/benchmarks/delaunay_triangulation

INFO: CommandLine ./delaunaytriangulation -t 32 /home/users/kkazatzis/Galois-2.2.1/inputs/meshes/r10k.node
INFO: Hostname broady
configuration: 10003 points
mesh size: 20004
Triangulation OK
STATTYPE,LOOP,CATEGORY,n,sum,T0,T1,T2,T3,T4,T5,T6,T7,T8,T9,T10,T11,T12,T13,T14,T15,T16,T17,T18,T19,T20,T21,T22,T23,T24,T25,T26,T27,T28,T29,T30,T31
STAT,(NULL),Conflicts,32,62870,10489,5872,8338,1527,16311,979,623,815,847,623,623,267,267,267,267,555,267,459,267,267,267,267,7305,1653,947,623,591,267,267,267,267,219
STAT,(NULL),Iterations,32,72870,15494,7734,11469,1527,16311,979,623,815,847,623,623,267,267,267,267,555,267,459,267,267,267,267,7305,1655,947,623,591,267,267,267,267,219
STAT,(NULL),LoopTime,32,88,88,0,0,0,0,0,0,0,0,0,0,0,0,0,0,0,0,0,0,0,0,0,0,0,0,0,0,0,0,0,0,0
STAT,(NULL),MeminfoPost,32,144,9,7,8,4,5,4,4,4,4,4,4,4,4,4,4,4,4,4,4,4,4,4,4,7,4,4,4,4,4,4,4,4
STAT,(NULL),MeminfoPre,32,96,3,3,3,3,3,3,3,3,3,3,3,3,3,3,3,3,3,3,3,3,3,3,3,3,3,3,3,3,3,3,3,3
STAT,(NULL),Threads,32,32,32,0,0,0,0,0,0,0,0,0,0,0,0,0,0,0,0,0,0,0,0,0,0,0,0,0,0,0,0,0,0,0
STAT,(NULL),Time,32,88,88,0,0,0,0,0,0,0,0,0,0,0,0,0,0,0,0,0,0,0,0,0,0,0,0,0,0,0,0,0,0,0
Galois Benchmark Suite v2.2.1 (r0)
Copyright (C) 2014 The University of Texas at Austin
http://iss.ices.utexas.edu/galois/

application: Delaunay Triangulation
Produces a Delaunay triangulation for a set of points
http://iss.ices.utexas.edu/?p=projects/galois/benchmarks/delaunay_triangulation

INFO: CommandLine ./delaunaytriangulation -t 40 /home/users/kkazatzis/Galois-2.2.1/inputs/meshes/r10k.node
INFO: Hostname broady
configuration: 10003 points
mesh size: 20004
Triangulation OK
STATTYPE,LOOP,CATEGORY,n,sum,T0,T1,T2,T3,T4,T5,T6,T7,T8,T9,T10,T11,T12,T13,T14,T15,T16,T17,T18,T19,T20,T21,T22,T23,T24,T25,T26,T27,T28,T29,T30,T31,T32,T33,T34,T35,T36,T37,T38,T39
STAT,(NULL),Conflicts,40,64947,9817,5832,2430,9958,1350,990,6294,822,630,630,630,270,270,270,270,270,270,270,270,270,270,270,2171,11638,1577,1335,923,630,630,630,630,270,270,270,270,270,270,270,270,270
STAT,(NULL),Iterations,40,74947,11137,10017,2430,9958,1350,990,6294,822,630,630,630,270,270,270,270,270,270,270,270,270,270,270,6590,11640,1599,1340,970,630,630,630,630,270,270,270,270,270,270,270,270,270
STAT,(NULL),LoopTime,40,100,100,0,0,0,0,0,0,0,0,0,0,0,0,0,0,0,0,0,0,0,0,0,0,0,0,0,0,0,0,0,0,0,0,0,0,0,0,0,0,0
STAT,(NULL),MeminfoPost,40,185,7,8,4,5,4,4,5,4,4,4,4,4,4,4,4,4,4,4,4,4,4,4,8,7,7,7,7,4,4,4,4,4,4,4,4,4,4,4,4,4
STAT,(NULL),MeminfoPre,40,120,3,3,3,3,3,3,3,3,3,3,3,3,3,3,3,3,3,3,3,3,3,3,3,3,3,3,3,3,3,3,3,3,3,3,3,3,3,3,3,3
STAT,(NULL),Threads,40,40,40,0,0,0,0,0,0,0,0,0,0,0,0,0,0,0,0,0,0,0,0,0,0,0,0,0,0,0,0,0,0,0,0,0,0,0,0,0,0,0
STAT,(NULL),Time,40,100,100,0,0,0,0,0,0,0,0,0,0,0,0,0,0,0,0,0,0,0,0,0,0,0,0,0,0,0,0,0,0,0,0,0,0,0,0,0,0,0
Galois Benchmark Suite v2.2.1 (r0)
Copyright (C) 2014 The University of Texas at Austin
http://iss.ices.utexas.edu/galois/

application: Delaunay Triangulation
Produces a Delaunay triangulation for a set of points
http://iss.ices.utexas.edu/?p=projects/galois/benchmarks/delaunay_triangulation

INFO: CommandLine ./delaunaytriangulation -t 40 /home/users/kkazatzis/Galois-2.2.1/inputs/meshes/r10k.node
INFO: Hostname broady
configuration: 10003 points
mesh size: 20004
Triangulation OK
STATTYPE,LOOP,CATEGORY,n,sum,T0,T1,T2,T3,T4,T5,T6,T7,T8,T9,T10,T11,T12,T13,T14,T15,T16,T17,T18,T19,T20,T21,T22,T23,T24,T25,T26,T27,T28,T29,T30,T31,T32,T33,T34,T35,T36,T37,T38,T39
STAT,(NULL),Conflicts,40,82293,7429,4822,3452,1346,4235,990,627,630,7670,630,630,270,270,270,270,270,270,10830,270,270,270,270,6151,7116,1710,6751,990,630,630,9266,630,270,270,270,270,270,270,268,270,270
STAT,(NULL),Iterations,40,92293,12909,4845,3611,1347,7099,990,628,630,7670,630,630,270,270,270,270,270,270,10830,270,270,270,270,6619,7787,1710,7082,990,630,630,9266,630,270,270,270,270,270,270,270,270,270
STAT,(NULL),LoopTime,40,125,125,0,0,0,0,0,0,0,0,0,0,0,0,0,0,0,0,0,0,0,0,0,0,0,0,0,0,0,0,0,0,0,0,0,0,0,0,0,0,0
STAT,(NULL),MeminfoPost,40,199,9,7,7,7,8,4,7,4,5,5,4,4,4,4,4,4,4,4,5,4,4,4,7,7,4,7,5,4,4,5,5,4,4,4,4,4,4,7,4,4
STAT,(NULL),MeminfoPre,40,120,3,3,3,3,3,3,3,3,3,3,3,3,3,3,3,3,3,3,3,3,3,3,3,3,3,3,3,3,3,3,3,3,3,3,3,3,3,3,3,3
STAT,(NULL),Threads,40,40,40,0,0,0,0,0,0,0,0,0,0,0,0,0,0,0,0,0,0,0,0,0,0,0,0,0,0,0,0,0,0,0,0,0,0,0,0,0,0,0
STAT,(NULL),Time,40,125,125,0,0,0,0,0,0,0,0,0,0,0,0,0,0,0,0,0,0,0,0,0,0,0,0,0,0,0,0,0,0,0,0,0,0,0,0,0,0,0
Galois Benchmark Suite v2.2.1 (r0)
Copyright (C) 2014 The University of Texas at Austin
http://iss.ices.utexas.edu/galois/

application: Delaunay Triangulation
Produces a Delaunay triangulation for a set of points
http://iss.ices.utexas.edu/?p=projects/galois/benchmarks/delaunay_triangulation

INFO: CommandLine ./delaunaytriangulation -t 40 /home/users/kkazatzis/Galois-2.2.1/inputs/meshes/r10k.node
INFO: Hostname broady
configuration: 10003 points
mesh size: 20004
Triangulation OK
STATTYPE,LOOP,CATEGORY,n,sum,T0,T1,T2,T3,T4,T5,T6,T7,T8,T9,T10,T11,T12,T13,T14,T15,T16,T17,T18,T19,T20,T21,T22,T23,T24,T25,T26,T27,T28,T29,T30,T31,T32,T33,T34,T35,T36,T37,T38,T39
STAT,(NULL),Conflicts,40,52567,5261,1622,971,1168,1769,688,630,446,610,2254,610,5620,270,270,270,270,244,270,846,328,270,270,5248,4811,10349,1295,990,630,613,630,630,270,270,270,270,254,270,270,270,270
STAT,(NULL),Iterations,40,62567,9389,1884,1297,1170,2355,2897,630,535,611,2264,630,5629,270,270,270,270,253,270,846,354,270,270,5342,7008,10350,1317,990,630,616,630,630,270,270,270,270,260,270,270,270,270
STAT,(NULL),LoopTime,40,142,142,0,0,0,0,0,0,0,0,0,0,0,0,0,0,0,0,0,0,0,0,0,0,0,0,0,0,0,0,0,0,0,0,0,0,0,0,0,0,0
STAT,(NULL),MeminfoPost,40,222,8,7,7,7,7,7,4,7,7,7,7,7,4,4,4,4,7,4,4,7,4,5,7,7,7,7,4,5,7,5,4,4,4,4,4,7,5,4,4,4
STAT,(NULL),MeminfoPre,40,120,3,3,3,3,3,3,3,3,3,3,3,3,3,3,3,3,3,3,3,3,3,3,3,3,3,3,3,3,3,3,3,3,3,3,3,3,3,3,3,3
STAT,(NULL),Threads,40,40,40,0,0,0,0,0,0,0,0,0,0,0,0,0,0,0,0,0,0,0,0,0,0,0,0,0,0,0,0,0,0,0,0,0,0,0,0,0,0,0
STAT,(NULL),Time,40,142,142,0,0,0,0,0,0,0,0,0,0,0,0,0,0,0,0,0,0,0,0,0,0,0,0,0,0,0,0,0,0,0,0,0,0,0,0,0,0,0
Galois Benchmark Suite v2.2.1 (r0)
Copyright (C) 2014 The University of Texas at Austin
http://iss.ices.utexas.edu/galois/

application: Delaunay Triangulation
Produces a Delaunay triangulation for a set of points
http://iss.ices.utexas.edu/?p=projects/galois/benchmarks/delaunay_triangulation

INFO: CommandLine ./delaunaytriangulation -t 40 /home/users/kkazatzis/Galois-2.2.1/inputs/meshes/r10k.node
INFO: Hostname broady
configuration: 10003 points
mesh size: 20004
Triangulation OK
STATTYPE,LOOP,CATEGORY,n,sum,T0,T1,T2,T3,T4,T5,T6,T7,T8,T9,T10,T11,T12,T13,T14,T15,T16,T17,T18,T19,T20,T21,T22,T23,T24,T25,T26,T27,T28,T29,T30,T31,T32,T33,T34,T35,T36,T37,T38,T39
STAT,(NULL),Conflicts,40,89450,13515,5399,2428,7551,1350,990,7216,630,630,630,630,270,10155,270,270,270,270,270,270,270,270,270,9086,8906,1704,9990,990,630,630,630,630,270,270,270,270,270,270,270,270,270
STAT,(NULL),Iterations,40,99450,20520,8175,2429,7763,1350,990,7218,630,630,630,630,270,10157,270,270,270,270,270,270,270,270,270,9086,8906,1706,9990,990,630,630,630,630,270,270,270,270,270,270,270,270,270
STAT,(NULL),LoopTime,40,131,131,0,0,0,0,0,0,0,0,0,0,0,0,0,0,0,0,0,0,0,0,0,0,0,0,0,0,0,0,0,0,0,0,0,0,0,0,0,0,0
STAT,(NULL),MeminfoPost,40,192,10,8,7,7,5,5,7,4,5,5,5,4,7,4,4,4,4,4,4,4,4,4,5,5,7,4,4,4,4,4,4,4,4,4,4,4,4,4,4,4
STAT,(NULL),MeminfoPre,40,120,3,3,3,3,3,3,3,3,3,3,3,3,3,3,3,3,3,3,3,3,3,3,3,3,3,3,3,3,3,3,3,3,3,3,3,3,3,3,3,3
STAT,(NULL),Threads,40,40,40,0,0,0,0,0,0,0,0,0,0,0,0,0,0,0,0,0,0,0,0,0,0,0,0,0,0,0,0,0,0,0,0,0,0,0,0,0,0,0
STAT,(NULL),Time,40,131,131,0,0,0,0,0,0,0,0,0,0,0,0,0,0,0,0,0,0,0,0,0,0,0,0,0,0,0,0,0,0,0,0,0,0,0,0,0,0,0
Galois Benchmark Suite v2.2.1 (r0)
Copyright (C) 2014 The University of Texas at Austin
http://iss.ices.utexas.edu/galois/

application: Delaunay Triangulation
Produces a Delaunay triangulation for a set of points
http://iss.ices.utexas.edu/?p=projects/galois/benchmarks/delaunay_triangulation

INFO: CommandLine ./delaunaytriangulation -t 40 /home/users/kkazatzis/Galois-2.2.1/inputs/meshes/r10k.node
INFO: Hostname broady
configuration: 10003 points
mesh size: 20004
Triangulation OK
STATTYPE,LOOP,CATEGORY,n,sum,T0,T1,T2,T3,T4,T5,T6,T7,T8,T9,T10,T11,T12,T13,T14,T15,T16,T17,T18,T19,T20,T21,T22,T23,T24,T25,T26,T27,T28,T29,T30,T31,T32,T33,T34,T35,T36,T37,T38,T39
STAT,(NULL),Conflicts,40,61027,3470,4819,11283,1350,1350,892,630,630,630,630,534,270,270,270,270,270,270,270,270,270,270,128,5393,5660,1470,5088,792,630,9270,627,621,270,270,270,270,270,270,270,270,270
STAT,(NULL),Iterations,40,71027,7138,8451,12152,1350,1350,893,630,630,630,630,534,270,270,270,270,270,270,270,270,270,270,176,5481,5928,1491,6384,890,630,9270,630,629,270,270,270,270,270,270,270,270,270
STAT,(NULL),LoopTime,40,124,124,0,0,0,0,0,0,0,0,0,0,0,0,0,0,0,0,0,0,0,0,0,0,0,0,0,0,0,0,0,0,0,0,0,0,0,0,0,0,0
STAT,(NULL),MeminfoPost,40,206,8,8,7,5,5,7,5,5,5,5,5,4,4,4,4,4,4,4,4,5,4,7,7,7,7,7,7,4,4,7,7,4,4,4,4,4,4,4,4,4
STAT,(NULL),MeminfoPre,40,120,3,3,3,3,3,3,3,3,3,3,3,3,3,3,3,3,3,3,3,3,3,3,3,3,3,3,3,3,3,3,3,3,3,3,3,3,3,3,3,3
STAT,(NULL),Threads,40,40,40,0,0,0,0,0,0,0,0,0,0,0,0,0,0,0,0,0,0,0,0,0,0,0,0,0,0,0,0,0,0,0,0,0,0,0,0,0,0,0
STAT,(NULL),Time,40,125,125,0,0,0,0,0,0,0,0,0,0,0,0,0,0,0,0,0,0,0,0,0,0,0,0,0,0,0,0,0,0,0,0,0,0,0,0,0,0,0
Galois Benchmark Suite v2.2.1 (r0)
Copyright (C) 2014 The University of Texas at Austin
http://iss.ices.utexas.edu/galois/

application: Delaunay Triangulation
Produces a Delaunay triangulation for a set of points
http://iss.ices.utexas.edu/?p=projects/galois/benchmarks/delaunay_triangulation

INFO: CommandLine ./delaunaytriangulation -t 44 /home/users/kkazatzis/Galois-2.2.1/inputs/meshes/r10k.node
INFO: Hostname broady
configuration: 10003 points
mesh size: 20004
Triangulation OK
STATTYPE,LOOP,CATEGORY,n,sum,T0,T1,T2,T3,T4,T5,T6,T7,T8,T9,T10,T11,T12,T13,T14,T15,T16,T17,T18,T19,T20,T21,T22,T23,T24,T25,T26,T27,T28,T29,T30,T31,T32,T33,T34,T35,T36,T37,T38,T39,T40,T41,T42,T43
STAT,(NULL),Conflicts,44,79798,5711,2708,1836,908,1020,748,5536,476,476,476,476,204,10764,204,204,204,204,204,204,204,204,204,10035,9900,1836,7996,1020,748,476,10940,476,476,476,204,204,204,204,204,204,204,204,204,204,204
STAT,(NULL),Iterations,44,89798,12080,2722,1836,2706,1020,748,7354,476,476,476,476,204,10764,204,204,204,204,204,204,204,204,204,10036,9900,1836,7996,1020,748,476,10940,476,476,476,204,204,204,204,204,204,204,204,204,204,204
STAT,(NULL),LoopTime,44,116,116,0,0,0,0,0,0,0,0,0,0,0,0,0,0,0,0,0,0,0,0,0,0,0,0,0,0,0,0,0,0,0,0,0,0,0,0,0,0,0,0,0,0,0
STAT,(NULL),MeminfoPost,44,195,9,7,4,7,4,4,7,4,4,4,5,4,4,4,4,4,4,4,4,4,4,4,7,5,4,4,4,4,4,4,4,4,4,4,4,4,4,4,4,4,4,4,4,4
STAT,(NULL),MeminfoPre,44,132,3,3,3,3,3,3,3,3,3,3,3,3,3,3,3,3,3,3,3,3,3,3,3,3,3,3,3,3,3,3,3,3,3,3,3,3,3,3,3,3,3,3,3,3
STAT,(NULL),Threads,44,44,44,0,0,0,0,0,0,0,0,0,0,0,0,0,0,0,0,0,0,0,0,0,0,0,0,0,0,0,0,0,0,0,0,0,0,0,0,0,0,0,0,0,0,0
STAT,(NULL),Time,44,116,116,0,0,0,0,0,0,0,0,0,0,0,0,0,0,0,0,0,0,0,0,0,0,0,0,0,0,0,0,0,0,0,0,0,0,0,0,0,0,0,0,0,0,0
Galois Benchmark Suite v2.2.1 (r0)
Copyright (C) 2014 The University of Texas at Austin
http://iss.ices.utexas.edu/galois/

application: Delaunay Triangulation
Produces a Delaunay triangulation for a set of points
http://iss.ices.utexas.edu/?p=projects/galois/benchmarks/delaunay_triangulation

INFO: CommandLine ./delaunaytriangulation -t 44 /home/users/kkazatzis/Galois-2.2.1/inputs/meshes/r10k.node
INFO: Hostname broady
configuration: 10003 points
mesh size: 20004
Triangulation OK
STATTYPE,LOOP,CATEGORY,n,sum,T0,T1,T2,T3,T4,T5,T6,T7,T8,T9,T10,T11,T12,T13,T14,T15,T16,T17,T18,T19,T20,T21,T22,T23,T24,T25,T26,T27,T28,T29,T30,T31,T32,T33,T34,T35,T36,T37,T38,T39,T40,T41,T42,T43
STAT,(NULL),Conflicts,44,106859,21809,10220,9068,1148,8060,748,636,476,11036,476,476,204,300,204,204,204,204,204,204,204,204,204,4145,4221,3335,1017,5724,748,476,476,7140,476,476,204,204,204,204,204,204,10092,204,204,204,204
STAT,(NULL),Iterations,44,116859,29118,10220,9068,1148,8060,748,636,476,11036,476,476,204,300,204,204,204,204,204,204,204,204,204,4154,4235,4702,1018,7004,748,476,476,7160,476,476,204,204,204,204,204,204,10092,204,204,204,204
STAT,(NULL),LoopTime,44,133,133,0,0,0,0,0,0,0,0,0,0,0,0,0,0,0,0,0,0,0,0,0,0,0,0,0,0,0,0,0,0,0,0,0,0,0,0,0,0,0,0,0,0,0
STAT,(NULL),MeminfoPost,44,201,10,4,4,4,4,4,4,4,4,4,4,4,4,4,4,4,4,4,4,4,4,4,7,7,7,7,7,4,4,4,7,4,4,4,4,4,4,4,4,5,4,4,4,4
STAT,(NULL),MeminfoPre,44,132,3,3,3,3,3,3,3,3,3,3,3,3,3,3,3,3,3,3,3,3,3,3,3,3,3,3,3,3,3,3,3,3,3,3,3,3,3,3,3,3,3,3,3,3
STAT,(NULL),Threads,44,44,44,0,0,0,0,0,0,0,0,0,0,0,0,0,0,0,0,0,0,0,0,0,0,0,0,0,0,0,0,0,0,0,0,0,0,0,0,0,0,0,0,0,0,0
STAT,(NULL),Time,44,133,133,0,0,0,0,0,0,0,0,0,0,0,0,0,0,0,0,0,0,0,0,0,0,0,0,0,0,0,0,0,0,0,0,0,0,0,0,0,0,0,0,0,0,0
Galois Benchmark Suite v2.2.1 (r0)
Copyright (C) 2014 The University of Texas at Austin
http://iss.ices.utexas.edu/galois/

application: Delaunay Triangulation
Produces a Delaunay triangulation for a set of points
http://iss.ices.utexas.edu/?p=projects/galois/benchmarks/delaunay_triangulation

INFO: CommandLine ./delaunaytriangulation -t 44 /home/users/kkazatzis/Galois-2.2.1/inputs/meshes/r10k.node
INFO: Hostname broady
configuration: 10003 points
mesh size: 20004
Triangulation OK
STATTYPE,LOOP,CATEGORY,n,sum,T0,T1,T2,T3,T4,T5,T6,T7,T8,T9,T10,T11,T12,T13,T14,T15,T16,T17,T18,T19,T20,T21,T22,T23,T24,T25,T26,T27,T28,T29,T30,T31,T32,T33,T34,T35,T36,T37,T38,T39,T40,T41,T42,T43
STAT,(NULL),Conflicts,44,76608,13612,8096,5421,3964,1020,5901,3420,476,476,476,476,204,204,4620,204,204,204,204,204,204,204,204,2456,2523,1445,1020,716,748,476,476,3090,476,476,204,204,204,204,204,10668,204,204,204,204,204
STAT,(NULL),Iterations,44,86608,18894,9088,5422,3964,1020,5932,3420,476,476,476,476,204,204,4620,204,204,204,204,204,204,204,204,2461,2528,1482,1020,746,748,476,476,6707,476,476,204,204,204,204,204,10668,204,204,204,204,204
STAT,(NULL),LoopTime,44,124,124,0,0,0,0,0,0,0,0,0,0,0,0,0,0,0,0,0,0,0,0,0,0,0,0,0,0,0,0,0,0,0,0,0,0,0,0,0,0,0,0,0,0,0
STAT,(NULL),MeminfoPost,44,214,9,7,7,5,5,7,5,4,5,5,4,4,4,5,4,4,4,5,5,4,4,4,7,7,7,4,7,4,4,4,8,4,4,4,4,4,4,4,4,4,4,4,4,4
STAT,(NULL),MeminfoPre,44,132,3,3,3,3,3,3,3,3,3,3,3,3,3,3,3,3,3,3,3,3,3,3,3,3,3,3,3,3,3,3,3,3,3,3,3,3,3,3,3,3,3,3,3,3
STAT,(NULL),Threads,44,44,44,0,0,0,0,0,0,0,0,0,0,0,0,0,0,0,0,0,0,0,0,0,0,0,0,0,0,0,0,0,0,0,0,0,0,0,0,0,0,0,0,0,0,0
STAT,(NULL),Time,44,124,124,0,0,0,0,0,0,0,0,0,0,0,0,0,0,0,0,0,0,0,0,0,0,0,0,0,0,0,0,0,0,0,0,0,0,0,0,0,0,0,0,0,0,0
Galois Benchmark Suite v2.2.1 (r0)
Copyright (C) 2014 The University of Texas at Austin
http://iss.ices.utexas.edu/galois/

application: Delaunay Triangulation
Produces a Delaunay triangulation for a set of points
http://iss.ices.utexas.edu/?p=projects/galois/benchmarks/delaunay_triangulation

INFO: CommandLine ./delaunaytriangulation -t 44 /home/users/kkazatzis/Galois-2.2.1/inputs/meshes/r10k.node
INFO: Hostname broady
configuration: 10003 points
mesh size: 20004
Triangulation OK
STATTYPE,LOOP,CATEGORY,n,sum,T0,T1,T2,T3,T4,T5,T6,T7,T8,T9,T10,T11,T12,T13,T14,T15,T16,T17,T18,T19,T20,T21,T22,T23,T24,T25,T26,T27,T28,T29,T30,T31,T32,T33,T34,T35,T36,T37,T38,T39,T40,T41,T42,T43
STAT,(NULL),Conflicts,44,91917,17369,9362,3730,5564,2999,748,476,5980,476,2972,476,204,204,204,4140,204,204,204,204,1644,204,204,2814,2883,1816,1020,2808,748,476,476,476,7444,476,204,204,204,204,204,204,204,10668,204,204,204
STAT,(NULL),Iterations,44,101917,23808,9362,3770,5564,3004,748,476,5980,476,2972,476,204,204,204,4140,204,204,204,204,1644,204,204,2819,2896,1929,1020,6186,748,476,476,476,7451,476,204,204,204,204,204,204,204,10668,204,204,204
STAT,(NULL),LoopTime,44,127,127,0,0,0,0,0,0,0,0,0,0,0,0,0,0,0,0,0,0,0,0,0,0,0,0,0,0,0,0,0,0,0,0,0,0,0,0,0,0,0,0,0,0,0
STAT,(NULL),MeminfoPost,44,207,9,5,7,5,7,4,4,4,4,4,4,4,4,4,5,4,4,4,4,4,4,4,7,7,7,4,8,4,4,4,4,7,4,4,4,4,4,4,4,4,4,4,5,4
STAT,(NULL),MeminfoPre,44,132,3,3,3,3,3,3,3,3,3,3,3,3,3,3,3,3,3,3,3,3,3,3,3,3,3,3,3,3,3,3,3,3,3,3,3,3,3,3,3,3,3,3,3,3
STAT,(NULL),Threads,44,44,44,0,0,0,0,0,0,0,0,0,0,0,0,0,0,0,0,0,0,0,0,0,0,0,0,0,0,0,0,0,0,0,0,0,0,0,0,0,0,0,0,0,0,0
STAT,(NULL),Time,44,127,127,0,0,0,0,0,0,0,0,0,0,0,0,0,0,0,0,0,0,0,0,0,0,0,0,0,0,0,0,0,0,0,0,0,0,0,0,0,0,0,0,0,0,0
Galois Benchmark Suite v2.2.1 (r0)
Copyright (C) 2014 The University of Texas at Austin
http://iss.ices.utexas.edu/galois/

application: Delaunay Triangulation
Produces a Delaunay triangulation for a set of points
http://iss.ices.utexas.edu/?p=projects/galois/benchmarks/delaunay_triangulation

INFO: CommandLine ./delaunaytriangulation -t 44 /home/users/kkazatzis/Galois-2.2.1/inputs/meshes/r10k.node
INFO: Hostname broady
configuration: 10003 points
mesh size: 20004
Triangulation OK
STATTYPE,LOOP,CATEGORY,n,sum,T0,T1,T2,T3,T4,T5,T6,T7,T8,T9,T10,T11,T12,T13,T14,T15,T16,T17,T18,T19,T20,T21,T22,T23,T24,T25,T26,T27,T28,T29,T30,T31,T32,T33,T34,T35,T36,T37,T38,T39,T40,T41,T42,T43
STAT,(NULL),Conflicts,44,77935,5327,3970,2083,8861,1020,841,4892,332,476,476,476,204,204,204,204,204,204,204,204,204,204,204,7286,9441,1834,7751,1020,746,9051,476,476,476,474,204,5868,204,204,204,204,204,204,204,202,204
STAT,(NULL),Iterations,44,87935,9972,7054,2090,8888,1020,842,4892,407,476,476,476,204,204,204,204,204,204,204,204,204,204,204,9167,9570,1834,7900,1020,746,9052,476,476,476,474,204,5868,204,204,204,204,204,204,204,203,204
STAT,(NULL),LoopTime,44,140,140,0,0,0,0,0,0,0,0,0,0,0,0,0,0,0,0,0,0,0,0,0,0,0,0,0,0,0,0,0,0,0,0,0,0,0,0,0,0,0,0,0,0,0
STAT,(NULL),MeminfoPost,44,223,8,8,7,7,5,7,5,7,4,5,5,5,4,4,5,4,4,4,5,4,4,4,7,7,5,7,5,4,7,5,4,4,4,4,5,4,5,4,4,4,4,4,7,4
STAT,(NULL),MeminfoPre,44,132,3,3,3,3,3,3,3,3,3,3,3,3,3,3,3,3,3,3,3,3,3,3,3,3,3,3,3,3,3,3,3,3,3,3,3,3,3,3,3,3,3,3,3,3
STAT,(NULL),Threads,44,44,44,0,0,0,0,0,0,0,0,0,0,0,0,0,0,0,0,0,0,0,0,0,0,0,0,0,0,0,0,0,0,0,0,0,0,0,0,0,0,0,0,0,0,0
STAT,(NULL),Time,44,140,140,0,0,0,0,0,0,0,0,0,0,0,0,0,0,0,0,0,0,0,0,0,0,0,0,0,0,0,0,0,0,0,0,0,0,0,0,0,0,0,0,0,0,0

