Galois Benchmark Suite v2.2.1 (r0)
Copyright (C) 2014 The University of Texas at Austin
http://iss.ices.utexas.edu/galois/

application: Delaunay Triangulation
Produces a Delaunay triangulation for a set of points
http://iss.ices.utexas.edu/?p=projects/galois/benchmarks/delaunay_triangulation

INFO: CommandLine ./delaunaytriangulation_galois -t 1 /home/users/kkazatzis/Galois-2.2.1/inputs/meshes/r100k.node
INFO: Hostname broady
configuration: 100003 points
Number of aborts: 15
mesh size: 200004
Triangulation OK
STATTYPE,LOOP,CATEGORY,n,sum,T0
STAT,(NULL),Conflicts,1,0,0
STAT,(NULL),Iterations,1,100000,100000
STAT,(NULL),LoopTime,1,425,425
STAT,(NULL),MeminfoPost,1,75,75
STAT,(NULL),MeminfoPre,1,75,75
STAT,(NULL),Threads,1,1,1
STAT,(NULL),Time,1,424,424
Galois Benchmark Suite v2.2.1 (r0)
Copyright (C) 2014 The University of Texas at Austin
http://iss.ices.utexas.edu/galois/

application: Delaunay Triangulation
Produces a Delaunay triangulation for a set of points
http://iss.ices.utexas.edu/?p=projects/galois/benchmarks/delaunay_triangulation

INFO: CommandLine ./delaunaytriangulation_galois -t 2 /home/users/kkazatzis/Galois-2.2.1/inputs/meshes/r100k.node
INFO: Hostname broady
configuration: 100003 points
Number of aborts: 15
mesh size: 200004
Triangulation OK
STATTYPE,LOOP,CATEGORY,n,sum,T0,T1
STAT,(NULL),Conflicts,2,897,447,450
STAT,(NULL),Iterations,2,100897,51226,49671
STAT,(NULL),LoopTime,2,250,250,0
STAT,(NULL),MeminfoPost,2,78,39,39
STAT,(NULL),MeminfoPre,2,78,39,39
STAT,(NULL),Threads,2,2,2,0
STAT,(NULL),Time,2,250,250,0
Galois Benchmark Suite v2.2.1 (r0)
Copyright (C) 2014 The University of Texas at Austin
http://iss.ices.utexas.edu/galois/

application: Delaunay Triangulation
Produces a Delaunay triangulation for a set of points
http://iss.ices.utexas.edu/?p=projects/galois/benchmarks/delaunay_triangulation

INFO: CommandLine ./delaunaytriangulation_galois -t 4 /home/users/kkazatzis/Galois-2.2.1/inputs/meshes/r100k.node
INFO: Hostname broady
configuration: 100003 points
Number of aborts: 15
mesh size: 200004
Triangulation OK
STATTYPE,LOOP,CATEGORY,n,sum,T0,T1,T2,T3
STAT,(NULL),Conflicts,4,3636,1151,1106,727,652
STAT,(NULL),Iterations,4,103636,25773,26645,25786,25432
STAT,(NULL),LoopTime,4,128,128,0,0,0
STAT,(NULL),MeminfoPost,4,84,21,21,21,21
STAT,(NULL),MeminfoPre,4,84,21,21,21,21
STAT,(NULL),Threads,4,4,4,0,0,0
STAT,(NULL),Time,4,128,128,0,0,0
Galois Benchmark Suite v2.2.1 (r0)
Copyright (C) 2014 The University of Texas at Austin
http://iss.ices.utexas.edu/galois/

application: Delaunay Triangulation
Produces a Delaunay triangulation for a set of points
http://iss.ices.utexas.edu/?p=projects/galois/benchmarks/delaunay_triangulation

INFO: CommandLine ./delaunaytriangulation_galois -t 8 /home/users/kkazatzis/Galois-2.2.1/inputs/meshes/r100k.node
INFO: Hostname broady
configuration: 100003 points
Number of aborts: 15
mesh size: 200004
Triangulation OK
STATTYPE,LOOP,CATEGORY,n,sum,T0,T1,T2,T3,T4,T5,T6,T7
STAT,(NULL),Conflicts,8,18660,2687,2029,2217,2413,2275,1591,3103,2345
STAT,(NULL),Iterations,8,118660,14473,14426,15046,15137,14956,14260,15686,14676
STAT,(NULL),LoopTime,8,64,64,0,0,0,0,0,0,0
STAT,(NULL),MeminfoPost,8,96,12,12,12,12,12,12,12,12
STAT,(NULL),MeminfoPre,8,96,12,12,12,12,12,12,12,12
STAT,(NULL),Threads,8,8,8,0,0,0,0,0,0,0
STAT,(NULL),Time,8,64,64,0,0,0,0,0,0,0
Galois Benchmark Suite v2.2.1 (r0)
Copyright (C) 2014 The University of Texas at Austin
http://iss.ices.utexas.edu/galois/

application: Delaunay Triangulation
Produces a Delaunay triangulation for a set of points
http://iss.ices.utexas.edu/?p=projects/galois/benchmarks/delaunay_triangulation

INFO: CommandLine ./delaunaytriangulation_galois -t 16 /home/users/kkazatzis/Galois-2.2.1/inputs/meshes/r100k.node
INFO: Hostname broady
configuration: 100003 points
Number of aborts: 15
mesh size: 200004
Triangulation OK
STATTYPE,LOOP,CATEGORY,n,sum,T0,T1,T2,T3,T4,T5,T6,T7,T8,T9,T10,T11,T12,T13,T14,T15
STAT,(NULL),Conflicts,16,124479,4771,7047,7408,8095,3841,5367,5836,4517,8748,8867,10504,6592,13925,10881,7999,10081
STAT,(NULL),Iterations,16,224479,9280,14871,14619,15497,12200,13423,17129,13705,12585,15437,14746,9750,19340,15622,11633,14642
STAT,(NULL),LoopTime,16,73,73,0,0,0,0,0,0,0,0,0,0,0,0,0,0,0
STAT,(NULL),MeminfoPost,16,149,8,10,10,10,10,10,12,11,8,9,8,8,9,9,8,9
STAT,(NULL),MeminfoPre,16,112,7,7,7,7,7,7,7,7,7,7,7,7,7,7,7,7
STAT,(NULL),Threads,16,16,16,0,0,0,0,0,0,0,0,0,0,0,0,0,0,0
STAT,(NULL),Time,16,73,73,0,0,0,0,0,0,0,0,0,0,0,0,0,0,0
Galois Benchmark Suite v2.2.1 (r0)
Copyright (C) 2014 The University of Texas at Austin
http://iss.ices.utexas.edu/galois/

application: Delaunay Triangulation
Produces a Delaunay triangulation for a set of points
http://iss.ices.utexas.edu/?p=projects/galois/benchmarks/delaunay_triangulation

INFO: CommandLine ./delaunaytriangulation_galois -t 24 /home/users/kkazatzis/Galois-2.2.1/inputs/meshes/r100k.node
INFO: Hostname broady
configuration: 100003 points
Number of aborts: 15
mesh size: 200004
Triangulation OK
STATTYPE,LOOP,CATEGORY,n,sum,T0,T1,T2,T3,T4,T5,T6,T7,T8,T9,T10,T11,T12,T13,T14,T15,T16,T17,T18,T19,T20,T21,T22,T23
STAT,(NULL),Conflicts,24,340011,13111,10664,20224,21556,15664,18103,14443,13053,15863,13680,13810,15861,13365,13173,12021,11617,12021,12309,11229,11811,11541,11157,20398,13337
STAT,(NULL),Iterations,24,440011,28954,20604,32737,31038,22616,26130,22834,20336,22903,20525,21010,15861,13365,13173,12021,11698,12021,12309,11294,12021,11541,11157,20524,13339
STAT,(NULL),LoopTime,24,96,96,0,0,0,0,0,0,0,0,0,0,0,0,0,0,0,0,0,0,0,0,0,0,0
STAT,(NULL),MeminfoPost,24,201,14,11,12,11,10,10,10,10,10,10,10,6,6,6,6,7,6,6,7,7,6,6,7,7
STAT,(NULL),MeminfoPre,24,144,6,6,6,6,6,6,6,6,6,6,6,6,6,6,6,6,6,6,6,6,6,6,6,6
STAT,(NULL),Threads,24,24,24,0,0,0,0,0,0,0,0,0,0,0,0,0,0,0,0,0,0,0,0,0,0,0
STAT,(NULL),Time,24,96,96,0,0,0,0,0,0,0,0,0,0,0,0,0,0,0,0,0,0,0,0,0,0,0
Galois Benchmark Suite v2.2.1 (r0)
Copyright (C) 2014 The University of Texas at Austin
http://iss.ices.utexas.edu/galois/

application: Delaunay Triangulation
Produces a Delaunay triangulation for a set of points
http://iss.ices.utexas.edu/?p=projects/galois/benchmarks/delaunay_triangulation

INFO: CommandLine ./delaunaytriangulation_galois -t 32 /home/users/kkazatzis/Galois-2.2.1/inputs/meshes/r100k.node
INFO: Hostname broady
configuration: 100003 points
Number of aborts: 15
mesh size: 200004
Triangulation OK
STATTYPE,LOOP,CATEGORY,n,sum,T0,T1,T2,T3,T4,T5,T6,T7,T8,T9,T10,T11,T12,T13,T14,T15,T16,T17,T18,T19,T20,T21,T22,T23,T24,T25,T26,T27,T28,T29,T30,T31
STAT,(NULL),Conflicts,32,540866,21225,23716,24228,30178,29940,24230,21501,20455,20435,21899,20499,15615,11679,11583,11007,11103,10527,10815,11967,11679,11103,10911,16795,23244,21937,19783,19318,13023,13791,4477,11005,11198
STAT,(NULL),Iterations,32,640866,36385,34601,37795,44131,42497,32864,21523,20461,20435,21971,20499,15615,11679,11583,11007,11103,10527,10815,11967,11679,11103,10911,20729,36018,29221,19916,20334,13023,13791,4478,11006,11199
STAT,(NULL),LoopTime,32,122,122,0,0,0,0,0,0,0,0,0,0,0,0,0,0,0,0,0,0,0,0,0,0,0,0,0,0,0,0,0,0,0
STAT,(NULL),MeminfoPost,32,233,13,11,13,13,12,10,7,7,5,7,5,5,5,5,5,5,5,5,5,5,5,5,8,12,10,7,7,5,5,7,7,7
STAT,(NULL),MeminfoPre,32,160,5,5,5,5,5,5,5,5,5,5,5,5,5,5,5,5,5,5,5,5,5,5,5,5,5,5,5,5,5,5,5,5
STAT,(NULL),Threads,32,32,32,0,0,0,0,0,0,0,0,0,0,0,0,0,0,0,0,0,0,0,0,0,0,0,0,0,0,0,0,0,0,0
STAT,(NULL),Time,32,122,122,0,0,0,0,0,0,0,0,0,0,0,0,0,0,0,0,0,0,0,0,0,0,0,0,0,0,0,0,0,0,0
Galois Benchmark Suite v2.2.1 (r0)
Copyright (C) 2014 The University of Texas at Austin
http://iss.ices.utexas.edu/galois/

application: Delaunay Triangulation
Produces a Delaunay triangulation for a set of points
http://iss.ices.utexas.edu/?p=projects/galois/benchmarks/delaunay_triangulation

INFO: CommandLine ./delaunaytriangulation_galois -t 40 /home/users/kkazatzis/Galois-2.2.1/inputs/meshes/r100k.node
INFO: Hostname broady
configuration: 100003 points
Number of aborts: 15
mesh size: 200004
Triangulation OK
STATTYPE,LOOP,CATEGORY,n,sum,T0,T1,T2,T3,T4,T5,T6,T7,T8,T9,T10,T11,T12,T13,T14,T15,T16,T17,T18,T19,T20,T21,T22,T23,T24,T25,T26,T27,T28,T29,T30,T31,T32,T33,T34,T35,T36,T37,T38,T39
STAT,(NULL),Conflicts,40,626007,23064,24530,23188,24405,25607,28323,17020,16540,16411,15420,17500,9708,8652,8652,8172,8268,8076,8172,8460,9036,7884,8844,25492,28384,32860,31703,29932,17340,18650,18012,18492,9420,7020,9036,9132,9034,8844,8652,8940,9132
STAT,(NULL),Iterations,40,726007,43571,34298,37977,33653,34027,28395,17020,16540,16412,15420,17500,9708,8652,8652,8172,8268,8076,8172,8460,9036,7884,8844,27900,42456,45064,40213,29932,17340,18650,18012,18492,9420,7020,9036,9132,9035,8844,8652,8940,9132
STAT,(NULL),LoopTime,40,167,167,0,0,0,0,0,0,0,0,0,0,0,0,0,0,0,0,0,0,0,0,0,0,0,0,0,0,0,0,0,0,0,0,0,0,0,0,0,0,0
STAT,(NULL),MeminfoPost,40,246,16,11,13,11,10,7,4,5,7,5,5,4,4,4,4,4,4,4,4,4,5,4,8,13,12,10,5,5,4,5,4,4,5,4,4,7,4,4,4,5
STAT,(NULL),MeminfoPre,40,160,4,4,4,4,4,4,4,4,4,4,4,4,4,4,4,4,4,4,4,4,4,4,4,4,4,4,4,4,4,4,4,4,4,4,4,4,4,4,4,4
STAT,(NULL),Threads,40,40,40,0,0,0,0,0,0,0,0,0,0,0,0,0,0,0,0,0,0,0,0,0,0,0,0,0,0,0,0,0,0,0,0,0,0,0,0,0,0,0
STAT,(NULL),Time,40,167,167,0,0,0,0,0,0,0,0,0,0,0,0,0,0,0,0,0,0,0,0,0,0,0,0,0,0,0,0,0,0,0,0,0,0,0,0,0,0,0
Galois Benchmark Suite v2.2.1 (r0)
Copyright (C) 2014 The University of Texas at Austin
http://iss.ices.utexas.edu/galois/

application: Delaunay Triangulation
Produces a Delaunay triangulation for a set of points
http://iss.ices.utexas.edu/?p=projects/galois/benchmarks/delaunay_triangulation

INFO: CommandLine ./delaunaytriangulation_galois -t 44 /home/users/kkazatzis/Galois-2.2.1/inputs/meshes/r100k.node
INFO: Hostname broady
configuration: 100003 points
Number of aborts: 15
mesh size: 200004
Triangulation OK
STATTYPE,LOOP,CATEGORY,n,sum,T0,T1,T2,T3,T4,T5,T6,T7,T8,T9,T10,T11,T12,T13,T14,T15,T16,T17,T18,T19,T20,T21,T22,T23,T24,T25,T26,T27,T28,T29,T30,T31,T32,T33,T34,T35,T36,T37,T38,T39,T40,T41,T42,T43
STAT,(NULL),Conflicts,44,647160,19867,21257,23835,25478,24683,24792,14149,17479,16743,17287,17127,11331,7201,6243,9411,9315,8643,9123,9219,9219,9315,9027,24613,27487,27631,29981,27625,25743,15431,15175,15047,15591,15503,9507,7875,7779,7587,7683,7491,7587,7875,7875,7491,7839
STAT,(NULL),Iterations,44,747160,39323,31046,34778,33441,34228,28472,14149,17479,16743,17287,17127,11331,7202,6243,9411,9315,8643,9123,9219,9219,9315,9027,24819,40865,40931,34766,34575,25747,15431,15175,15047,15591,15503,9507,7875,7779,7587,7683,7491,7587,7875,7875,7491,7839
STAT,(NULL),LoopTime,44,159,159,0,0,0,0,0,0,0,0,0,0,0,0,0,0,0,0,0,0,0,0,0,0,0,0,0,0,0,0,0,0,0,0,0,0,0,0,0,0,0,0,0,0,0
STAT,(NULL),MeminfoPost,44,261,15,11,11,10,11,8,4,5,5,5,5,4,7,5,4,4,4,4,4,4,4,4,7,12,12,9,10,7,4,5,4,4,5,4,4,4,4,4,4,4,4,4,4,4
STAT,(NULL),MeminfoPre,44,176,4,4,4,4,4,4,4,4,4,4,4,4,4,4,4,4,4,4,4,4,4,4,4,4,4,4,4,4,4,4,4,4,4,4,4,4,4,4,4,4,4,4,4,4
STAT,(NULL),Threads,44,44,44,0,0,0,0,0,0,0,0,0,0,0,0,0,0,0,0,0,0,0,0,0,0,0,0,0,0,0,0,0,0,0,0,0,0,0,0,0,0,0,0,0,0,0
STAT,(NULL),Time,44,159,159,0,0,0,0,0,0,0,0,0,0,0,0,0,0,0,0,0,0,0,0,0,0,0,0,0,0,0,0,0,0,0,0,0,0,0,0,0,0,0,0,0,0,0
Galois Benchmark Suite v2.2.1 (r0)
Copyright (C) 2014 The University of Texas at Austin
http://iss.ices.utexas.edu/galois/

application: Delaunay Triangulation
Produces a Delaunay triangulation for a set of points
http://iss.ices.utexas.edu/?p=projects/galois/benchmarks/delaunay_triangulation

INFO: CommandLine ./delaunaytriangulation_galois -t 88 /home/users/kkazatzis/Galois-2.2.1/inputs/meshes/r100k.node
INFO: Hostname broady
configuration: 100003 points
Number of aborts: 15
mesh size: 200004
Triangulation OK
STATTYPE,LOOP,CATEGORY,n,sum,T0,T1,T2,T3,T4,T5,T6,T7,T8,T9,T10,T11,T12,T13,T14,T15,T16,T17,T18,T19,T20,T21,T22,T23,T24,T25,T26,T27,T28,T29,T30,T31,T32,T33,T34,T35,T36,T37,T38,T39,T40,T41,T42,T43,T44,T45,T46,T47,T48,T49,T50,T51,T52,T53,T54,T55,T56,T57,T58,T59,T60,T61,T62,T63,T64,T65,T66,T67,T68,T69,T70,T71,T72,T73,T74,T75,T76,T77,T78,T79,T80,T81,T82,T83,T84,T85,T86,T87
STAT,(NULL),Conflicts,88,459927,41319,17384,9161,10040,8190,891,567,16866,7543,567,567,243,243,243,243,44595,243,10707,243,243,243,243,7101,11159,9042,2833,11861,1879,891,891,13451,15208,891,243,243,243,243,243,243,243,53447,8211,243,243,567,567,22075,567,567,567,567,567,567,567,583,243,243,243,243,243,243,19632,28659,243,243,243,243,243,243,243,66925,243,243,243,243,243,243,243,243,243,243,243,243,243,243,243,243,267
STAT,(NULL),Iterations,88,559927,65374,18712,9161,11014,8191,891,567,26410,7543,567,567,243,243,243,243,44595,243,10707,243,243,243,243,7161,23122,11871,2835,15160,1879,891,891,13686,41984,891,243,243,243,243,243,243,243,56883,8211,243,243,567,567,29662,567,567,567,567,567,567,567,583,243,243,243,243,243,243,19633,28659,243,243,243,243,243,243,243,74835,243,243,243,243,243,243,243,243,243,243,243,243,243,243,243,243,267
STAT,(NULL),LoopTime,88,324,324,0,0,0,0,0,0,0,0,0,0,0,0,0,0,0,0,0,0,0,0,0,0,0,0,0,0,0,0,0,0,0,0,0,0,0,0,0,0,0,0,0,0,0,0,0,0,0,0,0,0,0,0,0,0,0,0,0,0,0,0,0,0,0,0,0,0,0,0,0,0,0,0,0,0,0,0,0,0,0,0,0,0,0,0,0,0,0
STAT,(NULL),MeminfoPost,88,447,17,7,5,7,7,5,4,11,5,4,4,4,4,4,4,5,4,5,4,4,4,4,7,12,8,7,8,5,4,4,7,18,4,4,4,4,4,4,4,4,8,4,4,4,4,4,10,4,4,4,4,4,4,5,4,4,4,4,4,4,4,7,5,4,4,4,4,4,4,4,10,4,4,4,4,4,4,4,4,4,4,4,4,4,4,4,4,4
STAT,(NULL),MeminfoPre,88,264,3,3,3,3,3,3,3,3,3,3,3,3,3,3,3,3,3,3,3,3,3,3,3,3,3,3,3,3,3,3,3,3,3,3,3,3,3,3,3,3,3,3,3,3,3,3,3,3,3,3,3,3,3,3,3,3,3,3,3,3,3,3,3,3,3,3,3,3,3,3,3,3,3,3,3,3,3,3,3,3,3,3,3,3,3,3,3,3
STAT,(NULL),Threads,88,88,88,0,0,0,0,0,0,0,0,0,0,0,0,0,0,0,0,0,0,0,0,0,0,0,0,0,0,0,0,0,0,0,0,0,0,0,0,0,0,0,0,0,0,0,0,0,0,0,0,0,0,0,0,0,0,0,0,0,0,0,0,0,0,0,0,0,0,0,0,0,0,0,0,0,0,0,0,0,0,0,0,0,0,0,0,0,0,0
STAT,(NULL),Time,88,324,324,0,0,0,0,0,0,0,0,0,0,0,0,0,0,0,0,0,0,0,0,0,0,0,0,0,0,0,0,0,0,0,0,0,0,0,0,0,0,0,0,0,0,0,0,0,0,0,0,0,0,0,0,0,0,0,0,0,0,0,0,0,0,0,0,0,0,0,0,0,0,0,0,0,0,0,0,0,0,0,0,0,0,0,0,0,0,0
