Galois Benchmark Suite v2.2.1 (r0)
Copyright (C) 2014 The University of Texas at Austin
http://iss.ices.utexas.edu/galois/

application: Delaunay Mesh Refinement
Refines a Delaunay triangulation mesh such that no angle in the mesh is less than 30 degrees
http://iss.ices.utexas.edu/?p=projects/galois/benchmarks/delaunay_mesh_refinement

INFO: CommandLine ./delaunayrefinement_galois -t 1 /home/users/kkazatzis/GaloisInput-2.0/input/delaunayrefinement/250k.2
INFO: Hostname broady
Using bin for node
Using bin for ele
Using bin for poly
configuration: 549998 total triangles, 261100 bad triangles
Total Time: 4.12 s
2313444 total triangles
Refinement OK
STATTYPE,LOOP,CATEGORY,n,sum,T0
STAT,(NULL),Conflicts,1,0,0
STAT,(NULL),Iterations,1,261100,261100
STAT,(NULL),MeminfoMid,1,704,704
STAT,(NULL),MeminfoPost,1,704,704
STAT,(NULL),MeminfoPre1,1,64,64
STAT,(NULL),MeminfoPre2,1,704,704
STAT,(NULL),OuterRoundsExecuted,1,7,7
STAT,(NULL),RoundsExecuted,1,7,7
STAT,(NULL),Threads,1,1,1
STAT,(NULL),Time,1,4121,4121
STAT,(NULL),refine,1,4086,4086
STAT,allocate,LoopTime,1,47,47
STAT,count_if,LoopTime,1,414,414
STAT,findbad,LoopTime,1,35,35
STAT,refine,Conflicts,1,0,0
STAT,refine,Iterations,1,1556311,1556311
STAT,refine,LoopTime,1,3973,3973
Galois Benchmark Suite v2.2.1 (r0)
Copyright (C) 2014 The University of Texas at Austin
http://iss.ices.utexas.edu/galois/

application: Delaunay Mesh Refinement
Refines a Delaunay triangulation mesh such that no angle in the mesh is less than 30 degrees
http://iss.ices.utexas.edu/?p=projects/galois/benchmarks/delaunay_mesh_refinement

INFO: CommandLine ./delaunayrefinement_galois -t 2 /home/users/kkazatzis/GaloisInput-2.0/input/delaunayrefinement/250k.2
INFO: Hostname broady
Using bin for node
Using bin for ele
Using bin for poly
configuration: 549998 total triangles, 261100 bad triangles
Total Time: 4.51 s
2313772 total triangles
Refinement OK
STATTYPE,LOOP,CATEGORY,n,sum,T0,T1
STAT,(NULL),Conflicts,2,0,0,0
STAT,(NULL),Iterations,2,261100,130646,130454
STAT,(NULL),MeminfoMid,2,715,357,358
STAT,(NULL),MeminfoPost,2,715,357,358
STAT,(NULL),MeminfoPre1,2,65,32,33
STAT,(NULL),MeminfoPre2,2,715,357,358
STAT,(NULL),OuterRoundsExecuted,2,7,7,0
STAT,(NULL),RoundsExecuted,2,7,7,0
STAT,(NULL),Threads,2,2,2,0
STAT,(NULL),Time,2,2256,2256,0
STAT,(NULL),refine,2,2238,2238,0
STAT,allocate,LoopTime,2,36,36,0
STAT,count_if,LoopTime,2,437,437,0
STAT,findbad,LoopTime,2,18,18,0
STAT,refine,Conflicts,2,3,2,1
STAT,refine,Iterations,2,1556390,764200,792190
STAT,refine,LoopTime,2,2177,2177,0
Galois Benchmark Suite v2.2.1 (r0)
Copyright (C) 2014 The University of Texas at Austin
http://iss.ices.utexas.edu/galois/

application: Delaunay Mesh Refinement
Refines a Delaunay triangulation mesh such that no angle in the mesh is less than 30 degrees
http://iss.ices.utexas.edu/?p=projects/galois/benchmarks/delaunay_mesh_refinement

INFO: CommandLine ./delaunayrefinement_galois -t 4 /home/users/kkazatzis/GaloisInput-2.0/input/delaunayrefinement/250k.2
INFO: Hostname broady
Using bin for node
Using bin for ele
Using bin for poly
configuration: 549998 total triangles, 261100 bad triangles
Total Time: 4.51 s
2313850 total triangles
Refinement OK
STATTYPE,LOOP,CATEGORY,n,sum,T0,T1,T2,T3
STAT,(NULL),Conflicts,4,0,0,0,0,0
STAT,(NULL),Iterations,4,261100,64827,65051,65307,65915
STAT,(NULL),MeminfoMid,4,748,187,187,187,187
STAT,(NULL),MeminfoPost,4,748,187,187,187,187
STAT,(NULL),MeminfoPre1,4,68,17,17,17,17
STAT,(NULL),MeminfoPre2,4,748,187,187,187,187
STAT,(NULL),OuterRoundsExecuted,4,7,7,0,0,0
STAT,(NULL),RoundsExecuted,4,7,7,0,0,0
STAT,(NULL),Threads,4,4,4,0,0,0
STAT,(NULL),Time,4,1128,1128,0,0,0
STAT,(NULL),refine,4,1118,1118,0,0,0
STAT,allocate,LoopTime,4,37,37,0,0,0
STAT,count_if,LoopTime,4,459,459,0,0,0
STAT,findbad,LoopTime,4,9,9,0,0,0
STAT,refine,Conflicts,4,41,17,14,9,1
STAT,refine,Iterations,4,1556698,377801,393295,390685,394917
STAT,refine,LoopTime,4,1086,1086,0,0,0
Galois Benchmark Suite v2.2.1 (r0)
Copyright (C) 2014 The University of Texas at Austin
http://iss.ices.utexas.edu/galois/

application: Delaunay Mesh Refinement
Refines a Delaunay triangulation mesh such that no angle in the mesh is less than 30 degrees
http://iss.ices.utexas.edu/?p=projects/galois/benchmarks/delaunay_mesh_refinement

INFO: CommandLine ./delaunayrefinement_galois -t 8 /home/users/kkazatzis/GaloisInput-2.0/input/delaunayrefinement/250k.2
INFO: Hostname broady
Using bin for node
Using bin for ele
Using bin for poly
configuration: 549998 total triangles, 261100 bad triangles
Total Time: 4.51 s
2313048 total triangles
Refinement OK
STATTYPE,LOOP,CATEGORY,n,sum,T0,T1,T2,T3,T4,T5,T6,T7
STAT,(NULL),Conflicts,8,0,0,0,0,0,0,0,0,0
STAT,(NULL),Iterations,8,261100,32574,32414,32574,32894,32733,32861,32541,32509
STAT,(NULL),MeminfoMid,8,792,99,99,99,99,99,99,99,99
STAT,(NULL),MeminfoPost,8,792,99,99,99,99,99,99,99,99
STAT,(NULL),MeminfoPre1,8,72,9,9,9,9,9,9,9,9
STAT,(NULL),MeminfoPre2,8,792,99,99,99,99,99,99,99,99
STAT,(NULL),OuterRoundsExecuted,8,7,7,0,0,0,0,0,0,0
STAT,(NULL),RoundsExecuted,8,7,7,0,0,0,0,0,0,0
STAT,(NULL),Threads,8,8,8,0,0,0,0,0,0,0
STAT,(NULL),Time,8,564,564,0,0,0,0,0,0,0
STAT,(NULL),refine,8,559,559,0,0,0,0,0,0,0
STAT,allocate,LoopTime,8,42,42,0,0,0,0,0,0,0
STAT,count_if,LoopTime,8,566,566,0,0,0,0,0,0,0
STAT,findbad,LoopTime,8,5,5,0,0,0,0,0,0,0
STAT,refine,Conflicts,8,110,8,28,2,17,24,4,13,14
STAT,refine,Iterations,8,1556153,178771,196566,195762,194352,196036,200166,195068,199432
STAT,refine,LoopTime,8,541,541,0,0,0,0,0,0,0
Galois Benchmark Suite v2.2.1 (r0)
Copyright (C) 2014 The University of Texas at Austin
http://iss.ices.utexas.edu/galois/

application: Delaunay Mesh Refinement
Refines a Delaunay triangulation mesh such that no angle in the mesh is less than 30 degrees
http://iss.ices.utexas.edu/?p=projects/galois/benchmarks/delaunay_mesh_refinement

INFO: CommandLine ./delaunayrefinement_galois -t 16 /home/users/kkazatzis/GaloisInput-2.0/input/delaunayrefinement/250k.2
INFO: Hostname broady
Using bin for node
Using bin for ele
Using bin for poly
configuration: 549998 total triangles, 261100 bad triangles
Total Time: 4.70 s
2312688 total triangles
Refinement OK
STATTYPE,LOOP,CATEGORY,n,sum,T0,T1,T2,T3,T4,T5,T6,T7,T8,T9,T10,T11,T12,T13,T14,T15
STAT,(NULL),Conflicts,16,0,0,0,0,0,0,0,0,0,0,0,0,0,0,0,0,0
STAT,(NULL),Iterations,16,261100,16255,16063,15999,16255,16543,16191,15967,16191,16671,16287,16415,16287,16638,16798,16446,16094
STAT,(NULL),MeminfoMid,16,880,55,55,55,55,55,55,55,55,55,55,55,55,55,55,55,55
STAT,(NULL),MeminfoPost,16,880,55,55,55,55,55,55,55,55,55,55,55,55,55,55,55,55
STAT,(NULL),MeminfoPre1,16,80,5,5,5,5,5,5,5,5,5,5,5,5,5,5,5,5
STAT,(NULL),MeminfoPre2,16,880,55,55,55,55,55,55,55,55,55,55,55,55,55,55,55,55
STAT,(NULL),OuterRoundsExecuted,16,7,7,0,0,0,0,0,0,0,0,0,0,0,0,0,0,0
STAT,(NULL),RoundsExecuted,16,7,7,0,0,0,0,0,0,0,0,0,0,0,0,0,0,0
STAT,(NULL),Threads,16,16,16,0,0,0,0,0,0,0,0,0,0,0,0,0,0,0
STAT,(NULL),Time,16,293,293,0,0,0,0,0,0,0,0,0,0,0,0,0,0,0
STAT,(NULL),refine,16,290,290,0,0,0,0,0,0,0,0,0,0,0,0,0,0,0
STAT,allocate,LoopTime,16,42,42,0,0,0,0,0,0,0,0,0,0,0,0,0,0,0
STAT,count_if,LoopTime,16,798,798,0,0,0,0,0,0,0,0,0,0,0,0,0,0,0
STAT,findbad,LoopTime,16,3,3,0,0,0,0,0,0,0,0,0,0,0,0,0,0,0
STAT,refine,Conflicts,16,478,21,26,14,11,7,3,33,57,58,56,18,35,40,38,29,32
STAT,refine,Iterations,16,1556098,77253,97654,95967,100999,99479,98962,99712,94863,94349,99739,103370,99193,98729,96713,98815,100301
STAT,refine,LoopTime,16,276,276,0,0,0,0,0,0,0,0,0,0,0,0,0,0,0
Galois Benchmark Suite v2.2.1 (r0)
Copyright (C) 2014 The University of Texas at Austin
http://iss.ices.utexas.edu/galois/

application: Delaunay Mesh Refinement
Refines a Delaunay triangulation mesh such that no angle in the mesh is less than 30 degrees
http://iss.ices.utexas.edu/?p=projects/galois/benchmarks/delaunay_mesh_refinement

INFO: CommandLine ./delaunayrefinement_galois -t 22 /home/users/kkazatzis/GaloisInput-2.0/input/delaunayrefinement/250k.2
INFO: Hostname broady
Using bin for node
Using bin for ele
Using bin for poly
configuration: 549998 total triangles, 261100 bad triangles
Total Time: 4.83 s
2312932 total triangles
Refinement OK
STATTYPE,LOOP,CATEGORY,n,sum,T0,T1,T2,T3,T4,T5,T6,T7,T8,T9,T10,T11,T12,T13,T14,T15,T16,T17,T18,T19,T20,T21
STAT,(NULL),Conflicts,22,0,0,0,0,0,0,0,0,0,0,0,0,0,0,0,0,0,0,0,0,0,0,0
STAT,(NULL),Iterations,22,261100,11549,11965,11325,12509,12060,12540,11644,11612,12796,12316,12124,11612,11964,12252,11356,11036,11228,11676,12700,12252,11420,11164
STAT,(NULL),MeminfoMid,22,726,33,33,33,33,33,33,33,33,33,33,33,33,33,33,33,33,33,33,33,33,33,33
STAT,(NULL),MeminfoPost,22,726,33,33,33,33,33,33,33,33,33,33,33,33,33,33,33,33,33,33,33,33,33,33
STAT,(NULL),MeminfoPre1,22,66,3,3,3,3,3,3,3,3,3,3,3,3,3,3,3,3,3,3,3,3,3,3
STAT,(NULL),MeminfoPre2,22,726,33,33,33,33,33,33,33,33,33,33,33,33,33,33,33,33,33,33,33,33,33,33
STAT,(NULL),OuterRoundsExecuted,22,7,7,0,0,0,0,0,0,0,0,0,0,0,0,0,0,0,0,0,0,0,0,0
STAT,(NULL),RoundsExecuted,22,7,7,0,0,0,0,0,0,0,0,0,0,0,0,0,0,0,0,0,0,0,0,0
STAT,(NULL),Threads,22,22,22,0,0,0,0,0,0,0,0,0,0,0,0,0,0,0,0,0,0,0,0,0
STAT,(NULL),Time,22,219,219,0,0,0,0,0,0,0,0,0,0,0,0,0,0,0,0,0,0,0,0,0
STAT,(NULL),refine,22,216,216,0,0,0,0,0,0,0,0,0,0,0,0,0,0,0,0,0,0,0,0,0
STAT,allocate,LoopTime,22,38,38,0,0,0,0,0,0,0,0,0,0,0,0,0,0,0,0,0,0,0,0,0
STAT,count_if,LoopTime,22,895,895,0,0,0,0,0,0,0,0,0,0,0,0,0,0,0,0,0,0,0,0,0
STAT,findbad,LoopTime,22,3,3,0,0,0,0,0,0,0,0,0,0,0,0,0,0,0,0,0,0,0,0,0
STAT,refine,Conflicts,22,649,3,7,19,35,16,34,47,30,19,54,82,42,91,52,10,14,18,28,24,15,1,8
STAT,refine,Iterations,22,1556329,51260,72973,70650,69969,72215,73616,71958,72810,71151,71451,71298,69991,72708,70948,72036,71215,72810,72144,69294,70731,72450,72651
STAT,refine,LoopTime,22,202,202,0,0,0,0,0,0,0,0,0,0,0,0,0,0,0,0,0,0,0,0,0
Galois Benchmark Suite v2.2.1 (r0)
Copyright (C) 2014 The University of Texas at Austin
http://iss.ices.utexas.edu/galois/

application: Delaunay Mesh Refinement
Refines a Delaunay triangulation mesh such that no angle in the mesh is less than 30 degrees
http://iss.ices.utexas.edu/?p=projects/galois/benchmarks/delaunay_mesh_refinement

INFO: CommandLine ./delaunayrefinement_galois -t 44 /home/users/kkazatzis/GaloisInput-2.0/input/delaunayrefinement/250k.2
INFO: Hostname broady
Using bin for node
Using bin for ele
Using bin for poly
configuration: 549998 total triangles, 261100 bad triangles
Total Time: 5.84 s
2310244 total triangles
Refinement OK
STATTYPE,LOOP,CATEGORY,n,sum,T0,T1,T2,T3,T4,T5,T6,T7,T8,T9,T10,T11,T12,T13,T14,T15,T16,T17,T18,T19,T20,T21,T22,T23,T24,T25,T26,T27,T28,T29,T30,T31,T32,T33,T34,T35,T36,T37,T38,T39,T40,T41,T42,T43
STAT,(NULL),Conflicts,44,0,0,0,0,0,0,0,0,0,0,0,0,0,0,0,0,0,0,0,0,0,0,0,0,0,0,0,0,0,0,0,0,0,0,0,0,0,0,0,0,0,0,0,0,0
STAT,(NULL),Iterations,44,261100,5231,5199,4751,5199,5134,5070,5166,5166,4782,5198,4558,5038,5710,5678,5038,5198,5070,5134,5038,5486,5198,4878,6510,6670,6862,6702,7022,6862,6414,6222,6670,6702,6670,6606,7438,7278,6670,6478,6990,6926,6862,7022,6382,6222
STAT,(NULL),MeminfoMid,44,968,22,22,22,22,22,22,22,22,22,22,22,22,22,22,22,22,22,22,22,22,22,22,22,22,22,22,22,22,22,22,22,22,22,22,22,22,22,22,22,22,22,22,22,22
STAT,(NULL),MeminfoPost,44,968,22,22,22,22,22,22,22,22,22,22,22,22,22,22,22,22,22,22,22,22,22,22,22,22,22,22,22,22,22,22,22,22,22,22,22,22,22,22,22,22,22,22,22,22
STAT,(NULL),MeminfoPre1,44,88,2,2,2,2,2,2,2,2,2,2,2,2,2,2,2,2,2,2,2,2,2,2,2,2,2,2,2,2,2,2,2,2,2,2,2,2,2,2,2,2,2,2,2,2
STAT,(NULL),MeminfoPre2,44,968,22,22,22,22,22,22,22,22,22,22,22,22,22,22,22,22,22,22,22,22,22,22,22,22,22,22,22,22,22,22,22,22,22,22,22,22,22,22,22,22,22,22,22,22
STAT,(NULL),OuterRoundsExecuted,44,7,7,0,0,0,0,0,0,0,0,0,0,0,0,0,0,0,0,0,0,0,0,0,0,0,0,0,0,0,0,0,0,0,0,0,0,0,0,0,0,0,0,0,0,0
STAT,(NULL),RoundsExecuted,44,7,7,0,0,0,0,0,0,0,0,0,0,0,0,0,0,0,0,0,0,0,0,0,0,0,0,0,0,0,0,0,0,0,0,0,0,0,0,0,0,0,0,0,0,0
STAT,(NULL),Threads,44,44,44,0,0,0,0,0,0,0,0,0,0,0,0,0,0,0,0,0,0,0,0,0,0,0,0,0,0,0,0,0,0,0,0,0,0,0,0,0,0,0,0,0,0,0
STAT,(NULL),Time,44,132,132,0,0,0,0,0,0,0,0,0,0,0,0,0,0,0,0,0,0,0,0,0,0,0,0,0,0,0,0,0,0,0,0,0,0,0,0,0,0,0,0,0,0,0
STAT,(NULL),refine,44,129,129,0,0,0,0,0,0,0,0,0,0,0,0,0,0,0,0,0,0,0,0,0,0,0,0,0,0,0,0,0,0,0,0,0,0,0,0,0,0,0,0,0,0,0
STAT,allocate,LoopTime,44,32,32,0,0,0,0,0,0,0,0,0,0,0,0,0,0,0,0,0,0,0,0,0,0,0,0,0,0,0,0,0,0,0,0,0,0,0,0,0,0,0,0,0,0,0
STAT,count_if,LoopTime,44,1020,1020,0,0,0,0,0,0,0,0,0,0,0,0,0,0,0,0,0,0,0,0,0,0,0,0,0,0,0,0,0,0,0,0,0,0,0,0,0,0,0,0,0,0,0
STAT,findbad,LoopTime,44,3,3,0,0,0,0,0,0,0,0,0,0,0,0,0,0,0,0,0,0,0,0,0,0,0,0,0,0,0,0,0,0,0,0,0,0,0,0,0,0,0,0,0,0,0
STAT,refine,Conflicts,44,1681,30,31,37,40,37,19,16,30,51,38,16,11,13,18,2,36,43,29,23,37,30,24,84,60,66,83,75,34,36,48,26,25,22,58,51,46,40,57,48,40,30,37,70,34
STAT,refine,Iterations,44,1555138,19114,35372,36304,36588,35568,35721,35919,35997,36772,35861,36827,36181,35096,36798,35602,36197,35890,38196,37483,35548,33969,35152,35823,35415,35629,36535,34887,34617,36704,36030,34175,34702,35574,35636,34611,35973,34121,34150,34687,34577,35816,36491,34914,37916
STAT,refine,LoopTime,44,118,118,0,0,0,0,0,0,0,0,0,0,0,0,0,0,0,0,0,0,0,0,0,0,0,0,0,0,0,0,0,0,0,0,0,0,0,0,0,0,0,0,0,0,0
Galois Benchmark Suite v2.2.1 (r0)
Copyright (C) 2014 The University of Texas at Austin
http://iss.ices.utexas.edu/galois/

application: Delaunay Mesh Refinement
Refines a Delaunay triangulation mesh such that no angle in the mesh is less than 30 degrees
http://iss.ices.utexas.edu/?p=projects/galois/benchmarks/delaunay_mesh_refinement

INFO: CommandLine ./delaunayrefinement_galois -t 88 /home/users/kkazatzis/GaloisInput-2.0/input/delaunayrefinement/250k.2
INFO: Hostname broady
Using bin for node
Using bin for ele
Using bin for poly
configuration: 549998 total triangles, 261100 bad triangles
Total Time: 9.68 s
2313918 total triangles
Refinement OK
STATTYPE,LOOP,CATEGORY,n,sum,T0,T1,T2,T3,T4,T5,T6,T7,T8,T9,T10,T11,T12,T13,T14,T15,T16,T17,T18,T19,T20,T21,T22,T23,T24,T25,T26,T27,T28,T29,T30,T31,T32,T33,T34,T35,T36,T37,T38,T39,T40,T41,T42,T43,T44,T45,T46,T47,T48,T49,T50,T51,T52,T53,T54,T55,T56,T57,T58,T59,T60,T61,T62,T63,T64,T65,T66,T67,T68,T69,T70,T71,T72,T73,T74,T75,T76,T77,T78,T79,T80,T81,T82,T83,T84,T85,T86,T87
STAT,(NULL),Conflicts,88,0,0,0,0,0,0,0,0,0,0,0,0,0,0,0,0,0,0,0,0,0,0,0,0,0,0,0,0,0,0,0,0,0,0,0,0,0,0,0,0,0,0,0,0,0,0,0,0,0,0,0,0,0,0,0,0,0,0,0,0,0,0,0,0,0,0,0,0,0,0,0,0,0,0,0,0,0,0,0,0,0,0,0,0,0,0,0,0,0
STAT,(NULL),Iterations,88,261100,2264,2200,2968,2872,2679,3191,2199,2231,2903,2615,2455,2583,2167,3351,2871,3223,1527,2775,2455,2967,2231,2071,3063,3127,3543,3351,3255,3223,3575,3127,3543,3863,3543,3639,4023,2807,3255,2807,2775,3255,3991,3959,2743,3159,2551,2327,2551,2775,2615,2487,2167,1879,2903,2807,2135,2519,2391,2775,2711,2583,2199,2455,2711,2423,2263,2135,3223,3319,3863,4119,3127,3671,2871,3063,3927,3895,3607,2967,4247,3223,3767,2487,3415,3127,3991,3767,3383,3255
STAT,(NULL),MeminfoMid,88,1936,22,22,22,22,22,22,22,22,22,22,22,22,22,22,22,22,22,22,22,22,22,22,22,22,22,22,22,22,22,22,22,22,22,22,22,22,22,22,22,22,22,22,22,22,22,22,22,22,22,22,22,22,22,22,22,22,22,22,22,22,22,22,22,22,22,22,22,22,22,22,22,22,22,22,22,22,22,22,22,22,22,22,22,22,22,22,22,22
STAT,(NULL),MeminfoPost,88,1936,22,22,22,22,22,22,22,22,22,22,22,22,22,22,22,22,22,22,22,22,22,22,22,22,22,22,22,22,22,22,22,22,22,22,22,22,22,22,22,22,22,22,22,22,22,22,22,22,22,22,22,22,22,22,22,22,22,22,22,22,22,22,22,22,22,22,22,22,22,22,22,22,22,22,22,22,22,22,22,22,22,22,22,22,22,22,22,22
STAT,(NULL),MeminfoPre1,88,176,2,2,2,2,2,2,2,2,2,2,2,2,2,2,2,2,2,2,2,2,2,2,2,2,2,2,2,2,2,2,2,2,2,2,2,2,2,2,2,2,2,2,2,2,2,2,2,2,2,2,2,2,2,2,2,2,2,2,2,2,2,2,2,2,2,2,2,2,2,2,2,2,2,2,2,2,2,2,2,2,2,2,2,2,2,2,2,2
STAT,(NULL),MeminfoPre2,88,1936,22,22,22,22,22,22,22,22,22,22,22,22,22,22,22,22,22,22,22,22,22,22,22,22,22,22,22,22,22,22,22,22,22,22,22,22,22,22,22,22,22,22,22,22,22,22,22,22,22,22,22,22,22,22,22,22,22,22,22,22,22,22,22,22,22,22,22,22,22,22,22,22,22,22,22,22,22,22,22,22,22,22,22,22,22,22,22,22
STAT,(NULL),OuterRoundsExecuted,88,7,7,0,0,0,0,0,0,0,0,0,0,0,0,0,0,0,0,0,0,0,0,0,0,0,0,0,0,0,0,0,0,0,0,0,0,0,0,0,0,0,0,0,0,0,0,0,0,0,0,0,0,0,0,0,0,0,0,0,0,0,0,0,0,0,0,0,0,0,0,0,0,0,0,0,0,0,0,0,0,0,0,0,0,0,0,0,0,0
STAT,(NULL),RoundsExecuted,88,7,7,0,0,0,0,0,0,0,0,0,0,0,0,0,0,0,0,0,0,0,0,0,0,0,0,0,0,0,0,0,0,0,0,0,0,0,0,0,0,0,0,0,0,0,0,0,0,0,0,0,0,0,0,0,0,0,0,0,0,0,0,0,0,0,0,0,0,0,0,0,0,0,0,0,0,0,0,0,0,0,0,0,0,0,0,0,0,0
STAT,(NULL),Threads,88,88,88,0,0,0,0,0,0,0,0,0,0,0,0,0,0,0,0,0,0,0,0,0,0,0,0,0,0,0,0,0,0,0,0,0,0,0,0,0,0,0,0,0,0,0,0,0,0,0,0,0,0,0,0,0,0,0,0,0,0,0,0,0,0,0,0,0,0,0,0,0,0,0,0,0,0,0,0,0,0,0,0,0,0,0,0,0,0,0
STAT,(NULL),Time,88,110,110,0,0,0,0,0,0,0,0,0,0,0,0,0,0,0,0,0,0,0,0,0,0,0,0,0,0,0,0,0,0,0,0,0,0,0,0,0,0,0,0,0,0,0,0,0,0,0,0,0,0,0,0,0,0,0,0,0,0,0,0,0,0,0,0,0,0,0,0,0,0,0,0,0,0,0,0,0,0,0,0,0,0,0,0,0,0,0
STAT,(NULL),refine,88,106,106,0,0,0,0,0,0,0,0,0,0,0,0,0,0,0,0,0,0,0,0,0,0,0,0,0,0,0,0,0,0,0,0,0,0,0,0,0,0,0,0,0,0,0,0,0,0,0,0,0,0,0,0,0,0,0,0,0,0,0,0,0,0,0,0,0,0,0,0,0,0,0,0,0,0,0,0,0,0,0,0,0,0,0,0,0,0,0
STAT,allocate,LoopTime,88,85,85,0,0,0,0,0,0,0,0,0,0,0,0,0,0,0,0,0,0,0,0,0,0,0,0,0,0,0,0,0,0,0,0,0,0,0,0,0,0,0,0,0,0,0,0,0,0,0,0,0,0,0,0,0,0,0,0,0,0,0,0,0,0,0,0,0,0,0,0,0,0,0,0,0,0,0,0,0,0,0,0,0,0,0,0,0,0,0
STAT,count_if,LoopTime,88,1316,1316,0,0,0,0,0,0,0,0,0,0,0,0,0,0,0,0,0,0,0,0,0,0,0,0,0,0,0,0,0,0,0,0,0,0,0,0,0,0,0,0,0,0,0,0,0,0,0,0,0,0,0,0,0,0,0,0,0,0,0,0,0,0,0,0,0,0,0,0,0,0,0,0,0,0,0,0,0,0,0,0,0,0,0,0,0,0,0
STAT,findbad,LoopTime,88,3,3,0,0,0,0,0,0,0,0,0,0,0,0,0,0,0,0,0,0,0,0,0,0,0,0,0,0,0,0,0,0,0,0,0,0,0,0,0,0,0,0,0,0,0,0,0,0,0,0,0,0,0,0,0,0,0,0,0,0,0,0,0,0,0,0,0,0,0,0,0,0,0,0,0,0,0,0,0,0,0,0,0,0,0,0,0,0,0
STAT,refine,Conflicts,88,2728,21,10,16,15,39,0,2,10,0,25,21,45,56,42,37,14,47,67,5,13,23,15,32,42,52,32,37,88,43,22,7,35,14,7,3,11,15,23,21,29,29,38,42,14,33,76,28,66,57,41,48,13,40,55,27,25,44,19,16,27,10,17,34,18,9,18,35,44,56,28,51,61,65,35,68,35,52,46,25,53,37,16,29,24,16,27,23,22
STAT,refine,Iterations,88,1558708,7442,19100,17723,18122,18244,18459,18461,17878,17331,17662,17938,17809,17923,18206,18298,17690,17718,18603,17599,17679,18880,19099,17391,18125,17007,17514,16815,19217,18008,18165,17814,17110,17290,17585,17319,18410,17684,17294,16991,17505,17181,17198,17036,17012,16810,17928,17859,18103,18155,17809,17569,18189,18967,17658,17405,17468,19180,19389,18795,18543,17850,17712,17889,17473,18442,18962,17669,17375,17007,17837,18359,17743,17214,17530,16764,16815,17476,16857,16616,17160,17622,17964,18412,18200,17099,18091,18423,18785
STAT,refine,LoopTime,88,91,91,0,0,0,0,0,0,0,0,0,0,0,0,0,0,0,0,0,0,0,0,0,0,0,0,0,0,0,0,0,0,0,0,0,0,0,0,0,0,0,0,0,0,0,0,0,0,0,0,0,0,0,0,0,0,0,0,0,0,0,0,0,0,0,0,0,0,0,0,0,0,0,0,0,0,0,0,0,0,0,0,0,0,0,0,0,0,0
