Galois Benchmark Suite v2.2.1 (r0)
Copyright (C) 2014 The University of Texas at Austin
http://iss.ices.utexas.edu/galois/

application: Delaunay Triangulation
Produces a Delaunay triangulation for a set of points
http://iss.ices.utexas.edu/?p=projects/galois/benchmarks/delaunay_triangulation

INFO: CommandLine ./delaunaytriangulation_galois -t 1 /home/users/kkazatzis/Galois-2.2.1/inputs/meshes/r500k.node
INFO: Hostname broady
configuration: 500003 points
Number of aborts: 15
mesh size: 1000004
Triangulation OK
STATTYPE,LOOP,CATEGORY,n,sum,T0
STAT,(NULL),Conflicts,1,0,0
STAT,(NULL),Iterations,1,500000,500000
STAT,(NULL),LoopTime,1,2162,2162
STAT,(NULL),MeminfoPost,1,368,368
STAT,(NULL),MeminfoPre,1,368,368
STAT,(NULL),Threads,1,1,1
STAT,(NULL),Time,1,2155,2155
Galois Benchmark Suite v2.2.1 (r0)
Copyright (C) 2014 The University of Texas at Austin
http://iss.ices.utexas.edu/galois/

application: Delaunay Triangulation
Produces a Delaunay triangulation for a set of points
http://iss.ices.utexas.edu/?p=projects/galois/benchmarks/delaunay_triangulation

INFO: CommandLine ./delaunaytriangulation_galois -t 2 /home/users/kkazatzis/Galois-2.2.1/inputs/meshes/r500k.node
INFO: Hostname broady
configuration: 500003 points
Number of aborts: 15
mesh size: 1000004
Triangulation OK
STATTYPE,LOOP,CATEGORY,n,sum,T0,T1
STAT,(NULL),Conflicts,2,1402,841,561
STAT,(NULL),Iterations,2,501402,253840,247562
STAT,(NULL),LoopTime,2,1263,1263,0
STAT,(NULL),MeminfoPost,2,370,185,185
STAT,(NULL),MeminfoPre,2,370,185,185
STAT,(NULL),Threads,2,2,2,0
STAT,(NULL),Time,2,1260,1260,0
Galois Benchmark Suite v2.2.1 (r0)
Copyright (C) 2014 The University of Texas at Austin
http://iss.ices.utexas.edu/galois/

application: Delaunay Triangulation
Produces a Delaunay triangulation for a set of points
http://iss.ices.utexas.edu/?p=projects/galois/benchmarks/delaunay_triangulation

INFO: CommandLine ./delaunaytriangulation_galois -t 4 /home/users/kkazatzis/Galois-2.2.1/inputs/meshes/r500k.node
INFO: Hostname broady
configuration: 500003 points
Number of aborts: 15
mesh size: 1000004
Triangulation OK
STATTYPE,LOOP,CATEGORY,n,sum,T0,T1,T2,T3
STAT,(NULL),Conflicts,4,3784,934,1304,1065,481
STAT,(NULL),Iterations,4,503784,125417,127725,126425,124217
STAT,(NULL),LoopTime,4,636,636,0,0,0
STAT,(NULL),MeminfoPost,4,376,94,94,94,94
STAT,(NULL),MeminfoPre,4,376,94,94,94,94
STAT,(NULL),Threads,4,4,4,0,0,0
STAT,(NULL),Time,4,634,634,0,0,0
Galois Benchmark Suite v2.2.1 (r0)
Copyright (C) 2014 The University of Texas at Austin
http://iss.ices.utexas.edu/galois/

application: Delaunay Triangulation
Produces a Delaunay triangulation for a set of points
http://iss.ices.utexas.edu/?p=projects/galois/benchmarks/delaunay_triangulation

INFO: CommandLine ./delaunaytriangulation_galois -t 8 /home/users/kkazatzis/Galois-2.2.1/inputs/meshes/r500k.node
INFO: Hostname broady
configuration: 500003 points
Number of aborts: 15
mesh size: 1000004
Triangulation OK
STATTYPE,LOOP,CATEGORY,n,sum,T0,T1,T2,T3,T4,T5,T6,T7
STAT,(NULL),Conflicts,8,12843,1392,1032,1791,1723,2683,2091,1436,695
STAT,(NULL),Iterations,8,512843,61124,64235,65147,65191,65471,65100,63860,62715
STAT,(NULL),LoopTime,8,321,321,0,0,0,0,0,0,0
STAT,(NULL),MeminfoPost,8,384,48,48,48,48,48,48,48,48
STAT,(NULL),MeminfoPre,8,384,48,48,48,48,48,48,48,48
STAT,(NULL),Threads,8,8,8,0,0,0,0,0,0,0
STAT,(NULL),Time,8,319,319,0,0,0,0,0,0,0
Galois Benchmark Suite v2.2.1 (r0)
Copyright (C) 2014 The University of Texas at Austin
http://iss.ices.utexas.edu/galois/

application: Delaunay Triangulation
Produces a Delaunay triangulation for a set of points
http://iss.ices.utexas.edu/?p=projects/galois/benchmarks/delaunay_triangulation

INFO: CommandLine ./delaunaytriangulation_galois -t 16 /home/users/kkazatzis/Galois-2.2.1/inputs/meshes/r500k.node
INFO: Hostname broady
configuration: 500003 points
Number of aborts: 15
mesh size: 1000004
Triangulation OK
STATTYPE,LOOP,CATEGORY,n,sum,T0,T1,T2,T3,T4,T5,T6,T7,T8,T9,T10,T11,T12,T13,T14,T15
STAT,(NULL),Conflicts,16,139861,8795,9849,9942,7951,9061,8544,8307,7240,11123,11048,10916,10308,6639,7270,8308,4560
STAT,(NULL),Iterations,16,639861,35689,40389,41040,39177,40199,40159,40122,39528,42907,42693,42705,41879,38138,38511,39995,36730
STAT,(NULL),LoopTime,16,169,169,0,0,0,0,0,0,0,0,0,0,0,0,0,0,0
STAT,(NULL),MeminfoPost,16,400,25,25,25,25,25,25,25,25,25,25,25,25,25,25,25,25
STAT,(NULL),MeminfoPre,16,400,25,25,25,25,25,25,25,25,25,25,25,25,25,25,25,25
STAT,(NULL),Threads,16,16,16,0,0,0,0,0,0,0,0,0,0,0,0,0,0,0
STAT,(NULL),Time,16,168,168,0,0,0,0,0,0,0,0,0,0,0,0,0,0,0
Galois Benchmark Suite v2.2.1 (r0)
Copyright (C) 2014 The University of Texas at Austin
http://iss.ices.utexas.edu/galois/

application: Delaunay Triangulation
Produces a Delaunay triangulation for a set of points
http://iss.ices.utexas.edu/?p=projects/galois/benchmarks/delaunay_triangulation

INFO: CommandLine ./delaunaytriangulation_galois -t 24 /home/users/kkazatzis/Galois-2.2.1/inputs/meshes/r500k.node
INFO: Hostname broady
configuration: 500003 points
Number of aborts: 15
mesh size: 1000004
Triangulation OK
STATTYPE,LOOP,CATEGORY,n,sum,T0,T1,T2,T3,T4,T5,T6,T7,T8,T9,T10,T11,T12,T13,T14,T15,T16,T17,T18,T19,T20,T21,T22,T23
STAT,(NULL),Conflicts,24,630969,9137,20958,17063,26240,5473,5838,22171,27189,32306,34366,33789,44579,42248,42453,41374,41872,41430,40450,9748,22374,33529,31055,3259,2068
STAT,(NULL),Iterations,24,1130969,19827,44805,32720,52373,26527,36160,56962,62912,67273,58091,62400,62035,58247,59436,57410,59317,57069,55073,25958,38115,48583,47022,21821,20833
STAT,(NULL),LoopTime,24,208,208,0,0,0,0,0,0,0,0,0,0,0,0,0,0,0,0,0,0,0,0,0,0,0
STAT,(NULL),MeminfoPost,24,452,18,18,18,18,18,21,23,24,23,18,19,18,18,18,18,18,18,18,18,18,18,18,18,18
STAT,(NULL),MeminfoPre,24,432,18,18,18,18,18,18,18,18,18,18,18,18,18,18,18,18,18,18,18,18,18,18,18,18
STAT,(NULL),Threads,24,24,24,0,0,0,0,0,0,0,0,0,0,0,0,0,0,0,0,0,0,0,0,0,0,0
STAT,(NULL),Time,24,207,207,0,0,0,0,0,0,0,0,0,0,0,0,0,0,0,0,0,0,0,0,0,0,0
Galois Benchmark Suite v2.2.1 (r0)
Copyright (C) 2014 The University of Texas at Austin
http://iss.ices.utexas.edu/galois/

application: Delaunay Triangulation
Produces a Delaunay triangulation for a set of points
http://iss.ices.utexas.edu/?p=projects/galois/benchmarks/delaunay_triangulation

INFO: CommandLine ./delaunaytriangulation_galois -t 32 /home/users/kkazatzis/Galois-2.2.1/inputs/meshes/r500k.node
INFO: Hostname broady
configuration: 500003 points
Number of aborts: 15
mesh size: 1000004
Triangulation OK
STATTYPE,LOOP,CATEGORY,n,sum,T0,T1,T2,T3,T4,T5,T6,T7,T8,T9,T10,T11,T12,T13,T14,T15,T16,T17,T18,T19,T20,T21,T22,T23,T24,T25,T26,T27,T28,T29,T30,T31
STAT,(NULL),Conflicts,32,432241,6478,2915,11029,11179,7023,6358,4441,3109,13629,19120,18265,28345,25548,14158,16767,10619,11518,13301,17056,17651,19549,18742,15795,14098,11004,11368,10301,14145,13715,14462,16135,14418
STAT,(NULL),Iterations,32,932241,13451,18746,24557,24492,26094,29607,25483,23017,31357,38935,41488,41441,38543,27694,29725,24316,24832,26416,30137,31197,32911,32773,29244,31280,29204,31807,30153,28088,28926,28097,29802,28428
STAT,(NULL),LoopTime,32,144,144,0,0,0,0,0,0,0,0,0,0,0,0,0,0,0,0,0,0,0,0,0,0,0,0,0,0,0,0,0,0,0
STAT,(NULL),MeminfoPost,32,464,14,14,14,14,15,17,16,16,14,15,17,14,14,14,14,14,14,14,14,14,14,14,14,14,15,16,15,14,14,14,14,14
STAT,(NULL),MeminfoPre,32,448,14,14,14,14,14,14,14,14,14,14,14,14,14,14,14,14,14,14,14,14,14,14,14,14,14,14,14,14,14,14,14,14
STAT,(NULL),Threads,32,32,32,0,0,0,0,0,0,0,0,0,0,0,0,0,0,0,0,0,0,0,0,0,0,0,0,0,0,0,0,0,0,0
STAT,(NULL),Time,32,143,143,0,0,0,0,0,0,0,0,0,0,0,0,0,0,0,0,0,0,0,0,0,0,0,0,0,0,0,0,0,0,0
Galois Benchmark Suite v2.2.1 (r0)
Copyright (C) 2014 The University of Texas at Austin
http://iss.ices.utexas.edu/galois/

application: Delaunay Triangulation
Produces a Delaunay triangulation for a set of points
http://iss.ices.utexas.edu/?p=projects/galois/benchmarks/delaunay_triangulation

INFO: CommandLine ./delaunaytriangulation_galois -t 40 /home/users/kkazatzis/Galois-2.2.1/inputs/meshes/r500k.node
INFO: Hostname broady
configuration: 500003 points
Number of aborts: 15
mesh size: 1000004
Triangulation OK
STATTYPE,LOOP,CATEGORY,n,sum,T0,T1,T2,T3,T4,T5,T6,T7,T8,T9,T10,T11,T12,T13,T14,T15,T16,T17,T18,T19,T20,T21,T22,T23,T24,T25,T26,T27,T28,T29,T30,T31,T32,T33,T34,T35,T36,T37,T38,T39
STAT,(NULL),Conflicts,40,872842,9946,10126,15546,17167,20139,16617,14566,18457,23373,23911,21626,32457,31063,32069,32693,37776,35778,36045,37823,37034,19261,19636,26540,24989,24224,21530,13743,26574,26040,10376,9877,19119,13851,31712,28684,14041,11170,9876,8924,8463
STAT,(NULL),Iterations,40,1372842,20848,18999,25289,27189,33463,32839,32349,39171,45926,47216,36964,42943,41232,42463,43283,49501,46938,47258,49716,48634,25231,25782,40181,43803,41363,35756,24987,47554,46602,19495,19558,28452,23667,45758,40436,22448,17810,17421,16616,17701
STAT,(NULL),LoopTime,40,155,155,0,0,0,0,0,0,0,0,0,0,0,0,0,0,0,0,0,0,0,0,0,0,0,0,0,0,0,0,0,0,0,0,0,0,0,0,0,0,0
STAT,(NULL),MeminfoPost,40,515,12,12,12,12,12,14,14,16,17,17,13,12,12,12,12,12,12,12,12,12,12,12,13,15,14,13,12,16,16,12,12,12,12,13,12,12,12,12,12,12
STAT,(NULL),MeminfoPre,40,480,12,12,12,12,12,12,12,12,12,12,12,12,12,12,12,12,12,12,12,12,12,12,12,12,12,12,12,12,12,12,12,12,12,12,12,12,12,12,12,12
STAT,(NULL),Threads,40,40,40,0,0,0,0,0,0,0,0,0,0,0,0,0,0,0,0,0,0,0,0,0,0,0,0,0,0,0,0,0,0,0,0,0,0,0,0,0,0,0
STAT,(NULL),Time,40,154,154,0,0,0,0,0,0,0,0,0,0,0,0,0,0,0,0,0,0,0,0,0,0,0,0,0,0,0,0,0,0,0,0,0,0,0,0,0,0,0
Galois Benchmark Suite v2.2.1 (r0)
Copyright (C) 2014 The University of Texas at Austin
http://iss.ices.utexas.edu/galois/

application: Delaunay Triangulation
Produces a Delaunay triangulation for a set of points
http://iss.ices.utexas.edu/?p=projects/galois/benchmarks/delaunay_triangulation

INFO: CommandLine ./delaunaytriangulation_galois -t 44 /home/users/kkazatzis/Galois-2.2.1/inputs/meshes/r500k.node
INFO: Hostname broady
configuration: 500003 points
Number of aborts: 15
mesh size: 1000004
Triangulation OK
STATTYPE,LOOP,CATEGORY,n,sum,T0,T1,T2,T3,T4,T5,T6,T7,T8,T9,T10,T11,T12,T13,T14,T15,T16,T17,T18,T19,T20,T21,T22,T23,T24,T25,T26,T27,T28,T29,T30,T31,T32,T33,T34,T35,T36,T37,T38,T39,T40,T41,T42,T43
STAT,(NULL),Conflicts,44,863961,7664,13518,12102,13632,13784,13839,14572,11140,11347,11687,10175,24776,22831,22632,21139,20851,22643,24184,20055,22381,21937,18673,25359,25267,19722,26552,26933,23118,21352,21610,11240,17375,14462,23538,23331,23351,23246,22679,24049,23189,23020,22813,23179,23014
STAT,(NULL),Iterations,44,1363961,19280,26377,24196,25197,25222,28912,32761,27737,27512,29715,27152,34417,32492,31563,28970,28446,31049,32945,27010,30219,29943,25519,37970,41804,35106,42678,40781,38434,38553,38398,24949,32683,29578,31019,30810,30799,30734,29865,31643,30424,30225,30150,30504,30220
STAT,(NULL),LoopTime,44,125,125,0,0,0,0,0,0,0,0,0,0,0,0,0,0,0,0,0,0,0,0,0,0,0,0,0,0,0,0,0,0,0,0,0,0,0,0,0,0,0,0,0,0,0
STAT,(NULL),MeminfoPost,44,533,12,12,12,12,12,13,15,14,14,15,14,11,11,11,11,11,11,11,11,11,11,11,12,14,13,14,13,13,14,14,13,13,13,11,11,11,11,11,11,11,11,11,11,11
STAT,(NULL),MeminfoPre,44,484,11,11,11,11,11,11,11,11,11,11,11,11,11,11,11,11,11,11,11,11,11,11,11,11,11,11,11,11,11,11,11,11,11,11,11,11,11,11,11,11,11,11,11,11
STAT,(NULL),Threads,44,44,44,0,0,0,0,0,0,0,0,0,0,0,0,0,0,0,0,0,0,0,0,0,0,0,0,0,0,0,0,0,0,0,0,0,0,0,0,0,0,0,0,0,0,0
STAT,(NULL),Time,44,123,123,0,0,0,0,0,0,0,0,0,0,0,0,0,0,0,0,0,0,0,0,0,0,0,0,0,0,0,0,0,0,0,0,0,0,0,0,0,0,0,0,0,0,0
Galois Benchmark Suite v2.2.1 (r0)
Copyright (C) 2014 The University of Texas at Austin
http://iss.ices.utexas.edu/galois/

application: Delaunay Triangulation
Produces a Delaunay triangulation for a set of points
http://iss.ices.utexas.edu/?p=projects/galois/benchmarks/delaunay_triangulation

INFO: CommandLine ./delaunaytriangulation_galois -t 88 /home/users/kkazatzis/Galois-2.2.1/inputs/meshes/r500k.node
INFO: Hostname broady
configuration: 500003 points
Number of aborts: 15
mesh size: 1000004
Triangulation OK
STATTYPE,LOOP,CATEGORY,n,sum,T0,T1,T2,T3,T4,T5,T6,T7,T8,T9,T10,T11,T12,T13,T14,T15,T16,T17,T18,T19,T20,T21,T22,T23,T24,T25,T26,T27,T28,T29,T30,T31,T32,T33,T34,T35,T36,T37,T38,T39,T40,T41,T42,T43,T44,T45,T46,T47,T48,T49,T50,T51,T52,T53,T54,T55,T56,T57,T58,T59,T60,T61,T62,T63,T64,T65,T66,T67,T68,T69,T70,T71,T72,T73,T74,T75,T76,T77,T78,T79,T80,T81,T82,T83,T84,T85,T86,T87
STAT,(NULL),Conflicts,88,1152412,15650,14231,15252,16096,14666,13544,14369,14363,14232,13755,13781,17280,16286,17262,17216,16932,17108,16127,16108,16241,16442,15912,11502,10331,10964,11950,11944,9153,7229,6899,7352,7507,7324,15092,12168,12249,12117,12123,11932,11623,12510,11962,12189,12282,10960,11334,10766,12626,10924,11793,11625,11013,11740,11689,9426,12142,10344,10133,9404,8967,9787,9852,9749,9661,9914,9312,13142,12595,15654,16574,12880,13915,15836,15009,15668,16507,16888,16221,16510,15882,14751,14933,15388,16287,16602,16103,15910,14741
STAT,(NULL),Iterations,88,1652412,26939,23500,24174,24740,23099,23096,25509,25193,25402,24480,24422,21613,20185,21079,20925,21015,21078,20320,20266,20533,20785,20144,19643,21724,20503,19826,20315,20043,19426,18472,19246,19508,19181,18555,14662,14804,14529,14538,14348,14169,15213,14344,14639,14917,18980,21034,18686,20780,20954,21868,21494,20074,21632,21899,18541,14908,12376,12331,11716,11066,11885,11869,11919,11876,12119,11357,17051,15935,18830,19743,16270,17680,18970,18642,18953,19701,20119,19342,19779,19008,18400,18192,18987,19463,19895,19256,19327,18403
STAT,(NULL),LoopTime,88,245,245,0,0,0,0,0,0,0,0,0,0,0,0,0,0,0,0,0,0,0,0,0,0,0,0,0,0,0,0,0,0,0,0,0,0,0,0,0,0,0,0,0,0,0,0,0,0,0,0,0,0,0,0,0,0,0,0,0,0,0,0,0,0,0,0,0,0,0,0,0,0,0,0,0,0,0,0,0,0,0,0,0,0,0,0,0,0,0
STAT,(NULL),MeminfoPost,88,791,11,11,10,10,10,11,11,11,11,11,11,8,8,8,8,8,8,8,8,8,8,8,10,12,11,10,10,11,12,12,12,12,12,8,8,8,8,8,8,8,8,8,8,8,10,11,10,10,11,11,11,11,11,11,11,8,7,7,8,7,7,7,7,7,7,7,8,8,8,8,8,8,8,8,8,8,8,8,8,8,8,8,8,8,8,8,8,8
STAT,(NULL),MeminfoPre,88,616,7,7,7,7,7,7,7,7,7,7,7,7,7,7,7,7,7,7,7,7,7,7,7,7,7,7,7,7,7,7,7,7,7,7,7,7,7,7,7,7,7,7,7,7,7,7,7,7,7,7,7,7,7,7,7,7,7,7,7,7,7,7,7,7,7,7,7,7,7,7,7,7,7,7,7,7,7,7,7,7,7,7,7,7,7,7,7,7
STAT,(NULL),Threads,88,88,88,0,0,0,0,0,0,0,0,0,0,0,0,0,0,0,0,0,0,0,0,0,0,0,0,0,0,0,0,0,0,0,0,0,0,0,0,0,0,0,0,0,0,0,0,0,0,0,0,0,0,0,0,0,0,0,0,0,0,0,0,0,0,0,0,0,0,0,0,0,0,0,0,0,0,0,0,0,0,0,0,0,0,0,0,0,0,0
STAT,(NULL),Time,88,243,243,0,0,0,0,0,0,0,0,0,0,0,0,0,0,0,0,0,0,0,0,0,0,0,0,0,0,0,0,0,0,0,0,0,0,0,0,0,0,0,0,0,0,0,0,0,0,0,0,0,0,0,0,0,0,0,0,0,0,0,0,0,0,0,0,0,0,0,0,0,0,0,0,0,0,0,0,0,0,0,0,0,0,0,0,0,0,0
