Galois Benchmark Suite v2.2.1 (r0)
Copyright (C) 2014 The University of Texas at Austin
http://iss.ices.utexas.edu/galois/

application: Delaunay Triangulation
Produces a Delaunay triangulation for a set of points
http://iss.ices.utexas.edu/?p=projects/galois/benchmarks/delaunay_triangulation

INFO: CommandLine ./delaunaytriangulation_galois -t 1 /home/users/kkazatzis/Galois-2.2.1/inputs/meshes/r500k.node
INFO: Hostname broady
configuration: 500003 points
Number of aborts: 15
mesh size: 1000004
Triangulation OK
STATTYPE,LOOP,CATEGORY,n,sum,T0
STAT,(NULL),Conflicts,1,0,0
STAT,(NULL),Iterations,1,500000,500000
STAT,(NULL),LoopTime,1,2192,2192
STAT,(NULL),MeminfoPost,1,368,368
STAT,(NULL),MeminfoPre,1,368,368
STAT,(NULL),Threads,1,1,1
STAT,(NULL),Time,1,2185,2185
Galois Benchmark Suite v2.2.1 (r0)
Copyright (C) 2014 The University of Texas at Austin
http://iss.ices.utexas.edu/galois/

application: Delaunay Triangulation
Produces a Delaunay triangulation for a set of points
http://iss.ices.utexas.edu/?p=projects/galois/benchmarks/delaunay_triangulation

INFO: CommandLine ./delaunaytriangulation_galois -t 2 /home/users/kkazatzis/Galois-2.2.1/inputs/meshes/r500k.node
INFO: Hostname broady
configuration: 500003 points
Number of aborts: 15
mesh size: 1000004
Triangulation OK
STATTYPE,LOOP,CATEGORY,n,sum,T0,T1
STAT,(NULL),Conflicts,2,1534,787,747
STAT,(NULL),Iterations,2,501534,252147,249387
STAT,(NULL),LoopTime,2,1262,1262,0
STAT,(NULL),MeminfoPost,2,370,185,185
STAT,(NULL),MeminfoPre,2,370,185,185
STAT,(NULL),Threads,2,2,2,0
STAT,(NULL),Time,2,1259,1259,0
Galois Benchmark Suite v2.2.1 (r0)
Copyright (C) 2014 The University of Texas at Austin
http://iss.ices.utexas.edu/galois/

application: Delaunay Triangulation
Produces a Delaunay triangulation for a set of points
http://iss.ices.utexas.edu/?p=projects/galois/benchmarks/delaunay_triangulation

INFO: CommandLine ./delaunaytriangulation_galois -t 4 /home/users/kkazatzis/Galois-2.2.1/inputs/meshes/r500k.node
INFO: Hostname broady
configuration: 500003 points
Number of aborts: 15
mesh size: 1000004
Triangulation OK
STATTYPE,LOOP,CATEGORY,n,sum,T0,T1,T2,T3
STAT,(NULL),Conflicts,4,3987,917,1408,919,743
STAT,(NULL),Iterations,4,503987,125158,128168,125564,125097
STAT,(NULL),LoopTime,4,636,636,0,0,0
STAT,(NULL),MeminfoPost,4,376,94,94,94,94
STAT,(NULL),MeminfoPre,4,376,94,94,94,94
STAT,(NULL),Threads,4,4,4,0,0,0
STAT,(NULL),Time,4,634,634,0,0,0
Galois Benchmark Suite v2.2.1 (r0)
Copyright (C) 2014 The University of Texas at Austin
http://iss.ices.utexas.edu/galois/

application: Delaunay Triangulation
Produces a Delaunay triangulation for a set of points
http://iss.ices.utexas.edu/?p=projects/galois/benchmarks/delaunay_triangulation

INFO: CommandLine ./delaunaytriangulation_galois -t 8 /home/users/kkazatzis/Galois-2.2.1/inputs/meshes/r500k.node
INFO: Hostname broady
configuration: 500003 points
Number of aborts: 15
mesh size: 1000004
Triangulation OK
STATTYPE,LOOP,CATEGORY,n,sum,T0,T1,T2,T3,T4,T5,T6,T7
STAT,(NULL),Conflicts,8,18925,3673,2621,2609,2937,2380,1010,2308,1387
STAT,(NULL),Iterations,8,518925,63411,65851,66407,65409,65146,64018,64338,64345
STAT,(NULL),LoopTime,8,320,320,0,0,0,0,0,0,0
STAT,(NULL),MeminfoPost,8,384,48,48,48,48,48,48,48,48
STAT,(NULL),MeminfoPre,8,384,48,48,48,48,48,48,48,48
STAT,(NULL),Threads,8,8,8,0,0,0,0,0,0,0
STAT,(NULL),Time,8,319,319,0,0,0,0,0,0,0
Galois Benchmark Suite v2.2.1 (r0)
Copyright (C) 2014 The University of Texas at Austin
http://iss.ices.utexas.edu/galois/

application: Delaunay Triangulation
Produces a Delaunay triangulation for a set of points
http://iss.ices.utexas.edu/?p=projects/galois/benchmarks/delaunay_triangulation

INFO: CommandLine ./delaunaytriangulation_galois -t 16 /home/users/kkazatzis/Galois-2.2.1/inputs/meshes/r500k.node
INFO: Hostname broady
configuration: 500003 points
Number of aborts: 15
mesh size: 1000004
Triangulation OK
STATTYPE,LOOP,CATEGORY,n,sum,T0,T1,T2,T3,T4,T5,T6,T7,T8,T9,T10,T11,T12,T13,T14,T15
STAT,(NULL),Conflicts,16,247694,11142,22219,18725,20851,15128,5981,10741,9811,22922,9491,5753,5270,29853,35255,17474,7078
STAT,(NULL),Iterations,16,747694,37992,56749,50333,52545,45220,37590,50494,39878,52771,40173,37126,36231,59719,64717,48042,38114
STAT,(NULL),LoopTime,16,213,213,0,0,0,0,0,0,0,0,0,0,0,0,0,0,0
STAT,(NULL),MeminfoPost,16,401,25,25,25,25,25,25,26,25,25,25,25,25,25,25,25,25
STAT,(NULL),MeminfoPre,16,400,25,25,25,25,25,25,25,25,25,25,25,25,25,25,25,25
STAT,(NULL),Threads,16,16,16,0,0,0,0,0,0,0,0,0,0,0,0,0,0,0
STAT,(NULL),Time,16,212,212,0,0,0,0,0,0,0,0,0,0,0,0,0,0,0
Galois Benchmark Suite v2.2.1 (r0)
Copyright (C) 2014 The University of Texas at Austin
http://iss.ices.utexas.edu/galois/

application: Delaunay Triangulation
Produces a Delaunay triangulation for a set of points
http://iss.ices.utexas.edu/?p=projects/galois/benchmarks/delaunay_triangulation

INFO: CommandLine ./delaunaytriangulation_galois -t 22 /home/users/kkazatzis/Galois-2.2.1/inputs/meshes/r500k.node
INFO: Hostname broady
configuration: 500003 points
Number of aborts: 15
mesh size: 1000004
Triangulation OK
STATTYPE,LOOP,CATEGORY,n,sum,T0,T1,T2,T3,T4,T5,T6,T7,T8,T9,T10,T11,T12,T13,T14,T15,T16,T17,T18,T19,T20,T21
STAT,(NULL),Conflicts,22,222304,5317,7542,9185,6845,4494,10721,11749,7449,10129,9171,9387,15453,16085,12540,7653,2748,11485,13362,14086,12436,12331,12136
STAT,(NULL),Iterations,22,722304,23241,28592,34348,29297,26180,34296,38931,29879,38070,33457,35239,37296,37963,34268,29579,24937,33353,35329,35711,34181,34200,33957
STAT,(NULL),LoopTime,22,149,149,0,0,0,0,0,0,0,0,0,0,0,0,0,0,0,0,0,0,0,0,0
STAT,(NULL),MeminfoPost,22,418,19,19,19,19,19,19,19,19,19,19,19,19,19,19,19,19,19,19,19,19,19,19
STAT,(NULL),MeminfoPre,22,418,19,19,19,19,19,19,19,19,19,19,19,19,19,19,19,19,19,19,19,19,19,19
STAT,(NULL),Threads,22,22,22,0,0,0,0,0,0,0,0,0,0,0,0,0,0,0,0,0,0,0,0,0
STAT,(NULL),Time,22,148,148,0,0,0,0,0,0,0,0,0,0,0,0,0,0,0,0,0,0,0,0,0
Galois Benchmark Suite v2.2.1 (r0)
Copyright (C) 2014 The University of Texas at Austin
http://iss.ices.utexas.edu/galois/

application: Delaunay Triangulation
Produces a Delaunay triangulation for a set of points
http://iss.ices.utexas.edu/?p=projects/galois/benchmarks/delaunay_triangulation

INFO: CommandLine ./delaunaytriangulation_galois -t 44 /home/users/kkazatzis/Galois-2.2.1/inputs/meshes/r500k.node
INFO: Hostname broady
configuration: 500003 points
Number of aborts: 15
mesh size: 1000004
Triangulation OK
STATTYPE,LOOP,CATEGORY,n,sum,T0,T1,T2,T3,T4,T5,T6,T7,T8,T9,T10,T11,T12,T13,T14,T15,T16,T17,T18,T19,T20,T21,T22,T23,T24,T25,T26,T27,T28,T29,T30,T31,T32,T33,T34,T35,T36,T37,T38,T39,T40,T41,T42,T43
STAT,(NULL),Conflicts,44,809672,9875,13139,10634,16893,16682,14529,14650,13236,10178,13038,10102,25180,23037,23567,23786,23443,24065,23138,22921,23634,23147,23357,22579,21969,20126,9540,12418,14902,12952,14768,17132,15637,14357,20105,23702,22291,25452,24557,24277,23183,17309,18167,20006,12012
STAT,(NULL),Iterations,44,1309672,21510,25118,21963,29167,28303,28651,31983,30865,27803,31336,26604,34268,31654,32504,32813,31483,32255,30919,30899,31929,31439,32570,34396,35299,33495,19577,24303,29087,31185,32627,35360,32461,29070,28308,32547,30360,35145,33801,33277,31692,23339,24619,26485,17203
STAT,(NULL),LoopTime,44,122,122,0,0,0,0,0,0,0,0,0,0,0,0,0,0,0,0,0,0,0,0,0,0,0,0,0,0,0,0,0,0,0,0,0,0,0,0,0,0,0,0,0,0,0
STAT,(NULL),MeminfoPost,44,530,12,12,12,12,12,13,14,14,14,15,14,11,11,11,11,11,11,11,11,11,11,11,12,12,12,11,12,13,15,15,15,14,13,11,11,11,11,11,11,11,11,11,11,11
STAT,(NULL),MeminfoPre,44,484,11,11,11,11,11,11,11,11,11,11,11,11,11,11,11,11,11,11,11,11,11,11,11,11,11,11,11,11,11,11,11,11,11,11,11,11,11,11,11,11,11,11,11,11
STAT,(NULL),Threads,44,44,44,0,0,0,0,0,0,0,0,0,0,0,0,0,0,0,0,0,0,0,0,0,0,0,0,0,0,0,0,0,0,0,0,0,0,0,0,0,0,0,0,0,0,0
STAT,(NULL),Time,44,120,120,0,0,0,0,0,0,0,0,0,0,0,0,0,0,0,0,0,0,0,0,0,0,0,0,0,0,0,0,0,0,0,0,0,0,0,0,0,0,0,0,0,0,0
Galois Benchmark Suite v2.2.1 (r0)
Copyright (C) 2014 The University of Texas at Austin
http://iss.ices.utexas.edu/galois/

application: Delaunay Triangulation
Produces a Delaunay triangulation for a set of points
http://iss.ices.utexas.edu/?p=projects/galois/benchmarks/delaunay_triangulation

INFO: CommandLine ./delaunaytriangulation_galois -t 88 /home/users/kkazatzis/Galois-2.2.1/inputs/meshes/r500k.node
INFO: Hostname broady
configuration: 500003 points
Number of aborts: 15
mesh size: 1000004
Triangulation OK
STATTYPE,LOOP,CATEGORY,n,sum,T0,T1,T2,T3,T4,T5,T6,T7,T8,T9,T10,T11,T12,T13,T14,T15,T16,T17,T18,T19,T20,T21,T22,T23,T24,T25,T26,T27,T28,T29,T30,T31,T32,T33,T34,T35,T36,T37,T38,T39,T40,T41,T42,T43,T44,T45,T46,T47,T48,T49,T50,T51,T52,T53,T54,T55,T56,T57,T58,T59,T60,T61,T62,T63,T64,T65,T66,T67,T68,T69,T70,T71,T72,T73,T74,T75,T76,T77,T78,T79,T80,T81,T82,T83,T84,T85,T86,T87
STAT,(NULL),Conflicts,88,1081398,16555,14224,15529,14113,12109,13799,14745,14293,13867,13815,13460,17663,17528,16669,16450,17206,17161,16286,16505,16279,16100,16195,13695,11340,11571,12760,12397,10098,8413,7590,7891,8067,7357,16922,15227,14759,14304,14420,13261,13483,13659,13334,12800,10780,9291,8746,8565,8201,8771,8495,8696,8878,8563,8131,8464,11676,9716,9817,9303,9024,9262,9263,8792,9447,9261,9413,12325,12341,12098,12771,12571,12729,13788,13564,13667,13890,13697,12397,12169,12150,11938,11382,12067,12508,12146,11626,12403,12717
STAT,(NULL),Iterations,88,1581398,27771,23232,24166,22359,19963,23572,26566,25539,25288,24836,24464,21971,21926,20714,20851,21634,21617,21059,20939,21087,20758,21011,21986,21529,21300,21194,20326,21386,21684,20070,20040,20132,18634,21760,19077,18699,18018,18102,16885,17216,17481,16978,16248,13904,16839,16584,16378,16702,17411,16506,16215,15868,16117,15544,15755,14822,12175,12290,11766,11497,11774,11829,11296,12001,11808,11993,15509,15515,15091,15742,15561,15718,16588,16420,16347,16671,16503,15630,15384,15326,15261,14484,15229,15574,15171,14850,15725,15957
STAT,(NULL),LoopTime,88,251,251,0,0,0,0,0,0,0,0,0,0,0,0,0,0,0,0,0,0,0,0,0,0,0,0,0,0,0,0,0,0,0,0,0,0,0,0,0,0,0,0,0,0,0,0,0,0,0,0,0,0,0,0,0,0,0,0,0,0,0,0,0,0,0,0,0,0,0,0,0,0,0,0,0,0,0,0,0,0,0,0,0,0,0,0,0,0,0
STAT,(NULL),MeminfoPost,88,798,11,10,10,10,10,11,12,11,12,11,11,8,8,8,8,8,8,9,8,9,9,9,10,11,11,10,10,12,12,12,12,12,12,9,8,8,8,8,8,8,8,8,8,8,10,10,10,10,10,10,10,10,10,10,10,8,8,8,8,8,8,8,8,8,8,8,8,8,8,8,8,8,8,8,8,8,8,8,8,8,8,8,8,8,8,8,8,8
STAT,(NULL),MeminfoPre,88,616,7,7,7,7,7,7,7,7,7,7,7,7,7,7,7,7,7,7,7,7,7,7,7,7,7,7,7,7,7,7,7,7,7,7,7,7,7,7,7,7,7,7,7,7,7,7,7,7,7,7,7,7,7,7,7,7,7,7,7,7,7,7,7,7,7,7,7,7,7,7,7,7,7,7,7,7,7,7,7,7,7,7,7,7,7,7,7,7
STAT,(NULL),Threads,88,88,88,0,0,0,0,0,0,0,0,0,0,0,0,0,0,0,0,0,0,0,0,0,0,0,0,0,0,0,0,0,0,0,0,0,0,0,0,0,0,0,0,0,0,0,0,0,0,0,0,0,0,0,0,0,0,0,0,0,0,0,0,0,0,0,0,0,0,0,0,0,0,0,0,0,0,0,0,0,0,0,0,0,0,0,0,0,0,0
STAT,(NULL),Time,88,249,249,0,0,0,0,0,0,0,0,0,0,0,0,0,0,0,0,0,0,0,0,0,0,0,0,0,0,0,0,0,0,0,0,0,0,0,0,0,0,0,0,0,0,0,0,0,0,0,0,0,0,0,0,0,0,0,0,0,0,0,0,0,0,0,0,0,0,0,0,0,0,0,0,0,0,0,0,0,0,0,0,0,0,0,0,0,0,0
