Galois Benchmark Suite v2.2.1 (r0)
Copyright (C) 2014 The University of Texas at Austin
http://iss.ices.utexas.edu/galois/

application: Delaunay Triangulation
Produces a Delaunay triangulation for a set of points
http://iss.ices.utexas.edu/?p=projects/galois/benchmarks/delaunay_triangulation

INFO: CommandLine ./delaunaytriangulation_galois -t 1 /home/users/kkazatzis/Galois-2.2.1/inputs/meshes/r1m.node
INFO: Hostname broady
configuration: 1000003 points
Number of aborts: 15
mesh size: 2000004
Triangulation OK
STATTYPE,LOOP,CATEGORY,n,sum,T0
STAT,(NULL),Conflicts,1,0,0
STAT,(NULL),Iterations,1,1000000,1000000
STAT,(NULL),LoopTime,1,4361,4361
STAT,(NULL),MeminfoPost,1,734,734
STAT,(NULL),MeminfoPre,1,734,734
STAT,(NULL),Threads,1,1,1
STAT,(NULL),Time,1,4339,4339
Galois Benchmark Suite v2.2.1 (r0)
Copyright (C) 2014 The University of Texas at Austin
http://iss.ices.utexas.edu/galois/

application: Delaunay Triangulation
Produces a Delaunay triangulation for a set of points
http://iss.ices.utexas.edu/?p=projects/galois/benchmarks/delaunay_triangulation

INFO: CommandLine ./delaunaytriangulation_galois -t 2 /home/users/kkazatzis/Galois-2.2.1/inputs/meshes/r1m.node
INFO: Hostname broady
configuration: 1000003 points
Number of aborts: 15
mesh size: 2000004
Triangulation OK
STATTYPE,LOOP,CATEGORY,n,sum,T0,T1
STAT,(NULL),Conflicts,2,717,441,276
STAT,(NULL),Iterations,2,1000717,507069,493648
STAT,(NULL),LoopTime,2,2501,2501,0
STAT,(NULL),MeminfoPost,2,736,368,368
STAT,(NULL),MeminfoPre,2,736,368,368
STAT,(NULL),Threads,2,2,2,0
STAT,(NULL),Time,2,2491,2491,0
Galois Benchmark Suite v2.2.1 (r0)
Copyright (C) 2014 The University of Texas at Austin
http://iss.ices.utexas.edu/galois/

application: Delaunay Triangulation
Produces a Delaunay triangulation for a set of points
http://iss.ices.utexas.edu/?p=projects/galois/benchmarks/delaunay_triangulation

INFO: CommandLine ./delaunaytriangulation_galois -t 4 /home/users/kkazatzis/Galois-2.2.1/inputs/meshes/r1m.node
INFO: Hostname broady
configuration: 1000003 points
Number of aborts: 15
mesh size: 2000004
Triangulation OK
STATTYPE,LOOP,CATEGORY,n,sum,T0,T1,T2,T3
STAT,(NULL),Conflicts,4,4598,934,1431,1283,950
STAT,(NULL),Iterations,4,1004598,248180,253777,250839,251802
STAT,(NULL),LoopTime,4,1260,1260,0,0,0
STAT,(NULL),MeminfoPost,4,740,185,185,185,185
STAT,(NULL),MeminfoPre,4,740,185,185,185,185
STAT,(NULL),Threads,4,4,4,0,0,0
STAT,(NULL),Time,4,1254,1254,0,0,0
Galois Benchmark Suite v2.2.1 (r0)
Copyright (C) 2014 The University of Texas at Austin
http://iss.ices.utexas.edu/galois/

application: Delaunay Triangulation
Produces a Delaunay triangulation for a set of points
http://iss.ices.utexas.edu/?p=projects/galois/benchmarks/delaunay_triangulation

INFO: CommandLine ./delaunaytriangulation_galois -t 8 /home/users/kkazatzis/Galois-2.2.1/inputs/meshes/r1m.node
INFO: Hostname broady
configuration: 1000003 points
Number of aborts: 15
mesh size: 2000004
Triangulation OK
STATTYPE,LOOP,CATEGORY,n,sum,T0,T1,T2,T3,T4,T5,T6,T7
STAT,(NULL),Conflicts,8,15132,1161,675,2268,1821,3129,2644,1656,1778
STAT,(NULL),Iterations,8,1015132,119443,127028,129271,128784,130692,126476,127379,126059
STAT,(NULL),LoopTime,8,641,641,0,0,0,0,0,0,0
STAT,(NULL),MeminfoPost,8,752,94,94,94,94,94,94,94,94
STAT,(NULL),MeminfoPre,8,752,94,94,94,94,94,94,94,94
STAT,(NULL),Threads,8,8,8,0,0,0,0,0,0,0
STAT,(NULL),Time,8,635,635,0,0,0,0,0,0,0
Galois Benchmark Suite v2.2.1 (r0)
Copyright (C) 2014 The University of Texas at Austin
http://iss.ices.utexas.edu/galois/

application: Delaunay Triangulation
Produces a Delaunay triangulation for a set of points
http://iss.ices.utexas.edu/?p=projects/galois/benchmarks/delaunay_triangulation

INFO: CommandLine ./delaunaytriangulation_galois -t 16 /home/users/kkazatzis/Galois-2.2.1/inputs/meshes/r1m.node
INFO: Hostname broady
configuration: 1000003 points
Number of aborts: 15
mesh size: 2000004
Triangulation OK
STATTYPE,LOOP,CATEGORY,n,sum,T0,T1,T2,T3,T4,T5,T6,T7,T8,T9,T10,T11,T12,T13,T14,T15
STAT,(NULL),Conflicts,16,163535,8581,13489,13739,3615,13877,9287,7113,4143,16994,13146,13487,13655,4804,16580,8899,2126
STAT,(NULL),Iterations,16,1163535,63169,75221,75709,66312,76690,72940,71047,67966,79615,76026,77075,76408,68608,79038,72610,65101
STAT,(NULL),LoopTime,16,330,330,0,0,0,0,0,0,0,0,0,0,0,0,0,0,0
STAT,(NULL),MeminfoPost,16,768,48,48,48,48,48,48,48,48,48,48,48,48,48,48,48,48
STAT,(NULL),MeminfoPre,16,768,48,48,48,48,48,48,48,48,48,48,48,48,48,48,48,48
STAT,(NULL),Threads,16,16,16,0,0,0,0,0,0,0,0,0,0,0,0,0,0,0
STAT,(NULL),Time,16,325,325,0,0,0,0,0,0,0,0,0,0,0,0,0,0,0
Galois Benchmark Suite v2.2.1 (r0)
Copyright (C) 2014 The University of Texas at Austin
http://iss.ices.utexas.edu/galois/

application: Delaunay Triangulation
Produces a Delaunay triangulation for a set of points
http://iss.ices.utexas.edu/?p=projects/galois/benchmarks/delaunay_triangulation

INFO: CommandLine ./delaunaytriangulation_galois -t 24 /home/users/kkazatzis/Galois-2.2.1/inputs/meshes/r1m.node
INFO: Hostname broady
configuration: 1000003 points
Number of aborts: 15
mesh size: 2000004
Triangulation OK
STATTYPE,LOOP,CATEGORY,n,sum,T0,T1,T2,T3,T4,T5,T6,T7,T8,T9,T10,T11,T12,T13,T14,T15,T16,T17,T18,T19,T20,T21,T22,T23
STAT,(NULL),Conflicts,24,915670,10111,19843,24136,25591,2228,2148,39551,38642,41723,50675,39115,55772,58744,58869,54331,55634,55907,54834,22713,47263,58547,58305,15713,25275
STAT,(NULL),Iterations,24,1915670,34390,57979,63164,73981,41985,41245,103386,93426,104148,103560,96740,92724,95413,95026,90759,91924,92075,91090,59399,84179,94762,94905,55107,64303
STAT,(NULL),LoopTime,24,362,362,0,0,0,0,0,0,0,0,0,0,0,0,0,0,0,0,0,0,0,0,0,0,0
STAT,(NULL),MeminfoPost,24,799,33,33,33,33,33,33,37,33,36,33,33,33,33,33,33,33,33,33,33,33,33,33,33,33
STAT,(NULL),MeminfoPre,24,792,33,33,33,33,33,33,33,33,33,33,33,33,33,33,33,33,33,33,33,33,33,33,33,33
STAT,(NULL),Threads,24,24,24,0,0,0,0,0,0,0,0,0,0,0,0,0,0,0,0,0,0,0,0,0,0,0
STAT,(NULL),Time,24,357,357,0,0,0,0,0,0,0,0,0,0,0,0,0,0,0,0,0,0,0,0,0,0,0
Galois Benchmark Suite v2.2.1 (r0)
Copyright (C) 2014 The University of Texas at Austin
http://iss.ices.utexas.edu/galois/

application: Delaunay Triangulation
Produces a Delaunay triangulation for a set of points
http://iss.ices.utexas.edu/?p=projects/galois/benchmarks/delaunay_triangulation

INFO: CommandLine ./delaunaytriangulation_galois -t 32 /home/users/kkazatzis/Galois-2.2.1/inputs/meshes/r1m.node
INFO: Hostname broady
configuration: 1000003 points
Number of aborts: 15
mesh size: 2000004
Triangulation OK
STATTYPE,LOOP,CATEGORY,n,sum,T0,T1,T2,T3,T4,T5,T6,T7,T8,T9,T10,T11,T12,T13,T14,T15,T16,T17,T18,T19,T20,T21,T22,T23,T24,T25,T26,T27,T28,T29,T30,T31
STAT,(NULL),Conflicts,32,1279359,32776,7709,59475,56836,57379,49222,31357,12128,41078,38408,31761,52597,49701,48821,63944,63513,52957,50442,45742,43549,42788,41873,31559,32423,29950,12686,32500,48739,32127,33958,31979,19382
STAT,(NULL),Iterations,32,2279359,56568,48392,110688,87579,98524,88118,75700,48186,89441,76674,74197,78823,72389,72123,88789,87383,75036,72511,67953,68078,65135,64515,56330,71558,73918,46276,68260,73751,58174,60089,58529,45672
STAT,(NULL),LoopTime,32,323,323,0,0,0,0,0,0,0,0,0,0,0,0,0,0,0,0,0,0,0,0,0,0,0,0,0,0,0,0,0,0,0
STAT,(NULL),MeminfoPost,32,816,25,26,30,25,26,25,27,25,29,25,26,25,25,25,25,25,25,25,25,25,25,25,25,25,27,25,25,25,25,25,25,25
STAT,(NULL),MeminfoPre,32,800,25,25,25,25,25,25,25,25,25,25,25,25,25,25,25,25,25,25,25,25,25,25,25,25,25,25,25,25,25,25,25,25
STAT,(NULL),Threads,32,32,32,0,0,0,0,0,0,0,0,0,0,0,0,0,0,0,0,0,0,0,0,0,0,0,0,0,0,0,0,0,0,0
STAT,(NULL),Time,32,319,319,0,0,0,0,0,0,0,0,0,0,0,0,0,0,0,0,0,0,0,0,0,0,0,0,0,0,0,0,0,0,0
Galois Benchmark Suite v2.2.1 (r0)
Copyright (C) 2014 The University of Texas at Austin
http://iss.ices.utexas.edu/galois/

application: Delaunay Triangulation
Produces a Delaunay triangulation for a set of points
http://iss.ices.utexas.edu/?p=projects/galois/benchmarks/delaunay_triangulation

INFO: CommandLine ./delaunaytriangulation_galois -t 40 /home/users/kkazatzis/Galois-2.2.1/inputs/meshes/r1m.node
INFO: Hostname broady
configuration: 1000003 points
Number of aborts: 15
mesh size: 2000004
Triangulation OK
STATTYPE,LOOP,CATEGORY,n,sum,T0,T1,T2,T3,T4,T5,T6,T7,T8,T9,T10,T11,T12,T13,T14,T15,T16,T17,T18,T19,T20,T21,T22,T23,T24,T25,T26,T27,T28,T29,T30,T31,T32,T33,T34,T35,T36,T37,T38,T39
STAT,(NULL),Conflicts,40,1062875,8269,3977,17692,17167,16070,17414,16261,16751,19867,9173,19869,31294,30857,31488,30825,26861,26821,27203,27929,25927,50056,45874,39089,27318,25091,27602,26210,24681,20198,18533,24897,36835,34463,40032,38143,36529,32292,30631,31837,30849
STAT,(NULL),Iterations,40,2062875,21881,27138,42134,40870,39621,51545,42851,50585,51603,37613,61239,52199,52136,52470,51766,48109,47771,48313,49087,47034,73486,67387,59302,57292,55035,54708,59324,60595,55897,52781,60277,56308,56209,59278,58575,56134,51974,50156,51434,50758
STAT,(NULL),LoopTime,40,247,247,0,0,0,0,0,0,0,0,0,0,0,0,0,0,0,0,0,0,0,0,0,0,0,0,0,0,0,0,0,0,0,0,0,0,0,0,0,0,0
STAT,(NULL),MeminfoPost,40,859,21,21,21,21,21,23,21,23,22,21,26,21,21,21,21,21,21,21,21,21,21,21,21,21,21,21,22,23,23,23,23,21,21,21,21,21,21,21,21,21
STAT,(NULL),MeminfoPre,40,840,21,21,21,21,21,21,21,21,21,21,21,21,21,21,21,21,21,21,21,21,21,21,21,21,21,21,21,21,21,21,21,21,21,21,21,21,21,21,21,21
STAT,(NULL),Threads,40,40,40,0,0,0,0,0,0,0,0,0,0,0,0,0,0,0,0,0,0,0,0,0,0,0,0,0,0,0,0,0,0,0,0,0,0,0,0,0,0,0
STAT,(NULL),Time,40,243,243,0,0,0,0,0,0,0,0,0,0,0,0,0,0,0,0,0,0,0,0,0,0,0,0,0,0,0,0,0,0,0,0,0,0,0,0,0,0,0
Galois Benchmark Suite v2.2.1 (r0)
Copyright (C) 2014 The University of Texas at Austin
http://iss.ices.utexas.edu/galois/

application: Delaunay Triangulation
Produces a Delaunay triangulation for a set of points
http://iss.ices.utexas.edu/?p=projects/galois/benchmarks/delaunay_triangulation

INFO: CommandLine ./delaunaytriangulation_galois -t 44 /home/users/kkazatzis/Galois-2.2.1/inputs/meshes/r1m.node
INFO: Hostname broady
configuration: 1000003 points
Number of aborts: 15
mesh size: 2000004
Triangulation OK
STATTYPE,LOOP,CATEGORY,n,sum,T0,T1,T2,T3,T4,T5,T6,T7,T8,T9,T10,T11,T12,T13,T14,T15,T16,T17,T18,T19,T20,T21,T22,T23,T24,T25,T26,T27,T28,T29,T30,T31,T32,T33,T34,T35,T36,T37,T38,T39,T40,T41,T42,T43
STAT,(NULL),Conflicts,44,742441,6870,2159,11409,15359,9967,12300,14375,12633,4959,6713,4713,30031,27607,27878,28006,30889,33021,31049,30574,26693,28585,27788,29218,23157,18119,22666,16365,11923,12075,16512,9511,10241,6395,9931,8999,12271,26000,23158,14364,13936,11611,5950,11405,5056
STAT,(NULL),Iterations,44,1742441,18080,24891,34040,41115,31650,38037,41129,37194,39683,37581,37829,50548,47990,48081,48255,50939,53012,51255,50807,47141,49001,47990,48836,51324,42992,44547,37388,32582,38016,46601,35941,31719,31471,31148,30227,33210,48168,43458,35120,34690,32677,27215,32338,26525
STAT,(NULL),LoopTime,44,202,202,0,0,0,0,0,0,0,0,0,0,0,0,0,0,0,0,0,0,0,0,0,0,0,0,0,0,0,0,0,0,0,0,0,0,0,0,0,0,0,0,0,0,0
STAT,(NULL),MeminfoPost,44,847,19,19,19,19,19,19,19,19,23,21,22,19,19,19,19,19,19,19,19,19,19,19,19,19,19,19,19,19,19,21,19,19,19,19,19,19,19,19,19,19,19,19,19,19
STAT,(NULL),MeminfoPre,44,836,19,19,19,19,19,19,19,19,19,19,19,19,19,19,19,19,19,19,19,19,19,19,19,19,19,19,19,19,19,19,19,19,19,19,19,19,19,19,19,19,19,19,19,19
STAT,(NULL),Threads,44,44,44,0,0,0,0,0,0,0,0,0,0,0,0,0,0,0,0,0,0,0,0,0,0,0,0,0,0,0,0,0,0,0,0,0,0,0,0,0,0,0,0,0,0,0
STAT,(NULL),Time,44,198,198,0,0,0,0,0,0,0,0,0,0,0,0,0,0,0,0,0,0,0,0,0,0,0,0,0,0,0,0,0,0,0,0,0,0,0,0,0,0,0,0,0,0,0
Galois Benchmark Suite v2.2.1 (r0)
Copyright (C) 2014 The University of Texas at Austin
http://iss.ices.utexas.edu/galois/

application: Delaunay Triangulation
Produces a Delaunay triangulation for a set of points
http://iss.ices.utexas.edu/?p=projects/galois/benchmarks/delaunay_triangulation

INFO: CommandLine ./delaunaytriangulation_galois -t 88 /home/users/kkazatzis/Galois-2.2.1/inputs/meshes/r1m.node
INFO: Hostname broady
configuration: 1000003 points
Number of aborts: 15
mesh size: 2000004
Triangulation OK
STATTYPE,LOOP,CATEGORY,n,sum,T0,T1,T2,T3,T4,T5,T6,T7,T8,T9,T10,T11,T12,T13,T14,T15,T16,T17,T18,T19,T20,T21,T22,T23,T24,T25,T26,T27,T28,T29,T30,T31,T32,T33,T34,T35,T36,T37,T38,T39,T40,T41,T42,T43,T44,T45,T46,T47,T48,T49,T50,T51,T52,T53,T54,T55,T56,T57,T58,T59,T60,T61,T62,T63,T64,T65,T66,T67,T68,T69,T70,T71,T72,T73,T74,T75,T76,T77,T78,T79,T80,T81,T82,T83,T84,T85,T86,T87
STAT,(NULL),Conflicts,88,2026373,16153,15318,15523,15979,15962,15676,15691,15364,15523,15688,15742,16872,16719,16780,16577,16929,16579,18301,18069,18437,18108,17937,21958,21116,21584,21472,20598,15507,16496,15365,15176,14383,14048,25569,22720,23051,22431,24444,25436,25680,25703,25929,24340,24560,27984,27325,27820,28133,28028,28523,28447,28376,27282,27793,25275,36944,34279,35156,34960,35142,33297,31469,34769,33078,32023,32359,19117,20798,24040,24397,21004,24972,25223,25092,25209,25216,25245,24650,24337,24519,19869,23034,24468,24129,24067,24040,21277,21715
STAT,(NULL),Iterations,88,3026373,28870,25211,25469,25682,25692,26530,27570,27166,27450,28187,28034,21614,21427,21485,21245,21623,21425,23859,23285,23784,23452,23374,41753,43492,42957,41331,39801,39092,45600,44435,43822,43458,41674,33559,29841,30217,29488,32050,33216,33540,33636,33916,31856,32158,44724,45464,45735,46921,46816,47345,47009,45753,45436,46002,41763,48035,44477,45673,45400,45768,43333,40957,45206,43097,41658,42119,25239,27310,31386,31801,27557,32513,32819,32702,32768,32854,32830,32098,31746,32006,26092,30112,31943,31525,31405,31411,27799,28440
STAT,(NULL),LoopTime,88,289,289,0,0,0,0,0,0,0,0,0,0,0,0,0,0,0,0,0,0,0,0,0,0,0,0,0,0,0,0,0,0,0,0,0,0,0,0,0,0,0,0,0,0,0,0,0,0,0,0,0,0,0,0,0,0,0,0,0,0,0,0,0,0,0,0,0,0,0,0,0,0,0,0,0,0,0,0,0,0,0,0,0,0,0,0,0,0,0
STAT,(NULL),MeminfoPost,88,1082,12,11,11,11,11,11,12,12,12,12,12,11,11,11,11,11,11,11,11,11,11,11,15,16,16,15,15,17,19,19,19,19,19,11,11,11,11,11,11,11,11,11,11,11,14,15,14,15,15,15,15,14,15,15,14,11,11,11,11,11,11,11,11,11,11,11,11,11,11,11,11,11,11,11,11,11,11,11,11,11,11,11,11,11,11,11,11,11
STAT,(NULL),MeminfoPre,88,968,11,11,11,11,11,11,11,11,11,11,11,11,11,11,11,11,11,11,11,11,11,11,11,11,11,11,11,11,11,11,11,11,11,11,11,11,11,11,11,11,11,11,11,11,11,11,11,11,11,11,11,11,11,11,11,11,11,11,11,11,11,11,11,11,11,11,11,11,11,11,11,11,11,11,11,11,11,11,11,11,11,11,11,11,11,11,11,11
STAT,(NULL),Threads,88,88,88,0,0,0,0,0,0,0,0,0,0,0,0,0,0,0,0,0,0,0,0,0,0,0,0,0,0,0,0,0,0,0,0,0,0,0,0,0,0,0,0,0,0,0,0,0,0,0,0,0,0,0,0,0,0,0,0,0,0,0,0,0,0,0,0,0,0,0,0,0,0,0,0,0,0,0,0,0,0,0,0,0,0,0,0,0,0,0
STAT,(NULL),Time,88,285,285,0,0,0,0,0,0,0,0,0,0,0,0,0,0,0,0,0,0,0,0,0,0,0,0,0,0,0,0,0,0,0,0,0,0,0,0,0,0,0,0,0,0,0,0,0,0,0,0,0,0,0,0,0,0,0,0,0,0,0,0,0,0,0,0,0,0,0,0,0,0,0,0,0,0,0,0,0,0,0,0,0,0,0,0,0,0,0
