Galois Benchmark Suite v2.2.1 (r0)
Copyright (C) 2014 The University of Texas at Austin
http://iss.ices.utexas.edu/galois/

application: Delaunay Triangulation
Produces a Delaunay triangulation for a set of points
http://iss.ices.utexas.edu/?p=projects/galois/benchmarks/delaunay_triangulation

INFO: CommandLine ./delaunaytriangulation -t 1 /home/users/kkazatzis/Galois-2.2.1/inputs/meshes/r250k.node
INFO: Hostname broady
configuration: 250003 points
mesh size: 500004
Triangulation OK
STATTYPE,LOOP,CATEGORY,n,sum,T0
STAT,(NULL),Conflicts,1,0,0
STAT,(NULL),Iterations,1,250000,250000
STAT,(NULL),LoopTime,1,1517,1517
STAT,(NULL),MeminfoPost,1,185,185
STAT,(NULL),MeminfoPre,1,185,185
STAT,(NULL),Threads,1,1,1
STAT,(NULL),Time,1,1512,1512
Galois Benchmark Suite v2.2.1 (r0)
Copyright (C) 2014 The University of Texas at Austin
http://iss.ices.utexas.edu/galois/

application: Delaunay Triangulation
Produces a Delaunay triangulation for a set of points
http://iss.ices.utexas.edu/?p=projects/galois/benchmarks/delaunay_triangulation

INFO: CommandLine ./delaunaytriangulation -t 2 /home/users/kkazatzis/Galois-2.2.1/inputs/meshes/r250k.node
INFO: Hostname broady
configuration: 250003 points
mesh size: 500004
Triangulation OK
STATTYPE,LOOP,CATEGORY,n,sum,T0,T1
STAT,(NULL),Conflicts,2,939,505,434
STAT,(NULL),Iterations,2,250939,126847,124092
STAT,(NULL),LoopTime,2,877,877,0
STAT,(NULL),MeminfoPost,2,188,94,94
STAT,(NULL),MeminfoPre,2,188,94,94
STAT,(NULL),Threads,2,2,2,0
STAT,(NULL),Time,2,875,875,0
Galois Benchmark Suite v2.2.1 (r0)
Copyright (C) 2014 The University of Texas at Austin
http://iss.ices.utexas.edu/galois/

application: Delaunay Triangulation
Produces a Delaunay triangulation for a set of points
http://iss.ices.utexas.edu/?p=projects/galois/benchmarks/delaunay_triangulation

INFO: CommandLine ./delaunaytriangulation -t 4 /home/users/kkazatzis/Galois-2.2.1/inputs/meshes/r250k.node
INFO: Hostname broady
configuration: 250003 points
mesh size: 500004
Triangulation OK
STATTYPE,LOOP,CATEGORY,n,sum,T0,T1,T2,T3
STAT,(NULL),Conflicts,4,2866,400,778,764,924
STAT,(NULL),Iterations,4,252866,63415,63129,63071,63251
STAT,(NULL),LoopTime,4,436,436,0,0,0
STAT,(NULL),MeminfoPost,4,192,48,48,48,48
STAT,(NULL),MeminfoPre,4,192,48,48,48,48
STAT,(NULL),Threads,4,4,4,0,0,0
STAT,(NULL),Time,4,435,435,0,0,0
Galois Benchmark Suite v2.2.1 (r0)
Copyright (C) 2014 The University of Texas at Austin
http://iss.ices.utexas.edu/galois/

application: Delaunay Triangulation
Produces a Delaunay triangulation for a set of points
http://iss.ices.utexas.edu/?p=projects/galois/benchmarks/delaunay_triangulation

INFO: CommandLine ./delaunaytriangulation -t 8 /home/users/kkazatzis/Galois-2.2.1/inputs/meshes/r250k.node
INFO: Hostname broady
configuration: 250003 points
mesh size: 500004
Triangulation OK
STATTYPE,LOOP,CATEGORY,n,sum,T0,T1,T2,T3,T4,T5,T6,T7
STAT,(NULL),Conflicts,8,11090,1184,692,1483,1365,2017,1660,1612,1077
STAT,(NULL),Iterations,8,261090,33019,31648,32898,32427,33153,32979,32751,32215
STAT,(NULL),LoopTime,8,219,219,0,0,0,0,0,0,0
STAT,(NULL),MeminfoPost,8,200,25,25,25,25,25,25,25,25
STAT,(NULL),MeminfoPre,8,200,25,25,25,25,25,25,25,25
STAT,(NULL),Threads,8,8,8,0,0,0,0,0,0,0
STAT,(NULL),Time,8,219,219,0,0,0,0,0,0,0
Galois Benchmark Suite v2.2.1 (r0)
Copyright (C) 2014 The University of Texas at Austin
http://iss.ices.utexas.edu/galois/

application: Delaunay Triangulation
Produces a Delaunay triangulation for a set of points
http://iss.ices.utexas.edu/?p=projects/galois/benchmarks/delaunay_triangulation

INFO: CommandLine ./delaunaytriangulation -t 16 /home/users/kkazatzis/Galois-2.2.1/inputs/meshes/r250k.node
INFO: Hostname broady
configuration: 250003 points
mesh size: 500004
Triangulation OK
STATTYPE,LOOP,CATEGORY,n,sum,T0,T1,T2,T3,T4,T5,T6,T7,T8,T9,T10,T11,T12,T13,T14,T15
STAT,(NULL),Conflicts,16,270507,15614,14795,15641,13714,14999,13658,12809,15370,22202,21858,22687,15938,18051,18879,17211,17081
STAT,(NULL),Iterations,16,520507,28212,33412,32230,31479,37175,31728,33781,33569,35124,34754,35782,29209,31250,31791,30269,30742
STAT,(NULL),LoopTime,16,169,169,0,0,0,0,0,0,0,0,0,0,0,0,0,0,0
STAT,(NULL),MeminfoPost,16,230,14,15,14,14,16,14,16,15,14,14,14,14,14,14,14,14
STAT,(NULL),MeminfoPre,16,224,14,14,14,14,14,14,14,14,14,14,14,14,14,14,14,14
STAT,(NULL),Threads,16,16,16,0,0,0,0,0,0,0,0,0,0,0,0,0,0,0
STAT,(NULL),Time,16,169,169,0,0,0,0,0,0,0,0,0,0,0,0,0,0,0
Galois Benchmark Suite v2.2.1 (r0)
Copyright (C) 2014 The University of Texas at Austin
http://iss.ices.utexas.edu/galois/

application: Delaunay Triangulation
Produces a Delaunay triangulation for a set of points
http://iss.ices.utexas.edu/?p=projects/galois/benchmarks/delaunay_triangulation

INFO: CommandLine ./delaunaytriangulation -t 24 /home/users/kkazatzis/Galois-2.2.1/inputs/meshes/r250k.node
INFO: Hostname broady
configuration: 250003 points
mesh size: 500004
Triangulation OK
STATTYPE,LOOP,CATEGORY,n,sum,T0,T1,T2,T3,T4,T5,T6,T7,T8,T9,T10,T11,T12,T13,T14,T15,T16,T17,T18,T19,T20,T21,T22,T23
STAT,(NULL),Conflicts,24,129518,5448,5191,4637,5137,5700,4833,2735,2641,2573,3350,2496,2969,9013,8549,8963,9323,9481,7790,4961,5986,6024,6083,3030,2605
STAT,(NULL),Iterations,24,379518,15632,16431,13952,14292,14836,16372,15749,13002,17489,12896,12011,13243,18031,19649,18464,20040,19460,16951,14602,16483,16699,16372,13718,13144
STAT,(NULL),LoopTime,24,123,123,0,0,0,0,0,0,0,0,0,0,0,0,0,0,0,0,0,0,0,0,0,0,0
STAT,(NULL),MeminfoPost,24,268,11,11,11,11,11,12,12,11,13,11,11,11,11,11,11,11,11,11,11,11,11,11,11,11
STAT,(NULL),MeminfoPre,24,240,10,10,10,10,10,10,10,10,10,10,10,10,10,10,10,10,10,10,10,10,10,10,10,10
STAT,(NULL),Threads,24,24,24,0,0,0,0,0,0,0,0,0,0,0,0,0,0,0,0,0,0,0,0,0,0,0
STAT,(NULL),Time,24,123,123,0,0,0,0,0,0,0,0,0,0,0,0,0,0,0,0,0,0,0,0,0,0,0
Galois Benchmark Suite v2.2.1 (r0)
Copyright (C) 2014 The University of Texas at Austin
http://iss.ices.utexas.edu/galois/

application: Delaunay Triangulation
Produces a Delaunay triangulation for a set of points
http://iss.ices.utexas.edu/?p=projects/galois/benchmarks/delaunay_triangulation

INFO: CommandLine ./delaunaytriangulation -t 32 /home/users/kkazatzis/Galois-2.2.1/inputs/meshes/r250k.node
INFO: Hostname broady
configuration: 250003 points
mesh size: 500004
Triangulation OK
STATTYPE,LOOP,CATEGORY,n,sum,T0,T1,T2,T3,T4,T5,T6,T7,T8,T9,T10,T11,T12,T13,T14,T15,T16,T17,T18,T19,T20,T21,T22,T23,T24,T25,T26,T27,T28,T29,T30,T31
STAT,(NULL),Conflicts,32,330237,5118,3741,4398,5279,10270,9276,5729,3642,8365,11083,11758,18497,17599,17434,18057,17228,14868,15226,15141,14877,14682,14631,13758,13429,2110,2499,3135,1397,12466,13391,7227,3926
STAT,(NULL),Iterations,32,580237,11423,8843,11691,10930,18817,20140,17178,15438,20660,23433,23989,25496,24903,25055,24751,24372,21251,21043,20862,20735,20684,19488,21736,20705,9534,14224,9291,8444,20945,19124,14177,10875
STAT,(NULL),LoopTime,32,129,129,0,0,0,0,0,0,0,0,0,0,0,0,0,0,0,0,0,0,0,0,0,0,0,0,0,0,0,0,0,0,0
STAT,(NULL),MeminfoPost,32,321,9,9,10,9,10,11,12,12,12,12,12,10,10,10,9,10,9,9,9,9,9,9,10,10,10,12,9,10,10,9,10,10
STAT,(NULL),MeminfoPre,32,256,8,8,8,8,8,8,8,8,8,8,8,8,8,8,8,8,8,8,8,8,8,8,8,8,8,8,8,8,8,8,8,8
STAT,(NULL),Threads,32,32,32,0,0,0,0,0,0,0,0,0,0,0,0,0,0,0,0,0,0,0,0,0,0,0,0,0,0,0,0,0,0,0
STAT,(NULL),Time,32,129,129,0,0,0,0,0,0,0,0,0,0,0,0,0,0,0,0,0,0,0,0,0,0,0,0,0,0,0,0,0,0,0
Galois Benchmark Suite v2.2.1 (r0)
Copyright (C) 2014 The University of Texas at Austin
http://iss.ices.utexas.edu/galois/

application: Delaunay Triangulation
Produces a Delaunay triangulation for a set of points
http://iss.ices.utexas.edu/?p=projects/galois/benchmarks/delaunay_triangulation

INFO: CommandLine ./delaunaytriangulation -t 40 /home/users/kkazatzis/Galois-2.2.1/inputs/meshes/r250k.node
INFO: Hostname broady
configuration: 250003 points
mesh size: 500004
Triangulation OK
STATTYPE,LOOP,CATEGORY,n,sum,T0,T1,T2,T3,T4,T5,T6,T7,T8,T9,T10,T11,T12,T13,T14,T15,T16,T17,T18,T19,T20,T21,T22,T23,T24,T25,T26,T27,T28,T29,T30,T31,T32,T33,T34,T35,T36,T37,T38,T39
STAT,(NULL),Conflicts,40,601425,10592,10903,12764,13243,13174,13230,12631,11113,11912,11224,14253,20133,17975,18555,17911,18123,18531,18219,18435,18395,16391,15642,16734,15173,14760,15640,11805,15972,15792,14204,10055,12267,10197,19226,19264,20686,21954,7028,17586,9733
STAT,(NULL),Iterations,40,851425,21180,18262,20454,19581,19513,23174,23755,22465,23650,22915,24808,23819,21340,22109,21322,21483,22019,21623,21993,21899,19263,18521,21102,24000,22532,23740,19207,26040,27969,24128,19520,15323,13355,23105,23162,24878,26472,8945,20645,12154
STAT,(NULL),LoopTime,40,155,155,0,0,0,0,0,0,0,0,0,0,0,0,0,0,0,0,0,0,0,0,0,0,0,0,0,0,0,0,0,0,0,0,0,0,0,0,0,0,0
STAT,(NULL),MeminfoPost,40,369,11,10,10,9,9,11,11,11,12,12,11,8,8,8,8,8,8,8,8,8,8,8,8,10,10,10,10,11,12,11,11,8,8,8,8,8,8,7,8,8
STAT,(NULL),MeminfoPre,40,280,7,7,7,7,7,7,7,7,7,7,7,7,7,7,7,7,7,7,7,7,7,7,7,7,7,7,7,7,7,7,7,7,7,7,7,7,7,7,7,7
STAT,(NULL),Threads,40,40,40,0,0,0,0,0,0,0,0,0,0,0,0,0,0,0,0,0,0,0,0,0,0,0,0,0,0,0,0,0,0,0,0,0,0,0,0,0,0,0
STAT,(NULL),Time,40,155,155,0,0,0,0,0,0,0,0,0,0,0,0,0,0,0,0,0,0,0,0,0,0,0,0,0,0,0,0,0,0,0,0,0,0,0,0,0,0,0
Galois Benchmark Suite v2.2.1 (r0)
Copyright (C) 2014 The University of Texas at Austin
http://iss.ices.utexas.edu/galois/

application: Delaunay Triangulation
Produces a Delaunay triangulation for a set of points
http://iss.ices.utexas.edu/?p=projects/galois/benchmarks/delaunay_triangulation

INFO: CommandLine ./delaunaytriangulation -t 44 /home/users/kkazatzis/Galois-2.2.1/inputs/meshes/r250k.node
INFO: Hostname broady
configuration: 250003 points
mesh size: 500004
Triangulation OK
STATTYPE,LOOP,CATEGORY,n,sum,T0,T1,T2,T3,T4,T5,T6,T7,T8,T9,T10,T11,T12,T13,T14,T15,T16,T17,T18,T19,T20,T21,T22,T23,T24,T25,T26,T27,T28,T29,T30,T31,T32,T33,T34,T35,T36,T37,T38,T39,T40,T41,T42,T43
STAT,(NULL),Conflicts,44,497822,17164,9584,5012,11783,10627,13231,12663,10906,6033,9365,8433,12418,11867,12506,12303,12294,12928,12049,11240,12079,11308,11959,9678,9022,9856,10919,11664,10480,10545,10640,8680,8933,7906,12224,13050,13343,12690,12022,13173,13164,12814,13238,12815,13214
STAT,(NULL),Iterations,44,747822,23598,15649,11382,19570,16689,21441,21895,19846,13627,17546,16514,16588,15823,16519,16308,16296,17115,15979,14957,16198,15199,15720,14310,15590,16696,17476,18011,17534,19463,19237,16901,17212,16006,16094,16931,17352,16534,15716,17144,17192,16717,17252,16771,17224
STAT,(NULL),LoopTime,44,135,135,0,0,0,0,0,0,0,0,0,0,0,0,0,0,0,0,0,0,0,0,0,0,0,0,0,0,0,0,0,0,0,0,0,0,0,0,0,0,0,0,0,0,0
STAT,(NULL),MeminfoPost,44,387,9,9,9,10,9,10,11,10,10,10,10,8,8,8,8,8,8,8,8,8,8,8,8,9,9,9,9,10,10,10,10,10,10,8,8,8,8,8,8,8,8,8,8,8
STAT,(NULL),MeminfoPre,44,308,7,7,7,7,7,7,7,7,7,7,7,7,7,7,7,7,7,7,7,7,7,7,7,7,7,7,7,7,7,7,7,7,7,7,7,7,7,7,7,7,7,7,7,7
STAT,(NULL),Threads,44,44,44,0,0,0,0,0,0,0,0,0,0,0,0,0,0,0,0,0,0,0,0,0,0,0,0,0,0,0,0,0,0,0,0,0,0,0,0,0,0,0,0,0,0,0
STAT,(NULL),Time,44,135,135,0,0,0,0,0,0,0,0,0,0,0,0,0,0,0,0,0,0,0,0,0,0,0,0,0,0,0,0,0,0,0,0,0,0,0,0,0,0,0,0,0,0,0

