Galois Benchmark Suite v2.2.1 (r0)
Copyright (C) 2014 The University of Texas at Austin
http://iss.ices.utexas.edu/galois/

application: Delaunay Triangulation
Produces a Delaunay triangulation for a set of points
http://iss.ices.utexas.edu/?p=projects/galois/benchmarks/delaunay_triangulation

INFO: CommandLine ./delaunaytriangulation -t 1 /home/users/kkazatzis/Galois-2.2.1/inputs/meshes/r100k.node
INFO: Hostname broady
configuration: 100003 points
mesh size: 200004
Triangulation OK
STATTYPE,LOOP,CATEGORY,n,sum,T0
STAT,(NULL),Conflicts,1,0,0
STAT,(NULL),Iterations,1,100000,100000
STAT,(NULL),LoopTime,1,617,617
STAT,(NULL),MeminfoPost,1,75,75
STAT,(NULL),MeminfoPre,1,75,75
STAT,(NULL),Threads,1,1,1
STAT,(NULL),Time,1,615,615
Galois Benchmark Suite v2.2.1 (r0)
Copyright (C) 2014 The University of Texas at Austin
http://iss.ices.utexas.edu/galois/

application: Delaunay Triangulation
Produces a Delaunay triangulation for a set of points
http://iss.ices.utexas.edu/?p=projects/galois/benchmarks/delaunay_triangulation

INFO: CommandLine ./delaunaytriangulation -t 2 /home/users/kkazatzis/Galois-2.2.1/inputs/meshes/r100k.node
INFO: Hostname broady
configuration: 100003 points
mesh size: 200004
Triangulation OK
STATTYPE,LOOP,CATEGORY,n,sum,T0,T1
STAT,(NULL),Conflicts,2,787,444,343
STAT,(NULL),Iterations,2,100787,51038,49749
STAT,(NULL),LoopTime,2,357,357,0
STAT,(NULL),MeminfoPost,2,78,39,39
STAT,(NULL),MeminfoPre,2,78,39,39
STAT,(NULL),Threads,2,2,2,0
STAT,(NULL),Time,2,356,356,0
Galois Benchmark Suite v2.2.1 (r0)
Copyright (C) 2014 The University of Texas at Austin
http://iss.ices.utexas.edu/galois/

application: Delaunay Triangulation
Produces a Delaunay triangulation for a set of points
http://iss.ices.utexas.edu/?p=projects/galois/benchmarks/delaunay_triangulation

INFO: CommandLine ./delaunaytriangulation -t 4 /home/users/kkazatzis/Galois-2.2.1/inputs/meshes/r100k.node
INFO: Hostname broady
configuration: 100003 points
mesh size: 200004
Triangulation OK
STATTYPE,LOOP,CATEGORY,n,sum,T0,T1,T2,T3
STAT,(NULL),Conflicts,4,2906,782,1062,743,319
STAT,(NULL),Iterations,4,102906,26017,25856,25769,25264
STAT,(NULL),LoopTime,4,179,179,0,0,0
STAT,(NULL),MeminfoPost,4,84,21,21,21,21
STAT,(NULL),MeminfoPre,4,84,21,21,21,21
STAT,(NULL),Threads,4,4,4,0,0,0
STAT,(NULL),Time,4,179,179,0,0,0
Galois Benchmark Suite v2.2.1 (r0)
Copyright (C) 2014 The University of Texas at Austin
http://iss.ices.utexas.edu/galois/

application: Delaunay Triangulation
Produces a Delaunay triangulation for a set of points
http://iss.ices.utexas.edu/?p=projects/galois/benchmarks/delaunay_triangulation

INFO: CommandLine ./delaunaytriangulation -t 8 /home/users/kkazatzis/Galois-2.2.1/inputs/meshes/r100k.node
INFO: Hostname broady
configuration: 100003 points
mesh size: 200004
Triangulation OK
STATTYPE,LOOP,CATEGORY,n,sum,T0,T1,T2,T3,T4,T5,T6,T7
STAT,(NULL),Conflicts,8,10401,1058,559,1328,1226,2282,1765,1295,888
STAT,(NULL),Iterations,8,110401,13603,12975,14084,13853,14725,13998,13809,13354
STAT,(NULL),LoopTime,8,90,90,0,0,0,0,0,0,0
STAT,(NULL),MeminfoPost,8,96,12,12,12,12,12,12,12,12
STAT,(NULL),MeminfoPre,8,96,12,12,12,12,12,12,12,12
STAT,(NULL),Threads,8,8,8,0,0,0,0,0,0,0
STAT,(NULL),Time,8,90,90,0,0,0,0,0,0,0
Galois Benchmark Suite v2.2.1 (r0)
Copyright (C) 2014 The University of Texas at Austin
http://iss.ices.utexas.edu/galois/

application: Delaunay Triangulation
Produces a Delaunay triangulation for a set of points
http://iss.ices.utexas.edu/?p=projects/galois/benchmarks/delaunay_triangulation

INFO: CommandLine ./delaunaytriangulation -t 16 /home/users/kkazatzis/Galois-2.2.1/inputs/meshes/r100k.node
INFO: Hostname broady
configuration: 100003 points
mesh size: 200004
Triangulation OK
STATTYPE,LOOP,CATEGORY,n,sum,T0,T1,T2,T3,T4,T5,T6,T7,T8,T9,T10,T11,T12,T13,T14,T15
STAT,(NULL),Conflicts,16,93844,6589,6024,7016,2915,5893,4875,5013,4397,7576,7081,7294,5420,5518,7815,6884,3534
STAT,(NULL),Iterations,16,193844,11409,12510,13982,9306,14345,13127,14109,10847,12615,12337,12769,10986,12178,12374,11330,9620
STAT,(NULL),LoopTime,16,78,78,0,0,0,0,0,0,0,0,0,0,0,0,0,0,0
STAT,(NULL),MeminfoPost,16,150,9,9,10,9,10,10,11,9,9,9,9,9,10,9,9,9
STAT,(NULL),MeminfoPre,16,112,7,7,7,7,7,7,7,7,7,7,7,7,7,7,7,7
STAT,(NULL),Threads,16,16,16,0,0,0,0,0,0,0,0,0,0,0,0,0,0,0
STAT,(NULL),Time,16,78,78,0,0,0,0,0,0,0,0,0,0,0,0,0,0,0
Galois Benchmark Suite v2.2.1 (r0)
Copyright (C) 2014 The University of Texas at Austin
http://iss.ices.utexas.edu/galois/

application: Delaunay Triangulation
Produces a Delaunay triangulation for a set of points
http://iss.ices.utexas.edu/?p=projects/galois/benchmarks/delaunay_triangulation

INFO: CommandLine ./delaunaytriangulation -t 24 /home/users/kkazatzis/Galois-2.2.1/inputs/meshes/r100k.node
INFO: Hostname broady
configuration: 100003 points
mesh size: 200004
Triangulation OK
STATTYPE,LOOP,CATEGORY,n,sum,T0,T1,T2,T3,T4,T5,T6,T7,T8,T9,T10,T11,T12,T13,T14,T15,T16,T17,T18,T19,T20,T21,T22,T23
STAT,(NULL),Conflicts,24,316072,14435,11641,18611,20594,10997,13335,12688,11454,11469,11720,11427,13364,12597,12691,13173,13173,12745,12949,11541,11253,11682,12213,12183,18137
STAT,(NULL),Iterations,24,416072,25221,21106,26269,28103,17054,21119,21150,20849,20617,19751,19943,13365,12597,12692,13173,13173,12789,12980,11541,11253,11733,12213,19242,18139
STAT,(NULL),LoopTime,24,101,101,0,0,0,0,0,0,0,0,0,0,0,0,0,0,0,0,0,0,0,0,0,0,0
STAT,(NULL),MeminfoPost,24,201,11,11,10,10,9,10,10,11,11,10,10,7,6,7,6,6,7,7,6,6,7,6,10,7
STAT,(NULL),MeminfoPre,24,144,6,6,6,6,6,6,6,6,6,6,6,6,6,6,6,6,6,6,6,6,6,6,6,6
STAT,(NULL),Threads,24,24,24,0,0,0,0,0,0,0,0,0,0,0,0,0,0,0,0,0,0,0,0,0,0,0
STAT,(NULL),Time,24,102,102,0,0,0,0,0,0,0,0,0,0,0,0,0,0,0,0,0,0,0,0,0,0,0
Galois Benchmark Suite v2.2.1 (r0)
Copyright (C) 2014 The University of Texas at Austin
http://iss.ices.utexas.edu/galois/

application: Delaunay Triangulation
Produces a Delaunay triangulation for a set of points
http://iss.ices.utexas.edu/?p=projects/galois/benchmarks/delaunay_triangulation

INFO: CommandLine ./delaunaytriangulation -t 32 /home/users/kkazatzis/Galois-2.2.1/inputs/meshes/r100k.node
INFO: Hostname broady
configuration: 100003 points
mesh size: 200004
Triangulation OK
STATTYPE,LOOP,CATEGORY,n,sum,T0,T1,T2,T3,T4,T5,T6,T7,T8,T9,T10,T11,T12,T13,T14,T15,T16,T17,T18,T19,T20,T21,T22,T23,T24,T25,T26,T27,T28,T29,T30,T31
STAT,(NULL),Conflicts,32,489161,17439,19078,23847,26914,24441,19566,19403,19702,17524,17971,17077,10431,8511,8415,8223,8415,8703,8895,8799,8991,8511,8991,16361,24496,24190,22342,22093,13215,11391,11391,11871,11964
STAT,(NULL),Iterations,32,589161,30939,29659,34983,40345,37423,27845,19602,19795,17615,17971,17587,10431,8511,8415,8223,8415,8703,8895,8799,8991,8511,8991,21919,39035,31456,22736,23531,13215,11391,11391,11871,11967
STAT,(NULL),LoopTime,32,151,151,0,0,0,0,0,0,0,0,0,0,0,0,0,0,0,0,0,0,0,0,0,0,0,0,0,0,0,0,0,0,0
STAT,(NULL),MeminfoPost,32,229,12,11,11,12,12,10,7,7,7,5,7,5,5,5,5,5,5,5,5,5,5,5,9,13,10,7,7,5,5,5,5,7
STAT,(NULL),MeminfoPre,32,160,5,5,5,5,5,5,5,5,5,5,5,5,5,5,5,5,5,5,5,5,5,5,5,5,5,5,5,5,5,5,5,5
STAT,(NULL),Threads,32,32,32,0,0,0,0,0,0,0,0,0,0,0,0,0,0,0,0,0,0,0,0,0,0,0,0,0,0,0,0,0,0,0
STAT,(NULL),Time,32,151,151,0,0,0,0,0,0,0,0,0,0,0,0,0,0,0,0,0,0,0,0,0,0,0,0,0,0,0,0,0,0,0
Galois Benchmark Suite v2.2.1 (r0)
Copyright (C) 2014 The University of Texas at Austin
http://iss.ices.utexas.edu/galois/

application: Delaunay Triangulation
Produces a Delaunay triangulation for a set of points
http://iss.ices.utexas.edu/?p=projects/galois/benchmarks/delaunay_triangulation

INFO: CommandLine ./delaunaytriangulation -t 40 /home/users/kkazatzis/Galois-2.2.1/inputs/meshes/r100k.node
INFO: Hostname broady
configuration: 100003 points
mesh size: 200004
Triangulation OK
STATTYPE,LOOP,CATEGORY,n,sum,T0,T1,T2,T3,T4,T5,T6,T7,T8,T9,T10,T11,T12,T13,T14,T15,T16,T17,T18,T19,T20,T21,T22,T23,T24,T25,T26,T27,T28,T29,T30,T31,T32,T33,T34,T35,T36,T37,T38,T39
STAT,(NULL),Conflicts,40,635769,24864,22930,29448,33556,28834,28933,16412,17148,17692,15484,15932,12108,9036,8652,9324,9612,9324,9708,8172,8268,8844,7980,18788,26414,25899,26974,25932,21071,14940,15194,15836,10956,15564,15756,8076,8268,8268,8172,8652,8748
STAT,(NULL),Iterations,40,735769,43911,35326,43160,43061,38262,28971,16412,17148,17692,15484,15932,12108,9036,8652,9324,9612,9324,9708,8172,8268,8844,7980,20046,36047,40312,35007,28459,21079,14940,15196,15836,10956,15564,15756,8076,8268,8268,8172,8652,8748
STAT,(NULL),LoopTime,40,210,210,0,0,0,0,0,0,0,0,0,0,0,0,0,0,0,0,0,0,0,0,0,0,0,0,0,0,0,0,0,0,0,0,0,0,0,0,0,0,0
STAT,(NULL),MeminfoPost,40,250,15,12,13,11,11,7,5,5,5,5,5,5,4,4,4,4,4,4,4,4,5,4,7,11,13,10,8,7,5,7,5,4,4,4,4,4,4,4,5,4
STAT,(NULL),MeminfoPre,40,160,4,4,4,4,4,4,4,4,4,4,4,4,4,4,4,4,4,4,4,4,4,4,4,4,4,4,4,4,4,4,4,4,4,4,4,4,4,4,4,4
STAT,(NULL),Threads,40,40,40,0,0,0,0,0,0,0,0,0,0,0,0,0,0,0,0,0,0,0,0,0,0,0,0,0,0,0,0,0,0,0,0,0,0,0,0,0,0,0
STAT,(NULL),Time,40,210,210,0,0,0,0,0,0,0,0,0,0,0,0,0,0,0,0,0,0,0,0,0,0,0,0,0,0,0,0,0,0,0,0,0,0,0,0,0,0,0
Galois Benchmark Suite v2.2.1 (r0)
Copyright (C) 2014 The University of Texas at Austin
http://iss.ices.utexas.edu/galois/

application: Delaunay Triangulation
Produces a Delaunay triangulation for a set of points
http://iss.ices.utexas.edu/?p=projects/galois/benchmarks/delaunay_triangulation

INFO: CommandLine ./delaunaytriangulation -t 44 /home/users/kkazatzis/Galois-2.2.1/inputs/meshes/r100k.node
INFO: Hostname broady
configuration: 100003 points
mesh size: 200004
Triangulation OK
STATTYPE,LOOP,CATEGORY,n,sum,T0,T1,T2,T3,T4,T5,T6,T7,T8,T9,T10,T11,T12,T13,T14,T15,T16,T17,T18,T19,T20,T21,T22,T23,T24,T25,T26,T27,T28,T29,T30,T31,T32,T33,T34,T35,T36,T37,T38,T39,T40,T41,T42,T43
STAT,(NULL),Conflicts,44,668663,26414,23906,30369,37703,30270,25738,14727,15207,15719,15079,14343,10659,8451,8163,8547,8643,8259,8835,8163,8259,7875,7875,22318,29241,25625,29360,30386,26511,15269,14599,13991,15846,14095,11523,12195,192,8163,8259,7107,7971,8931,8643,7587,7647
STAT,(NULL),Iterations,44,768663,46760,40576,44488,40899,36792,25739,14727,15207,15719,15079,14343,10659,8451,8163,8547,8643,8259,8835,8163,8259,7875,7875,22751,41641,40964,34477,36238,26514,15269,14599,13991,15847,14095,11523,12195,193,8163,8259,7107,7971,8931,8643,7587,7647
STAT,(NULL),LoopTime,44,236,236,0,0,0,0,0,0,0,0,0,0,0,0,0,0,0,0,0,0,0,0,0,0,0,0,0,0,0,0,0,0,0,0,0,0,0,0,0,0,0,0,0,0,0
STAT,(NULL),MeminfoPost,44,266,16,14,13,8,9,7,4,5,4,4,4,4,4,5,4,4,4,4,4,4,4,4,7,12,13,9,9,7,5,5,5,7,5,4,4,7,4,5,4,4,5,4,4,4
STAT,(NULL),MeminfoPre,44,176,4,4,4,4,4,4,4,4,4,4,4,4,4,4,4,4,4,4,4,4,4,4,4,4,4,4,4,4,4,4,4,4,4,4,4,4,4,4,4,4,4,4,4,4
STAT,(NULL),Threads,44,44,44,0,0,0,0,0,0,0,0,0,0,0,0,0,0,0,0,0,0,0,0,0,0,0,0,0,0,0,0,0,0,0,0,0,0,0,0,0,0,0,0,0,0,0
STAT,(NULL),Time,44,236,236,0,0,0,0,0,0,0,0,0,0,0,0,0,0,0,0,0,0,0,0,0,0,0,0,0,0,0,0,0,0,0,0,0,0,0,0,0,0,0,0,0,0,0

