Galois Benchmark Suite v2.2.1 (r0)
Copyright (C) 2014 The University of Texas at Austin
http://iss.ices.utexas.edu/galois/

application: Delaunay Triangulation
Produces a Delaunay triangulation for a set of points
http://iss.ices.utexas.edu/?p=projects/galois/benchmarks/delaunay_triangulation

INFO: CommandLine ./delaunaytriangulation_galois -t 1 /home/users/kkazatzis/Galois-2.2.1/inputs/meshes/r50k.node
INFO: Hostname broady
configuration: 50003 points
Number of aborts: 15
mesh size: 100004
Triangulation OK
STATTYPE,LOOP,CATEGORY,n,sum,T0
STAT,(NULL),Conflicts,1,0,0
STAT,(NULL),Iterations,1,50000,50000
STAT,(NULL),LoopTime,1,210,210
STAT,(NULL),MeminfoPost,1,38,38
STAT,(NULL),MeminfoPre,1,38,38
STAT,(NULL),Threads,1,1,1
STAT,(NULL),Time,1,210,210
Galois Benchmark Suite v2.2.1 (r0)
Copyright (C) 2014 The University of Texas at Austin
http://iss.ices.utexas.edu/galois/

application: Delaunay Triangulation
Produces a Delaunay triangulation for a set of points
http://iss.ices.utexas.edu/?p=projects/galois/benchmarks/delaunay_triangulation

INFO: CommandLine ./delaunaytriangulation_galois -t 2 /home/users/kkazatzis/Galois-2.2.1/inputs/meshes/r50k.node
INFO: Hostname broady
configuration: 50003 points
Number of aborts: 15
mesh size: 100004
Triangulation OK
STATTYPE,LOOP,CATEGORY,n,sum,T0,T1
STAT,(NULL),Conflicts,2,696,341,355
STAT,(NULL),Iterations,2,50696,25621,25075
STAT,(NULL),LoopTime,2,122,122,0
STAT,(NULL),MeminfoPost,2,40,20,20
STAT,(NULL),MeminfoPre,2,40,20,20
STAT,(NULL),Threads,2,2,2,0
STAT,(NULL),Time,2,122,122,0
Galois Benchmark Suite v2.2.1 (r0)
Copyright (C) 2014 The University of Texas at Austin
http://iss.ices.utexas.edu/galois/

application: Delaunay Triangulation
Produces a Delaunay triangulation for a set of points
http://iss.ices.utexas.edu/?p=projects/galois/benchmarks/delaunay_triangulation

INFO: CommandLine ./delaunaytriangulation_galois -t 4 /home/users/kkazatzis/Galois-2.2.1/inputs/meshes/r50k.node
INFO: Hostname broady
configuration: 50003 points
Number of aborts: 15
mesh size: 100004
Triangulation OK
STATTYPE,LOOP,CATEGORY,n,sum,T0,T1,T2,T3
STAT,(NULL),Conflicts,4,3043,744,1029,784,486
STAT,(NULL),Iterations,4,53043,12984,13541,13428,13090
STAT,(NULL),LoopTime,4,63,63,0,0,0
STAT,(NULL),MeminfoPost,4,48,12,12,12,12
STAT,(NULL),MeminfoPre,4,44,11,11,11,11
STAT,(NULL),Threads,4,4,4,0,0,0
STAT,(NULL),Time,4,63,63,0,0,0
Galois Benchmark Suite v2.2.1 (r0)
Copyright (C) 2014 The University of Texas at Austin
http://iss.ices.utexas.edu/galois/

application: Delaunay Triangulation
Produces a Delaunay triangulation for a set of points
http://iss.ices.utexas.edu/?p=projects/galois/benchmarks/delaunay_triangulation

INFO: CommandLine ./delaunaytriangulation_galois -t 8 /home/users/kkazatzis/Galois-2.2.1/inputs/meshes/r50k.node
INFO: Hostname broady
configuration: 50003 points
Number of aborts: 15
mesh size: 100004
Triangulation OK
STATTYPE,LOOP,CATEGORY,n,sum,T0,T1,T2,T3,T4,T5,T6,T7
STAT,(NULL),Conflicts,8,15476,1476,721,2114,2081,2298,1487,2935,2364
STAT,(NULL),Iterations,8,65476,7531,7571,8527,8024,8258,8148,8468,8949
STAT,(NULL),LoopTime,8,36,36,0,0,0,0,0,0,0
STAT,(NULL),MeminfoPost,8,73,9,10,9,9,9,9,9,9
STAT,(NULL),MeminfoPre,8,56,7,7,7,7,7,7,7,7
STAT,(NULL),Threads,8,8,8,0,0,0,0,0,0,0
STAT,(NULL),Time,8,36,36,0,0,0,0,0,0,0
Galois Benchmark Suite v2.2.1 (r0)
Copyright (C) 2014 The University of Texas at Austin
http://iss.ices.utexas.edu/galois/

application: Delaunay Triangulation
Produces a Delaunay triangulation for a set of points
http://iss.ices.utexas.edu/?p=projects/galois/benchmarks/delaunay_triangulation

INFO: CommandLine ./delaunaytriangulation_galois -t 16 /home/users/kkazatzis/Galois-2.2.1/inputs/meshes/r50k.node
INFO: Hostname broady
configuration: 50003 points
Number of aborts: 15
mesh size: 100004
Triangulation OK
STATTYPE,LOOP,CATEGORY,n,sum,T0,T1,T2,T3,T4,T5,T6,T7,T8,T9,T10,T11,T12,T13,T14,T15
STAT,(NULL),Conflicts,16,252069,18230,15001,23082,22935,21109,19571,19665,20683,16479,3898,11871,11391,12159,11582,12254,12159
STAT,(NULL),Iterations,16,302069,23830,24761,35430,37741,22184,22003,22129,22193,16479,3901,11871,11391,12159,11583,12255,12159
STAT,(NULL),LoopTime,16,96,96,0,0,0,0,0,0,0,0,0,0,0,0,0,0,0
STAT,(NULL),MeminfoPost,16,121,9,11,12,13,7,8,8,7,5,7,5,5,5,7,7,5
STAT,(NULL),MeminfoPre,16,80,5,5,5,5,5,5,5,5,5,5,5,5,5,5,5,5
STAT,(NULL),Threads,16,16,16,0,0,0,0,0,0,0,0,0,0,0,0,0,0,0
STAT,(NULL),Time,16,96,96,0,0,0,0,0,0,0,0,0,0,0,0,0,0,0
Galois Benchmark Suite v2.2.1 (r0)
Copyright (C) 2014 The University of Texas at Austin
http://iss.ices.utexas.edu/galois/

application: Delaunay Triangulation
Produces a Delaunay triangulation for a set of points
http://iss.ices.utexas.edu/?p=projects/galois/benchmarks/delaunay_triangulation

INFO: CommandLine ./delaunaytriangulation_galois -t 24 /home/users/kkazatzis/Galois-2.2.1/inputs/meshes/r50k.node
INFO: Hostname broady
configuration: 50003 points
Number of aborts: 15
mesh size: 100004
Triangulation OK
STATTYPE,LOOP,CATEGORY,n,sum,T0,T1,T2,T3,T4,T5,T6,T7,T8,T9,T10,T11,T12,T13,T14,T15,T16,T17,T18,T19,T20,T21,T22,T23
STAT,(NULL),Conflicts,24,290362,18812,15269,17607,20075,20145,20473,14524,13212,13308,14812,14492,7113,7692,7596,6828,6636,6636,6828,7788,7788,7596,7500,14516,13116
STAT,(NULL),Iterations,24,340362,30168,24641,27946,28186,28007,23432,14524,13212,13308,14812,14492,7114,7692,7596,6828,6636,6636,6828,7788,7788,7596,7500,14516,13116
STAT,(NULL),LoopTime,24,85,85,0,0,0,0,0,0,0,0,0,0,0,0,0,0,0,0,0,0,0,0,0,0,0
STAT,(NULL),MeminfoPost,24,141,11,11,11,10,10,8,5,5,5,5,4,7,5,4,4,4,4,4,4,4,4,4,4,4
STAT,(NULL),MeminfoPre,24,96,4,4,4,4,4,4,4,4,4,4,4,4,4,4,4,4,4,4,4,4,4,4,4,4
STAT,(NULL),Threads,24,24,24,0,0,0,0,0,0,0,0,0,0,0,0,0,0,0,0,0,0,0,0,0,0,0
STAT,(NULL),Time,24,85,85,0,0,0,0,0,0,0,0,0,0,0,0,0,0,0,0,0,0,0,0,0,0,0
Galois Benchmark Suite v2.2.1 (r0)
Copyright (C) 2014 The University of Texas at Austin
http://iss.ices.utexas.edu/galois/

application: Delaunay Triangulation
Produces a Delaunay triangulation for a set of points
http://iss.ices.utexas.edu/?p=projects/galois/benchmarks/delaunay_triangulation

INFO: CommandLine ./delaunaytriangulation_galois -t 32 /home/users/kkazatzis/Galois-2.2.1/inputs/meshes/r50k.node
INFO: Hostname broady
configuration: 50003 points
Number of aborts: 15
mesh size: 100004
Triangulation OK
STATTYPE,LOOP,CATEGORY,n,sum,T0,T1,T2,T3,T4,T5,T6,T7,T8,T9,T10,T11,T12,T13,T14,T15,T16,T17,T18,T19,T20,T21,T22,T23,T24,T25,T26,T27,T28,T29,T30,T31
STAT,(NULL),Conflicts,32,350298,16781,19663,21294,23246,23137,18575,11037,10109,10141,10653,11069,7089,6129,5841,5457,5265,5073,5265,5457,5361,6033,6129,21275,25443,16905,9501,9885,6417,5361,5457,5553,5697
STAT,(NULL),Iterations,32,400298,31763,32773,33396,24693,24117,18824,11037,10109,10141,10653,11069,7089,6129,5841,5457,5265,5073,5265,5457,5361,6033,6129,24849,28999,16905,9501,9885,6417,5361,5457,5553,5697
STAT,(NULL),LoopTime,32,112,112,0,0,0,0,0,0,0,0,0,0,0,0,0,0,0,0,0,0,0,0,0,0,0,0,0,0,0,0,0,0,0
STAT,(NULL),MeminfoPost,32,177,13,12,12,7,7,7,5,5,5,5,4,4,4,4,4,4,4,5,4,4,4,4,8,8,5,4,4,5,4,4,4,4
STAT,(NULL),MeminfoPre,32,128,4,4,4,4,4,4,4,4,4,4,4,4,4,4,4,4,4,4,4,4,4,4,4,4,4,4,4,4,4,4,4,4
STAT,(NULL),Threads,32,32,32,0,0,0,0,0,0,0,0,0,0,0,0,0,0,0,0,0,0,0,0,0,0,0,0,0,0,0,0,0,0,0
STAT,(NULL),Time,32,112,112,0,0,0,0,0,0,0,0,0,0,0,0,0,0,0,0,0,0,0,0,0,0,0,0,0,0,0,0,0,0,0
Galois Benchmark Suite v2.2.1 (r0)
Copyright (C) 2014 The University of Texas at Austin
http://iss.ices.utexas.edu/galois/

application: Delaunay Triangulation
Produces a Delaunay triangulation for a set of points
http://iss.ices.utexas.edu/?p=projects/galois/benchmarks/delaunay_triangulation

INFO: CommandLine ./delaunaytriangulation_galois -t 40 /home/users/kkazatzis/Galois-2.2.1/inputs/meshes/r50k.node
INFO: Hostname broady
configuration: 50003 points
Number of aborts: 15
mesh size: 100004
Triangulation OK
STATTYPE,LOOP,CATEGORY,n,sum,T0,T1,T2,T3,T4,T5,T6,T7,T8,T9,T10,T11,T12,T13,T14,T15,T16,T17,T18,T19,T20,T21,T22,T23,T24,T25,T26,T27,T28,T29,T30,T31,T32,T33,T34,T35,T36,T37,T38,T39
STAT,(NULL),Conflicts,40,311696,34992,26892,16667,22139,18638,2182,27132,462,24723,462,1990,198,21900,15975,198,198,34504,3558,198,198,2598,198,23831,1020,3432,990,726,22527,462,462,462,198,198,198,198,198,198,198,198,198
STAT,(NULL),Iterations,40,361696,57507,31497,19554,26664,22891,2182,27528,462,25554,462,2062,198,21996,16329,198,198,34678,3558,198,198,2598,198,23842,1139,9182,990,726,25939,462,462,462,198,198,198,198,198,198,198,198,198
STAT,(NULL),LoopTime,40,192,192,0,0,0,0,0,0,0,0,0,0,0,0,0,0,0,0,0,0,0,0,0,0,0,0,0,0,0,0,0,0,0,0,0,0,0,0,0,0,0
STAT,(NULL),MeminfoPost,40,226,16,9,8,8,8,5,7,4,7,4,7,5,7,7,4,4,7,5,4,4,4,4,7,7,9,5,4,8,4,4,4,4,4,4,4,4,4,4,4,4
STAT,(NULL),MeminfoPre,40,120,3,3,3,3,3,3,3,3,3,3,3,3,3,3,3,3,3,3,3,3,3,3,3,3,3,3,3,3,3,3,3,3,3,3,3,3,3,3,3,3
STAT,(NULL),Threads,40,40,40,0,0,0,0,0,0,0,0,0,0,0,0,0,0,0,0,0,0,0,0,0,0,0,0,0,0,0,0,0,0,0,0,0,0,0,0,0,0,0
STAT,(NULL),Time,40,192,192,0,0,0,0,0,0,0,0,0,0,0,0,0,0,0,0,0,0,0,0,0,0,0,0,0,0,0,0,0,0,0,0,0,0,0,0,0,0,0
Galois Benchmark Suite v2.2.1 (r0)
Copyright (C) 2014 The University of Texas at Austin
http://iss.ices.utexas.edu/galois/

application: Delaunay Triangulation
Produces a Delaunay triangulation for a set of points
http://iss.ices.utexas.edu/?p=projects/galois/benchmarks/delaunay_triangulation

INFO: CommandLine ./delaunaytriangulation_galois -t 44 /home/users/kkazatzis/Galois-2.2.1/inputs/meshes/r50k.node
INFO: Hostname broady
configuration: 50003 points
Number of aborts: 15
mesh size: 100004
Triangulation OK
STATTYPE,LOOP,CATEGORY,n,sum,T0,T1,T2,T3,T4,T5,T6,T7,T8,T9,T10,T11,T12,T13,T14,T15,T16,T17,T18,T19,T20,T21,T22,T23,T24,T25,T26,T27,T28,T29,T30,T31,T32,T33,T34,T35,T36,T37,T38,T39,T40,T41,T42,T43
STAT,(NULL),Conflicts,44,310472,21860,17566,14995,13782,2815,13353,4998,17666,567,2167,17135,243,243,6939,22418,16222,243,243,243,2643,3795,3699,6292,6944,9830,1211,12375,899,567,567,567,17930,575,243,243,243,243,243,243,243,66438,243,243,255
STAT,(NULL),Iterations,44,360472,33847,22323,16086,17610,2815,13446,5023,24062,567,2167,17138,243,243,6951,22419,16240,243,243,243,2643,3795,3699,6335,9078,11640,1213,12970,899,567,567,567,31730,575,243,243,243,243,243,243,243,69843,243,243,255
STAT,(NULL),LoopTime,44,154,154,0,0,0,0,0,0,0,0,0,0,0,0,0,0,0,0,0,0,0,0,0,0,0,0,0,0,0,0,0,0,0,0,0,0,0,0,0,0,0,0,0,0,0
STAT,(NULL),MeminfoPost,44,253,12,9,7,8,4,7,7,9,5,5,7,4,4,7,7,7,4,4,4,5,5,5,7,7,7,7,7,4,4,4,5,13,4,4,4,4,4,4,4,4,8,4,4,4
STAT,(NULL),MeminfoPre,44,132,3,3,3,3,3,3,3,3,3,3,3,3,3,3,3,3,3,3,3,3,3,3,3,3,3,3,3,3,3,3,3,3,3,3,3,3,3,3,3,3,3,3,3,3
STAT,(NULL),Threads,44,44,44,0,0,0,0,0,0,0,0,0,0,0,0,0,0,0,0,0,0,0,0,0,0,0,0,0,0,0,0,0,0,0,0,0,0,0,0,0,0,0,0,0,0,0
STAT,(NULL),Time,44,154,154,0,0,0,0,0,0,0,0,0,0,0,0,0,0,0,0,0,0,0,0,0,0,0,0,0,0,0,0,0,0,0,0,0,0,0,0,0,0,0,0,0,0,0
Galois Benchmark Suite v2.2.1 (r0)
Copyright (C) 2014 The University of Texas at Austin
http://iss.ices.utexas.edu/galois/

application: Delaunay Triangulation
Produces a Delaunay triangulation for a set of points
http://iss.ices.utexas.edu/?p=projects/galois/benchmarks/delaunay_triangulation

INFO: CommandLine ./delaunaytriangulation_galois -t 88 /home/users/kkazatzis/Galois-2.2.1/inputs/meshes/r50k.node
INFO: Hostname broady
configuration: 50003 points
Number of aborts: 15
mesh size: 100004
Triangulation OK
STATTYPE,LOOP,CATEGORY,n,sum,T0,T1,T2,T3,T4,T5,T6,T7,T8,T9,T10,T11,T12,T13,T14,T15,T16,T17,T18,T19,T20,T21,T22,T23,T24,T25,T26,T27,T28,T29,T30,T31,T32,T33,T34,T35,T36,T37,T38,T39,T40,T41,T42,T43,T44,T45,T46,T47,T48,T49,T50,T51,T52,T53,T54,T55,T56,T57,T58,T59,T60,T61,T62,T63,T64,T65,T66,T67,T68,T69,T70,T71,T72,T73,T74,T75,T76,T77,T78,T79,T80,T81,T82,T83,T84,T85,T86,T87
STAT,(NULL),Conflicts,88,227003,33881,4310,2355,1059,1335,979,623,10021,623,623,623,267,267,267,18699,13803,267,267,267,267,267,267,3759,7196,7138,3115,7896,2031,979,979,979,11185,979,267,267,267,267,267,267,267,14571,267,267,267,623,9221,3759,623,623,623,623,623,623,623,607,267,267,267,267,267,267,267,267,267,267,267,267,267,267,40394,4971,267,267,267,267,267,267,267,267,267,267,267,267,267,267,267,267,243
STAT,(NULL),Iterations,88,277003,47790,4368,2384,2033,1335,979,623,19895,623,623,623,267,267,267,18699,13803,267,267,267,267,267,267,6682,11197,9513,3115,9360,2031,979,979,979,13106,979,267,267,267,267,267,267,267,14571,267,267,267,623,21692,3759,623,623,623,623,623,623,623,607,267,267,267,267,267,267,267,267,267,267,267,267,267,267,40395,4971,267,267,267,267,267,267,267,267,267,267,267,267,267,267,267,267,243
STAT,(NULL),LoopTime,88,222,222,0,0,0,0,0,0,0,0,0,0,0,0,0,0,0,0,0,0,0,0,0,0,0,0,0,0,0,0,0,0,0,0,0,0,0,0,0,0,0,0,0,0,0,0,0,0,0,0,0,0,0,0,0,0,0,0,0,0,0,0,0,0,0,0,0,0,0,0,0,0,0,0,0,0,0,0,0,0,0,0,0,0,0,0,0,0,0
STAT,(NULL),MeminfoPost,88,416,13,7,7,7,5,4,5,11,5,4,4,4,4,4,5,5,5,4,4,4,4,4,8,8,8,5,7,5,4,4,4,7,4,4,4,4,4,4,4,4,5,4,4,4,4,12,5,4,4,4,4,4,4,4,4,4,4,4,4,4,4,4,4,4,4,4,4,4,4,7,4,4,4,4,4,4,4,4,4,4,4,4,4,4,4,4,4,4
STAT,(NULL),MeminfoPre,88,264,3,3,3,3,3,3,3,3,3,3,3,3,3,3,3,3,3,3,3,3,3,3,3,3,3,3,3,3,3,3,3,3,3,3,3,3,3,3,3,3,3,3,3,3,3,3,3,3,3,3,3,3,3,3,3,3,3,3,3,3,3,3,3,3,3,3,3,3,3,3,3,3,3,3,3,3,3,3,3,3,3,3,3,3,3,3,3,3
STAT,(NULL),Threads,88,88,88,0,0,0,0,0,0,0,0,0,0,0,0,0,0,0,0,0,0,0,0,0,0,0,0,0,0,0,0,0,0,0,0,0,0,0,0,0,0,0,0,0,0,0,0,0,0,0,0,0,0,0,0,0,0,0,0,0,0,0,0,0,0,0,0,0,0,0,0,0,0,0,0,0,0,0,0,0,0,0,0,0,0,0,0,0,0,0
STAT,(NULL),Time,88,222,222,0,0,0,0,0,0,0,0,0,0,0,0,0,0,0,0,0,0,0,0,0,0,0,0,0,0,0,0,0,0,0,0,0,0,0,0,0,0,0,0,0,0,0,0,0,0,0,0,0,0,0,0,0,0,0,0,0,0,0,0,0,0,0,0,0,0,0,0,0,0,0,0,0,0,0,0,0,0,0,0,0,0,0,0,0,0,0
