Galois Benchmark Suite v2.2.1 (r0)
Copyright (C) 2014 The University of Texas at Austin
http://iss.ices.utexas.edu/galois/

application: Delaunay Mesh Refinement
Refines a Delaunay triangulation mesh such that no angle in the mesh is less than 30 degrees
http://iss.ices.utexas.edu/?p=projects/galois/benchmarks/delaunay_mesh_refinement

INFO: CommandLine ./delaunayrefinement -t 1 /home/users/kkazatzis/Galois-2.2.1/inputs/meshes/r10k.1
INFO: Hostname haci1
Using bin for node
Using bin for ele
Using bin for poly
configuration: 20004 total triangles, 9775 bad triangles
Total Time: 0.08
80498 total triangles
Refinement OK
STATTYPE,LOOP,CATEGORY,n,sum,T0
STAT,(NULL),Conflicts,1,0,0
STAT,(NULL),Iterations,1,9775,9775
STAT,(NULL),MeminfoMid,1,33,33
STAT,(NULL),MeminfoPost,1,33,33
STAT,(NULL),MeminfoPre1,1,3,3
STAT,(NULL),MeminfoPre2,1,33,33
STAT,(NULL),OuterRoundsExecuted,1,4,4
STAT,(NULL),RoundsExecuted,1,4,4
STAT,(NULL),Threads,1,1,1
STAT,(NULL),Time,1,76,76
STAT,(NULL),refine,1,75,75
STAT,count_if,LoopTime,1,8,8
STAT,refine,Conflicts,1,0,0
STAT,refine,Iterations,1,52447,52447
STAT,refine,LoopTime,1,73,73
Galois Benchmark Suite v2.2.1 (r0)
Copyright (C) 2014 The University of Texas at Austin
http://iss.ices.utexas.edu/galois/

application: Delaunay Mesh Refinement
Refines a Delaunay triangulation mesh such that no angle in the mesh is less than 30 degrees
http://iss.ices.utexas.edu/?p=projects/galois/benchmarks/delaunay_mesh_refinement

INFO: CommandLine ./delaunayrefinement -t 1 /home/users/kkazatzis/Galois-2.2.1/inputs/meshes/r10k.1
INFO: Hostname haci1
Using bin for node
Using bin for ele
Using bin for poly
configuration: 20004 total triangles, 9775 bad triangles
Total Time: 0.08
80498 total triangles
Refinement OK
STATTYPE,LOOP,CATEGORY,n,sum,T0
STAT,(NULL),Conflicts,1,0,0
STAT,(NULL),Iterations,1,9775,9775
STAT,(NULL),MeminfoMid,1,33,33
STAT,(NULL),MeminfoPost,1,33,33
STAT,(NULL),MeminfoPre1,1,3,3
STAT,(NULL),MeminfoPre2,1,33,33
STAT,(NULL),OuterRoundsExecuted,1,4,4
STAT,(NULL),RoundsExecuted,1,4,4
STAT,(NULL),Threads,1,1,1
STAT,(NULL),Time,1,76,76
STAT,(NULL),refine,1,75,75
STAT,count_if,LoopTime,1,8,8
STAT,refine,Conflicts,1,0,0
STAT,refine,Iterations,1,52447,52447
STAT,refine,LoopTime,1,73,73
Galois Benchmark Suite v2.2.1 (r0)
Copyright (C) 2014 The University of Texas at Austin
http://iss.ices.utexas.edu/galois/

application: Delaunay Mesh Refinement
Refines a Delaunay triangulation mesh such that no angle in the mesh is less than 30 degrees
http://iss.ices.utexas.edu/?p=projects/galois/benchmarks/delaunay_mesh_refinement

INFO: CommandLine ./delaunayrefinement -t 1 /home/users/kkazatzis/Galois-2.2.1/inputs/meshes/r10k.1
INFO: Hostname haci1
Using bin for node
Using bin for ele
Using bin for poly
configuration: 20004 total triangles, 9775 bad triangles
Total Time: 0.08
80498 total triangles
Refinement OK
STATTYPE,LOOP,CATEGORY,n,sum,T0
STAT,(NULL),Conflicts,1,0,0
STAT,(NULL),Iterations,1,9775,9775
STAT,(NULL),MeminfoMid,1,33,33
STAT,(NULL),MeminfoPost,1,33,33
STAT,(NULL),MeminfoPre1,1,3,3
STAT,(NULL),MeminfoPre2,1,33,33
STAT,(NULL),OuterRoundsExecuted,1,4,4
STAT,(NULL),RoundsExecuted,1,4,4
STAT,(NULL),Threads,1,1,1
STAT,(NULL),Time,1,76,76
STAT,(NULL),refine,1,75,75
STAT,count_if,LoopTime,1,8,8
STAT,refine,Conflicts,1,0,0
STAT,refine,Iterations,1,52447,52447
STAT,refine,LoopTime,1,73,73
Galois Benchmark Suite v2.2.1 (r0)
Copyright (C) 2014 The University of Texas at Austin
http://iss.ices.utexas.edu/galois/

application: Delaunay Mesh Refinement
Refines a Delaunay triangulation mesh such that no angle in the mesh is less than 30 degrees
http://iss.ices.utexas.edu/?p=projects/galois/benchmarks/delaunay_mesh_refinement

INFO: CommandLine ./delaunayrefinement -t 1 /home/users/kkazatzis/Galois-2.2.1/inputs/meshes/r10k.1
INFO: Hostname haci1
Using bin for node
Using bin for ele
Using bin for poly
configuration: 20004 total triangles, 9775 bad triangles
Total Time: 0.08
80498 total triangles
Refinement OK
STATTYPE,LOOP,CATEGORY,n,sum,T0
STAT,(NULL),Conflicts,1,0,0
STAT,(NULL),Iterations,1,9775,9775
STAT,(NULL),MeminfoMid,1,33,33
STAT,(NULL),MeminfoPost,1,33,33
STAT,(NULL),MeminfoPre1,1,3,3
STAT,(NULL),MeminfoPre2,1,33,33
STAT,(NULL),OuterRoundsExecuted,1,4,4
STAT,(NULL),RoundsExecuted,1,4,4
STAT,(NULL),Threads,1,1,1
STAT,(NULL),Time,1,76,76
STAT,(NULL),refine,1,75,75
STAT,count_if,LoopTime,1,8,8
STAT,refine,Conflicts,1,0,0
STAT,refine,Iterations,1,52447,52447
STAT,refine,LoopTime,1,73,73
Galois Benchmark Suite v2.2.1 (r0)
Copyright (C) 2014 The University of Texas at Austin
http://iss.ices.utexas.edu/galois/

application: Delaunay Mesh Refinement
Refines a Delaunay triangulation mesh such that no angle in the mesh is less than 30 degrees
http://iss.ices.utexas.edu/?p=projects/galois/benchmarks/delaunay_mesh_refinement

INFO: CommandLine ./delaunayrefinement -t 1 /home/users/kkazatzis/Galois-2.2.1/inputs/meshes/r10k.1
INFO: Hostname haci1
Using bin for node
Using bin for ele
Using bin for poly
configuration: 20004 total triangles, 9775 bad triangles
Total Time: 0.08
80498 total triangles
Refinement OK
STATTYPE,LOOP,CATEGORY,n,sum,T0
STAT,(NULL),Conflicts,1,0,0
STAT,(NULL),Iterations,1,9775,9775
STAT,(NULL),MeminfoMid,1,33,33
STAT,(NULL),MeminfoPost,1,33,33
STAT,(NULL),MeminfoPre1,1,3,3
STAT,(NULL),MeminfoPre2,1,33,33
STAT,(NULL),OuterRoundsExecuted,1,4,4
STAT,(NULL),RoundsExecuted,1,4,4
STAT,(NULL),Threads,1,1,1
STAT,(NULL),Time,1,76,76
STAT,(NULL),refine,1,75,75
STAT,count_if,LoopTime,1,8,8
STAT,refine,Conflicts,1,0,0
STAT,refine,Iterations,1,52447,52447
STAT,refine,LoopTime,1,73,73
Galois Benchmark Suite v2.2.1 (r0)
Copyright (C) 2014 The University of Texas at Austin
http://iss.ices.utexas.edu/galois/

application: Delaunay Mesh Refinement
Refines a Delaunay triangulation mesh such that no angle in the mesh is less than 30 degrees
http://iss.ices.utexas.edu/?p=projects/galois/benchmarks/delaunay_mesh_refinement

INFO: CommandLine ./delaunayrefinement -t 1 /home/users/kkazatzis/Galois-2.2.1/inputs/meshes/r10k.1
INFO: Hostname haci1
Using bin for node
Using bin for ele
Using bin for poly
configuration: 20004 total triangles, 9775 bad triangles
Total Time: 0.08
80498 total triangles
Refinement OK
STATTYPE,LOOP,CATEGORY,n,sum,T0
STAT,(NULL),Conflicts,1,0,0
STAT,(NULL),Iterations,1,9775,9775
STAT,(NULL),MeminfoMid,1,33,33
STAT,(NULL),MeminfoPost,1,33,33
STAT,(NULL),MeminfoPre1,1,3,3
STAT,(NULL),MeminfoPre2,1,33,33
STAT,(NULL),OuterRoundsExecuted,1,4,4
STAT,(NULL),RoundsExecuted,1,4,4
STAT,(NULL),Threads,1,1,1
STAT,(NULL),Time,1,76,76
STAT,(NULL),refine,1,75,75
STAT,count_if,LoopTime,1,8,8
STAT,refine,Conflicts,1,0,0
STAT,refine,Iterations,1,52447,52447
STAT,refine,LoopTime,1,73,73
Galois Benchmark Suite v2.2.1 (r0)
Copyright (C) 2014 The University of Texas at Austin
http://iss.ices.utexas.edu/galois/

application: Delaunay Mesh Refinement
Refines a Delaunay triangulation mesh such that no angle in the mesh is less than 30 degrees
http://iss.ices.utexas.edu/?p=projects/galois/benchmarks/delaunay_mesh_refinement

INFO: CommandLine ./delaunayrefinement -t 1 /home/users/kkazatzis/Galois-2.2.1/inputs/meshes/r10k.1
INFO: Hostname haci1
Using bin for node
Using bin for ele
Using bin for poly
configuration: 20004 total triangles, 9775 bad triangles
Total Time: 0.08
80498 total triangles
Refinement OK
STATTYPE,LOOP,CATEGORY,n,sum,T0
STAT,(NULL),Conflicts,1,0,0
STAT,(NULL),Iterations,1,9775,9775
STAT,(NULL),MeminfoMid,1,33,33
STAT,(NULL),MeminfoPost,1,33,33
STAT,(NULL),MeminfoPre1,1,3,3
STAT,(NULL),MeminfoPre2,1,33,33
STAT,(NULL),OuterRoundsExecuted,1,4,4
STAT,(NULL),RoundsExecuted,1,4,4
STAT,(NULL),Threads,1,1,1
STAT,(NULL),Time,1,75,75
STAT,(NULL),refine,1,74,74
STAT,count_if,LoopTime,1,8,8
STAT,findbad,LoopTime,1,1,1
STAT,refine,Conflicts,1,0,0
STAT,refine,Iterations,1,52447,52447
STAT,refine,LoopTime,1,73,73
Galois Benchmark Suite v2.2.1 (r0)
Copyright (C) 2014 The University of Texas at Austin
http://iss.ices.utexas.edu/galois/

application: Delaunay Mesh Refinement
Refines a Delaunay triangulation mesh such that no angle in the mesh is less than 30 degrees
http://iss.ices.utexas.edu/?p=projects/galois/benchmarks/delaunay_mesh_refinement

INFO: CommandLine ./delaunayrefinement -t 1 /home/users/kkazatzis/Galois-2.2.1/inputs/meshes/r10k.1
INFO: Hostname haci1
Using bin for node
Using bin for ele
Using bin for poly
configuration: 20004 total triangles, 9775 bad triangles
Total Time: 0.08
80498 total triangles
Refinement OK
STATTYPE,LOOP,CATEGORY,n,sum,T0
STAT,(NULL),Conflicts,1,0,0
STAT,(NULL),Iterations,1,9775,9775
STAT,(NULL),MeminfoMid,1,33,33
STAT,(NULL),MeminfoPost,1,33,33
STAT,(NULL),MeminfoPre1,1,3,3
STAT,(NULL),MeminfoPre2,1,33,33
STAT,(NULL),OuterRoundsExecuted,1,4,4
STAT,(NULL),RoundsExecuted,1,4,4
STAT,(NULL),Threads,1,1,1
STAT,(NULL),Time,1,76,76
STAT,(NULL),refine,1,75,75
STAT,count_if,LoopTime,1,8,8
STAT,refine,Conflicts,1,0,0
STAT,refine,Iterations,1,52447,52447
STAT,refine,LoopTime,1,73,73
Galois Benchmark Suite v2.2.1 (r0)
Copyright (C) 2014 The University of Texas at Austin
http://iss.ices.utexas.edu/galois/

application: Delaunay Mesh Refinement
Refines a Delaunay triangulation mesh such that no angle in the mesh is less than 30 degrees
http://iss.ices.utexas.edu/?p=projects/galois/benchmarks/delaunay_mesh_refinement

INFO: CommandLine ./delaunayrefinement -t 1 /home/users/kkazatzis/Galois-2.2.1/inputs/meshes/r10k.1
INFO: Hostname haci1
Using bin for node
Using bin for ele
Using bin for poly
configuration: 20004 total triangles, 9775 bad triangles
Total Time: 0.08
80498 total triangles
Refinement OK
STATTYPE,LOOP,CATEGORY,n,sum,T0
STAT,(NULL),Conflicts,1,0,0
STAT,(NULL),Iterations,1,9775,9775
STAT,(NULL),MeminfoMid,1,33,33
STAT,(NULL),MeminfoPost,1,33,33
STAT,(NULL),MeminfoPre1,1,3,3
STAT,(NULL),MeminfoPre2,1,33,33
STAT,(NULL),OuterRoundsExecuted,1,4,4
STAT,(NULL),RoundsExecuted,1,4,4
STAT,(NULL),Threads,1,1,1
STAT,(NULL),Time,1,76,76
STAT,(NULL),refine,1,75,75
STAT,count_if,LoopTime,1,8,8
STAT,refine,Conflicts,1,0,0
STAT,refine,Iterations,1,52447,52447
STAT,refine,LoopTime,1,73,73
Galois Benchmark Suite v2.2.1 (r0)
Copyright (C) 2014 The University of Texas at Austin
http://iss.ices.utexas.edu/galois/

application: Delaunay Mesh Refinement
Refines a Delaunay triangulation mesh such that no angle in the mesh is less than 30 degrees
http://iss.ices.utexas.edu/?p=projects/galois/benchmarks/delaunay_mesh_refinement

INFO: CommandLine ./delaunayrefinement -t 1 /home/users/kkazatzis/Galois-2.2.1/inputs/meshes/r10k.1
INFO: Hostname haci1
Using bin for node
Using bin for ele
Using bin for poly
configuration: 20004 total triangles, 9775 bad triangles
Total Time: 0.08
80498 total triangles
Refinement OK
STATTYPE,LOOP,CATEGORY,n,sum,T0
STAT,(NULL),Conflicts,1,0,0
STAT,(NULL),Iterations,1,9775,9775
STAT,(NULL),MeminfoMid,1,33,33
STAT,(NULL),MeminfoPost,1,33,33
STAT,(NULL),MeminfoPre1,1,3,3
STAT,(NULL),MeminfoPre2,1,33,33
STAT,(NULL),OuterRoundsExecuted,1,4,4
STAT,(NULL),RoundsExecuted,1,4,4
STAT,(NULL),Threads,1,1,1
STAT,(NULL),Time,1,76,76
STAT,(NULL),refine,1,75,75
STAT,count_if,LoopTime,1,8,8
STAT,refine,Conflicts,1,0,0
STAT,refine,Iterations,1,52447,52447
STAT,refine,LoopTime,1,73,73
Galois Benchmark Suite v2.2.1 (r0)
Copyright (C) 2014 The University of Texas at Austin
http://iss.ices.utexas.edu/galois/

application: Delaunay Mesh Refinement
Refines a Delaunay triangulation mesh such that no angle in the mesh is less than 30 degrees
http://iss.ices.utexas.edu/?p=projects/galois/benchmarks/delaunay_mesh_refinement

INFO: CommandLine ./delaunayrefinement -t 2 /home/users/kkazatzis/Galois-2.2.1/inputs/meshes/r10k.1
INFO: Hostname haci1
Using bin for node
Using bin for ele
Using bin for poly
configuration: 20004 total triangles, 9775 bad triangles
Total Time: 0.08
80620 total triangles
Refinement OK
STATTYPE,LOOP,CATEGORY,n,sum,T0,T1
STAT,(NULL),Conflicts,2,0,0,0
STAT,(NULL),Iterations,2,9775,4888,4887
STAT,(NULL),MeminfoMid,2,44,22,22
STAT,(NULL),MeminfoPost,2,44,22,22
STAT,(NULL),MeminfoPre1,2,4,2,2
STAT,(NULL),MeminfoPre2,2,44,22,22
STAT,(NULL),OuterRoundsExecuted,2,4,4,0
STAT,(NULL),RoundsExecuted,2,4,4,0
STAT,(NULL),Threads,2,2,2,0
STAT,(NULL),Time,2,41,41,0
STAT,(NULL),refine,2,41,41,0
STAT,count_if,LoopTime,2,8,8,0
STAT,refine,Conflicts,2,0,0,0
STAT,refine,Iterations,2,52521,26022,26499
STAT,refine,LoopTime,2,40,40,0
Galois Benchmark Suite v2.2.1 (r0)
Copyright (C) 2014 The University of Texas at Austin
http://iss.ices.utexas.edu/galois/

application: Delaunay Mesh Refinement
Refines a Delaunay triangulation mesh such that no angle in the mesh is less than 30 degrees
http://iss.ices.utexas.edu/?p=projects/galois/benchmarks/delaunay_mesh_refinement

INFO: CommandLine ./delaunayrefinement -t 2 /home/users/kkazatzis/Galois-2.2.1/inputs/meshes/r10k.1
INFO: Hostname haci1
Using bin for node
Using bin for ele
Using bin for poly
configuration: 20004 total triangles, 9775 bad triangles
Total Time: 0.08
80620 total triangles
Refinement OK
STATTYPE,LOOP,CATEGORY,n,sum,T0,T1
STAT,(NULL),Conflicts,2,0,0,0
STAT,(NULL),Iterations,2,9775,4952,4823
STAT,(NULL),MeminfoMid,2,44,22,22
STAT,(NULL),MeminfoPost,2,44,22,22
STAT,(NULL),MeminfoPre1,2,4,2,2
STAT,(NULL),MeminfoPre2,2,44,22,22
STAT,(NULL),OuterRoundsExecuted,2,4,4,0
STAT,(NULL),RoundsExecuted,2,4,4,0
STAT,(NULL),Threads,2,2,2,0
STAT,(NULL),Time,2,41,41,0
STAT,(NULL),refine,2,41,41,0
STAT,count_if,LoopTime,2,8,8,0
STAT,refine,Conflicts,2,0,0,0
STAT,refine,Iterations,2,52521,26073,26448
STAT,refine,LoopTime,2,40,40,0
Galois Benchmark Suite v2.2.1 (r0)
Copyright (C) 2014 The University of Texas at Austin
http://iss.ices.utexas.edu/galois/

application: Delaunay Mesh Refinement
Refines a Delaunay triangulation mesh such that no angle in the mesh is less than 30 degrees
http://iss.ices.utexas.edu/?p=projects/galois/benchmarks/delaunay_mesh_refinement

INFO: CommandLine ./delaunayrefinement -t 2 /home/users/kkazatzis/Galois-2.2.1/inputs/meshes/r10k.1
INFO: Hostname haci1
Using bin for node
Using bin for ele
Using bin for poly
configuration: 20004 total triangles, 9775 bad triangles
Total Time: 0.08
80620 total triangles
Refinement OK
STATTYPE,LOOP,CATEGORY,n,sum,T0,T1
STAT,(NULL),Conflicts,2,0,0,0
STAT,(NULL),Iterations,2,9775,4792,4983
STAT,(NULL),MeminfoMid,2,44,22,22
STAT,(NULL),MeminfoPost,2,44,22,22
STAT,(NULL),MeminfoPre1,2,4,2,2
STAT,(NULL),MeminfoPre2,2,44,22,22
STAT,(NULL),OuterRoundsExecuted,2,4,4,0
STAT,(NULL),RoundsExecuted,2,4,4,0
STAT,(NULL),Threads,2,2,2,0
STAT,(NULL),Time,2,41,41,0
STAT,(NULL),refine,2,41,41,0
STAT,count_if,LoopTime,2,8,8,0
STAT,refine,Conflicts,2,0,0,0
STAT,refine,Iterations,2,52521,26022,26499
STAT,refine,LoopTime,2,40,40,0
Galois Benchmark Suite v2.2.1 (r0)
Copyright (C) 2014 The University of Texas at Austin
http://iss.ices.utexas.edu/galois/

application: Delaunay Mesh Refinement
Refines a Delaunay triangulation mesh such that no angle in the mesh is less than 30 degrees
http://iss.ices.utexas.edu/?p=projects/galois/benchmarks/delaunay_mesh_refinement

INFO: CommandLine ./delaunayrefinement -t 2 /home/users/kkazatzis/Galois-2.2.1/inputs/meshes/r10k.1
INFO: Hostname haci1
Using bin for node
Using bin for ele
Using bin for poly
configuration: 20004 total triangles, 9775 bad triangles
Total Time: 0.08
80618 total triangles
Refinement OK
STATTYPE,LOOP,CATEGORY,n,sum,T0,T1
STAT,(NULL),Conflicts,2,0,0,0
STAT,(NULL),Iterations,2,9775,4888,4887
STAT,(NULL),MeminfoMid,2,44,22,22
STAT,(NULL),MeminfoPost,2,44,22,22
STAT,(NULL),MeminfoPre1,2,4,2,2
STAT,(NULL),MeminfoPre2,2,44,22,22
STAT,(NULL),OuterRoundsExecuted,2,4,4,0
STAT,(NULL),RoundsExecuted,2,4,4,0
STAT,(NULL),Threads,2,2,2,0
STAT,(NULL),Time,2,41,41,0
STAT,(NULL),refine,2,41,41,0
STAT,count_if,LoopTime,2,8,8,0
STAT,refine,Conflicts,2,0,0,0
STAT,refine,Iterations,2,52520,26120,26400
STAT,refine,LoopTime,2,40,40,0
Galois Benchmark Suite v2.2.1 (r0)
Copyright (C) 2014 The University of Texas at Austin
http://iss.ices.utexas.edu/galois/

application: Delaunay Mesh Refinement
Refines a Delaunay triangulation mesh such that no angle in the mesh is less than 30 degrees
http://iss.ices.utexas.edu/?p=projects/galois/benchmarks/delaunay_mesh_refinement

INFO: CommandLine ./delaunayrefinement -t 2 /home/users/kkazatzis/Galois-2.2.1/inputs/meshes/r10k.1
INFO: Hostname haci1
Using bin for node
Using bin for ele
Using bin for poly
configuration: 20004 total triangles, 9775 bad triangles
Total Time: 0.08
80620 total triangles
Refinement OK
STATTYPE,LOOP,CATEGORY,n,sum,T0,T1
STAT,(NULL),Conflicts,2,0,0,0
STAT,(NULL),Iterations,2,9775,4856,4919
STAT,(NULL),MeminfoMid,2,44,22,22
STAT,(NULL),MeminfoPost,2,44,22,22
STAT,(NULL),MeminfoPre1,2,4,2,2
STAT,(NULL),MeminfoPre2,2,44,22,22
STAT,(NULL),OuterRoundsExecuted,2,4,4,0
STAT,(NULL),RoundsExecuted,2,4,4,0
STAT,(NULL),Threads,2,2,2,0
STAT,(NULL),Time,2,41,41,0
STAT,(NULL),refine,2,41,41,0
STAT,count_if,LoopTime,2,8,8,0
STAT,refine,Conflicts,2,1,0,1
STAT,refine,Iterations,2,52522,26022,26500
STAT,refine,LoopTime,2,40,40,0
Galois Benchmark Suite v2.2.1 (r0)
Copyright (C) 2014 The University of Texas at Austin
http://iss.ices.utexas.edu/galois/

application: Delaunay Mesh Refinement
Refines a Delaunay triangulation mesh such that no angle in the mesh is less than 30 degrees
http://iss.ices.utexas.edu/?p=projects/galois/benchmarks/delaunay_mesh_refinement

INFO: CommandLine ./delaunayrefinement -t 2 /home/users/kkazatzis/Galois-2.2.1/inputs/meshes/r10k.1
INFO: Hostname haci1
Using bin for node
Using bin for ele
Using bin for poly
configuration: 20004 total triangles, 9775 bad triangles
Total Time: 0.08
80620 total triangles
Refinement OK
STATTYPE,LOOP,CATEGORY,n,sum,T0,T1
STAT,(NULL),Conflicts,2,0,0,0
STAT,(NULL),Iterations,2,9775,4888,4887
STAT,(NULL),MeminfoMid,2,44,22,22
STAT,(NULL),MeminfoPost,2,44,22,22
STAT,(NULL),MeminfoPre1,2,4,2,2
STAT,(NULL),MeminfoPre2,2,44,22,22
STAT,(NULL),OuterRoundsExecuted,2,4,4,0
STAT,(NULL),RoundsExecuted,2,4,4,0
STAT,(NULL),Threads,2,2,2,0
STAT,(NULL),Time,2,41,41,0
STAT,(NULL),refine,2,41,41,0
STAT,count_if,LoopTime,2,8,8,0
STAT,refine,Conflicts,2,0,0,0
STAT,refine,Iterations,2,52521,26073,26448
STAT,refine,LoopTime,2,40,40,0
Galois Benchmark Suite v2.2.1 (r0)
Copyright (C) 2014 The University of Texas at Austin
http://iss.ices.utexas.edu/galois/

application: Delaunay Mesh Refinement
Refines a Delaunay triangulation mesh such that no angle in the mesh is less than 30 degrees
http://iss.ices.utexas.edu/?p=projects/galois/benchmarks/delaunay_mesh_refinement

INFO: CommandLine ./delaunayrefinement -t 2 /home/users/kkazatzis/Galois-2.2.1/inputs/meshes/r10k.1
INFO: Hostname haci1
Using bin for node
Using bin for ele
Using bin for poly
configuration: 20004 total triangles, 9775 bad triangles
Total Time: 0.08
80620 total triangles
Refinement OK
STATTYPE,LOOP,CATEGORY,n,sum,T0,T1
STAT,(NULL),Conflicts,2,0,0,0
STAT,(NULL),Iterations,2,9775,4984,4791
STAT,(NULL),MeminfoMid,2,44,22,22
STAT,(NULL),MeminfoPost,2,44,22,22
STAT,(NULL),MeminfoPre1,2,4,2,2
STAT,(NULL),MeminfoPre2,2,44,22,22
STAT,(NULL),OuterRoundsExecuted,2,4,4,0
STAT,(NULL),RoundsExecuted,2,4,4,0
STAT,(NULL),Threads,2,2,2,0
STAT,(NULL),Time,2,41,41,0
STAT,(NULL),refine,2,41,41,0
STAT,count_if,LoopTime,2,8,8,0
STAT,refine,Conflicts,2,0,0,0
STAT,refine,Iterations,2,52521,26022,26499
STAT,refine,LoopTime,2,39,39,0
Galois Benchmark Suite v2.2.1 (r0)
Copyright (C) 2014 The University of Texas at Austin
http://iss.ices.utexas.edu/galois/

application: Delaunay Mesh Refinement
Refines a Delaunay triangulation mesh such that no angle in the mesh is less than 30 degrees
http://iss.ices.utexas.edu/?p=projects/galois/benchmarks/delaunay_mesh_refinement

INFO: CommandLine ./delaunayrefinement -t 2 /home/users/kkazatzis/Galois-2.2.1/inputs/meshes/r10k.1
INFO: Hostname haci1
Using bin for node
Using bin for ele
Using bin for poly
configuration: 20004 total triangles, 9775 bad triangles
Total Time: 0.08
80620 total triangles
Refinement OK
STATTYPE,LOOP,CATEGORY,n,sum,T0,T1
STAT,(NULL),Conflicts,2,0,0,0
STAT,(NULL),Iterations,2,9775,4888,4887
STAT,(NULL),MeminfoMid,2,44,22,22
STAT,(NULL),MeminfoPost,2,44,22,22
STAT,(NULL),MeminfoPre1,2,4,2,2
STAT,(NULL),MeminfoPre2,2,44,22,22
STAT,(NULL),OuterRoundsExecuted,2,4,4,0
STAT,(NULL),RoundsExecuted,2,4,4,0
STAT,(NULL),Threads,2,2,2,0
STAT,(NULL),Time,2,41,41,0
STAT,(NULL),refine,2,41,41,0
STAT,count_if,LoopTime,2,8,8,0
STAT,refine,Conflicts,2,0,0,0
STAT,refine,Iterations,2,52520,26072,26448
STAT,refine,LoopTime,2,40,40,0
Galois Benchmark Suite v2.2.1 (r0)
Copyright (C) 2014 The University of Texas at Austin
http://iss.ices.utexas.edu/galois/

application: Delaunay Mesh Refinement
Refines a Delaunay triangulation mesh such that no angle in the mesh is less than 30 degrees
http://iss.ices.utexas.edu/?p=projects/galois/benchmarks/delaunay_mesh_refinement

INFO: CommandLine ./delaunayrefinement -t 2 /home/users/kkazatzis/Galois-2.2.1/inputs/meshes/r10k.1
INFO: Hostname haci1
Using bin for node
Using bin for ele
Using bin for poly
configuration: 20004 total triangles, 9775 bad triangles
Total Time: 0.08
80620 total triangles
Refinement OK
STATTYPE,LOOP,CATEGORY,n,sum,T0,T1
STAT,(NULL),Conflicts,2,0,0,0
STAT,(NULL),Iterations,2,9775,4920,4855
STAT,(NULL),MeminfoMid,2,44,22,22
STAT,(NULL),MeminfoPost,2,44,22,22
STAT,(NULL),MeminfoPre1,2,4,2,2
STAT,(NULL),MeminfoPre2,2,44,22,22
STAT,(NULL),OuterRoundsExecuted,2,4,4,0
STAT,(NULL),RoundsExecuted,2,4,4,0
STAT,(NULL),Threads,2,2,2,0
STAT,(NULL),Time,2,41,41,0
STAT,(NULL),refine,2,41,41,0
STAT,count_if,LoopTime,2,8,8,0
STAT,refine,Conflicts,2,0,0,0
STAT,refine,Iterations,2,52521,26022,26499
STAT,refine,LoopTime,2,40,40,0
Galois Benchmark Suite v2.2.1 (r0)
Copyright (C) 2014 The University of Texas at Austin
http://iss.ices.utexas.edu/galois/

application: Delaunay Mesh Refinement
Refines a Delaunay triangulation mesh such that no angle in the mesh is less than 30 degrees
http://iss.ices.utexas.edu/?p=projects/galois/benchmarks/delaunay_mesh_refinement

INFO: CommandLine ./delaunayrefinement -t 2 /home/users/kkazatzis/Galois-2.2.1/inputs/meshes/r10k.1
INFO: Hostname haci1
Using bin for node
Using bin for ele
Using bin for poly
configuration: 20004 total triangles, 9775 bad triangles
Total Time: 0.08
80620 total triangles
Refinement OK
STATTYPE,LOOP,CATEGORY,n,sum,T0,T1
STAT,(NULL),Conflicts,2,0,0,0
STAT,(NULL),Iterations,2,9775,4984,4791
STAT,(NULL),MeminfoMid,2,44,22,22
STAT,(NULL),MeminfoPost,2,44,22,22
STAT,(NULL),MeminfoPre1,2,4,2,2
STAT,(NULL),MeminfoPre2,2,44,22,22
STAT,(NULL),OuterRoundsExecuted,2,4,4,0
STAT,(NULL),RoundsExecuted,2,4,4,0
STAT,(NULL),Threads,2,2,2,0
STAT,(NULL),Time,2,41,41,0
STAT,(NULL),refine,2,41,41,0
STAT,count_if,LoopTime,2,8,8,0
STAT,refine,Conflicts,2,0,0,0
STAT,refine,Iterations,2,52521,26022,26499
STAT,refine,LoopTime,2,40,40,0
Galois Benchmark Suite v2.2.1 (r0)
Copyright (C) 2014 The University of Texas at Austin
http://iss.ices.utexas.edu/galois/

application: Delaunay Mesh Refinement
Refines a Delaunay triangulation mesh such that no angle in the mesh is less than 30 degrees
http://iss.ices.utexas.edu/?p=projects/galois/benchmarks/delaunay_mesh_refinement

INFO: CommandLine ./delaunayrefinement -t 4 /home/users/kkazatzis/Galois-2.2.1/inputs/meshes/r10k.1
INFO: Hostname haci1
Using bin for node
Using bin for ele
Using bin for poly
configuration: 20004 total triangles, 9775 bad triangles
Total Time: 0.09
80534 total triangles
Refinement OK
STATTYPE,LOOP,CATEGORY,n,sum,T0,T1,T2,T3
STAT,(NULL),Conflicts,4,0,0,0,0,0
STAT,(NULL),Iterations,4,9775,2444,2444,2444,2443
STAT,(NULL),MeminfoMid,4,88,22,22,22,22
STAT,(NULL),MeminfoPost,4,88,22,22,22,22
STAT,(NULL),MeminfoPre1,4,8,2,2,2,2
STAT,(NULL),MeminfoPre2,4,88,22,22,22,22
STAT,(NULL),OuterRoundsExecuted,4,4,4,0,0,0
STAT,(NULL),RoundsExecuted,4,4,4,0,0,0
STAT,(NULL),Threads,4,4,4,0,0,0
STAT,(NULL),Time,4,21,21,0,0,0
STAT,(NULL),refine,4,20,20,0,0,0
STAT,allocate,LoopTime,4,1,1,0,0,0
STAT,count_if,LoopTime,4,9,9,0,0,0
STAT,refine,Conflicts,4,55,19,0,1,35
STAT,refine,Iterations,4,52596,12941,12876,13396,13383
STAT,refine,LoopTime,4,20,20,0,0,0
Galois Benchmark Suite v2.2.1 (r0)
Copyright (C) 2014 The University of Texas at Austin
http://iss.ices.utexas.edu/galois/

application: Delaunay Mesh Refinement
Refines a Delaunay triangulation mesh such that no angle in the mesh is less than 30 degrees
http://iss.ices.utexas.edu/?p=projects/galois/benchmarks/delaunay_mesh_refinement

INFO: CommandLine ./delaunayrefinement -t 4 /home/users/kkazatzis/Galois-2.2.1/inputs/meshes/r10k.1
INFO: Hostname haci1
Using bin for node
Using bin for ele
Using bin for poly
configuration: 20004 total triangles, 9775 bad triangles
Total Time: 0.08
80506 total triangles
Refinement OK
STATTYPE,LOOP,CATEGORY,n,sum,T0,T1,T2,T3
STAT,(NULL),Conflicts,4,0,0,0,0,0
STAT,(NULL),Iterations,4,9775,2444,2444,2380,2507
STAT,(NULL),MeminfoMid,4,88,22,22,22,22
STAT,(NULL),MeminfoPost,4,88,22,22,22,22
STAT,(NULL),MeminfoPre1,4,8,2,2,2,2
STAT,(NULL),MeminfoPre2,4,88,22,22,22,22
STAT,(NULL),OuterRoundsExecuted,4,4,4,0,0,0
STAT,(NULL),RoundsExecuted,4,4,4,0,0,0
STAT,(NULL),Threads,4,4,4,0,0,0
STAT,(NULL),Time,4,21,21,0,0,0
STAT,(NULL),refine,4,20,20,0,0,0
STAT,count_if,LoopTime,4,9,9,0,0,0
STAT,refine,Conflicts,4,65,27,1,1,36
STAT,refine,Iterations,4,52491,12965,12753,13389,13384
STAT,refine,LoopTime,4,20,20,0,0,0
Galois Benchmark Suite v2.2.1 (r0)
Copyright (C) 2014 The University of Texas at Austin
http://iss.ices.utexas.edu/galois/

application: Delaunay Mesh Refinement
Refines a Delaunay triangulation mesh such that no angle in the mesh is less than 30 degrees
http://iss.ices.utexas.edu/?p=projects/galois/benchmarks/delaunay_mesh_refinement

INFO: CommandLine ./delaunayrefinement -t 4 /home/users/kkazatzis/Galois-2.2.1/inputs/meshes/r10k.1
INFO: Hostname haci1
Using bin for node
Using bin for ele
Using bin for poly
configuration: 20004 total triangles, 9775 bad triangles
Total Time: 0.09
80482 total triangles
Refinement OK
STATTYPE,LOOP,CATEGORY,n,sum,T0,T1,T2,T3
STAT,(NULL),Conflicts,4,0,0,0,0,0
STAT,(NULL),Iterations,4,9775,2412,2476,2476,2411
STAT,(NULL),MeminfoMid,4,88,22,22,22,22
STAT,(NULL),MeminfoPost,4,88,22,22,22,22
STAT,(NULL),MeminfoPre1,4,8,2,2,2,2
STAT,(NULL),MeminfoPre2,4,88,22,22,22,22
STAT,(NULL),OuterRoundsExecuted,4,4,4,0,0,0
STAT,(NULL),RoundsExecuted,4,4,4,0,0,0
STAT,(NULL),Threads,4,4,4,0,0,0
STAT,(NULL),Time,4,21,21,0,0,0
STAT,(NULL),refine,4,20,20,0,0,0
STAT,allocate,LoopTime,4,1,1,0,0,0
STAT,count_if,LoopTime,4,9,9,0,0,0
STAT,refine,Conflicts,4,36,17,2,3,14
STAT,refine,Iterations,4,52559,12905,12873,13606,13175
STAT,refine,LoopTime,4,20,20,0,0,0
Galois Benchmark Suite v2.2.1 (r0)
Copyright (C) 2014 The University of Texas at Austin
http://iss.ices.utexas.edu/galois/

application: Delaunay Mesh Refinement
Refines a Delaunay triangulation mesh such that no angle in the mesh is less than 30 degrees
http://iss.ices.utexas.edu/?p=projects/galois/benchmarks/delaunay_mesh_refinement

INFO: CommandLine ./delaunayrefinement -t 4 /home/users/kkazatzis/Galois-2.2.1/inputs/meshes/r10k.1
INFO: Hostname haci1
Using bin for node
Using bin for ele
Using bin for poly
configuration: 20004 total triangles, 9775 bad triangles
Total Time: 0.08
80514 total triangles
Refinement OK
STATTYPE,LOOP,CATEGORY,n,sum,T0,T1,T2,T3
STAT,(NULL),Conflicts,4,0,0,0,0,0
STAT,(NULL),Iterations,4,9775,2508,2476,2444,2347
STAT,(NULL),MeminfoMid,4,88,22,22,22,22
STAT,(NULL),MeminfoPost,4,88,22,22,22,22
STAT,(NULL),MeminfoPre1,4,8,2,2,2,2
STAT,(NULL),MeminfoPre2,4,88,22,22,22,22
STAT,(NULL),OuterRoundsExecuted,4,4,4,0,0,0
STAT,(NULL),RoundsExecuted,4,4,4,0,0,0
STAT,(NULL),Threads,4,4,4,0,0,0
STAT,(NULL),Time,4,21,21,0,0,0
STAT,(NULL),refine,4,20,20,0,0,0
STAT,allocate,LoopTime,4,1,1,0,0,0
STAT,count_if,LoopTime,4,9,9,0,0,0
STAT,refine,Conflicts,4,27,10,2,2,13
STAT,refine,Iterations,4,52562,12916,13008,13513,13125
STAT,refine,LoopTime,4,20,20,0,0,0
Galois Benchmark Suite v2.2.1 (r0)
Copyright (C) 2014 The University of Texas at Austin
http://iss.ices.utexas.edu/galois/

application: Delaunay Mesh Refinement
Refines a Delaunay triangulation mesh such that no angle in the mesh is less than 30 degrees
http://iss.ices.utexas.edu/?p=projects/galois/benchmarks/delaunay_mesh_refinement

INFO: CommandLine ./delaunayrefinement -t 4 /home/users/kkazatzis/Galois-2.2.1/inputs/meshes/r10k.1
INFO: Hostname haci1
Using bin for node
Using bin for ele
Using bin for poly
configuration: 20004 total triangles, 9775 bad triangles
Total Time: 0.08
80512 total triangles
Refinement OK
STATTYPE,LOOP,CATEGORY,n,sum,T0,T1,T2,T3
STAT,(NULL),Conflicts,4,0,0,0,0,0
STAT,(NULL),Iterations,4,9775,2508,2412,2444,2411
STAT,(NULL),MeminfoMid,4,88,22,22,22,22
STAT,(NULL),MeminfoPost,4,88,22,22,22,22
STAT,(NULL),MeminfoPre1,4,8,2,2,2,2
STAT,(NULL),MeminfoPre2,4,88,22,22,22,22
STAT,(NULL),OuterRoundsExecuted,4,4,4,0,0,0
STAT,(NULL),RoundsExecuted,4,4,4,0,0,0
STAT,(NULL),Threads,4,4,4,0,0,0
STAT,(NULL),Time,4,21,21,0,0,0
STAT,(NULL),refine,4,20,20,0,0,0
STAT,allocate,LoopTime,4,1,1,0,0,0
STAT,count_if,LoopTime,4,9,9,0,0,0
STAT,refine,Conflicts,4,57,19,0,0,38
STAT,refine,Iterations,4,52582,12985,12876,13390,13331
STAT,refine,LoopTime,4,20,20,0,0,0
Galois Benchmark Suite v2.2.1 (r0)
Copyright (C) 2014 The University of Texas at Austin
http://iss.ices.utexas.edu/galois/

application: Delaunay Mesh Refinement
Refines a Delaunay triangulation mesh such that no angle in the mesh is less than 30 degrees
http://iss.ices.utexas.edu/?p=projects/galois/benchmarks/delaunay_mesh_refinement

INFO: CommandLine ./delaunayrefinement -t 4 /home/users/kkazatzis/Galois-2.2.1/inputs/meshes/r10k.1
INFO: Hostname haci1
Using bin for node
Using bin for ele
Using bin for poly
configuration: 20004 total triangles, 9775 bad triangles
Total Time: 0.08
80516 total triangles
Refinement OK
STATTYPE,LOOP,CATEGORY,n,sum,T0,T1,T2,T3
STAT,(NULL),Conflicts,4,0,0,0,0,0
STAT,(NULL),Iterations,4,9775,2444,2476,2412,2443
STAT,(NULL),MeminfoMid,4,88,22,22,22,22
STAT,(NULL),MeminfoPost,4,88,22,22,22,22
STAT,(NULL),MeminfoPre1,4,8,2,2,2,2
STAT,(NULL),MeminfoPre2,4,88,22,22,22,22
STAT,(NULL),OuterRoundsExecuted,4,4,4,0,0,0
STAT,(NULL),RoundsExecuted,4,4,4,0,0,0
STAT,(NULL),Threads,4,4,4,0,0,0
STAT,(NULL),Time,4,21,21,0,0,0
STAT,(NULL),refine,4,20,20,0,0,0
STAT,allocate,LoopTime,4,1,1,0,0,0
STAT,count_if,LoopTime,4,9,9,0,0,0
STAT,refine,Conflicts,4,52,33,6,0,13
STAT,refine,Iterations,4,52599,12809,13052,13573,13165
STAT,refine,LoopTime,4,20,20,0,0,0
Galois Benchmark Suite v2.2.1 (r0)
Copyright (C) 2014 The University of Texas at Austin
http://iss.ices.utexas.edu/galois/

application: Delaunay Mesh Refinement
Refines a Delaunay triangulation mesh such that no angle in the mesh is less than 30 degrees
http://iss.ices.utexas.edu/?p=projects/galois/benchmarks/delaunay_mesh_refinement

INFO: CommandLine ./delaunayrefinement -t 4 /home/users/kkazatzis/Galois-2.2.1/inputs/meshes/r10k.1
INFO: Hostname haci1
Using bin for node
Using bin for ele
Using bin for poly
configuration: 20004 total triangles, 9775 bad triangles
Total Time: 0.09
80468 total triangles
Refinement OK
STATTYPE,LOOP,CATEGORY,n,sum,T0,T1,T2,T3
STAT,(NULL),Conflicts,4,0,0,0,0,0
STAT,(NULL),Iterations,4,9775,2380,2380,2476,2539
STAT,(NULL),MeminfoMid,4,88,22,22,22,22
STAT,(NULL),MeminfoPost,4,88,22,22,22,22
STAT,(NULL),MeminfoPre1,4,8,2,2,2,2
STAT,(NULL),MeminfoPre2,4,88,22,22,22,22
STAT,(NULL),OuterRoundsExecuted,4,4,4,0,0,0
STAT,(NULL),RoundsExecuted,4,4,4,0,0,0
STAT,(NULL),Threads,4,4,4,0,0,0
STAT,(NULL),Time,4,21,21,0,0,0
STAT,(NULL),refine,4,20,20,0,0,0
STAT,allocate,LoopTime,4,1,1,0,0,0
STAT,count_if,LoopTime,4,9,9,0,0,0
STAT,refine,Conflicts,4,33,16,4,0,13
STAT,refine,Iterations,4,52518,12940,12862,13619,13097
STAT,refine,LoopTime,4,20,20,0,0,0
Galois Benchmark Suite v2.2.1 (r0)
Copyright (C) 2014 The University of Texas at Austin
http://iss.ices.utexas.edu/galois/

application: Delaunay Mesh Refinement
Refines a Delaunay triangulation mesh such that no angle in the mesh is less than 30 degrees
http://iss.ices.utexas.edu/?p=projects/galois/benchmarks/delaunay_mesh_refinement

INFO: CommandLine ./delaunayrefinement -t 4 /home/users/kkazatzis/Galois-2.2.1/inputs/meshes/r10k.1
INFO: Hostname haci1
Using bin for node
Using bin for ele
Using bin for poly
configuration: 20004 total triangles, 9775 bad triangles
Total Time: 0.08
80408 total triangles
Refinement OK
STATTYPE,LOOP,CATEGORY,n,sum,T0,T1,T2,T3
STAT,(NULL),Conflicts,4,0,0,0,0,0
STAT,(NULL),Iterations,4,9775,2476,2444,2444,2411
STAT,(NULL),MeminfoMid,4,88,22,22,22,22
STAT,(NULL),MeminfoPost,4,88,22,22,22,22
STAT,(NULL),MeminfoPre1,4,8,2,2,2,2
STAT,(NULL),MeminfoPre2,4,88,22,22,22,22
STAT,(NULL),OuterRoundsExecuted,4,4,4,0,0,0
STAT,(NULL),RoundsExecuted,4,4,4,0,0,0
STAT,(NULL),Threads,4,4,4,0,0,0
STAT,(NULL),Time,4,21,21,0,0,0
STAT,(NULL),refine,4,20,20,0,0,0
STAT,allocate,LoopTime,4,1,1,0,0,0
STAT,count_if,LoopTime,4,9,9,0,0,0
STAT,refine,Conflicts,4,74,19,3,17,35
STAT,refine,Iterations,4,52447,12886,12858,13352,13351
STAT,refine,LoopTime,4,20,20,0,0,0
Galois Benchmark Suite v2.2.1 (r0)
Copyright (C) 2014 The University of Texas at Austin
http://iss.ices.utexas.edu/galois/

application: Delaunay Mesh Refinement
Refines a Delaunay triangulation mesh such that no angle in the mesh is less than 30 degrees
http://iss.ices.utexas.edu/?p=projects/galois/benchmarks/delaunay_mesh_refinement

INFO: CommandLine ./delaunayrefinement -t 4 /home/users/kkazatzis/Galois-2.2.1/inputs/meshes/r10k.1
INFO: Hostname haci1
Using bin for node
Using bin for ele
Using bin for poly
configuration: 20004 total triangles, 9775 bad triangles
Total Time: 0.08
80196 total triangles
Refinement OK
STATTYPE,LOOP,CATEGORY,n,sum,T0,T1,T2,T3
STAT,(NULL),Conflicts,4,0,0,0,0,0
STAT,(NULL),Iterations,4,9775,2444,2444,2444,2443
STAT,(NULL),MeminfoMid,4,88,22,22,22,22
STAT,(NULL),MeminfoPost,4,88,22,22,22,22
STAT,(NULL),MeminfoPre1,4,8,2,2,2,2
STAT,(NULL),MeminfoPre2,4,88,22,22,22,22
STAT,(NULL),OuterRoundsExecuted,4,4,4,0,0,0
STAT,(NULL),RoundsExecuted,4,4,4,0,0,0
STAT,(NULL),Threads,4,4,4,0,0,0
STAT,(NULL),Time,4,21,21,0,0,0
STAT,(NULL),refine,4,20,20,0,0,0
STAT,count_if,LoopTime,4,9,9,0,0,0
STAT,refine,Conflicts,4,96,37,12,8,39
STAT,refine,Iterations,4,52289,12906,12881,13371,13131
STAT,refine,LoopTime,4,20,20,0,0,0
Galois Benchmark Suite v2.2.1 (r0)
Copyright (C) 2014 The University of Texas at Austin
http://iss.ices.utexas.edu/galois/

application: Delaunay Mesh Refinement
Refines a Delaunay triangulation mesh such that no angle in the mesh is less than 30 degrees
http://iss.ices.utexas.edu/?p=projects/galois/benchmarks/delaunay_mesh_refinement

INFO: CommandLine ./delaunayrefinement -t 4 /home/users/kkazatzis/Galois-2.2.1/inputs/meshes/r10k.1
INFO: Hostname haci1
Using bin for node
Using bin for ele
Using bin for poly
configuration: 20004 total triangles, 9775 bad triangles
Total Time: 0.08
80350 total triangles
Refinement OK
STATTYPE,LOOP,CATEGORY,n,sum,T0,T1,T2,T3
STAT,(NULL),Conflicts,4,0,0,0,0,0
STAT,(NULL),Iterations,4,9775,2508,2444,2412,2411
STAT,(NULL),MeminfoMid,4,88,22,22,22,22
STAT,(NULL),MeminfoPost,4,88,22,22,22,22
STAT,(NULL),MeminfoPre1,4,8,2,2,2,2
STAT,(NULL),MeminfoPre2,4,88,22,22,22,22
STAT,(NULL),OuterRoundsExecuted,4,4,4,0,0,0
STAT,(NULL),RoundsExecuted,4,4,4,0,0,0
STAT,(NULL),Threads,4,4,4,0,0,0
STAT,(NULL),Time,4,21,21,0,0,0
STAT,(NULL),refine,4,20,20,0,0,0
STAT,allocate,LoopTime,4,1,1,0,0,0
STAT,count_if,LoopTime,4,9,9,0,0,0
STAT,refine,Conflicts,4,27,4,0,0,23
STAT,refine,Iterations,4,52326,13022,12992,13357,12955
STAT,refine,LoopTime,4,20,20,0,0,0
Galois Benchmark Suite v2.2.1 (r0)
Copyright (C) 2014 The University of Texas at Austin
http://iss.ices.utexas.edu/galois/

application: Delaunay Mesh Refinement
Refines a Delaunay triangulation mesh such that no angle in the mesh is less than 30 degrees
http://iss.ices.utexas.edu/?p=projects/galois/benchmarks/delaunay_mesh_refinement

INFO: CommandLine ./delaunayrefinement -t 8 /home/users/kkazatzis/Galois-2.2.1/inputs/meshes/r10k.1
INFO: Hostname haci1
Using bin for node
Using bin for ele
Using bin for poly
configuration: 20004 total triangles, 9775 bad triangles
Total Time: 0.14
80472 total triangles
Refinement OK
STATTYPE,LOOP,CATEGORY,n,sum,T0,T1,T2,T3,T4,T5,T6,T7
STAT,(NULL),Conflicts,8,0,0,0,0,0,0,0,0,0
STAT,(NULL),Iterations,8,9775,1254,1222,1222,1222,1254,1222,1190,1189
STAT,(NULL),MeminfoMid,8,176,22,22,22,22,22,22,22,22
STAT,(NULL),MeminfoPost,8,176,22,22,22,22,22,22,22,22
STAT,(NULL),MeminfoPre1,8,16,2,2,2,2,2,2,2,2
STAT,(NULL),MeminfoPre2,8,176,22,22,22,22,22,22,22,22
STAT,(NULL),OuterRoundsExecuted,8,4,4,0,0,0,0,0,0,0
STAT,(NULL),RoundsExecuted,8,4,4,0,0,0,0,0,0,0
STAT,(NULL),Threads,8,8,8,0,0,0,0,0,0,0
STAT,(NULL),Time,8,17,17,0,0,0,0,0,0,0
STAT,(NULL),refine,8,16,16,0,0,0,0,0,0,0
STAT,allocate,LoopTime,8,2,2,0,0,0,0,0,0,0
STAT,count_if,LoopTime,8,12,12,0,0,0,0,0,0,0
STAT,refine,Conflicts,8,121,15,52,2,3,7,16,3,23
STAT,refine,Iterations,8,52629,6422,6488,6573,6458,6864,6735,6193,6896
STAT,refine,LoopTime,8,16,16,0,0,0,0,0,0,0
Galois Benchmark Suite v2.2.1 (r0)
Copyright (C) 2014 The University of Texas at Austin
http://iss.ices.utexas.edu/galois/

application: Delaunay Mesh Refinement
Refines a Delaunay triangulation mesh such that no angle in the mesh is less than 30 degrees
http://iss.ices.utexas.edu/?p=projects/galois/benchmarks/delaunay_mesh_refinement

INFO: CommandLine ./delaunayrefinement -t 8 /home/users/kkazatzis/Galois-2.2.1/inputs/meshes/r10k.1
INFO: Hostname haci1
Using bin for node
Using bin for ele
Using bin for poly
configuration: 20004 total triangles, 9775 bad triangles
Total Time: 0.14
80542 total triangles
Refinement OK
STATTYPE,LOOP,CATEGORY,n,sum,T0,T1,T2,T3,T4,T5,T6,T7
STAT,(NULL),Conflicts,8,0,0,0,0,0,0,0,0,0
STAT,(NULL),Iterations,8,9775,1222,1222,1222,1190,1222,1222,1254,1221
STAT,(NULL),MeminfoMid,8,176,22,22,22,22,22,22,22,22
STAT,(NULL),MeminfoPost,8,176,22,22,22,22,22,22,22,22
STAT,(NULL),MeminfoPre1,8,16,2,2,2,2,2,2,2,2
STAT,(NULL),MeminfoPre2,8,176,22,22,22,22,22,22,22,22
STAT,(NULL),OuterRoundsExecuted,8,4,4,0,0,0,0,0,0,0
STAT,(NULL),RoundsExecuted,8,4,4,0,0,0,0,0,0,0
STAT,(NULL),Threads,8,8,8,0,0,0,0,0,0,0
STAT,(NULL),Time,8,17,17,0,0,0,0,0,0,0
STAT,(NULL),refine,8,16,16,0,0,0,0,0,0,0
STAT,allocate,LoopTime,8,2,2,0,0,0,0,0,0,0
STAT,count_if,LoopTime,8,14,14,0,0,0,0,0,0,0
STAT,refine,Conflicts,8,122,23,31,0,9,10,11,25,13
STAT,refine,Iterations,8,52662,6196,6589,6684,6593,6681,6907,6326,6686
STAT,refine,LoopTime,8,16,16,0,0,0,0,0,0,0
Galois Benchmark Suite v2.2.1 (r0)
Copyright (C) 2014 The University of Texas at Austin
http://iss.ices.utexas.edu/galois/

application: Delaunay Mesh Refinement
Refines a Delaunay triangulation mesh such that no angle in the mesh is less than 30 degrees
http://iss.ices.utexas.edu/?p=projects/galois/benchmarks/delaunay_mesh_refinement

INFO: CommandLine ./delaunayrefinement -t 8 /home/users/kkazatzis/Galois-2.2.1/inputs/meshes/r10k.1
INFO: Hostname haci1
Using bin for node
Using bin for ele
Using bin for poly
configuration: 20004 total triangles, 9775 bad triangles
Total Time: 0.14
80326 total triangles
Refinement OK
STATTYPE,LOOP,CATEGORY,n,sum,T0,T1,T2,T3,T4,T5,T6,T7
STAT,(NULL),Conflicts,8,0,0,0,0,0,0,0,0,0
STAT,(NULL),Iterations,8,9775,1222,1222,1222,1222,1222,1222,1222,1221
STAT,(NULL),MeminfoMid,8,176,22,22,22,22,22,22,22,22
STAT,(NULL),MeminfoPost,8,176,22,22,22,22,22,22,22,22
STAT,(NULL),MeminfoPre1,8,16,2,2,2,2,2,2,2,2
STAT,(NULL),MeminfoPre2,8,176,22,22,22,22,22,22,22,22
STAT,(NULL),OuterRoundsExecuted,8,4,4,0,0,0,0,0,0,0
STAT,(NULL),RoundsExecuted,8,4,4,0,0,0,0,0,0,0
STAT,(NULL),Threads,8,8,8,0,0,0,0,0,0,0
STAT,(NULL),Time,8,17,17,0,0,0,0,0,0,0
STAT,(NULL),refine,8,16,16,0,0,0,0,0,0,0
STAT,allocate,LoopTime,8,2,2,0,0,0,0,0,0,0
STAT,count_if,LoopTime,8,13,13,0,0,0,0,0,0,0
STAT,refine,Conflicts,8,98,1,22,9,5,9,12,24,16
STAT,refine,Iterations,8,52383,6258,6692,6503,6523,6587,6772,6289,6759
STAT,refine,LoopTime,8,16,16,0,0,0,0,0,0,0
Galois Benchmark Suite v2.2.1 (r0)
Copyright (C) 2014 The University of Texas at Austin
http://iss.ices.utexas.edu/galois/

application: Delaunay Mesh Refinement
Refines a Delaunay triangulation mesh such that no angle in the mesh is less than 30 degrees
http://iss.ices.utexas.edu/?p=projects/galois/benchmarks/delaunay_mesh_refinement

INFO: CommandLine ./delaunayrefinement -t 8 /home/users/kkazatzis/Galois-2.2.1/inputs/meshes/r10k.1
INFO: Hostname haci1
Using bin for node
Using bin for ele
Using bin for poly
configuration: 20004 total triangles, 9775 bad triangles
Total Time: 0.14
80472 total triangles
Refinement OK
STATTYPE,LOOP,CATEGORY,n,sum,T0,T1,T2,T3,T4,T5,T6,T7
STAT,(NULL),Conflicts,8,0,0,0,0,0,0,0,0,0
STAT,(NULL),Iterations,8,9775,1254,1222,1190,1222,1254,1222,1222,1189
STAT,(NULL),MeminfoMid,8,176,22,22,22,22,22,22,22,22
STAT,(NULL),MeminfoPost,8,176,22,22,22,22,22,22,22,22
STAT,(NULL),MeminfoPre1,8,16,2,2,2,2,2,2,2,2
STAT,(NULL),MeminfoPre2,8,176,22,22,22,22,22,22,22,22
STAT,(NULL),OuterRoundsExecuted,8,4,4,0,0,0,0,0,0,0
STAT,(NULL),RoundsExecuted,8,4,4,0,0,0,0,0,0,0
STAT,(NULL),Threads,8,8,8,0,0,0,0,0,0,0
STAT,(NULL),Time,8,17,17,0,0,0,0,0,0,0
STAT,(NULL),refine,8,16,16,0,0,0,0,0,0,0
STAT,allocate,LoopTime,8,2,2,0,0,0,0,0,0,0
STAT,count_if,LoopTime,8,13,13,0,0,0,0,0,0,0
STAT,refine,Conflicts,8,160,0,12,0,3,27,35,14,69
STAT,refine,Iterations,8,52602,6279,6721,6620,6446,6679,6775,6324,6758
STAT,refine,LoopTime,8,16,16,0,0,0,0,0,0,0
Galois Benchmark Suite v2.2.1 (r0)
Copyright (C) 2014 The University of Texas at Austin
http://iss.ices.utexas.edu/galois/

application: Delaunay Mesh Refinement
Refines a Delaunay triangulation mesh such that no angle in the mesh is less than 30 degrees
http://iss.ices.utexas.edu/?p=projects/galois/benchmarks/delaunay_mesh_refinement

INFO: CommandLine ./delaunayrefinement -t 8 /home/users/kkazatzis/Galois-2.2.1/inputs/meshes/r10k.1
INFO: Hostname haci1
Using bin for node
Using bin for ele
Using bin for poly
configuration: 20004 total triangles, 9775 bad triangles
Total Time: 0.14
80286 total triangles
Refinement OK
STATTYPE,LOOP,CATEGORY,n,sum,T0,T1,T2,T3,T4,T5,T6,T7
STAT,(NULL),Conflicts,8,0,0,0,0,0,0,0,0,0
STAT,(NULL),Iterations,8,9775,1222,1222,1222,1222,1222,1222,1222,1221
STAT,(NULL),MeminfoMid,8,176,22,22,22,22,22,22,22,22
STAT,(NULL),MeminfoPost,8,176,22,22,22,22,22,22,22,22
STAT,(NULL),MeminfoPre1,8,16,2,2,2,2,2,2,2,2
STAT,(NULL),MeminfoPre2,8,176,22,22,22,22,22,22,22,22
STAT,(NULL),OuterRoundsExecuted,8,4,4,0,0,0,0,0,0,0
STAT,(NULL),RoundsExecuted,8,4,4,0,0,0,0,0,0,0
STAT,(NULL),Threads,8,8,8,0,0,0,0,0,0,0
STAT,(NULL),Time,8,17,17,0,0,0,0,0,0,0
STAT,(NULL),refine,8,16,16,0,0,0,0,0,0,0
STAT,allocate,LoopTime,8,2,2,0,0,0,0,0,0,0
STAT,count_if,LoopTime,8,13,13,0,0,0,0,0,0,0
STAT,refine,Conflicts,8,49,0,16,0,1,7,13,4,8
STAT,refine,Iterations,8,52277,6252,6523,6611,6451,6601,6819,6292,6728
STAT,refine,LoopTime,8,16,16,0,0,0,0,0,0,0
Galois Benchmark Suite v2.2.1 (r0)
Copyright (C) 2014 The University of Texas at Austin
http://iss.ices.utexas.edu/galois/

application: Delaunay Mesh Refinement
Refines a Delaunay triangulation mesh such that no angle in the mesh is less than 30 degrees
http://iss.ices.utexas.edu/?p=projects/galois/benchmarks/delaunay_mesh_refinement

INFO: CommandLine ./delaunayrefinement -t 8 /home/users/kkazatzis/Galois-2.2.1/inputs/meshes/r10k.1
INFO: Hostname haci1
Using bin for node
Using bin for ele
Using bin for poly
configuration: 20004 total triangles, 9775 bad triangles
Total Time: 0.14
80674 total triangles
Refinement OK
STATTYPE,LOOP,CATEGORY,n,sum,T0,T1,T2,T3,T4,T5,T6,T7
STAT,(NULL),Conflicts,8,0,0,0,0,0,0,0,0,0
STAT,(NULL),Iterations,8,9775,1254,1254,1190,1190,1222,1222,1222,1221
STAT,(NULL),MeminfoMid,8,176,22,22,22,22,22,22,22,22
STAT,(NULL),MeminfoPost,8,176,22,22,22,22,22,22,22,22
STAT,(NULL),MeminfoPre1,8,16,2,2,2,2,2,2,2,2
STAT,(NULL),MeminfoPre2,8,176,22,22,22,22,22,22,22,22
STAT,(NULL),OuterRoundsExecuted,8,4,4,0,0,0,0,0,0,0
STAT,(NULL),RoundsExecuted,8,4,4,0,0,0,0,0,0,0
STAT,(NULL),Threads,8,8,8,0,0,0,0,0,0,0
STAT,(NULL),Time,8,17,17,0,0,0,0,0,0,0
STAT,(NULL),refine,8,17,17,0,0,0,0,0,0,0
STAT,allocate,LoopTime,8,2,2,0,0,0,0,0,0,0
STAT,count_if,LoopTime,8,13,13,0,0,0,0,0,0,0
STAT,refine,Conflicts,8,132,1,45,6,0,12,8,6,54
STAT,refine,Iterations,8,52761,6211,6827,6682,6492,6581,6928,6389,6651
STAT,refine,LoopTime,8,16,16,0,0,0,0,0,0,0
Galois Benchmark Suite v2.2.1 (r0)
Copyright (C) 2014 The University of Texas at Austin
http://iss.ices.utexas.edu/galois/

application: Delaunay Mesh Refinement
Refines a Delaunay triangulation mesh such that no angle in the mesh is less than 30 degrees
http://iss.ices.utexas.edu/?p=projects/galois/benchmarks/delaunay_mesh_refinement

INFO: CommandLine ./delaunayrefinement -t 8 /home/users/kkazatzis/Galois-2.2.1/inputs/meshes/r10k.1
INFO: Hostname haci1
Using bin for node
Using bin for ele
Using bin for poly
configuration: 20004 total triangles, 9775 bad triangles
Total Time: 0.14
80098 total triangles
Refinement OK
STATTYPE,LOOP,CATEGORY,n,sum,T0,T1,T2,T3,T4,T5,T6,T7
STAT,(NULL),Conflicts,8,0,0,0,0,0,0,0,0,0
STAT,(NULL),Iterations,8,9775,1254,1222,1190,1222,1254,1222,1190,1221
STAT,(NULL),MeminfoMid,8,176,22,22,22,22,22,22,22,22
STAT,(NULL),MeminfoPost,8,176,22,22,22,22,22,22,22,22
STAT,(NULL),MeminfoPre1,8,16,2,2,2,2,2,2,2,2
STAT,(NULL),MeminfoPre2,8,176,22,22,22,22,22,22,22,22
STAT,(NULL),OuterRoundsExecuted,8,4,4,0,0,0,0,0,0,0
STAT,(NULL),RoundsExecuted,8,4,4,0,0,0,0,0,0,0
STAT,(NULL),Threads,8,8,8,0,0,0,0,0,0,0
STAT,(NULL),Time,8,17,17,0,0,0,0,0,0,0
STAT,(NULL),refine,8,16,16,0,0,0,0,0,0,0
STAT,allocate,LoopTime,8,2,2,0,0,0,0,0,0,0
STAT,count_if,LoopTime,8,13,13,0,0,0,0,0,0,0
STAT,refine,Conflicts,8,126,3,56,0,3,15,35,11,3
STAT,refine,Iterations,8,52259,6154,6604,6432,6502,6575,6965,6262,6765
STAT,refine,LoopTime,8,16,16,0,0,0,0,0,0,0
Galois Benchmark Suite v2.2.1 (r0)
Copyright (C) 2014 The University of Texas at Austin
http://iss.ices.utexas.edu/galois/

application: Delaunay Mesh Refinement
Refines a Delaunay triangulation mesh such that no angle in the mesh is less than 30 degrees
http://iss.ices.utexas.edu/?p=projects/galois/benchmarks/delaunay_mesh_refinement

INFO: CommandLine ./delaunayrefinement -t 8 /home/users/kkazatzis/Galois-2.2.1/inputs/meshes/r10k.1
INFO: Hostname haci1
Using bin for node
Using bin for ele
Using bin for poly
configuration: 20004 total triangles, 9775 bad triangles
Total Time: 0.14
80306 total triangles
Refinement OK
STATTYPE,LOOP,CATEGORY,n,sum,T0,T1,T2,T3,T4,T5,T6,T7
STAT,(NULL),Conflicts,8,0,0,0,0,0,0,0,0,0
STAT,(NULL),Iterations,8,9775,1222,1222,1222,1222,1222,1222,1222,1221
STAT,(NULL),MeminfoMid,8,176,22,22,22,22,22,22,22,22
STAT,(NULL),MeminfoPost,8,176,22,22,22,22,22,22,22,22
STAT,(NULL),MeminfoPre1,8,16,2,2,2,2,2,2,2,2
STAT,(NULL),MeminfoPre2,8,176,22,22,22,22,22,22,22,22
STAT,(NULL),OuterRoundsExecuted,8,4,4,0,0,0,0,0,0,0
STAT,(NULL),RoundsExecuted,8,4,4,0,0,0,0,0,0,0
STAT,(NULL),Threads,8,8,8,0,0,0,0,0,0,0
STAT,(NULL),Time,8,17,17,0,0,0,0,0,0,0
STAT,(NULL),refine,8,16,16,0,0,0,0,0,0,0
STAT,allocate,LoopTime,8,2,2,0,0,0,0,0,0,0
STAT,count_if,LoopTime,8,13,13,0,0,0,0,0,0,0
STAT,refine,Conflicts,8,48,1,19,0,6,5,6,6,5
STAT,refine,Iterations,8,52299,6228,6559,6400,6432,6696,6901,6272,6811
STAT,refine,LoopTime,8,16,16,0,0,0,0,0,0,0
Galois Benchmark Suite v2.2.1 (r0)
Copyright (C) 2014 The University of Texas at Austin
http://iss.ices.utexas.edu/galois/

application: Delaunay Mesh Refinement
Refines a Delaunay triangulation mesh such that no angle in the mesh is less than 30 degrees
http://iss.ices.utexas.edu/?p=projects/galois/benchmarks/delaunay_mesh_refinement

INFO: CommandLine ./delaunayrefinement -t 8 /home/users/kkazatzis/Galois-2.2.1/inputs/meshes/r10k.1
INFO: Hostname haci1
Using bin for node
Using bin for ele
Using bin for poly
configuration: 20004 total triangles, 9775 bad triangles
Total Time: 0.14
80564 total triangles
Refinement OK
STATTYPE,LOOP,CATEGORY,n,sum,T0,T1,T2,T3,T4,T5,T6,T7
STAT,(NULL),Conflicts,8,0,0,0,0,0,0,0,0,0
STAT,(NULL),Iterations,8,9775,1222,1222,1222,1190,1222,1222,1222,1253
STAT,(NULL),MeminfoMid,8,176,22,22,22,22,22,22,22,22
STAT,(NULL),MeminfoPost,8,176,22,22,22,22,22,22,22,22
STAT,(NULL),MeminfoPre1,8,16,2,2,2,2,2,2,2,2
STAT,(NULL),MeminfoPre2,8,176,22,22,22,22,22,22,22,22
STAT,(NULL),OuterRoundsExecuted,8,4,4,0,0,0,0,0,0,0
STAT,(NULL),RoundsExecuted,8,4,4,0,0,0,0,0,0,0
STAT,(NULL),Threads,8,8,8,0,0,0,0,0,0,0
STAT,(NULL),Time,8,17,17,0,0,0,0,0,0,0
STAT,(NULL),refine,8,16,16,0,0,0,0,0,0,0
STAT,allocate,LoopTime,8,2,2,0,0,0,0,0,0,0
STAT,count_if,LoopTime,8,13,13,0,0,0,0,0,0,0
STAT,refine,Conflicts,8,91,1,35,3,4,6,8,5,29
STAT,refine,Iterations,8,52664,6280,6473,6759,6425,6830,6761,6324,6812
STAT,refine,LoopTime,8,16,16,0,0,0,0,0,0,0
Galois Benchmark Suite v2.2.1 (r0)
Copyright (C) 2014 The University of Texas at Austin
http://iss.ices.utexas.edu/galois/

application: Delaunay Mesh Refinement
Refines a Delaunay triangulation mesh such that no angle in the mesh is less than 30 degrees
http://iss.ices.utexas.edu/?p=projects/galois/benchmarks/delaunay_mesh_refinement

INFO: CommandLine ./delaunayrefinement -t 8 /home/users/kkazatzis/Galois-2.2.1/inputs/meshes/r10k.1
INFO: Hostname haci1
Using bin for node
Using bin for ele
Using bin for poly
configuration: 20004 total triangles, 9775 bad triangles
Total Time: 0.14
80198 total triangles
Refinement OK
STATTYPE,LOOP,CATEGORY,n,sum,T0,T1,T2,T3,T4,T5,T6,T7
STAT,(NULL),Conflicts,8,0,0,0,0,0,0,0,0,0
STAT,(NULL),Iterations,8,9775,1254,1222,1190,1190,1222,1222,1254,1221
STAT,(NULL),MeminfoMid,8,176,22,22,22,22,22,22,22,22
STAT,(NULL),MeminfoPost,8,176,22,22,22,22,22,22,22,22
STAT,(NULL),MeminfoPre1,8,16,2,2,2,2,2,2,2,2
STAT,(NULL),MeminfoPre2,8,176,22,22,22,22,22,22,22,22
STAT,(NULL),OuterRoundsExecuted,8,4,4,0,0,0,0,0,0,0
STAT,(NULL),RoundsExecuted,8,4,4,0,0,0,0,0,0,0
STAT,(NULL),Threads,8,8,8,0,0,0,0,0,0,0
STAT,(NULL),Time,8,17,17,0,0,0,0,0,0,0
STAT,(NULL),refine,8,17,17,0,0,0,0,0,0,0
STAT,allocate,LoopTime,8,2,2,0,0,0,0,0,0,0
STAT,count_if,LoopTime,8,13,13,0,0,0,0,0,0,0
STAT,refine,Conflicts,8,92,1,25,11,0,2,9,5,39
STAT,refine,Iterations,8,52287,6127,6682,6626,6414,6643,6722,6377,6696
STAT,refine,LoopTime,8,16,16,0,0,0,0,0,0,0

