Galois Benchmark Suite v2.2.1 (r0)
Copyright (C) 2014 The University of Texas at Austin
http://iss.ices.utexas.edu/galois/

application: Delaunay Triangulation
Produces a Delaunay triangulation for a set of points
http://iss.ices.utexas.edu/?p=projects/galois/benchmarks/delaunay_triangulation

INFO: CommandLine ./delaunaytriangulation -t 1 /home/users/kkazatzis/Galois-2.2.1/inputs/meshes/r10k.node
INFO: Hostname haci1
configuration: 10003 points
mesh size: 20004
Triangulation OK
STATTYPE,LOOP,CATEGORY,n,sum,T0
STAT,(NULL),Conflicts,1,0,0
STAT,(NULL),Iterations,1,10000,10000
STAT,(NULL),LoopTime,1,22,22
STAT,(NULL),MeminfoPost,1,10,10
STAT,(NULL),MeminfoPre,1,9,9
STAT,(NULL),Threads,1,1,1
STAT,(NULL),Time,1,22,22
Galois Benchmark Suite v2.2.1 (r0)
Copyright (C) 2014 The University of Texas at Austin
http://iss.ices.utexas.edu/galois/

application: Delaunay Triangulation
Produces a Delaunay triangulation for a set of points
http://iss.ices.utexas.edu/?p=projects/galois/benchmarks/delaunay_triangulation

INFO: CommandLine ./delaunaytriangulation -t 1 /home/users/kkazatzis/Galois-2.2.1/inputs/meshes/r10k.node
INFO: Hostname haci1
configuration: 10003 points
mesh size: 20004
Triangulation OK
STATTYPE,LOOP,CATEGORY,n,sum,T0
STAT,(NULL),Conflicts,1,0,0
STAT,(NULL),Iterations,1,10000,10000
STAT,(NULL),LoopTime,1,22,22
STAT,(NULL),MeminfoPost,1,10,10
STAT,(NULL),MeminfoPre,1,9,9
STAT,(NULL),Threads,1,1,1
STAT,(NULL),Time,1,22,22
Galois Benchmark Suite v2.2.1 (r0)
Copyright (C) 2014 The University of Texas at Austin
http://iss.ices.utexas.edu/galois/

application: Delaunay Triangulation
Produces a Delaunay triangulation for a set of points
http://iss.ices.utexas.edu/?p=projects/galois/benchmarks/delaunay_triangulation

INFO: CommandLine ./delaunaytriangulation -t 1 /home/users/kkazatzis/Galois-2.2.1/inputs/meshes/r10k.node
INFO: Hostname haci1
configuration: 10003 points
mesh size: 20004
Triangulation OK
STATTYPE,LOOP,CATEGORY,n,sum,T0
STAT,(NULL),Conflicts,1,0,0
STAT,(NULL),Iterations,1,10000,10000
STAT,(NULL),LoopTime,1,21,21
STAT,(NULL),MeminfoPost,1,10,10
STAT,(NULL),MeminfoPre,1,9,9
STAT,(NULL),Threads,1,1,1
STAT,(NULL),Time,1,21,21
Galois Benchmark Suite v2.2.1 (r0)
Copyright (C) 2014 The University of Texas at Austin
http://iss.ices.utexas.edu/galois/

application: Delaunay Triangulation
Produces a Delaunay triangulation for a set of points
http://iss.ices.utexas.edu/?p=projects/galois/benchmarks/delaunay_triangulation

INFO: CommandLine ./delaunaytriangulation -t 1 /home/users/kkazatzis/Galois-2.2.1/inputs/meshes/r10k.node
INFO: Hostname haci1
configuration: 10003 points
mesh size: 20004
Triangulation OK
STATTYPE,LOOP,CATEGORY,n,sum,T0
STAT,(NULL),Conflicts,1,0,0
STAT,(NULL),Iterations,1,10000,10000
STAT,(NULL),LoopTime,1,22,22
STAT,(NULL),MeminfoPost,1,10,10
STAT,(NULL),MeminfoPre,1,9,9
STAT,(NULL),Threads,1,1,1
STAT,(NULL),Time,1,22,22
Galois Benchmark Suite v2.2.1 (r0)
Copyright (C) 2014 The University of Texas at Austin
http://iss.ices.utexas.edu/galois/

application: Delaunay Triangulation
Produces a Delaunay triangulation for a set of points
http://iss.ices.utexas.edu/?p=projects/galois/benchmarks/delaunay_triangulation

INFO: CommandLine ./delaunaytriangulation -t 1 /home/users/kkazatzis/Galois-2.2.1/inputs/meshes/r10k.node
INFO: Hostname haci1
configuration: 10003 points
mesh size: 20004
Triangulation OK
STATTYPE,LOOP,CATEGORY,n,sum,T0
STAT,(NULL),Conflicts,1,0,0
STAT,(NULL),Iterations,1,10000,10000
STAT,(NULL),LoopTime,1,22,22
STAT,(NULL),MeminfoPost,1,10,10
STAT,(NULL),MeminfoPre,1,9,9
STAT,(NULL),Threads,1,1,1
STAT,(NULL),Time,1,22,22
Galois Benchmark Suite v2.2.1 (r0)
Copyright (C) 2014 The University of Texas at Austin
http://iss.ices.utexas.edu/galois/

application: Delaunay Triangulation
Produces a Delaunay triangulation for a set of points
http://iss.ices.utexas.edu/?p=projects/galois/benchmarks/delaunay_triangulation

INFO: CommandLine ./delaunaytriangulation -t 2 /home/users/kkazatzis/Galois-2.2.1/inputs/meshes/r10k.node
INFO: Hostname haci1
configuration: 10003 points
mesh size: 20004
Triangulation OK
STATTYPE,LOOP,CATEGORY,n,sum,T0,T1
STAT,(NULL),Conflicts,2,203,161,42
STAT,(NULL),Iterations,2,10203,5166,5037
STAT,(NULL),LoopTime,2,13,13,0
STAT,(NULL),MeminfoPost,2,18,9,9
STAT,(NULL),MeminfoPre,2,12,6,6
STAT,(NULL),Threads,2,2,2,0
STAT,(NULL),Time,2,13,13,0
Galois Benchmark Suite v2.2.1 (r0)
Copyright (C) 2014 The University of Texas at Austin
http://iss.ices.utexas.edu/galois/

application: Delaunay Triangulation
Produces a Delaunay triangulation for a set of points
http://iss.ices.utexas.edu/?p=projects/galois/benchmarks/delaunay_triangulation

INFO: CommandLine ./delaunaytriangulation -t 2 /home/users/kkazatzis/Galois-2.2.1/inputs/meshes/r10k.node
INFO: Hostname haci1
configuration: 10003 points
mesh size: 20004
Triangulation OK
STATTYPE,LOOP,CATEGORY,n,sum,T0,T1
STAT,(NULL),Conflicts,2,223,165,58
STAT,(NULL),Iterations,2,10223,5174,5049
STAT,(NULL),LoopTime,2,13,13,0
STAT,(NULL),MeminfoPost,2,18,9,9
STAT,(NULL),MeminfoPre,2,12,6,6
STAT,(NULL),Threads,2,2,2,0
STAT,(NULL),Time,2,13,13,0
Galois Benchmark Suite v2.2.1 (r0)
Copyright (C) 2014 The University of Texas at Austin
http://iss.ices.utexas.edu/galois/

application: Delaunay Triangulation
Produces a Delaunay triangulation for a set of points
http://iss.ices.utexas.edu/?p=projects/galois/benchmarks/delaunay_triangulation

INFO: CommandLine ./delaunaytriangulation -t 2 /home/users/kkazatzis/Galois-2.2.1/inputs/meshes/r10k.node
INFO: Hostname haci1
configuration: 10003 points
mesh size: 20004
Triangulation OK
STATTYPE,LOOP,CATEGORY,n,sum,T0,T1
STAT,(NULL),Conflicts,2,248,150,98
STAT,(NULL),Iterations,2,10248,5167,5081
STAT,(NULL),LoopTime,2,13,13,0
STAT,(NULL),MeminfoPost,2,18,9,9
STAT,(NULL),MeminfoPre,2,12,6,6
STAT,(NULL),Threads,2,2,2,0
STAT,(NULL),Time,2,13,13,0
Galois Benchmark Suite v2.2.1 (r0)
Copyright (C) 2014 The University of Texas at Austin
http://iss.ices.utexas.edu/galois/

application: Delaunay Triangulation
Produces a Delaunay triangulation for a set of points
http://iss.ices.utexas.edu/?p=projects/galois/benchmarks/delaunay_triangulation

INFO: CommandLine ./delaunaytriangulation -t 2 /home/users/kkazatzis/Galois-2.2.1/inputs/meshes/r10k.node
INFO: Hostname haci1
configuration: 10003 points
mesh size: 20004
Triangulation OK
STATTYPE,LOOP,CATEGORY,n,sum,T0,T1
STAT,(NULL),Conflicts,2,228,184,44
STAT,(NULL),Iterations,2,10228,5187,5041
STAT,(NULL),LoopTime,2,13,13,0
STAT,(NULL),MeminfoPost,2,18,9,9
STAT,(NULL),MeminfoPre,2,12,6,6
STAT,(NULL),Threads,2,2,2,0
STAT,(NULL),Time,2,13,13,0
Galois Benchmark Suite v2.2.1 (r0)
Copyright (C) 2014 The University of Texas at Austin
http://iss.ices.utexas.edu/galois/

application: Delaunay Triangulation
Produces a Delaunay triangulation for a set of points
http://iss.ices.utexas.edu/?p=projects/galois/benchmarks/delaunay_triangulation

INFO: CommandLine ./delaunaytriangulation -t 2 /home/users/kkazatzis/Galois-2.2.1/inputs/meshes/r10k.node
INFO: Hostname haci1
configuration: 10003 points
mesh size: 20004
Triangulation OK
STATTYPE,LOOP,CATEGORY,n,sum,T0,T1
STAT,(NULL),Conflicts,2,215,166,49
STAT,(NULL),Iterations,2,10215,5173,5042
STAT,(NULL),LoopTime,2,13,13,0
STAT,(NULL),MeminfoPost,2,18,9,9
STAT,(NULL),MeminfoPre,2,12,6,6
STAT,(NULL),Threads,2,2,2,0
STAT,(NULL),Time,2,13,13,0
Galois Benchmark Suite v2.2.1 (r0)
Copyright (C) 2014 The University of Texas at Austin
http://iss.ices.utexas.edu/galois/

application: Delaunay Triangulation
Produces a Delaunay triangulation for a set of points
http://iss.ices.utexas.edu/?p=projects/galois/benchmarks/delaunay_triangulation

INFO: CommandLine ./delaunaytriangulation -t 4 /home/users/kkazatzis/Galois-2.2.1/inputs/meshes/r10k.node
INFO: Hostname haci1
configuration: 10003 points
mesh size: 20004
Triangulation OK
STATTYPE,LOOP,CATEGORY,n,sum,T0,T1,T2,T3
STAT,(NULL),Conflicts,4,36402,8114,5097,8647,14544
STAT,(NULL),Iterations,4,46402,9380,12041,8649,16332
STAT,(NULL),LoopTime,4,21,21,0,0,0
STAT,(NULL),MeminfoPost,4,31,7,10,7,7
STAT,(NULL),MeminfoPre,4,16,4,4,4,4
STAT,(NULL),Threads,4,4,4,0,0,0
STAT,(NULL),Time,4,21,21,0,0,0
Galois Benchmark Suite v2.2.1 (r0)
Copyright (C) 2014 The University of Texas at Austin
http://iss.ices.utexas.edu/galois/

application: Delaunay Triangulation
Produces a Delaunay triangulation for a set of points
http://iss.ices.utexas.edu/?p=projects/galois/benchmarks/delaunay_triangulation

INFO: CommandLine ./delaunaytriangulation -t 4 /home/users/kkazatzis/Galois-2.2.1/inputs/meshes/r10k.node
INFO: Hostname haci1
configuration: 10003 points
mesh size: 20004
Triangulation OK
STATTYPE,LOOP,CATEGORY,n,sum,T0,T1,T2,T3
STAT,(NULL),Conflicts,4,33682,8733,4722,11901,8326
STAT,(NULL),Iterations,4,43682,11198,10477,13164,8843
STAT,(NULL),LoopTime,4,17,17,0,0,0
STAT,(NULL),MeminfoPost,4,31,8,9,7,7
STAT,(NULL),MeminfoPre,4,16,4,4,4,4
STAT,(NULL),Threads,4,4,4,0,0,0
STAT,(NULL),Time,4,17,17,0,0,0
Galois Benchmark Suite v2.2.1 (r0)
Copyright (C) 2014 The University of Texas at Austin
http://iss.ices.utexas.edu/galois/

application: Delaunay Triangulation
Produces a Delaunay triangulation for a set of points
http://iss.ices.utexas.edu/?p=projects/galois/benchmarks/delaunay_triangulation

INFO: CommandLine ./delaunaytriangulation -t 4 /home/users/kkazatzis/Galois-2.2.1/inputs/meshes/r10k.node
INFO: Hostname haci1
configuration: 10003 points
mesh size: 20004
Triangulation OK
STATTYPE,LOOP,CATEGORY,n,sum,T0,T1,T2,T3
STAT,(NULL),Conflicts,4,35501,10507,3180,13068,8746
STAT,(NULL),Iterations,4,45501,13033,10652,13068,8748
STAT,(NULL),LoopTime,4,21,21,0,0,0
STAT,(NULL),MeminfoPost,4,30,8,10,5,7
STAT,(NULL),MeminfoPre,4,16,4,4,4,4
STAT,(NULL),Threads,4,4,4,0,0,0
STAT,(NULL),Time,4,21,21,0,0,0
Galois Benchmark Suite v2.2.1 (r0)
Copyright (C) 2014 The University of Texas at Austin
http://iss.ices.utexas.edu/galois/

application: Delaunay Triangulation
Produces a Delaunay triangulation for a set of points
http://iss.ices.utexas.edu/?p=projects/galois/benchmarks/delaunay_triangulation

INFO: CommandLine ./delaunaytriangulation -t 4 /home/users/kkazatzis/Galois-2.2.1/inputs/meshes/r10k.node
INFO: Hostname haci1
configuration: 10003 points
mesh size: 20004
Triangulation OK
STATTYPE,LOOP,CATEGORY,n,sum,T0,T1,T2,T3
STAT,(NULL),Conflicts,4,30365,8158,3560,9707,8940
STAT,(NULL),Iterations,4,40365,10790,8970,11665,8940
STAT,(NULL),LoopTime,4,16,16,0,0,0
STAT,(NULL),MeminfoPost,4,29,8,9,7,5
STAT,(NULL),MeminfoPre,4,16,4,4,4,4
STAT,(NULL),Threads,4,4,4,0,0,0
STAT,(NULL),Time,4,16,16,0,0,0
Galois Benchmark Suite v2.2.1 (r0)
Copyright (C) 2014 The University of Texas at Austin
http://iss.ices.utexas.edu/galois/

application: Delaunay Triangulation
Produces a Delaunay triangulation for a set of points
http://iss.ices.utexas.edu/?p=projects/galois/benchmarks/delaunay_triangulation

INFO: CommandLine ./delaunaytriangulation -t 4 /home/users/kkazatzis/Galois-2.2.1/inputs/meshes/r10k.node
INFO: Hostname haci1
configuration: 10003 points
mesh size: 20004
Triangulation OK
STATTYPE,LOOP,CATEGORY,n,sum,T0,T1,T2,T3
STAT,(NULL),Conflicts,4,35139,7914,6661,11723,8841
STAT,(NULL),Iterations,4,45139,9996,14576,11724,8843
STAT,(NULL),LoopTime,4,23,23,0,0,0
STAT,(NULL),MeminfoPost,4,31,7,10,7,7
STAT,(NULL),MeminfoPre,4,16,4,4,4,4
STAT,(NULL),Threads,4,4,4,0,0,0
STAT,(NULL),Time,4,23,23,0,0,0
Galois Benchmark Suite v2.2.1 (r0)
Copyright (C) 2014 The University of Texas at Austin
http://iss.ices.utexas.edu/galois/

application: Delaunay Triangulation
Produces a Delaunay triangulation for a set of points
http://iss.ices.utexas.edu/?p=projects/galois/benchmarks/delaunay_triangulation

INFO: CommandLine ./delaunaytriangulation -t 8 /home/users/kkazatzis/Galois-2.2.1/inputs/meshes/r10k.node
INFO: Hostname haci1
configuration: 10003 points
mesh size: 20004
Triangulation OK
STATTYPE,LOOP,CATEGORY,n,sum,T0,T1,T2,T3,T4,T5,T6,T7
STAT,(NULL),Conflicts,8,29842,4730,8264,462,5505,198,198,6433,4052
STAT,(NULL),Iterations,8,39842,7855,10901,462,9094,198,198,6918,4216
STAT,(NULL),LoopTime,8,19,19,0,0,0,0,0,0,0
STAT,(NULL),MeminfoPost,8,50,8,8,4,8,4,4,7,7
STAT,(NULL),MeminfoPre,8,24,3,3,3,3,3,3,3,3
STAT,(NULL),Threads,8,8,8,0,0,0,0,0,0,0
STAT,(NULL),Time,8,19,19,0,0,0,0,0,0,0
Galois Benchmark Suite v2.2.1 (r0)
Copyright (C) 2014 The University of Texas at Austin
http://iss.ices.utexas.edu/galois/

application: Delaunay Triangulation
Produces a Delaunay triangulation for a set of points
http://iss.ices.utexas.edu/?p=projects/galois/benchmarks/delaunay_triangulation

INFO: CommandLine ./delaunaytriangulation -t 8 /home/users/kkazatzis/Galois-2.2.1/inputs/meshes/r10k.node
INFO: Hostname haci1
configuration: 10003 points
mesh size: 20004
Triangulation OK
STATTYPE,LOOP,CATEGORY,n,sum,T0,T1,T2,T3,T4,T5,T6,T7
STAT,(NULL),Conflicts,8,39532,7620,885,1016,4707,196,8584,12390,4134
STAT,(NULL),Iterations,8,49532,8758,1674,3037,9261,197,10081,12390,4134
STAT,(NULL),LoopTime,8,24,24,0,0,0,0,0,0,0
STAT,(NULL),MeminfoPost,8,53,7,7,7,8,7,7,5,5
STAT,(NULL),MeminfoPre,8,24,3,3,3,3,3,3,3,3
STAT,(NULL),Threads,8,8,8,0,0,0,0,0,0,0
STAT,(NULL),Time,8,24,24,0,0,0,0,0,0,0
Galois Benchmark Suite v2.2.1 (r0)
Copyright (C) 2014 The University of Texas at Austin
http://iss.ices.utexas.edu/galois/

application: Delaunay Triangulation
Produces a Delaunay triangulation for a set of points
http://iss.ices.utexas.edu/?p=projects/galois/benchmarks/delaunay_triangulation

INFO: CommandLine ./delaunaytriangulation -t 8 /home/users/kkazatzis/Galois-2.2.1/inputs/meshes/r10k.node
INFO: Hostname haci1
configuration: 10003 points
mesh size: 20004
Triangulation OK
STATTYPE,LOOP,CATEGORY,n,sum,T0,T1,T2,T3,T4,T5,T6,T7
STAT,(NULL),Conflicts,8,44428,9211,3108,4389,5169,1446,10645,6534,3926
STAT,(NULL),Iterations,8,54428,11833,5971,6885,7133,1446,10662,6534,3964
STAT,(NULL),LoopTime,8,18,18,0,0,0,0,0,0,0
STAT,(NULL),MeminfoPost,8,54,8,8,8,7,4,7,5,7
STAT,(NULL),MeminfoPre,8,24,3,3,3,3,3,3,3,3
STAT,(NULL),Threads,8,8,8,0,0,0,0,0,0,0
STAT,(NULL),Time,8,18,18,0,0,0,0,0,0,0
Galois Benchmark Suite v2.2.1 (r0)
Copyright (C) 2014 The University of Texas at Austin
http://iss.ices.utexas.edu/galois/

application: Delaunay Triangulation
Produces a Delaunay triangulation for a set of points
http://iss.ices.utexas.edu/?p=projects/galois/benchmarks/delaunay_triangulation

INFO: CommandLine ./delaunaytriangulation -t 8 /home/users/kkazatzis/Galois-2.2.1/inputs/meshes/r10k.node
INFO: Hostname haci1
configuration: 10003 points
mesh size: 20004
Triangulation OK
STATTYPE,LOOP,CATEGORY,n,sum,T0,T1,T2,T3,T4,T5,T6,T7
STAT,(NULL),Conflicts,8,36288,3868,2772,7946,7477,198,193,6438,7396
STAT,(NULL),Iterations,8,46288,4124,7150,7946,12839,198,195,6438,7398
STAT,(NULL),LoopTime,8,26,26,0,0,0,0,0,0,0
STAT,(NULL),MeminfoPost,8,52,7,8,5,9,4,7,5,7
STAT,(NULL),MeminfoPre,8,24,3,3,3,3,3,3,3,3
STAT,(NULL),Threads,8,8,8,0,0,0,0,0,0,0
STAT,(NULL),Time,8,26,26,0,0,0,0,0,0,0
Galois Benchmark Suite v2.2.1 (r0)
Copyright (C) 2014 The University of Texas at Austin
http://iss.ices.utexas.edu/galois/

application: Delaunay Triangulation
Produces a Delaunay triangulation for a set of points
http://iss.ices.utexas.edu/?p=projects/galois/benchmarks/delaunay_triangulation

INFO: CommandLine ./delaunaytriangulation -t 8 /home/users/kkazatzis/Galois-2.2.1/inputs/meshes/r10k.node
INFO: Hostname haci1
configuration: 10003 points
mesh size: 20004
Triangulation OK
STATTYPE,LOOP,CATEGORY,n,sum,T0,T1,T2,T3,T4,T5,T6,T7
STAT,(NULL),Conflicts,8,39342,4769,3889,458,12928,192,198,198,16710
STAT,(NULL),Iterations,8,49342,5797,6034,458,19753,194,198,198,16710
STAT,(NULL),LoopTime,8,30,30,0,0,0,0,0,0,0
STAT,(NULL),MeminfoPost,8,47,7,7,4,9,7,4,4,5
STAT,(NULL),MeminfoPre,8,24,3,3,3,3,3,3,3,3
STAT,(NULL),Threads,8,8,8,0,0,0,0,0,0,0
STAT,(NULL),Time,8,30,30,0,0,0,0,0,0,0

