Galois Benchmark Suite v2.2.1 (r0)
Copyright (C) 2014 The University of Texas at Austin
http://iss.ices.utexas.edu/galois/

application: Delaunay Triangulation
Produces a Delaunay triangulation for a set of points
http://iss.ices.utexas.edu/?p=projects/galois/benchmarks/delaunay_triangulation

INFO: CommandLine ./delaunaytriangulation -t 1 /home/users/kkazatzis/Galois-2.2.1/inputs/meshes/r50k.node
INFO: Hostname broady
configuration: 50003 points
mesh size: 100004
Triangulation OK
STATTYPE,LOOP,CATEGORY,n,sum,T0
STAT,(NULL),Conflicts,1,0,0
STAT,(NULL),Iterations,1,50000,50000
STAT,(NULL),LoopTime,1,298,298
STAT,(NULL),MeminfoPost,1,38,38
STAT,(NULL),MeminfoPre,1,38,38
STAT,(NULL),Threads,1,1,1
STAT,(NULL),Time,1,297,297
Galois Benchmark Suite v2.2.1 (r0)
Copyright (C) 2014 The University of Texas at Austin
http://iss.ices.utexas.edu/galois/

application: Delaunay Triangulation
Produces a Delaunay triangulation for a set of points
http://iss.ices.utexas.edu/?p=projects/galois/benchmarks/delaunay_triangulation

INFO: CommandLine ./delaunaytriangulation -t 2 /home/users/kkazatzis/Galois-2.2.1/inputs/meshes/r50k.node
INFO: Hostname broady
configuration: 50003 points
mesh size: 100004
Triangulation OK
STATTYPE,LOOP,CATEGORY,n,sum,T0,T1
STAT,(NULL),Conflicts,2,553,269,284
STAT,(NULL),Iterations,2,50553,25505,25048
STAT,(NULL),LoopTime,2,171,171,0
STAT,(NULL),MeminfoPost,2,40,20,20
STAT,(NULL),MeminfoPre,2,40,20,20
STAT,(NULL),Threads,2,2,2,0
STAT,(NULL),Time,2,171,171,0
Galois Benchmark Suite v2.2.1 (r0)
Copyright (C) 2014 The University of Texas at Austin
http://iss.ices.utexas.edu/galois/

application: Delaunay Triangulation
Produces a Delaunay triangulation for a set of points
http://iss.ices.utexas.edu/?p=projects/galois/benchmarks/delaunay_triangulation

INFO: CommandLine ./delaunaytriangulation -t 4 /home/users/kkazatzis/Galois-2.2.1/inputs/meshes/r50k.node
INFO: Hostname broady
configuration: 50003 points
mesh size: 100004
Triangulation OK
STATTYPE,LOOP,CATEGORY,n,sum,T0,T1,T2,T3
STAT,(NULL),Conflicts,4,1678,310,391,584,393
STAT,(NULL),Iterations,4,51678,13115,12735,13171,12657
STAT,(NULL),LoopTime,4,88,88,0,0,0
STAT,(NULL),MeminfoPost,4,48,12,12,12,12
STAT,(NULL),MeminfoPre,4,44,11,11,11,11
STAT,(NULL),Threads,4,4,4,0,0,0
STAT,(NULL),Time,4,88,88,0,0,0
Galois Benchmark Suite v2.2.1 (r0)
Copyright (C) 2014 The University of Texas at Austin
http://iss.ices.utexas.edu/galois/

application: Delaunay Triangulation
Produces a Delaunay triangulation for a set of points
http://iss.ices.utexas.edu/?p=projects/galois/benchmarks/delaunay_triangulation

INFO: CommandLine ./delaunaytriangulation -t 8 /home/users/kkazatzis/Galois-2.2.1/inputs/meshes/r50k.node
INFO: Hostname broady
configuration: 50003 points
mesh size: 100004
Triangulation OK
STATTYPE,LOOP,CATEGORY,n,sum,T0,T1,T2,T3,T4,T5,T6,T7
STAT,(NULL),Conflicts,8,11706,1150,821,1581,1714,1363,1188,2284,1605
STAT,(NULL),Iterations,8,61706,7354,7666,7705,7404,7641,7879,8004,8053
STAT,(NULL),LoopTime,8,52,52,0,0,0,0,0,0,0
STAT,(NULL),MeminfoPost,8,73,9,10,9,9,9,9,9,9
STAT,(NULL),MeminfoPre,8,56,7,7,7,7,7,7,7,7
STAT,(NULL),Threads,8,8,8,0,0,0,0,0,0,0
STAT,(NULL),Time,8,52,52,0,0,0,0,0,0,0
Galois Benchmark Suite v2.2.1 (r0)
Copyright (C) 2014 The University of Texas at Austin
http://iss.ices.utexas.edu/galois/

application: Delaunay Triangulation
Produces a Delaunay triangulation for a set of points
http://iss.ices.utexas.edu/?p=projects/galois/benchmarks/delaunay_triangulation

INFO: CommandLine ./delaunaytriangulation -t 16 /home/users/kkazatzis/Galois-2.2.1/inputs/meshes/r50k.node
INFO: Hostname broady
configuration: 50003 points
mesh size: 100004
Triangulation OK
STATTYPE,LOOP,CATEGORY,n,sum,T0,T1,T2,T3,T4,T5,T6,T7,T8,T9,T10,T11,T12,T13,T14,T15
STAT,(NULL),Conflicts,16,215090,20674,12320,17111,16911,15237,16252,15710,13309,11775,11679,3607,15903,11007,10335,11677,11583
STAT,(NULL),Iterations,16,265090,28031,20122,22513,24605,20918,22173,20147,19009,11775,11679,3612,15903,11007,10335,11678,11583
STAT,(NULL),LoopTime,16,87,87,0,0,0,0,0,0,0,0,0,0,0,0,0,0,0
STAT,(NULL),MeminfoPost,16,118,10,10,9,10,9,9,8,9,5,5,7,5,5,5,7,5
STAT,(NULL),MeminfoPre,16,80,5,5,5,5,5,5,5,5,5,5,5,5,5,5,5,5
STAT,(NULL),Threads,16,16,16,0,0,0,0,0,0,0,0,0,0,0,0,0,0,0
STAT,(NULL),Time,16,87,87,0,0,0,0,0,0,0,0,0,0,0,0,0,0,0
Galois Benchmark Suite v2.2.1 (r0)
Copyright (C) 2014 The University of Texas at Austin
http://iss.ices.utexas.edu/galois/

application: Delaunay Triangulation
Produces a Delaunay triangulation for a set of points
http://iss.ices.utexas.edu/?p=projects/galois/benchmarks/delaunay_triangulation

INFO: CommandLine ./delaunaytriangulation -t 24 /home/users/kkazatzis/Galois-2.2.1/inputs/meshes/r50k.node
INFO: Hostname broady
configuration: 50003 points
mesh size: 100004
Triangulation OK
STATTYPE,LOOP,CATEGORY,n,sum,T0,T1,T2,T3,T4,T5,T6,T7,T8,T9,T10,T11,T12,T13,T14,T15,T16,T17,T18,T19,T20,T21,T22,T23
STAT,(NULL),Conflicts,24,284310,17771,15963,19196,23625,20556,19141,13692,12892,14908,15739,14748,10764,7692,7212,7116,6732,8172,8268,8652,8460,8364,8268,6130,249
STAT,(NULL),Iterations,24,334310,26528,23461,28823,32696,30003,24739,13692,12892,14908,15740,14748,10764,7692,7212,7116,6732,8172,8268,8652,8460,8364,8268,6130,250
STAT,(NULL),LoopTime,24,117,117,0,0,0,0,0,0,0,0,0,0,0,0,0,0,0,0,0,0,0,0,0,0,0
STAT,(NULL),MeminfoPost,24,150,10,10,11,10,11,9,5,5,5,7,5,5,4,4,5,4,5,5,4,5,4,5,5,7
STAT,(NULL),MeminfoPre,24,96,4,4,4,4,4,4,4,4,4,4,4,4,4,4,4,4,4,4,4,4,4,4,4,4
STAT,(NULL),Threads,24,24,24,0,0,0,0,0,0,0,0,0,0,0,0,0,0,0,0,0,0,0,0,0,0,0
STAT,(NULL),Time,24,117,117,0,0,0,0,0,0,0,0,0,0,0,0,0,0,0,0,0,0,0,0,0,0,0
Galois Benchmark Suite v2.2.1 (r0)
Copyright (C) 2014 The University of Texas at Austin
http://iss.ices.utexas.edu/galois/

application: Delaunay Triangulation
Produces a Delaunay triangulation for a set of points
http://iss.ices.utexas.edu/?p=projects/galois/benchmarks/delaunay_triangulation

INFO: CommandLine ./delaunaytriangulation -t 32 /home/users/kkazatzis/Galois-2.2.1/inputs/meshes/r50k.node
INFO: Hostname broady
configuration: 50003 points
mesh size: 100004
Triangulation OK
STATTYPE,LOOP,CATEGORY,n,sum,T0,T1,T2,T3,T4,T5,T6,T7,T8,T9,T10,T11,T12,T13,T14,T15,T16,T17,T18,T19,T20,T21,T22,T23,T24,T25,T26,T27,T28,T29,T30,T31
STAT,(NULL),Conflicts,32,332872,14351,14102,18762,22215,20491,18985,10941,9533,9757,10461,10717,7665,6129,6129,5265,5169,5169,5169,5649,5745,5937,5841,17507,27171,16545,10173,10069,6897,5745,5649,8721,213
STAT,(NULL),Iterations,32,382872,28312,23355,29579,27226,24340,18985,10941,9533,9757,10461,10717,7665,6129,6129,5265,5169,5169,5169,5649,5745,5937,5841,19155,32628,16545,10173,10069,6897,5745,5649,8721,217
STAT,(NULL),LoopTime,32,153,153,0,0,0,0,0,0,0,0,0,0,0,0,0,0,0,0,0,0,0,0,0,0,0,0,0,0,0,0,0,0,0
STAT,(NULL),MeminfoPost,32,179,13,10,11,9,8,5,5,4,5,5,4,4,5,4,4,4,4,4,4,4,4,4,7,9,5,5,5,4,5,4,4,7
STAT,(NULL),MeminfoPre,32,128,4,4,4,4,4,4,4,4,4,4,4,4,4,4,4,4,4,4,4,4,4,4,4,4,4,4,4,4,4,4,4,4
STAT,(NULL),Threads,32,32,32,0,0,0,0,0,0,0,0,0,0,0,0,0,0,0,0,0,0,0,0,0,0,0,0,0,0,0,0,0,0,0
STAT,(NULL),Time,32,153,153,0,0,0,0,0,0,0,0,0,0,0,0,0,0,0,0,0,0,0,0,0,0,0,0,0,0,0,0,0,0,0
Galois Benchmark Suite v2.2.1 (r0)
Copyright (C) 2014 The University of Texas at Austin
http://iss.ices.utexas.edu/galois/

application: Delaunay Triangulation
Produces a Delaunay triangulation for a set of points
http://iss.ices.utexas.edu/?p=projects/galois/benchmarks/delaunay_triangulation

INFO: CommandLine ./delaunaytriangulation -t 40 /home/users/kkazatzis/Galois-2.2.1/inputs/meshes/r50k.node
INFO: Hostname broady
configuration: 50003 points
mesh size: 100004
Triangulation OK
STATTYPE,LOOP,CATEGORY,n,sum,T0,T1,T2,T3,T4,T5,T6,T7,T8,T9,T10,T11,T12,T13,T14,T15,T16,T17,T18,T19,T20,T21,T22,T23,T24,T25,T26,T27,T28,T29,T30,T31,T32,T33,T34,T35,T36,T37,T38,T39
STAT,(NULL),Conflicts,40,222369,38741,15834,6455,13668,990,8310,17963,462,462,462,462,198,198,32227,198,198,198,198,198,198,198,198,1898,2472,1706,988,726,9557,462,462,462,198,43684,20550,198,198,198,198,198,198
STAT,(NULL),Iterations,40,272369,59670,18515,6647,14711,990,8310,21498,462,462,462,462,198,198,32355,198,198,198,198,198,198,198,198,2142,2625,1896,989,726,30459,462,462,462,198,43686,20550,198,198,198,198,198,198
STAT,(NULL),LoopTime,40,237,237,0,0,0,0,0,0,0,0,0,0,0,0,0,0,0,0,0,0,0,0,0,0,0,0,0,0,0,0,0,0,0,0,0,0,0,0,0,0,0
STAT,(NULL),MeminfoPost,40,220,16,8,7,7,5,4,8,4,5,4,4,4,4,7,4,4,4,5,4,4,4,4,7,7,7,7,4,16,4,4,4,4,7,5,4,4,4,4,4,4
STAT,(NULL),MeminfoPre,40,120,3,3,3,3,3,3,3,3,3,3,3,3,3,3,3,3,3,3,3,3,3,3,3,3,3,3,3,3,3,3,3,3,3,3,3,3,3,3,3,3
STAT,(NULL),Threads,40,40,40,0,0,0,0,0,0,0,0,0,0,0,0,0,0,0,0,0,0,0,0,0,0,0,0,0,0,0,0,0,0,0,0,0,0,0,0,0,0,0
STAT,(NULL),Time,40,237,237,0,0,0,0,0,0,0,0,0,0,0,0,0,0,0,0,0,0,0,0,0,0,0,0,0,0,0,0,0,0,0,0,0,0,0,0,0,0,0
Galois Benchmark Suite v2.2.1 (r0)
Copyright (C) 2014 The University of Texas at Austin
http://iss.ices.utexas.edu/galois/

application: Delaunay Triangulation
Produces a Delaunay triangulation for a set of points
http://iss.ices.utexas.edu/?p=projects/galois/benchmarks/delaunay_triangulation

INFO: CommandLine ./delaunaytriangulation -t 44 /home/users/kkazatzis/Galois-2.2.1/inputs/meshes/r50k.node
INFO: Hostname broady
configuration: 50003 points
mesh size: 100004
Triangulation OK
STATTYPE,LOOP,CATEGORY,n,sum,T0,T1,T2,T3,T4,T5,T6,T7,T8,T9,T10,T11,T12,T13,T14,T15,T16,T17,T18,T19,T20,T21,T22,T23,T24,T25,T26,T27,T28,T29,T30,T31,T32,T33,T34,T35,T36,T37,T38,T39,T40,T41,T42,T43
STAT,(NULL),Conflicts,44,246530,36657,15453,12615,16228,12603,891,567,23545,567,10067,567,243,243,243,243,17327,243,243,243,10029,243,243,1394,1858,5665,1215,31939,899,567,567,33636,565,575,243,243,243,243,243,5907,243,243,241,243,255
STAT,(NULL),Iterations,44,296530,51291,23656,12615,19130,12603,891,567,23558,567,10067,567,243,243,243,243,17329,243,243,243,10031,243,243,1474,2672,12433,1215,44606,899,567,567,37550,565,575,243,243,243,243,243,5907,243,243,242,243,255
STAT,(NULL),LoopTime,44,201,201,0,0,0,0,0,0,0,0,0,0,0,0,0,0,0,0,0,0,0,0,0,0,0,0,0,0,0,0,0,0,0,0,0,0,0,0,0,0,0,0,0,0,0
STAT,(NULL),MeminfoPost,44,234,13,10,5,8,5,4,4,7,4,5,4,4,4,4,4,7,4,4,4,7,4,4,7,7,9,4,12,4,5,4,8,4,4,4,4,4,4,4,4,4,4,7,4,4
STAT,(NULL),MeminfoPre,44,132,3,3,3,3,3,3,3,3,3,3,3,3,3,3,3,3,3,3,3,3,3,3,3,3,3,3,3,3,3,3,3,3,3,3,3,3,3,3,3,3,3,3,3,3
STAT,(NULL),Threads,44,44,44,0,0,0,0,0,0,0,0,0,0,0,0,0,0,0,0,0,0,0,0,0,0,0,0,0,0,0,0,0,0,0,0,0,0,0,0,0,0,0,0,0,0,0
STAT,(NULL),Time,44,201,201,0,0,0,0,0,0,0,0,0,0,0,0,0,0,0,0,0,0,0,0,0,0,0,0,0,0,0,0,0,0,0,0,0,0,0,0,0,0,0,0,0,0,0

