Galois Benchmark Suite v2.2.1 (r0)
Copyright (C) 2014 The University of Texas at Austin
http://iss.ices.utexas.edu/galois/

application: Delaunay Triangulation
Produces a Delaunay triangulation for a set of points
http://iss.ices.utexas.edu/?p=projects/galois/benchmarks/delaunay_triangulation

INFO: CommandLine ./delaunaytriangulation -t 1 /home/users/kkazatzis/Galois-2.2.1/inputs/meshes/r10k.node
INFO: Hostname haci3
configuration: 10003 points
mesh size: 20004
Triangulation OK
STATTYPE,LOOP,CATEGORY,n,sum,T0
STAT,(NULL),Conflicts,1,0,0
STAT,(NULL),Iterations,1,10000,10000
STAT,(NULL),LoopTime,1,21,21
STAT,(NULL),MeminfoPost,1,10,10
STAT,(NULL),MeminfoPre,1,9,9
STAT,(NULL),Threads,1,1,1
STAT,(NULL),Time,1,21,21
Galois Benchmark Suite v2.2.1 (r0)
Copyright (C) 2014 The University of Texas at Austin
http://iss.ices.utexas.edu/galois/

application: Delaunay Triangulation
Produces a Delaunay triangulation for a set of points
http://iss.ices.utexas.edu/?p=projects/galois/benchmarks/delaunay_triangulation

INFO: CommandLine ./delaunaytriangulation -t 1 /home/users/kkazatzis/Galois-2.2.1/inputs/meshes/r10k.node
INFO: Hostname haci3
configuration: 10003 points
mesh size: 20004
Triangulation OK
STATTYPE,LOOP,CATEGORY,n,sum,T0
STAT,(NULL),Conflicts,1,0,0
STAT,(NULL),Iterations,1,10000,10000
STAT,(NULL),LoopTime,1,21,21
STAT,(NULL),MeminfoPost,1,10,10
STAT,(NULL),MeminfoPre,1,9,9
STAT,(NULL),Threads,1,1,1
STAT,(NULL),Time,1,21,21
Galois Benchmark Suite v2.2.1 (r0)
Copyright (C) 2014 The University of Texas at Austin
http://iss.ices.utexas.edu/galois/

application: Delaunay Triangulation
Produces a Delaunay triangulation for a set of points
http://iss.ices.utexas.edu/?p=projects/galois/benchmarks/delaunay_triangulation

INFO: CommandLine ./delaunaytriangulation -t 1 /home/users/kkazatzis/Galois-2.2.1/inputs/meshes/r10k.node
INFO: Hostname haci3
configuration: 10003 points
mesh size: 20004
Triangulation OK
STATTYPE,LOOP,CATEGORY,n,sum,T0
STAT,(NULL),Conflicts,1,0,0
STAT,(NULL),Iterations,1,10000,10000
STAT,(NULL),LoopTime,1,21,21
STAT,(NULL),MeminfoPost,1,10,10
STAT,(NULL),MeminfoPre,1,9,9
STAT,(NULL),Threads,1,1,1
STAT,(NULL),Time,1,21,21
Galois Benchmark Suite v2.2.1 (r0)
Copyright (C) 2014 The University of Texas at Austin
http://iss.ices.utexas.edu/galois/

application: Delaunay Triangulation
Produces a Delaunay triangulation for a set of points
http://iss.ices.utexas.edu/?p=projects/galois/benchmarks/delaunay_triangulation

INFO: CommandLine ./delaunaytriangulation -t 1 /home/users/kkazatzis/Galois-2.2.1/inputs/meshes/r10k.node
INFO: Hostname haci3
configuration: 10003 points
mesh size: 20004
Triangulation OK
STATTYPE,LOOP,CATEGORY,n,sum,T0
STAT,(NULL),Conflicts,1,0,0
STAT,(NULL),Iterations,1,10000,10000
STAT,(NULL),LoopTime,1,21,21
STAT,(NULL),MeminfoPost,1,10,10
STAT,(NULL),MeminfoPre,1,9,9
STAT,(NULL),Threads,1,1,1
STAT,(NULL),Time,1,21,21
Galois Benchmark Suite v2.2.1 (r0)
Copyright (C) 2014 The University of Texas at Austin
http://iss.ices.utexas.edu/galois/

application: Delaunay Triangulation
Produces a Delaunay triangulation for a set of points
http://iss.ices.utexas.edu/?p=projects/galois/benchmarks/delaunay_triangulation

INFO: CommandLine ./delaunaytriangulation -t 1 /home/users/kkazatzis/Galois-2.2.1/inputs/meshes/r10k.node
INFO: Hostname haci3
configuration: 10003 points
mesh size: 20004
Triangulation OK
STATTYPE,LOOP,CATEGORY,n,sum,T0
STAT,(NULL),Conflicts,1,0,0
STAT,(NULL),Iterations,1,10000,10000
STAT,(NULL),LoopTime,1,21,21
STAT,(NULL),MeminfoPost,1,10,10
STAT,(NULL),MeminfoPre,1,9,9
STAT,(NULL),Threads,1,1,1
STAT,(NULL),Time,1,21,21
Galois Benchmark Suite v2.2.1 (r0)
Copyright (C) 2014 The University of Texas at Austin
http://iss.ices.utexas.edu/galois/

application: Delaunay Triangulation
Produces a Delaunay triangulation for a set of points
http://iss.ices.utexas.edu/?p=projects/galois/benchmarks/delaunay_triangulation

INFO: CommandLine ./delaunaytriangulation -t 2 /home/users/kkazatzis/Galois-2.2.1/inputs/meshes/r10k.node
INFO: Hostname haci3
configuration: 10003 points
mesh size: 20004
Triangulation OK
STATTYPE,LOOP,CATEGORY,n,sum,T0,T1
STAT,(NULL),Conflicts,2,561,397,164
STAT,(NULL),Iterations,2,10561,6417,4144
STAT,(NULL),LoopTime,2,17,17,0
STAT,(NULL),MeminfoPost,2,17,9,8
STAT,(NULL),MeminfoPre,2,12,6,6
STAT,(NULL),Threads,2,2,2,0
STAT,(NULL),Time,2,17,17,0
Galois Benchmark Suite v2.2.1 (r0)
Copyright (C) 2014 The University of Texas at Austin
http://iss.ices.utexas.edu/galois/

application: Delaunay Triangulation
Produces a Delaunay triangulation for a set of points
http://iss.ices.utexas.edu/?p=projects/galois/benchmarks/delaunay_triangulation

INFO: CommandLine ./delaunaytriangulation -t 2 /home/users/kkazatzis/Galois-2.2.1/inputs/meshes/r10k.node
INFO: Hostname haci3
configuration: 10003 points
mesh size: 20004
Triangulation OK
STATTYPE,LOOP,CATEGORY,n,sum,T0,T1
STAT,(NULL),Conflicts,2,379,249,130
STAT,(NULL),Iterations,2,10379,6229,4150
STAT,(NULL),LoopTime,2,17,17,0
STAT,(NULL),MeminfoPost,2,17,9,8
STAT,(NULL),MeminfoPre,2,12,6,6
STAT,(NULL),Threads,2,2,2,0
STAT,(NULL),Time,2,17,17,0
Galois Benchmark Suite v2.2.1 (r0)
Copyright (C) 2014 The University of Texas at Austin
http://iss.ices.utexas.edu/galois/

application: Delaunay Triangulation
Produces a Delaunay triangulation for a set of points
http://iss.ices.utexas.edu/?p=projects/galois/benchmarks/delaunay_triangulation

INFO: CommandLine ./delaunaytriangulation -t 2 /home/users/kkazatzis/Galois-2.2.1/inputs/meshes/r10k.node
INFO: Hostname haci3
configuration: 10003 points
mesh size: 20004
Triangulation OK
STATTYPE,LOOP,CATEGORY,n,sum,T0,T1
STAT,(NULL),Conflicts,2,8066,7913,153
STAT,(NULL),Iterations,2,18066,13930,4136
STAT,(NULL),LoopTime,2,17,17,0
STAT,(NULL),MeminfoPost,2,17,9,8
STAT,(NULL),MeminfoPre,2,12,6,6
STAT,(NULL),Threads,2,2,2,0
STAT,(NULL),Time,2,17,17,0
Galois Benchmark Suite v2.2.1 (r0)
Copyright (C) 2014 The University of Texas at Austin
http://iss.ices.utexas.edu/galois/

application: Delaunay Triangulation
Produces a Delaunay triangulation for a set of points
http://iss.ices.utexas.edu/?p=projects/galois/benchmarks/delaunay_triangulation

INFO: CommandLine ./delaunaytriangulation -t 2 /home/users/kkazatzis/Galois-2.2.1/inputs/meshes/r10k.node
INFO: Hostname haci3
configuration: 10003 points
mesh size: 20004
Triangulation OK
STATTYPE,LOOP,CATEGORY,n,sum,T0,T1
STAT,(NULL),Conflicts,2,273,197,76
STAT,(NULL),Iterations,2,10273,6359,3914
STAT,(NULL),LoopTime,2,18,18,0
STAT,(NULL),MeminfoPost,2,17,9,8
STAT,(NULL),MeminfoPre,2,12,6,6
STAT,(NULL),Threads,2,2,2,0
STAT,(NULL),Time,2,18,18,0
Galois Benchmark Suite v2.2.1 (r0)
Copyright (C) 2014 The University of Texas at Austin
http://iss.ices.utexas.edu/galois/

application: Delaunay Triangulation
Produces a Delaunay triangulation for a set of points
http://iss.ices.utexas.edu/?p=projects/galois/benchmarks/delaunay_triangulation

INFO: CommandLine ./delaunaytriangulation -t 2 /home/users/kkazatzis/Galois-2.2.1/inputs/meshes/r10k.node
INFO: Hostname haci3
configuration: 10003 points
mesh size: 20004
Triangulation OK
STATTYPE,LOOP,CATEGORY,n,sum,T0,T1
STAT,(NULL),Conflicts,2,432,274,158
STAT,(NULL),Iterations,2,10432,6228,4204
STAT,(NULL),LoopTime,2,17,17,0
STAT,(NULL),MeminfoPost,2,17,9,8
STAT,(NULL),MeminfoPre,2,12,6,6
STAT,(NULL),Threads,2,2,2,0
STAT,(NULL),Time,2,17,17,0
Galois Benchmark Suite v2.2.1 (r0)
Copyright (C) 2014 The University of Texas at Austin
http://iss.ices.utexas.edu/galois/

application: Delaunay Triangulation
Produces a Delaunay triangulation for a set of points
http://iss.ices.utexas.edu/?p=projects/galois/benchmarks/delaunay_triangulation

INFO: CommandLine ./delaunaytriangulation -t 4 /home/users/kkazatzis/Galois-2.2.1/inputs/meshes/r10k.node
INFO: Hostname haci3
configuration: 10003 points
mesh size: 20004
Triangulation OK
STATTYPE,LOOP,CATEGORY,n,sum,T0,T1,T2,T3
STAT,(NULL),Conflicts,4,47371,16314,6014,17258,7785
STAT,(NULL),Iterations,4,57371,18125,13889,17571,7786
STAT,(NULL),LoopTime,4,35,35,0,0,0
STAT,(NULL),MeminfoPost,4,31,7,10,7,7
STAT,(NULL),MeminfoPre,4,16,4,4,4,4
STAT,(NULL),Threads,4,4,4,0,0,0
STAT,(NULL),Time,4,35,35,0,0,0
Galois Benchmark Suite v2.2.1 (r0)
Copyright (C) 2014 The University of Texas at Austin
http://iss.ices.utexas.edu/galois/

application: Delaunay Triangulation
Produces a Delaunay triangulation for a set of points
http://iss.ices.utexas.edu/?p=projects/galois/benchmarks/delaunay_triangulation

INFO: CommandLine ./delaunaytriangulation -t 4 /home/users/kkazatzis/Galois-2.2.1/inputs/meshes/r10k.node
INFO: Hostname haci3
configuration: 10003 points
mesh size: 20004
Triangulation OK
STATTYPE,LOOP,CATEGORY,n,sum,T0,T1,T2,T3
STAT,(NULL),Conflicts,4,49784,16196,6305,11433,15850
STAT,(NULL),Iterations,4,59784,17049,15450,11434,15851
STAT,(NULL),LoopTime,4,41,41,0,0,0
STAT,(NULL),MeminfoPost,4,32,7,11,7,7
STAT,(NULL),MeminfoPre,4,16,4,4,4,4
STAT,(NULL),Threads,4,4,4,0,0,0
STAT,(NULL),Time,4,41,41,0,0,0
Galois Benchmark Suite v2.2.1 (r0)
Copyright (C) 2014 The University of Texas at Austin
http://iss.ices.utexas.edu/galois/

application: Delaunay Triangulation
Produces a Delaunay triangulation for a set of points
http://iss.ices.utexas.edu/?p=projects/galois/benchmarks/delaunay_triangulation

INFO: CommandLine ./delaunaytriangulation -t 4 /home/users/kkazatzis/Galois-2.2.1/inputs/meshes/r10k.node
INFO: Hostname haci3
configuration: 10003 points
mesh size: 20004
Triangulation OK
STATTYPE,LOOP,CATEGORY,n,sum,T0,T1,T2,T3
STAT,(NULL),Conflicts,4,39890,11119,4963,11340,12468
STAT,(NULL),Iterations,4,49890,12647,12547,11340,13356
STAT,(NULL),LoopTime,4,35,35,0,0,0
STAT,(NULL),MeminfoPost,4,29,7,10,5,7
STAT,(NULL),MeminfoPre,4,16,4,4,4,4
STAT,(NULL),Threads,4,4,4,0,0,0
STAT,(NULL),Time,4,35,35,0,0,0
Galois Benchmark Suite v2.2.1 (r0)
Copyright (C) 2014 The University of Texas at Austin
http://iss.ices.utexas.edu/galois/

application: Delaunay Triangulation
Produces a Delaunay triangulation for a set of points
http://iss.ices.utexas.edu/?p=projects/galois/benchmarks/delaunay_triangulation

INFO: CommandLine ./delaunaytriangulation -t 4 /home/users/kkazatzis/Galois-2.2.1/inputs/meshes/r10k.node
INFO: Hostname haci3
configuration: 10003 points
mesh size: 20004
Triangulation OK
STATTYPE,LOOP,CATEGORY,n,sum,T0,T1,T2,T3
STAT,(NULL),Conflicts,4,37354,11537,4798,13231,7788
STAT,(NULL),Iterations,4,47354,13857,11201,14508,7788
STAT,(NULL),LoopTime,4,30,30,0,0,0
STAT,(NULL),MeminfoPost,4,28,7,9,7,5
STAT,(NULL),MeminfoPre,4,16,4,4,4,4
STAT,(NULL),Threads,4,4,4,0,0,0
STAT,(NULL),Time,4,30,30,0,0,0
Galois Benchmark Suite v2.2.1 (r0)
Copyright (C) 2014 The University of Texas at Austin
http://iss.ices.utexas.edu/galois/

application: Delaunay Triangulation
Produces a Delaunay triangulation for a set of points
http://iss.ices.utexas.edu/?p=projects/galois/benchmarks/delaunay_triangulation

INFO: CommandLine ./delaunaytriangulation -t 4 /home/users/kkazatzis/Galois-2.2.1/inputs/meshes/r10k.node
INFO: Hostname haci3
configuration: 10003 points
mesh size: 20004
Triangulation OK
STATTYPE,LOOP,CATEGORY,n,sum,T0,T1,T2,T3
STAT,(NULL),Conflicts,4,44036,16793,3273,16250,7720
STAT,(NULL),Iterations,4,54036,17451,9871,18968,7746
STAT,(NULL),LoopTime,4,32,32,0,0,0
STAT,(NULL),MeminfoPost,4,31,7,9,8,7
STAT,(NULL),MeminfoPre,4,16,4,4,4,4
STAT,(NULL),Threads,4,4,4,0,0,0
STAT,(NULL),Time,4,32,32,0,0,0
Galois Benchmark Suite v2.2.1 (r0)
Copyright (C) 2014 The University of Texas at Austin
http://iss.ices.utexas.edu/galois/

application: Delaunay Triangulation
Produces a Delaunay triangulation for a set of points
http://iss.ices.utexas.edu/?p=projects/galois/benchmarks/delaunay_triangulation

INFO: CommandLine ./delaunaytriangulation -t 8 /home/users/kkazatzis/Galois-2.2.1/inputs/meshes/r10k.node
INFO: Hostname haci3
configuration: 10003 points
mesh size: 20004
Triangulation OK
STATTYPE,LOOP,CATEGORY,n,sum,T0,T1,T2,T3,T4,T5,T6,T7
STAT,(NULL),Conflicts,8,27981,3611,7248,450,14265,198,181,198,1830
STAT,(NULL),Iterations,8,37981,5554,11642,450,17922,198,187,198,1830
STAT,(NULL),LoopTime,8,27,27,0,0,0,0,0,0,0
STAT,(NULL),MeminfoPost,8,47,7,8,5,8,4,7,4,4
STAT,(NULL),MeminfoPre,8,24,3,3,3,3,3,3,3,3
STAT,(NULL),Threads,8,8,8,0,0,0,0,0,0,0
STAT,(NULL),Time,8,27,27,0,0,0,0,0,0,0
Galois Benchmark Suite v2.2.1 (r0)
Copyright (C) 2014 The University of Texas at Austin
http://iss.ices.utexas.edu/galois/

application: Delaunay Triangulation
Produces a Delaunay triangulation for a set of points
http://iss.ices.utexas.edu/?p=projects/galois/benchmarks/delaunay_triangulation

INFO: CommandLine ./delaunaytriangulation -t 8 /home/users/kkazatzis/Galois-2.2.1/inputs/meshes/r10k.node
INFO: Hostname haci3
configuration: 10003 points
mesh size: 20004
Triangulation OK
STATTYPE,LOOP,CATEGORY,n,sum,T0,T1,T2,T3,T4,T5,T6,T7
STAT,(NULL),Conflicts,8,42385,8389,6027,5924,10036,678,3735,7302,294
STAT,(NULL),Iterations,8,52385,10680,10982,5924,12753,678,3740,7334,294
STAT,(NULL),LoopTime,8,33,33,0,0,0,0,0,0,0
STAT,(NULL),MeminfoPost,8,53,7,9,5,8,5,7,7,5
STAT,(NULL),MeminfoPre,8,24,3,3,3,3,3,3,3,3
STAT,(NULL),Threads,8,8,8,0,0,0,0,0,0,0
STAT,(NULL),Time,8,33,33,0,0,0,0,0,0,0
Galois Benchmark Suite v2.2.1 (r0)
Copyright (C) 2014 The University of Texas at Austin
http://iss.ices.utexas.edu/galois/

application: Delaunay Triangulation
Produces a Delaunay triangulation for a set of points
http://iss.ices.utexas.edu/?p=projects/galois/benchmarks/delaunay_triangulation

INFO: CommandLine ./delaunaytriangulation -t 8 /home/users/kkazatzis/Galois-2.2.1/inputs/meshes/r10k.node
INFO: Hostname haci3
configuration: 10003 points
mesh size: 20004
Triangulation OK
STATTYPE,LOOP,CATEGORY,n,sum,T0,T1,T2,T3,T4,T5,T6,T7
STAT,(NULL),Conflicts,8,27089,4855,2175,2577,1422,10538,198,5030,294
STAT,(NULL),Iterations,8,37089,6895,2378,6067,2930,13233,198,5094,294
STAT,(NULL),LoopTime,8,27,27,0,0,0,0,0,0,0
STAT,(NULL),MeminfoPost,8,53,7,7,8,7,8,4,7,5
STAT,(NULL),MeminfoPre,8,24,3,3,3,3,3,3,3,3
STAT,(NULL),Threads,8,8,8,0,0,0,0,0,0,0
STAT,(NULL),Time,8,27,27,0,0,0,0,0,0,0
Galois Benchmark Suite v2.2.1 (r0)
Copyright (C) 2014 The University of Texas at Austin
http://iss.ices.utexas.edu/galois/

application: Delaunay Triangulation
Produces a Delaunay triangulation for a set of points
http://iss.ices.utexas.edu/?p=projects/galois/benchmarks/delaunay_triangulation

INFO: CommandLine ./delaunaytriangulation -t 8 /home/users/kkazatzis/Galois-2.2.1/inputs/meshes/r10k.node
INFO: Hostname haci3
configuration: 10003 points
mesh size: 20004
Triangulation OK
STATTYPE,LOOP,CATEGORY,n,sum,T0,T1,T2,T3,T4,T5,T6,T7
STAT,(NULL),Conflicts,8,34741,7429,598,460,984,196,198,11046,13830
STAT,(NULL),Iterations,8,44741,9041,598,460,9371,197,198,11046,13830
STAT,(NULL),LoopTime,8,41,41,0,0,0,0,0,0,0
STAT,(NULL),MeminfoPost,8,46,7,4,4,10,7,4,5,5
STAT,(NULL),MeminfoPre,8,24,3,3,3,3,3,3,3,3
STAT,(NULL),Threads,8,8,8,0,0,0,0,0,0,0
STAT,(NULL),Time,8,41,41,0,0,0,0,0,0,0
Galois Benchmark Suite v2.2.1 (r0)
Copyright (C) 2014 The University of Texas at Austin
http://iss.ices.utexas.edu/galois/

application: Delaunay Triangulation
Produces a Delaunay triangulation for a set of points
http://iss.ices.utexas.edu/?p=projects/galois/benchmarks/delaunay_triangulation

INFO: CommandLine ./delaunaytriangulation -t 8 /home/users/kkazatzis/Galois-2.2.1/inputs/meshes/r10k.node
INFO: Hostname haci3
configuration: 10003 points
mesh size: 20004
Triangulation OK
STATTYPE,LOOP,CATEGORY,n,sum,T0,T1,T2,T3,T4,T5,T6,T7
STAT,(NULL),Conflicts,8,42373,13472,6010,2698,3834,5462,5574,1296,4027
STAT,(NULL),Iterations,8,52373,20706,6171,5262,3836,5477,5574,1315,4032
STAT,(NULL),LoopTime,8,37,37,0,0,0,0,0,0,0
STAT,(NULL),MeminfoPost,8,58,10,7,8,7,7,5,7,7
STAT,(NULL),MeminfoPre,8,24,3,3,3,3,3,3,3,3
STAT,(NULL),Threads,8,8,8,0,0,0,0,0,0,0
STAT,(NULL),Time,8,37,37,0,0,0,0,0,0,0
Galois Benchmark Suite v2.2.1 (r0)
Copyright (C) 2014 The University of Texas at Austin
http://iss.ices.utexas.edu/galois/

application: Delaunay Triangulation
Produces a Delaunay triangulation for a set of points
http://iss.ices.utexas.edu/?p=projects/galois/benchmarks/delaunay_triangulation

INFO: CommandLine ./delaunaytriangulation -t 16 /home/users/kkazatzis/Galois-2.2.1/inputs/meshes/r10k.node
INFO: Hostname haci3
configuration: 10003 points
mesh size: 20004
Triangulation OK
STATTYPE,LOOP,CATEGORY,n,sum,T0,T1,T2,T3,T4,T5,T6,T7,T8,T9,T10,T11,T12,T13,T14,T15
STAT,(NULL),Conflicts,16,46302,7235,2125,5949,891,7553,1719,567,243,12193,243,243,243,243,243,2905,3707
STAT,(NULL),Iterations,16,56302,9712,4291,6076,891,12410,1719,567,243,12243,243,243,243,243,243,3196,3739
STAT,(NULL),LoopTime,16,40,40,0,0,0,0,0,0,0,0,0,0,0,0,0,0,0
STAT,(NULL),MeminfoPost,16,91,8,7,7,5,9,4,5,4,7,4,4,4,4,5,7,7
STAT,(NULL),MeminfoPre,16,48,3,3,3,3,3,3,3,3,3,3,3,3,3,3,3,3
STAT,(NULL),Threads,16,16,16,0,0,0,0,0,0,0,0,0,0,0,0,0,0,0
STAT,(NULL),Time,16,40,40,0,0,0,0,0,0,0,0,0,0,0,0,0,0,0
Galois Benchmark Suite v2.2.1 (r0)
Copyright (C) 2014 The University of Texas at Austin
http://iss.ices.utexas.edu/galois/

application: Delaunay Triangulation
Produces a Delaunay triangulation for a set of points
http://iss.ices.utexas.edu/?p=projects/galois/benchmarks/delaunay_triangulation

INFO: CommandLine ./delaunaytriangulation -t 16 /home/users/kkazatzis/Galois-2.2.1/inputs/meshes/r10k.node
INFO: Hostname haci3
configuration: 10003 points
mesh size: 20004
Triangulation OK
STATTYPE,LOOP,CATEGORY,n,sum,T0,T1,T2,T3,T4,T5,T6,T7,T8,T9,T10,T11,T12,T13,T14,T15
STAT,(NULL),Conflicts,16,48556,7323,3968,5701,2265,10141,1047,1943,243,243,9303,243,531,2314,243,211,2837
STAT,(NULL),Iterations,16,58556,9116,6463,5705,2267,14490,1047,1943,243,243,9363,243,531,2330,243,1268,3061
STAT,(NULL),LoopTime,16,40,40,0,0,0,0,0,0,0,0,0,0,0,0,0,0,0
STAT,(NULL),MeminfoPost,16,96,7,8,7,7,8,4,5,4,5,7,4,4,7,5,7,7
STAT,(NULL),MeminfoPre,16,48,3,3,3,3,3,3,3,3,3,3,3,3,3,3,3,3
STAT,(NULL),Threads,16,16,16,0,0,0,0,0,0,0,0,0,0,0,0,0,0,0
STAT,(NULL),Time,16,40,40,0,0,0,0,0,0,0,0,0,0,0,0,0,0,0
Galois Benchmark Suite v2.2.1 (r0)
Copyright (C) 2014 The University of Texas at Austin
http://iss.ices.utexas.edu/galois/

application: Delaunay Triangulation
Produces a Delaunay triangulation for a set of points
http://iss.ices.utexas.edu/?p=projects/galois/benchmarks/delaunay_triangulation

INFO: CommandLine ./delaunaytriangulation -t 16 /home/users/kkazatzis/Galois-2.2.1/inputs/meshes/r10k.node
INFO: Hostname haci3
configuration: 10003 points
mesh size: 20004
Triangulation OK
STATTYPE,LOOP,CATEGORY,n,sum,T0,T1,T2,T3,T4,T5,T6,T7,T8,T9,T10,T11,T12,T13,T14,T15
STAT,(NULL),Conflicts,16,32824,14513,1477,743,667,567,512,340,243,243,243,243,243,2,243,8756,3789
STAT,(NULL),Iterations,16,42824,23661,1478,930,667,567,567,371,243,243,243,243,243,83,243,9251,3791
STAT,(NULL),LoopTime,16,49,49,0,0,0,0,0,0,0,0,0,0,0,0,0,0,0
STAT,(NULL),MeminfoPost,16,94,10,7,7,5,5,7,7,4,5,4,4,4,7,4,7,7
STAT,(NULL),MeminfoPre,16,48,3,3,3,3,3,3,3,3,3,3,3,3,3,3,3,3
STAT,(NULL),Threads,16,16,16,0,0,0,0,0,0,0,0,0,0,0,0,0,0,0
STAT,(NULL),Time,16,49,49,0,0,0,0,0,0,0,0,0,0,0,0,0,0,0
Galois Benchmark Suite v2.2.1 (r0)
Copyright (C) 2014 The University of Texas at Austin
http://iss.ices.utexas.edu/galois/

application: Delaunay Triangulation
Produces a Delaunay triangulation for a set of points
http://iss.ices.utexas.edu/?p=projects/galois/benchmarks/delaunay_triangulation

INFO: CommandLine ./delaunaytriangulation -t 16 /home/users/kkazatzis/Galois-2.2.1/inputs/meshes/r10k.node
INFO: Hostname haci3
configuration: 10003 points
mesh size: 20004
Triangulation OK
STATTYPE,LOOP,CATEGORY,n,sum,T0,T1,T2,T3,T4,T5,T6,T7,T8,T9,T10,T11,T12,T13,T14,T15
STAT,(NULL),Conflicts,16,47967,6780,4615,1215,4776,567,567,5354,11210,243,243,243,243,4851,243,3031,3786
STAT,(NULL),Iterations,16,57967,10269,5522,1215,7727,567,567,7701,11279,243,243,243,243,4851,243,3265,3789
STAT,(NULL),LoopTime,16,33,33,0,0,0,0,0,0,0,0,0,0,0,0,0,0,0
STAT,(NULL),MeminfoPost,16,90,8,7,5,8,4,4,8,7,4,4,4,4,4,5,7,7
STAT,(NULL),MeminfoPre,16,48,3,3,3,3,3,3,3,3,3,3,3,3,3,3,3,3
STAT,(NULL),Threads,16,16,16,0,0,0,0,0,0,0,0,0,0,0,0,0,0,0
STAT,(NULL),Time,16,33,33,0,0,0,0,0,0,0,0,0,0,0,0,0,0,0
Galois Benchmark Suite v2.2.1 (r0)
Copyright (C) 2014 The University of Texas at Austin
http://iss.ices.utexas.edu/galois/

application: Delaunay Triangulation
Produces a Delaunay triangulation for a set of points
http://iss.ices.utexas.edu/?p=projects/galois/benchmarks/delaunay_triangulation

INFO: CommandLine ./delaunaytriangulation -t 16 /home/users/kkazatzis/Galois-2.2.1/inputs/meshes/r10k.node
INFO: Hostname haci3
configuration: 10003 points
mesh size: 20004
Triangulation OK
STATTYPE,LOOP,CATEGORY,n,sum,T0,T1,T2,T3,T4,T5,T6,T7,T8,T9,T10,T11,T12,T13,T14,T15
STAT,(NULL),Conflicts,16,40066,12402,2632,3470,808,567,3991,567,243,243,243,2931,243,243,243,9077,2163
STAT,(NULL),Iterations,16,50066,20563,3922,3991,836,567,3991,567,243,243,243,2931,243,243,243,9077,2163
STAT,(NULL),LoopTime,16,40,40,0,0,0,0,0,0,0,0,0,0,0,0,0,0,0
STAT,(NULL),MeminfoPost,16,81,10,7,7,7,4,5,4,4,4,4,4,4,4,4,5,4
STAT,(NULL),MeminfoPre,16,48,3,3,3,3,3,3,3,3,3,3,3,3,3,3,3,3
STAT,(NULL),Threads,16,16,16,0,0,0,0,0,0,0,0,0,0,0,0,0,0,0
STAT,(NULL),Time,16,40,40,0,0,0,0,0,0,0,0,0,0,0,0,0,0,0
Galois Benchmark Suite v2.2.1 (r0)
Copyright (C) 2014 The University of Texas at Austin
http://iss.ices.utexas.edu/galois/

application: Delaunay Triangulation
Produces a Delaunay triangulation for a set of points
http://iss.ices.utexas.edu/?p=projects/galois/benchmarks/delaunay_triangulation

INFO: CommandLine ./delaunaytriangulation -t 24 /home/users/kkazatzis/Galois-2.2.1/inputs/meshes/r10k.node
INFO: Hostname haci3
configuration: 10003 points
mesh size: 20004
Triangulation OK
STATTYPE,LOOP,CATEGORY,n,sum,T0,T1,T2,T3,T4,T5,T6,T7,T8,T9,T10,T11,T12,T13,T14,T15,T16,T17,T18,T19,T20,T21,T22,T23
STAT,(NULL),Conflicts,24,60833,18056,1632,916,683,376,455,448,195,291,195,195,195,195,195,8424,8238,955,7271,599,387,10275,195,195,267
STAT,(NULL),Iterations,24,70833,27870,1645,927,694,424,455,455,195,291,195,195,195,195,195,8456,8302,955,7271,599,387,10275,195,195,267
STAT,(NULL),LoopTime,24,56,56,0,0,0,0,0,0,0,0,0,0,0,0,0,0,0,0,0,0,0,0,0,0,0
STAT,(NULL),MeminfoPost,24,127,11,7,7,7,7,5,7,4,5,4,4,4,5,4,7,7,4,4,4,4,4,4,4,4
STAT,(NULL),MeminfoPre,24,72,3,3,3,3,3,3,3,3,3,3,3,3,3,3,3,3,3,3,3,3,3,3,3,3
STAT,(NULL),Threads,24,24,24,0,0,0,0,0,0,0,0,0,0,0,0,0,0,0,0,0,0,0,0,0,0,0
STAT,(NULL),Time,24,56,56,0,0,0,0,0,0,0,0,0,0,0,0,0,0,0,0,0,0,0,0,0,0,0
Galois Benchmark Suite v2.2.1 (r0)
Copyright (C) 2014 The University of Texas at Austin
http://iss.ices.utexas.edu/galois/

application: Delaunay Triangulation
Produces a Delaunay triangulation for a set of points
http://iss.ices.utexas.edu/?p=projects/galois/benchmarks/delaunay_triangulation

INFO: CommandLine ./delaunaytriangulation -t 24 /home/users/kkazatzis/Galois-2.2.1/inputs/meshes/r10k.node
INFO: Hostname haci3
configuration: 10003 points
mesh size: 20004
Triangulation OK
STATTYPE,LOOP,CATEGORY,n,sum,T0,T1,T2,T3,T4,T5,T6,T7,T8,T9,T10,T11,T12,T13,T14,T15,T16,T17,T18,T19,T20,T21,T22,T23
STAT,(NULL),Conflicts,24,47507,13216,1066,587,320,135,1605,318,4,78,195,4449,195,189,195,3109,7847,11258,583,727,195,291,291,387,267
STAT,(NULL),Iterations,24,57507,17635,1324,785,382,224,2907,374,69,118,195,4522,195,192,195,6058,8236,11355,583,727,195,291,291,387,267
STAT,(NULL),LoopTime,24,46,46,0,0,0,0,0,0,0,0,0,0,0,0,0,0,0,0,0,0,0,0,0,0,0
STAT,(NULL),MeminfoPost,24,144,8,7,7,7,7,7,7,7,7,5,7,5,7,5,8,7,7,4,5,4,4,4,4,4
STAT,(NULL),MeminfoPre,24,72,3,3,3,3,3,3,3,3,3,3,3,3,3,3,3,3,3,3,3,3,3,3,3,3
STAT,(NULL),Threads,24,24,24,0,0,0,0,0,0,0,0,0,0,0,0,0,0,0,0,0,0,0,0,0,0,0
STAT,(NULL),Time,24,46,46,0,0,0,0,0,0,0,0,0,0,0,0,0,0,0,0,0,0,0,0,0,0,0
Galois Benchmark Suite v2.2.1 (r0)
Copyright (C) 2014 The University of Texas at Austin
http://iss.ices.utexas.edu/galois/

application: Delaunay Triangulation
Produces a Delaunay triangulation for a set of points
http://iss.ices.utexas.edu/?p=projects/galois/benchmarks/delaunay_triangulation

INFO: CommandLine ./delaunaytriangulation -t 24 /home/users/kkazatzis/Galois-2.2.1/inputs/meshes/r10k.node
INFO: Hostname haci3
configuration: 10003 points
mesh size: 20004
Triangulation OK
STATTYPE,LOOP,CATEGORY,n,sum,T0,T1,T2,T3,T4,T5,T6,T7,T8,T9,T10,T11,T12,T13,T14,T15,T16,T17,T18,T19,T20,T21,T22,T23
STAT,(NULL),Conflicts,24,47699,4135,77,9173,779,191,1031,519,195,195,195,195,195,195,291,3851,4555,4531,435,5608,291,195,195,195,10477
STAT,(NULL),Iterations,24,57699,6352,2336,12230,779,359,1031,519,195,195,195,195,195,195,291,4287,4662,5118,445,6705,291,195,195,195,10539
STAT,(NULL),LoopTime,24,45,45,0,0,0,0,0,0,0,0,0,0,0,0,0,0,0,0,0,0,0,0,0,0,0
STAT,(NULL),MeminfoPost,24,133,7,7,8,5,7,5,5,4,4,4,5,5,5,4,7,7,7,7,7,4,4,4,4,7
STAT,(NULL),MeminfoPre,24,72,3,3,3,3,3,3,3,3,3,3,3,3,3,3,3,3,3,3,3,3,3,3,3,3
STAT,(NULL),Threads,24,24,24,0,0,0,0,0,0,0,0,0,0,0,0,0,0,0,0,0,0,0,0,0,0,0
STAT,(NULL),Time,24,45,45,0,0,0,0,0,0,0,0,0,0,0,0,0,0,0,0,0,0,0,0,0,0,0
Galois Benchmark Suite v2.2.1 (r0)
Copyright (C) 2014 The University of Texas at Austin
http://iss.ices.utexas.edu/galois/

application: Delaunay Triangulation
Produces a Delaunay triangulation for a set of points
http://iss.ices.utexas.edu/?p=projects/galois/benchmarks/delaunay_triangulation

INFO: CommandLine ./delaunaytriangulation -t 24 /home/users/kkazatzis/Galois-2.2.1/inputs/meshes/r10k.node
INFO: Hostname haci3
configuration: 10003 points
mesh size: 20004
Triangulation OK
STATTYPE,LOOP,CATEGORY,n,sum,T0,T1,T2,T3,T4,T5,T6,T7,T8,T9,T10,T11,T12,T13,T14,T15,T16,T17,T18,T19,T20,T21,T22,T23
STAT,(NULL),Conflicts,24,48794,15200,2527,3183,907,4332,878,647,195,6518,195,675,291,291,387,8069,1411,763,583,503,195,291,291,195,267
STAT,(NULL),Iterations,24,58794,22900,3046,4579,907,4495,930,647,195,6688,195,675,291,291,387,8069,1411,763,583,503,195,291,291,195,267
STAT,(NULL),LoopTime,24,46,46,0,0,0,0,0,0,0,0,0,0,0,0,0,0,0,0,0,0,0,0,0,0,0
STAT,(NULL),MeminfoPost,24,119,10,7,7,4,7,7,4,4,7,4,5,4,5,4,4,4,4,4,4,4,4,4,4,4
STAT,(NULL),MeminfoPre,24,72,3,3,3,3,3,3,3,3,3,3,3,3,3,3,3,3,3,3,3,3,3,3,3,3
STAT,(NULL),Threads,24,24,24,0,0,0,0,0,0,0,0,0,0,0,0,0,0,0,0,0,0,0,0,0,0,0
STAT,(NULL),Time,24,46,46,0,0,0,0,0,0,0,0,0,0,0,0,0,0,0,0,0,0,0,0,0,0,0
Galois Benchmark Suite v2.2.1 (r0)
Copyright (C) 2014 The University of Texas at Austin
http://iss.ices.utexas.edu/galois/

application: Delaunay Triangulation
Produces a Delaunay triangulation for a set of points
http://iss.ices.utexas.edu/?p=projects/galois/benchmarks/delaunay_triangulation

INFO: CommandLine ./delaunaytriangulation -t 24 /home/users/kkazatzis/Galois-2.2.1/inputs/meshes/r10k.node
INFO: Hostname haci3
configuration: 10003 points
mesh size: 20004
Triangulation OK
STATTYPE,LOOP,CATEGORY,n,sum,T0,T1,T2,T3,T4,T5,T6,T7,T8,T9,T10,T11,T12,T13,T14,T15,T16,T17,T18,T19,T20,T21,T22,T23
STAT,(NULL),Conflicts,24,76768,13605,4973,1103,5609,376,519,7013,195,195,291,195,291,2560,195,3597,8451,7963,455,7671,195,195,195,10563,363
STAT,(NULL),Iterations,24,86768,17915,6365,1103,5609,424,519,7018,195,195,291,195,291,2572,195,7830,8451,7963,455,7671,195,195,195,10563,363
STAT,(NULL),LoopTime,24,43,43,0,0,0,0,0,0,0,0,0,0,0,0,0,0,0,0,0,0,0,0,0,0,0
STAT,(NULL),MeminfoPost,24,122,8,7,5,5,7,5,7,4,4,4,5,4,7,4,8,5,5,4,4,4,4,4,4,4
STAT,(NULL),MeminfoPre,24,72,3,3,3,3,3,3,3,3,3,3,3,3,3,3,3,3,3,3,3,3,3,3,3,3
STAT,(NULL),Threads,24,24,24,0,0,0,0,0,0,0,0,0,0,0,0,0,0,0,0,0,0,0,0,0,0,0
STAT,(NULL),Time,24,43,43,0,0,0,0,0,0,0,0,0,0,0,0,0,0,0,0,0,0,0,0,0,0,0
Galois Benchmark Suite v2.2.1 (r0)
Copyright (C) 2014 The University of Texas at Austin
http://iss.ices.utexas.edu/galois/

application: Delaunay Triangulation
Produces a Delaunay triangulation for a set of points
http://iss.ices.utexas.edu/?p=projects/galois/benchmarks/delaunay_triangulation

INFO: CommandLine ./delaunaytriangulation -t 32 /home/users/kkazatzis/Galois-2.2.1/inputs/meshes/r10k.node
INFO: Hostname haci3
configuration: 10003 points
mesh size: 20004
Triangulation OK
STATTYPE,LOOP,CATEGORY,n,sum,T0,T1,T2,T3,T4,T5,T6,T7,T8,T9,T10,T11,T12,T13,T14,T15,T16,T17,T18,T19,T20,T21,T22,T23,T24,T25,T26,T27,T28,T29,T30,T31
STAT,(NULL),Conflicts,32,64493,4745,5759,1335,11128,623,623,623,267,267,267,267,267,267,267,2080,6651,6682,979,623,6895,623,267,267,267,9579,363,267,267,265,1227,267,219
STAT,(NULL),Iterations,32,74493,7186,8348,1335,11137,623,623,623,267,267,267,267,267,267,267,5816,6950,7607,979,623,6895,623,267,267,267,9579,363,267,267,266,1227,267,219
STAT,(NULL),LoopTime,32,47,47,0,0,0,0,0,0,0,0,0,0,0,0,0,0,0,0,0,0,0,0,0,0,0,0,0,0,0,0,0,0,0
STAT,(NULL),MeminfoPost,32,154,8,8,5,7,4,4,4,4,4,4,4,4,4,4,8,7,7,4,4,5,4,4,4,4,4,4,4,4,7,4,4,4
STAT,(NULL),MeminfoPre,32,96,3,3,3,3,3,3,3,3,3,3,3,3,3,3,3,3,3,3,3,3,3,3,3,3,3,3,3,3,3,3,3,3
STAT,(NULL),Threads,32,32,32,0,0,0,0,0,0,0,0,0,0,0,0,0,0,0,0,0,0,0,0,0,0,0,0,0,0,0,0,0,0,0
STAT,(NULL),Time,32,47,47,0,0,0,0,0,0,0,0,0,0,0,0,0,0,0,0,0,0,0,0,0,0,0,0,0,0,0,0,0,0,0
Galois Benchmark Suite v2.2.1 (r0)
Copyright (C) 2014 The University of Texas at Austin
http://iss.ices.utexas.edu/galois/

application: Delaunay Triangulation
Produces a Delaunay triangulation for a set of points
http://iss.ices.utexas.edu/?p=projects/galois/benchmarks/delaunay_triangulation

INFO: CommandLine ./delaunaytriangulation -t 32 /home/users/kkazatzis/Galois-2.2.1/inputs/meshes/r10k.node
INFO: Hostname haci3
configuration: 10003 points
mesh size: 20004
Triangulation OK
STATTYPE,LOOP,CATEGORY,n,sum,T0,T1,T2,T3,T4,T5,T6,T7,T8,T9,T10,T11,T12,T13,T14,T15,T16,T17,T18,T19,T20,T21,T22,T23,T24,T25,T26,T27,T28,T29,T30,T31
STAT,(NULL),Conflicts,32,65076,17505,4289,1333,2515,623,623,623,267,267,267,267,267,267,267,3701,4542,7159,979,623,6447,623,267,267,267,267,9003,267,267,267,267,267,216
STAT,(NULL),Iterations,32,75076,24885,4289,1334,2515,623,623,623,267,267,267,267,267,267,267,3822,7039,7159,979,623,6447,623,267,267,267,267,9003,267,267,267,267,267,217
STAT,(NULL),LoopTime,32,62,62,0,0,0,0,0,0,0,0,0,0,0,0,0,0,0,0,0,0,0,0,0,0,0,0,0,0,0,0,0,0,0
STAT,(NULL),MeminfoPost,32,150,10,5,7,4,4,4,4,4,4,4,4,4,4,4,7,8,5,4,4,5,4,4,4,4,4,4,4,4,4,4,4,7
STAT,(NULL),MeminfoPre,32,96,3,3,3,3,3,3,3,3,3,3,3,3,3,3,3,3,3,3,3,3,3,3,3,3,3,3,3,3,3,3,3,3
STAT,(NULL),Threads,32,32,32,0,0,0,0,0,0,0,0,0,0,0,0,0,0,0,0,0,0,0,0,0,0,0,0,0,0,0,0,0,0,0
STAT,(NULL),Time,32,62,62,0,0,0,0,0,0,0,0,0,0,0,0,0,0,0,0,0,0,0,0,0,0,0,0,0,0,0,0,0,0,0
Galois Benchmark Suite v2.2.1 (r0)
Copyright (C) 2014 The University of Texas at Austin
http://iss.ices.utexas.edu/galois/

application: Delaunay Triangulation
Produces a Delaunay triangulation for a set of points
http://iss.ices.utexas.edu/?p=projects/galois/benchmarks/delaunay_triangulation

INFO: CommandLine ./delaunaytriangulation -t 32 /home/users/kkazatzis/Galois-2.2.1/inputs/meshes/r10k.node
INFO: Hostname haci3
configuration: 10003 points
mesh size: 20004
Triangulation OK
STATTYPE,LOOP,CATEGORY,n,sum,T0,T1,T2,T3,T4,T5,T6,T7,T8,T9,T10,T11,T12,T13,T14,T15,T16,T17,T18,T19,T20,T21,T22,T23,T24,T25,T26,T27,T28,T29,T30,T31
STAT,(NULL),Conflicts,32,67928,11214,5748,6140,873,623,6174,621,267,267,267,4683,4683,267,267,3828,6198,10071,979,623,623,623,267,267,267,267,267,267,267,267,267,267,219
STAT,(NULL),Iterations,32,77928,17099,6050,6887,922,623,6342,622,267,267,267,4683,4683,267,267,4525,8349,10071,979,623,623,623,267,267,267,267,267,267,267,267,267,267,219
STAT,(NULL),LoopTime,32,57,57,0,0,0,0,0,0,0,0,0,0,0,0,0,0,0,0,0,0,0,0,0,0,0,0,0,0,0,0,0,0,0
STAT,(NULL),MeminfoPost,32,157,9,7,7,7,4,7,7,4,5,4,4,4,5,4,7,7,4,4,4,4,4,4,4,4,4,4,4,4,5,4,4,4
STAT,(NULL),MeminfoPre,32,96,3,3,3,3,3,3,3,3,3,3,3,3,3,3,3,3,3,3,3,3,3,3,3,3,3,3,3,3,3,3,3,3
STAT,(NULL),Threads,32,32,32,0,0,0,0,0,0,0,0,0,0,0,0,0,0,0,0,0,0,0,0,0,0,0,0,0,0,0,0,0,0,0
STAT,(NULL),Time,32,57,57,0,0,0,0,0,0,0,0,0,0,0,0,0,0,0,0,0,0,0,0,0,0,0,0,0,0,0,0,0,0,0
Galois Benchmark Suite v2.2.1 (r0)
Copyright (C) 2014 The University of Texas at Austin
http://iss.ices.utexas.edu/galois/

application: Delaunay Triangulation
Produces a Delaunay triangulation for a set of points
http://iss.ices.utexas.edu/?p=projects/galois/benchmarks/delaunay_triangulation

INFO: CommandLine ./delaunaytriangulation -t 32 /home/users/kkazatzis/Galois-2.2.1/inputs/meshes/r10k.node
INFO: Hostname haci3
configuration: 10003 points
mesh size: 20004
Triangulation OK
STATTYPE,LOOP,CATEGORY,n,sum,T0,T1,T2,T3,T4,T5,T6,T7,T8,T9,T10,T11,T12,T13,T14,T15,T16,T17,T18,T19,T20,T21,T22,T23,T24,T25,T26,T27,T28,T29,T30,T31
STAT,(NULL),Conflicts,32,55433,4692,2403,1335,979,623,623,623,267,267,267,267,267,267,267,2591,5840,1335,7251,623,623,10031,267,267,267,267,267,267,267,267,267,11211,378
STAT,(NULL),Iterations,32,65433,7463,2403,1335,979,623,623,623,267,267,267,267,267,267,267,3301,12348,1335,7251,623,623,10031,267,267,267,267,267,267,267,267,267,11211,389
STAT,(NULL),LoopTime,32,55,55,0,0,0,0,0,0,0,0,0,0,0,0,0,0,0,0,0,0,0,0,0,0,0,0,0,0,0,0,0,0,0
STAT,(NULL),MeminfoPost,32,151,8,5,5,5,4,5,5,4,4,4,4,4,4,4,7,9,4,5,4,4,4,4,4,4,4,4,4,4,5,4,5,7
STAT,(NULL),MeminfoPre,32,96,3,3,3,3,3,3,3,3,3,3,3,3,3,3,3,3,3,3,3,3,3,3,3,3,3,3,3,3,3,3,3,3
STAT,(NULL),Threads,32,32,32,0,0,0,0,0,0,0,0,0,0,0,0,0,0,0,0,0,0,0,0,0,0,0,0,0,0,0,0,0,0,0
STAT,(NULL),Time,32,55,55,0,0,0,0,0,0,0,0,0,0,0,0,0,0,0,0,0,0,0,0,0,0,0,0,0,0,0,0,0,0,0
Galois Benchmark Suite v2.2.1 (r0)
Copyright (C) 2014 The University of Texas at Austin
http://iss.ices.utexas.edu/galois/

application: Delaunay Triangulation
Produces a Delaunay triangulation for a set of points
http://iss.ices.utexas.edu/?p=projects/galois/benchmarks/delaunay_triangulation

INFO: CommandLine ./delaunaytriangulation -t 32 /home/users/kkazatzis/Galois-2.2.1/inputs/meshes/r10k.node
INFO: Hostname haci3
configuration: 10003 points
mesh size: 20004
Triangulation OK
STATTYPE,LOOP,CATEGORY,n,sum,T0,T1,T2,T3,T4,T5,T6,T7,T8,T9,T10,T11,T12,T13,T14,T15,T16,T17,T18,T19,T20,T21,T22,T23,T24,T25,T26,T27,T28,T29,T30,T31
STAT,(NULL),Conflicts,32,73542,7630,2928,4022,4179,3439,623,3823,267,267,4491,267,267,267,5067,5264,3493,3856,979,6959,623,623,267,267,9483,267,267,267,267,267,2370,267,219
STAT,(NULL),Iterations,32,83542,11108,6481,4151,4179,3439,623,3823,267,267,4491,267,267,267,5067,5341,3564,6545,979,6959,623,623,267,267,9483,267,267,267,267,267,2373,267,219
STAT,(NULL),LoopTime,32,49,49,0,0,0,0,0,0,0,0,0,0,0,0,0,0,0,0,0,0,0,0,0,0,0,0,0,0,0,0,0,0,0
STAT,(NULL),MeminfoPost,32,156,8,8,7,4,4,4,5,4,4,5,4,4,4,4,7,7,8,4,5,4,4,4,4,4,4,4,4,4,5,7,4,4
STAT,(NULL),MeminfoPre,32,96,3,3,3,3,3,3,3,3,3,3,3,3,3,3,3,3,3,3,3,3,3,3,3,3,3,3,3,3,3,3,3,3
STAT,(NULL),Threads,32,32,32,0,0,0,0,0,0,0,0,0,0,0,0,0,0,0,0,0,0,0,0,0,0,0,0,0,0,0,0,0,0,0
STAT,(NULL),Time,32,49,49,0,0,0,0,0,0,0,0,0,0,0,0,0,0,0,0,0,0,0,0,0,0,0,0,0,0,0,0,0,0,0
Galois Benchmark Suite v2.2.1 (r0)
Copyright (C) 2014 The University of Texas at Austin
http://iss.ices.utexas.edu/galois/

application: Delaunay Triangulation
Produces a Delaunay triangulation for a set of points
http://iss.ices.utexas.edu/?p=projects/galois/benchmarks/delaunay_triangulation

INFO: CommandLine ./delaunaytriangulation -t 40 /home/users/kkazatzis/Galois-2.2.1/inputs/meshes/r10k.node
INFO: Hostname haci3
configuration: 10003 points
mesh size: 20004
Triangulation OK
STATTYPE,LOOP,CATEGORY,n,sum,T0,T1,T2,T3,T4,T5,T6,T7,T8,T9,T10,T11,T12,T13,T14,T15,T16,T17,T18,T19,T20,T21,T22,T23,T24,T25,T26,T27,T28,T29,T30,T31,T32,T33,T34,T35,T36,T37,T38,T39
STAT,(NULL),Conflicts,40,77148,11493,1396,1350,990,630,630,630,270,270,270,270,270,270,270,11991,11910,5950,5510,990,4510,6870,270,270,270,270,270,270,270,268,270,270,270,270,270,270,270,270,270,5550,270
STAT,(NULL),Iterations,40,87148,20527,2217,1350,990,630,630,630,270,270,270,270,270,270,270,12135,11910,5950,5510,990,4510,6870,270,270,270,270,270,270,270,269,270,270,270,270,270,270,270,270,270,5550,270
STAT,(NULL),LoopTime,40,69,69,0,0,0,0,0,0,0,0,0,0,0,0,0,0,0,0,0,0,0,0,0,0,0,0,0,0,0,0,0,0,0,0,0,0,0,0,0,0,0
STAT,(NULL),MeminfoPost,40,176,10,7,5,4,4,4,4,4,4,4,4,4,4,4,7,4,4,4,4,4,4,4,4,4,4,4,4,4,7,4,4,4,4,4,4,4,4,4,4,4
STAT,(NULL),MeminfoPre,40,120,3,3,3,3,3,3,3,3,3,3,3,3,3,3,3,3,3,3,3,3,3,3,3,3,3,3,3,3,3,3,3,3,3,3,3,3,3,3,3,3
STAT,(NULL),Threads,40,40,40,0,0,0,0,0,0,0,0,0,0,0,0,0,0,0,0,0,0,0,0,0,0,0,0,0,0,0,0,0,0,0,0,0,0,0,0,0,0,0
STAT,(NULL),Time,40,69,69,0,0,0,0,0,0,0,0,0,0,0,0,0,0,0,0,0,0,0,0,0,0,0,0,0,0,0,0,0,0,0,0,0,0,0,0,0,0,0
Galois Benchmark Suite v2.2.1 (r0)
Copyright (C) 2014 The University of Texas at Austin
http://iss.ices.utexas.edu/galois/

application: Delaunay Triangulation
Produces a Delaunay triangulation for a set of points
http://iss.ices.utexas.edu/?p=projects/galois/benchmarks/delaunay_triangulation

INFO: CommandLine ./delaunaytriangulation -t 40 /home/users/kkazatzis/Galois-2.2.1/inputs/meshes/r10k.node
INFO: Hostname haci3
configuration: 10003 points
mesh size: 20004
Triangulation OK
STATTYPE,LOOP,CATEGORY,n,sum,T0,T1,T2,T3,T4,T5,T6,T7,T8,T9,T10,T11,T12,T13,T14,T15,T16,T17,T18,T19,T20,T21,T22,T23,T24,T25,T26,T27,T28,T29,T30,T31,T32,T33,T34,T35,T36,T37,T38,T39
STAT,(NULL),Conflicts,40,88164,14616,6225,2375,5440,630,1710,4830,654,270,270,1246,1038,270,6592,8304,8382,6590,1350,5534,990,630,270,2670,2958,270,270,270,270,270,270,270,270,270,270,270,270,270,270,270,270
STAT,(NULL),Iterations,40,98164,22899,7401,2403,5440,630,1738,4839,654,270,270,1286,1038,270,6598,8730,8386,6590,1350,5534,990,630,270,2670,2958,270,270,270,270,270,270,270,270,270,270,270,270,270,270,270,270
STAT,(NULL),LoopTime,40,79,79,0,0,0,0,0,0,0,0,0,0,0,0,0,0,0,0,0,0,0,0,0,0,0,0,0,0,0,0,0,0,0,0,0,0,0,0,0,0,0
STAT,(NULL),MeminfoPost,40,195,10,7,7,5,4,7,7,5,4,4,7,5,4,7,7,7,5,4,4,4,4,4,4,4,4,4,4,4,5,4,4,4,4,4,4,4,4,4,4,4
STAT,(NULL),MeminfoPre,40,120,3,3,3,3,3,3,3,3,3,3,3,3,3,3,3,3,3,3,3,3,3,3,3,3,3,3,3,3,3,3,3,3,3,3,3,3,3,3,3,3
STAT,(NULL),Threads,40,40,40,0,0,0,0,0,0,0,0,0,0,0,0,0,0,0,0,0,0,0,0,0,0,0,0,0,0,0,0,0,0,0,0,0,0,0,0,0,0,0
STAT,(NULL),Time,40,79,79,0,0,0,0,0,0,0,0,0,0,0,0,0,0,0,0,0,0,0,0,0,0,0,0,0,0,0,0,0,0,0,0,0,0,0,0,0,0,0
Galois Benchmark Suite v2.2.1 (r0)
Copyright (C) 2014 The University of Texas at Austin
http://iss.ices.utexas.edu/galois/

application: Delaunay Triangulation
Produces a Delaunay triangulation for a set of points
http://iss.ices.utexas.edu/?p=projects/galois/benchmarks/delaunay_triangulation

INFO: CommandLine ./delaunaytriangulation -t 40 /home/users/kkazatzis/Galois-2.2.1/inputs/meshes/r10k.node
INFO: Hostname haci3
configuration: 10003 points
mesh size: 20004
Triangulation OK
STATTYPE,LOOP,CATEGORY,n,sum,T0,T1,T2,T3,T4,T5,T6,T7,T8,T9,T10,T11,T12,T13,T14,T15,T16,T17,T18,T19,T20,T21,T22,T23,T24,T25,T26,T27,T28,T29,T30,T31,T32,T33,T34,T35,T36,T37,T38,T39
STAT,(NULL),Conflicts,40,80115,4949,3465,6044,990,620,4374,630,270,270,270,270,270,270,270,12220,10107,6910,3279,990,5470,630,270,270,270,6990,270,270,270,270,2742,558,270,270,270,3207,270,270,270,270,270
STAT,(NULL),Iterations,40,90115,12468,5462,6044,990,625,4374,630,270,270,270,270,270,270,270,12256,10509,6910,3286,990,5470,630,270,270,270,6990,270,270,270,270,2752,558,270,270,270,3231,270,270,270,270,270
STAT,(NULL),LoopTime,40,74,74,0,0,0,0,0,0,0,0,0,0,0,0,0,0,0,0,0,0,0,0,0,0,0,0,0,0,0,0,0,0,0,0,0,0,0,0,0,0,0
STAT,(NULL),MeminfoPost,40,194,10,7,5,5,7,5,4,5,4,4,5,4,4,4,7,7,4,7,4,4,4,4,4,4,4,4,4,4,5,7,5,4,4,4,7,4,4,4,4,4
STAT,(NULL),MeminfoPre,40,120,3,3,3,3,3,3,3,3,3,3,3,3,3,3,3,3,3,3,3,3,3,3,3,3,3,3,3,3,3,3,3,3,3,3,3,3,3,3,3,3
STAT,(NULL),Threads,40,40,40,0,0,0,0,0,0,0,0,0,0,0,0,0,0,0,0,0,0,0,0,0,0,0,0,0,0,0,0,0,0,0,0,0,0,0,0,0,0,0
STAT,(NULL),Time,40,74,74,0,0,0,0,0,0,0,0,0,0,0,0,0,0,0,0,0,0,0,0,0,0,0,0,0,0,0,0,0,0,0,0,0,0,0,0,0,0,0
Galois Benchmark Suite v2.2.1 (r0)
Copyright (C) 2014 The University of Texas at Austin
http://iss.ices.utexas.edu/galois/

application: Delaunay Triangulation
Produces a Delaunay triangulation for a set of points
http://iss.ices.utexas.edu/?p=projects/galois/benchmarks/delaunay_triangulation

INFO: CommandLine ./delaunaytriangulation -t 40 /home/users/kkazatzis/Galois-2.2.1/inputs/meshes/r10k.node
INFO: Hostname haci3
configuration: 10003 points
mesh size: 20004
Triangulation OK
STATTYPE,LOOP,CATEGORY,n,sum,T0,T1,T2,T3,T4,T5,T6,T7,T8,T9,T10,T11,T12,T13,T14,T15,T16,T17,T18,T19,T20,T21,T22,T23,T24,T25,T26,T27,T28,T29,T30,T31,T32,T33,T34,T35,T36,T37,T38,T39
STAT,(NULL),Conflicts,40,55874,10566,3822,1344,3980,1431,630,4044,270,4398,1014,270,270,6845,120,582,441,84,622,973,989,2309,270,270,270,270,270,6990,268,270,270,49,270,12,96,104,111,270,270,270,270
STAT,(NULL),Iterations,40,65874,13093,4577,1639,4000,2826,630,4612,270,4398,1023,270,270,6985,171,658,748,1088,1017,990,990,4414,270,270,270,270,270,6990,269,270,270,128,270,99,154,160,165,270,270,270,270
STAT,(NULL),LoopTime,40,80,80,0,0,0,0,0,0,0,0,0,0,0,0,0,0,0,0,0,0,0,0,0,0,0,0,0,0,0,0,0,0,0,0,0,0,0,0,0,0,0
STAT,(NULL),MeminfoPost,40,233,8,7,7,7,7,4,7,5,4,7,4,4,7,7,7,7,7,7,7,7,7,4,4,4,4,4,4,7,4,5,7,5,7,7,7,7,5,4,5,5
STAT,(NULL),MeminfoPre,40,120,3,3,3,3,3,3,3,3,3,3,3,3,3,3,3,3,3,3,3,3,3,3,3,3,3,3,3,3,3,3,3,3,3,3,3,3,3,3,3,3
STAT,(NULL),Threads,40,40,40,0,0,0,0,0,0,0,0,0,0,0,0,0,0,0,0,0,0,0,0,0,0,0,0,0,0,0,0,0,0,0,0,0,0,0,0,0,0,0
STAT,(NULL),Time,40,80,80,0,0,0,0,0,0,0,0,0,0,0,0,0,0,0,0,0,0,0,0,0,0,0,0,0,0,0,0,0,0,0,0,0,0,0,0,0,0,0
Galois Benchmark Suite v2.2.1 (r0)
Copyright (C) 2014 The University of Texas at Austin
http://iss.ices.utexas.edu/galois/

application: Delaunay Triangulation
Produces a Delaunay triangulation for a set of points
http://iss.ices.utexas.edu/?p=projects/galois/benchmarks/delaunay_triangulation

INFO: CommandLine ./delaunaytriangulation -t 40 /home/users/kkazatzis/Galois-2.2.1/inputs/meshes/r10k.node
INFO: Hostname haci3
configuration: 10003 points
mesh size: 20004
Triangulation OK
STATTYPE,LOOP,CATEGORY,n,sum,T0,T1,T2,T3,T4,T5,T6,T7,T8,T9,T10,T11,T12,T13,T14,T15,T16,T17,T18,T19,T20,T21,T22,T23,T24,T25,T26,T27,T28,T29,T30,T31,T32,T33,T34,T35,T36,T37,T38,T39
STAT,(NULL),Conflicts,40,62878,6868,4140,6741,1676,10949,854,1142,548,270,270,462,270,654,654,3061,4099,1562,6150,609,990,4534,270,270,270,270,270,1518,270,270,270,270,267,270,270,270,270,270,270,270,270
STAT,(NULL),Iterations,40,72878,10329,6613,7602,1681,11260,854,1142,584,270,270,462,270,654,654,3407,6124,1735,6150,915,990,4534,270,270,270,270,270,1518,270,270,270,270,270,270,270,270,270,270,270,270,270
STAT,(NULL),LoopTime,40,62,62,0,0,0,0,0,0,0,0,0,0,0,0,0,0,0,0,0,0,0,0,0,0,0,0,0,0,0,0,0,0,0,0,0,0,0,0,0,0,0
STAT,(NULL),MeminfoPost,40,203,8,8,7,7,7,5,4,7,5,4,4,4,4,4,7,7,7,5,7,5,5,4,4,4,4,5,5,4,5,4,4,7,4,4,4,4,4,4,4,4
STAT,(NULL),MeminfoPre,40,120,3,3,3,3,3,3,3,3,3,3,3,3,3,3,3,3,3,3,3,3,3,3,3,3,3,3,3,3,3,3,3,3,3,3,3,3,3,3,3,3
STAT,(NULL),Threads,40,40,40,0,0,0,0,0,0,0,0,0,0,0,0,0,0,0,0,0,0,0,0,0,0,0,0,0,0,0,0,0,0,0,0,0,0,0,0,0,0,0
STAT,(NULL),Time,40,62,62,0,0,0,0,0,0,0,0,0,0,0,0,0,0,0,0,0,0,0,0,0,0,0,0,0,0,0,0,0,0,0,0,0,0,0,0,0,0,0
Galois Benchmark Suite v2.2.1 (r0)
Copyright (C) 2014 The University of Texas at Austin
http://iss.ices.utexas.edu/galois/

application: Delaunay Triangulation
Produces a Delaunay triangulation for a set of points
http://iss.ices.utexas.edu/?p=projects/galois/benchmarks/delaunay_triangulation

INFO: CommandLine ./delaunaytriangulation -t 48 /home/users/kkazatzis/Galois-2.2.1/inputs/meshes/r10k.node
INFO: Hostname haci3
configuration: 10003 points
mesh size: 20004
Triangulation OK
STATTYPE,LOOP,CATEGORY,n,sum,T0,T1,T2,T3,T4,T5,T6,T7,T8,T9,T10,T11,T12,T13,T14,T15,T16,T17,T18,T19,T20,T21,T22,T23,T24,T25,T26,T27,T28,T29,T30,T31,T32,T33,T34,T35,T36,T37,T38,T39,T40,T41,T42,T43,T44,T45,T46,T47
STAT,(NULL),Conflicts,48,70392,11724,3846,1215,10571,567,567,567,243,243,243,243,243,243,243,8934,4455,2187,1539,891,891,891,243,243,243,243,243,243,243,567,5296,567,243,243,243,243,243,243,243,243,243,243,243,243,243,243,7827,243,243
STAT,(NULL),Iterations,48,80392,17845,6831,1215,10587,567,567,567,243,243,243,243,243,243,243,9487,4455,2187,1539,891,891,891,243,243,243,243,243,243,243,567,5621,567,243,243,243,243,243,243,243,243,243,243,243,243,243,243,7827,243,243
STAT,(NULL),LoopTime,48,73,73,0,0,0,0,0,0,0,0,0,0,0,0,0,0,0,0,0,0,0,0,0,0,0,0,0,0,0,0,0,0,0,0,0,0,0,0,0,0,0,0,0,0,0,0,0,0,0
STAT,(NULL),MeminfoPost,48,220,9,8,5,7,5,5,4,4,4,4,5,5,4,4,7,5,4,5,4,4,4,4,4,4,4,4,4,4,5,7,4,4,4,4,5,4,4,4,4,4,4,4,4,4,4,5,4,4
STAT,(NULL),MeminfoPre,48,144,3,3,3,3,3,3,3,3,3,3,3,3,3,3,3,3,3,3,3,3,3,3,3,3,3,3,3,3,3,3,3,3,3,3,3,3,3,3,3,3,3,3,3,3,3,3,3,3
STAT,(NULL),Threads,48,48,48,0,0,0,0,0,0,0,0,0,0,0,0,0,0,0,0,0,0,0,0,0,0,0,0,0,0,0,0,0,0,0,0,0,0,0,0,0,0,0,0,0,0,0,0,0,0,0
STAT,(NULL),Time,48,73,73,0,0,0,0,0,0,0,0,0,0,0,0,0,0,0,0,0,0,0,0,0,0,0,0,0,0,0,0,0,0,0,0,0,0,0,0,0,0,0,0,0,0,0,0,0,0,0
Galois Benchmark Suite v2.2.1 (r0)
Copyright (C) 2014 The University of Texas at Austin
http://iss.ices.utexas.edu/galois/

application: Delaunay Triangulation
Produces a Delaunay triangulation for a set of points
http://iss.ices.utexas.edu/?p=projects/galois/benchmarks/delaunay_triangulation

INFO: CommandLine ./delaunaytriangulation -t 48 /home/users/kkazatzis/Galois-2.2.1/inputs/meshes/r10k.node
INFO: Hostname haci3
configuration: 10003 points
mesh size: 20004
Triangulation OK
STATTYPE,LOOP,CATEGORY,n,sum,T0,T1,T2,T3,T4,T5,T6,T7,T8,T9,T10,T11,T12,T13,T14,T15,T16,T17,T18,T19,T20,T21,T22,T23,T24,T25,T26,T27,T28,T29,T30,T31,T32,T33,T34,T35,T36,T37,T38,T39,T40,T41,T42,T43,T44,T45,T46,T47
STAT,(NULL),Conflicts,48,68262,11297,2187,1215,891,567,567,567,243,243,243,243,243,243,243,7542,7879,8039,1539,8475,1687,891,243,243,243,243,243,243,243,5048,567,567,243,243,243,243,243,243,243,243,1447,243,243,243,243,243,243,243,243
STAT,(NULL),Iterations,48,78262,17279,2187,1215,891,567,567,567,243,243,243,243,243,243,243,9527,9883,8039,1539,8475,1688,891,243,243,243,243,243,243,243,5059,567,567,243,243,243,243,243,243,243,243,1464,243,243,243,243,243,243,243,243
STAT,(NULL),LoopTime,48,72,72,0,0,0,0,0,0,0,0,0,0,0,0,0,0,0,0,0,0,0,0,0,0,0,0,0,0,0,0,0,0,0,0,0,0,0,0,0,0,0,0,0,0,0,0,0,0,0
STAT,(NULL),MeminfoPost,48,217,9,5,5,5,4,4,4,4,4,4,4,4,4,4,7,7,5,4,4,7,5,4,4,4,4,4,4,4,7,4,4,4,4,4,4,4,4,4,4,7,4,4,4,4,4,4,4,4
STAT,(NULL),MeminfoPre,48,144,3,3,3,3,3,3,3,3,3,3,3,3,3,3,3,3,3,3,3,3,3,3,3,3,3,3,3,3,3,3,3,3,3,3,3,3,3,3,3,3,3,3,3,3,3,3,3,3
STAT,(NULL),Threads,48,48,48,0,0,0,0,0,0,0,0,0,0,0,0,0,0,0,0,0,0,0,0,0,0,0,0,0,0,0,0,0,0,0,0,0,0,0,0,0,0,0,0,0,0,0,0,0,0,0
STAT,(NULL),Time,48,72,72,0,0,0,0,0,0,0,0,0,0,0,0,0,0,0,0,0,0,0,0,0,0,0,0,0,0,0,0,0,0,0,0,0,0,0,0,0,0,0,0,0,0,0,0,0,0,0
Galois Benchmark Suite v2.2.1 (r0)
Copyright (C) 2014 The University of Texas at Austin
http://iss.ices.utexas.edu/galois/

application: Delaunay Triangulation
Produces a Delaunay triangulation for a set of points
http://iss.ices.utexas.edu/?p=projects/galois/benchmarks/delaunay_triangulation

INFO: CommandLine ./delaunaytriangulation -t 48 /home/users/kkazatzis/Galois-2.2.1/inputs/meshes/r10k.node
INFO: Hostname haci3
configuration: 10003 points
mesh size: 20004
Triangulation OK
STATTYPE,LOOP,CATEGORY,n,sum,T0,T1,T2,T3,T4,T5,T6,T7,T8,T9,T10,T11,T12,T13,T14,T15,T16,T17,T18,T19,T20,T21,T22,T23,T24,T25,T26,T27,T28,T29,T30,T31,T32,T33,T34,T35,T36,T37,T38,T39,T40,T41,T42,T43,T44,T45,T46,T47
STAT,(NULL),Conflicts,48,69896,8175,5477,1949,5858,567,661,7629,243,243,243,240,243,243,4947,886,5005,2187,2894,891,891,5691,243,243,243,243,243,243,7443,567,567,567,243,243,243,243,243,243,243,243,243,243,243,243,243,243,243,243,243
STAT,(NULL),Iterations,48,79896,10668,6907,1949,6979,567,661,7638,243,243,243,241,243,243,4947,3707,5018,2187,5006,891,891,5691,243,243,243,243,243,243,7443,567,567,567,243,243,243,243,243,243,243,243,243,243,243,243,243,243,243,243,243
STAT,(NULL),LoopTime,48,59,59,0,0,0,0,0,0,0,0,0,0,0,0,0,0,0,0,0,0,0,0,0,0,0,0,0,0,0,0,0,0,0,0,0,0,0,0,0,0,0,0,0,0,0,0,0,0,0
STAT,(NULL),MeminfoPost,48,224,8,7,5,7,5,5,7,4,4,5,7,4,4,5,8,7,4,7,4,4,4,4,4,4,4,4,4,4,5,4,4,4,4,4,4,4,4,4,4,4,4,4,4,4,4,4,4,4
STAT,(NULL),MeminfoPre,48,144,3,3,3,3,3,3,3,3,3,3,3,3,3,3,3,3,3,3,3,3,3,3,3,3,3,3,3,3,3,3,3,3,3,3,3,3,3,3,3,3,3,3,3,3,3,3,3,3
STAT,(NULL),Threads,48,48,48,0,0,0,0,0,0,0,0,0,0,0,0,0,0,0,0,0,0,0,0,0,0,0,0,0,0,0,0,0,0,0,0,0,0,0,0,0,0,0,0,0,0,0,0,0,0,0
STAT,(NULL),Time,48,59,59,0,0,0,0,0,0,0,0,0,0,0,0,0,0,0,0,0,0,0,0,0,0,0,0,0,0,0,0,0,0,0,0,0,0,0,0,0,0,0,0,0,0,0,0,0,0,0
Galois Benchmark Suite v2.2.1 (r0)
Copyright (C) 2014 The University of Texas at Austin
http://iss.ices.utexas.edu/galois/

application: Delaunay Triangulation
Produces a Delaunay triangulation for a set of points
http://iss.ices.utexas.edu/?p=projects/galois/benchmarks/delaunay_triangulation

INFO: CommandLine ./delaunaytriangulation -t 48 /home/users/kkazatzis/Galois-2.2.1/inputs/meshes/r10k.node
INFO: Hostname haci3
configuration: 10003 points
mesh size: 20004
Triangulation OK
STATTYPE,LOOP,CATEGORY,n,sum,T0,T1,T2,T3,T4,T5,T6,T7,T8,T9,T10,T11,T12,T13,T14,T15,T16,T17,T18,T19,T20,T21,T22,T23,T24,T25,T26,T27,T28,T29,T30,T31,T32,T33,T34,T35,T36,T37,T38,T39,T40,T41,T42,T43,T44,T45,T46,T47
STAT,(NULL),Conflicts,48,64299,5714,2092,5081,891,9687,1333,567,243,243,243,243,1107,243,243,5713,4455,2187,1539,891,891,891,243,243,243,243,243,243,243,5252,567,567,243,243,243,243,243,243,243,243,243,243,243,243,7827,243,243,243,243
STAT,(NULL),Iterations,48,74299,9083,3372,7427,891,9687,1334,567,243,243,243,243,1107,243,243,8346,4455,2187,1539,891,891,891,243,243,243,243,243,243,243,5623,567,567,243,243,243,243,243,243,243,243,243,243,243,243,7827,243,243,243,243
STAT,(NULL),LoopTime,48,59,59,0,0,0,0,0,0,0,0,0,0,0,0,0,0,0,0,0,0,0,0,0,0,0,0,0,0,0,0,0,0,0,0,0,0,0,0,0,0,0,0,0,0,0,0,0,0,0
STAT,(NULL),MeminfoPost,48,216,8,7,8,4,5,7,4,4,4,4,4,4,4,4,8,5,4,4,4,4,4,4,4,4,4,4,4,4,7,5,4,4,4,4,4,4,4,4,4,4,4,4,4,4,4,4,4,4
STAT,(NULL),MeminfoPre,48,144,3,3,3,3,3,3,3,3,3,3,3,3,3,3,3,3,3,3,3,3,3,3,3,3,3,3,3,3,3,3,3,3,3,3,3,3,3,3,3,3,3,3,3,3,3,3,3,3
STAT,(NULL),Threads,48,48,48,0,0,0,0,0,0,0,0,0,0,0,0,0,0,0,0,0,0,0,0,0,0,0,0,0,0,0,0,0,0,0,0,0,0,0,0,0,0,0,0,0,0,0,0,0,0,0
STAT,(NULL),Time,48,59,59,0,0,0,0,0,0,0,0,0,0,0,0,0,0,0,0,0,0,0,0,0,0,0,0,0,0,0,0,0,0,0,0,0,0,0,0,0,0,0,0,0,0,0,0,0,0,0
Galois Benchmark Suite v2.2.1 (r0)
Copyright (C) 2014 The University of Texas at Austin
http://iss.ices.utexas.edu/galois/

application: Delaunay Triangulation
Produces a Delaunay triangulation for a set of points
http://iss.ices.utexas.edu/?p=projects/galois/benchmarks/delaunay_triangulation

INFO: CommandLine ./delaunaytriangulation -t 48 /home/users/kkazatzis/Galois-2.2.1/inputs/meshes/r10k.node
INFO: Hostname haci3
configuration: 10003 points
mesh size: 20004
Triangulation OK
STATTYPE,LOOP,CATEGORY,n,sum,T0,T1,T2,T3,T4,T5,T6,T7,T8,T9,T10,T11,T12,T13,T14,T15,T16,T17,T18,T19,T20,T21,T22,T23,T24,T25,T26,T27,T28,T29,T30,T31,T32,T33,T34,T35,T36,T37,T38,T39,T40,T41,T42,T43,T44,T45,T46,T47
STAT,(NULL),Conflicts,48,73369,5796,2187,1215,891,567,567,567,243,243,243,243,243,243,243,5020,10175,8485,1603,2453,891,955,243,243,243,243,243,243,243,5623,567,567,819,7347,243,243,243,2590,243,243,243,339,243,7827,243,243,243,243,243
STAT,(NULL),Iterations,48,83369,8995,2187,1215,891,567,567,567,243,243,243,243,243,243,243,10914,11063,8485,1603,2454,891,955,243,243,243,243,243,243,243,5623,567,567,819,7347,243,243,243,2608,243,243,243,339,243,7827,243,243,243,243,243
STAT,(NULL),LoopTime,48,71,71,0,0,0,0,0,0,0,0,0,0,0,0,0,0,0,0,0,0,0,0,0,0,0,0,0,0,0,0,0,0,0,0,0,0,0,0,0,0,0,0,0,0,0,0,0,0,0
STAT,(NULL),MeminfoPost,48,218,8,5,5,4,4,5,4,4,4,4,4,4,4,4,9,7,5,4,7,5,5,4,4,4,4,4,4,4,5,4,4,4,4,4,4,4,7,4,4,4,5,4,4,4,4,4,4,4
STAT,(NULL),MeminfoPre,48,144,3,3,3,3,3,3,3,3,3,3,3,3,3,3,3,3,3,3,3,3,3,3,3,3,3,3,3,3,3,3,3,3,3,3,3,3,3,3,3,3,3,3,3,3,3,3,3,3
STAT,(NULL),Threads,48,48,48,0,0,0,0,0,0,0,0,0,0,0,0,0,0,0,0,0,0,0,0,0,0,0,0,0,0,0,0,0,0,0,0,0,0,0,0,0,0,0,0,0,0,0,0,0,0,0
STAT,(NULL),Time,48,71,71,0,0,0,0,0,0,0,0,0,0,0,0,0,0,0,0,0,0,0,0,0,0,0,0,0,0,0,0,0,0,0,0,0,0,0,0,0,0,0,0,0,0,0,0,0,0,0
Galois Benchmark Suite v2.2.1 (r0)
Copyright (C) 2014 The University of Texas at Austin
http://iss.ices.utexas.edu/galois/

application: Delaunay Triangulation
Produces a Delaunay triangulation for a set of points
http://iss.ices.utexas.edu/?p=projects/galois/benchmarks/delaunay_triangulation

INFO: CommandLine ./delaunaytriangulation -t 56 /home/users/kkazatzis/Galois-2.2.1/inputs/meshes/r10k.node
INFO: Hostname haci3
configuration: 10003 points
mesh size: 20004
Triangulation OK
STATTYPE,LOOP,CATEGORY,n,sum,T0,T1,T2,T3,T4,T5,T6,T7,T8,T9,T10,T11,T12,T13,T14,T15,T16,T17,T18,T19,T20,T21,T22,T23,T24,T25,T26,T27,T28,T29,T30,T31,T32,T33,T34,T35,T36,T37,T38,T39,T40,T41,T42,T43,T44,T45,T46,T47,T48,T49,T50,T51,T52,T53,T54,T55
STAT,(NULL),Conflicts,56,65847,19488,2241,1245,913,581,581,581,249,249,249,249,249,249,249,2547,2721,4675,1925,913,6033,913,249,249,249,249,7929,249,249,569,581,581,581,581,581,597,249,249,249,249,249,249,249,249,249,249,249,249,249,249,249,249,249,249,249,249,273
STAT,(NULL),Iterations,56,75847,24761,2241,1245,913,581,581,581,249,249,249,249,249,249,249,2550,5208,6908,1925,913,6033,913,249,249,249,249,7929,249,249,573,581,581,581,581,581,597,249,249,249,249,249,249,249,249,249,249,249,249,249,249,249,249,249,249,249,249,273
STAT,(NULL),LoopTime,56,74,74,0,0,0,0,0,0,0,0,0,0,0,0,0,0,0,0,0,0,0,0,0,0,0,0,0,0,0,0,0,0,0,0,0,0,0,0,0,0,0,0,0,0,0,0,0,0,0,0,0,0,0,0,0,0,0
STAT,(NULL),MeminfoPost,56,249,9,5,4,4,4,4,4,4,4,4,4,4,4,4,7,8,7,5,4,5,4,5,4,4,4,5,4,4,7,4,4,4,4,4,5,5,4,4,4,4,4,4,4,4,4,4,4,4,4,4,4,4,4,4,4,4
STAT,(NULL),MeminfoPre,56,168,3,3,3,3,3,3,3,3,3,3,3,3,3,3,3,3,3,3,3,3,3,3,3,3,3,3,3,3,3,3,3,3,3,3,3,3,3,3,3,3,3,3,3,3,3,3,3,3,3,3,3,3,3,3,3,3
STAT,(NULL),Threads,56,56,56,0,0,0,0,0,0,0,0,0,0,0,0,0,0,0,0,0,0,0,0,0,0,0,0,0,0,0,0,0,0,0,0,0,0,0,0,0,0,0,0,0,0,0,0,0,0,0,0,0,0,0,0,0,0,0
STAT,(NULL),Time,56,74,74,0,0,0,0,0,0,0,0,0,0,0,0,0,0,0,0,0,0,0,0,0,0,0,0,0,0,0,0,0,0,0,0,0,0,0,0,0,0,0,0,0,0,0,0,0,0,0,0,0,0,0,0,0,0,0
Galois Benchmark Suite v2.2.1 (r0)
Copyright (C) 2014 The University of Texas at Austin
http://iss.ices.utexas.edu/galois/

application: Delaunay Triangulation
Produces a Delaunay triangulation for a set of points
http://iss.ices.utexas.edu/?p=projects/galois/benchmarks/delaunay_triangulation

INFO: CommandLine ./delaunaytriangulation -t 56 /home/users/kkazatzis/Galois-2.2.1/inputs/meshes/r10k.node
INFO: Hostname haci3
configuration: 10003 points
mesh size: 20004
Triangulation OK
STATTYPE,LOOP,CATEGORY,n,sum,T0,T1,T2,T3,T4,T5,T6,T7,T8,T9,T10,T11,T12,T13,T14,T15,T16,T17,T18,T19,T20,T21,T22,T23,T24,T25,T26,T27,T28,T29,T30,T31,T32,T33,T34,T35,T36,T37,T38,T39,T40,T41,T42,T43,T44,T45,T46,T47,T48,T49,T50,T51,T52,T53,T54,T55
STAT,(NULL),Conflicts,56,77718,6925,2234,1237,913,581,581,581,249,249,249,249,249,249,249,8575,10833,9088,1925,3469,8785,913,249,249,249,249,921,249,249,581,581,4133,581,581,581,597,249,249,4089,249,441,249,249,249,249,249,249,249,249,249,249,249,249,249,249,249,273
STAT,(NULL),Iterations,56,87718,11960,2235,1240,913,581,581,581,249,249,249,249,249,249,249,10255,12699,10499,1925,3473,8785,913,249,249,249,249,921,249,249,581,581,4133,581,581,581,597,249,249,4089,249,441,249,249,249,249,249,249,249,249,249,249,249,249,249,249,249,273
STAT,(NULL),LoopTime,56,75,75,0,0,0,0,0,0,0,0,0,0,0,0,0,0,0,0,0,0,0,0,0,0,0,0,0,0,0,0,0,0,0,0,0,0,0,0,0,0,0,0,0,0,0,0,0,0,0,0,0,0,0,0,0,0,0
STAT,(NULL),MeminfoPost,56,251,9,7,7,4,4,4,4,4,4,4,4,4,4,4,7,7,7,4,7,5,4,4,4,4,4,4,4,4,5,4,5,4,4,4,4,4,4,4,4,5,4,4,4,4,4,4,4,4,4,4,4,4,4,4,4,4
STAT,(NULL),MeminfoPre,56,168,3,3,3,3,3,3,3,3,3,3,3,3,3,3,3,3,3,3,3,3,3,3,3,3,3,3,3,3,3,3,3,3,3,3,3,3,3,3,3,3,3,3,3,3,3,3,3,3,3,3,3,3,3,3,3,3
STAT,(NULL),Threads,56,56,56,0,0,0,0,0,0,0,0,0,0,0,0,0,0,0,0,0,0,0,0,0,0,0,0,0,0,0,0,0,0,0,0,0,0,0,0,0,0,0,0,0,0,0,0,0,0,0,0,0,0,0,0,0,0,0
STAT,(NULL),Time,56,75,75,0,0,0,0,0,0,0,0,0,0,0,0,0,0,0,0,0,0,0,0,0,0,0,0,0,0,0,0,0,0,0,0,0,0,0,0,0,0,0,0,0,0,0,0,0,0,0,0,0,0,0,0,0,0,0
Galois Benchmark Suite v2.2.1 (r0)
Copyright (C) 2014 The University of Texas at Austin
http://iss.ices.utexas.edu/galois/

application: Delaunay Triangulation
Produces a Delaunay triangulation for a set of points
http://iss.ices.utexas.edu/?p=projects/galois/benchmarks/delaunay_triangulation

INFO: CommandLine ./delaunaytriangulation -t 56 /home/users/kkazatzis/Galois-2.2.1/inputs/meshes/r10k.node
INFO: Hostname haci3
configuration: 10003 points
mesh size: 20004
Triangulation OK
STATTYPE,LOOP,CATEGORY,n,sum,T0,T1,T2,T3,T4,T5,T6,T7,T8,T9,T10,T11,T12,T13,T14,T15,T16,T17,T18,T19,T20,T21,T22,T23,T24,T25,T26,T27,T28,T29,T30,T31,T32,T33,T34,T35,T36,T37,T38,T39,T40,T41,T42,T43,T44,T45,T46,T47,T48,T49,T50,T51,T52,T53,T54,T55
STAT,(NULL),Conflicts,56,86485,10843,2117,1245,913,581,581,581,249,249,249,249,249,249,249,6215,7291,8813,5829,913,7375,4817,249,249,249,8217,249,249,249,581,581,581,581,581,581,597,249,249,249,1974,249,6105,249,249,249,249,249,249,249,249,249,249,249,249,249,249,273
STAT,(NULL),Iterations,56,96485,15057,2220,1245,913,581,581,581,249,249,249,249,249,249,249,6731,11903,9367,5829,913,7375,4817,249,249,249,8217,249,249,249,581,581,581,581,581,581,597,249,249,249,1975,249,6105,249,249,249,249,249,249,249,249,249,249,249,249,249,249,273
STAT,(NULL),LoopTime,56,71,71,0,0,0,0,0,0,0,0,0,0,0,0,0,0,0,0,0,0,0,0,0,0,0,0,0,0,0,0,0,0,0,0,0,0,0,0,0,0,0,0,0,0,0,0,0,0,0,0,0,0,0,0,0,0,0
STAT,(NULL),MeminfoPost,56,250,8,7,4,4,4,4,4,4,4,4,4,4,5,4,7,8,7,5,4,5,4,4,4,4,4,4,4,4,5,4,4,4,4,5,4,4,4,4,7,4,5,4,4,4,4,4,4,4,4,4,4,4,4,4,4,4
STAT,(NULL),MeminfoPre,56,168,3,3,3,3,3,3,3,3,3,3,3,3,3,3,3,3,3,3,3,3,3,3,3,3,3,3,3,3,3,3,3,3,3,3,3,3,3,3,3,3,3,3,3,3,3,3,3,3,3,3,3,3,3,3,3,3
STAT,(NULL),Threads,56,56,56,0,0,0,0,0,0,0,0,0,0,0,0,0,0,0,0,0,0,0,0,0,0,0,0,0,0,0,0,0,0,0,0,0,0,0,0,0,0,0,0,0,0,0,0,0,0,0,0,0,0,0,0,0,0,0
STAT,(NULL),Time,56,71,71,0,0,0,0,0,0,0,0,0,0,0,0,0,0,0,0,0,0,0,0,0,0,0,0,0,0,0,0,0,0,0,0,0,0,0,0,0,0,0,0,0,0,0,0,0,0,0,0,0,0,0,0,0,0,0
Galois Benchmark Suite v2.2.1 (r0)
Copyright (C) 2014 The University of Texas at Austin
http://iss.ices.utexas.edu/galois/

application: Delaunay Triangulation
Produces a Delaunay triangulation for a set of points
http://iss.ices.utexas.edu/?p=projects/galois/benchmarks/delaunay_triangulation

INFO: CommandLine ./delaunaytriangulation -t 56 /home/users/kkazatzis/Galois-2.2.1/inputs/meshes/r10k.node
INFO: Hostname haci3
configuration: 10003 points
mesh size: 20004
Triangulation OK
STATTYPE,LOOP,CATEGORY,n,sum,T0,T1,T2,T3,T4,T5,T6,T7,T8,T9,T10,T11,T12,T13,T14,T15,T16,T17,T18,T19,T20,T21,T22,T23,T24,T25,T26,T27,T28,T29,T30,T31,T32,T33,T34,T35,T36,T37,T38,T39,T40,T41,T42,T43,T44,T45,T46,T47,T48,T49,T50,T51,T52,T53,T54,T55
STAT,(NULL),Conflicts,56,60296,18479,1877,1245,913,581,581,581,249,249,249,249,249,249,249,2613,3186,1613,1762,913,2697,913,249,249,249,249,4377,249,249,579,581,2501,467,581,431,871,249,249,249,249,249,249,249,249,249,249,249,249,3129,249,246,249,249,249,345,249,764
STAT,(NULL),Iterations,56,70296,23440,2194,1245,913,581,581,581,249,249,249,249,249,249,249,3169,4661,2976,2035,913,3547,913,249,249,249,249,4377,249,249,580,581,2501,542,581,504,893,249,249,249,249,249,249,249,249,249,249,249,249,3129,249,247,249,249,249,345,249,797
STAT,(NULL),LoopTime,56,83,83,0,0,0,0,0,0,0,0,0,0,0,0,0,0,0,0,0,0,0,0,0,0,0,0,0,0,0,0,0,0,0,0,0,0,0,0,0,0,0,0,0,0,0,0,0,0,0,0,0,0,0,0,0,0,0
STAT,(NULL),MeminfoPost,56,276,9,7,4,4,4,4,4,4,4,4,4,4,4,4,7,7,7,7,4,7,5,4,4,4,5,5,4,5,7,5,5,7,4,7,7,4,5,4,4,5,4,4,5,4,4,4,4,5,4,7,4,4,4,5,4,7
STAT,(NULL),MeminfoPre,56,168,3,3,3,3,3,3,3,3,3,3,3,3,3,3,3,3,3,3,3,3,3,3,3,3,3,3,3,3,3,3,3,3,3,3,3,3,3,3,3,3,3,3,3,3,3,3,3,3,3,3,3,3,3,3,3,3
STAT,(NULL),Threads,56,56,56,0,0,0,0,0,0,0,0,0,0,0,0,0,0,0,0,0,0,0,0,0,0,0,0,0,0,0,0,0,0,0,0,0,0,0,0,0,0,0,0,0,0,0,0,0,0,0,0,0,0,0,0,0,0,0
STAT,(NULL),Time,56,83,83,0,0,0,0,0,0,0,0,0,0,0,0,0,0,0,0,0,0,0,0,0,0,0,0,0,0,0,0,0,0,0,0,0,0,0,0,0,0,0,0,0,0,0,0,0,0,0,0,0,0,0,0,0,0,0
Galois Benchmark Suite v2.2.1 (r0)
Copyright (C) 2014 The University of Texas at Austin
http://iss.ices.utexas.edu/galois/

application: Delaunay Triangulation
Produces a Delaunay triangulation for a set of points
http://iss.ices.utexas.edu/?p=projects/galois/benchmarks/delaunay_triangulation

INFO: CommandLine ./delaunaytriangulation -t 56 /home/users/kkazatzis/Galois-2.2.1/inputs/meshes/r10k.node
INFO: Hostname haci3
configuration: 10003 points
mesh size: 20004
Triangulation OK
STATTYPE,LOOP,CATEGORY,n,sum,T0,T1,T2,T3,T4,T5,T6,T7,T8,T9,T10,T11,T12,T13,T14,T15,T16,T17,T18,T19,T20,T21,T22,T23,T24,T25,T26,T27,T28,T29,T30,T31,T32,T33,T34,T35,T36,T37,T38,T39,T40,T41,T42,T43,T44,T45,T46,T47,T48,T49,T50,T51,T52,T53,T54,T55
STAT,(NULL),Conflicts,56,50698,5681,5035,7137,913,4805,581,581,249,249,249,249,249,249,249,1767,1186,570,497,913,311,645,249,249,249,249,249,249,241,560,421,10,19,581,2019,597,249,249,249,12,57,249,249,249,249,249,249,249,184,249,249,249,249,201,7929,249,273
STAT,(NULL),Iterations,56,60698,8939,6009,7766,913,4805,581,581,249,249,249,249,249,249,249,1881,1257,1083,989,913,549,831,249,249,249,249,249,249,244,567,498,236,267,581,4794,597,249,249,249,93,123,249,249,249,249,249,249,249,206,249,249,249,249,221,7929,249,273
STAT,(NULL),LoopTime,56,87,87,0,0,0,0,0,0,0,0,0,0,0,0,0,0,0,0,0,0,0,0,0,0,0,0,0,0,0,0,0,0,0,0,0,0,0,0,0,0,0,0,0,0,0,0,0,0,0,0,0,0,0,0,0,0,0
STAT,(NULL),MeminfoPost,56,286,8,7,7,4,4,4,4,4,4,4,4,4,4,4,7,7,7,7,4,7,7,4,4,4,4,4,5,7,7,7,7,7,4,8,5,4,4,4,7,7,5,4,4,4,4,4,4,7,4,4,4,4,7,4,4,4
STAT,(NULL),MeminfoPre,56,168,3,3,3,3,3,3,3,3,3,3,3,3,3,3,3,3,3,3,3,3,3,3,3,3,3,3,3,3,3,3,3,3,3,3,3,3,3,3,3,3,3,3,3,3,3,3,3,3,3,3,3,3,3,3,3,3
STAT,(NULL),Threads,56,56,56,0,0,0,0,0,0,0,0,0,0,0,0,0,0,0,0,0,0,0,0,0,0,0,0,0,0,0,0,0,0,0,0,0,0,0,0,0,0,0,0,0,0,0,0,0,0,0,0,0,0,0,0,0,0,0
STAT,(NULL),Time,56,87,87,0,0,0,0,0,0,0,0,0,0,0,0,0,0,0,0,0,0,0,0,0,0,0,0,0,0,0,0,0,0,0,0,0,0,0,0,0,0,0,0,0,0,0,0,0,0,0,0,0,0,0,0,0,0,0

