Galois Benchmark Suite v2.2.1 (r0)
Copyright (C) 2014 The University of Texas at Austin
http://iss.ices.utexas.edu/galois/

application: Delaunay Triangulation
Produces a Delaunay triangulation for a set of points
http://iss.ices.utexas.edu/?p=projects/galois/benchmarks/delaunay_triangulation

INFO: CommandLine ./delaunaytriangulation_galois -t 1 /home/users/kkazatzis/Galois-2.2.1/inputs/meshes/r1m.node
INFO: Hostname broady
configuration: 1000003 points
Number of aborts: 15
mesh size: 2000004
Triangulation OK
STATTYPE,LOOP,CATEGORY,n,sum,T0
STAT,(NULL),Conflicts,1,0,0
STAT,(NULL),Iterations,1,1000000,1000000
STAT,(NULL),LoopTime,1,4298,4298
STAT,(NULL),MeminfoPost,1,734,734
STAT,(NULL),MeminfoPre,1,734,734
STAT,(NULL),Threads,1,1,1
STAT,(NULL),Time,1,4277,4277
Galois Benchmark Suite v2.2.1 (r0)
Copyright (C) 2014 The University of Texas at Austin
http://iss.ices.utexas.edu/galois/

application: Delaunay Triangulation
Produces a Delaunay triangulation for a set of points
http://iss.ices.utexas.edu/?p=projects/galois/benchmarks/delaunay_triangulation

INFO: CommandLine ./delaunaytriangulation_galois -t 2 /home/users/kkazatzis/Galois-2.2.1/inputs/meshes/r1m.node
INFO: Hostname broady
configuration: 1000003 points
Number of aborts: 15
mesh size: 2000004
Triangulation OK
STATTYPE,LOOP,CATEGORY,n,sum,T0,T1
STAT,(NULL),Conflicts,2,680,385,295
STAT,(NULL),Iterations,2,1000680,506730,493950
STAT,(NULL),LoopTime,2,2508,2508,0
STAT,(NULL),MeminfoPost,2,736,368,368
STAT,(NULL),MeminfoPre,2,736,368,368
STAT,(NULL),Threads,2,2,2,0
STAT,(NULL),Time,2,2499,2499,0
Galois Benchmark Suite v2.2.1 (r0)
Copyright (C) 2014 The University of Texas at Austin
http://iss.ices.utexas.edu/galois/

application: Delaunay Triangulation
Produces a Delaunay triangulation for a set of points
http://iss.ices.utexas.edu/?p=projects/galois/benchmarks/delaunay_triangulation

INFO: CommandLine ./delaunaytriangulation_galois -t 4 /home/users/kkazatzis/Galois-2.2.1/inputs/meshes/r1m.node
INFO: Hostname broady
configuration: 1000003 points
Number of aborts: 15
mesh size: 2000004
Triangulation OK
STATTYPE,LOOP,CATEGORY,n,sum,T0,T1,T2,T3
STAT,(NULL),Conflicts,4,3780,921,1469,974,416
STAT,(NULL),Iterations,4,1003780,249228,253709,250657,250186
STAT,(NULL),LoopTime,4,1256,1256,0,0,0
STAT,(NULL),MeminfoPost,4,740,185,185,185,185
STAT,(NULL),MeminfoPre,4,740,185,185,185,185
STAT,(NULL),Threads,4,4,4,0,0,0
STAT,(NULL),Time,4,1250,1250,0,0,0
Galois Benchmark Suite v2.2.1 (r0)
Copyright (C) 2014 The University of Texas at Austin
http://iss.ices.utexas.edu/galois/

application: Delaunay Triangulation
Produces a Delaunay triangulation for a set of points
http://iss.ices.utexas.edu/?p=projects/galois/benchmarks/delaunay_triangulation

INFO: CommandLine ./delaunaytriangulation_galois -t 8 /home/users/kkazatzis/Galois-2.2.1/inputs/meshes/r1m.node
INFO: Hostname broady
configuration: 1000003 points
Number of aborts: 15
mesh size: 2000004
Triangulation OK
STATTYPE,LOOP,CATEGORY,n,sum,T0,T1,T2,T3,T4,T5,T6,T7
STAT,(NULL),Conflicts,8,16222,1593,1224,2091,2220,2558,2239,2450,1847
STAT,(NULL),Iterations,8,1016222,119343,127604,129229,128785,128730,127120,129177,126234
STAT,(NULL),LoopTime,8,638,638,0,0,0,0,0,0,0
STAT,(NULL),MeminfoPost,8,752,94,94,94,94,94,94,94,94
STAT,(NULL),MeminfoPre,8,752,94,94,94,94,94,94,94,94
STAT,(NULL),Threads,8,8,8,0,0,0,0,0,0,0
STAT,(NULL),Time,8,632,632,0,0,0,0,0,0,0
Galois Benchmark Suite v2.2.1 (r0)
Copyright (C) 2014 The University of Texas at Austin
http://iss.ices.utexas.edu/galois/

application: Delaunay Triangulation
Produces a Delaunay triangulation for a set of points
http://iss.ices.utexas.edu/?p=projects/galois/benchmarks/delaunay_triangulation

INFO: CommandLine ./delaunaytriangulation_galois -t 16 /home/users/kkazatzis/Galois-2.2.1/inputs/meshes/r1m.node
INFO: Hostname broady
configuration: 1000003 points
Number of aborts: 15
mesh size: 2000004
Triangulation OK
STATTYPE,LOOP,CATEGORY,n,sum,T0,T1,T2,T3,T4,T5,T6,T7,T8,T9,T10,T11,T12,T13,T14,T15
STAT,(NULL),Conflicts,16,99032,3605,6596,6183,5555,5941,4505,6240,4042,9376,9430,6962,4691,6977,8818,4999,5112
STAT,(NULL),Iterations,16,1099032,58415,68859,69372,67989,69892,68210,69563,67120,72143,72098,70542,67290,70277,71786,67727,67749
STAT,(NULL),LoopTime,16,332,332,0,0,0,0,0,0,0,0,0,0,0,0,0,0,0
STAT,(NULL),MeminfoPost,16,768,48,48,48,48,48,48,48,48,48,48,48,48,48,48,48,48
STAT,(NULL),MeminfoPre,16,768,48,48,48,48,48,48,48,48,48,48,48,48,48,48,48,48
STAT,(NULL),Threads,16,16,16,0,0,0,0,0,0,0,0,0,0,0,0,0,0,0
STAT,(NULL),Time,16,327,327,0,0,0,0,0,0,0,0,0,0,0,0,0,0,0
Galois Benchmark Suite v2.2.1 (r0)
Copyright (C) 2014 The University of Texas at Austin
http://iss.ices.utexas.edu/galois/

application: Delaunay Triangulation
Produces a Delaunay triangulation for a set of points
http://iss.ices.utexas.edu/?p=projects/galois/benchmarks/delaunay_triangulation

INFO: CommandLine ./delaunaytriangulation_galois -t 22 /home/users/kkazatzis/Galois-2.2.1/inputs/meshes/r1m.node
INFO: Hostname broady
configuration: 1000003 points
Number of aborts: 15
mesh size: 2000004
Triangulation OK
STATTYPE,LOOP,CATEGORY,n,sum,T0,T1,T2,T3,T4,T5,T6,T7,T8,T9,T10,T11,T12,T13,T14,T15,T16,T17,T18,T19,T20,T21
STAT,(NULL),Conflicts,22,257717,2484,3291,4463,8391,2342,3353,5803,11397,12260,12062,7122,24337,26778,25046,23303,19696,6929,13454,17172,17276,5030,5728
STAT,(NULL),Iterations,22,1257717,39700,48608,49697,53321,48715,48756,57136,61673,57557,56903,53309,68924,71354,69893,68438,65085,52096,58910,62705,62232,51279,51426
STAT,(NULL),LoopTime,22,272,272,0,0,0,0,0,0,0,0,0,0,0,0,0,0,0,0,0,0,0,0,0
STAT,(NULL),MeminfoPost,22,792,36,36,36,36,36,36,36,36,36,36,36,36,36,36,36,36,36,36,36,36,36,36
STAT,(NULL),MeminfoPre,22,792,36,36,36,36,36,36,36,36,36,36,36,36,36,36,36,36,36,36,36,36,36,36
STAT,(NULL),Threads,22,22,22,0,0,0,0,0,0,0,0,0,0,0,0,0,0,0,0,0,0,0,0,0
STAT,(NULL),Time,22,267,267,0,0,0,0,0,0,0,0,0,0,0,0,0,0,0,0,0,0,0,0,0
Galois Benchmark Suite v2.2.1 (r0)
Copyright (C) 2014 The University of Texas at Austin
http://iss.ices.utexas.edu/galois/

application: Delaunay Triangulation
Produces a Delaunay triangulation for a set of points
http://iss.ices.utexas.edu/?p=projects/galois/benchmarks/delaunay_triangulation

INFO: CommandLine ./delaunaytriangulation_galois -t 44 /home/users/kkazatzis/Galois-2.2.1/inputs/meshes/r1m.node
INFO: Hostname broady
configuration: 1000003 points
Number of aborts: 15
mesh size: 2000004
Triangulation OK
STATTYPE,LOOP,CATEGORY,n,sum,T0,T1,T2,T3,T4,T5,T6,T7,T8,T9,T10,T11,T12,T13,T14,T15,T16,T17,T18,T19,T20,T21,T22,T23,T24,T25,T26,T27,T28,T29,T30,T31,T32,T33,T34,T35,T36,T37,T38,T39,T40,T41,T42,T43
STAT,(NULL),Conflicts,44,1752365,12949,14604,11647,38643,33866,31014,34796,32649,8150,16959,10584,45221,45671,39447,45739,44448,47954,47361,46780,45390,45545,45455,69729,59864,56577,55659,54315,49469,46888,45808,41951,41253,45567,37850,38695,37297,40136,41096,41382,40849,40065,40429,41024,41590
STAT,(NULL),Iterations,44,2752365,35529,35527,34632,67906,54090,58908,70255,68254,42290,51880,45177,62737,62917,52935,63506,59251,67382,65345,65023,62337,62424,64714,101789,98025,92128,88680,85289,80698,77786,77386,72336,71131,77297,49594,50636,48955,52513,53766,54210,53480,52482,52958,53729,54478
STAT,(NULL),LoopTime,44,259,259,0,0,0,0,0,0,0,0,0,0,0,0,0,0,0,0,0,0,0,0,0,0,0,0,0,0,0,0,0,0,0,0,0,0,0,0,0,0,0,0,0,0,0
STAT,(NULL),MeminfoPost,44,888,19,19,19,20,19,19,23,23,23,23,23,19,19,19,19,19,19,19,19,19,19,19,22,24,23,22,21,21,21,22,21,21,22,19,19,19,19,19,19,19,19,19,19,19
STAT,(NULL),MeminfoPre,44,836,19,19,19,19,19,19,19,19,19,19,19,19,19,19,19,19,19,19,19,19,19,19,19,19,19,19,19,19,19,19,19,19,19,19,19,19,19,19,19,19,19,19,19,19
STAT,(NULL),Threads,44,44,44,0,0,0,0,0,0,0,0,0,0,0,0,0,0,0,0,0,0,0,0,0,0,0,0,0,0,0,0,0,0,0,0,0,0,0,0,0,0,0,0,0,0,0
STAT,(NULL),Time,44,255,255,0,0,0,0,0,0,0,0,0,0,0,0,0,0,0,0,0,0,0,0,0,0,0,0,0,0,0,0,0,0,0,0,0,0,0,0,0,0,0,0,0,0,0
Galois Benchmark Suite v2.2.1 (r0)
Copyright (C) 2014 The University of Texas at Austin
http://iss.ices.utexas.edu/galois/

application: Delaunay Triangulation
Produces a Delaunay triangulation for a set of points
http://iss.ices.utexas.edu/?p=projects/galois/benchmarks/delaunay_triangulation

INFO: CommandLine ./delaunaytriangulation_galois -t 88 /home/users/kkazatzis/Galois-2.2.1/inputs/meshes/r1m.node
INFO: Hostname broady
configuration: 1000003 points
Number of aborts: 15
mesh size: 2000004
Triangulation OK
STATTYPE,LOOP,CATEGORY,n,sum,T0,T1,T2,T3,T4,T5,T6,T7,T8,T9,T10,T11,T12,T13,T14,T15,T16,T17,T18,T19,T20,T21,T22,T23,T24,T25,T26,T27,T28,T29,T30,T31,T32,T33,T34,T35,T36,T37,T38,T39,T40,T41,T42,T43,T44,T45,T46,T47,T48,T49,T50,T51,T52,T53,T54,T55,T56,T57,T58,T59,T60,T61,T62,T63,T64,T65,T66,T67,T68,T69,T70,T71,T72,T73,T74,T75,T76,T77,T78,T79,T80,T81,T82,T83,T84,T85,T86,T87
STAT,(NULL),Conflicts,88,2006807,21771,16736,21305,23044,22757,22172,22030,21491,21467,21867,21197,25400,24823,24861,25216,25103,24521,24916,24966,24724,24740,24587,22364,19775,21684,19746,21150,17012,14635,14019,16256,12352,13554,28042,24274,23574,22702,24519,24709,25501,25447,25509,25797,25895,20739,21821,18653,21485,21663,21210,21331,21182,21945,22200,18477,28205,24879,25657,25825,25022,22933,27270,25765,22421,23863,18571,28947,23762,28125,22756,17708,15699,26407,25492,24599,25116,25454,26597,26515,27548,21673,21862,15393,24434,26850,25272,22975,24296
STAT,(NULL),Iterations,88,3006807,37994,29541,35453,37009,36571,37696,39452,38974,38505,39112,38211,32750,31944,31959,32396,32147,31892,32537,32524,32245,32249,32097,38684,38161,40698,36299,38460,38628,39430,38475,42341,36243,37120,36626,31699,30781,29790,32040,32234,33281,33231,33293,33621,33766,38248,39359,31544,38796,38547,38471,39045,36778,37025,39776,33706,36845,32447,33509,33719,32680,29745,35655,33734,29375,31293,24735,38010,31341,37178,30108,23708,21661,34533,33339,32237,32903,33388,34747,34624,36008,28507,28673,20016,32244,35104,33130,30300,31857
STAT,(NULL),LoopTime,88,281,281,0,0,0,0,0,0,0,0,0,0,0,0,0,0,0,0,0,0,0,0,0,0,0,0,0,0,0,0,0,0,0,0,0,0,0,0,0,0,0,0,0,0,0,0,0,0,0,0,0,0,0,0,0,0,0,0,0,0,0,0,0,0,0,0,0,0,0,0,0,0,0,0,0,0,0,0,0,0,0,0,0,0,0,0,0,0,0
STAT,(NULL),MeminfoPost,88,1076,14,12,13,13,13,13,14,14,14,14,14,11,11,11,11,11,11,11,11,11,11,11,14,15,15,14,14,16,17,17,18,17,17,11,11,11,11,11,11,11,11,11,11,11,14,14,12,14,14,14,14,13,13,14,13,11,11,11,11,11,11,11,11,11,11,11,11,11,11,11,11,11,11,11,11,11,11,11,11,11,11,11,11,11,11,11,11,11
STAT,(NULL),MeminfoPre,88,968,11,11,11,11,11,11,11,11,11,11,11,11,11,11,11,11,11,11,11,11,11,11,11,11,11,11,11,11,11,11,11,11,11,11,11,11,11,11,11,11,11,11,11,11,11,11,11,11,11,11,11,11,11,11,11,11,11,11,11,11,11,11,11,11,11,11,11,11,11,11,11,11,11,11,11,11,11,11,11,11,11,11,11,11,11,11,11,11
STAT,(NULL),Threads,88,88,88,0,0,0,0,0,0,0,0,0,0,0,0,0,0,0,0,0,0,0,0,0,0,0,0,0,0,0,0,0,0,0,0,0,0,0,0,0,0,0,0,0,0,0,0,0,0,0,0,0,0,0,0,0,0,0,0,0,0,0,0,0,0,0,0,0,0,0,0,0,0,0,0,0,0,0,0,0,0,0,0,0,0,0,0,0,0,0
STAT,(NULL),Time,88,277,277,0,0,0,0,0,0,0,0,0,0,0,0,0,0,0,0,0,0,0,0,0,0,0,0,0,0,0,0,0,0,0,0,0,0,0,0,0,0,0,0,0,0,0,0,0,0,0,0,0,0,0,0,0,0,0,0,0,0,0,0,0,0,0,0,0,0,0,0,0,0,0,0,0,0,0,0,0,0,0,0,0,0,0,0,0,0,0
