Galois Benchmark Suite v2.2.1 (r0)
Copyright (C) 2014 The University of Texas at Austin
http://iss.ices.utexas.edu/galois/

application: Delaunay Triangulation
Produces a Delaunay triangulation for a set of points
http://iss.ices.utexas.edu/?p=projects/galois/benchmarks/delaunay_triangulation

INFO: CommandLine ./delaunaytriangulation_galois -t 1 /home/users/kkazatzis/Galois-2.2.1/inputs/meshes/r250k.node
INFO: Hostname broady
configuration: 250003 points
Number of aborts: 15
mesh size: 500004
Triangulation OK
STATTYPE,LOOP,CATEGORY,n,sum,T0
STAT,(NULL),Conflicts,1,0,0
STAT,(NULL),Iterations,1,250000,250000
STAT,(NULL),LoopTime,1,1049,1049
STAT,(NULL),MeminfoPost,1,185,185
STAT,(NULL),MeminfoPre,1,185,185
STAT,(NULL),Threads,1,1,1
STAT,(NULL),Time,1,1046,1046
Galois Benchmark Suite v2.2.1 (r0)
Copyright (C) 2014 The University of Texas at Austin
http://iss.ices.utexas.edu/galois/

application: Delaunay Triangulation
Produces a Delaunay triangulation for a set of points
http://iss.ices.utexas.edu/?p=projects/galois/benchmarks/delaunay_triangulation

INFO: CommandLine ./delaunaytriangulation_galois -t 2 /home/users/kkazatzis/Galois-2.2.1/inputs/meshes/r250k.node
INFO: Hostname broady
configuration: 250003 points
Number of aborts: 15
mesh size: 500004
Triangulation OK
STATTYPE,LOOP,CATEGORY,n,sum,T0,T1
STAT,(NULL),Conflicts,2,867,456,411
STAT,(NULL),Iterations,2,250867,126506,124361
STAT,(NULL),LoopTime,2,619,619,0
STAT,(NULL),MeminfoPost,2,188,94,94
STAT,(NULL),MeminfoPre,2,188,94,94
STAT,(NULL),Threads,2,2,2,0
STAT,(NULL),Time,2,618,618,0
Galois Benchmark Suite v2.2.1 (r0)
Copyright (C) 2014 The University of Texas at Austin
http://iss.ices.utexas.edu/galois/

application: Delaunay Triangulation
Produces a Delaunay triangulation for a set of points
http://iss.ices.utexas.edu/?p=projects/galois/benchmarks/delaunay_triangulation

INFO: CommandLine ./delaunaytriangulation_galois -t 4 /home/users/kkazatzis/Galois-2.2.1/inputs/meshes/r250k.node
INFO: Hostname broady
configuration: 250003 points
Number of aborts: 15
mesh size: 500004
Triangulation OK
STATTYPE,LOOP,CATEGORY,n,sum,T0,T1,T2,T3
STAT,(NULL),Conflicts,4,2750,563,1178,576,433
STAT,(NULL),Iterations,4,252750,62764,64027,63235,62724
STAT,(NULL),LoopTime,4,309,309,0,0,0
STAT,(NULL),MeminfoPost,4,192,48,48,48,48
STAT,(NULL),MeminfoPre,4,192,48,48,48,48
STAT,(NULL),Threads,4,4,4,0,0,0
STAT,(NULL),Time,4,309,309,0,0,0
Galois Benchmark Suite v2.2.1 (r0)
Copyright (C) 2014 The University of Texas at Austin
http://iss.ices.utexas.edu/galois/

application: Delaunay Triangulation
Produces a Delaunay triangulation for a set of points
http://iss.ices.utexas.edu/?p=projects/galois/benchmarks/delaunay_triangulation

INFO: CommandLine ./delaunaytriangulation_galois -t 8 /home/users/kkazatzis/Galois-2.2.1/inputs/meshes/r250k.node
INFO: Hostname broady
configuration: 250003 points
Number of aborts: 15
mesh size: 500004
Triangulation OK
STATTYPE,LOOP,CATEGORY,n,sum,T0,T1,T2,T3,T4,T5,T6,T7
STAT,(NULL),Conflicts,8,10052,1440,1294,943,1372,1099,978,1761,1165
STAT,(NULL),Iterations,8,260052,31874,32538,32721,32653,32534,32436,33068,32228
STAT,(NULL),LoopTime,8,155,155,0,0,0,0,0,0,0
STAT,(NULL),MeminfoPost,8,200,25,25,25,25,25,25,25,25
STAT,(NULL),MeminfoPre,8,200,25,25,25,25,25,25,25,25
STAT,(NULL),Threads,8,8,8,0,0,0,0,0,0,0
STAT,(NULL),Time,8,155,155,0,0,0,0,0,0,0
Galois Benchmark Suite v2.2.1 (r0)
Copyright (C) 2014 The University of Texas at Austin
http://iss.ices.utexas.edu/galois/

application: Delaunay Triangulation
Produces a Delaunay triangulation for a set of points
http://iss.ices.utexas.edu/?p=projects/galois/benchmarks/delaunay_triangulation

INFO: CommandLine ./delaunaytriangulation_galois -t 16 /home/users/kkazatzis/Galois-2.2.1/inputs/meshes/r250k.node
INFO: Hostname broady
configuration: 250003 points
Number of aborts: 15
mesh size: 500004
Triangulation OK
STATTYPE,LOOP,CATEGORY,n,sum,T0,T1,T2,T3,T4,T5,T6,T7,T8,T9,T10,T11,T12,T13,T14,T15
STAT,(NULL),Conflicts,16,283586,19391,16500,17977,18243,13434,13921,14539,13962,18572,18198,16685,19990,10150,24216,24125,23683
STAT,(NULL),Iterations,16,533586,32714,37109,37110,35223,29942,35165,34705,31675,31196,30924,29709,32881,23080,37008,38667,36478
STAT,(NULL),LoopTime,16,114,114,0,0,0,0,0,0,0,0,0,0,0,0,0,0,0
STAT,(NULL),MeminfoPost,16,230,14,16,15,14,14,16,15,14,14,14,14,14,14,14,14,14
STAT,(NULL),MeminfoPre,16,224,14,14,14,14,14,14,14,14,14,14,14,14,14,14,14,14
STAT,(NULL),Threads,16,16,16,0,0,0,0,0,0,0,0,0,0,0,0,0,0,0
STAT,(NULL),Time,16,114,114,0,0,0,0,0,0,0,0,0,0,0,0,0,0,0
Galois Benchmark Suite v2.2.1 (r0)
Copyright (C) 2014 The University of Texas at Austin
http://iss.ices.utexas.edu/galois/

application: Delaunay Triangulation
Produces a Delaunay triangulation for a set of points
http://iss.ices.utexas.edu/?p=projects/galois/benchmarks/delaunay_triangulation

INFO: CommandLine ./delaunaytriangulation_galois -t 22 /home/users/kkazatzis/Galois-2.2.1/inputs/meshes/r250k.node
INFO: Hostname broady
configuration: 250003 points
Number of aborts: 15
mesh size: 500004
Triangulation OK
STATTYPE,LOOP,CATEGORY,n,sum,T0,T1,T2,T3,T4,T5,T6,T7,T8,T9,T10,T11,T12,T13,T14,T15,T16,T17,T18,T19,T20,T21
STAT,(NULL),Conflicts,22,399495,5361,14314,15004,16080,11800,15467,22145,23388,19428,25342,13651,24012,22787,22545,23128,23557,17437,16115,23897,23274,12486,8277
STAT,(NULL),Iterations,22,649495,11595,29026,27454,32704,27107,31310,40806,41667,34988,45353,24211,32330,31270,30235,31102,32169,23707,22839,32491,32950,18989,15192
STAT,(NULL),LoopTime,22,121,121,0,0,0,0,0,0,0,0,0,0,0,0,0,0,0,0,0,0,0,0,0
STAT,(NULL),MeminfoPost,22,267,11,13,12,14,13,14,15,15,13,15,11,11,11,11,11,11,11,11,11,11,11,11
STAT,(NULL),MeminfoPre,22,242,11,11,11,11,11,11,11,11,11,11,11,11,11,11,11,11,11,11,11,11,11,11
STAT,(NULL),Threads,22,22,22,0,0,0,0,0,0,0,0,0,0,0,0,0,0,0,0,0,0,0,0,0
STAT,(NULL),Time,22,121,121,0,0,0,0,0,0,0,0,0,0,0,0,0,0,0,0,0,0,0,0,0
Galois Benchmark Suite v2.2.1 (r0)
Copyright (C) 2014 The University of Texas at Austin
http://iss.ices.utexas.edu/galois/

application: Delaunay Triangulation
Produces a Delaunay triangulation for a set of points
http://iss.ices.utexas.edu/?p=projects/galois/benchmarks/delaunay_triangulation

INFO: CommandLine ./delaunaytriangulation_galois -t 44 /home/users/kkazatzis/Galois-2.2.1/inputs/meshes/r250k.node
INFO: Hostname broady
configuration: 250003 points
Number of aborts: 15
mesh size: 500004
Triangulation OK
STATTYPE,LOOP,CATEGORY,n,sum,T0,T1,T2,T3,T4,T5,T6,T7,T8,T9,T10,T11,T12,T13,T14,T15,T16,T17,T18,T19,T20,T21,T22,T23,T24,T25,T26,T27,T28,T29,T30,T31,T32,T33,T34,T35,T36,T37,T38,T39,T40,T41,T42,T43
STAT,(NULL),Conflicts,44,416978,4147,4540,3635,11489,8738,7627,8197,3452,3195,2558,2375,14537,13843,13464,12692,11582,10961,5515,8257,9906,13153,13484,13056,10580,10053,10058,11392,8030,8491,8050,10691,9527,8620,7397,8516,7541,11074,10733,12815,16565,15870,10228,11276,9068
STAT,(NULL),Iterations,44,666978,9942,9752,9800,18308,13565,14764,18017,11737,11054,9016,12409,20356,18637,18062,17517,15824,14834,7977,12051,14289,18181,18527,19123,17652,16958,16028,18276,13580,14924,15708,21847,18494,16428,10830,12364,11445,14799,14489,17078,20551,21135,13625,14970,12055
STAT,(NULL),LoopTime,44,100,100,0,0,0,0,0,0,0,0,0,0,0,0,0,0,0,0,0,0,0,0,0,0,0,0,0,0,0,0,0,0,0,0,0,0,0,0,0,0,0,0,0,0,0
STAT,(NULL),MeminfoPost,44,395,9,9,9,9,9,10,11,10,10,9,11,9,9,9,9,8,8,8,8,8,9,9,9,10,10,9,9,9,9,10,11,10,10,8,8,8,8,8,8,8,9,8,8,8
STAT,(NULL),MeminfoPre,44,308,7,7,7,7,7,7,7,7,7,7,7,7,7,7,7,7,7,7,7,7,7,7,7,7,7,7,7,7,7,7,7,7,7,7,7,7,7,7,7,7,7,7,7,7
STAT,(NULL),Threads,44,44,44,0,0,0,0,0,0,0,0,0,0,0,0,0,0,0,0,0,0,0,0,0,0,0,0,0,0,0,0,0,0,0,0,0,0,0,0,0,0,0,0,0,0,0
STAT,(NULL),Time,44,99,99,0,0,0,0,0,0,0,0,0,0,0,0,0,0,0,0,0,0,0,0,0,0,0,0,0,0,0,0,0,0,0,0,0,0,0,0,0,0,0,0,0,0,0
Galois Benchmark Suite v2.2.1 (r0)
Copyright (C) 2014 The University of Texas at Austin
http://iss.ices.utexas.edu/galois/

application: Delaunay Triangulation
Produces a Delaunay triangulation for a set of points
http://iss.ices.utexas.edu/?p=projects/galois/benchmarks/delaunay_triangulation

INFO: CommandLine ./delaunaytriangulation_galois -t 88 /home/users/kkazatzis/Galois-2.2.1/inputs/meshes/r250k.node
INFO: Hostname broady
configuration: 250003 points
Number of aborts: 15
mesh size: 500004
Triangulation OK
STATTYPE,LOOP,CATEGORY,n,sum,T0,T1,T2,T3,T4,T5,T6,T7,T8,T9,T10,T11,T12,T13,T14,T15,T16,T17,T18,T19,T20,T21,T22,T23,T24,T25,T26,T27,T28,T29,T30,T31,T32,T33,T34,T35,T36,T37,T38,T39,T40,T41,T42,T43,T44,T45,T46,T47,T48,T49,T50,T51,T52,T53,T54,T55,T56,T57,T58,T59,T60,T61,T62,T63,T64,T65,T66,T67,T68,T69,T70,T71,T72,T73,T74,T75,T76,T77,T78,T79,T80,T81,T82,T83,T84,T85,T86,T87
STAT,(NULL),Conflicts,88,1231789,22931,25672,24337,25663,30301,30324,26530,27505,27505,27922,27465,17067,16587,15819,15339,15339,15147,16107,16203,16683,15723,15531,21383,25199,21124,25290,27598,13932,16211,16235,16566,16716,16591,9675,5067,5547,5547,5739,5931,6027,5643,5739,5451,6123,17581,16047,17167,16431,22789,16527,14959,15499,16015,15982,16349,8331,5067,5067,4875,4491,4587,4971,5259,5067,4971,4778,11115,11115,9771,10155,10731,11019,10251,10251,16395,17163,10251,9963,8811,8907,9386,9003,9771,9963,9675,9867,10059,10323
STAT,(NULL),Iterations,88,1481789,38694,36493,41228,42801,45147,40389,31095,29641,30881,31695,30319,17067,16587,15819,15339,15339,15147,16107,16203,16683,15723,15531,40491,50354,47694,52708,56268,33289,16211,16242,16627,16942,16592,9675,5067,5547,5547,5739,5931,6027,5643,5739,5451,6123,17582,16047,17167,16431,23982,16527,14959,15500,16015,15983,16350,8331,5067,5067,4875,4491,4587,4971,5259,5067,4971,4779,11115,11115,9771,10155,10731,11019,10251,10251,16395,17163,10251,9963,8811,8907,9387,9003,9771,9963,9675,9867,10059,10323
STAT,(NULL),LoopTime,88,267,267,0,0,0,0,0,0,0,0,0,0,0,0,0,0,0,0,0,0,0,0,0,0,0,0,0,0,0,0,0,0,0,0,0,0,0,0,0,0,0,0,0,0,0,0,0,0,0,0,0,0,0,0,0,0,0,0,0,0,0,0,0,0,0,0,0,0,0,0,0,0,0,0,0,0,0,0,0,0,0,0,0,0,0,0,0,0,0
STAT,(NULL),MeminfoPost,88,594,13,11,14,14,13,11,8,7,8,8,8,5,5,5,5,5,5,5,5,5,5,5,15,17,18,18,19,15,5,7,7,7,7,5,5,5,5,5,5,5,5,5,5,5,7,5,5,5,7,5,5,7,5,7,7,5,5,5,5,5,5,5,5,5,5,7,5,5,5,5,5,5,5,5,5,5,5,5,5,5,7,5,5,5,5,5,5,5
STAT,(NULL),MeminfoPre,88,440,5,5,5,5,5,5,5,5,5,5,5,5,5,5,5,5,5,5,5,5,5,5,5,5,5,5,5,5,5,5,5,5,5,5,5,5,5,5,5,5,5,5,5,5,5,5,5,5,5,5,5,5,5,5,5,5,5,5,5,5,5,5,5,5,5,5,5,5,5,5,5,5,5,5,5,5,5,5,5,5,5,5,5,5,5,5,5,5
STAT,(NULL),Threads,88,88,88,0,0,0,0,0,0,0,0,0,0,0,0,0,0,0,0,0,0,0,0,0,0,0,0,0,0,0,0,0,0,0,0,0,0,0,0,0,0,0,0,0,0,0,0,0,0,0,0,0,0,0,0,0,0,0,0,0,0,0,0,0,0,0,0,0,0,0,0,0,0,0,0,0,0,0,0,0,0,0,0,0,0,0,0,0,0,0
STAT,(NULL),Time,88,266,266,0,0,0,0,0,0,0,0,0,0,0,0,0,0,0,0,0,0,0,0,0,0,0,0,0,0,0,0,0,0,0,0,0,0,0,0,0,0,0,0,0,0,0,0,0,0,0,0,0,0,0,0,0,0,0,0,0,0,0,0,0,0,0,0,0,0,0,0,0,0,0,0,0,0,0,0,0,0,0,0,0,0,0,0,0,0,0
