Galois Benchmark Suite v2.2.1 (r0)
Copyright (C) 2014 The University of Texas at Austin
http://iss.ices.utexas.edu/galois/

application: Delaunay Mesh Refinement
Refines a Delaunay triangulation mesh such that no angle in the mesh is less than 30 degrees
http://iss.ices.utexas.edu/?p=projects/galois/benchmarks/delaunay_mesh_refinement

INFO: CommandLine ./delaunayrefinement -t 1 /home/users/kkazatzis/Galois-2.2.1/inputs/meshes/r10k.1
INFO: Hostname broady
Using bin for node
Using bin for ele
Using bin for poly
configuration: 20004 total triangles, 9775 bad triangles
Total Time: 0.20
80498 total triangles
Refinement OK
STATTYPE,LOOP,CATEGORY,n,sum,T0
STAT,(NULL),Conflicts,1,0,0
STAT,(NULL),Iterations,1,9775,9775
STAT,(NULL),MeminfoMid,1,33,33
STAT,(NULL),MeminfoPost,1,33,33
STAT,(NULL),MeminfoPre1,1,3,3
STAT,(NULL),MeminfoPre2,1,33,33
STAT,(NULL),OuterRoundsExecuted,1,4,4
STAT,(NULL),RoundsExecuted,1,4,4
STAT,(NULL),Threads,1,1,1
STAT,(NULL),Time,1,195,195
STAT,(NULL),refine,1,193,193
STAT,allocate,LoopTime,1,2,2
STAT,count_if,LoopTime,1,14,14
STAT,findbad,LoopTime,1,2,2
STAT,refine,Conflicts,1,0,0
STAT,refine,Iterations,1,52447,52447
STAT,refine,LoopTime,1,189,189
Galois Benchmark Suite v2.2.1 (r0)
Copyright (C) 2014 The University of Texas at Austin
http://iss.ices.utexas.edu/galois/

application: Delaunay Mesh Refinement
Refines a Delaunay triangulation mesh such that no angle in the mesh is less than 30 degrees
http://iss.ices.utexas.edu/?p=projects/galois/benchmarks/delaunay_mesh_refinement

INFO: CommandLine ./delaunayrefinement -t 1 /home/users/kkazatzis/Galois-2.2.1/inputs/meshes/r10k.1
INFO: Hostname broady
Using bin for node
Using bin for ele
Using bin for poly
configuration: 20004 total triangles, 9775 bad triangles
Total Time: 0.19
80498 total triangles
Refinement OK
STATTYPE,LOOP,CATEGORY,n,sum,T0
STAT,(NULL),Conflicts,1,0,0
STAT,(NULL),Iterations,1,9775,9775
STAT,(NULL),MeminfoMid,1,33,33
STAT,(NULL),MeminfoPost,1,33,33
STAT,(NULL),MeminfoPre1,1,3,3
STAT,(NULL),MeminfoPre2,1,33,33
STAT,(NULL),OuterRoundsExecuted,1,4,4
STAT,(NULL),RoundsExecuted,1,4,4
STAT,(NULL),Threads,1,1,1
STAT,(NULL),Time,1,192,192
STAT,(NULL),refine,1,190,190
STAT,allocate,LoopTime,1,2,2
STAT,count_if,LoopTime,1,14,14
STAT,findbad,LoopTime,1,2,2
STAT,refine,Conflicts,1,0,0
STAT,refine,Iterations,1,52447,52447
STAT,refine,LoopTime,1,186,186
Galois Benchmark Suite v2.2.1 (r0)
Copyright (C) 2014 The University of Texas at Austin
http://iss.ices.utexas.edu/galois/

application: Delaunay Mesh Refinement
Refines a Delaunay triangulation mesh such that no angle in the mesh is less than 30 degrees
http://iss.ices.utexas.edu/?p=projects/galois/benchmarks/delaunay_mesh_refinement

INFO: CommandLine ./delaunayrefinement -t 1 /home/users/kkazatzis/Galois-2.2.1/inputs/meshes/r10k.1
INFO: Hostname broady
Using bin for node
Using bin for ele
Using bin for poly
configuration: 20004 total triangles, 9775 bad triangles
Total Time: 0.20
80498 total triangles
Refinement OK
STATTYPE,LOOP,CATEGORY,n,sum,T0
STAT,(NULL),Conflicts,1,0,0
STAT,(NULL),Iterations,1,9775,9775
STAT,(NULL),MeminfoMid,1,33,33
STAT,(NULL),MeminfoPost,1,33,33
STAT,(NULL),MeminfoPre1,1,3,3
STAT,(NULL),MeminfoPre2,1,33,33
STAT,(NULL),OuterRoundsExecuted,1,4,4
STAT,(NULL),RoundsExecuted,1,4,4
STAT,(NULL),Threads,1,1,1
STAT,(NULL),Time,1,196,196
STAT,(NULL),refine,1,193,193
STAT,allocate,LoopTime,1,2,2
STAT,count_if,LoopTime,1,14,14
STAT,findbad,LoopTime,1,2,2
STAT,refine,Conflicts,1,0,0
STAT,refine,Iterations,1,52447,52447
STAT,refine,LoopTime,1,189,189
Galois Benchmark Suite v2.2.1 (r0)
Copyright (C) 2014 The University of Texas at Austin
http://iss.ices.utexas.edu/galois/

application: Delaunay Mesh Refinement
Refines a Delaunay triangulation mesh such that no angle in the mesh is less than 30 degrees
http://iss.ices.utexas.edu/?p=projects/galois/benchmarks/delaunay_mesh_refinement

INFO: CommandLine ./delaunayrefinement -t 1 /home/users/kkazatzis/Galois-2.2.1/inputs/meshes/r10k.1
INFO: Hostname broady
Using bin for node
Using bin for ele
Using bin for poly
configuration: 20004 total triangles, 9775 bad triangles
Total Time: 0.20
80498 total triangles
Refinement OK
STATTYPE,LOOP,CATEGORY,n,sum,T0
STAT,(NULL),Conflicts,1,0,0
STAT,(NULL),Iterations,1,9775,9775
STAT,(NULL),MeminfoMid,1,33,33
STAT,(NULL),MeminfoPost,1,33,33
STAT,(NULL),MeminfoPre1,1,3,3
STAT,(NULL),MeminfoPre2,1,33,33
STAT,(NULL),OuterRoundsExecuted,1,4,4
STAT,(NULL),RoundsExecuted,1,4,4
STAT,(NULL),Threads,1,1,1
STAT,(NULL),Time,1,196,196
STAT,(NULL),refine,1,193,193
STAT,allocate,LoopTime,1,2,2
STAT,count_if,LoopTime,1,14,14
STAT,findbad,LoopTime,1,2,2
STAT,refine,Conflicts,1,0,0
STAT,refine,Iterations,1,52447,52447
STAT,refine,LoopTime,1,189,189
Galois Benchmark Suite v2.2.1 (r0)
Copyright (C) 2014 The University of Texas at Austin
http://iss.ices.utexas.edu/galois/

application: Delaunay Mesh Refinement
Refines a Delaunay triangulation mesh such that no angle in the mesh is less than 30 degrees
http://iss.ices.utexas.edu/?p=projects/galois/benchmarks/delaunay_mesh_refinement

INFO: CommandLine ./delaunayrefinement -t 1 /home/users/kkazatzis/Galois-2.2.1/inputs/meshes/r10k.1
INFO: Hostname broady
Using bin for node
Using bin for ele
Using bin for poly
configuration: 20004 total triangles, 9775 bad triangles
Total Time: 0.20
80498 total triangles
Refinement OK
STATTYPE,LOOP,CATEGORY,n,sum,T0
STAT,(NULL),Conflicts,1,0,0
STAT,(NULL),Iterations,1,9775,9775
STAT,(NULL),MeminfoMid,1,33,33
STAT,(NULL),MeminfoPost,1,33,33
STAT,(NULL),MeminfoPre1,1,3,3
STAT,(NULL),MeminfoPre2,1,33,33
STAT,(NULL),OuterRoundsExecuted,1,4,4
STAT,(NULL),RoundsExecuted,1,4,4
STAT,(NULL),Threads,1,1,1
STAT,(NULL),Time,1,200,200
STAT,(NULL),refine,1,198,198
STAT,allocate,LoopTime,1,2,2
STAT,count_if,LoopTime,1,14,14
STAT,findbad,LoopTime,1,2,2
STAT,refine,Conflicts,1,0,0
STAT,refine,Iterations,1,52447,52447
STAT,refine,LoopTime,1,194,194
Galois Benchmark Suite v2.2.1 (r0)
Copyright (C) 2014 The University of Texas at Austin
http://iss.ices.utexas.edu/galois/

application: Delaunay Mesh Refinement
Refines a Delaunay triangulation mesh such that no angle in the mesh is less than 30 degrees
http://iss.ices.utexas.edu/?p=projects/galois/benchmarks/delaunay_mesh_refinement

INFO: CommandLine ./delaunayrefinement -t 2 /home/users/kkazatzis/Galois-2.2.1/inputs/meshes/r10k.1
INFO: Hostname broady
Using bin for node
Using bin for ele
Using bin for poly
configuration: 20004 total triangles, 9775 bad triangles
Total Time: 0.21
80620 total triangles
Refinement OK
STATTYPE,LOOP,CATEGORY,n,sum,T0,T1
STAT,(NULL),Conflicts,2,0,0,0
STAT,(NULL),Iterations,2,9775,4920,4855
STAT,(NULL),MeminfoMid,2,44,22,22
STAT,(NULL),MeminfoPost,2,44,22,22
STAT,(NULL),MeminfoPre1,2,4,2,2
STAT,(NULL),MeminfoPre2,2,44,22,22
STAT,(NULL),OuterRoundsExecuted,2,4,4,0
STAT,(NULL),RoundsExecuted,2,4,4,0
STAT,(NULL),Threads,2,2,2,0
STAT,(NULL),Time,2,105,105,0
STAT,(NULL),refine,2,104,104,0
STAT,allocate,LoopTime,2,2,2,0
STAT,count_if,LoopTime,2,13,13,0
STAT,findbad,LoopTime,2,1,1,0
STAT,refine,Conflicts,2,0,0,0
STAT,refine,Iterations,2,52521,26022,26499
STAT,refine,LoopTime,2,101,101,0
Galois Benchmark Suite v2.2.1 (r0)
Copyright (C) 2014 The University of Texas at Austin
http://iss.ices.utexas.edu/galois/

application: Delaunay Mesh Refinement
Refines a Delaunay triangulation mesh such that no angle in the mesh is less than 30 degrees
http://iss.ices.utexas.edu/?p=projects/galois/benchmarks/delaunay_mesh_refinement

INFO: CommandLine ./delaunayrefinement -t 2 /home/users/kkazatzis/Galois-2.2.1/inputs/meshes/r10k.1
INFO: Hostname broady
Using bin for node
Using bin for ele
Using bin for poly
configuration: 20004 total triangles, 9775 bad triangles
Total Time: 0.21
80620 total triangles
Refinement OK
STATTYPE,LOOP,CATEGORY,n,sum,T0,T1
STAT,(NULL),Conflicts,2,0,0,0
STAT,(NULL),Iterations,2,9775,4920,4855
STAT,(NULL),MeminfoMid,2,44,22,22
STAT,(NULL),MeminfoPost,2,44,22,22
STAT,(NULL),MeminfoPre1,2,4,2,2
STAT,(NULL),MeminfoPre2,2,44,22,22
STAT,(NULL),OuterRoundsExecuted,2,4,4,0
STAT,(NULL),RoundsExecuted,2,4,4,0
STAT,(NULL),Threads,2,2,2,0
STAT,(NULL),Time,2,105,105,0
STAT,(NULL),refine,2,104,104,0
STAT,allocate,LoopTime,2,2,2,0
STAT,count_if,LoopTime,2,13,13,0
STAT,findbad,LoopTime,2,1,1,0
STAT,refine,Conflicts,2,0,0,0
STAT,refine,Iterations,2,52521,26022,26499
STAT,refine,LoopTime,2,101,101,0
Galois Benchmark Suite v2.2.1 (r0)
Copyright (C) 2014 The University of Texas at Austin
http://iss.ices.utexas.edu/galois/

application: Delaunay Mesh Refinement
Refines a Delaunay triangulation mesh such that no angle in the mesh is less than 30 degrees
http://iss.ices.utexas.edu/?p=projects/galois/benchmarks/delaunay_mesh_refinement

INFO: CommandLine ./delaunayrefinement -t 2 /home/users/kkazatzis/Galois-2.2.1/inputs/meshes/r10k.1
INFO: Hostname broady
Using bin for node
Using bin for ele
Using bin for poly
configuration: 20004 total triangles, 9775 bad triangles
Total Time: 0.21
80620 total triangles
Refinement OK
STATTYPE,LOOP,CATEGORY,n,sum,T0,T1
STAT,(NULL),Conflicts,2,0,0,0
STAT,(NULL),Iterations,2,9775,4792,4983
STAT,(NULL),MeminfoMid,2,44,22,22
STAT,(NULL),MeminfoPost,2,44,22,22
STAT,(NULL),MeminfoPre1,2,4,2,2
STAT,(NULL),MeminfoPre2,2,44,22,22
STAT,(NULL),OuterRoundsExecuted,2,4,4,0
STAT,(NULL),RoundsExecuted,2,4,4,0
STAT,(NULL),Threads,2,2,2,0
STAT,(NULL),Time,2,105,105,0
STAT,(NULL),refine,2,104,104,0
STAT,allocate,LoopTime,2,2,2,0
STAT,count_if,LoopTime,2,13,13,0
STAT,findbad,LoopTime,2,1,1,0
STAT,refine,Conflicts,2,0,0,0
STAT,refine,Iterations,2,52521,26022,26499
STAT,refine,LoopTime,2,101,101,0
Galois Benchmark Suite v2.2.1 (r0)
Copyright (C) 2014 The University of Texas at Austin
http://iss.ices.utexas.edu/galois/

application: Delaunay Mesh Refinement
Refines a Delaunay triangulation mesh such that no angle in the mesh is less than 30 degrees
http://iss.ices.utexas.edu/?p=projects/galois/benchmarks/delaunay_mesh_refinement

INFO: CommandLine ./delaunayrefinement -t 2 /home/users/kkazatzis/Galois-2.2.1/inputs/meshes/r10k.1
INFO: Hostname broady
Using bin for node
Using bin for ele
Using bin for poly
configuration: 20004 total triangles, 9775 bad triangles
Total Time: 0.21
80634 total triangles
Refinement OK
STATTYPE,LOOP,CATEGORY,n,sum,T0,T1
STAT,(NULL),Conflicts,2,0,0,0
STAT,(NULL),Iterations,2,9775,4888,4887
STAT,(NULL),MeminfoMid,2,44,22,22
STAT,(NULL),MeminfoPost,2,44,22,22
STAT,(NULL),MeminfoPre1,2,4,2,2
STAT,(NULL),MeminfoPre2,2,44,22,22
STAT,(NULL),OuterRoundsExecuted,2,4,4,0
STAT,(NULL),RoundsExecuted,2,4,4,0
STAT,(NULL),Threads,2,2,2,0
STAT,(NULL),Time,2,106,106,0
STAT,(NULL),refine,2,104,104,0
STAT,allocate,LoopTime,2,2,2,0
STAT,count_if,LoopTime,2,13,13,0
STAT,findbad,LoopTime,2,1,1,0
STAT,refine,Conflicts,2,0,0,0
STAT,refine,Iterations,2,52543,25819,26724
STAT,refine,LoopTime,2,102,102,0
Galois Benchmark Suite v2.2.1 (r0)
Copyright (C) 2014 The University of Texas at Austin
http://iss.ices.utexas.edu/galois/

application: Delaunay Mesh Refinement
Refines a Delaunay triangulation mesh such that no angle in the mesh is less than 30 degrees
http://iss.ices.utexas.edu/?p=projects/galois/benchmarks/delaunay_mesh_refinement

INFO: CommandLine ./delaunayrefinement -t 2 /home/users/kkazatzis/Galois-2.2.1/inputs/meshes/r10k.1
INFO: Hostname broady
Using bin for node
Using bin for ele
Using bin for poly
configuration: 20004 total triangles, 9775 bad triangles
Total Time: 0.21
80620 total triangles
Refinement OK
STATTYPE,LOOP,CATEGORY,n,sum,T0,T1
STAT,(NULL),Conflicts,2,0,0,0
STAT,(NULL),Iterations,2,9775,4760,5015
STAT,(NULL),MeminfoMid,2,44,22,22
STAT,(NULL),MeminfoPost,2,44,22,22
STAT,(NULL),MeminfoPre1,2,4,2,2
STAT,(NULL),MeminfoPre2,2,44,22,22
STAT,(NULL),OuterRoundsExecuted,2,4,4,0
STAT,(NULL),RoundsExecuted,2,4,4,0
STAT,(NULL),Threads,2,2,2,0
STAT,(NULL),Time,2,105,105,0
STAT,(NULL),refine,2,104,104,0
STAT,allocate,LoopTime,2,2,2,0
STAT,count_if,LoopTime,2,13,13,0
STAT,findbad,LoopTime,2,1,1,0
STAT,refine,Conflicts,2,0,0,0
STAT,refine,Iterations,2,52520,26072,26448
STAT,refine,LoopTime,2,101,101,0
Galois Benchmark Suite v2.2.1 (r0)
Copyright (C) 2014 The University of Texas at Austin
http://iss.ices.utexas.edu/galois/

application: Delaunay Mesh Refinement
Refines a Delaunay triangulation mesh such that no angle in the mesh is less than 30 degrees
http://iss.ices.utexas.edu/?p=projects/galois/benchmarks/delaunay_mesh_refinement

INFO: CommandLine ./delaunayrefinement -t 4 /home/users/kkazatzis/Galois-2.2.1/inputs/meshes/r10k.1
INFO: Hostname broady
Using bin for node
Using bin for ele
Using bin for poly
configuration: 20004 total triangles, 9775 bad triangles
Total Time: 0.21
80220 total triangles
Refinement OK
STATTYPE,LOOP,CATEGORY,n,sum,T0,T1,T2,T3
STAT,(NULL),Conflicts,4,0,0,0,0,0
STAT,(NULL),Iterations,4,9775,2476,2476,2348,2475
STAT,(NULL),MeminfoMid,4,88,22,22,22,22
STAT,(NULL),MeminfoPost,4,88,22,22,22,22
STAT,(NULL),MeminfoPre1,4,8,2,2,2,2
STAT,(NULL),MeminfoPre2,4,88,22,22,22,22
STAT,(NULL),OuterRoundsExecuted,4,4,4,0,0,0
STAT,(NULL),RoundsExecuted,4,4,4,0,0,0
STAT,(NULL),Threads,4,4,4,0,0,0
STAT,(NULL),Time,4,53,53,0,0,0
STAT,(NULL),refine,4,52,52,0,0,0
STAT,allocate,LoopTime,4,4,4,0,0,0
STAT,count_if,LoopTime,4,12,12,0,0,0
STAT,refine,Conflicts,4,54,24,7,22,1
STAT,refine,Iterations,4,52255,12840,12742,13312,13361
STAT,refine,LoopTime,4,51,51,0,0,0
Galois Benchmark Suite v2.2.1 (r0)
Copyright (C) 2014 The University of Texas at Austin
http://iss.ices.utexas.edu/galois/

application: Delaunay Mesh Refinement
Refines a Delaunay triangulation mesh such that no angle in the mesh is less than 30 degrees
http://iss.ices.utexas.edu/?p=projects/galois/benchmarks/delaunay_mesh_refinement

INFO: CommandLine ./delaunayrefinement -t 4 /home/users/kkazatzis/Galois-2.2.1/inputs/meshes/r10k.1
INFO: Hostname broady
Using bin for node
Using bin for ele
Using bin for poly
configuration: 20004 total triangles, 9775 bad triangles
Total Time: 0.21
80476 total triangles
Refinement OK
STATTYPE,LOOP,CATEGORY,n,sum,T0,T1,T2,T3
STAT,(NULL),Conflicts,4,0,0,0,0,0
STAT,(NULL),Iterations,4,9775,2444,2508,2380,2443
STAT,(NULL),MeminfoMid,4,88,22,22,22,22
STAT,(NULL),MeminfoPost,4,88,22,22,22,22
STAT,(NULL),MeminfoPre1,4,8,2,2,2,2
STAT,(NULL),MeminfoPre2,4,88,22,22,22,22
STAT,(NULL),OuterRoundsExecuted,4,4,4,0,0,0
STAT,(NULL),RoundsExecuted,4,4,4,0,0,0
STAT,(NULL),Threads,4,4,4,0,0,0
STAT,(NULL),Time,4,53,53,0,0,0
STAT,(NULL),refine,4,52,52,0,0,0
STAT,allocate,LoopTime,4,4,4,0,0,0
STAT,count_if,LoopTime,4,12,12,0,0,0
STAT,refine,Conflicts,4,23,10,0,0,13
STAT,refine,Iterations,4,52551,12916,12945,13565,13125
STAT,refine,LoopTime,4,51,51,0,0,0
Galois Benchmark Suite v2.2.1 (r0)
Copyright (C) 2014 The University of Texas at Austin
http://iss.ices.utexas.edu/galois/

application: Delaunay Mesh Refinement
Refines a Delaunay triangulation mesh such that no angle in the mesh is less than 30 degrees
http://iss.ices.utexas.edu/?p=projects/galois/benchmarks/delaunay_mesh_refinement

INFO: CommandLine ./delaunayrefinement -t 4 /home/users/kkazatzis/Galois-2.2.1/inputs/meshes/r10k.1
INFO: Hostname broady
Using bin for node
Using bin for ele
Using bin for poly
configuration: 20004 total triangles, 9775 bad triangles
Total Time: 0.21
80426 total triangles
Refinement OK
STATTYPE,LOOP,CATEGORY,n,sum,T0,T1,T2,T3
STAT,(NULL),Conflicts,4,0,0,0,0,0
STAT,(NULL),Iterations,4,9775,2444,2444,2316,2571
STAT,(NULL),MeminfoMid,4,88,22,22,22,22
STAT,(NULL),MeminfoPost,4,88,22,22,22,22
STAT,(NULL),MeminfoPre1,4,8,2,2,2,2
STAT,(NULL),MeminfoPre2,4,88,22,22,22,22
STAT,(NULL),OuterRoundsExecuted,4,4,4,0,0,0
STAT,(NULL),RoundsExecuted,4,4,4,0,0,0
STAT,(NULL),Threads,4,4,4,0,0,0
STAT,(NULL),Time,4,53,53,0,0,0
STAT,(NULL),refine,4,52,52,0,0,0
STAT,allocate,LoopTime,4,4,4,0,0,0
STAT,count_if,LoopTime,4,12,12,0,0,0
STAT,refine,Conflicts,4,29,11,0,0,18
STAT,refine,Iterations,4,52516,12865,12960,13483,13208
STAT,refine,LoopTime,4,51,51,0,0,0
Galois Benchmark Suite v2.2.1 (r0)
Copyright (C) 2014 The University of Texas at Austin
http://iss.ices.utexas.edu/galois/

application: Delaunay Mesh Refinement
Refines a Delaunay triangulation mesh such that no angle in the mesh is less than 30 degrees
http://iss.ices.utexas.edu/?p=projects/galois/benchmarks/delaunay_mesh_refinement

INFO: CommandLine ./delaunayrefinement -t 4 /home/users/kkazatzis/Galois-2.2.1/inputs/meshes/r10k.1
INFO: Hostname broady
Using bin for node
Using bin for ele
Using bin for poly
configuration: 20004 total triangles, 9775 bad triangles
Total Time: 0.21
80490 total triangles
Refinement OK
STATTYPE,LOOP,CATEGORY,n,sum,T0,T1,T2,T3
STAT,(NULL),Conflicts,4,0,0,0,0,0
STAT,(NULL),Iterations,4,9775,2412,2572,2316,2475
STAT,(NULL),MeminfoMid,4,88,22,22,22,22
STAT,(NULL),MeminfoPost,4,88,22,22,22,22
STAT,(NULL),MeminfoPre1,4,8,2,2,2,2
STAT,(NULL),MeminfoPre2,4,88,22,22,22,22
STAT,(NULL),OuterRoundsExecuted,4,4,4,0,0,0
STAT,(NULL),RoundsExecuted,4,4,4,0,0,0
STAT,(NULL),Threads,4,4,4,0,0,0
STAT,(NULL),Time,4,53,53,0,0,0
STAT,(NULL),refine,4,52,52,0,0,0
STAT,allocate,LoopTime,4,4,4,0,0,0
STAT,count_if,LoopTime,4,12,12,0,0,0
STAT,refine,Conflicts,4,29,13,0,0,16
STAT,refine,Iterations,4,52576,12929,12984,13529,13134
STAT,refine,LoopTime,4,51,51,0,0,0
Galois Benchmark Suite v2.2.1 (r0)
Copyright (C) 2014 The University of Texas at Austin
http://iss.ices.utexas.edu/galois/

application: Delaunay Mesh Refinement
Refines a Delaunay triangulation mesh such that no angle in the mesh is less than 30 degrees
http://iss.ices.utexas.edu/?p=projects/galois/benchmarks/delaunay_mesh_refinement

INFO: CommandLine ./delaunayrefinement -t 4 /home/users/kkazatzis/Galois-2.2.1/inputs/meshes/r10k.1
INFO: Hostname broady
Using bin for node
Using bin for ele
Using bin for poly
configuration: 20004 total triangles, 9775 bad triangles
Total Time: 0.21
80490 total triangles
Refinement OK
STATTYPE,LOOP,CATEGORY,n,sum,T0,T1,T2,T3
STAT,(NULL),Conflicts,4,0,0,0,0,0
STAT,(NULL),Iterations,4,9775,2380,2540,2348,2507
STAT,(NULL),MeminfoMid,4,88,22,22,22,22
STAT,(NULL),MeminfoPost,4,88,22,22,22,22
STAT,(NULL),MeminfoPre1,4,8,2,2,2,2
STAT,(NULL),MeminfoPre2,4,88,22,22,22,22
STAT,(NULL),OuterRoundsExecuted,4,4,4,0,0,0
STAT,(NULL),RoundsExecuted,4,4,4,0,0,0
STAT,(NULL),Threads,4,4,4,0,0,0
STAT,(NULL),Time,4,53,53,0,0,0
STAT,(NULL),refine,4,52,52,0,0,0
STAT,allocate,LoopTime,4,4,4,0,0,0
STAT,count_if,LoopTime,4,12,12,0,0,0
STAT,refine,Conflicts,4,27,12,0,0,15
STAT,refine,Iterations,4,52574,12928,12984,13529,13133
STAT,refine,LoopTime,4,51,51,0,0,0
Galois Benchmark Suite v2.2.1 (r0)
Copyright (C) 2014 The University of Texas at Austin
http://iss.ices.utexas.edu/galois/

application: Delaunay Mesh Refinement
Refines a Delaunay triangulation mesh such that no angle in the mesh is less than 30 degrees
http://iss.ices.utexas.edu/?p=projects/galois/benchmarks/delaunay_mesh_refinement

INFO: CommandLine ./delaunayrefinement -t 8 /home/users/kkazatzis/Galois-2.2.1/inputs/meshes/r10k.1
INFO: Hostname broady
Using bin for node
Using bin for ele
Using bin for poly
configuration: 20004 total triangles, 9775 bad triangles
Total Time: 0.22
80640 total triangles
Refinement OK
STATTYPE,LOOP,CATEGORY,n,sum,T0,T1,T2,T3,T4,T5,T6,T7
STAT,(NULL),Conflicts,8,0,0,0,0,0,0,0,0,0
STAT,(NULL),Iterations,8,9775,1254,1190,1190,1254,1190,1222,1222,1253
STAT,(NULL),MeminfoMid,8,176,22,22,22,22,22,22,22,22
STAT,(NULL),MeminfoPost,8,176,22,22,22,22,22,22,22,22
STAT,(NULL),MeminfoPre1,8,16,2,2,2,2,2,2,2,2
STAT,(NULL),MeminfoPre2,8,176,22,22,22,22,22,22,22,22
STAT,(NULL),OuterRoundsExecuted,8,4,4,0,0,0,0,0,0,0
STAT,(NULL),RoundsExecuted,8,4,4,0,0,0,0,0,0,0
STAT,(NULL),Threads,8,8,8,0,0,0,0,0,0,0
STAT,(NULL),Time,8,27,27,0,0,0,0,0,0,0
STAT,(NULL),refine,8,27,27,0,0,0,0,0,0,0
STAT,allocate,LoopTime,8,9,9,0,0,0,0,0,0,0
STAT,count_if,LoopTime,8,12,12,0,0,0,0,0,0,0
STAT,refine,Conflicts,8,174,30,28,22,7,31,12,0,44
STAT,refine,Iterations,8,52788,6317,6691,6790,6418,6727,6760,6341,6744
STAT,refine,LoopTime,8,26,26,0,0,0,0,0,0,0
Galois Benchmark Suite v2.2.1 (r0)
Copyright (C) 2014 The University of Texas at Austin
http://iss.ices.utexas.edu/galois/

application: Delaunay Mesh Refinement
Refines a Delaunay triangulation mesh such that no angle in the mesh is less than 30 degrees
http://iss.ices.utexas.edu/?p=projects/galois/benchmarks/delaunay_mesh_refinement

INFO: CommandLine ./delaunayrefinement -t 8 /home/users/kkazatzis/Galois-2.2.1/inputs/meshes/r10k.1
INFO: Hostname broady
Using bin for node
Using bin for ele
Using bin for poly
configuration: 20004 total triangles, 9775 bad triangles
Total Time: 0.22
80300 total triangles
Refinement OK
STATTYPE,LOOP,CATEGORY,n,sum,T0,T1,T2,T3,T4,T5,T6,T7
STAT,(NULL),Conflicts,8,0,0,0,0,0,0,0,0,0
STAT,(NULL),Iterations,8,9775,1222,1190,1190,1254,1222,1254,1222,1221
STAT,(NULL),MeminfoMid,8,176,22,22,22,22,22,22,22,22
STAT,(NULL),MeminfoPost,8,176,22,22,22,22,22,22,22,22
STAT,(NULL),MeminfoPre1,8,16,2,2,2,2,2,2,2,2
STAT,(NULL),MeminfoPre2,8,176,22,22,22,22,22,22,22,22
STAT,(NULL),OuterRoundsExecuted,8,4,4,0,0,0,0,0,0,0
STAT,(NULL),RoundsExecuted,8,4,4,0,0,0,0,0,0,0
STAT,(NULL),Threads,8,8,8,0,0,0,0,0,0,0
STAT,(NULL),Time,8,27,27,0,0,0,0,0,0,0
STAT,(NULL),refine,8,27,27,0,0,0,0,0,0,0
STAT,allocate,LoopTime,8,9,9,0,0,0,0,0,0,0
STAT,count_if,LoopTime,8,12,12,0,0,0,0,0,0,0
STAT,refine,Conflicts,8,99,3,35,9,5,12,18,15,2
STAT,refine,Iterations,8,52399,6172,6645,6482,6521,6816,6734,6310,6719
STAT,refine,LoopTime,8,26,26,0,0,0,0,0,0,0
Galois Benchmark Suite v2.2.1 (r0)
Copyright (C) 2014 The University of Texas at Austin
http://iss.ices.utexas.edu/galois/

application: Delaunay Mesh Refinement
Refines a Delaunay triangulation mesh such that no angle in the mesh is less than 30 degrees
http://iss.ices.utexas.edu/?p=projects/galois/benchmarks/delaunay_mesh_refinement

INFO: CommandLine ./delaunayrefinement -t 8 /home/users/kkazatzis/Galois-2.2.1/inputs/meshes/r10k.1
INFO: Hostname broady
Using bin for node
Using bin for ele
Using bin for poly
configuration: 20004 total triangles, 9775 bad triangles
Total Time: 0.22
80454 total triangles
Refinement OK
STATTYPE,LOOP,CATEGORY,n,sum,T0,T1,T2,T3,T4,T5,T6,T7
STAT,(NULL),Conflicts,8,0,0,0,0,0,0,0,0,0
STAT,(NULL),Iterations,8,9775,1222,1222,1222,1254,1222,1222,1190,1221
STAT,(NULL),MeminfoMid,8,176,22,22,22,22,22,22,22,22
STAT,(NULL),MeminfoPost,8,176,22,22,22,22,22,22,22,22
STAT,(NULL),MeminfoPre1,8,16,2,2,2,2,2,2,2,2
STAT,(NULL),MeminfoPre2,8,176,22,22,22,22,22,22,22,22
STAT,(NULL),OuterRoundsExecuted,8,4,4,0,0,0,0,0,0,0
STAT,(NULL),RoundsExecuted,8,4,4,0,0,0,0,0,0,0
STAT,(NULL),Threads,8,8,8,0,0,0,0,0,0,0
STAT,(NULL),Time,8,27,27,0,0,0,0,0,0,0
STAT,(NULL),refine,8,27,27,0,0,0,0,0,0,0
STAT,allocate,LoopTime,8,9,9,0,0,0,0,0,0,0
STAT,count_if,LoopTime,8,12,12,0,0,0,0,0,0,0
STAT,refine,Conflicts,8,162,18,38,9,24,11,4,16,42
STAT,refine,Iterations,8,52722,6245,6785,6668,6459,6816,6963,6203,6583
STAT,refine,LoopTime,8,26,26,0,0,0,0,0,0,0
Galois Benchmark Suite v2.2.1 (r0)
Copyright (C) 2014 The University of Texas at Austin
http://iss.ices.utexas.edu/galois/

application: Delaunay Mesh Refinement
Refines a Delaunay triangulation mesh such that no angle in the mesh is less than 30 degrees
http://iss.ices.utexas.edu/?p=projects/galois/benchmarks/delaunay_mesh_refinement

INFO: CommandLine ./delaunayrefinement -t 8 /home/users/kkazatzis/Galois-2.2.1/inputs/meshes/r10k.1
INFO: Hostname broady
Using bin for node
Using bin for ele
Using bin for poly
configuration: 20004 total triangles, 9775 bad triangles
Total Time: 0.22
80464 total triangles
Refinement OK
STATTYPE,LOOP,CATEGORY,n,sum,T0,T1,T2,T3,T4,T5,T6,T7
STAT,(NULL),Conflicts,8,0,0,0,0,0,0,0,0,0
STAT,(NULL),Iterations,8,9775,1190,1222,1254,1222,1190,1286,1190,1221
STAT,(NULL),MeminfoMid,8,176,22,22,22,22,22,22,22,22
STAT,(NULL),MeminfoPost,8,176,22,22,22,22,22,22,22,22
STAT,(NULL),MeminfoPre1,8,16,2,2,2,2,2,2,2,2
STAT,(NULL),MeminfoPre2,8,176,22,22,22,22,22,22,22,22
STAT,(NULL),OuterRoundsExecuted,8,4,4,0,0,0,0,0,0,0
STAT,(NULL),RoundsExecuted,8,4,4,0,0,0,0,0,0,0
STAT,(NULL),Threads,8,8,8,0,0,0,0,0,0,0
STAT,(NULL),Time,8,27,27,0,0,0,0,0,0,0
STAT,(NULL),refine,8,26,26,0,0,0,0,0,0,0
STAT,allocate,LoopTime,8,9,9,0,0,0,0,0,0,0
STAT,count_if,LoopTime,8,12,12,0,0,0,0,0,0,0
STAT,refine,Conflicts,8,64,2,14,2,6,18,5,2,15
STAT,refine,Iterations,8,52507,6252,6502,6570,6425,6764,6900,6306,6788
STAT,refine,LoopTime,8,25,25,0,0,0,0,0,0,0
Galois Benchmark Suite v2.2.1 (r0)
Copyright (C) 2014 The University of Texas at Austin
http://iss.ices.utexas.edu/galois/

application: Delaunay Mesh Refinement
Refines a Delaunay triangulation mesh such that no angle in the mesh is less than 30 degrees
http://iss.ices.utexas.edu/?p=projects/galois/benchmarks/delaunay_mesh_refinement

INFO: CommandLine ./delaunayrefinement -t 8 /home/users/kkazatzis/Galois-2.2.1/inputs/meshes/r10k.1
INFO: Hostname broady
Using bin for node
Using bin for ele
Using bin for poly
configuration: 20004 total triangles, 9775 bad triangles
Total Time: 0.22
80414 total triangles
Refinement OK
STATTYPE,LOOP,CATEGORY,n,sum,T0,T1,T2,T3,T4,T5,T6,T7
STAT,(NULL),Conflicts,8,0,0,0,0,0,0,0,0,0
STAT,(NULL),Iterations,8,9775,1222,1222,1190,1222,1254,1254,1222,1189
STAT,(NULL),MeminfoMid,8,176,22,22,22,22,22,22,22,22
STAT,(NULL),MeminfoPost,8,176,22,22,22,22,22,22,22,22
STAT,(NULL),MeminfoPre1,8,16,2,2,2,2,2,2,2,2
STAT,(NULL),MeminfoPre2,8,176,22,22,22,22,22,22,22,22
STAT,(NULL),OuterRoundsExecuted,8,4,4,0,0,0,0,0,0,0
STAT,(NULL),RoundsExecuted,8,4,4,0,0,0,0,0,0,0
STAT,(NULL),Threads,8,8,8,0,0,0,0,0,0,0
STAT,(NULL),Time,8,27,27,0,0,0,0,0,0,0
STAT,(NULL),refine,8,27,27,0,0,0,0,0,0,0
STAT,allocate,LoopTime,8,9,9,0,0,0,0,0,0,0
STAT,count_if,LoopTime,8,12,12,0,0,0,0,0,0,0
STAT,refine,Conflicts,8,106,0,14,5,9,0,32,9,37
STAT,refine,Iterations,8,52543,6388,6801,6473,6484,6628,6951,6238,6580
STAT,refine,LoopTime,8,26,26,0,0,0,0,0,0,0
Galois Benchmark Suite v2.2.1 (r0)
Copyright (C) 2014 The University of Texas at Austin
http://iss.ices.utexas.edu/galois/

application: Delaunay Mesh Refinement
Refines a Delaunay triangulation mesh such that no angle in the mesh is less than 30 degrees
http://iss.ices.utexas.edu/?p=projects/galois/benchmarks/delaunay_mesh_refinement

INFO: CommandLine ./delaunayrefinement -t 16 /home/users/kkazatzis/Galois-2.2.1/inputs/meshes/r10k.1
INFO: Hostname broady
Using bin for node
Using bin for ele
Using bin for poly
configuration: 20004 total triangles, 9775 bad triangles
Total Time: 0.23
80582 total triangles
Refinement OK
STATTYPE,LOOP,CATEGORY,n,sum,T0,T1,T2,T3,T4,T5,T6,T7,T8,T9,T10,T11,T12,T13,T14,T15
STAT,(NULL),Conflicts,16,0,0,0,0,0,0,0,0,0,0,0,0,0,0,0,0,0
STAT,(NULL),Iterations,16,9775,835,643,611,707,451,707,451,611,803,515,579,547,611,643,515,546
STAT,(NULL),MeminfoMid,16,352,22,22,22,22,22,22,22,22,22,22,22,22,22,22,22,22
STAT,(NULL),MeminfoPost,16,352,22,22,22,22,22,22,22,22,22,22,22,22,22,22,22,22
STAT,(NULL),MeminfoPre1,16,32,2,2,2,2,2,2,2,2,2,2,2,2,2,2,2,2
STAT,(NULL),MeminfoPre2,16,352,22,22,22,22,22,22,22,22,22,22,22,22,22,22,22,22
STAT,(NULL),OuterRoundsExecuted,16,4,4,0,0,0,0,0,0,0,0,0,0,0,0,0,0,0
STAT,(NULL),RoundsExecuted,16,4,4,0,0,0,0,0,0,0,0,0,0,0,0,0,0,0
STAT,(NULL),Threads,16,16,16,0,0,0,0,0,0,0,0,0,0,0,0,0,0,0
STAT,(NULL),Time,16,14,14,0,0,0,0,0,0,0,0,0,0,0,0,0,0,0
STAT,(NULL),refine,16,14,14,0,0,0,0,0,0,0,0,0,0,0,0,0,0,0
STAT,allocate,LoopTime,16,18,18,0,0,0,0,0,0,0,0,0,0,0,0,0,0,0
STAT,count_if,LoopTime,16,11,11,0,0,0,0,0,0,0,0,0,0,0,0,0,0,0
STAT,refine,Conflicts,16,133,12,10,6,17,20,1,4,3,5,2,3,10,10,9,11,10
STAT,refine,Iterations,16,52544,3252,3251,3405,3423,3202,3209,3234,3150,3424,3252,3047,3285,3410,3339,3316,3345
STAT,refine,LoopTime,16,13,13,0,0,0,0,0,0,0,0,0,0,0,0,0,0,0
Galois Benchmark Suite v2.2.1 (r0)
Copyright (C) 2014 The University of Texas at Austin
http://iss.ices.utexas.edu/galois/

application: Delaunay Mesh Refinement
Refines a Delaunay triangulation mesh such that no angle in the mesh is less than 30 degrees
http://iss.ices.utexas.edu/?p=projects/galois/benchmarks/delaunay_mesh_refinement

INFO: CommandLine ./delaunayrefinement -t 16 /home/users/kkazatzis/Galois-2.2.1/inputs/meshes/r10k.1
INFO: Hostname broady
Using bin for node
Using bin for ele
Using bin for poly
configuration: 20004 total triangles, 9775 bad triangles
Total Time: 0.23
80368 total triangles
Refinement OK
STATTYPE,LOOP,CATEGORY,n,sum,T0,T1,T2,T3,T4,T5,T6,T7,T8,T9,T10,T11,T12,T13,T14,T15
STAT,(NULL),Conflicts,16,0,0,0,0,0,0,0,0,0,0,0,0,0,0,0,0,0
STAT,(NULL),Iterations,16,9775,707,547,643,835,579,515,643,515,579,547,643,611,643,515,611,642
STAT,(NULL),MeminfoMid,16,352,22,22,22,22,22,22,22,22,22,22,22,22,22,22,22,22
STAT,(NULL),MeminfoPost,16,352,22,22,22,22,22,22,22,22,22,22,22,22,22,22,22,22
STAT,(NULL),MeminfoPre1,16,32,2,2,2,2,2,2,2,2,2,2,2,2,2,2,2,2
STAT,(NULL),MeminfoPre2,16,352,22,22,22,22,22,22,22,22,22,22,22,22,22,22,22,22
STAT,(NULL),OuterRoundsExecuted,16,4,4,0,0,0,0,0,0,0,0,0,0,0,0,0,0,0
STAT,(NULL),RoundsExecuted,16,4,4,0,0,0,0,0,0,0,0,0,0,0,0,0,0,0
STAT,(NULL),Threads,16,16,16,0,0,0,0,0,0,0,0,0,0,0,0,0,0,0
STAT,(NULL),Time,16,14,14,0,0,0,0,0,0,0,0,0,0,0,0,0,0,0
STAT,(NULL),refine,16,14,14,0,0,0,0,0,0,0,0,0,0,0,0,0,0,0
STAT,allocate,LoopTime,16,18,18,0,0,0,0,0,0,0,0,0,0,0,0,0,0,0
STAT,count_if,LoopTime,16,12,12,0,0,0,0,0,0,0,0,0,0,0,0,0,0,0
STAT,refine,Conflicts,16,198,8,0,3,18,18,2,5,18,3,2,2,20,24,3,32,40
STAT,refine,Iterations,16,52659,3176,2999,3237,3340,3366,3269,3218,3175,3432,3287,3390,3505,3462,3099,3345,3359
STAT,refine,LoopTime,16,13,13,0,0,0,0,0,0,0,0,0,0,0,0,0,0,0
Galois Benchmark Suite v2.2.1 (r0)
Copyright (C) 2014 The University of Texas at Austin
http://iss.ices.utexas.edu/galois/

application: Delaunay Mesh Refinement
Refines a Delaunay triangulation mesh such that no angle in the mesh is less than 30 degrees
http://iss.ices.utexas.edu/?p=projects/galois/benchmarks/delaunay_mesh_refinement

INFO: CommandLine ./delaunayrefinement -t 16 /home/users/kkazatzis/Galois-2.2.1/inputs/meshes/r10k.1
INFO: Hostname broady
Using bin for node
Using bin for ele
Using bin for poly
configuration: 20004 total triangles, 9775 bad triangles
Total Time: 0.23
80774 total triangles
Refinement OK
STATTYPE,LOOP,CATEGORY,n,sum,T0,T1,T2,T3,T4,T5,T6,T7,T8,T9,T10,T11,T12,T13,T14,T15
STAT,(NULL),Conflicts,16,0,0,0,0,0,0,0,0,0,0,0,0,0,0,0,0,0
STAT,(NULL),Iterations,16,9775,547,451,483,515,643,835,643,771,579,579,515,547,611,643,707,706
STAT,(NULL),MeminfoMid,16,352,22,22,22,22,22,22,22,22,22,22,22,22,22,22,22,22
STAT,(NULL),MeminfoPost,16,352,22,22,22,22,22,22,22,22,22,22,22,22,22,22,22,22
STAT,(NULL),MeminfoPre1,16,32,2,2,2,2,2,2,2,2,2,2,2,2,2,2,2,2
STAT,(NULL),MeminfoPre2,16,352,22,22,22,22,22,22,22,22,22,22,22,22,22,22,22,22
STAT,(NULL),OuterRoundsExecuted,16,4,4,0,0,0,0,0,0,0,0,0,0,0,0,0,0,0
STAT,(NULL),RoundsExecuted,16,4,4,0,0,0,0,0,0,0,0,0,0,0,0,0,0,0
STAT,(NULL),Threads,16,16,16,0,0,0,0,0,0,0,0,0,0,0,0,0,0,0
STAT,(NULL),Time,16,14,14,0,0,0,0,0,0,0,0,0,0,0,0,0,0,0
STAT,(NULL),refine,16,14,14,0,0,0,0,0,0,0,0,0,0,0,0,0,0,0
STAT,allocate,LoopTime,16,18,18,0,0,0,0,0,0,0,0,0,0,0,0,0,0,0
STAT,count_if,LoopTime,16,11,11,0,0,0,0,0,0,0,0,0,0,0,0,0,0,0
STAT,refine,Conflicts,16,152,3,17,10,13,18,6,14,2,7,1,0,17,10,7,17,10
STAT,refine,Iterations,16,52673,3156,3137,3229,3467,3373,3180,3235,3207,3324,3295,3096,3375,3513,3193,3495,3398
STAT,refine,LoopTime,16,13,13,0,0,0,0,0,0,0,0,0,0,0,0,0,0,0
Galois Benchmark Suite v2.2.1 (r0)
Copyright (C) 2014 The University of Texas at Austin
http://iss.ices.utexas.edu/galois/

application: Delaunay Mesh Refinement
Refines a Delaunay triangulation mesh such that no angle in the mesh is less than 30 degrees
http://iss.ices.utexas.edu/?p=projects/galois/benchmarks/delaunay_mesh_refinement

INFO: CommandLine ./delaunayrefinement -t 16 /home/users/kkazatzis/Galois-2.2.1/inputs/meshes/r10k.1
INFO: Hostname broady
Using bin for node
Using bin for ele
Using bin for poly
configuration: 20004 total triangles, 9775 bad triangles
Total Time: 0.23
80714 total triangles
Refinement OK
STATTYPE,LOOP,CATEGORY,n,sum,T0,T1,T2,T3,T4,T5,T6,T7,T8,T9,T10,T11,T12,T13,T14,T15
STAT,(NULL),Conflicts,16,0,0,0,0,0,0,0,0,0,0,0,0,0,0,0,0,0
STAT,(NULL),Iterations,16,9775,739,579,707,707,515,643,579,515,643,675,579,739,579,547,451,578
STAT,(NULL),MeminfoMid,16,352,22,22,22,22,22,22,22,22,22,22,22,22,22,22,22,22
STAT,(NULL),MeminfoPost,16,352,22,22,22,22,22,22,22,22,22,22,22,22,22,22,22,22
STAT,(NULL),MeminfoPre1,16,32,2,2,2,2,2,2,2,2,2,2,2,2,2,2,2,2
STAT,(NULL),MeminfoPre2,16,352,22,22,22,22,22,22,22,22,22,22,22,22,22,22,22,22
STAT,(NULL),OuterRoundsExecuted,16,4,4,0,0,0,0,0,0,0,0,0,0,0,0,0,0,0
STAT,(NULL),RoundsExecuted,16,4,4,0,0,0,0,0,0,0,0,0,0,0,0,0,0,0
STAT,(NULL),Threads,16,16,16,0,0,0,0,0,0,0,0,0,0,0,0,0,0,0
STAT,(NULL),Time,16,14,14,0,0,0,0,0,0,0,0,0,0,0,0,0,0,0
STAT,(NULL),refine,16,14,14,0,0,0,0,0,0,0,0,0,0,0,0,0,0,0
STAT,allocate,LoopTime,16,18,18,0,0,0,0,0,0,0,0,0,0,0,0,0,0,0
STAT,count_if,LoopTime,16,11,11,0,0,0,0,0,0,0,0,0,0,0,0,0,0,0
STAT,refine,Conflicts,16,236,25,6,16,23,34,2,12,9,11,4,6,20,8,5,40,15
STAT,refine,Iterations,16,52803,3085,3145,3251,3520,3359,3160,3307,3151,3424,3319,3095,3489,3395,3119,3583,3401
STAT,refine,LoopTime,16,13,13,0,0,0,0,0,0,0,0,0,0,0,0,0,0,0
Galois Benchmark Suite v2.2.1 (r0)
Copyright (C) 2014 The University of Texas at Austin
http://iss.ices.utexas.edu/galois/

application: Delaunay Mesh Refinement
Refines a Delaunay triangulation mesh such that no angle in the mesh is less than 30 degrees
http://iss.ices.utexas.edu/?p=projects/galois/benchmarks/delaunay_mesh_refinement

INFO: CommandLine ./delaunayrefinement -t 16 /home/users/kkazatzis/Galois-2.2.1/inputs/meshes/r10k.1
INFO: Hostname broady
Using bin for node
Using bin for ele
Using bin for poly
configuration: 20004 total triangles, 9775 bad triangles
Total Time: 0.23
80738 total triangles
Refinement OK
STATTYPE,LOOP,CATEGORY,n,sum,T0,T1,T2,T3,T4,T5,T6,T7,T8,T9,T10,T11,T12,T13,T14,T15
STAT,(NULL),Conflicts,16,0,0,0,0,0,0,0,0,0,0,0,0,0,0,0,0,0
STAT,(NULL),Iterations,16,9775,771,643,643,643,643,579,771,547,675,611,611,387,579,515,611,546
STAT,(NULL),MeminfoMid,16,352,22,22,22,22,22,22,22,22,22,22,22,22,22,22,22,22
STAT,(NULL),MeminfoPost,16,352,22,22,22,22,22,22,22,22,22,22,22,22,22,22,22,22
STAT,(NULL),MeminfoPre1,16,32,2,2,2,2,2,2,2,2,2,2,2,2,2,2,2,2
STAT,(NULL),MeminfoPre2,16,352,22,22,22,22,22,22,22,22,22,22,22,22,22,22,22,22
STAT,(NULL),OuterRoundsExecuted,16,4,4,0,0,0,0,0,0,0,0,0,0,0,0,0,0,0
STAT,(NULL),RoundsExecuted,16,4,4,0,0,0,0,0,0,0,0,0,0,0,0,0,0,0
STAT,(NULL),Threads,16,16,16,0,0,0,0,0,0,0,0,0,0,0,0,0,0,0
STAT,(NULL),Time,16,14,14,0,0,0,0,0,0,0,0,0,0,0,0,0,0,0
STAT,(NULL),refine,16,14,14,0,0,0,0,0,0,0,0,0,0,0,0,0,0,0
STAT,allocate,LoopTime,16,18,18,0,0,0,0,0,0,0,0,0,0,0,0,0,0,0
STAT,count_if,LoopTime,16,11,11,0,0,0,0,0,0,0,0,0,0,0,0,0,0,0
STAT,refine,Conflicts,16,195,24,5,15,33,22,11,6,2,4,5,0,21,19,0,20,8
STAT,refine,Iterations,16,52754,3237,3076,3293,3485,3311,3163,3220,3161,3452,3365,3046,3341,3430,3186,3495,3493
STAT,refine,LoopTime,16,13,13,0,0,0,0,0,0,0,0,0,0,0,0,0,0,0
Galois Benchmark Suite v2.2.1 (r0)
Copyright (C) 2014 The University of Texas at Austin
http://iss.ices.utexas.edu/galois/

application: Delaunay Mesh Refinement
Refines a Delaunay triangulation mesh such that no angle in the mesh is less than 30 degrees
http://iss.ices.utexas.edu/?p=projects/galois/benchmarks/delaunay_mesh_refinement

INFO: CommandLine ./delaunayrefinement -t 24 /home/users/kkazatzis/Galois-2.2.1/inputs/meshes/r10k.1
INFO: Hostname broady
Using bin for node
Using bin for ele
Using bin for poly
configuration: 20004 total triangles, 9775 bad triangles
Total Time: 0.27
80270 total triangles
Refinement OK
STATTYPE,LOOP,CATEGORY,n,sum,T0,T1,T2,T3,T4,T5,T6,T7,T8,T9,T10,T11,T12,T13,T14,T15,T16,T17,T18,T19,T20,T21,T22,T23
STAT,(NULL),Conflicts,24,0,0,0,0,0,0,0,0,0,0,0,0,0,0,0,0,0,0,0,0,0,0,0,0,0
STAT,(NULL),Iterations,24,9775,280,280,472,248,472,312,344,183,215,151,151,407,311,407,407,407,215,247,279,279,375,247,1591,1495
STAT,(NULL),MeminfoMid,24,528,22,22,22,22,22,22,22,22,22,22,22,22,22,22,22,22,22,22,22,22,22,22,22,22
STAT,(NULL),MeminfoPost,24,528,22,22,22,22,22,22,22,22,22,22,22,22,22,22,22,22,22,22,22,22,22,22,22,22
STAT,(NULL),MeminfoPre1,24,48,2,2,2,2,2,2,2,2,2,2,2,2,2,2,2,2,2,2,2,2,2,2,2,2
STAT,(NULL),MeminfoPre2,24,528,22,22,22,22,22,22,22,22,22,22,22,22,22,22,22,22,22,22,22,22,22,22,22,22
STAT,(NULL),OuterRoundsExecuted,24,4,4,0,0,0,0,0,0,0,0,0,0,0,0,0,0,0,0,0,0,0,0,0,0,0
STAT,(NULL),RoundsExecuted,24,4,4,0,0,0,0,0,0,0,0,0,0,0,0,0,0,0,0,0,0,0,0,0,0,0
STAT,(NULL),Threads,24,24,24,0,0,0,0,0,0,0,0,0,0,0,0,0,0,0,0,0,0,0,0,0,0,0
STAT,(NULL),Time,24,11,11,0,0,0,0,0,0,0,0,0,0,0,0,0,0,0,0,0,0,0,0,0,0,0
STAT,(NULL),refine,24,11,11,0,0,0,0,0,0,0,0,0,0,0,0,0,0,0,0,0,0,0,0,0,0,0
STAT,allocate,LoopTime,24,27,27,0,0,0,0,0,0,0,0,0,0,0,0,0,0,0,0,0,0,0,0,0,0,0
STAT,count_if,LoopTime,24,15,15,0,0,0,0,0,0,0,0,0,0,0,0,0,0,0,0,0,0,0,0,0,0,0
STAT,refine,Conflicts,24,419,11,16,6,11,26,16,20,46,6,14,18,4,7,16,4,29,23,40,8,9,33,0,13,43
STAT,refine,Iterations,24,52729,2219,2389,2105,2188,2071,2143,2094,2273,1991,2258,2146,2182,2093,2056,2174,2325,2259,2291,2091,2293,2192,2005,2417,2474
STAT,refine,LoopTime,24,9,9,0,0,0,0,0,0,0,0,0,0,0,0,0,0,0,0,0,0,0,0,0,0,0
Galois Benchmark Suite v2.2.1 (r0)
Copyright (C) 2014 The University of Texas at Austin
http://iss.ices.utexas.edu/galois/

application: Delaunay Mesh Refinement
Refines a Delaunay triangulation mesh such that no angle in the mesh is less than 30 degrees
http://iss.ices.utexas.edu/?p=projects/galois/benchmarks/delaunay_mesh_refinement

INFO: CommandLine ./delaunayrefinement -t 24 /home/users/kkazatzis/Galois-2.2.1/inputs/meshes/r10k.1
INFO: Hostname broady
Using bin for node
Using bin for ele
Using bin for poly
configuration: 20004 total triangles, 9775 bad triangles
Total Time: 0.26
80460 total triangles
Refinement OK
STATTYPE,LOOP,CATEGORY,n,sum,T0,T1,T2,T3,T4,T5,T6,T7,T8,T9,T10,T11,T12,T13,T14,T15,T16,T17,T18,T19,T20,T21,T22,T23
STAT,(NULL),Conflicts,24,0,0,0,0,0,0,0,0,0,0,0,0,0,0,0,0,0,0,0,0,0,0,0,0,0
STAT,(NULL),Iterations,24,9775,344,472,312,440,152,248,152,247,439,311,215,215,183,247,407,247,247,471,407,311,343,119,1655,1591
STAT,(NULL),MeminfoMid,24,528,22,22,22,22,22,22,22,22,22,22,22,22,22,22,22,22,22,22,22,22,22,22,22,22
STAT,(NULL),MeminfoPost,24,528,22,22,22,22,22,22,22,22,22,22,22,22,22,22,22,22,22,22,22,22,22,22,22,22
STAT,(NULL),MeminfoPre1,24,48,2,2,2,2,2,2,2,2,2,2,2,2,2,2,2,2,2,2,2,2,2,2,2,2
STAT,(NULL),MeminfoPre2,24,528,22,22,22,22,22,22,22,22,22,22,22,22,22,22,22,22,22,22,22,22,22,22,22,22
STAT,(NULL),OuterRoundsExecuted,24,4,4,0,0,0,0,0,0,0,0,0,0,0,0,0,0,0,0,0,0,0,0,0,0,0
STAT,(NULL),RoundsExecuted,24,4,4,0,0,0,0,0,0,0,0,0,0,0,0,0,0,0,0,0,0,0,0,0,0,0
STAT,(NULL),Threads,24,24,24,0,0,0,0,0,0,0,0,0,0,0,0,0,0,0,0,0,0,0,0,0,0,0
STAT,(NULL),Time,24,11,11,0,0,0,0,0,0,0,0,0,0,0,0,0,0,0,0,0,0,0,0,0,0,0
STAT,(NULL),refine,24,10,10,0,0,0,0,0,0,0,0,0,0,0,0,0,0,0,0,0,0,0,0,0,0,0
STAT,allocate,LoopTime,24,28,28,0,0,0,0,0,0,0,0,0,0,0,0,0,0,0,0,0,0,0,0,0,0,0
STAT,count_if,LoopTime,24,13,13,0,0,0,0,0,0,0,0,0,0,0,0,0,0,0,0,0,0,0,0,0,0,0
STAT,refine,Conflicts,24,528,18,11,8,23,27,34,20,19,50,40,4,3,15,45,12,41,24,11,3,20,24,20,39,17
STAT,refine,Iterations,24,52960,2138,2373,2075,2208,2170,2229,2133,2322,2145,2219,2126,2199,2184,2320,2159,2153,2283,2325,2168,2221,2190,2150,2339,2131
STAT,refine,LoopTime,24,9,9,0,0,0,0,0,0,0,0,0,0,0,0,0,0,0,0,0,0,0,0,0,0,0
Galois Benchmark Suite v2.2.1 (r0)
Copyright (C) 2014 The University of Texas at Austin
http://iss.ices.utexas.edu/galois/

application: Delaunay Mesh Refinement
Refines a Delaunay triangulation mesh such that no angle in the mesh is less than 30 degrees
http://iss.ices.utexas.edu/?p=projects/galois/benchmarks/delaunay_mesh_refinement

INFO: CommandLine ./delaunayrefinement -t 24 /home/users/kkazatzis/Galois-2.2.1/inputs/meshes/r10k.1
INFO: Hostname broady
Using bin for node
Using bin for ele
Using bin for poly
configuration: 20004 total triangles, 9775 bad triangles
Total Time: 0.28
80352 total triangles
Refinement OK
STATTYPE,LOOP,CATEGORY,n,sum,T0,T1,T2,T3,T4,T5,T6,T7,T8,T9,T10,T11,T12,T13,T14,T15,T16,T17,T18,T19,T20,T21,T22,T23
STAT,(NULL),Conflicts,24,0,0,0,0,0,0,0,0,0,0,0,0,0,0,0,0,0,0,0,0,0,0,0,0,0
STAT,(NULL),Iterations,24,9775,312,344,344,184,344,312,184,343,151,375,183,215,311,119,311,311,407,503,439,247,375,439,1495,1527
STAT,(NULL),MeminfoMid,24,528,22,22,22,22,22,22,22,22,22,22,22,22,22,22,22,22,22,22,22,22,22,22,22,22
STAT,(NULL),MeminfoPost,24,528,22,22,22,22,22,22,22,22,22,22,22,22,22,22,22,22,22,22,22,22,22,22,22,22
STAT,(NULL),MeminfoPre1,24,48,2,2,2,2,2,2,2,2,2,2,2,2,2,2,2,2,2,2,2,2,2,2,2,2
STAT,(NULL),MeminfoPre2,24,528,22,22,22,22,22,22,22,22,22,22,22,22,22,22,22,22,22,22,22,22,22,22,22,22
STAT,(NULL),OuterRoundsExecuted,24,4,4,0,0,0,0,0,0,0,0,0,0,0,0,0,0,0,0,0,0,0,0,0,0,0
STAT,(NULL),RoundsExecuted,24,4,4,0,0,0,0,0,0,0,0,0,0,0,0,0,0,0,0,0,0,0,0,0,0,0
STAT,(NULL),Threads,24,24,24,0,0,0,0,0,0,0,0,0,0,0,0,0,0,0,0,0,0,0,0,0,0,0
STAT,(NULL),Time,24,12,12,0,0,0,0,0,0,0,0,0,0,0,0,0,0,0,0,0,0,0,0,0,0,0
STAT,(NULL),refine,24,11,11,0,0,0,0,0,0,0,0,0,0,0,0,0,0,0,0,0,0,0,0,0,0,0
STAT,allocate,LoopTime,24,28,28,0,0,0,0,0,0,0,0,0,0,0,0,0,0,0,0,0,0,0,0,0,0,0
STAT,count_if,LoopTime,24,15,15,0,0,0,0,0,0,0,0,0,0,0,0,0,0,0,0,0,0,0,0,0,0,0
STAT,refine,Conflicts,24,532,13,48,2,5,7,16,22,74,24,49,6,12,8,23,2,48,14,31,21,7,33,2,18,47
STAT,refine,Iterations,24,52945,2213,2251,1974,2175,2005,2190,2214,2274,2406,2190,2124,2159,2068,2147,2083,2162,2407,2299,2153,2165,2273,2019,2438,2556
STAT,refine,LoopTime,24,10,10,0,0,0,0,0,0,0,0,0,0,0,0,0,0,0,0,0,0,0,0,0,0,0
Galois Benchmark Suite v2.2.1 (r0)
Copyright (C) 2014 The University of Texas at Austin
http://iss.ices.utexas.edu/galois/

application: Delaunay Mesh Refinement
Refines a Delaunay triangulation mesh such that no angle in the mesh is less than 30 degrees
http://iss.ices.utexas.edu/?p=projects/galois/benchmarks/delaunay_mesh_refinement

INFO: CommandLine ./delaunayrefinement -t 24 /home/users/kkazatzis/Galois-2.2.1/inputs/meshes/r10k.1
INFO: Hostname broady
Using bin for node
Using bin for ele
Using bin for poly
configuration: 20004 total triangles, 9775 bad triangles
Total Time: 0.26
80474 total triangles
Refinement OK
STATTYPE,LOOP,CATEGORY,n,sum,T0,T1,T2,T3,T4,T5,T6,T7,T8,T9,T10,T11,T12,T13,T14,T15,T16,T17,T18,T19,T20,T21,T22,T23
STAT,(NULL),Conflicts,24,0,0,0,0,0,0,0,0,0,0,0,0,0,0,0,0,0,0,0,0,0,0,0,0,0
STAT,(NULL),Iterations,24,9775,280,376,376,216,472,216,536,375,311,279,279,279,247,407,215,151,151,375,183,471,183,343,1463,1591
STAT,(NULL),MeminfoMid,24,528,22,22,22,22,22,22,22,22,22,22,22,22,22,22,22,22,22,22,22,22,22,22,22,22
STAT,(NULL),MeminfoPost,24,528,22,22,22,22,22,22,22,22,22,22,22,22,22,22,22,22,22,22,22,22,22,22,22,22
STAT,(NULL),MeminfoPre1,24,48,2,2,2,2,2,2,2,2,2,2,2,2,2,2,2,2,2,2,2,2,2,2,2,2
STAT,(NULL),MeminfoPre2,24,528,22,22,22,22,22,22,22,22,22,22,22,22,22,22,22,22,22,22,22,22,22,22,22,22
STAT,(NULL),OuterRoundsExecuted,24,4,4,0,0,0,0,0,0,0,0,0,0,0,0,0,0,0,0,0,0,0,0,0,0,0
STAT,(NULL),RoundsExecuted,24,4,4,0,0,0,0,0,0,0,0,0,0,0,0,0,0,0,0,0,0,0,0,0,0,0
STAT,(NULL),Threads,24,24,24,0,0,0,0,0,0,0,0,0,0,0,0,0,0,0,0,0,0,0,0,0,0,0
STAT,(NULL),Time,24,11,11,0,0,0,0,0,0,0,0,0,0,0,0,0,0,0,0,0,0,0,0,0,0,0
STAT,(NULL),refine,24,10,10,0,0,0,0,0,0,0,0,0,0,0,0,0,0,0,0,0,0,0,0,0,0,0
STAT,allocate,LoopTime,24,28,28,0,0,0,0,0,0,0,0,0,0,0,0,0,0,0,0,0,0,0,0,0,0,0
STAT,count_if,LoopTime,24,14,14,0,0,0,0,0,0,0,0,0,0,0,0,0,0,0,0,0,0,0,0,0,0,0
STAT,refine,Conflicts,24,486,34,41,7,5,8,18,14,58,26,59,5,0,18,67,0,31,5,9,7,2,38,0,3,31
STAT,refine,Iterations,24,53019,2042,2272,2172,2211,2114,2268,2203,2222,2193,2193,2172,2175,2111,2290,2208,2306,2285,2291,2137,2278,2135,2063,2299,2379
STAT,refine,LoopTime,24,9,9,0,0,0,0,0,0,0,0,0,0,0,0,0,0,0,0,0,0,0,0,0,0,0
Galois Benchmark Suite v2.2.1 (r0)
Copyright (C) 2014 The University of Texas at Austin
http://iss.ices.utexas.edu/galois/

application: Delaunay Mesh Refinement
Refines a Delaunay triangulation mesh such that no angle in the mesh is less than 30 degrees
http://iss.ices.utexas.edu/?p=projects/galois/benchmarks/delaunay_mesh_refinement

INFO: CommandLine ./delaunayrefinement -t 24 /home/users/kkazatzis/Galois-2.2.1/inputs/meshes/r10k.1
INFO: Hostname broady
Using bin for node
Using bin for ele
Using bin for poly
configuration: 20004 total triangles, 9775 bad triangles
Total Time: 0.26
80230 total triangles
Refinement OK
STATTYPE,LOOP,CATEGORY,n,sum,T0,T1,T2,T3,T4,T5,T6,T7,T8,T9,T10,T11,T12,T13,T14,T15,T16,T17,T18,T19,T20,T21,T22,T23
STAT,(NULL),Conflicts,24,0,0,0,0,0,0,0,0,0,0,0,0,0,0,0,0,0,0,0,0,0,0,0,0,0
STAT,(NULL),Iterations,24,9775,312,312,408,408,344,216,344,183,279,215,279,247,375,279,407,183,311,279,439,215,407,343,1559,1431
STAT,(NULL),MeminfoMid,24,528,22,22,22,22,22,22,22,22,22,22,22,22,22,22,22,22,22,22,22,22,22,22,22,22
STAT,(NULL),MeminfoPost,24,528,22,22,22,22,22,22,22,22,22,22,22,22,22,22,22,22,22,22,22,22,22,22,22,22
STAT,(NULL),MeminfoPre1,24,48,2,2,2,2,2,2,2,2,2,2,2,2,2,2,2,2,2,2,2,2,2,2,2,2
STAT,(NULL),MeminfoPre2,24,528,22,22,22,22,22,22,22,22,22,22,22,22,22,22,22,22,22,22,22,22,22,22,22,22
STAT,(NULL),OuterRoundsExecuted,24,4,4,0,0,0,0,0,0,0,0,0,0,0,0,0,0,0,0,0,0,0,0,0,0,0
STAT,(NULL),RoundsExecuted,24,4,4,0,0,0,0,0,0,0,0,0,0,0,0,0,0,0,0,0,0,0,0,0,0,0
STAT,(NULL),Threads,24,24,24,0,0,0,0,0,0,0,0,0,0,0,0,0,0,0,0,0,0,0,0,0,0,0
STAT,(NULL),Time,24,11,11,0,0,0,0,0,0,0,0,0,0,0,0,0,0,0,0,0,0,0,0,0,0,0
STAT,(NULL),refine,24,11,11,0,0,0,0,0,0,0,0,0,0,0,0,0,0,0,0,0,0,0,0,0,0,0
STAT,allocate,LoopTime,24,28,28,0,0,0,0,0,0,0,0,0,0,0,0,0,0,0,0,0,0,0,0,0,0,0
STAT,count_if,LoopTime,24,14,14,0,0,0,0,0,0,0,0,0,0,0,0,0,0,0,0,0,0,0,0,0,0,0
STAT,refine,Conflicts,24,617,40,135,20,11,15,36,5,98,12,27,14,15,4,19,0,34,10,22,9,8,16,14,30,23
STAT,refine,Iterations,24,52891,2104,2331,2111,2097,2101,2135,2129,2463,2139,2301,2168,2284,2213,2239,2125,2109,2409,2389,2174,2183,2244,2022,2165,2256
STAT,refine,LoopTime,24,9,9,0,0,0,0,0,0,0,0,0,0,0,0,0,0,0,0,0,0,0,0,0,0,0
Galois Benchmark Suite v2.2.1 (r0)
Copyright (C) 2014 The University of Texas at Austin
http://iss.ices.utexas.edu/galois/

application: Delaunay Mesh Refinement
Refines a Delaunay triangulation mesh such that no angle in the mesh is less than 30 degrees
http://iss.ices.utexas.edu/?p=projects/galois/benchmarks/delaunay_mesh_refinement

INFO: CommandLine ./delaunayrefinement -t 32 /home/users/kkazatzis/Galois-2.2.1/inputs/meshes/r10k.1
INFO: Hostname broady
Using bin for node
Using bin for ele
Using bin for poly
configuration: 20004 total triangles, 9775 bad triangles
Total Time: 0.27
80630 total triangles
Refinement OK
STATTYPE,LOOP,CATEGORY,n,sum,T0,T1,T2,T3,T4,T5,T6,T7,T8,T9,T10,T11,T12,T13,T14,T15,T16,T17,T18,T19,T20,T21,T22,T23,T24,T25,T26,T27,T28,T29,T30,T31
STAT,(NULL),Conflicts,32,0,0,0,0,0,0,0,0,0,0,0,0,0,0,0,0,0,0,0,0,0,0,0,0,0,0,0,0,0,0,0,0,0
STAT,(NULL),Iterations,32,9775,402,274,146,146,146,146,370,178,242,210,242,82,210,210,146,177,113,241,113,241,81,273,497,593,465,529,497,529,561,529,561,625
STAT,(NULL),MeminfoMid,32,704,22,22,22,22,22,22,22,22,22,22,22,22,22,22,22,22,22,22,22,22,22,22,22,22,22,22,22,22,22,22,22,22
STAT,(NULL),MeminfoPost,32,704,22,22,22,22,22,22,22,22,22,22,22,22,22,22,22,22,22,22,22,22,22,22,22,22,22,22,22,22,22,22,22,22
STAT,(NULL),MeminfoPre1,32,64,2,2,2,2,2,2,2,2,2,2,2,2,2,2,2,2,2,2,2,2,2,2,2,2,2,2,2,2,2,2,2,2
STAT,(NULL),MeminfoPre2,32,704,22,22,22,22,22,22,22,22,22,22,22,22,22,22,22,22,22,22,22,22,22,22,22,22,22,22,22,22,22,22,22,22
STAT,(NULL),OuterRoundsExecuted,32,4,4,0,0,0,0,0,0,0,0,0,0,0,0,0,0,0,0,0,0,0,0,0,0,0,0,0,0,0,0,0,0,0
STAT,(NULL),RoundsExecuted,32,4,4,0,0,0,0,0,0,0,0,0,0,0,0,0,0,0,0,0,0,0,0,0,0,0,0,0,0,0,0,0,0,0
STAT,(NULL),Threads,32,32,32,0,0,0,0,0,0,0,0,0,0,0,0,0,0,0,0,0,0,0,0,0,0,0,0,0,0,0,0,0,0,0
STAT,(NULL),Time,32,8,8,0,0,0,0,0,0,0,0,0,0,0,0,0,0,0,0,0,0,0,0,0,0,0,0,0,0,0,0,0,0,0
STAT,(NULL),refine,32,8,8,0,0,0,0,0,0,0,0,0,0,0,0,0,0,0,0,0,0,0,0,0,0,0,0,0,0,0,0,0,0,0
STAT,allocate,LoopTime,32,37,37,0,0,0,0,0,0,0,0,0,0,0,0,0,0,0,0,0,0,0,0,0,0,0,0,0,0,0,0,0,0,0
STAT,count_if,LoopTime,32,15,15,0,0,0,0,0,0,0,0,0,0,0,0,0,0,0,0,0,0,0,0,0,0,0,0,0,0,0,0,0,0,0
STAT,refine,Conflicts,32,388,13,25,5,4,6,36,16,33,7,4,7,1,8,3,0,7,9,9,2,0,5,1,24,20,7,12,7,13,14,49,2,39
STAT,refine,Iterations,32,52956,1546,1714,1613,1595,1668,1657,1715,1756,1691,1880,1662,1589,1598,1643,1559,1541,1643,1620,1728,1673,1712,1619,1762,1805,1536,1691,1495,1516,1603,1636,1681,1809
STAT,refine,LoopTime,32,7,7,0,0,0,0,0,0,0,0,0,0,0,0,0,0,0,0,0,0,0,0,0,0,0,0,0,0,0,0,0,0,0
Galois Benchmark Suite v2.2.1 (r0)
Copyright (C) 2014 The University of Texas at Austin
http://iss.ices.utexas.edu/galois/

application: Delaunay Mesh Refinement
Refines a Delaunay triangulation mesh such that no angle in the mesh is less than 30 degrees
http://iss.ices.utexas.edu/?p=projects/galois/benchmarks/delaunay_mesh_refinement

INFO: CommandLine ./delaunayrefinement -t 32 /home/users/kkazatzis/Galois-2.2.1/inputs/meshes/r10k.1
INFO: Hostname broady
Using bin for node
Using bin for ele
Using bin for poly
configuration: 20004 total triangles, 9775 bad triangles
Total Time: 0.27
80526 total triangles
Refinement OK
STATTYPE,LOOP,CATEGORY,n,sum,T0,T1,T2,T3,T4,T5,T6,T7,T8,T9,T10,T11,T12,T13,T14,T15,T16,T17,T18,T19,T20,T21,T22,T23,T24,T25,T26,T27,T28,T29,T30,T31
STAT,(NULL),Conflicts,32,0,0,0,0,0,0,0,0,0,0,0,0,0,0,0,0,0,0,0,0,0,0,0,0,0,0,0,0,0,0,0,0,0
STAT,(NULL),Iterations,32,9775,274,178,178,82,178,210,210,146,114,178,146,306,242,242,210,113,145,145,145,241,209,241,625,561,625,497,561,497,561,529,561,625
STAT,(NULL),MeminfoMid,32,704,22,22,22,22,22,22,22,22,22,22,22,22,22,22,22,22,22,22,22,22,22,22,22,22,22,22,22,22,22,22,22,22
STAT,(NULL),MeminfoPost,32,704,22,22,22,22,22,22,22,22,22,22,22,22,22,22,22,22,22,22,22,22,22,22,22,22,22,22,22,22,22,22,22,22
STAT,(NULL),MeminfoPre1,32,64,2,2,2,2,2,2,2,2,2,2,2,2,2,2,2,2,2,2,2,2,2,2,2,2,2,2,2,2,2,2,2,2
STAT,(NULL),MeminfoPre2,32,704,22,22,22,22,22,22,22,22,22,22,22,22,22,22,22,22,22,22,22,22,22,22,22,22,22,22,22,22,22,22,22,22
STAT,(NULL),OuterRoundsExecuted,32,4,4,0,0,0,0,0,0,0,0,0,0,0,0,0,0,0,0,0,0,0,0,0,0,0,0,0,0,0,0,0,0,0
STAT,(NULL),RoundsExecuted,32,4,4,0,0,0,0,0,0,0,0,0,0,0,0,0,0,0,0,0,0,0,0,0,0,0,0,0,0,0,0,0,0,0
STAT,(NULL),Threads,32,32,32,0,0,0,0,0,0,0,0,0,0,0,0,0,0,0,0,0,0,0,0,0,0,0,0,0,0,0,0,0,0,0
STAT,(NULL),Time,32,8,8,0,0,0,0,0,0,0,0,0,0,0,0,0,0,0,0,0,0,0,0,0,0,0,0,0,0,0,0,0,0,0
STAT,(NULL),refine,32,8,8,0,0,0,0,0,0,0,0,0,0,0,0,0,0,0,0,0,0,0,0,0,0,0,0,0,0,0,0,0,0,0
STAT,allocate,LoopTime,32,38,38,0,0,0,0,0,0,0,0,0,0,0,0,0,0,0,0,0,0,0,0,0,0,0,0,0,0,0,0,0,0,0
STAT,count_if,LoopTime,32,15,15,0,0,0,0,0,0,0,0,0,0,0,0,0,0,0,0,0,0,0,0,0,0,0,0,0,0,0,0,0,0,0
STAT,refine,Conflicts,32,382,38,24,0,1,5,18,13,21,16,32,7,4,0,0,0,8,6,7,10,6,0,12,11,55,14,17,7,4,6,13,4,23
STAT,refine,Iterations,32,52955,1669,1571,1595,1533,1778,1551,1723,1762,1624,1629,1737,1530,1670,1681,1560,1546,1644,1616,1710,1625,1596,1551,1696,1757,1720,1732,1537,1668,1632,1940,1574,1798
STAT,refine,LoopTime,32,7,7,0,0,0,0,0,0,0,0,0,0,0,0,0,0,0,0,0,0,0,0,0,0,0,0,0,0,0,0,0,0,0
Galois Benchmark Suite v2.2.1 (r0)
Copyright (C) 2014 The University of Texas at Austin
http://iss.ices.utexas.edu/galois/

application: Delaunay Mesh Refinement
Refines a Delaunay triangulation mesh such that no angle in the mesh is less than 30 degrees
http://iss.ices.utexas.edu/?p=projects/galois/benchmarks/delaunay_mesh_refinement

INFO: CommandLine ./delaunayrefinement -t 32 /home/users/kkazatzis/Galois-2.2.1/inputs/meshes/r10k.1
INFO: Hostname broady
Using bin for node
Using bin for ele
Using bin for poly
configuration: 20004 total triangles, 9775 bad triangles
Total Time: 0.27
80608 total triangles
Refinement OK
STATTYPE,LOOP,CATEGORY,n,sum,T0,T1,T2,T3,T4,T5,T6,T7,T8,T9,T10,T11,T12,T13,T14,T15,T16,T17,T18,T19,T20,T21,T22,T23,T24,T25,T26,T27,T28,T29,T30,T31
STAT,(NULL),Conflicts,32,0,0,0,0,0,0,0,0,0,0,0,0,0,0,0,0,0,0,0,0,0,0,0,0,0,0,0,0,0,0,0,0,0
STAT,(NULL),Iterations,32,9775,210,178,114,146,146,146,178,178,242,82,82,146,178,146,210,177,113,209,209,209,113,113,593,753,657,497,689,657,657,561,657,529
STAT,(NULL),MeminfoMid,32,704,22,22,22,22,22,22,22,22,22,22,22,22,22,22,22,22,22,22,22,22,22,22,22,22,22,22,22,22,22,22,22,22
STAT,(NULL),MeminfoPost,32,704,22,22,22,22,22,22,22,22,22,22,22,22,22,22,22,22,22,22,22,22,22,22,22,22,22,22,22,22,22,22,22,22
STAT,(NULL),MeminfoPre1,32,64,2,2,2,2,2,2,2,2,2,2,2,2,2,2,2,2,2,2,2,2,2,2,2,2,2,2,2,2,2,2,2,2
STAT,(NULL),MeminfoPre2,32,704,22,22,22,22,22,22,22,22,22,22,22,22,22,22,22,22,22,22,22,22,22,22,22,22,22,22,22,22,22,22,22,22
STAT,(NULL),OuterRoundsExecuted,32,4,4,0,0,0,0,0,0,0,0,0,0,0,0,0,0,0,0,0,0,0,0,0,0,0,0,0,0,0,0,0,0,0
STAT,(NULL),RoundsExecuted,32,4,4,0,0,0,0,0,0,0,0,0,0,0,0,0,0,0,0,0,0,0,0,0,0,0,0,0,0,0,0,0,0,0
STAT,(NULL),Threads,32,32,32,0,0,0,0,0,0,0,0,0,0,0,0,0,0,0,0,0,0,0,0,0,0,0,0,0,0,0,0,0,0,0
STAT,(NULL),Time,32,8,8,0,0,0,0,0,0,0,0,0,0,0,0,0,0,0,0,0,0,0,0,0,0,0,0,0,0,0,0,0,0,0
STAT,(NULL),refine,32,8,8,0,0,0,0,0,0,0,0,0,0,0,0,0,0,0,0,0,0,0,0,0,0,0,0,0,0,0,0,0,0,0
STAT,allocate,LoopTime,32,38,38,0,0,0,0,0,0,0,0,0,0,0,0,0,0,0,0,0,0,0,0,0,0,0,0,0,0,0,0,0,0,0
STAT,count_if,LoopTime,32,15,15,0,0,0,0,0,0,0,0,0,0,0,0,0,0,0,0,0,0,0,0,0,0,0,0,0,0,0,0,0,0,0
STAT,refine,Conflicts,32,443,5,22,2,1,6,12,3,28,0,54,10,27,23,0,0,13,8,13,6,0,8,0,4,62,20,18,3,4,0,52,2,37
STAT,refine,Iterations,32,53081,1659,1730,1612,1492,1706,1573,1799,1768,1595,1784,1665,1598,1707,1698,1564,1594,1649,1626,1635,1596,1575,1565,1656,1959,1610,1689,1567,1573,1590,1750,1639,1858
STAT,refine,LoopTime,32,7,7,0,0,0,0,0,0,0,0,0,0,0,0,0,0,0,0,0,0,0,0,0,0,0,0,0,0,0,0,0,0,0
Galois Benchmark Suite v2.2.1 (r0)
Copyright (C) 2014 The University of Texas at Austin
http://iss.ices.utexas.edu/galois/

application: Delaunay Mesh Refinement
Refines a Delaunay triangulation mesh such that no angle in the mesh is less than 30 degrees
http://iss.ices.utexas.edu/?p=projects/galois/benchmarks/delaunay_mesh_refinement

INFO: CommandLine ./delaunayrefinement -t 32 /home/users/kkazatzis/Galois-2.2.1/inputs/meshes/r10k.1
INFO: Hostname broady
Using bin for node
Using bin for ele
Using bin for poly
configuration: 20004 total triangles, 9775 bad triangles
Total Time: 0.28
80524 total triangles
Refinement OK
STATTYPE,LOOP,CATEGORY,n,sum,T0,T1,T2,T3,T4,T5,T6,T7,T8,T9,T10,T11,T12,T13,T14,T15,T16,T17,T18,T19,T20,T21,T22,T23,T24,T25,T26,T27,T28,T29,T30,T31
STAT,(NULL),Conflicts,32,0,0,0,0,0,0,0,0,0,0,0,0,0,0,0,0,0,0,0,0,0,0,0,0,0,0,0,0,0,0,0,0,0
STAT,(NULL),Iterations,32,9775,338,114,178,210,82,178,82,114,82,178,146,146,242,178,146,145,145,145,209,241,113,177,593,657,561,561,657,561,657,593,657,689
STAT,(NULL),MeminfoMid,32,704,22,22,22,22,22,22,22,22,22,22,22,22,22,22,22,22,22,22,22,22,22,22,22,22,22,22,22,22,22,22,22,22
STAT,(NULL),MeminfoPost,32,704,22,22,22,22,22,22,22,22,22,22,22,22,22,22,22,22,22,22,22,22,22,22,22,22,22,22,22,22,22,22,22,22
STAT,(NULL),MeminfoPre1,32,64,2,2,2,2,2,2,2,2,2,2,2,2,2,2,2,2,2,2,2,2,2,2,2,2,2,2,2,2,2,2,2,2
STAT,(NULL),MeminfoPre2,32,704,22,22,22,22,22,22,22,22,22,22,22,22,22,22,22,22,22,22,22,22,22,22,22,22,22,22,22,22,22,22,22,22
STAT,(NULL),OuterRoundsExecuted,32,4,4,0,0,0,0,0,0,0,0,0,0,0,0,0,0,0,0,0,0,0,0,0,0,0,0,0,0,0,0,0,0,0
STAT,(NULL),RoundsExecuted,32,4,4,0,0,0,0,0,0,0,0,0,0,0,0,0,0,0,0,0,0,0,0,0,0,0,0,0,0,0,0,0,0,0
STAT,(NULL),Threads,32,32,32,0,0,0,0,0,0,0,0,0,0,0,0,0,0,0,0,0,0,0,0,0,0,0,0,0,0,0,0,0,0,0
STAT,(NULL),Time,32,8,8,0,0,0,0,0,0,0,0,0,0,0,0,0,0,0,0,0,0,0,0,0,0,0,0,0,0,0,0,0,0,0
STAT,(NULL),refine,32,8,8,0,0,0,0,0,0,0,0,0,0,0,0,0,0,0,0,0,0,0,0,0,0,0,0,0,0,0,0,0,0,0
STAT,allocate,LoopTime,32,37,37,0,0,0,0,0,0,0,0,0,0,0,0,0,0,0,0,0,0,0,0,0,0,0,0,0,0,0,0,0,0,0
STAT,count_if,LoopTime,32,15,15,0,0,0,0,0,0,0,0,0,0,0,0,0,0,0,0,0,0,0,0,0,0,0,0,0,0,0,0,0,0,0
STAT,refine,Conflicts,32,401,20,8,1,12,10,24,4,74,0,53,0,4,11,0,0,15,3,4,10,0,1,4,16,24,13,21,0,2,6,27,6,28
STAT,refine,Iterations,32,52984,1669,1611,1581,1700,1744,1747,1760,1696,1723,1709,1706,1577,1798,1662,1559,1547,1638,1599,1596,1664,1603,1602,1736,1740,1602,1716,1504,1448,1552,1760,1633,1802
STAT,refine,LoopTime,32,7,7,0,0,0,0,0,0,0,0,0,0,0,0,0,0,0,0,0,0,0,0,0,0,0,0,0,0,0,0,0,0,0
Galois Benchmark Suite v2.2.1 (r0)
Copyright (C) 2014 The University of Texas at Austin
http://iss.ices.utexas.edu/galois/

application: Delaunay Mesh Refinement
Refines a Delaunay triangulation mesh such that no angle in the mesh is less than 30 degrees
http://iss.ices.utexas.edu/?p=projects/galois/benchmarks/delaunay_mesh_refinement

INFO: CommandLine ./delaunayrefinement -t 32 /home/users/kkazatzis/Galois-2.2.1/inputs/meshes/r10k.1
INFO: Hostname broady
Using bin for node
Using bin for ele
Using bin for poly
configuration: 20004 total triangles, 9775 bad triangles
Total Time: 0.28
80614 total triangles
Refinement OK
STATTYPE,LOOP,CATEGORY,n,sum,T0,T1,T2,T3,T4,T5,T6,T7,T8,T9,T10,T11,T12,T13,T14,T15,T16,T17,T18,T19,T20,T21,T22,T23,T24,T25,T26,T27,T28,T29,T30,T31
STAT,(NULL),Conflicts,32,0,0,0,0,0,0,0,0,0,0,0,0,0,0,0,0,0,0,0,0,0,0,0,0,0,0,0,0,0,0,0,0,0
STAT,(NULL),Iterations,32,9775,306,178,178,146,114,114,114,114,178,210,114,178,178,114,146,145,241,241,145,145,113,81,689,657,657,529,593,529,657,625,625,721
STAT,(NULL),MeminfoMid,32,704,22,22,22,22,22,22,22,22,22,22,22,22,22,22,22,22,22,22,22,22,22,22,22,22,22,22,22,22,22,22,22,22
STAT,(NULL),MeminfoPost,32,704,22,22,22,22,22,22,22,22,22,22,22,22,22,22,22,22,22,22,22,22,22,22,22,22,22,22,22,22,22,22,22,22
STAT,(NULL),MeminfoPre1,32,64,2,2,2,2,2,2,2,2,2,2,2,2,2,2,2,2,2,2,2,2,2,2,2,2,2,2,2,2,2,2,2,2
STAT,(NULL),MeminfoPre2,32,704,22,22,22,22,22,22,22,22,22,22,22,22,22,22,22,22,22,22,22,22,22,22,22,22,22,22,22,22,22,22,22,22
STAT,(NULL),OuterRoundsExecuted,32,4,4,0,0,0,0,0,0,0,0,0,0,0,0,0,0,0,0,0,0,0,0,0,0,0,0,0,0,0,0,0,0,0
STAT,(NULL),RoundsExecuted,32,4,4,0,0,0,0,0,0,0,0,0,0,0,0,0,0,0,0,0,0,0,0,0,0,0,0,0,0,0,0,0,0,0
STAT,(NULL),Threads,32,32,32,0,0,0,0,0,0,0,0,0,0,0,0,0,0,0,0,0,0,0,0,0,0,0,0,0,0,0,0,0,0,0
STAT,(NULL),Time,32,8,8,0,0,0,0,0,0,0,0,0,0,0,0,0,0,0,0,0,0,0,0,0,0,0,0,0,0,0,0,0,0,0
STAT,(NULL),refine,32,8,8,0,0,0,0,0,0,0,0,0,0,0,0,0,0,0,0,0,0,0,0,0,0,0,0,0,0,0,0,0,0,0
STAT,allocate,LoopTime,32,38,38,0,0,0,0,0,0,0,0,0,0,0,0,0,0,0,0,0,0,0,0,0,0,0,0,0,0,0,0,0,0,0
STAT,count_if,LoopTime,32,16,16,0,0,0,0,0,0,0,0,0,0,0,0,0,0,0,0,0,0,0,0,0,0,0,0,0,0,0,0,0,0,0
STAT,refine,Conflicts,32,389,16,17,5,1,0,16,6,75,2,42,6,14,19,0,0,10,6,5,2,0,2,0,14,23,11,8,0,4,4,55,4,22
STAT,refine,Iterations,32,53000,1548,1659,1535,1595,1668,1681,1786,1790,1655,1756,1673,1582,1686,1697,1559,1615,1639,1611,1635,1698,1641,1650,1677,1768,1571,1647,1591,1522,1600,1818,1616,1831
STAT,refine,LoopTime,32,7,7,0,0,0,0,0,0,0,0,0,0,0,0,0,0,0,0,0,0,0,0,0,0,0,0,0,0,0,0,0,0,0
Galois Benchmark Suite v2.2.1 (r0)
Copyright (C) 2014 The University of Texas at Austin
http://iss.ices.utexas.edu/galois/

application: Delaunay Mesh Refinement
Refines a Delaunay triangulation mesh such that no angle in the mesh is less than 30 degrees
http://iss.ices.utexas.edu/?p=projects/galois/benchmarks/delaunay_mesh_refinement

INFO: CommandLine ./delaunayrefinement -t 40 /home/users/kkazatzis/Galois-2.2.1/inputs/meshes/r10k.1
INFO: Hostname broady
Using bin for node
Using bin for ele
Using bin for poly
configuration: 20004 total triangles, 9775 bad triangles
Total Time: 0.29
80062 total triangles
Refinement OK
STATTYPE,LOOP,CATEGORY,n,sum,T0,T1,T2,T3,T4,T5,T6,T7,T8,T9,T10,T11,T12,T13,T14,T15,T16,T17,T18,T19,T20,T21,T22,T23,T24,T25,T26,T27,T28,T29,T30,T31,T32,T33,T34,T35,T36,T37,T38,T39
STAT,(NULL),Conflicts,40,0,0,0,0,0,0,0,0,0,0,0,0,0,0,0,0,0,0,0,0,0,0,0,0,0,0,0,0,0,0,0,0,0,0,0,0,0,0,0,0,0
STAT,(NULL),Iterations,40,9775,149,277,149,213,149,181,149,341,149,213,181,213,277,181,245,308,212,148,212,276,276,212,148,340,276,180,276,244,340,276,212,372,276,276,372,276,308,244,372,276
STAT,(NULL),MeminfoMid,40,880,22,22,22,22,22,22,22,22,22,22,22,22,22,22,22,22,22,22,22,22,22,22,22,22,22,22,22,22,22,22,22,22,22,22,22,22,22,22,22,22
STAT,(NULL),MeminfoPost,40,880,22,22,22,22,22,22,22,22,22,22,22,22,22,22,22,22,22,22,22,22,22,22,22,22,22,22,22,22,22,22,22,22,22,22,22,22,22,22,22,22
STAT,(NULL),MeminfoPre1,40,80,2,2,2,2,2,2,2,2,2,2,2,2,2,2,2,2,2,2,2,2,2,2,2,2,2,2,2,2,2,2,2,2,2,2,2,2,2,2,2,2
STAT,(NULL),MeminfoPre2,40,880,22,22,22,22,22,22,22,22,22,22,22,22,22,22,22,22,22,22,22,22,22,22,22,22,22,22,22,22,22,22,22,22,22,22,22,22,22,22,22,22
STAT,(NULL),OuterRoundsExecuted,40,4,4,0,0,0,0,0,0,0,0,0,0,0,0,0,0,0,0,0,0,0,0,0,0,0,0,0,0,0,0,0,0,0,0,0,0,0,0,0,0,0
STAT,(NULL),RoundsExecuted,40,4,4,0,0,0,0,0,0,0,0,0,0,0,0,0,0,0,0,0,0,0,0,0,0,0,0,0,0,0,0,0,0,0,0,0,0,0,0,0,0,0
STAT,(NULL),Threads,40,40,40,0,0,0,0,0,0,0,0,0,0,0,0,0,0,0,0,0,0,0,0,0,0,0,0,0,0,0,0,0,0,0,0,0,0,0,0,0,0,0
STAT,(NULL),Time,40,7,7,0,0,0,0,0,0,0,0,0,0,0,0,0,0,0,0,0,0,0,0,0,0,0,0,0,0,0,0,0,0,0,0,0,0,0,0,0,0,0
STAT,(NULL),refine,40,7,7,0,0,0,0,0,0,0,0,0,0,0,0,0,0,0,0,0,0,0,0,0,0,0,0,0,0,0,0,0,0,0,0,0,0,0,0,0,0,0
STAT,allocate,LoopTime,40,47,47,0,0,0,0,0,0,0,0,0,0,0,0,0,0,0,0,0,0,0,0,0,0,0,0,0,0,0,0,0,0,0,0,0,0,0,0,0,0,0
STAT,count_if,LoopTime,40,17,17,0,0,0,0,0,0,0,0,0,0,0,0,0,0,0,0,0,0,0,0,0,0,0,0,0,0,0,0,0,0,0,0,0,0,0,0,0,0,0
STAT,refine,Conflicts,40,748,20,8,6,14,2,1,24,19,18,42,8,10,6,66,4,41,0,10,0,13,17,6,32,57,16,16,16,8,17,6,7,14,2,2,26,19,7,4,51,113
STAT,refine,Iterations,40,52976,1262,1345,1299,1416,1223,1246,1248,1209,1271,1656,1290,1240,1300,1350,1317,1329,1183,1250,1302,1439,1374,1184,1260,1344,1292,1543,1228,1274,1362,1377,1263,1421,1228,1242,1351,1284,1425,1347,1418,1584
STAT,refine,LoopTime,40,6,6,0,0,0,0,0,0,0,0,0,0,0,0,0,0,0,0,0,0,0,0,0,0,0,0,0,0,0,0,0,0,0,0,0,0,0,0,0,0,0
Galois Benchmark Suite v2.2.1 (r0)
Copyright (C) 2014 The University of Texas at Austin
http://iss.ices.utexas.edu/galois/

application: Delaunay Mesh Refinement
Refines a Delaunay triangulation mesh such that no angle in the mesh is less than 30 degrees
http://iss.ices.utexas.edu/?p=projects/galois/benchmarks/delaunay_mesh_refinement

INFO: CommandLine ./delaunayrefinement -t 40 /home/users/kkazatzis/Galois-2.2.1/inputs/meshes/r10k.1
INFO: Hostname broady
Using bin for node
Using bin for ele
Using bin for poly
configuration: 20004 total triangles, 9775 bad triangles
Total Time: 0.29
80232 total triangles
Refinement OK
STATTYPE,LOOP,CATEGORY,n,sum,T0,T1,T2,T3,T4,T5,T6,T7,T8,T9,T10,T11,T12,T13,T14,T15,T16,T17,T18,T19,T20,T21,T22,T23,T24,T25,T26,T27,T28,T29,T30,T31,T32,T33,T34,T35,T36,T37,T38,T39
STAT,(NULL),Conflicts,40,0,0,0,0,0,0,0,0,0,0,0,0,0,0,0,0,0,0,0,0,0,0,0,0,0,0,0,0,0,0,0,0,0,0,0,0,0,0,0,0,0
STAT,(NULL),Iterations,40,9775,245,213,213,149,245,245,213,213,117,309,181,149,149,149,309,148,244,244,244,180,148,212,340,340,308,276,308,180,372,308,372,308,212,308,372,340,212,212,308,180
STAT,(NULL),MeminfoMid,40,880,22,22,22,22,22,22,22,22,22,22,22,22,22,22,22,22,22,22,22,22,22,22,22,22,22,22,22,22,22,22,22,22,22,22,22,22,22,22,22,22
STAT,(NULL),MeminfoPost,40,880,22,22,22,22,22,22,22,22,22,22,22,22,22,22,22,22,22,22,22,22,22,22,22,22,22,22,22,22,22,22,22,22,22,22,22,22,22,22,22,22
STAT,(NULL),MeminfoPre1,40,80,2,2,2,2,2,2,2,2,2,2,2,2,2,2,2,2,2,2,2,2,2,2,2,2,2,2,2,2,2,2,2,2,2,2,2,2,2,2,2,2
STAT,(NULL),MeminfoPre2,40,880,22,22,22,22,22,22,22,22,22,22,22,22,22,22,22,22,22,22,22,22,22,22,22,22,22,22,22,22,22,22,22,22,22,22,22,22,22,22,22,22
STAT,(NULL),OuterRoundsExecuted,40,4,4,0,0,0,0,0,0,0,0,0,0,0,0,0,0,0,0,0,0,0,0,0,0,0,0,0,0,0,0,0,0,0,0,0,0,0,0,0,0,0
STAT,(NULL),RoundsExecuted,40,4,4,0,0,0,0,0,0,0,0,0,0,0,0,0,0,0,0,0,0,0,0,0,0,0,0,0,0,0,0,0,0,0,0,0,0,0,0,0,0,0
STAT,(NULL),Threads,40,40,40,0,0,0,0,0,0,0,0,0,0,0,0,0,0,0,0,0,0,0,0,0,0,0,0,0,0,0,0,0,0,0,0,0,0,0,0,0,0,0
STAT,(NULL),Time,40,7,7,0,0,0,0,0,0,0,0,0,0,0,0,0,0,0,0,0,0,0,0,0,0,0,0,0,0,0,0,0,0,0,0,0,0,0,0,0,0,0
STAT,(NULL),refine,40,7,7,0,0,0,0,0,0,0,0,0,0,0,0,0,0,0,0,0,0,0,0,0,0,0,0,0,0,0,0,0,0,0,0,0,0,0,0,0,0,0
STAT,allocate,LoopTime,40,47,47,0,0,0,0,0,0,0,0,0,0,0,0,0,0,0,0,0,0,0,0,0,0,0,0,0,0,0,0,0,0,0,0,0,0,0,0,0,0,0
STAT,count_if,LoopTime,40,17,17,0,0,0,0,0,0,0,0,0,0,0,0,0,0,0,0,0,0,0,0,0,0,0,0,0,0,0,0,0,0,0,0,0,0,0,0,0,0,0
STAT,refine,Conflicts,40,569,10,16,11,14,0,10,6,25,18,50,5,13,16,39,1,62,0,5,0,22,13,4,9,21,11,53,13,0,1,0,25,14,4,7,1,9,4,7,8,42
STAT,refine,Iterations,40,52914,1238,1353,1310,1338,1228,1316,1216,1471,1318,1444,1322,1238,1299,1263,1339,1330,1205,1261,1302,1321,1402,1361,1214,1363,1264,1470,1320,1250,1413,1377,1275,1335,1335,1285,1283,1199,1462,1353,1268,1573
STAT,refine,LoopTime,40,6,6,0,0,0,0,0,0,0,0,0,0,0,0,0,0,0,0,0,0,0,0,0,0,0,0,0,0,0,0,0,0,0,0,0,0,0,0,0,0,0
Galois Benchmark Suite v2.2.1 (r0)
Copyright (C) 2014 The University of Texas at Austin
http://iss.ices.utexas.edu/galois/

application: Delaunay Mesh Refinement
Refines a Delaunay triangulation mesh such that no angle in the mesh is less than 30 degrees
http://iss.ices.utexas.edu/?p=projects/galois/benchmarks/delaunay_mesh_refinement

INFO: CommandLine ./delaunayrefinement -t 40 /home/users/kkazatzis/Galois-2.2.1/inputs/meshes/r10k.1
INFO: Hostname broady
Using bin for node
Using bin for ele
Using bin for poly
configuration: 20004 total triangles, 9775 bad triangles
Total Time: 0.29
79936 total triangles
Refinement OK
STATTYPE,LOOP,CATEGORY,n,sum,T0,T1,T2,T3,T4,T5,T6,T7,T8,T9,T10,T11,T12,T13,T14,T15,T16,T17,T18,T19,T20,T21,T22,T23,T24,T25,T26,T27,T28,T29,T30,T31,T32,T33,T34,T35,T36,T37,T38,T39
STAT,(NULL),Conflicts,40,0,0,0,0,0,0,0,0,0,0,0,0,0,0,0,0,0,0,0,0,0,0,0,0,0,0,0,0,0,0,0,0,0,0,0,0,0,0,0,0,0
STAT,(NULL),Iterations,40,9775,181,181,149,245,149,117,117,149,181,213,149,213,149,181,213,148,212,212,148,212,212,276,340,372,340,372,308,308,244,212,404,244,340,468,372,276,340,308,276,244
STAT,(NULL),MeminfoMid,40,880,22,22,22,22,22,22,22,22,22,22,22,22,22,22,22,22,22,22,22,22,22,22,22,22,22,22,22,22,22,22,22,22,22,22,22,22,22,22,22,22
STAT,(NULL),MeminfoPost,40,880,22,22,22,22,22,22,22,22,22,22,22,22,22,22,22,22,22,22,22,22,22,22,22,22,22,22,22,22,22,22,22,22,22,22,22,22,22,22,22,22
STAT,(NULL),MeminfoPre1,40,80,2,2,2,2,2,2,2,2,2,2,2,2,2,2,2,2,2,2,2,2,2,2,2,2,2,2,2,2,2,2,2,2,2,2,2,2,2,2,2,2
STAT,(NULL),MeminfoPre2,40,880,22,22,22,22,22,22,22,22,22,22,22,22,22,22,22,22,22,22,22,22,22,22,22,22,22,22,22,22,22,22,22,22,22,22,22,22,22,22,22,22
STAT,(NULL),OuterRoundsExecuted,40,4,4,0,0,0,0,0,0,0,0,0,0,0,0,0,0,0,0,0,0,0,0,0,0,0,0,0,0,0,0,0,0,0,0,0,0,0,0,0,0,0
STAT,(NULL),RoundsExecuted,40,4,4,0,0,0,0,0,0,0,0,0,0,0,0,0,0,0,0,0,0,0,0,0,0,0,0,0,0,0,0,0,0,0,0,0,0,0,0,0,0,0
STAT,(NULL),Threads,40,40,40,0,0,0,0,0,0,0,0,0,0,0,0,0,0,0,0,0,0,0,0,0,0,0,0,0,0,0,0,0,0,0,0,0,0,0,0,0,0,0
STAT,(NULL),Time,40,7,7,0,0,0,0,0,0,0,0,0,0,0,0,0,0,0,0,0,0,0,0,0,0,0,0,0,0,0,0,0,0,0,0,0,0,0,0,0,0,0
STAT,(NULL),refine,40,7,7,0,0,0,0,0,0,0,0,0,0,0,0,0,0,0,0,0,0,0,0,0,0,0,0,0,0,0,0,0,0,0,0,0,0,0,0,0,0,0
STAT,allocate,LoopTime,40,48,48,0,0,0,0,0,0,0,0,0,0,0,0,0,0,0,0,0,0,0,0,0,0,0,0,0,0,0,0,0,0,0,0,0,0,0,0,0,0,0
STAT,count_if,LoopTime,40,17,17,0,0,0,0,0,0,0,0,0,0,0,0,0,0,0,0,0,0,0,0,0,0,0,0,0,0,0,0,0,0,0,0,0,0,0,0,0,0,0
STAT,refine,Conflicts,40,422,11,6,13,1,0,6,3,30,15,35,11,5,7,35,7,42,2,5,0,10,2,0,0,25,8,12,15,4,9,1,8,19,10,8,0,20,6,4,4,23
STAT,refine,Iterations,40,52530,1232,1232,1278,1286,1218,1262,1200,1457,1372,1450,1289,1161,1272,1227,1304,1331,1199,1252,1302,1332,1339,1326,1293,1338,1363,1454,1315,1276,1220,1507,1314,1316,1412,1365,1363,1196,1392,1323,1261,1501
STAT,refine,LoopTime,40,6,6,0,0,0,0,0,0,0,0,0,0,0,0,0,0,0,0,0,0,0,0,0,0,0,0,0,0,0,0,0,0,0,0,0,0,0,0,0,0,0
Galois Benchmark Suite v2.2.1 (r0)
Copyright (C) 2014 The University of Texas at Austin
http://iss.ices.utexas.edu/galois/

application: Delaunay Mesh Refinement
Refines a Delaunay triangulation mesh such that no angle in the mesh is less than 30 degrees
http://iss.ices.utexas.edu/?p=projects/galois/benchmarks/delaunay_mesh_refinement

INFO: CommandLine ./delaunayrefinement -t 40 /home/users/kkazatzis/Galois-2.2.1/inputs/meshes/r10k.1
INFO: Hostname broady
Using bin for node
Using bin for ele
Using bin for poly
configuration: 20004 total triangles, 9775 bad triangles
Total Time: 0.28
79934 total triangles
Refinement OK
STATTYPE,LOOP,CATEGORY,n,sum,T0,T1,T2,T3,T4,T5,T6,T7,T8,T9,T10,T11,T12,T13,T14,T15,T16,T17,T18,T19,T20,T21,T22,T23,T24,T25,T26,T27,T28,T29,T30,T31,T32,T33,T34,T35,T36,T37,T38,T39
STAT,(NULL),Conflicts,40,0,0,0,0,0,0,0,0,0,0,0,0,0,0,0,0,0,0,0,0,0,0,0,0,0,0,0,0,0,0,0,0,0,0,0,0,0,0,0,0,0
STAT,(NULL),Iterations,40,9775,149,277,213,213,149,277,213,245,181,245,117,245,213,181,213,148,180,308,148,180,180,148,308,340,276,308,340,308,308,340,244,308,308,212,212,244,276,308,308,404
STAT,(NULL),MeminfoMid,40,880,22,22,22,22,22,22,22,22,22,22,22,22,22,22,22,22,22,22,22,22,22,22,22,22,22,22,22,22,22,22,22,22,22,22,22,22,22,22,22,22
STAT,(NULL),MeminfoPost,40,880,22,22,22,22,22,22,22,22,22,22,22,22,22,22,22,22,22,22,22,22,22,22,22,22,22,22,22,22,22,22,22,22,22,22,22,22,22,22,22,22
STAT,(NULL),MeminfoPre1,40,80,2,2,2,2,2,2,2,2,2,2,2,2,2,2,2,2,2,2,2,2,2,2,2,2,2,2,2,2,2,2,2,2,2,2,2,2,2,2,2,2
STAT,(NULL),MeminfoPre2,40,880,22,22,22,22,22,22,22,22,22,22,22,22,22,22,22,22,22,22,22,22,22,22,22,22,22,22,22,22,22,22,22,22,22,22,22,22,22,22,22,22
STAT,(NULL),OuterRoundsExecuted,40,4,4,0,0,0,0,0,0,0,0,0,0,0,0,0,0,0,0,0,0,0,0,0,0,0,0,0,0,0,0,0,0,0,0,0,0,0,0,0,0,0
STAT,(NULL),RoundsExecuted,40,4,4,0,0,0,0,0,0,0,0,0,0,0,0,0,0,0,0,0,0,0,0,0,0,0,0,0,0,0,0,0,0,0,0,0,0,0,0,0,0,0
STAT,(NULL),Threads,40,40,40,0,0,0,0,0,0,0,0,0,0,0,0,0,0,0,0,0,0,0,0,0,0,0,0,0,0,0,0,0,0,0,0,0,0,0,0,0,0,0
STAT,(NULL),Time,40,7,7,0,0,0,0,0,0,0,0,0,0,0,0,0,0,0,0,0,0,0,0,0,0,0,0,0,0,0,0,0,0,0,0,0,0,0,0,0,0,0
STAT,(NULL),refine,40,7,7,0,0,0,0,0,0,0,0,0,0,0,0,0,0,0,0,0,0,0,0,0,0,0,0,0,0,0,0,0,0,0,0,0,0,0,0,0,0,0
STAT,allocate,LoopTime,40,47,47,0,0,0,0,0,0,0,0,0,0,0,0,0,0,0,0,0,0,0,0,0,0,0,0,0,0,0,0,0,0,0,0,0,0,0,0,0,0,0
STAT,count_if,LoopTime,40,17,17,0,0,0,0,0,0,0,0,0,0,0,0,0,0,0,0,0,0,0,0,0,0,0,0,0,0,0,0,0,0,0,0,0,0,0,0,0,0,0
STAT,refine,Conflicts,40,465,8,2,7,12,2,5,8,9,16,22,5,18,10,47,5,58,4,4,6,13,15,8,5,7,1,37,1,0,9,17,6,8,16,4,10,0,14,6,6,34
STAT,refine,Iterations,40,52499,1159,1213,1271,1364,1193,1267,1230,1407,1343,1314,1290,1160,1210,1335,1222,1397,1204,1260,1251,1401,1372,1180,1323,1376,1351,1426,1240,1262,1421,1432,1323,1489,1343,1366,1363,1201,1393,1365,1263,1519
STAT,refine,LoopTime,40,6,6,0,0,0,0,0,0,0,0,0,0,0,0,0,0,0,0,0,0,0,0,0,0,0,0,0,0,0,0,0,0,0,0,0,0,0,0,0,0,0
Galois Benchmark Suite v2.2.1 (r0)
Copyright (C) 2014 The University of Texas at Austin
http://iss.ices.utexas.edu/galois/

application: Delaunay Mesh Refinement
Refines a Delaunay triangulation mesh such that no angle in the mesh is less than 30 degrees
http://iss.ices.utexas.edu/?p=projects/galois/benchmarks/delaunay_mesh_refinement

INFO: CommandLine ./delaunayrefinement -t 40 /home/users/kkazatzis/Galois-2.2.1/inputs/meshes/r10k.1
INFO: Hostname broady
Using bin for node
Using bin for ele
Using bin for poly
configuration: 20004 total triangles, 9775 bad triangles
Total Time: 0.28
80384 total triangles
Refinement OK
STATTYPE,LOOP,CATEGORY,n,sum,T0,T1,T2,T3,T4,T5,T6,T7,T8,T9,T10,T11,T12,T13,T14,T15,T16,T17,T18,T19,T20,T21,T22,T23,T24,T25,T26,T27,T28,T29,T30,T31,T32,T33,T34,T35,T36,T37,T38,T39
STAT,(NULL),Conflicts,40,0,0,0,0,0,0,0,0,0,0,0,0,0,0,0,0,0,0,0,0,0,0,0,0,0,0,0,0,0,0,0,0,0,0,0,0,0,0,0,0,0
STAT,(NULL),Iterations,40,9775,373,117,213,213,213,181,181,213,213,245,213,181,181,277,149,116,148,180,212,244,212,148,340,244,244,244,276,244,308,308,372,340,244,276,340,308,340,276,340,308
STAT,(NULL),MeminfoMid,40,880,22,22,22,22,22,22,22,22,22,22,22,22,22,22,22,22,22,22,22,22,22,22,22,22,22,22,22,22,22,22,22,22,22,22,22,22,22,22,22,22
STAT,(NULL),MeminfoPost,40,880,22,22,22,22,22,22,22,22,22,22,22,22,22,22,22,22,22,22,22,22,22,22,22,22,22,22,22,22,22,22,22,22,22,22,22,22,22,22,22,22
STAT,(NULL),MeminfoPre1,40,80,2,2,2,2,2,2,2,2,2,2,2,2,2,2,2,2,2,2,2,2,2,2,2,2,2,2,2,2,2,2,2,2,2,2,2,2,2,2,2,2
STAT,(NULL),MeminfoPre2,40,880,22,22,22,22,22,22,22,22,22,22,22,22,22,22,22,22,22,22,22,22,22,22,22,22,22,22,22,22,22,22,22,22,22,22,22,22,22,22,22,22
STAT,(NULL),OuterRoundsExecuted,40,4,4,0,0,0,0,0,0,0,0,0,0,0,0,0,0,0,0,0,0,0,0,0,0,0,0,0,0,0,0,0,0,0,0,0,0,0,0,0,0,0
STAT,(NULL),RoundsExecuted,40,4,4,0,0,0,0,0,0,0,0,0,0,0,0,0,0,0,0,0,0,0,0,0,0,0,0,0,0,0,0,0,0,0,0,0,0,0,0,0,0,0
STAT,(NULL),Threads,40,40,40,0,0,0,0,0,0,0,0,0,0,0,0,0,0,0,0,0,0,0,0,0,0,0,0,0,0,0,0,0,0,0,0,0,0,0,0,0,0,0
STAT,(NULL),Time,40,7,7,0,0,0,0,0,0,0,0,0,0,0,0,0,0,0,0,0,0,0,0,0,0,0,0,0,0,0,0,0,0,0,0,0,0,0,0,0,0,0
STAT,(NULL),refine,40,7,7,0,0,0,0,0,0,0,0,0,0,0,0,0,0,0,0,0,0,0,0,0,0,0,0,0,0,0,0,0,0,0,0,0,0,0,0,0,0,0
STAT,allocate,LoopTime,40,47,47,0,0,0,0,0,0,0,0,0,0,0,0,0,0,0,0,0,0,0,0,0,0,0,0,0,0,0,0,0,0,0,0,0,0,0,0,0,0,0
STAT,count_if,LoopTime,40,17,17,0,0,0,0,0,0,0,0,0,0,0,0,0,0,0,0,0,0,0,0,0,0,0,0,0,0,0,0,0,0,0,0,0,0,0,0,0,0,0
STAT,refine,Conflicts,40,480,2,55,5,20,0,2,4,20,2,22,14,7,8,48,3,12,7,8,18,7,4,9,30,15,0,21,15,0,16,0,13,16,5,7,4,0,3,0,8,50
STAT,refine,Iterations,40,52894,1305,1505,1405,1325,1230,1305,1272,1265,1411,1406,1351,1206,1395,1391,1294,1268,1357,1238,1316,1305,1390,1271,1282,1297,1323,1480,1216,1317,1335,1379,1250,1337,1300,1238,1301,1207,1423,1326,1255,1417
STAT,refine,LoopTime,40,6,6,0,0,0,0,0,0,0,0,0,0,0,0,0,0,0,0,0,0,0,0,0,0,0,0,0,0,0,0,0,0,0,0,0,0,0,0,0,0,0
Galois Benchmark Suite v2.2.1 (r0)
Copyright (C) 2014 The University of Texas at Austin
http://iss.ices.utexas.edu/galois/

application: Delaunay Mesh Refinement
Refines a Delaunay triangulation mesh such that no angle in the mesh is less than 30 degrees
http://iss.ices.utexas.edu/?p=projects/galois/benchmarks/delaunay_mesh_refinement

INFO: CommandLine ./delaunayrefinement -t 44 /home/users/kkazatzis/Galois-2.2.1/inputs/meshes/r10k.1
INFO: Hostname broady
Using bin for node
Using bin for ele
Using bin for poly
configuration: 20004 total triangles, 9775 bad triangles
Total Time: 0.32
80078 total triangles
Refinement OK
STATTYPE,LOOP,CATEGORY,n,sum,T0,T1,T2,T3,T4,T5,T6,T7,T8,T9,T10,T11,T12,T13,T14,T15,T16,T17,T18,T19,T20,T21,T22,T23,T24,T25,T26,T27,T28,T29,T30,T31,T32,T33,T34,T35,T36,T37,T38,T39,T40,T41,T42,T43
STAT,(NULL),Conflicts,44,0,0,0,0,0,0,0,0,0,0,0,0,0,0,0,0,0,0,0,0,0,0,0,0,0,0,0,0,0,0,0,0,0,0,0,0,0,0,0,0,0,0,0,0,0
STAT,(NULL),Iterations,44,9775,223,191,191,223,127,191,287,254,286,222,254,158,158,318,222,190,254,254,222,318,254,222,254,126,222,158,158,254,318,190,254,222,286,286,222,254,158,190,222,126,222,158,254,222
STAT,(NULL),MeminfoMid,44,968,22,22,22,22,22,22,22,22,22,22,22,22,22,22,22,22,22,22,22,22,22,22,22,22,22,22,22,22,22,22,22,22,22,22,22,22,22,22,22,22,22,22,22,22
STAT,(NULL),MeminfoPost,44,968,22,22,22,22,22,22,22,22,22,22,22,22,22,22,22,22,22,22,22,22,22,22,22,22,22,22,22,22,22,22,22,22,22,22,22,22,22,22,22,22,22,22,22,22
STAT,(NULL),MeminfoPre1,44,88,2,2,2,2,2,2,2,2,2,2,2,2,2,2,2,2,2,2,2,2,2,2,2,2,2,2,2,2,2,2,2,2,2,2,2,2,2,2,2,2,2,2,2,2
STAT,(NULL),MeminfoPre2,44,968,22,22,22,22,22,22,22,22,22,22,22,22,22,22,22,22,22,22,22,22,22,22,22,22,22,22,22,22,22,22,22,22,22,22,22,22,22,22,22,22,22,22,22,22
STAT,(NULL),OuterRoundsExecuted,44,4,4,0,0,0,0,0,0,0,0,0,0,0,0,0,0,0,0,0,0,0,0,0,0,0,0,0,0,0,0,0,0,0,0,0,0,0,0,0,0,0,0,0,0,0
STAT,(NULL),RoundsExecuted,44,4,4,0,0,0,0,0,0,0,0,0,0,0,0,0,0,0,0,0,0,0,0,0,0,0,0,0,0,0,0,0,0,0,0,0,0,0,0,0,0,0,0,0,0,0
STAT,(NULL),Threads,44,44,44,0,0,0,0,0,0,0,0,0,0,0,0,0,0,0,0,0,0,0,0,0,0,0,0,0,0,0,0,0,0,0,0,0,0,0,0,0,0,0,0,0,0,0
STAT,(NULL),Time,44,7,7,0,0,0,0,0,0,0,0,0,0,0,0,0,0,0,0,0,0,0,0,0,0,0,0,0,0,0,0,0,0,0,0,0,0,0,0,0,0,0,0,0,0,0
STAT,(NULL),refine,44,7,7,0,0,0,0,0,0,0,0,0,0,0,0,0,0,0,0,0,0,0,0,0,0,0,0,0,0,0,0,0,0,0,0,0,0,0,0,0,0,0,0,0,0,0
STAT,allocate,LoopTime,44,52,52,0,0,0,0,0,0,0,0,0,0,0,0,0,0,0,0,0,0,0,0,0,0,0,0,0,0,0,0,0,0,0,0,0,0,0,0,0,0,0,0,0,0,0
STAT,count_if,LoopTime,44,17,17,0,0,0,0,0,0,0,0,0,0,0,0,0,0,0,0,0,0,0,0,0,0,0,0,0,0,0,0,0,0,0,0,0,0,0,0,0,0,0,0,0,0,0
STAT,refine,Conflicts,44,453,3,4,38,0,20,48,7,3,0,0,44,13,12,12,8,8,1,8,0,6,4,1,2,0,0,23,20,2,10,16,6,13,11,3,27,4,2,8,21,2,9,18,8,8
STAT,refine,Iterations,44,52883,1063,1266,1211,1077,1165,1168,1154,1085,1034,1117,1290,1242,1224,1300,1314,1145,1127,1174,1194,1098,1288,1111,1053,1298,1326,1201,1223,1147,1221,1348,1295,1236,1202,1239,1221,1213,1126,1181,1290,1139,1295,1147,1213,1422
STAT,refine,LoopTime,44,6,6,0,0,0,0,0,0,0,0,0,0,0,0,0,0,0,0,0,0,0,0,0,0,0,0,0,0,0,0,0,0,0,0,0,0,0,0,0,0,0,0,0,0,0
Galois Benchmark Suite v2.2.1 (r0)
Copyright (C) 2014 The University of Texas at Austin
http://iss.ices.utexas.edu/galois/

application: Delaunay Mesh Refinement
Refines a Delaunay triangulation mesh such that no angle in the mesh is less than 30 degrees
http://iss.ices.utexas.edu/?p=projects/galois/benchmarks/delaunay_mesh_refinement

INFO: CommandLine ./delaunayrefinement -t 44 /home/users/kkazatzis/Galois-2.2.1/inputs/meshes/r10k.1
INFO: Hostname broady
Using bin for node
Using bin for ele
Using bin for poly
configuration: 20004 total triangles, 9775 bad triangles
Total Time: 0.33
80146 total triangles
Refinement OK
STATTYPE,LOOP,CATEGORY,n,sum,T0,T1,T2,T3,T4,T5,T6,T7,T8,T9,T10,T11,T12,T13,T14,T15,T16,T17,T18,T19,T20,T21,T22,T23,T24,T25,T26,T27,T28,T29,T30,T31,T32,T33,T34,T35,T36,T37,T38,T39,T40,T41,T42,T43
STAT,(NULL),Conflicts,44,0,0,0,0,0,0,0,0,0,0,0,0,0,0,0,0,0,0,0,0,0,0,0,0,0,0,0,0,0,0,0,0,0,0,0,0,0,0,0,0,0,0,0,0,0
STAT,(NULL),Iterations,44,9775,319,191,191,287,223,159,191,222,222,158,254,254,254,254,254,190,254,254,190,222,222,254,158,254,222,222,222,190,286,222,254,158,222,158,190,286,222,222,222,126,126,286,190,318
STAT,(NULL),MeminfoMid,44,968,22,22,22,22,22,22,22,22,22,22,22,22,22,22,22,22,22,22,22,22,22,22,22,22,22,22,22,22,22,22,22,22,22,22,22,22,22,22,22,22,22,22,22,22
STAT,(NULL),MeminfoPost,44,968,22,22,22,22,22,22,22,22,22,22,22,22,22,22,22,22,22,22,22,22,22,22,22,22,22,22,22,22,22,22,22,22,22,22,22,22,22,22,22,22,22,22,22,22
STAT,(NULL),MeminfoPre1,44,88,2,2,2,2,2,2,2,2,2,2,2,2,2,2,2,2,2,2,2,2,2,2,2,2,2,2,2,2,2,2,2,2,2,2,2,2,2,2,2,2,2,2,2,2
STAT,(NULL),MeminfoPre2,44,968,22,22,22,22,22,22,22,22,22,22,22,22,22,22,22,22,22,22,22,22,22,22,22,22,22,22,22,22,22,22,22,22,22,22,22,22,22,22,22,22,22,22,22,22
STAT,(NULL),OuterRoundsExecuted,44,4,4,0,0,0,0,0,0,0,0,0,0,0,0,0,0,0,0,0,0,0,0,0,0,0,0,0,0,0,0,0,0,0,0,0,0,0,0,0,0,0,0,0,0,0
STAT,(NULL),RoundsExecuted,44,4,4,0,0,0,0,0,0,0,0,0,0,0,0,0,0,0,0,0,0,0,0,0,0,0,0,0,0,0,0,0,0,0,0,0,0,0,0,0,0,0,0,0,0,0
STAT,(NULL),Threads,44,44,44,0,0,0,0,0,0,0,0,0,0,0,0,0,0,0,0,0,0,0,0,0,0,0,0,0,0,0,0,0,0,0,0,0,0,0,0,0,0,0,0,0,0,0
STAT,(NULL),Time,44,7,7,0,0,0,0,0,0,0,0,0,0,0,0,0,0,0,0,0,0,0,0,0,0,0,0,0,0,0,0,0,0,0,0,0,0,0,0,0,0,0,0,0,0,0
STAT,(NULL),refine,44,7,7,0,0,0,0,0,0,0,0,0,0,0,0,0,0,0,0,0,0,0,0,0,0,0,0,0,0,0,0,0,0,0,0,0,0,0,0,0,0,0,0,0,0,0
STAT,allocate,LoopTime,44,53,53,0,0,0,0,0,0,0,0,0,0,0,0,0,0,0,0,0,0,0,0,0,0,0,0,0,0,0,0,0,0,0,0,0,0,0,0,0,0,0,0,0,0,0
STAT,count_if,LoopTime,44,17,17,0,0,0,0,0,0,0,0,0,0,0,0,0,0,0,0,0,0,0,0,0,0,0,0,0,0,0,0,0,0,0,0,0,0,0,0,0,0,0,0,0,0,0
STAT,refine,Conflicts,44,622,4,0,36,2,3,10,21,2,19,6,82,9,14,34,7,11,9,24,12,2,4,10,4,4,11,7,12,9,13,52,10,21,10,0,2,8,4,6,13,0,44,10,31,30
STAT,refine,Iterations,44,53008,1130,1271,1215,1023,1198,1184,1298,1116,1037,1109,1231,1057,1182,1372,1182,1128,1155,1161,1365,1092,1130,1170,1219,1276,1325,1295,1341,1197,1246,1218,1227,1181,1202,1127,1204,1181,1342,1175,1172,1212,1192,1150,1427,1293
STAT,refine,LoopTime,44,6,6,0,0,0,0,0,0,0,0,0,0,0,0,0,0,0,0,0,0,0,0,0,0,0,0,0,0,0,0,0,0,0,0,0,0,0,0,0,0,0,0,0,0,0
Galois Benchmark Suite v2.2.1 (r0)
Copyright (C) 2014 The University of Texas at Austin
http://iss.ices.utexas.edu/galois/

application: Delaunay Mesh Refinement
Refines a Delaunay triangulation mesh such that no angle in the mesh is less than 30 degrees
http://iss.ices.utexas.edu/?p=projects/galois/benchmarks/delaunay_mesh_refinement

INFO: CommandLine ./delaunayrefinement -t 44 /home/users/kkazatzis/Galois-2.2.1/inputs/meshes/r10k.1
INFO: Hostname broady
Using bin for node
Using bin for ele
Using bin for poly
configuration: 20004 total triangles, 9775 bad triangles
Total Time: 0.31
80022 total triangles
Refinement OK
STATTYPE,LOOP,CATEGORY,n,sum,T0,T1,T2,T3,T4,T5,T6,T7,T8,T9,T10,T11,T12,T13,T14,T15,T16,T17,T18,T19,T20,T21,T22,T23,T24,T25,T26,T27,T28,T29,T30,T31,T32,T33,T34,T35,T36,T37,T38,T39,T40,T41,T42,T43
STAT,(NULL),Conflicts,44,0,0,0,0,0,0,0,0,0,0,0,0,0,0,0,0,0,0,0,0,0,0,0,0,0,0,0,0,0,0,0,0,0,0,0,0,0,0,0,0,0,0,0,0,0
STAT,(NULL),Iterations,44,9775,255,255,255,159,287,191,191,190,158,254,190,158,158,158,190,158,190,222,222,254,286,222,190,254,254,222,350,286,190,190,126,318,222,190,190,158,222,286,190,254,254,350,222,254
STAT,(NULL),MeminfoMid,44,968,22,22,22,22,22,22,22,22,22,22,22,22,22,22,22,22,22,22,22,22,22,22,22,22,22,22,22,22,22,22,22,22,22,22,22,22,22,22,22,22,22,22,22,22
STAT,(NULL),MeminfoPost,44,968,22,22,22,22,22,22,22,22,22,22,22,22,22,22,22,22,22,22,22,22,22,22,22,22,22,22,22,22,22,22,22,22,22,22,22,22,22,22,22,22,22,22,22,22
STAT,(NULL),MeminfoPre1,44,88,2,2,2,2,2,2,2,2,2,2,2,2,2,2,2,2,2,2,2,2,2,2,2,2,2,2,2,2,2,2,2,2,2,2,2,2,2,2,2,2,2,2,2,2
STAT,(NULL),MeminfoPre2,44,968,22,22,22,22,22,22,22,22,22,22,22,22,22,22,22,22,22,22,22,22,22,22,22,22,22,22,22,22,22,22,22,22,22,22,22,22,22,22,22,22,22,22,22,22
STAT,(NULL),OuterRoundsExecuted,44,4,4,0,0,0,0,0,0,0,0,0,0,0,0,0,0,0,0,0,0,0,0,0,0,0,0,0,0,0,0,0,0,0,0,0,0,0,0,0,0,0,0,0,0,0
STAT,(NULL),RoundsExecuted,44,4,4,0,0,0,0,0,0,0,0,0,0,0,0,0,0,0,0,0,0,0,0,0,0,0,0,0,0,0,0,0,0,0,0,0,0,0,0,0,0,0,0,0,0,0
STAT,(NULL),Threads,44,44,44,0,0,0,0,0,0,0,0,0,0,0,0,0,0,0,0,0,0,0,0,0,0,0,0,0,0,0,0,0,0,0,0,0,0,0,0,0,0,0,0,0,0,0
STAT,(NULL),Time,44,7,7,0,0,0,0,0,0,0,0,0,0,0,0,0,0,0,0,0,0,0,0,0,0,0,0,0,0,0,0,0,0,0,0,0,0,0,0,0,0,0,0,0,0,0
STAT,(NULL),refine,44,7,7,0,0,0,0,0,0,0,0,0,0,0,0,0,0,0,0,0,0,0,0,0,0,0,0,0,0,0,0,0,0,0,0,0,0,0,0,0,0,0,0,0,0,0
STAT,allocate,LoopTime,44,51,51,0,0,0,0,0,0,0,0,0,0,0,0,0,0,0,0,0,0,0,0,0,0,0,0,0,0,0,0,0,0,0,0,0,0,0,0,0,0,0,0,0,0,0
STAT,count_if,LoopTime,44,17,17,0,0,0,0,0,0,0,0,0,0,0,0,0,0,0,0,0,0,0,0,0,0,0,0,0,0,0,0,0,0,0,0,0,0,0,0,0,0,0,0,0,0,0
STAT,refine,Conflicts,44,505,2,4,13,0,5,66,11,8,1,6,46,20,3,46,19,2,6,12,0,5,6,0,1,0,10,34,23,0,22,22,1,20,7,8,0,0,5,7,11,0,8,13,16,16
STAT,refine,Iterations,44,52821,1160,1288,1137,1014,1151,1312,1198,1259,1048,1193,1212,1260,1270,1382,1364,1103,1205,1242,1187,1096,1113,1193,1110,1262,1290,1235,1193,1142,1304,1361,1071,1155,1255,1170,1170,1256,1157,1147,1199,1121,1148,1268,1195,1225
STAT,refine,LoopTime,44,5,5,0,0,0,0,0,0,0,0,0,0,0,0,0,0,0,0,0,0,0,0,0,0,0,0,0,0,0,0,0,0,0,0,0,0,0,0,0,0,0,0,0,0,0
Galois Benchmark Suite v2.2.1 (r0)
Copyright (C) 2014 The University of Texas at Austin
http://iss.ices.utexas.edu/galois/

application: Delaunay Mesh Refinement
Refines a Delaunay triangulation mesh such that no angle in the mesh is less than 30 degrees
http://iss.ices.utexas.edu/?p=projects/galois/benchmarks/delaunay_mesh_refinement

INFO: CommandLine ./delaunayrefinement -t 44 /home/users/kkazatzis/Galois-2.2.1/inputs/meshes/r10k.1
INFO: Hostname broady
Using bin for node
Using bin for ele
Using bin for poly
configuration: 20004 total triangles, 9775 bad triangles
Total Time: 0.32
80092 total triangles
Refinement OK
STATTYPE,LOOP,CATEGORY,n,sum,T0,T1,T2,T3,T4,T5,T6,T7,T8,T9,T10,T11,T12,T13,T14,T15,T16,T17,T18,T19,T20,T21,T22,T23,T24,T25,T26,T27,T28,T29,T30,T31,T32,T33,T34,T35,T36,T37,T38,T39,T40,T41,T42,T43
STAT,(NULL),Conflicts,44,0,0,0,0,0,0,0,0,0,0,0,0,0,0,0,0,0,0,0,0,0,0,0,0,0,0,0,0,0,0,0,0,0,0,0,0,0,0,0,0,0,0,0,0,0
STAT,(NULL),Iterations,44,9775,319,191,223,255,191,191,159,222,254,222,286,190,222,158,254,254,254,190,158,286,286,190,254,190,190,286,222,318,222,318,222,318,158,190,222,158,254,286,190,126,94,254,158,190
STAT,(NULL),MeminfoMid,44,968,22,22,22,22,22,22,22,22,22,22,22,22,22,22,22,22,22,22,22,22,22,22,22,22,22,22,22,22,22,22,22,22,22,22,22,22,22,22,22,22,22,22,22,22
STAT,(NULL),MeminfoPost,44,968,22,22,22,22,22,22,22,22,22,22,22,22,22,22,22,22,22,22,22,22,22,22,22,22,22,22,22,22,22,22,22,22,22,22,22,22,22,22,22,22,22,22,22,22
STAT,(NULL),MeminfoPre1,44,88,2,2,2,2,2,2,2,2,2,2,2,2,2,2,2,2,2,2,2,2,2,2,2,2,2,2,2,2,2,2,2,2,2,2,2,2,2,2,2,2,2,2,2,2
STAT,(NULL),MeminfoPre2,44,968,22,22,22,22,22,22,22,22,22,22,22,22,22,22,22,22,22,22,22,22,22,22,22,22,22,22,22,22,22,22,22,22,22,22,22,22,22,22,22,22,22,22,22,22
STAT,(NULL),OuterRoundsExecuted,44,4,4,0,0,0,0,0,0,0,0,0,0,0,0,0,0,0,0,0,0,0,0,0,0,0,0,0,0,0,0,0,0,0,0,0,0,0,0,0,0,0,0,0,0,0
STAT,(NULL),RoundsExecuted,44,4,4,0,0,0,0,0,0,0,0,0,0,0,0,0,0,0,0,0,0,0,0,0,0,0,0,0,0,0,0,0,0,0,0,0,0,0,0,0,0,0,0,0,0,0
STAT,(NULL),Threads,44,44,44,0,0,0,0,0,0,0,0,0,0,0,0,0,0,0,0,0,0,0,0,0,0,0,0,0,0,0,0,0,0,0,0,0,0,0,0,0,0,0,0,0,0,0
STAT,(NULL),Time,44,7,7,0,0,0,0,0,0,0,0,0,0,0,0,0,0,0,0,0,0,0,0,0,0,0,0,0,0,0,0,0,0,0,0,0,0,0,0,0,0,0,0,0,0,0
STAT,(NULL),refine,44,7,7,0,0,0,0,0,0,0,0,0,0,0,0,0,0,0,0,0,0,0,0,0,0,0,0,0,0,0,0,0,0,0,0,0,0,0,0,0,0,0,0,0,0,0
STAT,allocate,LoopTime,44,52,52,0,0,0,0,0,0,0,0,0,0,0,0,0,0,0,0,0,0,0,0,0,0,0,0,0,0,0,0,0,0,0,0,0,0,0,0,0,0,0,0,0,0,0
STAT,count_if,LoopTime,44,17,17,0,0,0,0,0,0,0,0,0,0,0,0,0,0,0,0,0,0,0,0,0,0,0,0,0,0,0,0,0,0,0,0,0,0,0,0,0,0,0,0,0,0,0
STAT,refine,Conflicts,44,670,7,2,46,1,6,32,23,10,0,13,108,8,47,57,16,0,10,8,1,0,0,2,4,0,4,40,22,12,22,10,0,25,3,7,0,1,5,6,0,4,43,15,8,42
STAT,refine,Iterations,44,53139,1129,1263,1076,1015,1169,1345,1197,1024,1033,1095,1357,1228,1202,1325,1137,1085,1204,1189,1145,1086,1107,1169,1241,1282,1333,1396,1251,1227,1274,1273,1171,1221,1232,1179,1212,1247,1132,1235,1291,1264,1386,1109,1288,1315
STAT,refine,LoopTime,44,6,6,0,0,0,0,0,0,0,0,0,0,0,0,0,0,0,0,0,0,0,0,0,0,0,0,0,0,0,0,0,0,0,0,0,0,0,0,0,0,0,0,0,0,0
Galois Benchmark Suite v2.2.1 (r0)
Copyright (C) 2014 The University of Texas at Austin
http://iss.ices.utexas.edu/galois/

application: Delaunay Mesh Refinement
Refines a Delaunay triangulation mesh such that no angle in the mesh is less than 30 degrees
http://iss.ices.utexas.edu/?p=projects/galois/benchmarks/delaunay_mesh_refinement

INFO: CommandLine ./delaunayrefinement -t 44 /home/users/kkazatzis/Galois-2.2.1/inputs/meshes/r10k.1
INFO: Hostname broady
Using bin for node
Using bin for ele
Using bin for poly
configuration: 20004 total triangles, 9775 bad triangles
Total Time: 0.31
79928 total triangles
Refinement OK
STATTYPE,LOOP,CATEGORY,n,sum,T0,T1,T2,T3,T4,T5,T6,T7,T8,T9,T10,T11,T12,T13,T14,T15,T16,T17,T18,T19,T20,T21,T22,T23,T24,T25,T26,T27,T28,T29,T30,T31,T32,T33,T34,T35,T36,T37,T38,T39,T40,T41,T42,T43
STAT,(NULL),Conflicts,44,0,0,0,0,0,0,0,0,0,0,0,0,0,0,0,0,0,0,0,0,0,0,0,0,0,0,0,0,0,0,0,0,0,0,0,0,0,0,0,0,0,0,0,0,0
STAT,(NULL),Iterations,44,9775,191,287,191,223,255,159,287,126,254,158,286,222,286,254,222,254,254,158,318,286,158,158,286,222,126,94,158,222,222,318,286,222,254,190,222,158,190,286,254,286,222,190,222,158
STAT,(NULL),MeminfoMid,44,968,22,22,22,22,22,22,22,22,22,22,22,22,22,22,22,22,22,22,22,22,22,22,22,22,22,22,22,22,22,22,22,22,22,22,22,22,22,22,22,22,22,22,22,22
STAT,(NULL),MeminfoPost,44,968,22,22,22,22,22,22,22,22,22,22,22,22,22,22,22,22,22,22,22,22,22,22,22,22,22,22,22,22,22,22,22,22,22,22,22,22,22,22,22,22,22,22,22,22
STAT,(NULL),MeminfoPre1,44,88,2,2,2,2,2,2,2,2,2,2,2,2,2,2,2,2,2,2,2,2,2,2,2,2,2,2,2,2,2,2,2,2,2,2,2,2,2,2,2,2,2,2,2,2
STAT,(NULL),MeminfoPre2,44,968,22,22,22,22,22,22,22,22,22,22,22,22,22,22,22,22,22,22,22,22,22,22,22,22,22,22,22,22,22,22,22,22,22,22,22,22,22,22,22,22,22,22,22,22
STAT,(NULL),OuterRoundsExecuted,44,4,4,0,0,0,0,0,0,0,0,0,0,0,0,0,0,0,0,0,0,0,0,0,0,0,0,0,0,0,0,0,0,0,0,0,0,0,0,0,0,0,0,0,0,0
STAT,(NULL),RoundsExecuted,44,4,4,0,0,0,0,0,0,0,0,0,0,0,0,0,0,0,0,0,0,0,0,0,0,0,0,0,0,0,0,0,0,0,0,0,0,0,0,0,0,0,0,0,0,0
STAT,(NULL),Threads,44,44,44,0,0,0,0,0,0,0,0,0,0,0,0,0,0,0,0,0,0,0,0,0,0,0,0,0,0,0,0,0,0,0,0,0,0,0,0,0,0,0,0,0,0,0
STAT,(NULL),Time,44,7,7,0,0,0,0,0,0,0,0,0,0,0,0,0,0,0,0,0,0,0,0,0,0,0,0,0,0,0,0,0,0,0,0,0,0,0,0,0,0,0,0,0,0,0
STAT,(NULL),refine,44,7,7,0,0,0,0,0,0,0,0,0,0,0,0,0,0,0,0,0,0,0,0,0,0,0,0,0,0,0,0,0,0,0,0,0,0,0,0,0,0,0,0,0,0,0
STAT,allocate,LoopTime,44,52,52,0,0,0,0,0,0,0,0,0,0,0,0,0,0,0,0,0,0,0,0,0,0,0,0,0,0,0,0,0,0,0,0,0,0,0,0,0,0,0,0,0,0,0
STAT,count_if,LoopTime,44,17,17,0,0,0,0,0,0,0,0,0,0,0,0,0,0,0,0,0,0,0,0,0,0,0,0,0,0,0,0,0,0,0,0,0,0,0,0,0,0,0,0,0,0,0
STAT,refine,Conflicts,44,650,8,2,33,1,16,9,7,15,6,3,56,14,4,74,0,0,18,1,0,3,22,6,7,18,3,43,9,3,18,66,21,5,8,0,7,16,6,2,0,2,61,13,29,15
STAT,refine,Iterations,44,52915,1122,1244,1122,999,1067,1097,1166,1126,1186,1079,1239,1164,1116,1234,1129,1035,1209,1049,1108,1090,1142,1098,1227,1336,1286,1337,1197,1230,1271,1362,1173,1300,1389,1314,1212,1290,1247,1280,1252,1216,1353,1133,1392,1297
STAT,refine,LoopTime,44,6,6,0,0,0,0,0,0,0,0,0,0,0,0,0,0,0,0,0,0,0,0,0,0,0,0,0,0,0,0,0,0,0,0,0,0,0,0,0,0,0,0,0,0,0

