Galois Benchmark Suite v2.2.1 (r0)
Copyright (C) 2014 The University of Texas at Austin
http://iss.ices.utexas.edu/galois/

application: Delaunay Triangulation
Produces a Delaunay triangulation for a set of points
http://iss.ices.utexas.edu/?p=projects/galois/benchmarks/delaunay_triangulation

INFO: CommandLine ./delaunaytriangulation_galois -t 1 /home/users/kkazatzis/Galois-2.2.1/inputs/meshes/r250k.node
INFO: Hostname broady
configuration: 250003 points
Number of aborts: 15
mesh size: 500004
Triangulation OK
STATTYPE,LOOP,CATEGORY,n,sum,T0
STAT,(NULL),Conflicts,1,0,0
STAT,(NULL),Iterations,1,250000,250000
STAT,(NULL),LoopTime,1,1089,1089
STAT,(NULL),MeminfoPost,1,185,185
STAT,(NULL),MeminfoPre,1,185,185
STAT,(NULL),Threads,1,1,1
STAT,(NULL),Time,1,1086,1086
Galois Benchmark Suite v2.2.1 (r0)
Copyright (C) 2014 The University of Texas at Austin
http://iss.ices.utexas.edu/galois/

application: Delaunay Triangulation
Produces a Delaunay triangulation for a set of points
http://iss.ices.utexas.edu/?p=projects/galois/benchmarks/delaunay_triangulation

INFO: CommandLine ./delaunaytriangulation_galois -t 2 /home/users/kkazatzis/Galois-2.2.1/inputs/meshes/r250k.node
INFO: Hostname broady
configuration: 250003 points
Number of aborts: 15
mesh size: 500004
Triangulation OK
STATTYPE,LOOP,CATEGORY,n,sum,T0,T1
STAT,(NULL),Conflicts,2,906,470,436
STAT,(NULL),Iterations,2,250906,126205,124701
STAT,(NULL),LoopTime,2,615,615,0
STAT,(NULL),MeminfoPost,2,188,94,94
STAT,(NULL),MeminfoPre,2,188,94,94
STAT,(NULL),Threads,2,2,2,0
STAT,(NULL),Time,2,613,613,0
Galois Benchmark Suite v2.2.1 (r0)
Copyright (C) 2014 The University of Texas at Austin
http://iss.ices.utexas.edu/galois/

application: Delaunay Triangulation
Produces a Delaunay triangulation for a set of points
http://iss.ices.utexas.edu/?p=projects/galois/benchmarks/delaunay_triangulation

INFO: CommandLine ./delaunaytriangulation_galois -t 4 /home/users/kkazatzis/Galois-2.2.1/inputs/meshes/r250k.node
INFO: Hostname broady
configuration: 250003 points
Number of aborts: 15
mesh size: 500004
Triangulation OK
STATTYPE,LOOP,CATEGORY,n,sum,T0,T1,T2,T3
STAT,(NULL),Conflicts,4,3475,773,1065,1096,541
STAT,(NULL),Iterations,4,253475,61919,64270,64081,63205
STAT,(NULL),LoopTime,4,311,311,0,0,0
STAT,(NULL),MeminfoPost,4,192,48,48,48,48
STAT,(NULL),MeminfoPre,4,192,48,48,48,48
STAT,(NULL),Threads,4,4,4,0,0,0
STAT,(NULL),Time,4,310,310,0,0,0
Galois Benchmark Suite v2.2.1 (r0)
Copyright (C) 2014 The University of Texas at Austin
http://iss.ices.utexas.edu/galois/

application: Delaunay Triangulation
Produces a Delaunay triangulation for a set of points
http://iss.ices.utexas.edu/?p=projects/galois/benchmarks/delaunay_triangulation

INFO: CommandLine ./delaunaytriangulation_galois -t 8 /home/users/kkazatzis/Galois-2.2.1/inputs/meshes/r250k.node
INFO: Hostname broady
configuration: 250003 points
Number of aborts: 15
mesh size: 500004
Triangulation OK
STATTYPE,LOOP,CATEGORY,n,sum,T0,T1,T2,T3,T4,T5,T6,T7
STAT,(NULL),Conflicts,8,9359,955,445,1209,1386,1308,1042,1573,1441
STAT,(NULL),Iterations,8,259359,31216,31565,32921,32689,32826,32422,32655,33065
STAT,(NULL),LoopTime,8,155,155,0,0,0,0,0,0,0
STAT,(NULL),MeminfoPost,8,200,25,25,25,25,25,25,25,25
STAT,(NULL),MeminfoPre,8,200,25,25,25,25,25,25,25,25
STAT,(NULL),Threads,8,8,8,0,0,0,0,0,0,0
STAT,(NULL),Time,8,155,155,0,0,0,0,0,0,0
Galois Benchmark Suite v2.2.1 (r0)
Copyright (C) 2014 The University of Texas at Austin
http://iss.ices.utexas.edu/galois/

application: Delaunay Triangulation
Produces a Delaunay triangulation for a set of points
http://iss.ices.utexas.edu/?p=projects/galois/benchmarks/delaunay_triangulation

INFO: CommandLine ./delaunaytriangulation_galois -t 16 /home/users/kkazatzis/Galois-2.2.1/inputs/meshes/r250k.node
INFO: Hostname broady
configuration: 250003 points
Number of aborts: 15
mesh size: 500004
Triangulation OK
STATTYPE,LOOP,CATEGORY,n,sum,T0,T1,T2,T3,T4,T5,T6,T7,T8,T9,T10,T11,T12,T13,T14,T15
STAT,(NULL),Conflicts,16,150448,9997,9533,7555,8217,6786,8437,9259,9655,6905,7562,9506,8902,11790,12195,11698,12451
STAT,(NULL),Iterations,16,400448,22797,23977,23386,25605,21902,23552,28996,27749,22313,22932,24600,24309,26969,27104,26731,27526
STAT,(NULL),LoopTime,16,105,105,0,0,0,0,0,0,0,0,0,0,0,0,0,0,0
STAT,(NULL),MeminfoPost,16,226,14,14,14,14,14,14,15,15,14,14,14,14,14,14,14,14
STAT,(NULL),MeminfoPre,16,224,14,14,14,14,14,14,14,14,14,14,14,14,14,14,14,14
STAT,(NULL),Threads,16,16,16,0,0,0,0,0,0,0,0,0,0,0,0,0,0,0
STAT,(NULL),Time,16,105,105,0,0,0,0,0,0,0,0,0,0,0,0,0,0,0
Galois Benchmark Suite v2.2.1 (r0)
Copyright (C) 2014 The University of Texas at Austin
http://iss.ices.utexas.edu/galois/

application: Delaunay Triangulation
Produces a Delaunay triangulation for a set of points
http://iss.ices.utexas.edu/?p=projects/galois/benchmarks/delaunay_triangulation

INFO: CommandLine ./delaunaytriangulation_galois -t 24 /home/users/kkazatzis/Galois-2.2.1/inputs/meshes/r250k.node
INFO: Hostname broady
configuration: 250003 points
Number of aborts: 15
mesh size: 500004
Triangulation OK
STATTYPE,LOOP,CATEGORY,n,sum,T0,T1,T2,T3,T4,T5,T6,T7,T8,T9,T10,T11,T12,T13,T14,T15,T16,T17,T18,T19,T20,T21,T22,T23
STAT,(NULL),Conflicts,24,288165,6322,7536,10390,12980,3434,4798,10404,8408,12675,15142,18036,22645,21363,21407,14899,11845,12882,17071,7338,10735,18895,14263,2199,2498
STAT,(NULL),Iterations,24,538165,12362,19483,20667,25060,15618,18970,27625,20263,27734,27438,34821,31013,30129,30841,22123,19468,20462,24561,15056,18592,28359,22374,12350,12796
STAT,(NULL),LoopTime,24,103,103,0,0,0,0,0,0,0,0,0,0,0,0,0,0,0,0,0,0,0,0,0,0,0
STAT,(NULL),MeminfoPost,24,269,10,12,11,12,12,13,14,12,13,12,14,10,10,11,10,10,10,10,10,10,11,10,11,11
STAT,(NULL),MeminfoPre,24,240,10,10,10,10,10,10,10,10,10,10,10,10,10,10,10,10,10,10,10,10,10,10,10,10
STAT,(NULL),Threads,24,24,24,0,0,0,0,0,0,0,0,0,0,0,0,0,0,0,0,0,0,0,0,0,0,0
STAT,(NULL),Time,24,103,103,0,0,0,0,0,0,0,0,0,0,0,0,0,0,0,0,0,0,0,0,0,0,0
Galois Benchmark Suite v2.2.1 (r0)
Copyright (C) 2014 The University of Texas at Austin
http://iss.ices.utexas.edu/galois/

application: Delaunay Triangulation
Produces a Delaunay triangulation for a set of points
http://iss.ices.utexas.edu/?p=projects/galois/benchmarks/delaunay_triangulation

INFO: CommandLine ./delaunaytriangulation_galois -t 32 /home/users/kkazatzis/Galois-2.2.1/inputs/meshes/r250k.node
INFO: Hostname broady
configuration: 250003 points
Number of aborts: 15
mesh size: 500004
Triangulation OK
STATTYPE,LOOP,CATEGORY,n,sum,T0,T1,T2,T3,T4,T5,T6,T7,T8,T9,T10,T11,T12,T13,T14,T15,T16,T17,T18,T19,T20,T21,T22,T23,T24,T25,T26,T27,T28,T29,T30,T31
STAT,(NULL),Conflicts,32,455118,9328,4567,20691,19484,20183,18546,14958,11957,13637,13262,12694,18307,18442,18757,19314,18362,17955,17659,17551,17824,15606,15670,18588,14335,8433,5929,7103,17506,13223,4030,7698,3519
STAT,(NULL),Iterations,32,705118,18035,13180,34092,29758,30188,29877,27280,23612,25316,24796,23290,23729,23832,24169,24763,23575,23100,22708,22573,22947,20362,20424,27887,23040,18645,14329,13670,25974,18710,9319,12835,9103
STAT,(NULL),LoopTime,32,106,106,0,0,0,0,0,0,0,0,0,0,0,0,0,0,0,0,0,0,0,0,0,0,0,0,0,0,0,0,0,0,0
STAT,(NULL),MeminfoPost,32,320,10,10,12,11,11,11,12,12,12,12,11,9,9,9,9,9,9,9,9,9,9,9,11,10,11,10,9,10,9,9,9,9
STAT,(NULL),MeminfoPre,32,256,8,8,8,8,8,8,8,8,8,8,8,8,8,8,8,8,8,8,8,8,8,8,8,8,8,8,8,8,8,8,8,8
STAT,(NULL),Threads,32,32,32,0,0,0,0,0,0,0,0,0,0,0,0,0,0,0,0,0,0,0,0,0,0,0,0,0,0,0,0,0,0,0
STAT,(NULL),Time,32,106,106,0,0,0,0,0,0,0,0,0,0,0,0,0,0,0,0,0,0,0,0,0,0,0,0,0,0,0,0,0,0,0
Galois Benchmark Suite v2.2.1 (r0)
Copyright (C) 2014 The University of Texas at Austin
http://iss.ices.utexas.edu/galois/

application: Delaunay Triangulation
Produces a Delaunay triangulation for a set of points
http://iss.ices.utexas.edu/?p=projects/galois/benchmarks/delaunay_triangulation

INFO: CommandLine ./delaunaytriangulation_galois -t 40 /home/users/kkazatzis/Galois-2.2.1/inputs/meshes/r250k.node
INFO: Hostname broady
configuration: 250003 points
Number of aborts: 15
mesh size: 500004
Triangulation OK
STATTYPE,LOOP,CATEGORY,n,sum,T0,T1,T2,T3,T4,T5,T6,T7,T8,T9,T10,T11,T12,T13,T14,T15,T16,T17,T18,T19,T20,T21,T22,T23,T24,T25,T26,T27,T28,T29,T30,T31,T32,T33,T34,T35,T36,T37,T38,T39
STAT,(NULL),Conflicts,40,499532,10772,5619,8766,16109,16812,14797,13120,11507,12472,11603,10433,15018,14135,14703,14448,14475,14499,14852,14852,15401,13140,13805,15324,13139,13343,11415,10995,16141,14509,10431,7574,15881,15071,15789,14767,12281,6344,6482,6115,2593
STAT,(NULL),Iterations,40,749532,16314,11928,17049,25050,25620,23843,23034,21103,22404,21408,19632,19687,18442,19011,18623,18737,18565,19160,19299,19703,16567,17429,22707,22104,21581,19042,19484,27865,25339,16801,12202,21278,20271,21355,20067,16468,8775,9047,8362,4176
STAT,(NULL),LoopTime,40,106,106,0,0,0,0,0,0,0,0,0,0,0,0,0,0,0,0,0,0,0,0,0,0,0,0,0,0,0,0,0,0,0,0,0,0,0,0,0,0,0
STAT,(NULL),MeminfoPost,40,366,9,9,10,10,10,10,11,11,11,11,11,9,8,8,8,8,8,8,8,8,8,8,10,10,10,10,10,12,11,9,8,9,9,9,9,8,8,8,7,7
STAT,(NULL),MeminfoPre,40,280,7,7,7,7,7,7,7,7,7,7,7,7,7,7,7,7,7,7,7,7,7,7,7,7,7,7,7,7,7,7,7,7,7,7,7,7,7,7,7,7
STAT,(NULL),Threads,40,40,40,0,0,0,0,0,0,0,0,0,0,0,0,0,0,0,0,0,0,0,0,0,0,0,0,0,0,0,0,0,0,0,0,0,0,0,0,0,0,0
STAT,(NULL),Time,40,105,105,0,0,0,0,0,0,0,0,0,0,0,0,0,0,0,0,0,0,0,0,0,0,0,0,0,0,0,0,0,0,0,0,0,0,0,0,0,0,0
Galois Benchmark Suite v2.2.1 (r0)
Copyright (C) 2014 The University of Texas at Austin
http://iss.ices.utexas.edu/galois/

application: Delaunay Triangulation
Produces a Delaunay triangulation for a set of points
http://iss.ices.utexas.edu/?p=projects/galois/benchmarks/delaunay_triangulation

INFO: CommandLine ./delaunaytriangulation_galois -t 44 /home/users/kkazatzis/Galois-2.2.1/inputs/meshes/r250k.node
INFO: Hostname broady
configuration: 250003 points
Number of aborts: 15
mesh size: 500004
Triangulation OK
STATTYPE,LOOP,CATEGORY,n,sum,T0,T1,T2,T3,T4,T5,T6,T7,T8,T9,T10,T11,T12,T13,T14,T15,T16,T17,T18,T19,T20,T21,T22,T23,T24,T25,T26,T27,T28,T29,T30,T31,T32,T33,T34,T35,T36,T37,T38,T39,T40,T41,T42,T43
STAT,(NULL),Conflicts,44,478877,4080,5747,4315,15210,13896,11997,10177,9894,2325,6483,3174,12979,12196,12015,12852,11967,13740,13454,12532,12437,12306,12570,14213,12072,11874,12348,13627,10014,8582,7480,8804,8970,6314,13453,12276,12896,12476,12110,13128,12425,11964,12492,12446,12567
STAT,(NULL),Iterations,44,728877,10067,11831,11299,23579,20019,19410,18875,18790,9509,14208,10324,17716,16404,16097,16923,15939,18270,17854,16706,16573,16564,16784,20736,20045,19797,18593,20591,16845,16564,14909,17064,16916,13681,17613,15824,16594,16158,15779,16954,16082,15564,16274,16199,16354
STAT,(NULL),LoopTime,44,99,99,0,0,0,0,0,0,0,0,0,0,0,0,0,0,0,0,0,0,0,0,0,0,0,0,0,0,0,0,0,0,0,0,0,0,0,0,0,0,0,0,0,0,0
STAT,(NULL),MeminfoPost,44,390,9,9,10,10,9,10,10,10,10,10,10,9,8,8,8,8,8,8,8,8,8,8,9,10,10,9,9,9,10,10,10,10,10,8,8,8,8,8,8,8,8,8,8,8
STAT,(NULL),MeminfoPre,44,308,7,7,7,7,7,7,7,7,7,7,7,7,7,7,7,7,7,7,7,7,7,7,7,7,7,7,7,7,7,7,7,7,7,7,7,7,7,7,7,7,7,7,7,7
STAT,(NULL),Threads,44,44,44,0,0,0,0,0,0,0,0,0,0,0,0,0,0,0,0,0,0,0,0,0,0,0,0,0,0,0,0,0,0,0,0,0,0,0,0,0,0,0,0,0,0,0
STAT,(NULL),Time,44,98,98,0,0,0,0,0,0,0,0,0,0,0,0,0,0,0,0,0,0,0,0,0,0,0,0,0,0,0,0,0,0,0,0,0,0,0,0,0,0,0,0,0,0,0
Galois Benchmark Suite v2.2.1 (r0)
Copyright (C) 2014 The University of Texas at Austin
http://iss.ices.utexas.edu/galois/

application: Delaunay Triangulation
Produces a Delaunay triangulation for a set of points
http://iss.ices.utexas.edu/?p=projects/galois/benchmarks/delaunay_triangulation

INFO: CommandLine ./delaunaytriangulation_galois -t 88 /home/users/kkazatzis/Galois-2.2.1/inputs/meshes/r250k.node
INFO: Hostname broady
configuration: 250003 points
Number of aborts: 15
mesh size: 500004
Triangulation OK
STATTYPE,LOOP,CATEGORY,n,sum,T0,T1,T2,T3,T4,T5,T6,T7,T8,T9,T10,T11,T12,T13,T14,T15,T16,T17,T18,T19,T20,T21,T22,T23,T24,T25,T26,T27,T28,T29,T30,T31,T32,T33,T34,T35,T36,T37,T38,T39,T40,T41,T42,T43,T44,T45,T46,T47,T48,T49,T50,T51,T52,T53,T54,T55,T56,T57,T58,T59,T60,T61,T62,T63,T64,T65,T66,T67,T68,T69,T70,T71,T72,T73,T74,T75,T76,T77,T78,T79,T80,T81,T82,T83,T84,T85,T86,T87
STAT,(NULL),Conflicts,88,1236013,23012,26149,25786,32076,26069,27549,29130,30223,27683,29903,28650,17163,15531,15531,15819,15435,15723,15531,15723,15435,15147,15531,20311,21781,22429,25114,23314,17579,17555,17166,17427,17713,18129,11019,5835,6027,5835,5835,5835,6411,6411,6315,6987,6507,15631,17231,16578,17903,15245,16079,16943,15951,16207,17132,16189,9386,5259,5067,4875,4971,5259,5067,4971,4875,5259,4587,9483,9099,11211,10923,10539,11018,11787,11499,8907,9387,9771,10347,10827,10731,9675,9675,10635,10347,13035,4104,10923,11091
STAT,(NULL),Iterations,88,1486013,38026,39428,39354,52491,46236,39981,29711,30223,30798,29967,29645,17163,15531,15531,15819,15435,15723,15531,15723,15435,15147,15531,39052,48325,46090,54981,53138,36920,17555,17203,17427,17715,18130,11019,5835,6027,5835,5835,5835,6411,6411,6315,6987,6507,15631,17231,17132,17903,15247,16079,16943,15951,16847,17165,17309,9387,5259,5067,4875,4971,5259,5067,4971,4875,5259,4587,9483,9099,11211,10923,10539,11019,11787,11499,8907,9387,9771,10347,10827,10731,9675,9675,10635,10347,13035,4105,10923,11091
STAT,(NULL),LoopTime,88,272,272,0,0,0,0,0,0,0,0,0,0,0,0,0,0,0,0,0,0,0,0,0,0,0,0,0,0,0,0,0,0,0,0,0,0,0,0,0,0,0,0,0,0,0,0,0,0,0,0,0,0,0,0,0,0,0,0,0,0,0,0,0,0,0,0,0,0,0,0,0,0,0,0,0,0,0,0,0,0,0,0,0,0,0,0,0,0,0
STAT,(NULL),MeminfoPost,88,596,13,12,12,15,15,12,7,5,8,7,7,5,5,5,5,5,5,5,5,5,5,5,15,18,17,20,21,15,5,7,5,7,7,5,5,5,5,5,5,5,5,5,5,5,5,5,7,5,7,5,5,5,7,7,7,7,5,5,5,5,5,5,5,5,5,5,5,5,5,5,5,7,5,5,5,5,5,5,5,5,5,5,5,5,5,7,5,5
STAT,(NULL),MeminfoPre,88,440,5,5,5,5,5,5,5,5,5,5,5,5,5,5,5,5,5,5,5,5,5,5,5,5,5,5,5,5,5,5,5,5,5,5,5,5,5,5,5,5,5,5,5,5,5,5,5,5,5,5,5,5,5,5,5,5,5,5,5,5,5,5,5,5,5,5,5,5,5,5,5,5,5,5,5,5,5,5,5,5,5,5,5,5,5,5,5,5
STAT,(NULL),Threads,88,88,88,0,0,0,0,0,0,0,0,0,0,0,0,0,0,0,0,0,0,0,0,0,0,0,0,0,0,0,0,0,0,0,0,0,0,0,0,0,0,0,0,0,0,0,0,0,0,0,0,0,0,0,0,0,0,0,0,0,0,0,0,0,0,0,0,0,0,0,0,0,0,0,0,0,0,0,0,0,0,0,0,0,0,0,0,0,0,0
STAT,(NULL),Time,88,271,271,0,0,0,0,0,0,0,0,0,0,0,0,0,0,0,0,0,0,0,0,0,0,0,0,0,0,0,0,0,0,0,0,0,0,0,0,0,0,0,0,0,0,0,0,0,0,0,0,0,0,0,0,0,0,0,0,0,0,0,0,0,0,0,0,0,0,0,0,0,0,0,0,0,0,0,0,0,0,0,0,0,0,0,0,0,0,0
