Galois Benchmark Suite v2.2.1 (r0)
Copyright (C) 2014 The University of Texas at Austin
http://iss.ices.utexas.edu/galois/

application: Delaunay Triangulation
Produces a Delaunay triangulation for a set of points
http://iss.ices.utexas.edu/?p=projects/galois/benchmarks/delaunay_triangulation

INFO: CommandLine ./delaunaytriangulation -t 1 /home/users/kkazatzis/Galois-2.2.1/inputs/meshes/r250k.node
INFO: Hostname haci3
configuration: 250003 points
mesh size: 500004
Triangulation OK
STATTYPE,LOOP,CATEGORY,n,sum,T0
STAT,(NULL),Conflicts,1,0,0
STAT,(NULL),Iterations,1,250000,250000
STAT,(NULL),LoopTime,1,568,568
STAT,(NULL),MeminfoPost,1,185,185
STAT,(NULL),MeminfoPre,1,185,185
STAT,(NULL),Threads,1,1,1
STAT,(NULL),Time,1,565,565
Galois Benchmark Suite v2.2.1 (r0)
Copyright (C) 2014 The University of Texas at Austin
http://iss.ices.utexas.edu/galois/

application: Delaunay Triangulation
Produces a Delaunay triangulation for a set of points
http://iss.ices.utexas.edu/?p=projects/galois/benchmarks/delaunay_triangulation

INFO: CommandLine ./delaunaytriangulation -t 2 /home/users/kkazatzis/Galois-2.2.1/inputs/meshes/r250k.node
INFO: Hostname haci3
configuration: 250003 points
mesh size: 500004
Triangulation OK
STATTYPE,LOOP,CATEGORY,n,sum,T0,T1
STAT,(NULL),Conflicts,2,549,349,200
STAT,(NULL),Iterations,2,250549,136609,113940
STAT,(NULL),LoopTime,2,356,356,0
STAT,(NULL),MeminfoPost,2,188,94,94
STAT,(NULL),MeminfoPre,2,188,94,94
STAT,(NULL),Threads,2,2,2,0
STAT,(NULL),Time,2,354,354,0
Galois Benchmark Suite v2.2.1 (r0)
Copyright (C) 2014 The University of Texas at Austin
http://iss.ices.utexas.edu/galois/

application: Delaunay Triangulation
Produces a Delaunay triangulation for a set of points
http://iss.ices.utexas.edu/?p=projects/galois/benchmarks/delaunay_triangulation

INFO: CommandLine ./delaunaytriangulation -t 4 /home/users/kkazatzis/Galois-2.2.1/inputs/meshes/r250k.node
INFO: Hostname haci3
configuration: 250003 points
mesh size: 500004
Triangulation OK
STATTYPE,LOOP,CATEGORY,n,sum,T0,T1,T2,T3
STAT,(NULL),Conflicts,4,2567,655,787,821,304
STAT,(NULL),Iterations,4,252567,64860,62509,63813,61385
STAT,(NULL),LoopTime,4,181,181,0,0,0
STAT,(NULL),MeminfoPost,4,192,48,48,48,48
STAT,(NULL),MeminfoPre,4,192,48,48,48,48
STAT,(NULL),Threads,4,4,4,0,0,0
STAT,(NULL),Time,4,179,179,0,0,0
Galois Benchmark Suite v2.2.1 (r0)
Copyright (C) 2014 The University of Texas at Austin
http://iss.ices.utexas.edu/galois/

application: Delaunay Triangulation
Produces a Delaunay triangulation for a set of points
http://iss.ices.utexas.edu/?p=projects/galois/benchmarks/delaunay_triangulation

INFO: CommandLine ./delaunaytriangulation -t 8 /home/users/kkazatzis/Galois-2.2.1/inputs/meshes/r250k.node
INFO: Hostname haci3
configuration: 250003 points
mesh size: 500004
Triangulation OK
STATTYPE,LOOP,CATEGORY,n,sum,T0,T1,T2,T3,T4,T5,T6,T7
STAT,(NULL),Conflicts,8,9720,740,494,1197,881,1722,1734,1405,1547
STAT,(NULL),Iterations,8,259720,33597,31255,32467,31689,32778,32851,32550,32533
STAT,(NULL),LoopTime,8,97,97,0,0,0,0,0,0,0
STAT,(NULL),MeminfoPost,8,200,25,25,25,25,25,25,25,25
STAT,(NULL),MeminfoPre,8,200,25,25,25,25,25,25,25,25
STAT,(NULL),Threads,8,8,8,0,0,0,0,0,0,0
STAT,(NULL),Time,8,96,96,0,0,0,0,0,0,0
Galois Benchmark Suite v2.2.1 (r0)
Copyright (C) 2014 The University of Texas at Austin
http://iss.ices.utexas.edu/galois/

application: Delaunay Triangulation
Produces a Delaunay triangulation for a set of points
http://iss.ices.utexas.edu/?p=projects/galois/benchmarks/delaunay_triangulation

INFO: CommandLine ./delaunaytriangulation -t 16 /home/users/kkazatzis/Galois-2.2.1/inputs/meshes/r250k.node
INFO: Hostname haci3
configuration: 250003 points
mesh size: 500004
Triangulation OK
STATTYPE,LOOP,CATEGORY,n,sum,T0,T1,T2,T3,T4,T5,T6,T7,T8,T9,T10,T11,T12,T13,T14,T15
STAT,(NULL),Conflicts,16,222786,13505,10730,14066,4096,19511,13718,9872,20335,24531,25530,23542,21735,4294,12221,2915,2185
STAT,(NULL),Iterations,16,472786,26570,24088,33698,22557,44576,36636,23166,33262,37548,38078,36268,34604,18080,24874,19354,19427
STAT,(NULL),LoopTime,16,86,86,0,0,0,0,0,0,0,0,0,0,0,0,0,0,0
STAT,(NULL),MeminfoPost,16,233,14,14,15,15,18,17,14,14,14,14,14,14,14,14,14,14
STAT,(NULL),MeminfoPre,16,224,14,14,14,14,14,14,14,14,14,14,14,14,14,14,14,14
STAT,(NULL),Threads,16,16,16,0,0,0,0,0,0,0,0,0,0,0,0,0,0,0
STAT,(NULL),Time,16,86,86,0,0,0,0,0,0,0,0,0,0,0,0,0,0,0
Galois Benchmark Suite v2.2.1 (r0)
Copyright (C) 2014 The University of Texas at Austin
http://iss.ices.utexas.edu/galois/

application: Delaunay Triangulation
Produces a Delaunay triangulation for a set of points
http://iss.ices.utexas.edu/?p=projects/galois/benchmarks/delaunay_triangulation

INFO: CommandLine ./delaunaytriangulation -t 24 /home/users/kkazatzis/Galois-2.2.1/inputs/meshes/r250k.node
INFO: Hostname haci3
configuration: 250003 points
mesh size: 500004
Triangulation OK
STATTYPE,LOOP,CATEGORY,n,sum,T0,T1,T2,T3,T4,T5,T6,T7,T8,T9,T10,T11,T12,T13,T14,T15,T16,T17,T18,T19,T20,T21,T22,T23
STAT,(NULL),Conflicts,24,395615,9836,10650,14065,15204,6058,8197,16660,22972,22873,22935,23879,23437,17991,17574,16532,8501,11314,11789,15660,23997,22651,15711,18369,18760
STAT,(NULL),Iterations,24,645615,19840,22158,22345,29738,20156,24564,32544,32292,31448,31376,33379,31552,24975,24654,23780,16735,26925,27642,32203,33343,31527,22230,25148,25061
STAT,(NULL),LoopTime,24,63,63,0,0,0,0,0,0,0,0,0,0,0,0,0,0,0,0,0,0,0,0,0,0,0
STAT,(NULL),MeminfoPost,24,270,11,12,10,13,13,14,14,11,10,10,11,10,10,10,10,10,13,13,14,11,10,10,10,10
STAT,(NULL),MeminfoPre,24,240,10,10,10,10,10,10,10,10,10,10,10,10,10,10,10,10,10,10,10,10,10,10,10,10
STAT,(NULL),Threads,24,24,24,0,0,0,0,0,0,0,0,0,0,0,0,0,0,0,0,0,0,0,0,0,0,0
STAT,(NULL),Time,24,63,63,0,0,0,0,0,0,0,0,0,0,0,0,0,0,0,0,0,0,0,0,0,0,0
Galois Benchmark Suite v2.2.1 (r0)
Copyright (C) 2014 The University of Texas at Austin
http://iss.ices.utexas.edu/galois/

application: Delaunay Triangulation
Produces a Delaunay triangulation for a set of points
http://iss.ices.utexas.edu/?p=projects/galois/benchmarks/delaunay_triangulation

INFO: CommandLine ./delaunaytriangulation -t 32 /home/users/kkazatzis/Galois-2.2.1/inputs/meshes/r250k.node
INFO: Hostname haci3
configuration: 250003 points
mesh size: 500004
Triangulation OK
STATTYPE,LOOP,CATEGORY,n,sum,T0,T1,T2,T3,T4,T5,T6,T7,T8,T9,T10,T11,T12,T13,T14,T15,T16,T17,T18,T19,T20,T21,T22,T23,T24,T25,T26,T27,T28,T29,T30,T31
STAT,(NULL),Conflicts,32,513092,16060,4335,25761,25140,17518,17310,15786,23128,15582,15192,14741,14653,15056,15648,13111,10612,12348,18764,13651,17760,14990,16790,15542,15430,14351,3850,21682,27610,18435,19986,12901,9369
STAT,(NULL),Iterations,32,763092,25794,15327,39404,40493,29282,28553,27187,29732,19099,18653,18484,18319,18747,19410,27281,24000,20766,29912,24457,27827,30173,21970,20360,20253,19544,5555,28210,35877,23549,25517,16922,12435
STAT,(NULL),LoopTime,32,84,84,0,0,0,0,0,0,0,0,0,0,0,0,0,0,0,0,0,0,0,0,0,0,0,0,0,0,0,0,0,0,0
STAT,(NULL),MeminfoPost,32,317,11,11,12,13,12,11,12,9,8,8,8,8,8,8,13,12,10,11,11,11,13,9,9,9,9,8,9,10,9,9,8,8
STAT,(NULL),MeminfoPre,32,256,8,8,8,8,8,8,8,8,8,8,8,8,8,8,8,8,8,8,8,8,8,8,8,8,8,8,8,8,8,8,8,8
STAT,(NULL),Threads,32,32,32,0,0,0,0,0,0,0,0,0,0,0,0,0,0,0,0,0,0,0,0,0,0,0,0,0,0,0,0,0,0,0
STAT,(NULL),Time,32,84,84,0,0,0,0,0,0,0,0,0,0,0,0,0,0,0,0,0,0,0,0,0,0,0,0,0,0,0,0,0,0,0
Galois Benchmark Suite v2.2.1 (r0)
Copyright (C) 2014 The University of Texas at Austin
http://iss.ices.utexas.edu/galois/

application: Delaunay Triangulation
Produces a Delaunay triangulation for a set of points
http://iss.ices.utexas.edu/?p=projects/galois/benchmarks/delaunay_triangulation

INFO: CommandLine ./delaunaytriangulation -t 40 /home/users/kkazatzis/Galois-2.2.1/inputs/meshes/r250k.node
INFO: Hostname haci3
configuration: 250003 points
mesh size: 500004
Triangulation OK
STATTYPE,LOOP,CATEGORY,n,sum,T0,T1,T2,T3,T4,T5,T6,T7,T8,T9,T10,T11,T12,T13,T14,T15,T16,T17,T18,T19,T20,T21,T22,T23,T24,T25,T26,T27,T28,T29,T30,T31,T32,T33,T34,T35,T36,T37,T38,T39
STAT,(NULL),Conflicts,40,552713,14470,7837,9346,18698,17521,16529,16328,10536,13246,9461,16500,17735,17785,12537,11052,7442,11426,8745,8913,8678,13394,14857,16500,15444,17865,15285,18432,20739,14734,14223,11172,15333,10687,20844,17372,16948,14231,8810,14166,6892
STAT,(NULL),Iterations,40,802713,19978,15686,17816,28835,27708,28736,27363,13820,17058,12473,20514,21999,22455,15657,22118,17866,23599,24451,23886,23357,25600,18498,20189,19460,22137,18814,23075,26493,17403,16698,14364,19442,13717,25411,20924,20380,17205,11297,17541,8690
STAT,(NULL),LoopTime,40,89,89,0,0,0,0,0,0,0,0,0,0,0,0,0,0,0,0,0,0,0,0,0,0,0,0,0,0,0,0,0,0,0,0,0,0,0,0,0,0,0
STAT,(NULL),MeminfoPost,40,369,9,10,10,11,11,12,11,8,8,8,8,8,9,8,11,11,12,13,13,13,12,8,8,8,8,8,9,9,8,8,8,8,8,8,8,8,8,8,8,7
STAT,(NULL),MeminfoPre,40,280,7,7,7,7,7,7,7,7,7,7,7,7,7,7,7,7,7,7,7,7,7,7,7,7,7,7,7,7,7,7,7,7,7,7,7,7,7,7,7,7
STAT,(NULL),Threads,40,40,40,0,0,0,0,0,0,0,0,0,0,0,0,0,0,0,0,0,0,0,0,0,0,0,0,0,0,0,0,0,0,0,0,0,0,0,0,0,0,0
STAT,(NULL),Time,40,89,89,0,0,0,0,0,0,0,0,0,0,0,0,0,0,0,0,0,0,0,0,0,0,0,0,0,0,0,0,0,0,0,0,0,0,0,0,0,0,0
Galois Benchmark Suite v2.2.1 (r0)
Copyright (C) 2014 The University of Texas at Austin
http://iss.ices.utexas.edu/galois/

application: Delaunay Triangulation
Produces a Delaunay triangulation for a set of points
http://iss.ices.utexas.edu/?p=projects/galois/benchmarks/delaunay_triangulation

INFO: CommandLine ./delaunaytriangulation -t 48 /home/users/kkazatzis/Galois-2.2.1/inputs/meshes/r250k.node
INFO: Hostname haci3
configuration: 250003 points
mesh size: 500004
Triangulation OK
STATTYPE,LOOP,CATEGORY,n,sum,T0,T1,T2,T3,T4,T5,T6,T7,T8,T9,T10,T11,T12,T13,T14,T15,T16,T17,T18,T19,T20,T21,T22,T23,T24,T25,T26,T27,T28,T29,T30,T31,T32,T33,T34,T35,T36,T37,T38,T39,T40,T41,T42,T43,T44,T45,T46,T47
STAT,(NULL),Conflicts,48,808209,21128,17403,22534,20820,19509,20524,19027,12651,19851,19947,19755,19369,21675,20715,16596,14124,13071,12405,8077,10262,12809,17067,16395,15819,15819,15915,14571,14379,14814,14136,12655,17643,15531,15627,13611,9003,17830,17456,15420,19371,16203,16107,22635,19755,21291,17305,20651,18948
STAT,(NULL),Iterations,48,1058209,34697,28974,31447,29472,33550,34010,34135,12651,19851,19947,19755,19370,21675,20715,25845,27491,26077,28038,31615,33996,34592,17067,16395,15819,15819,15915,14571,14379,29266,27498,24368,17643,15531,15627,13611,9003,17833,18021,15428,19371,16203,16107,22635,19755,21291,17707,20714,22729
STAT,(NULL),LoopTime,48,136,136,0,0,0,0,0,0,0,0,0,0,0,0,0,0,0,0,0,0,0,0,0,0,0,0,0,0,0,0,0,0,0,0,0,0,0,0,0,0,0,0,0,0,0,0,0,0,0
STAT,(NULL),MeminfoPost,48,410,12,12,10,10,13,12,13,6,6,6,6,7,6,6,10,12,12,13,17,17,16,6,6,6,6,6,6,6,13,12,12,6,6,6,6,6,7,7,7,6,6,6,6,6,6,7,7,8
STAT,(NULL),MeminfoPre,48,288,6,6,6,6,6,6,6,6,6,6,6,6,6,6,6,6,6,6,6,6,6,6,6,6,6,6,6,6,6,6,6,6,6,6,6,6,6,6,6,6,6,6,6,6,6,6,6,6
STAT,(NULL),Threads,48,48,48,0,0,0,0,0,0,0,0,0,0,0,0,0,0,0,0,0,0,0,0,0,0,0,0,0,0,0,0,0,0,0,0,0,0,0,0,0,0,0,0,0,0,0,0,0,0,0
STAT,(NULL),Time,48,136,136,0,0,0,0,0,0,0,0,0,0,0,0,0,0,0,0,0,0,0,0,0,0,0,0,0,0,0,0,0,0,0,0,0,0,0,0,0,0,0,0,0,0,0,0,0,0,0
Galois Benchmark Suite v2.2.1 (r0)
Copyright (C) 2014 The University of Texas at Austin
http://iss.ices.utexas.edu/galois/

application: Delaunay Triangulation
Produces a Delaunay triangulation for a set of points
http://iss.ices.utexas.edu/?p=projects/galois/benchmarks/delaunay_triangulation

INFO: CommandLine ./delaunaytriangulation -t 56 /home/users/kkazatzis/Galois-2.2.1/inputs/meshes/r250k.node
INFO: Hostname haci3
configuration: 250003 points
mesh size: 500004
Triangulation OK
STATTYPE,LOOP,CATEGORY,n,sum,T0,T1,T2,T3,T4,T5,T6,T7,T8,T9,T10,T11,T12,T13,T14,T15,T16,T17,T18,T19,T20,T21,T22,T23,T24,T25,T26,T27,T28,T29,T30,T31,T32,T33,T34,T35,T36,T37,T38,T39,T40,T41,T42,T43,T44,T45,T46,T47,T48,T49,T50,T51,T52,T53,T54,T55
STAT,(NULL),Conflicts,56,870399,22836,21384,23069,21803,22579,21783,21841,19251,16563,16851,16371,15987,17619,17235,12522,12022,12174,13664,6108,9866,10636,9555,7059,12723,12147,11763,11187,11283,12104,12180,16972,13427,15079,13511,12410,21939,13680,13778,12915,13107,13299,13875,12858,13590,15795,24205,14355,14659,21434,13203,14355,18842,15406,22227,21651,21662
STAT,(NULL),Iterations,56,1120399,37001,31961,32399,32115,31895,30660,31579,19251,16563,16851,16371,15987,17619,17235,21179,26056,20301,28279,22728,26828,27700,9555,7059,12723,12147,11763,11187,11283,19410,25294,25599,24550,25304,26949,27504,21939,13682,13779,12915,13107,13299,13875,13392,14193,15795,24299,14355,14739,21459,13203,14355,20118,15409,22227,21651,21723
STAT,(NULL),LoopTime,56,111,111,0,0,0,0,0,0,0,0,0,0,0,0,0,0,0,0,0,0,0,0,0,0,0,0,0,0,0,0,0,0,0,0,0,0,0,0,0,0,0,0,0,0,0,0,0,0,0,0,0,0,0,0,0,0,0
STAT,(NULL),MeminfoPost,56,465,13,11,11,11,11,10,11,6,6,6,6,6,6,6,10,13,10,13,14,14,14,6,6,6,6,6,6,6,10,12,10,11,11,12,13,6,7,7,6,6,6,6,7,7,6,7,6,7,7,6,6,7,7,6,6,7
STAT,(NULL),MeminfoPre,56,336,6,6,6,6,6,6,6,6,6,6,6,6,6,6,6,6,6,6,6,6,6,6,6,6,6,6,6,6,6,6,6,6,6,6,6,6,6,6,6,6,6,6,6,6,6,6,6,6,6,6,6,6,6,6,6,6
STAT,(NULL),Threads,56,56,56,0,0,0,0,0,0,0,0,0,0,0,0,0,0,0,0,0,0,0,0,0,0,0,0,0,0,0,0,0,0,0,0,0,0,0,0,0,0,0,0,0,0,0,0,0,0,0,0,0,0,0,0,0,0,0
STAT,(NULL),Time,56,111,111,0,0,0,0,0,0,0,0,0,0,0,0,0,0,0,0,0,0,0,0,0,0,0,0,0,0,0,0,0,0,0,0,0,0,0,0,0,0,0,0,0,0,0,0,0,0,0,0,0,0,0,0,0,0,0

